/var/lib/condor/execute/dir_35083
LHAPDF 6.3.0 loading /home/taebh/2021_Research/share/LHAPDF/NNPDF31_nnlo_as_0118_mc_hessian_pdfas/NNPDF31_nnlo_as_0118_mc_hessian_pdfas_0000.dat
NNPDF31_nnlo_as_0118_mc_hessian_pdfas PDF set, member #0, version 1
Vegas input parameters:
  ndim 11
  ncomp 1
  epsrel 0
  epsabs 0
  flags 291
  seed 190
  mineval 1
  maxeval 1
  nstart 1000000
  nincrease 500000
  nbatch 1000
  gridno 1
  statefile "vegas_last_iter79"

Iteration 1:  1000000 integrand evaluations so far
[1] 7.06963e-05 +- 2.24621e-06  	chisq 0 (0 df)

Saving state to vegas_last_iter79.
Vegas input parameters:
  ndim 11
  ncomp 1
  epsrel 0
  epsabs 0
  flags 291
  seed 269
  mineval 1
  maxeval 1
  nstart 1000000
  nincrease 500000
  nbatch 1000
  gridno 1
  statefile "vegas_last_iter79"

Restoring state from vegas_last_iter79.

Iteration 2:  2500000 integrand evaluations so far
[1] 7.36693e-05 +- 1.14312e-06  	chisq 2.36423 (1 df)

Saving state to vegas_last_iter79.
Vegas input parameters:
  ndim 11
  ncomp 1
  epsrel 0
  epsabs 0
  flags 291
  seed 348
  mineval 1
  maxeval 1
  nstart 1000000
  nincrease 500000
  nbatch 1000
  gridno 1
  statefile "vegas_last_iter79"

Restoring state from vegas_last_iter79.

Iteration 3:  4500000 integrand evaluations so far
[1] 7.27743e-05 +- 4.07014e-07  	chisq 3.06636 (2 df)

Saving state to vegas_last_iter79.
Vegas input parameters:
  ndim 11
  ncomp 1
  epsrel 0
  epsabs 0
  flags 291
  seed 427
  mineval 1
  maxeval 1
  nstart 1000000
  nincrease 500000
  nbatch 1000
  gridno 1
  statefile "vegas_last_iter79"

Restoring state from vegas_last_iter79.

Iteration 4:  7000000 integrand evaluations so far
[1] 7.30523e-05 +- 2.00944e-07  	chisq 3.68355 (3 df)

Saving state to vegas_last_iter79.
Vegas input parameters:
  ndim 11
  ncomp 1
  epsrel 0
  epsabs 0
  flags 291
  seed 506
  mineval 1
  maxeval 1
  nstart 1000000
  nincrease 500000
  nbatch 1000
  gridno 1
  statefile "vegas_last_iter79"

Restoring state from vegas_last_iter79.

Iteration 5:  10000000 integrand evaluations so far
[1] 7.30083e-05 +- 1.36055e-07  	chisq 3.7722 (4 df)

Saving state to vegas_last_iter79.
Vegas input parameters:
  ndim 11
  ncomp 1
  epsrel 0
  epsabs 0
  flags 291
  seed 585
  mineval 1
  maxeval 1
  nstart 1000000
  nincrease 500000
  nbatch 1000
  gridno 1
  statefile "vegas_last_iter79"

Restoring state from vegas_last_iter79.

Iteration 6:  13500000 integrand evaluations so far
[1] 7.30281e-05 +- 1.02395e-07  	chisq 3.82112 (5 df)

Saving state to vegas_last_iter79.
Vegas input parameters:
  ndim 11
  ncomp 1
  epsrel 0
  epsabs 0
  flags 291
  seed 664
  mineval 1
  maxeval 1
  nstart 1000000
  nincrease 500000
  nbatch 1000
  gridno 1
  statefile "vegas_last_iter79"

Restoring state from vegas_last_iter79.

Iteration 7:  17500000 integrand evaluations so far
[1] 7.30149e-05 +- 8.23578e-08  	chisq 3.86804 (6 df)

Saving state to vegas_last_iter79.
Vegas input parameters:
  ndim 11
  ncomp 1
  epsrel 0
  epsabs 0
  flags 291
  seed 743
  mineval 1
  maxeval 1
  nstart 1000000
  nincrease 500000
  nbatch 1000
  gridno 1
  statefile "vegas_last_iter79"

Restoring state from vegas_last_iter79.

Iteration 8:  22000000 integrand evaluations so far
[1] 7.30116e-05 +- 6.93681e-08  	chisq 3.87362 (7 df)

Saving state to vegas_last_iter79.
Vegas input parameters:
  ndim 11
  ncomp 1
  epsrel 0
  epsabs 0
  flags 291
  seed 822
  mineval 1
  maxeval 1
  nstart 1000000
  nincrease 500000
  nbatch 1000
  gridno 1
  statefile "vegas_last_iter79"

Restoring state from vegas_last_iter79.

Iteration 9:  27000000 integrand evaluations so far
[1] 7.29586e-05 +- 6.01462e-08  	chisq 6.22211 (8 df)

Saving state to vegas_last_iter79.
Vegas input parameters:
  ndim 11
  ncomp 1
  epsrel 0
  epsabs 0
  flags 291
  seed 901
  mineval 1
  maxeval 1
  nstart 1000000
  nincrease 500000
  nbatch 1000
  gridno 1
  statefile "vegas_last_iter79"

Restoring state from vegas_last_iter79.

Iteration 10:  32500000 integrand evaluations so far
[1] 7.28986e-05 +- 5.32718e-08  	chisq 10.8424 (9 df)

Saving state to vegas_last_iter79.
Vegas input parameters:
  ndim 11
  ncomp 1
  epsrel 0
  epsabs 0
  flags 291
  seed 980
  mineval 1
  maxeval 1
  nstart 1000000
  nincrease 500000
  nbatch 1000
  gridno 1
  statefile "vegas_last_iter79"

Restoring state from vegas_last_iter79.

Iteration 11:  38500000 integrand evaluations so far
[1] 7.29061e-05 +- 4.7931e-08  	chisq 10.9457 (10 df)

Saving state to vegas_last_iter79.
Vegas input parameters:
  ndim 11
  ncomp 1
  epsrel 0
  epsabs 0
  flags 291
  seed 1059
  mineval 1
  maxeval 1
  nstart 1000000
  nincrease 500000
  nbatch 1000
  gridno 1
  statefile "vegas_last_iter79"

Restoring state from vegas_last_iter79.

Iteration 12:  45000000 integrand evaluations so far
[1] 7.29101e-05 +- 4.37417e-08  	chisq 10.9877 (11 df)

Saving state to vegas_last_iter79.
Vegas input parameters:
  ndim 11
  ncomp 1
  epsrel 0
  epsabs 0
  flags 291
  seed 1138
  mineval 1
  maxeval 1
  nstart 1000000
  nincrease 500000
  nbatch 1000
  gridno 1
  statefile "vegas_last_iter79"

Restoring state from vegas_last_iter79.

Iteration 13:  52000000 integrand evaluations so far
[1] 7.29068e-05 +- 4.02075e-08  	chisq 11.0257 (12 df)

Saving state to vegas_last_iter79.
Vegas input parameters:
  ndim 11
  ncomp 1
  epsrel 0
  epsabs 0
  flags 291
  seed 1217
  mineval 1
  maxeval 1
  nstart 1000000
  nincrease 500000
  nbatch 1000
  gridno 1
  statefile "vegas_last_iter79"

Restoring state from vegas_last_iter79.

Iteration 14:  59500000 integrand evaluations so far
[1] 7.29229e-05 +- 3.71981e-08  	chisq 12.1372 (13 df)

Saving state to vegas_last_iter79.
Vegas input parameters:
  ndim 11
  ncomp 1
  epsrel 0
  epsabs 0
  flags 291
  seed 1296
  mineval 1
  maxeval 1
  nstart 1000000
  nincrease 500000
  nbatch 1000
  gridno 1
  statefile "vegas_last_iter79"

Restoring state from vegas_last_iter79.

Iteration 15:  67500000 integrand evaluations so far
[1] 7.28981e-05 +- 3.46276e-08  	chisq 15.4565 (14 df)

Saving state to vegas_last_iter79.
Vegas input parameters:
  ndim 11
  ncomp 1
  epsrel 0
  epsabs 0
  flags 291
  seed 1375
  mineval 1
  maxeval 1
  nstart 1000000
  nincrease 500000
  nbatch 1000
  gridno 1
  statefile "vegas_last_iter79"

Restoring state from vegas_last_iter79.

Iteration 16:  76000000 integrand evaluations so far
[1] 7.29094e-05 +- 3.24089e-08  	chisq 16.3121 (15 df)

Saving state to vegas_last_iter79.
Vegas input parameters:
  ndim 11
  ncomp 1
  epsrel 0
  epsabs 0
  flags 291
  seed 1454
  mineval 1
  maxeval 1
  nstart 1000000
  nincrease 500000
  nbatch 1000
  gridno 1
  statefile "vegas_last_iter79"

Restoring state from vegas_last_iter79.

Iteration 17:  85000000 integrand evaluations so far
[1] 7.29032e-05 +- 3.04626e-08  	chisq 16.6272 (16 df)

Saving state to vegas_last_iter79.
Vegas input parameters:
  ndim 11
  ncomp 1
  epsrel 0
  epsabs 0
  flags 291
  seed 1533
  mineval 1
  maxeval 1
  nstart 1000000
  nincrease 500000
  nbatch 1000
  gridno 1
  statefile "vegas_last_iter79"

Restoring state from vegas_last_iter79.

Iteration 18:  94500000 integrand evaluations so far
[1] 7.28937e-05 +- 2.87468e-08  	chisq 17.5093 (17 df)

Saving state to vegas_last_iter79.
Vegas input parameters:
  ndim 11
  ncomp 1
  epsrel 0
  epsabs 0
  flags 291
  seed 1612
  mineval 1
  maxeval 1
  nstart 1000000
  nincrease 500000
  nbatch 1000
  gridno 1
  statefile "vegas_last_iter79"

Restoring state from vegas_last_iter79.

Iteration 19:  104500000 integrand evaluations so far
[1] 7.28838e-05 +- 2.72267e-08  	chisq 18.6617 (18 df)

Saving state to vegas_last_iter79.
Vegas input parameters:
  ndim 11
  ncomp 1
  epsrel 0
  epsabs 0
  flags 291
  seed 1691
  mineval 1
  maxeval 1
  nstart 1000000
  nincrease 500000
  nbatch 1000
  gridno 1
  statefile "vegas_last_iter79"

Restoring state from vegas_last_iter79.

Iteration 20:  115000000 integrand evaluations so far
[1] 7.2873e-05 +- 2.58556e-08  	chisq 20.2779 (19 df)

Saving state to vegas_last_iter79.
Vegas input parameters:
  ndim 11
  ncomp 1
  epsrel 0
  epsabs 0
  flags 291
  seed 1770
  mineval 1
  maxeval 1
  nstart 1000000
  nincrease 500000
  nbatch 1000
  gridno 1
  statefile "vegas_last_iter79"

Restoring state from vegas_last_iter79.

Iteration 21:  126000000 integrand evaluations so far
[1] 7.28862e-05 +- 2.46214e-08  	chisq 23.1161 (20 df)

Saving state to vegas_last_iter79.
Vegas input parameters:
  ndim 11
  ncomp 1
  epsrel 0
  epsabs 0
  flags 291
  seed 1849
  mineval 1
  maxeval 1
  nstart 1000000
  nincrease 500000
  nbatch 1000
  gridno 1
  statefile "vegas_last_iter79"

Restoring state from vegas_last_iter79.

Iteration 22:  137500000 integrand evaluations so far
[1] 7.28952e-05 +- 2.35077e-08  	chisq 24.6089 (21 df)

Saving state to vegas_last_iter79.
Vegas input parameters:
  ndim 11
  ncomp 1
  epsrel 0
  epsabs 0
  flags 291
  seed 1928
  mineval 1
  maxeval 1
  nstart 1000000
  nincrease 500000
  nbatch 1000
  gridno 1
  statefile "vegas_last_iter79"

Restoring state from vegas_last_iter79.

Iteration 23:  149500000 integrand evaluations so far
[1] 7.28951e-05 +- 2.24873e-08  	chisq 24.6093 (22 df)

Saving state to vegas_last_iter79.
Vegas input parameters:
  ndim 11
  ncomp 1
  epsrel 0
  epsabs 0
  flags 291
  seed 2007
  mineval 1
  maxeval 1
  nstart 1000000
  nincrease 500000
  nbatch 1000
  gridno 1
  statefile "vegas_last_iter79"

Restoring state from vegas_last_iter79.

Iteration 24:  162000000 integrand evaluations so far
[1] 7.28947e-05 +- 2.15545e-08  	chisq 24.6121 (23 df)

Saving state to vegas_last_iter79.
Vegas input parameters:
  ndim 11
  ncomp 1
  epsrel 0
  epsabs 0
  flags 291
  seed 2086
  mineval 1
  maxeval 1
  nstart 1000000
  nincrease 500000
  nbatch 1000
  gridno 1
  statefile "vegas_last_iter79"

Restoring state from vegas_last_iter79.

Iteration 25:  175000000 integrand evaluations so far
[1] 7.28884e-05 +- 2.06983e-08  	chisq 25.7195 (24 df)

Saving state to vegas_last_iter79.
Vegas input parameters:
  ndim 11
  ncomp 1
  epsrel 0
  epsabs 0
  flags 291
  seed 2165
  mineval 1
  maxeval 1
  nstart 1000000
  nincrease 500000
  nbatch 1000
  gridno 1
  statefile "vegas_last_iter79"

Restoring state from vegas_last_iter79.

Iteration 26:  188500000 integrand evaluations so far
[1] 7.28924e-05 +- 1.99099e-08  	chisq 26.2125 (25 df)

Saving state to vegas_last_iter79.
Vegas input parameters:
  ndim 11
  ncomp 1
  epsrel 0
  epsabs 0
  flags 291
  seed 2244
  mineval 1
  maxeval 1
  nstart 1000000
  nincrease 500000
  nbatch 1000
  gridno 1
  statefile "vegas_last_iter79"

Restoring state from vegas_last_iter79.

Iteration 27:  202500000 integrand evaluations so far
[1] 7.28941e-05 +- 1.91814e-08  	chisq 26.3201 (26 df)

Saving state to vegas_last_iter79.
Thanks for using LHAPDF 6.3.0. Please make sure to cite the paper:
  Eur.Phys.J. C75 (2015) 3, 132  (http://arxiv.org/abs/1412.7420)
 method   =Vegas  
 nregions =           1
 neval    =   202500000
 fail     =           1
  0.728941068158E-04 +-   0.191814358030E-07   p =    0.499
