/var/lib/condor/execute/dir_9473
LHAPDF 6.3.0 loading /home/taebh/2021_Research/share/LHAPDF/NNPDF31_nnlo_as_0118_mc_hessian_pdfas/NNPDF31_nnlo_as_0118_mc_hessian_pdfas_0000.dat
NNPDF31_nnlo_as_0118_mc_hessian_pdfas PDF set, member #0, version 1
Vegas input parameters:
  ndim 11
  ncomp 1
  epsrel 0
  epsabs 0
  flags 291
  seed 113
  mineval 1
  maxeval 1
  nstart 1000000
  nincrease 500000
  nbatch 1000
  gridno 1
  statefile "vegas_last_iter2"

Iteration 1:  1000000 integrand evaluations so far
[1] 0.00112869 +- 1.90041e-05  	chisq 0 (0 df)

Saving state to vegas_last_iter2.
Vegas input parameters:
  ndim 11
  ncomp 1
  epsrel 0
  epsabs 0
  flags 291
  seed 115
  mineval 1
  maxeval 1
  nstart 1000000
  nincrease 500000
  nbatch 1000
  gridno 1
  statefile "vegas_last_iter2"

Restoring state from vegas_last_iter2.

Iteration 2:  2500000 integrand evaluations so far
[1] 0.00115102 +- 8.5971e-06  	chisq 1.73479 (1 df)

Saving state to vegas_last_iter2.
Vegas input parameters:
  ndim 11
  ncomp 1
  epsrel 0
  epsabs 0
  flags 291
  seed 117
  mineval 1
  maxeval 1
  nstart 1000000
  nincrease 500000
  nbatch 1000
  gridno 1
  statefile "vegas_last_iter2"

Restoring state from vegas_last_iter2.

Iteration 3:  4500000 integrand evaluations so far
[1] 0.00115447 +- 5.01775e-06  	chisq 1.97989 (2 df)

Saving state to vegas_last_iter2.
Vegas input parameters:
  ndim 11
  ncomp 1
  epsrel 0
  epsabs 0
  flags 291
  seed 119
  mineval 1
  maxeval 1
  nstart 1000000
  nincrease 500000
  nbatch 1000
  gridno 1
  statefile "vegas_last_iter2"

Restoring state from vegas_last_iter2.

Iteration 4:  7000000 integrand evaluations so far
[1] 0.00115329 +- 3.41214e-06  	chisq 2.08314 (3 df)

Saving state to vegas_last_iter2.
Vegas input parameters:
  ndim 11
  ncomp 1
  epsrel 0
  epsabs 0
  flags 291
  seed 121
  mineval 1
  maxeval 1
  nstart 1000000
  nincrease 500000
  nbatch 1000
  gridno 1
  statefile "vegas_last_iter2"

Restoring state from vegas_last_iter2.

Iteration 5:  10000000 integrand evaluations so far
[1] 0.00115485 +- 2.46139e-06  	chisq 2.518 (4 df)

Saving state to vegas_last_iter2.
Vegas input parameters:
  ndim 11
  ncomp 1
  epsrel 0
  epsabs 0
  flags 291
  seed 123
  mineval 1
  maxeval 1
  nstart 1000000
  nincrease 500000
  nbatch 1000
  gridno 1
  statefile "vegas_last_iter2"

Restoring state from vegas_last_iter2.

Iteration 6:  13500000 integrand evaluations so far
[1] 0.00115373 +- 1.90753e-06  	chisq 3.03289 (5 df)

Saving state to vegas_last_iter2.
Vegas input parameters:
  ndim 11
  ncomp 1
  epsrel 0
  epsabs 0
  flags 291
  seed 125
  mineval 1
  maxeval 1
  nstart 1000000
  nincrease 500000
  nbatch 1000
  gridno 1
  statefile "vegas_last_iter2"

Restoring state from vegas_last_iter2.

Iteration 7:  17500000 integrand evaluations so far
[1] 0.00115423 +- 1.56578e-06  	chisq 3.24212 (6 df)

Saving state to vegas_last_iter2.
Vegas input parameters:
  ndim 11
  ncomp 1
  epsrel 0
  epsabs 0
  flags 291
  seed 127
  mineval 1
  maxeval 1
  nstart 1000000
  nincrease 500000
  nbatch 1000
  gridno 1
  statefile "vegas_last_iter2"

Restoring state from vegas_last_iter2.

Iteration 8:  22000000 integrand evaluations so far
[1] 0.00115436 +- 1.33204e-06  	chisq 3.26567 (7 df)

Saving state to vegas_last_iter2.
Vegas input parameters:
  ndim 11
  ncomp 1
  epsrel 0
  epsabs 0
  flags 291
  seed 129
  mineval 1
  maxeval 1
  nstart 1000000
  nincrease 500000
  nbatch 1000
  gridno 1
  statefile "vegas_last_iter2"

Restoring state from vegas_last_iter2.

Iteration 9:  27000000 integrand evaluations so far
[1] 0.00115422 +- 1.1656e-06  	chisq 3.30912 (8 df)

Saving state to vegas_last_iter2.
Vegas input parameters:
  ndim 11
  ncomp 1
  epsrel 0
  epsabs 0
  flags 291
  seed 131
  mineval 1
  maxeval 1
  nstart 1000000
  nincrease 500000
  nbatch 1000
  gridno 1
  statefile "vegas_last_iter2"

Restoring state from vegas_last_iter2.

Iteration 10:  32500000 integrand evaluations so far
[1] 0.00115375 +- 1.03981e-06  	chisq 4.10629 (9 df)

Saving state to vegas_last_iter2.
Vegas input parameters:
  ndim 11
  ncomp 1
  epsrel 0
  epsabs 0
  flags 291
  seed 133
  mineval 1
  maxeval 1
  nstart 1000000
  nincrease 500000
  nbatch 1000
  gridno 1
  statefile "vegas_last_iter2"

Restoring state from vegas_last_iter2.

Iteration 11:  38500000 integrand evaluations so far
[1] 0.00115402 +- 9.41542e-07  	chisq 4.47423 (10 df)

Saving state to vegas_last_iter2.
Vegas input parameters:
  ndim 11
  ncomp 1
  epsrel 0
  epsabs 0
  flags 291
  seed 135
  mineval 1
  maxeval 1
  nstart 1000000
  nincrease 500000
  nbatch 1000
  gridno 1
  statefile "vegas_last_iter2"

Restoring state from vegas_last_iter2.

Iteration 12:  45000000 integrand evaluations so far
[1] 0.00115392 +- 8.59734e-07  	chisq 4.54905 (11 df)

Saving state to vegas_last_iter2.
Vegas input parameters:
  ndim 11
  ncomp 1
  epsrel 0
  epsabs 0
  flags 291
  seed 137
  mineval 1
  maxeval 1
  nstart 1000000
  nincrease 500000
  nbatch 1000
  gridno 1
  statefile "vegas_last_iter2"

Restoring state from vegas_last_iter2.

Iteration 13:  52000000 integrand evaluations so far
[1] 0.00115369 +- 7.907e-07  	chisq 5.00387 (12 df)

Saving state to vegas_last_iter2.
Vegas input parameters:
  ndim 11
  ncomp 1
  epsrel 0
  epsabs 0
  flags 291
  seed 139
  mineval 1
  maxeval 1
  nstart 1000000
  nincrease 500000
  nbatch 1000
  gridno 1
  statefile "vegas_last_iter2"

Restoring state from vegas_last_iter2.

Iteration 14:  59500000 integrand evaluations so far
[1] 0.00115317 +- 7.3248e-07  	chisq 8.05723 (13 df)

Saving state to vegas_last_iter2.
Vegas input parameters:
  ndim 11
  ncomp 1
  epsrel 0
  epsabs 0
  flags 291
  seed 141
  mineval 1
  maxeval 1
  nstart 1000000
  nincrease 500000
  nbatch 1000
  gridno 1
  statefile "vegas_last_iter2"

Restoring state from vegas_last_iter2.

Iteration 15:  67500000 integrand evaluations so far
[1] 0.00115312 +- 6.82674e-07  	chisq 8.09171 (14 df)

Saving state to vegas_last_iter2.
Vegas input parameters:
  ndim 11
  ncomp 1
  epsrel 0
  epsabs 0
  flags 291
  seed 143
  mineval 1
  maxeval 1
  nstart 1000000
  nincrease 500000
  nbatch 1000
  gridno 1
  statefile "vegas_last_iter2"

Restoring state from vegas_last_iter2.

Iteration 16:  76000000 integrand evaluations so far
[1] 0.00115292 +- 6.3952e-07  	chisq 8.76653 (15 df)

Saving state to vegas_last_iter2.
Vegas input parameters:
  ndim 11
  ncomp 1
  epsrel 0
  epsabs 0
  flags 291
  seed 145
  mineval 1
  maxeval 1
  nstart 1000000
  nincrease 500000
  nbatch 1000
  gridno 1
  statefile "vegas_last_iter2"

Restoring state from vegas_last_iter2.

Iteration 17:  85000000 integrand evaluations so far
[1] 0.00115291 +- 6.01433e-07  	chisq 8.76848 (16 df)

Saving state to vegas_last_iter2.
Vegas input parameters:
  ndim 11
  ncomp 1
  epsrel 0
  epsabs 0
  flags 291
  seed 147
  mineval 1
  maxeval 1
  nstart 1000000
  nincrease 500000
  nbatch 1000
  gridno 1
  statefile "vegas_last_iter2"

Restoring state from vegas_last_iter2.

Iteration 18:  94500000 integrand evaluations so far
[1] 0.00115306 +- 5.67975e-07  	chisq 9.30997 (17 df)

Saving state to vegas_last_iter2.
Vegas input parameters:
  ndim 11
  ncomp 1
  epsrel 0
  epsabs 0
  flags 291
  seed 149
  mineval 1
  maxeval 1
  nstart 1000000
  nincrease 500000
  nbatch 1000
  gridno 1
  statefile "vegas_last_iter2"

Restoring state from vegas_last_iter2.

Iteration 19:  104500000 integrand evaluations so far
[1] 0.00115326 +- 5.37935e-07  	chisq 10.5028 (18 df)

Saving state to vegas_last_iter2.
Vegas input parameters:
  ndim 11
  ncomp 1
  epsrel 0
  epsabs 0
  flags 291
  seed 151
  mineval 1
  maxeval 1
  nstart 1000000
  nincrease 500000
  nbatch 1000
  gridno 1
  statefile "vegas_last_iter2"

Restoring state from vegas_last_iter2.

Iteration 20:  115000000 integrand evaluations so far
[1] 0.00115291 +- 5.1115e-07  	chisq 14.8788 (19 df)

Saving state to vegas_last_iter2.
Vegas input parameters:
  ndim 11
  ncomp 1
  epsrel 0
  epsabs 0
  flags 291
  seed 153
  mineval 1
  maxeval 1
  nstart 1000000
  nincrease 500000
  nbatch 1000
  gridno 1
  statefile "vegas_last_iter2"

Restoring state from vegas_last_iter2.

Iteration 21:  126000000 integrand evaluations so far
[1] 0.00115327 +- 4.86909e-07  	chisq 20.2479 (20 df)

Saving state to vegas_last_iter2.
Vegas input parameters:
  ndim 11
  ncomp 1
  epsrel 0
  epsabs 0
  flags 291
  seed 155
  mineval 1
  maxeval 1
  nstart 1000000
  nincrease 500000
  nbatch 1000
  gridno 1
  statefile "vegas_last_iter2"

Restoring state from vegas_last_iter2.

Iteration 22:  137500000 integrand evaluations so far
[1] 0.00115373 +- 4.64815e-07  	chisq 30.6105 (21 df)

Saving state to vegas_last_iter2.
Vegas input parameters:
  ndim 11
  ncomp 1
  epsrel 0
  epsabs 0
  flags 291
  seed 157
  mineval 1
  maxeval 1
  nstart 1000000
  nincrease 500000
  nbatch 1000
  gridno 1
  statefile "vegas_last_iter2"

Restoring state from vegas_last_iter2.

Iteration 23:  149500000 integrand evaluations so far
[1] 0.00115387 +- 4.44897e-07  	chisq 31.5644 (22 df)

Saving state to vegas_last_iter2.
Vegas input parameters:
  ndim 11
  ncomp 1
  epsrel 0
  epsabs 0
  flags 291
  seed 159
  mineval 1
  maxeval 1
  nstart 1000000
  nincrease 500000
  nbatch 1000
  gridno 1
  statefile "vegas_last_iter2"

Restoring state from vegas_last_iter2.

Iteration 24:  162000000 integrand evaluations so far
[1] 0.00115388 +- 4.26642e-07  	chisq 31.5772 (23 df)

Saving state to vegas_last_iter2.
Vegas input parameters:
  ndim 11
  ncomp 1
  epsrel 0
  epsabs 0
  flags 291
  seed 161
  mineval 1
  maxeval 1
  nstart 1000000
  nincrease 500000
  nbatch 1000
  gridno 1
  statefile "vegas_last_iter2"

Restoring state from vegas_last_iter2.

Iteration 25:  175000000 integrand evaluations so far
[1] 0.00115375 +- 4.09727e-07  	chisq 32.7519 (24 df)

Saving state to vegas_last_iter2.
Vegas input parameters:
  ndim 11
  ncomp 1
  epsrel 0
  epsabs 0
  flags 291
  seed 163
  mineval 1
  maxeval 1
  nstart 1000000
  nincrease 500000
  nbatch 1000
  gridno 1
  statefile "vegas_last_iter2"

Restoring state from vegas_last_iter2.

Iteration 26:  188500000 integrand evaluations so far
[1] 0.00115373 +- 3.94177e-07  	chisq 32.7894 (25 df)

Saving state to vegas_last_iter2.
Vegas input parameters:
  ndim 11
  ncomp 1
  epsrel 0
  epsabs 0
  flags 291
  seed 165
  mineval 1
  maxeval 1
  nstart 1000000
  nincrease 500000
  nbatch 1000
  gridno 1
  statefile "vegas_last_iter2"

Restoring state from vegas_last_iter2.

Iteration 27:  202500000 integrand evaluations so far
[1] 0.00115384 +- 3.79704e-07  	chisq 33.863 (26 df)

Saving state to vegas_last_iter2.
Thanks for using LHAPDF 6.3.0. Please make sure to cite the paper:
  Eur.Phys.J. C75 (2015) 3, 132  (http://arxiv.org/abs/1412.7420)
 method   =Vegas  
 nregions =           1
 neval    =   202500000
 fail     =           1
  0.115383907308E-02 +-   0.379704335315E-06   p =    0.830
