/var/lib/condor/execute/dir_11178
LHAPDF 6.3.0 loading /home/taebh/2021_Research/share/LHAPDF/NNPDF31_nnlo_as_0118_mc_hessian_pdfas/NNPDF31_nnlo_as_0118_mc_hessian_pdfas_0000.dat
NNPDF31_nnlo_as_0118_mc_hessian_pdfas PDF set, member #0, version 1
Vegas input parameters:
  ndim 11
  ncomp 1
  epsrel 0
  epsabs 0
  flags 291
  seed 146
  mineval 1
  maxeval 1
  nstart 1000000
  nincrease 500000
  nbatch 1000
  gridno 1
  statefile "vegas_last_iter35"

Iteration 1:  1000000 integrand evaluations so far
[1] 2.29146e-06 +- 7.91636e-07  	chisq 0 (0 df)

Saving state to vegas_last_iter35.
Vegas input parameters:
  ndim 11
  ncomp 1
  epsrel 0
  epsabs 0
  flags 291
  seed 181
  mineval 1
  maxeval 1
  nstart 1000000
  nincrease 500000
  nbatch 1000
  gridno 1
  statefile "vegas_last_iter35"

Restoring state from vegas_last_iter35.

Iteration 2:  2500000 integrand evaluations so far
[1] 2.50887e-06 +- 7.58878e-07  	chisq 0.930609 (1 df)

Saving state to vegas_last_iter35.
Vegas input parameters:
  ndim 11
  ncomp 1
  epsrel 0
  epsabs 0
  flags 291
  seed 216
  mineval 1
  maxeval 1
  nstart 1000000
  nincrease 500000
  nbatch 1000
  gridno 1
  statefile "vegas_last_iter35"

Restoring state from vegas_last_iter35.

Iteration 3:  4500000 integrand evaluations so far
[1] 3.54902e-06 +- 3.48445e-07  	chisq 3.31114 (2 df)

Saving state to vegas_last_iter35.
Vegas input parameters:
  ndim 11
  ncomp 1
  epsrel 0
  epsabs 0
  flags 291
  seed 251
  mineval 1
  maxeval 1
  nstart 1000000
  nincrease 500000
  nbatch 1000
  gridno 1
  statefile "vegas_last_iter35"

Restoring state from vegas_last_iter35.

Iteration 4:  7000000 integrand evaluations so far
[1] 4.04665e-06 +- 7.33322e-08  	chisq 5.44521 (3 df)

Saving state to vegas_last_iter35.
Vegas input parameters:
  ndim 11
  ncomp 1
  epsrel 0
  epsabs 0
  flags 291
  seed 286
  mineval 1
  maxeval 1
  nstart 1000000
  nincrease 500000
  nbatch 1000
  gridno 1
  statefile "vegas_last_iter35"

Restoring state from vegas_last_iter35.

Iteration 5:  10000000 integrand evaluations so far
[1] 4.15899e-06 +- 1.31558e-08  	chisq 7.87046 (4 df)

Saving state to vegas_last_iter35.
Vegas input parameters:
  ndim 11
  ncomp 1
  epsrel 0
  epsabs 0
  flags 291
  seed 321
  mineval 1
  maxeval 1
  nstart 1000000
  nincrease 500000
  nbatch 1000
  gridno 1
  statefile "vegas_last_iter35"

Restoring state from vegas_last_iter35.

Iteration 6:  13500000 integrand evaluations so far
[1] 4.16381e-06 +- 3.92407e-09  	chisq 8.01738 (5 df)

Saving state to vegas_last_iter35.
Vegas input parameters:
  ndim 11
  ncomp 1
  epsrel 0
  epsabs 0
  flags 291
  seed 356
  mineval 1
  maxeval 1
  nstart 1000000
  nincrease 500000
  nbatch 1000
  gridno 1
  statefile "vegas_last_iter35"

Restoring state from vegas_last_iter35.

Iteration 7:  17500000 integrand evaluations so far
[1] 4.16753e-06 +- 2.19097e-09  	chisq 9.32258 (6 df)

Saving state to vegas_last_iter35.
Vegas input parameters:
  ndim 11
  ncomp 1
  epsrel 0
  epsabs 0
  flags 291
  seed 391
  mineval 1
  maxeval 1
  nstart 1000000
  nincrease 500000
  nbatch 1000
  gridno 1
  statefile "vegas_last_iter35"

Restoring state from vegas_last_iter35.

Iteration 8:  22000000 integrand evaluations so far
[1] 4.16472e-06 +- 1.53706e-09  	chisq 12.5468 (7 df)

Saving state to vegas_last_iter35.
Vegas input parameters:
  ndim 11
  ncomp 1
  epsrel 0
  epsabs 0
  flags 291
  seed 426
  mineval 1
  maxeval 1
  nstart 1000000
  nincrease 500000
  nbatch 1000
  gridno 1
  statefile "vegas_last_iter35"

Restoring state from vegas_last_iter35.

Iteration 9:  27000000 integrand evaluations so far
[1] 4.16505e-06 +- 1.20581e-09  	chisq 12.6623 (8 df)

Saving state to vegas_last_iter35.
Vegas input parameters:
  ndim 11
  ncomp 1
  epsrel 0
  epsabs 0
  flags 291
  seed 461
  mineval 1
  maxeval 1
  nstart 1000000
  nincrease 500000
  nbatch 1000
  gridno 1
  statefile "vegas_last_iter35"

Restoring state from vegas_last_iter35.

Iteration 10:  32500000 integrand evaluations so far
[1] 4.16575e-06 +- 1.00539e-09  	chisq 13.7844 (9 df)

Saving state to vegas_last_iter35.
Vegas input parameters:
  ndim 11
  ncomp 1
  epsrel 0
  epsabs 0
  flags 291
  seed 496
  mineval 1
  maxeval 1
  nstart 1000000
  nincrease 500000
  nbatch 1000
  gridno 1
  statefile "vegas_last_iter35"

Restoring state from vegas_last_iter35.

Iteration 11:  38500000 integrand evaluations so far
[1] 4.16568e-06 +- 8.69012e-10  	chisq 13.8034 (10 df)

Saving state to vegas_last_iter35.
Vegas input parameters:
  ndim 11
  ncomp 1
  epsrel 0
  epsabs 0
  flags 291
  seed 531
  mineval 1
  maxeval 1
  nstart 1000000
  nincrease 500000
  nbatch 1000
  gridno 1
  statefile "vegas_last_iter35"

Restoring state from vegas_last_iter35.

Iteration 12:  45000000 integrand evaluations so far
[1] 4.16513e-06 +- 7.69529e-10  	chisq 15.6568 (11 df)

Saving state to vegas_last_iter35.
Vegas input parameters:
  ndim 11
  ncomp 1
  epsrel 0
  epsabs 0
  flags 291
  seed 566
  mineval 1
  maxeval 1
  nstart 1000000
  nincrease 500000
  nbatch 1000
  gridno 1
  statefile "vegas_last_iter35"

Restoring state from vegas_last_iter35.

Iteration 13:  52000000 integrand evaluations so far
[1] 4.16515e-06 +- 6.92827e-10  	chisq 15.6613 (12 df)

Saving state to vegas_last_iter35.
Vegas input parameters:
  ndim 11
  ncomp 1
  epsrel 0
  epsabs 0
  flags 291
  seed 601
  mineval 1
  maxeval 1
  nstart 1000000
  nincrease 500000
  nbatch 1000
  gridno 1
  statefile "vegas_last_iter35"

Restoring state from vegas_last_iter35.

Iteration 14:  59500000 integrand evaluations so far
[1] 4.16616e-06 +- 6.31596e-10  	chisq 28.1183 (13 df)

Saving state to vegas_last_iter35.
Vegas input parameters:
  ndim 11
  ncomp 1
  epsrel 0
  epsabs 0
  flags 291
  seed 636
  mineval 1
  maxeval 1
  nstart 1000000
  nincrease 500000
  nbatch 1000
  gridno 1
  statefile "vegas_last_iter35"

Restoring state from vegas_last_iter35.

Iteration 15:  67500000 integrand evaluations so far
[1] 4.16665e-06 +- 5.81096e-10  	chisq 31.9982 (14 df)

Saving state to vegas_last_iter35.
Vegas input parameters:
  ndim 11
  ncomp 1
  epsrel 0
  epsabs 0
  flags 291
  seed 671
  mineval 1
  maxeval 1
  nstart 1000000
  nincrease 500000
  nbatch 1000
  gridno 1
  statefile "vegas_last_iter35"

Restoring state from vegas_last_iter35.

Iteration 16:  76000000 integrand evaluations so far
[1] 4.16679e-06 +- 5.38831e-10  	chisq 32.4294 (15 df)

Saving state to vegas_last_iter35.
Vegas input parameters:
  ndim 11
  ncomp 1
  epsrel 0
  epsabs 0
  flags 291
  seed 706
  mineval 1
  maxeval 1
  nstart 1000000
  nincrease 500000
  nbatch 1000
  gridno 1
  statefile "vegas_last_iter35"

Restoring state from vegas_last_iter35.

Iteration 17:  85000000 integrand evaluations so far
[1] 4.16701e-06 +- 5.02816e-10  	chisq 33.7514 (16 df)

Saving state to vegas_last_iter35.
Vegas input parameters:
  ndim 11
  ncomp 1
  epsrel 0
  epsabs 0
  flags 291
  seed 741
  mineval 1
  maxeval 1
  nstart 1000000
  nincrease 500000
  nbatch 1000
  gridno 1
  statefile "vegas_last_iter35"

Restoring state from vegas_last_iter35.

Iteration 18:  94500000 integrand evaluations so far
[1] 4.16709e-06 +- 4.71562e-10  	chisq 33.9564 (17 df)

Saving state to vegas_last_iter35.
Vegas input parameters:
  ndim 11
  ncomp 1
  epsrel 0
  epsabs 0
  flags 291
  seed 776
  mineval 1
  maxeval 1
  nstart 1000000
  nincrease 500000
  nbatch 1000
  gridno 1
  statefile "vegas_last_iter35"

Restoring state from vegas_last_iter35.

Iteration 19:  104500000 integrand evaluations so far
[1] 4.16721e-06 +- 4.44209e-10  	chisq 34.4858 (18 df)

Saving state to vegas_last_iter35.
Vegas input parameters:
  ndim 11
  ncomp 1
  epsrel 0
  epsabs 0
  flags 291
  seed 811
  mineval 1
  maxeval 1
  nstart 1000000
  nincrease 500000
  nbatch 1000
  gridno 1
  statefile "vegas_last_iter35"

Restoring state from vegas_last_iter35.

Iteration 20:  115000000 integrand evaluations so far
[1] 4.16707e-06 +- 4.2004e-10  	chisq 35.3809 (19 df)

Saving state to vegas_last_iter35.
Vegas input parameters:
  ndim 11
  ncomp 1
  epsrel 0
  epsabs 0
  flags 291
  seed 846
  mineval 1
  maxeval 1
  nstart 1000000
  nincrease 500000
  nbatch 1000
  gridno 1
  statefile "vegas_last_iter35"

Restoring state from vegas_last_iter35.

Iteration 21:  126000000 integrand evaluations so far
[1] 4.1669e-06 +- 3.98542e-10  	chisq 36.9477 (20 df)

Saving state to vegas_last_iter35.
Vegas input parameters:
  ndim 11
  ncomp 1
  epsrel 0
  epsabs 0
  flags 291
  seed 881
  mineval 1
  maxeval 1
  nstart 1000000
  nincrease 500000
  nbatch 1000
  gridno 1
  statefile "vegas_last_iter35"

Restoring state from vegas_last_iter35.

Iteration 22:  137500000 integrand evaluations so far
[1] 4.16682e-06 +- 3.79112e-10  	chisq 37.4528 (21 df)

Saving state to vegas_last_iter35.
Vegas input parameters:
  ndim 11
  ncomp 1
  epsrel 0
  epsabs 0
  flags 291
  seed 916
  mineval 1
  maxeval 1
  nstart 1000000
  nincrease 500000
  nbatch 1000
  gridno 1
  statefile "vegas_last_iter35"

Restoring state from vegas_last_iter35.

Iteration 23:  149500000 integrand evaluations so far
[1] 4.16665e-06 +- 3.61594e-10  	chisq 39.6408 (22 df)

Saving state to vegas_last_iter35.
Vegas input parameters:
  ndim 11
  ncomp 1
  epsrel 0
  epsabs 0
  flags 291
  seed 951
  mineval 1
  maxeval 1
  nstart 1000000
  nincrease 500000
  nbatch 1000
  gridno 1
  statefile "vegas_last_iter35"

Restoring state from vegas_last_iter35.

Iteration 24:  162000000 integrand evaluations so far
[1] 4.16658e-06 +- 3.45693e-10  	chisq 40.0894 (23 df)

Saving state to vegas_last_iter35.
Vegas input parameters:
  ndim 11
  ncomp 1
  epsrel 0
  epsabs 0
  flags 291
  seed 986
  mineval 1
  maxeval 1
  nstart 1000000
  nincrease 500000
  nbatch 1000
  gridno 1
  statefile "vegas_last_iter35"

Restoring state from vegas_last_iter35.

Iteration 25:  175000000 integrand evaluations so far
[1] 4.16636e-06 +- 3.31177e-10  	chisq 44.8754 (24 df)

Saving state to vegas_last_iter35.
Vegas input parameters:
  ndim 11
  ncomp 1
  epsrel 0
  epsabs 0
  flags 291
  seed 1021
  mineval 1
  maxeval 1
  nstart 1000000
  nincrease 500000
  nbatch 1000
  gridno 1
  statefile "vegas_last_iter35"

Restoring state from vegas_last_iter35.

Iteration 26:  188500000 integrand evaluations so far
[1] 4.16637e-06 +- 3.17896e-10  	chisq 44.88 (25 df)

Saving state to vegas_last_iter35.
Vegas input parameters:
  ndim 11
  ncomp 1
  epsrel 0
  epsabs 0
  flags 291
  seed 1056
  mineval 1
  maxeval 1
  nstart 1000000
  nincrease 500000
  nbatch 1000
  gridno 1
  statefile "vegas_last_iter35"

Restoring state from vegas_last_iter35.

Iteration 27:  202500000 integrand evaluations so far
[1] 4.16639e-06 +- 3.0565e-10  	chisq 44.9559 (26 df)

Saving state to vegas_last_iter35.
Thanks for using LHAPDF 6.3.0. Please make sure to cite the paper:
  Eur.Phys.J. C75 (2015) 3, 132  (http://arxiv.org/abs/1412.7420)
 method   =Vegas  
 nregions =           1
 neval    =   202500000
 fail     =           1
  0.416639106387E-05 +-   0.305650064564E-09   p =    0.984
