/var/lib/condor/execute/dir_35122
LHAPDF 6.3.0 loading /home/taebh/2021_Research/share/LHAPDF/NNPDF31_nnlo_as_0118_mc_hessian_pdfas/NNPDF31_nnlo_as_0118_mc_hessian_pdfas_0000.dat
NNPDF31_nnlo_as_0118_mc_hessian_pdfas PDF set, member #0, version 1
Vegas input parameters:
  ndim 11
  ncomp 1
  epsrel 0
  epsabs 0
  flags 291
  seed 196
  mineval 1
  maxeval 1
  nstart 1000000
  nincrease 500000
  nbatch 1000
  gridno 1
  statefile "vegas_last_iter85"

Iteration 1:  1000000 integrand evaluations so far
[1] 2.94276e-08 +- 3.76292e-08  	chisq 0 (0 df)

Saving state to vegas_last_iter85.
Vegas input parameters:
  ndim 11
  ncomp 1
  epsrel 0
  epsabs 0
  flags 291
  seed 281
  mineval 1
  maxeval 1
  nstart 1000000
  nincrease 500000
  nbatch 1000
  gridno 1
  statefile "vegas_last_iter85"

Restoring state from vegas_last_iter85.

Iteration 2:  2500000 integrand evaluations so far
[1] 9.05904e-10 +- 5.96025e-09  	chisq 0.589298 (1 df)

Saving state to vegas_last_iter85.
Vegas input parameters:
  ndim 11
  ncomp 1
  epsrel 0
  epsabs 0
  flags 291
  seed 366
  mineval 1
  maxeval 1
  nstart 1000000
  nincrease 500000
  nbatch 1000
  gridno 1
  statefile "vegas_last_iter85"

Restoring state from vegas_last_iter85.

Iteration 3:  4500000 integrand evaluations so far
[1] 1.85752e-09 +- 2.62638e-09  	chisq 0.620932 (2 df)

Saving state to vegas_last_iter85.
Vegas input parameters:
  ndim 11
  ncomp 1
  epsrel 0
  epsabs 0
  flags 291
  seed 451
  mineval 1
  maxeval 1
  nstart 1000000
  nincrease 500000
  nbatch 1000
  gridno 1
  statefile "vegas_last_iter85"

Restoring state from vegas_last_iter85.

Iteration 4:  7000000 integrand evaluations so far
[1] -1.00092e-09 +- 9.46582e-10  	chisq 1.9823 (3 df)

Saving state to vegas_last_iter85.
Vegas input parameters:
  ndim 11
  ncomp 1
  epsrel 0
  epsabs 0
  flags 291
  seed 536
  mineval 1
  maxeval 1
  nstart 1000000
  nincrease 500000
  nbatch 1000
  gridno 1
  statefile "vegas_last_iter85"

Restoring state from vegas_last_iter85.

Iteration 5:  10000000 integrand evaluations so far
[1] -3.7924e-10 +- 4.53255e-10  	chisq 2.54196 (4 df)

Saving state to vegas_last_iter85.
Vegas input parameters:
  ndim 11
  ncomp 1
  epsrel 0
  epsabs 0
  flags 291
  seed 621
  mineval 1
  maxeval 1
  nstart 1000000
  nincrease 500000
  nbatch 1000
  gridno 1
  statefile "vegas_last_iter85"

Restoring state from vegas_last_iter85.

Iteration 6:  13500000 integrand evaluations so far
[1] -1.05869e-10 +- 2.91949e-10  	chisq 3.16366 (5 df)

Saving state to vegas_last_iter85.
Vegas input parameters:
  ndim 11
  ncomp 1
  epsrel 0
  epsabs 0
  flags 291
  seed 706
  mineval 1
  maxeval 1
  nstart 1000000
  nincrease 500000
  nbatch 1000
  gridno 1
  statefile "vegas_last_iter85"

Restoring state from vegas_last_iter85.

Iteration 7:  17500000 integrand evaluations so far
[1] -1.1673e-10 +- 2.16968e-10  	chisq 3.16675 (6 df)

Saving state to vegas_last_iter85.
Vegas input parameters:
  ndim 11
  ncomp 1
  epsrel 0
  epsabs 0
  flags 291
  seed 791
  mineval 1
  maxeval 1
  nstart 1000000
  nincrease 500000
  nbatch 1000
  gridno 1
  statefile "vegas_last_iter85"

Restoring state from vegas_last_iter85.

Iteration 8:  22000000 integrand evaluations so far
[1] 1.42088e-10 +- 1.74742e-10  	chisq 7.21664 (7 df)

Saving state to vegas_last_iter85.
Vegas input parameters:
  ndim 11
  ncomp 1
  epsrel 0
  epsabs 0
  flags 291
  seed 876
  mineval 1
  maxeval 1
  nstart 1000000
  nincrease 500000
  nbatch 1000
  gridno 1
  statefile "vegas_last_iter85"

Restoring state from vegas_last_iter85.

Iteration 9:  27000000 integrand evaluations so far
[1] 3.0016e-10 +- 1.4762e-10  	chisq 10.0745 (8 df)

Saving state to vegas_last_iter85.
Vegas input parameters:
  ndim 11
  ncomp 1
  epsrel 0
  epsabs 0
  flags 291
  seed 961
  mineval 1
  maxeval 1
  nstart 1000000
  nincrease 500000
  nbatch 1000
  gridno 1
  statefile "vegas_last_iter85"

Restoring state from vegas_last_iter85.

Iteration 10:  32500000 integrand evaluations so far
[1] 1.94283e-10 +- 1.28471e-10  	chisq 12.1949 (9 df)

Saving state to vegas_last_iter85.
Vegas input parameters:
  ndim 11
  ncomp 1
  epsrel 0
  epsabs 0
  flags 291
  seed 1046
  mineval 1
  maxeval 1
  nstart 1000000
  nincrease 500000
  nbatch 1000
  gridno 1
  statefile "vegas_last_iter85"

Restoring state from vegas_last_iter85.

Iteration 11:  38500000 integrand evaluations so far
[1] 1.01933e-10 +- 1.1415e-10  	chisq 14.6495 (10 df)

Saving state to vegas_last_iter85.
Vegas input parameters:
  ndim 11
  ncomp 1
  epsrel 0
  epsabs 0
  flags 291
  seed 1131
  mineval 1
  maxeval 1
  nstart 1000000
  nincrease 500000
  nbatch 1000
  gridno 1
  statefile "vegas_last_iter85"

Restoring state from vegas_last_iter85.

Iteration 12:  45000000 integrand evaluations so far
[1] 1.56817e-10 +- 1.02967e-10  	chisq 15.89 (11 df)

Saving state to vegas_last_iter85.
Vegas input parameters:
  ndim 11
  ncomp 1
  epsrel 0
  epsabs 0
  flags 291
  seed 1216
  mineval 1
  maxeval 1
  nstart 1000000
  nincrease 500000
  nbatch 1000
  gridno 1
  statefile "vegas_last_iter85"

Restoring state from vegas_last_iter85.

Iteration 13:  52000000 integrand evaluations so far
[1] 1.11825e-10 +- 9.39693e-11  	chisq 17.0325 (12 df)

Saving state to vegas_last_iter85.
Vegas input parameters:
  ndim 11
  ncomp 1
  epsrel 0
  epsabs 0
  flags 291
  seed 1301
  mineval 1
  maxeval 1
  nstart 1000000
  nincrease 500000
  nbatch 1000
  gridno 1
  statefile "vegas_last_iter85"

Restoring state from vegas_last_iter85.

Iteration 14:  59500000 integrand evaluations so far
[1] 1.14796e-10 +- 8.64998e-11  	chisq 17.0391 (13 df)

Saving state to vegas_last_iter85.
Vegas input parameters:
  ndim 11
  ncomp 1
  epsrel 0
  epsabs 0
  flags 291
  seed 1386
  mineval 1
  maxeval 1
  nstart 1000000
  nincrease 500000
  nbatch 1000
  gridno 1
  statefile "vegas_last_iter85"

Restoring state from vegas_last_iter85.

Iteration 15:  67500000 integrand evaluations so far
[1] 1.10943e-10 +- 8.02285e-11  	chisq 17.0533 (14 df)

Saving state to vegas_last_iter85.
Vegas input parameters:
  ndim 11
  ncomp 1
  epsrel 0
  epsabs 0
  flags 291
  seed 1471
  mineval 1
  maxeval 1
  nstart 1000000
  nincrease 500000
  nbatch 1000
  gridno 1
  statefile "vegas_last_iter85"

Restoring state from vegas_last_iter85.

Iteration 16:  76000000 integrand evaluations so far
[1] 1.17158e-10 +- 7.48546e-11  	chisq 17.0996 (15 df)

Saving state to vegas_last_iter85.
Vegas input parameters:
  ndim 11
  ncomp 1
  epsrel 0
  epsabs 0
  flags 291
  seed 1556
  mineval 1
  maxeval 1
  nstart 1000000
  nincrease 500000
  nbatch 1000
  gridno 1
  statefile "vegas_last_iter85"

Restoring state from vegas_last_iter85.

Iteration 17:  85000000 integrand evaluations so far
[1] 9.4841e-11 +- 7.02018e-11  	chisq 17.8376 (16 df)

Saving state to vegas_last_iter85.
Vegas input parameters:
  ndim 11
  ncomp 1
  epsrel 0
  epsabs 0
  flags 291
  seed 1641
  mineval 1
  maxeval 1
  nstart 1000000
  nincrease 500000
  nbatch 1000
  gridno 1
  statefile "vegas_last_iter85"

Restoring state from vegas_last_iter85.

Iteration 18:  94500000 integrand evaluations so far
[1] 9.86707e-11 +- 6.61223e-11  	chisq 17.8639 (17 df)

Saving state to vegas_last_iter85.
Vegas input parameters:
  ndim 11
  ncomp 1
  epsrel 0
  epsabs 0
  flags 291
  seed 1726
  mineval 1
  maxeval 1
  nstart 1000000
  nincrease 500000
  nbatch 1000
  gridno 1
  statefile "vegas_last_iter85"

Restoring state from vegas_last_iter85.

Iteration 19:  104500000 integrand evaluations so far
[1] 7.55565e-11 +- 6.25092e-11  	chisq 19.0135 (18 df)

Saving state to vegas_last_iter85.
Vegas input parameters:
  ndim 11
  ncomp 1
  epsrel 0
  epsabs 0
  flags 291
  seed 1811
  mineval 1
  maxeval 1
  nstart 1000000
  nincrease 500000
  nbatch 1000
  gridno 1
  statefile "vegas_last_iter85"

Restoring state from vegas_last_iter85.

Iteration 20:  115000000 integrand evaluations so far
[1] 6.99115e-11 +- 5.92875e-11  	chisq 19.0947 (19 df)

Saving state to vegas_last_iter85.
Vegas input parameters:
  ndim 11
  ncomp 1
  epsrel 0
  epsabs 0
  flags 291
  seed 1896
  mineval 1
  maxeval 1
  nstart 1000000
  nincrease 500000
  nbatch 1000
  gridno 1
  statefile "vegas_last_iter85"

Restoring state from vegas_last_iter85.

Iteration 21:  126000000 integrand evaluations so far
[1] 6.53652e-11 +- 5.63962e-11  	chisq 19.1565 (20 df)

Saving state to vegas_last_iter85.
Vegas input parameters:
  ndim 11
  ncomp 1
  epsrel 0
  epsabs 0
  flags 291
  seed 1981
  mineval 1
  maxeval 1
  nstart 1000000
  nincrease 500000
  nbatch 1000
  gridno 1
  statefile "vegas_last_iter85"

Restoring state from vegas_last_iter85.

Iteration 22:  137500000 integrand evaluations so far
[1] 8.56966e-11 +- 5.37772e-11  	chisq 20.5891 (21 df)

Saving state to vegas_last_iter85.
Vegas input parameters:
  ndim 11
  ncomp 1
  epsrel 0
  epsabs 0
  flags 291
  seed 2066
  mineval 1
  maxeval 1
  nstart 1000000
  nincrease 500000
  nbatch 1000
  gridno 1
  statefile "vegas_last_iter85"

Restoring state from vegas_last_iter85.

Iteration 23:  149500000 integrand evaluations so far
[1] 8.97688e-11 +- 5.14041e-11  	chisq 20.6555 (22 df)

Saving state to vegas_last_iter85.
Vegas input parameters:
  ndim 11
  ncomp 1
  epsrel 0
  epsabs 0
  flags 291
  seed 2151
  mineval 1
  maxeval 1
  nstart 1000000
  nincrease 500000
  nbatch 1000
  gridno 1
  statefile "vegas_last_iter85"

Restoring state from vegas_last_iter85.

Iteration 24:  162000000 integrand evaluations so far
[1] 1.01005e-10 +- 4.92349e-11  	chisq 21.2339 (23 df)

Saving state to vegas_last_iter85.
Vegas input parameters:
  ndim 11
  ncomp 1
  epsrel 0
  epsabs 0
  flags 291
  seed 2236
  mineval 1
  maxeval 1
  nstart 1000000
  nincrease 500000
  nbatch 1000
  gridno 1
  statefile "vegas_last_iter85"

Restoring state from vegas_last_iter85.

Iteration 25:  175000000 integrand evaluations so far
[1] 7.91693e-11 +- 4.72454e-11  	chisq 23.718 (24 df)

Saving state to vegas_last_iter85.
Vegas input parameters:
  ndim 11
  ncomp 1
  epsrel 0
  epsabs 0
  flags 291
  seed 2321
  mineval 1
  maxeval 1
  nstart 1000000
  nincrease 500000
  nbatch 1000
  gridno 1
  statefile "vegas_last_iter85"

Restoring state from vegas_last_iter85.

Iteration 26:  188500000 integrand evaluations so far
[1] 6.43713e-11 +- 4.54149e-11  	chisq 25.0091 (25 df)

Saving state to vegas_last_iter85.
Vegas input parameters:
  ndim 11
  ncomp 1
  epsrel 0
  epsabs 0
  flags 291
  seed 2406
  mineval 1
  maxeval 1
  nstart 1000000
  nincrease 500000
  nbatch 1000
  gridno 1
  statefile "vegas_last_iter85"

Restoring state from vegas_last_iter85.

Iteration 27:  202500000 integrand evaluations so far
[1] 7.09224e-11 +- 4.37265e-11  	chisq 25.2942 (26 df)

Saving state to vegas_last_iter85.
Thanks for using LHAPDF 6.3.0. Please make sure to cite the paper:
  Eur.Phys.J. C75 (2015) 3, 132  (http://arxiv.org/abs/1412.7420)
 method   =Vegas  
 nregions =           1
 neval    =   202500000
 fail     =           1
  0.709223838885E-10 +-   0.437265452041E-10   p =    0.442
