/var/lib/condor/execute/dir_35004
LHAPDF 6.3.0 loading /home/taebh/2021_Research/share/LHAPDF/NNPDF31_nnlo_as_0118_mc_hessian_pdfas/NNPDF31_nnlo_as_0118_mc_hessian_pdfas_0000.dat
NNPDF31_nnlo_as_0118_mc_hessian_pdfas PDF set, member #0, version 1
Vegas input parameters:
  ndim 11
  ncomp 1
  epsrel 0
  epsabs 0
  flags 291
  seed 185
  mineval 1
  maxeval 1
  nstart 1000000
  nincrease 500000
  nbatch 1000
  gridno 1
  statefile "vegas_last_iter74"

Iteration 1:  1000000 integrand evaluations so far
[1] -3.80554e-07 +- 1.85437e-07  	chisq 0 (0 df)

Saving state to vegas_last_iter74.
Vegas input parameters:
  ndim 11
  ncomp 1
  epsrel 0
  epsabs 0
  flags 291
  seed 259
  mineval 1
  maxeval 1
  nstart 1000000
  nincrease 500000
  nbatch 1000
  gridno 1
  statefile "vegas_last_iter74"

Restoring state from vegas_last_iter74.

Iteration 2:  2500000 integrand evaluations so far
[1] -3.10876e-07 +- 6.68611e-08  	chisq 0.162288 (1 df)

Saving state to vegas_last_iter74.
Vegas input parameters:
  ndim 11
  ncomp 1
  epsrel 0
  epsabs 0
  flags 291
  seed 333
  mineval 1
  maxeval 1
  nstart 1000000
  nincrease 500000
  nbatch 1000
  gridno 1
  statefile "vegas_last_iter74"

Restoring state from vegas_last_iter74.

Iteration 3:  4500000 integrand evaluations so far
[1] -2.73234e-07 +- 3.21868e-08  	chisq 0.574859 (2 df)

Saving state to vegas_last_iter74.
Vegas input parameters:
  ndim 11
  ncomp 1
  epsrel 0
  epsabs 0
  flags 291
  seed 407
  mineval 1
  maxeval 1
  nstart 1000000
  nincrease 500000
  nbatch 1000
  gridno 1
  statefile "vegas_last_iter74"

Restoring state from vegas_last_iter74.

Iteration 4:  7000000 integrand evaluations so far
[1] -3.00865e-07 +- 1.12031e-08  	chisq 1.41344 (3 df)

Saving state to vegas_last_iter74.
Vegas input parameters:
  ndim 11
  ncomp 1
  epsrel 0
  epsabs 0
  flags 291
  seed 481
  mineval 1
  maxeval 1
  nstart 1000000
  nincrease 500000
  nbatch 1000
  gridno 1
  statefile "vegas_last_iter74"

Restoring state from vegas_last_iter74.

Iteration 5:  10000000 integrand evaluations so far
[1] -2.86829e-07 +- 3.64773e-09  	chisq 3.16949 (4 df)

Saving state to vegas_last_iter74.
Vegas input parameters:
  ndim 11
  ncomp 1
  epsrel 0
  epsabs 0
  flags 291
  seed 555
  mineval 1
  maxeval 1
  nstart 1000000
  nincrease 500000
  nbatch 1000
  gridno 1
  statefile "vegas_last_iter74"

Restoring state from vegas_last_iter74.

Iteration 6:  13500000 integrand evaluations so far
[1] -2.88747e-07 +- 2.123e-09  	chisq 3.58791 (5 df)

Saving state to vegas_last_iter74.
Vegas input parameters:
  ndim 11
  ncomp 1
  epsrel 0
  epsabs 0
  flags 291
  seed 629
  mineval 1
  maxeval 1
  nstart 1000000
  nincrease 500000
  nbatch 1000
  gridno 1
  statefile "vegas_last_iter74"

Restoring state from vegas_last_iter74.

Iteration 7:  17500000 integrand evaluations so far
[1] -2.87153e-07 +- 1.4327e-09  	chisq 4.62283 (6 df)

Saving state to vegas_last_iter74.
Vegas input parameters:
  ndim 11
  ncomp 1
  epsrel 0
  epsabs 0
  flags 291
  seed 703
  mineval 1
  maxeval 1
  nstart 1000000
  nincrease 500000
  nbatch 1000
  gridno 1
  statefile "vegas_last_iter74"

Restoring state from vegas_last_iter74.

Iteration 8:  22000000 integrand evaluations so far
[1] -2.89358e-07 +- 1.01473e-09  	chisq 9.37574 (7 df)

Saving state to vegas_last_iter74.
Vegas input parameters:
  ndim 11
  ncomp 1
  epsrel 0
  epsabs 0
  flags 291
  seed 777
  mineval 1
  maxeval 1
  nstart 1000000
  nincrease 500000
  nbatch 1000
  gridno 1
  statefile "vegas_last_iter74"

Restoring state from vegas_last_iter74.

Iteration 9:  27000000 integrand evaluations so far
[1] -2.88495e-07 +- 7.93812e-10  	chisq 11.2417 (8 df)

Saving state to vegas_last_iter74.
Vegas input parameters:
  ndim 11
  ncomp 1
  epsrel 0
  epsabs 0
  flags 291
  seed 851
  mineval 1
  maxeval 1
  nstart 1000000
  nincrease 500000
  nbatch 1000
  gridno 1
  statefile "vegas_last_iter74"

Restoring state from vegas_last_iter74.

Iteration 10:  32500000 integrand evaluations so far
[1] -2.88524e-07 +- 6.67159e-10  	chisq 11.2461 (9 df)

Saving state to vegas_last_iter74.
Vegas input parameters:
  ndim 11
  ncomp 1
  epsrel 0
  epsabs 0
  flags 291
  seed 925
  mineval 1
  maxeval 1
  nstart 1000000
  nincrease 500000
  nbatch 1000
  gridno 1
  statefile "vegas_last_iter74"

Restoring state from vegas_last_iter74.

Iteration 11:  38500000 integrand evaluations so far
[1] -2.88419e-07 +- 5.76757e-10  	chisq 11.3437 (10 df)

Saving state to vegas_last_iter74.
Vegas input parameters:
  ndim 11
  ncomp 1
  epsrel 0
  epsabs 0
  flags 291
  seed 999
  mineval 1
  maxeval 1
  nstart 1000000
  nincrease 500000
  nbatch 1000
  gridno 1
  statefile "vegas_last_iter74"

Restoring state from vegas_last_iter74.

Iteration 12:  45000000 integrand evaluations so far
[1] -2.8837e-07 +- 5.08896e-10  	chisq 11.3759 (11 df)

Saving state to vegas_last_iter74.
Vegas input parameters:
  ndim 11
  ncomp 1
  epsrel 0
  epsabs 0
  flags 291
  seed 1073
  mineval 1
  maxeval 1
  nstart 1000000
  nincrease 500000
  nbatch 1000
  gridno 1
  statefile "vegas_last_iter74"

Restoring state from vegas_last_iter74.

Iteration 13:  52000000 integrand evaluations so far
[1] -2.88161e-07 +- 4.57003e-10  	chisq 12.2493 (12 df)

Saving state to vegas_last_iter74.
Vegas input parameters:
  ndim 11
  ncomp 1
  epsrel 0
  epsabs 0
  flags 291
  seed 1147
  mineval 1
  maxeval 1
  nstart 1000000
  nincrease 500000
  nbatch 1000
  gridno 1
  statefile "vegas_last_iter74"

Restoring state from vegas_last_iter74.

Iteration 14:  59500000 integrand evaluations so far
[1] -2.88082e-07 +- 4.16049e-10  	chisq 12.4256 (13 df)

Saving state to vegas_last_iter74.
Vegas input parameters:
  ndim 11
  ncomp 1
  epsrel 0
  epsabs 0
  flags 291
  seed 1221
  mineval 1
  maxeval 1
  nstart 1000000
  nincrease 500000
  nbatch 1000
  gridno 1
  statefile "vegas_last_iter74"

Restoring state from vegas_last_iter74.

Iteration 15:  67500000 integrand evaluations so far
[1] -2.87948e-07 +- 3.82376e-10  	chisq 13.0895 (14 df)

Saving state to vegas_last_iter74.
Vegas input parameters:
  ndim 11
  ncomp 1
  epsrel 0
  epsabs 0
  flags 291
  seed 1295
  mineval 1
  maxeval 1
  nstart 1000000
  nincrease 500000
  nbatch 1000
  gridno 1
  statefile "vegas_last_iter74"

Restoring state from vegas_last_iter74.

Iteration 16:  76000000 integrand evaluations so far
[1] -2.87889e-07 +- 3.54264e-10  	chisq 13.259 (15 df)

Saving state to vegas_last_iter74.
Vegas input parameters:
  ndim 11
  ncomp 1
  epsrel 0
  epsabs 0
  flags 291
  seed 1369
  mineval 1
  maxeval 1
  nstart 1000000
  nincrease 500000
  nbatch 1000
  gridno 1
  statefile "vegas_last_iter74"

Restoring state from vegas_last_iter74.

Iteration 17:  85000000 integrand evaluations so far
[1] -2.87807e-07 +- 3.30354e-10  	chisq 13.6698 (16 df)

Saving state to vegas_last_iter74.
Vegas input parameters:
  ndim 11
  ncomp 1
  epsrel 0
  epsabs 0
  flags 291
  seed 1443
  mineval 1
  maxeval 1
  nstart 1000000
  nincrease 500000
  nbatch 1000
  gridno 1
  statefile "vegas_last_iter74"

Restoring state from vegas_last_iter74.

Iteration 18:  94500000 integrand evaluations so far
[1] -2.87957e-07 +- 3.09689e-10  	chisq 15.367 (17 df)

Saving state to vegas_last_iter74.
Vegas input parameters:
  ndim 11
  ncomp 1
  epsrel 0
  epsabs 0
  flags 291
  seed 1517
  mineval 1
  maxeval 1
  nstart 1000000
  nincrease 500000
  nbatch 1000
  gridno 1
  statefile "vegas_last_iter74"

Restoring state from vegas_last_iter74.

Iteration 19:  104500000 integrand evaluations so far
[1] -2.87708e-07 +- 2.91753e-10  	chisq 21.0809 (18 df)

Saving state to vegas_last_iter74.
Vegas input parameters:
  ndim 11
  ncomp 1
  epsrel 0
  epsabs 0
  flags 291
  seed 1591
  mineval 1
  maxeval 1
  nstart 1000000
  nincrease 500000
  nbatch 1000
  gridno 1
  statefile "vegas_last_iter74"

Restoring state from vegas_last_iter74.

Iteration 20:  115000000 integrand evaluations so far
[1] -2.87637e-07 +- 2.75847e-10  	chisq 21.6469 (19 df)

Saving state to vegas_last_iter74.
Vegas input parameters:
  ndim 11
  ncomp 1
  epsrel 0
  epsabs 0
  flags 291
  seed 1665
  mineval 1
  maxeval 1
  nstart 1000000
  nincrease 500000
  nbatch 1000
  gridno 1
  statefile "vegas_last_iter74"

Restoring state from vegas_last_iter74.

Iteration 21:  126000000 integrand evaluations so far
[1] -2.8765e-07 +- 2.61722e-10  	chisq 21.6701 (20 df)

Saving state to vegas_last_iter74.
Vegas input parameters:
  ndim 11
  ncomp 1
  epsrel 0
  epsabs 0
  flags 291
  seed 1739
  mineval 1
  maxeval 1
  nstart 1000000
  nincrease 500000
  nbatch 1000
  gridno 1
  statefile "vegas_last_iter74"

Restoring state from vegas_last_iter74.

Iteration 22:  137500000 integrand evaluations so far
[1] -2.87662e-07 +- 2.4908e-10  	chisq 21.6925 (21 df)

Saving state to vegas_last_iter74.
Vegas input parameters:
  ndim 11
  ncomp 1
  epsrel 0
  epsabs 0
  flags 291
  seed 1813
  mineval 1
  maxeval 1
  nstart 1000000
  nincrease 500000
  nbatch 1000
  gridno 1
  statefile "vegas_last_iter74"

Restoring state from vegas_last_iter74.

Iteration 23:  149500000 integrand evaluations so far
[1] -2.87727e-07 +- 2.3764e-10  	chisq 22.4474 (22 df)

Saving state to vegas_last_iter74.
Vegas input parameters:
  ndim 11
  ncomp 1
  epsrel 0
  epsabs 0
  flags 291
  seed 1887
  mineval 1
  maxeval 1
  nstart 1000000
  nincrease 500000
  nbatch 1000
  gridno 1
  statefile "vegas_last_iter74"

Restoring state from vegas_last_iter74.

Iteration 24:  162000000 integrand evaluations so far
[1] -2.87757e-07 +- 2.27236e-10  	chisq 22.632 (23 df)

Saving state to vegas_last_iter74.
Vegas input parameters:
  ndim 11
  ncomp 1
  epsrel 0
  epsabs 0
  flags 291
  seed 1961
  mineval 1
  maxeval 1
  nstart 1000000
  nincrease 500000
  nbatch 1000
  gridno 1
  statefile "vegas_last_iter74"

Restoring state from vegas_last_iter74.

Iteration 25:  175000000 integrand evaluations so far
[1] -2.87787e-07 +- 2.17771e-10  	chisq 22.8432 (24 df)

Saving state to vegas_last_iter74.
Vegas input parameters:
  ndim 11
  ncomp 1
  epsrel 0
  epsabs 0
  flags 291
  seed 2035
  mineval 1
  maxeval 1
  nstart 1000000
  nincrease 500000
  nbatch 1000
  gridno 1
  statefile "vegas_last_iter74"

Restoring state from vegas_last_iter74.

Iteration 26:  188500000 integrand evaluations so far
[1] -2.87751e-07 +- 2.09149e-10  	chisq 23.1919 (25 df)

Saving state to vegas_last_iter74.
Vegas input parameters:
  ndim 11
  ncomp 1
  epsrel 0
  epsabs 0
  flags 291
  seed 2109
  mineval 1
  maxeval 1
  nstart 1000000
  nincrease 500000
  nbatch 1000
  gridno 1
  statefile "vegas_last_iter74"

Restoring state from vegas_last_iter74.

Iteration 27:  202500000 integrand evaluations so far
[1] -2.87701e-07 +- 2.01128e-10  	chisq 23.9447 (26 df)

Saving state to vegas_last_iter74.
Thanks for using LHAPDF 6.3.0. Please make sure to cite the paper:
  Eur.Phys.J. C75 (2015) 3, 132  (http://arxiv.org/abs/1412.7420)
 method   =Vegas  
 nregions =           1
 neval    =   202500000
 fail     =           1
 -0.287701140517E-06 +-   0.201127963340E-09   p =    0.367
