/var/lib/condor/execute/dir_37305
LHAPDF 6.3.0 loading /home/taebh/2021_Research/share/LHAPDF/NNPDF31_nnlo_as_0118_mc_hessian_pdfas/NNPDF31_nnlo_as_0118_mc_hessian_pdfas_0000.dat
NNPDF31_nnlo_as_0118_mc_hessian_pdfas PDF set, member #0, version 1
Vegas input parameters:
  ndim 11
  ncomp 1
  epsrel 0
  epsabs 0
  flags 291
  seed 217
  mineval 1
  maxeval 1
  nstart 1000000
  nincrease 500000
  nbatch 1000
  gridno 1
  statefile "vegas_last_iter106"

Iteration 1:  1000000 integrand evaluations so far
[1] 0.000342856 +- 3.60333e-05  	chisq 0 (0 df)

Saving state to vegas_last_iter106.
Vegas input parameters:
  ndim 11
  ncomp 1
  epsrel 0
  epsabs 0
  flags 291
  seed 323
  mineval 1
  maxeval 1
  nstart 1000000
  nincrease 500000
  nbatch 1000
  gridno 1
  statefile "vegas_last_iter106"

Restoring state from vegas_last_iter106.

Iteration 2:  2500000 integrand evaluations so far
[1] 0.00035782 +- 2.9799e-05  	chisq 0.545586 (1 df)

Saving state to vegas_last_iter106.
Vegas input parameters:
  ndim 11
  ncomp 1
  epsrel 0
  epsabs 0
  flags 291
  seed 429
  mineval 1
  maxeval 1
  nstart 1000000
  nincrease 500000
  nbatch 1000
  gridno 1
  statefile "vegas_last_iter106"

Restoring state from vegas_last_iter106.

Iteration 3:  4500000 integrand evaluations so far
[1] 0.000420253 +- 1.01685e-05  	chisq 5.51367 (2 df)

Saving state to vegas_last_iter106.
Vegas input parameters:
  ndim 11
  ncomp 1
  epsrel 0
  epsabs 0
  flags 291
  seed 535
  mineval 1
  maxeval 1
  nstart 1000000
  nincrease 500000
  nbatch 1000
  gridno 1
  statefile "vegas_last_iter106"

Restoring state from vegas_last_iter106.

Iteration 4:  7000000 integrand evaluations so far
[1] 0.000433632 +- 2.17761e-06  	chisq 7.328 (3 df)

Saving state to vegas_last_iter106.
Vegas input parameters:
  ndim 11
  ncomp 1
  epsrel 0
  epsabs 0
  flags 291
  seed 641
  mineval 1
  maxeval 1
  nstart 1000000
  nincrease 500000
  nbatch 1000
  gridno 1
  statefile "vegas_last_iter106"

Restoring state from vegas_last_iter106.

Iteration 5:  10000000 integrand evaluations so far
[1] 0.000432027 +- 6.37775e-07  	chisq 7.92189 (4 df)

Saving state to vegas_last_iter106.
Vegas input parameters:
  ndim 11
  ncomp 1
  epsrel 0
  epsabs 0
  flags 291
  seed 747
  mineval 1
  maxeval 1
  nstart 1000000
  nincrease 500000
  nbatch 1000
  gridno 1
  statefile "vegas_last_iter106"

Restoring state from vegas_last_iter106.

Iteration 6:  13500000 integrand evaluations so far
[1] 0.000432071 +- 3.07342e-07  	chisq 7.92801 (5 df)

Saving state to vegas_last_iter106.
Vegas input parameters:
  ndim 11
  ncomp 1
  epsrel 0
  epsabs 0
  flags 291
  seed 853
  mineval 1
  maxeval 1
  nstart 1000000
  nincrease 500000
  nbatch 1000
  gridno 1
  statefile "vegas_last_iter106"

Restoring state from vegas_last_iter106.

Iteration 7:  17500000 integrand evaluations so far
[1] 0.00043221 +- 2.03662e-07  	chisq 8.29576 (6 df)

Saving state to vegas_last_iter106.
Vegas input parameters:
  ndim 11
  ncomp 1
  epsrel 0
  epsabs 0
  flags 291
  seed 959
  mineval 1
  maxeval 1
  nstart 1000000
  nincrease 500000
  nbatch 1000
  gridno 1
  statefile "vegas_last_iter106"

Restoring state from vegas_last_iter106.

Iteration 8:  22000000 integrand evaluations so far
[1] 0.000432321 +- 1.55503e-07  	chisq 9.00217 (7 df)

Saving state to vegas_last_iter106.
Vegas input parameters:
  ndim 11
  ncomp 1
  epsrel 0
  epsabs 0
  flags 291
  seed 1065
  mineval 1
  maxeval 1
  nstart 1000000
  nincrease 500000
  nbatch 1000
  gridno 1
  statefile "vegas_last_iter106"

Restoring state from vegas_last_iter106.

Iteration 9:  27000000 integrand evaluations so far
[1] 0.000432453 +- 1.27846e-07  	chisq 11.2254 (8 df)

Saving state to vegas_last_iter106.
Vegas input parameters:
  ndim 11
  ncomp 1
  epsrel 0
  epsabs 0
  flags 291
  seed 1171
  mineval 1
  maxeval 1
  nstart 1000000
  nincrease 500000
  nbatch 1000
  gridno 1
  statefile "vegas_last_iter106"

Restoring state from vegas_last_iter106.

Iteration 10:  32500000 integrand evaluations so far
[1] 0.00043251 +- 1.09552e-07  	chisq 11.9862 (9 df)

Saving state to vegas_last_iter106.
Vegas input parameters:
  ndim 11
  ncomp 1
  epsrel 0
  epsabs 0
  flags 291
  seed 1277
  mineval 1
  maxeval 1
  nstart 1000000
  nincrease 500000
  nbatch 1000
  gridno 1
  statefile "vegas_last_iter106"

Restoring state from vegas_last_iter106.

Iteration 11:  38500000 integrand evaluations so far
[1] 0.000432451 +- 9.64854e-08  	chisq 13.2904 (10 df)

Saving state to vegas_last_iter106.
Vegas input parameters:
  ndim 11
  ncomp 1
  epsrel 0
  epsabs 0
  flags 291
  seed 1383
  mineval 1
  maxeval 1
  nstart 1000000
  nincrease 500000
  nbatch 1000
  gridno 1
  statefile "vegas_last_iter106"

Restoring state from vegas_last_iter106.

Iteration 12:  45000000 integrand evaluations so far
[1] 0.00043254 +- 8.64778e-08  	chisq 17.5825 (11 df)

Saving state to vegas_last_iter106.
Vegas input parameters:
  ndim 11
  ncomp 1
  epsrel 0
  epsabs 0
  flags 291
  seed 1489
  mineval 1
  maxeval 1
  nstart 1000000
  nincrease 500000
  nbatch 1000
  gridno 1
  statefile "vegas_last_iter106"

Restoring state from vegas_last_iter106.

Iteration 13:  52000000 integrand evaluations so far
[1] 0.000432519 +- 7.85418e-08  	chisq 17.9022 (12 df)

Saving state to vegas_last_iter106.
Vegas input parameters:
  ndim 11
  ncomp 1
  epsrel 0
  epsabs 0
  flags 291
  seed 1595
  mineval 1
  maxeval 1
  nstart 1000000
  nincrease 500000
  nbatch 1000
  gridno 1
  statefile "vegas_last_iter106"

Restoring state from vegas_last_iter106.

Iteration 14:  59500000 integrand evaluations so far
[1] 0.000432517 +- 7.20743e-08  	chisq 17.906 (13 df)

Saving state to vegas_last_iter106.
Vegas input parameters:
  ndim 11
  ncomp 1
  epsrel 0
  epsabs 0
  flags 291
  seed 1701
  mineval 1
  maxeval 1
  nstart 1000000
  nincrease 500000
  nbatch 1000
  gridno 1
  statefile "vegas_last_iter106"

Restoring state from vegas_last_iter106.

Iteration 15:  67500000 integrand evaluations so far
[1] 0.000432553 +- 6.66713e-08  	chisq 19.59 (14 df)

Saving state to vegas_last_iter106.
Vegas input parameters:
  ndim 11
  ncomp 1
  epsrel 0
  epsabs 0
  flags 291
  seed 1807
  mineval 1
  maxeval 1
  nstart 1000000
  nincrease 500000
  nbatch 1000
  gridno 1
  statefile "vegas_last_iter106"

Restoring state from vegas_last_iter106.

Iteration 16:  76000000 integrand evaluations so far
[1] 0.000432581 +- 6.20729e-08  	chisq 20.9551 (15 df)

Saving state to vegas_last_iter106.
Vegas input parameters:
  ndim 11
  ncomp 1
  epsrel 0
  epsabs 0
  flags 291
  seed 1913
  mineval 1
  maxeval 1
  nstart 1000000
  nincrease 500000
  nbatch 1000
  gridno 1
  statefile "vegas_last_iter106"

Restoring state from vegas_last_iter106.

Iteration 17:  85000000 integrand evaluations so far
[1] 0.000432583 +- 5.81049e-08  	chisq 20.9633 (16 df)

Saving state to vegas_last_iter106.
Vegas input parameters:
  ndim 11
  ncomp 1
  epsrel 0
  epsabs 0
  flags 291
  seed 2019
  mineval 1
  maxeval 1
  nstart 1000000
  nincrease 500000
  nbatch 1000
  gridno 1
  statefile "vegas_last_iter106"

Restoring state from vegas_last_iter106.

Iteration 18:  94500000 integrand evaluations so far
[1] 0.000432632 +- 5.46384e-08  	chisq 26.9679 (17 df)

Saving state to vegas_last_iter106.
Vegas input parameters:
  ndim 11
  ncomp 1
  epsrel 0
  epsabs 0
  flags 291
  seed 2125
  mineval 1
  maxeval 1
  nstart 1000000
  nincrease 500000
  nbatch 1000
  gridno 1
  statefile "vegas_last_iter106"

Restoring state from vegas_last_iter106.

Iteration 19:  104500000 integrand evaluations so far
[1] 0.000432645 +- 5.15929e-08  	chisq 27.4726 (18 df)

Saving state to vegas_last_iter106.
Vegas input parameters:
  ndim 11
  ncomp 1
  epsrel 0
  epsabs 0
  flags 291
  seed 2231
  mineval 1
  maxeval 1
  nstart 1000000
  nincrease 500000
  nbatch 1000
  gridno 1
  statefile "vegas_last_iter106"

Restoring state from vegas_last_iter106.

Iteration 20:  115000000 integrand evaluations so far
[1] 0.000432646 +- 4.88798e-08  	chisq 27.4823 (19 df)

Saving state to vegas_last_iter106.
Vegas input parameters:
  ndim 11
  ncomp 1
  epsrel 0
  epsabs 0
  flags 291
  seed 2337
  mineval 1
  maxeval 1
  nstart 1000000
  nincrease 500000
  nbatch 1000
  gridno 1
  statefile "vegas_last_iter106"

Restoring state from vegas_last_iter106.

Iteration 21:  126000000 integrand evaluations so far
[1] 0.000432639 +- 4.64519e-08  	chisq 27.6821 (20 df)

Saving state to vegas_last_iter106.
Vegas input parameters:
  ndim 11
  ncomp 1
  epsrel 0
  epsabs 0
  flags 291
  seed 2443
  mineval 1
  maxeval 1
  nstart 1000000
  nincrease 500000
  nbatch 1000
  gridno 1
  statefile "vegas_last_iter106"

Restoring state from vegas_last_iter106.

Iteration 22:  137500000 integrand evaluations so far
[1] 0.000432651 +- 4.42634e-08  	chisq 28.3288 (21 df)

Saving state to vegas_last_iter106.
Vegas input parameters:
  ndim 11
  ncomp 1
  epsrel 0
  epsabs 0
  flags 291
  seed 2549
  mineval 1
  maxeval 1
  nstart 1000000
  nincrease 500000
  nbatch 1000
  gridno 1
  statefile "vegas_last_iter106"

Restoring state from vegas_last_iter106.

Iteration 23:  149500000 integrand evaluations so far
[1] 0.00043265 +- 4.2278e-08  	chisq 28.332 (22 df)

Saving state to vegas_last_iter106.
Vegas input parameters:
  ndim 11
  ncomp 1
  epsrel 0
  epsabs 0
  flags 291
  seed 2655
  mineval 1
  maxeval 1
  nstart 1000000
  nincrease 500000
  nbatch 1000
  gridno 1
  statefile "vegas_last_iter106"

Restoring state from vegas_last_iter106.

Iteration 24:  162000000 integrand evaluations so far
[1] 0.000432653 +- 4.04625e-08  	chisq 28.3746 (23 df)

Saving state to vegas_last_iter106.
Vegas input parameters:
  ndim 11
  ncomp 1
  epsrel 0
  epsabs 0
  flags 291
  seed 2761
  mineval 1
  maxeval 1
  nstart 1000000
  nincrease 500000
  nbatch 1000
  gridno 1
  statefile "vegas_last_iter106"

Restoring state from vegas_last_iter106.

Iteration 25:  175000000 integrand evaluations so far
[1] 0.000432647 +- 3.88113e-08  	chisq 28.6525 (24 df)

Saving state to vegas_last_iter106.
Vegas input parameters:
  ndim 11
  ncomp 1
  epsrel 0
  epsabs 0
  flags 291
  seed 2867
  mineval 1
  maxeval 1
  nstart 1000000
  nincrease 500000
  nbatch 1000
  gridno 1
  statefile "vegas_last_iter106"

Restoring state from vegas_last_iter106.

Iteration 26:  188500000 integrand evaluations so far
[1] 0.000432649 +- 3.72865e-08  	chisq 28.6917 (25 df)

Saving state to vegas_last_iter106.
Vegas input parameters:
  ndim 11
  ncomp 1
  epsrel 0
  epsabs 0
  flags 291
  seed 2973
  mineval 1
  maxeval 1
  nstart 1000000
  nincrease 500000
  nbatch 1000
  gridno 1
  statefile "vegas_last_iter106"

Restoring state from vegas_last_iter106.

Iteration 27:  202500000 integrand evaluations so far
[1] 0.000432645 +- 3.58814e-08  	chisq 28.858 (26 df)

Saving state to vegas_last_iter106.
Thanks for using LHAPDF 6.3.0. Please make sure to cite the paper:
  Eur.Phys.J. C75 (2015) 3, 132  (http://arxiv.org/abs/1412.7420)
 method   =Vegas  
 nregions =           1
 neval    =   202500000
 fail     =           1
  0.432644556026E-03 +-   0.358813723809E-07   p =    0.632
