/var/lib/condor/execute/dir_9428
LHAPDF 6.3.0 loading /home/taebh/2021_Research/share/LHAPDF/NNPDF31_nnlo_as_0118_mc_hessian_pdfas/NNPDF31_nnlo_as_0118_mc_hessian_pdfas_0000.dat
NNPDF31_nnlo_as_0118_mc_hessian_pdfas PDF set, member #0, version 1
Vegas input parameters:
  ndim 11
  ncomp 1
  epsrel 0
  epsabs 0
  flags 291
  seed 242
  mineval 1
  maxeval 1
  nstart 1000000
  nincrease 500000
  nbatch 1000
  gridno 1
  statefile "vegas_last_iter131"

Iteration 1:  1000000 integrand evaluations so far
[1] 4.93481e-05 +- 1.15497e-05  	chisq 0 (0 df)

Saving state to vegas_last_iter131.
Vegas input parameters:
  ndim 11
  ncomp 1
  epsrel 0
  epsabs 0
  flags 291
  seed 373
  mineval 1
  maxeval 1
  nstart 1000000
  nincrease 500000
  nbatch 1000
  gridno 1
  statefile "vegas_last_iter131"

Restoring state from vegas_last_iter131.

Iteration 2:  2500000 integrand evaluations so far
[1] 5.11271e-05 +- 4.56552e-06  	chisq 0.02812 (1 df)

Saving state to vegas_last_iter131.
Vegas input parameters:
  ndim 11
  ncomp 1
  epsrel 0
  epsabs 0
  flags 291
  seed 504
  mineval 1
  maxeval 1
  nstart 1000000
  nincrease 500000
  nbatch 1000
  gridno 1
  statefile "vegas_last_iter131"

Restoring state from vegas_last_iter131.

Iteration 3:  4500000 integrand evaluations so far
[1] 5.0422e-05 +- 2.00429e-06  	chisq 0.0576709 (2 df)

Saving state to vegas_last_iter131.
Vegas input parameters:
  ndim 11
  ncomp 1
  epsrel 0
  epsabs 0
  flags 291
  seed 635
  mineval 1
  maxeval 1
  nstart 1000000
  nincrease 500000
  nbatch 1000
  gridno 1
  statefile "vegas_last_iter131"

Restoring state from vegas_last_iter131.

Iteration 4:  7000000 integrand evaluations so far
[1] 5.24664e-05 +- 1.00055e-06  	chisq 1.44347 (3 df)

Saving state to vegas_last_iter131.
Vegas input parameters:
  ndim 11
  ncomp 1
  epsrel 0
  epsabs 0
  flags 291
  seed 766
  mineval 1
  maxeval 1
  nstart 1000000
  nincrease 500000
  nbatch 1000
  gridno 1
  statefile "vegas_last_iter131"

Restoring state from vegas_last_iter131.

Iteration 5:  10000000 integrand evaluations so far
[1] 5.03799e-05 +- 5.85933e-07  	chisq 8.06189 (4 df)

Saving state to vegas_last_iter131.
Vegas input parameters:
  ndim 11
  ncomp 1
  epsrel 0
  epsabs 0
  flags 291
  seed 897
  mineval 1
  maxeval 1
  nstart 1000000
  nincrease 500000
  nbatch 1000
  gridno 1
  statefile "vegas_last_iter131"

Restoring state from vegas_last_iter131.

Iteration 6:  13500000 integrand evaluations so far
[1] 4.99012e-05 +- 4.04526e-07  	chisq 9.3371 (5 df)

Saving state to vegas_last_iter131.
Vegas input parameters:
  ndim 11
  ncomp 1
  epsrel 0
  epsabs 0
  flags 291
  seed 1028
  mineval 1
  maxeval 1
  nstart 1000000
  nincrease 500000
  nbatch 1000
  gridno 1
  statefile "vegas_last_iter131"

Restoring state from vegas_last_iter131.

Iteration 7:  17500000 integrand evaluations so far
[1] 4.96273e-05 +- 3.12847e-07  	chisq 10.4778 (6 df)

Saving state to vegas_last_iter131.
Vegas input parameters:
  ndim 11
  ncomp 1
  epsrel 0
  epsabs 0
  flags 291
  seed 1159
  mineval 1
  maxeval 1
  nstart 1000000
  nincrease 500000
  nbatch 1000
  gridno 1
  statefile "vegas_last_iter131"

Restoring state from vegas_last_iter131.

Iteration 8:  22000000 integrand evaluations so far
[1] 4.96885e-05 +- 2.57785e-07  	chisq 10.597 (7 df)

Saving state to vegas_last_iter131.
Vegas input parameters:
  ndim 11
  ncomp 1
  epsrel 0
  epsabs 0
  flags 291
  seed 1290
  mineval 1
  maxeval 1
  nstart 1000000
  nincrease 500000
  nbatch 1000
  gridno 1
  statefile "vegas_last_iter131"

Restoring state from vegas_last_iter131.

Iteration 9:  27000000 integrand evaluations so far
[1] 4.96388e-05 +- 2.20751e-07  	chisq 10.7367 (8 df)

Saving state to vegas_last_iter131.
Vegas input parameters:
  ndim 11
  ncomp 1
  epsrel 0
  epsabs 0
  flags 291
  seed 1421
  mineval 1
  maxeval 1
  nstart 1000000
  nincrease 500000
  nbatch 1000
  gridno 1
  statefile "vegas_last_iter131"

Restoring state from vegas_last_iter131.

Iteration 10:  32500000 integrand evaluations so far
[1] 4.94891e-05 +- 1.9376e-07  	chisq 12.7377 (9 df)

Saving state to vegas_last_iter131.
Vegas input parameters:
  ndim 11
  ncomp 1
  epsrel 0
  epsabs 0
  flags 291
  seed 1552
  mineval 1
  maxeval 1
  nstart 1000000
  nincrease 500000
  nbatch 1000
  gridno 1
  statefile "vegas_last_iter131"

Restoring state from vegas_last_iter131.

Iteration 11:  38500000 integrand evaluations so far
[1] 4.9521e-05 +- 1.73252e-07  	chisq 12.8726 (10 df)

Saving state to vegas_last_iter131.
Vegas input parameters:
  ndim 11
  ncomp 1
  epsrel 0
  epsabs 0
  flags 291
  seed 1683
  mineval 1
  maxeval 1
  nstart 1000000
  nincrease 500000
  nbatch 1000
  gridno 1
  statefile "vegas_last_iter131"

Restoring state from vegas_last_iter131.

Iteration 12:  45000000 integrand evaluations so far
[1] 4.95347e-05 +- 1.57014e-07  	chisq 12.9074 (11 df)

Saving state to vegas_last_iter131.
Vegas input parameters:
  ndim 11
  ncomp 1
  epsrel 0
  epsabs 0
  flags 291
  seed 1814
  mineval 1
  maxeval 1
  nstart 1000000
  nincrease 500000
  nbatch 1000
  gridno 1
  statefile "vegas_last_iter131"

Restoring state from vegas_last_iter131.

Iteration 13:  52000000 integrand evaluations so far
[1] 4.95754e-05 +- 1.4373e-07  	chisq 13.3223 (12 df)

Saving state to vegas_last_iter131.
Vegas input parameters:
  ndim 11
  ncomp 1
  epsrel 0
  epsabs 0
  flags 291
  seed 1945
  mineval 1
  maxeval 1
  nstart 1000000
  nincrease 500000
  nbatch 1000
  gridno 1
  statefile "vegas_last_iter131"

Restoring state from vegas_last_iter131.

Iteration 14:  59500000 integrand evaluations so far
[1] 4.95759e-05 +- 1.32638e-07  	chisq 13.3224 (13 df)

Saving state to vegas_last_iter131.
Vegas input parameters:
  ndim 11
  ncomp 1
  epsrel 0
  epsabs 0
  flags 291
  seed 2076
  mineval 1
  maxeval 1
  nstart 1000000
  nincrease 500000
  nbatch 1000
  gridno 1
  statefile "vegas_last_iter131"

Restoring state from vegas_last_iter131.

Iteration 15:  67500000 integrand evaluations so far
[1] 4.95823e-05 +- 1.23271e-07  	chisq 13.3394 (14 df)

Saving state to vegas_last_iter131.
Vegas input parameters:
  ndim 11
  ncomp 1
  epsrel 0
  epsabs 0
  flags 291
  seed 2207
  mineval 1
  maxeval 1
  nstart 1000000
  nincrease 500000
  nbatch 1000
  gridno 1
  statefile "vegas_last_iter131"

Restoring state from vegas_last_iter131.

Iteration 16:  76000000 integrand evaluations so far
[1] 4.95981e-05 +- 1.15189e-07  	chisq 13.4692 (15 df)

Saving state to vegas_last_iter131.
Vegas input parameters:
  ndim 11
  ncomp 1
  epsrel 0
  epsabs 0
  flags 291
  seed 2338
  mineval 1
  maxeval 1
  nstart 1000000
  nincrease 500000
  nbatch 1000
  gridno 1
  statefile "vegas_last_iter131"

Restoring state from vegas_last_iter131.

Iteration 17:  85000000 integrand evaluations so far
[1] 4.96219e-05 +- 1.08159e-07  	chisq 13.8309 (16 df)

Saving state to vegas_last_iter131.
Vegas input parameters:
  ndim 11
  ncomp 1
  epsrel 0
  epsabs 0
  flags 291
  seed 2469
  mineval 1
  maxeval 1
  nstart 1000000
  nincrease 500000
  nbatch 1000
  gridno 1
  statefile "vegas_last_iter131"

Restoring state from vegas_last_iter131.

Iteration 18:  94500000 integrand evaluations so far
[1] 4.95948e-05 +- 1.01973e-07  	chisq 14.3953 (17 df)

Saving state to vegas_last_iter131.
Vegas input parameters:
  ndim 11
  ncomp 1
  epsrel 0
  epsabs 0
  flags 291
  seed 2600
  mineval 1
  maxeval 1
  nstart 1000000
  nincrease 500000
  nbatch 1000
  gridno 1
  statefile "vegas_last_iter131"

Restoring state from vegas_last_iter131.

Iteration 19:  104500000 integrand evaluations so far
[1] 4.95666e-05 +- 9.64912e-08  	chisq 15.1291 (18 df)

Saving state to vegas_last_iter131.
Vegas input parameters:
  ndim 11
  ncomp 1
  epsrel 0
  epsabs 0
  flags 291
  seed 2731
  mineval 1
  maxeval 1
  nstart 1000000
  nincrease 500000
  nbatch 1000
  gridno 1
  statefile "vegas_last_iter131"

Restoring state from vegas_last_iter131.

Iteration 20:  115000000 integrand evaluations so far
[1] 4.95587e-05 +- 9.15924e-08  	chisq 15.197 (19 df)

Saving state to vegas_last_iter131.
Vegas input parameters:
  ndim 11
  ncomp 1
  epsrel 0
  epsabs 0
  flags 291
  seed 2862
  mineval 1
  maxeval 1
  nstart 1000000
  nincrease 500000
  nbatch 1000
  gridno 1
  statefile "vegas_last_iter131"

Restoring state from vegas_last_iter131.

Iteration 21:  126000000 integrand evaluations so far
[1] 4.95559e-05 +- 8.71762e-08  	chisq 15.2064 (20 df)

Saving state to vegas_last_iter131.
Vegas input parameters:
  ndim 11
  ncomp 1
  epsrel 0
  epsabs 0
  flags 291
  seed 2993
  mineval 1
  maxeval 1
  nstart 1000000
  nincrease 500000
  nbatch 1000
  gridno 1
  statefile "vegas_last_iter131"

Restoring state from vegas_last_iter131.

Iteration 22:  137500000 integrand evaluations so far
[1] 4.9562e-05 +- 8.31823e-08  	chisq 15.26 (21 df)

Saving state to vegas_last_iter131.
Vegas input parameters:
  ndim 11
  ncomp 1
  epsrel 0
  epsabs 0
  flags 291
  seed 3124
  mineval 1
  maxeval 1
  nstart 1000000
  nincrease 500000
  nbatch 1000
  gridno 1
  statefile "vegas_last_iter131"

Restoring state from vegas_last_iter131.

Iteration 23:  149500000 integrand evaluations so far
[1] 4.96017e-05 +- 7.95538e-08  	chisq 17.9306 (22 df)

Saving state to vegas_last_iter131.
Vegas input parameters:
  ndim 11
  ncomp 1
  epsrel 0
  epsabs 0
  flags 291
  seed 3255
  mineval 1
  maxeval 1
  nstart 1000000
  nincrease 500000
  nbatch 1000
  gridno 1
  statefile "vegas_last_iter131"

Restoring state from vegas_last_iter131.

Iteration 24:  162000000 integrand evaluations so far
[1] 4.9601e-05 +- 7.62415e-08  	chisq 17.9315 (23 df)

Saving state to vegas_last_iter131.
Vegas input parameters:
  ndim 11
  ncomp 1
  epsrel 0
  epsabs 0
  flags 291
  seed 3386
  mineval 1
  maxeval 1
  nstart 1000000
  nincrease 500000
  nbatch 1000
  gridno 1
  statefile "vegas_last_iter131"

Restoring state from vegas_last_iter131.

Iteration 25:  175000000 integrand evaluations so far
[1] 4.95642e-05 +- 7.3188e-08  	chisq 20.8939 (24 df)

Saving state to vegas_last_iter131.
Vegas input parameters:
  ndim 11
  ncomp 1
  epsrel 0
  epsabs 0
  flags 291
  seed 3517
  mineval 1
  maxeval 1
  nstart 1000000
  nincrease 500000
  nbatch 1000
  gridno 1
  statefile "vegas_last_iter131"

Restoring state from vegas_last_iter131.

Iteration 26:  188500000 integrand evaluations so far
[1] 4.96095e-05 +- 7.03748e-08  	chisq 25.9742 (25 df)

Saving state to vegas_last_iter131.
Vegas input parameters:
  ndim 11
  ncomp 1
  epsrel 0
  epsabs 0
  flags 291
  seed 3648
  mineval 1
  maxeval 1
  nstart 1000000
  nincrease 500000
  nbatch 1000
  gridno 1
  statefile "vegas_last_iter131"

Restoring state from vegas_last_iter131.

Iteration 27:  202500000 integrand evaluations so far
[1] 4.96014e-05 +- 6.77805e-08  	chisq 26.1587 (26 df)

Saving state to vegas_last_iter131.
Thanks for using LHAPDF 6.3.0. Please make sure to cite the paper:
  Eur.Phys.J. C75 (2015) 3, 132  (http://arxiv.org/abs/1412.7420)
 method   =Vegas  
 nregions =           1
 neval    =   202500000
 fail     =           1
  0.496013988355E-04 +-   0.677805386405E-07   p =    0.490
