/var/lib/condor/execute/dir_11081
LHAPDF 6.3.0 loading /home/taebh/2021_Research/share/LHAPDF/NNPDF31_nnlo_as_0118_mc_hessian_pdfas/NNPDF31_nnlo_as_0118_mc_hessian_pdfas_0000.dat
NNPDF31_nnlo_as_0118_mc_hessian_pdfas PDF set, member #0, version 1
Vegas input parameters:
  ndim 11
  ncomp 1
  epsrel 0
  epsabs 0
  flags 291
  seed 136
  mineval 1
  maxeval 1
  nstart 1000000
  nincrease 500000
  nbatch 1000
  gridno 1
  statefile "vegas_last_iter25"

Iteration 1:  1000000 integrand evaluations so far
[1] -3.78216e-07 +- 5.34517e-08  	chisq 0 (0 df)

Saving state to vegas_last_iter25.
Vegas input parameters:
  ndim 11
  ncomp 1
  epsrel 0
  epsabs 0
  flags 291
  seed 161
  mineval 1
  maxeval 1
  nstart 1000000
  nincrease 500000
  nbatch 1000
  gridno 1
  statefile "vegas_last_iter25"

Restoring state from vegas_last_iter25.

Iteration 2:  2500000 integrand evaluations so far
[1] -3.45573e-07 +- 1.02167e-08  	chisq 0.387099 (1 df)

Saving state to vegas_last_iter25.
Vegas input parameters:
  ndim 11
  ncomp 1
  epsrel 0
  epsabs 0
  flags 291
  seed 186
  mineval 1
  maxeval 1
  nstart 1000000
  nincrease 500000
  nbatch 1000
  gridno 1
  statefile "vegas_last_iter25"

Restoring state from vegas_last_iter25.

Iteration 3:  4500000 integrand evaluations so far
[1] -3.70343e-07 +- 6.05766e-09  	chisq 9.45198 (2 df)

Saving state to vegas_last_iter25.
Vegas input parameters:
  ndim 11
  ncomp 1
  epsrel 0
  epsabs 0
  flags 291
  seed 211
  mineval 1
  maxeval 1
  nstart 1000000
  nincrease 500000
  nbatch 1000
  gridno 1
  statefile "vegas_last_iter25"

Restoring state from vegas_last_iter25.

Iteration 4:  7000000 integrand evaluations so far
[1] -3.81922e-07 +- 1.81362e-09  	chisq 13.4654 (3 df)

Saving state to vegas_last_iter25.
Vegas input parameters:
  ndim 11
  ncomp 1
  epsrel 0
  epsabs 0
  flags 291
  seed 236
  mineval 1
  maxeval 1
  nstart 1000000
  nincrease 500000
  nbatch 1000
  gridno 1
  statefile "vegas_last_iter25"

Restoring state from vegas_last_iter25.

Iteration 5:  10000000 integrand evaluations so far
[1] -3.81699e-07 +- 6.98474e-10  	chisq 13.4833 (4 df)

Saving state to vegas_last_iter25.
Vegas input parameters:
  ndim 11
  ncomp 1
  epsrel 0
  epsabs 0
  flags 291
  seed 261
  mineval 1
  maxeval 1
  nstart 1000000
  nincrease 500000
  nbatch 1000
  gridno 1
  statefile "vegas_last_iter25"

Restoring state from vegas_last_iter25.

Iteration 6:  13500000 integrand evaluations so far
[1] -3.80645e-07 +- 3.9352e-10  	chisq 16.8196 (5 df)

Saving state to vegas_last_iter25.
Vegas input parameters:
  ndim 11
  ncomp 1
  epsrel 0
  epsabs 0
  flags 291
  seed 286
  mineval 1
  maxeval 1
  nstart 1000000
  nincrease 500000
  nbatch 1000
  gridno 1
  statefile "vegas_last_iter25"

Restoring state from vegas_last_iter25.

Iteration 7:  17500000 integrand evaluations so far
[1] -3.8083e-07 +- 2.77296e-10  	chisq 17.2631 (6 df)

Saving state to vegas_last_iter25.
Vegas input parameters:
  ndim 11
  ncomp 1
  epsrel 0
  epsabs 0
  flags 291
  seed 311
  mineval 1
  maxeval 1
  nstart 1000000
  nincrease 500000
  nbatch 1000
  gridno 1
  statefile "vegas_last_iter25"

Restoring state from vegas_last_iter25.

Iteration 8:  22000000 integrand evaluations so far
[1] -3.80636e-07 +- 2.17448e-10  	chisq 18.5399 (7 df)

Saving state to vegas_last_iter25.
Vegas input parameters:
  ndim 11
  ncomp 1
  epsrel 0
  epsabs 0
  flags 291
  seed 336
  mineval 1
  maxeval 1
  nstart 1000000
  nincrease 500000
  nbatch 1000
  gridno 1
  statefile "vegas_last_iter25"

Restoring state from vegas_last_iter25.

Iteration 9:  27000000 integrand evaluations so far
[1] -3.80548e-07 +- 1.8103e-10  	chisq 19.0803 (8 df)

Saving state to vegas_last_iter25.
Vegas input parameters:
  ndim 11
  ncomp 1
  epsrel 0
  epsabs 0
  flags 291
  seed 361
  mineval 1
  maxeval 1
  nstart 1000000
  nincrease 500000
  nbatch 1000
  gridno 1
  statefile "vegas_last_iter25"

Restoring state from vegas_last_iter25.

Iteration 10:  32500000 integrand evaluations so far
[1] -3.80515e-07 +- 1.56222e-10  	chisq 19.2086 (9 df)

Saving state to vegas_last_iter25.
Vegas input parameters:
  ndim 11
  ncomp 1
  epsrel 0
  epsabs 0
  flags 291
  seed 386
  mineval 1
  maxeval 1
  nstart 1000000
  nincrease 500000
  nbatch 1000
  gridno 1
  statefile "vegas_last_iter25"

Restoring state from vegas_last_iter25.

Iteration 11:  38500000 integrand evaluations so far
[1] -3.8035e-07 +- 1.38067e-10  	chisq 24.3105 (10 df)

Saving state to vegas_last_iter25.
Vegas input parameters:
  ndim 11
  ncomp 1
  epsrel 0
  epsabs 0
  flags 291
  seed 411
  mineval 1
  maxeval 1
  nstart 1000000
  nincrease 500000
  nbatch 1000
  gridno 1
  statefile "vegas_last_iter25"

Restoring state from vegas_last_iter25.

Iteration 12:  45000000 integrand evaluations so far
[1] -3.80348e-07 +- 1.24127e-10  	chisq 24.3111 (11 df)

Saving state to vegas_last_iter25.
Vegas input parameters:
  ndim 11
  ncomp 1
  epsrel 0
  epsabs 0
  flags 291
  seed 436
  mineval 1
  maxeval 1
  nstart 1000000
  nincrease 500000
  nbatch 1000
  gridno 1
  statefile "vegas_last_iter25"

Restoring state from vegas_last_iter25.

Iteration 13:  52000000 integrand evaluations so far
[1] -3.80318e-07 +- 1.12972e-10  	chisq 24.6655 (12 df)

Saving state to vegas_last_iter25.
Vegas input parameters:
  ndim 11
  ncomp 1
  epsrel 0
  epsabs 0
  flags 291
  seed 461
  mineval 1
  maxeval 1
  nstart 1000000
  nincrease 500000
  nbatch 1000
  gridno 1
  statefile "vegas_last_iter25"

Restoring state from vegas_last_iter25.

Iteration 14:  59500000 integrand evaluations so far
[1] -3.80296e-07 +- 1.03833e-10  	chisq 24.8998 (13 df)

Saving state to vegas_last_iter25.
Vegas input parameters:
  ndim 11
  ncomp 1
  epsrel 0
  epsabs 0
  flags 291
  seed 486
  mineval 1
  maxeval 1
  nstart 1000000
  nincrease 500000
  nbatch 1000
  gridno 1
  statefile "vegas_last_iter25"

Restoring state from vegas_last_iter25.

Iteration 15:  67500000 integrand evaluations so far
[1] -3.80305e-07 +- 9.61685e-11  	chisq 24.9465 (14 df)

Saving state to vegas_last_iter25.
Vegas input parameters:
  ndim 11
  ncomp 1
  epsrel 0
  epsabs 0
  flags 291
  seed 511
  mineval 1
  maxeval 1
  nstart 1000000
  nincrease 500000
  nbatch 1000
  gridno 1
  statefile "vegas_last_iter25"

Restoring state from vegas_last_iter25.

Iteration 16:  76000000 integrand evaluations so far
[1] -3.80287e-07 +- 8.96296e-11  	chisq 25.195 (15 df)

Saving state to vegas_last_iter25.
Vegas input parameters:
  ndim 11
  ncomp 1
  epsrel 0
  epsabs 0
  flags 291
  seed 536
  mineval 1
  maxeval 1
  nstart 1000000
  nincrease 500000
  nbatch 1000
  gridno 1
  statefile "vegas_last_iter25"

Restoring state from vegas_last_iter25.

Iteration 17:  85000000 integrand evaluations so far
[1] -3.8028e-07 +- 8.3966e-11  	chisq 25.2447 (16 df)

Saving state to vegas_last_iter25.
Vegas input parameters:
  ndim 11
  ncomp 1
  epsrel 0
  epsabs 0
  flags 291
  seed 561
  mineval 1
  maxeval 1
  nstart 1000000
  nincrease 500000
  nbatch 1000
  gridno 1
  statefile "vegas_last_iter25"

Restoring state from vegas_last_iter25.

Iteration 18:  94500000 integrand evaluations so far
[1] -3.80312e-07 +- 7.9017e-11  	chisq 26.4644 (17 df)

Saving state to vegas_last_iter25.
Vegas input parameters:
  ndim 11
  ncomp 1
  epsrel 0
  epsabs 0
  flags 291
  seed 586
  mineval 1
  maxeval 1
  nstart 1000000
  nincrease 500000
  nbatch 1000
  gridno 1
  statefile "vegas_last_iter25"

Restoring state from vegas_last_iter25.

Iteration 19:  104500000 integrand evaluations so far
[1] -3.80303e-07 +- 7.46399e-11  	chisq 26.5762 (18 df)

Saving state to vegas_last_iter25.
Vegas input parameters:
  ndim 11
  ncomp 1
  epsrel 0
  epsabs 0
  flags 291
  seed 611
  mineval 1
  maxeval 1
  nstart 1000000
  nincrease 500000
  nbatch 1000
  gridno 1
  statefile "vegas_last_iter25"

Restoring state from vegas_last_iter25.

Iteration 20:  115000000 integrand evaluations so far
[1] -3.80305e-07 +- 7.07463e-11  	chisq 26.5857 (19 df)

Saving state to vegas_last_iter25.
Vegas input parameters:
  ndim 11
  ncomp 1
  epsrel 0
  epsabs 0
  flags 291
  seed 636
  mineval 1
  maxeval 1
  nstart 1000000
  nincrease 500000
  nbatch 1000
  gridno 1
  statefile "vegas_last_iter25"

Restoring state from vegas_last_iter25.

Iteration 21:  126000000 integrand evaluations so far
[1] -3.80294e-07 +- 6.72561e-11  	chisq 26.8389 (20 df)

Saving state to vegas_last_iter25.
Vegas input parameters:
  ndim 11
  ncomp 1
  epsrel 0
  epsabs 0
  flags 291
  seed 661
  mineval 1
  maxeval 1
  nstart 1000000
  nincrease 500000
  nbatch 1000
  gridno 1
  statefile "vegas_last_iter25"

Restoring state from vegas_last_iter25.

Iteration 22:  137500000 integrand evaluations so far
[1] -3.80297e-07 +- 6.41119e-11  	chisq 26.8602 (21 df)

Saving state to vegas_last_iter25.
Vegas input parameters:
  ndim 11
  ncomp 1
  epsrel 0
  epsabs 0
  flags 291
  seed 686
  mineval 1
  maxeval 1
  nstart 1000000
  nincrease 500000
  nbatch 1000
  gridno 1
  statefile "vegas_last_iter25"

Restoring state from vegas_last_iter25.

Iteration 23:  149500000 integrand evaluations so far
[1] -3.80262e-07 +- 6.12551e-11  	chisq 30.225 (22 df)

Saving state to vegas_last_iter25.
Vegas input parameters:
  ndim 11
  ncomp 1
  epsrel 0
  epsabs 0
  flags 291
  seed 711
  mineval 1
  maxeval 1
  nstart 1000000
  nincrease 500000
  nbatch 1000
  gridno 1
  statefile "vegas_last_iter25"

Restoring state from vegas_last_iter25.

Iteration 24:  162000000 integrand evaluations so far
[1] -3.80267e-07 +- 5.86523e-11  	chisq 30.2819 (23 df)

Saving state to vegas_last_iter25.
Vegas input parameters:
  ndim 11
  ncomp 1
  epsrel 0
  epsabs 0
  flags 291
  seed 736
  mineval 1
  maxeval 1
  nstart 1000000
  nincrease 500000
  nbatch 1000
  gridno 1
  statefile "vegas_last_iter25"

Restoring state from vegas_last_iter25.

Iteration 25:  175000000 integrand evaluations so far
[1] -3.80285e-07 +- 5.62667e-11  	chisq 31.5843 (24 df)

Saving state to vegas_last_iter25.
Vegas input parameters:
  ndim 11
  ncomp 1
  epsrel 0
  epsabs 0
  flags 291
  seed 761
  mineval 1
  maxeval 1
  nstart 1000000
  nincrease 500000
  nbatch 1000
  gridno 1
  statefile "vegas_last_iter25"

Restoring state from vegas_last_iter25.

Iteration 26:  188500000 integrand evaluations so far
[1] -3.80296e-07 +- 5.40749e-11  	chisq 32.0468 (25 df)

Saving state to vegas_last_iter25.
Vegas input parameters:
  ndim 11
  ncomp 1
  epsrel 0
  epsabs 0
  flags 291
  seed 786
  mineval 1
  maxeval 1
  nstart 1000000
  nincrease 500000
  nbatch 1000
  gridno 1
  statefile "vegas_last_iter25"

Restoring state from vegas_last_iter25.

Iteration 27:  202500000 integrand evaluations so far
[1] -3.8029e-07 +- 5.2053e-11  	chisq 32.2342 (26 df)

Saving state to vegas_last_iter25.
Thanks for using LHAPDF 6.3.0. Please make sure to cite the paper:
  Eur.Phys.J. C75 (2015) 3, 132  (http://arxiv.org/abs/1412.7420)
 method   =Vegas  
 nregions =           1
 neval    =   202500000
 fail     =           1
 -0.380289728131E-06 +-   0.520530041605E-10   p =    0.776
