/var/lib/condor/execute/dir_37304
LHAPDF 6.3.0 loading /home/taebh/2021_Research/share/LHAPDF/NNPDF31_nnlo_as_0118_mc_hessian_pdfas/NNPDF31_nnlo_as_0118_mc_hessian_pdfas_0000.dat
NNPDF31_nnlo_as_0118_mc_hessian_pdfas PDF set, member #0, version 1
Vegas input parameters:
  ndim 11
  ncomp 1
  epsrel 0
  epsabs 0
  flags 291
  seed 216
  mineval 1
  maxeval 1
  nstart 1000000
  nincrease 500000
  nbatch 1000
  gridno 1
  statefile "vegas_last_iter105"

Iteration 1:  1000000 integrand evaluations so far
[1] -2.57905e-07 +- 1.9811e-06  	chisq 0 (0 df)

Saving state to vegas_last_iter105.
Vegas input parameters:
  ndim 11
  ncomp 1
  epsrel 0
  epsabs 0
  flags 291
  seed 321
  mineval 1
  maxeval 1
  nstart 1000000
  nincrease 500000
  nbatch 1000
  gridno 1
  statefile "vegas_last_iter105"

Restoring state from vegas_last_iter105.

Iteration 2:  2500000 integrand evaluations so far
[1] -7.49024e-07 +- 5.30654e-07  	chisq 0.0662061 (1 df)

Saving state to vegas_last_iter105.
Vegas input parameters:
  ndim 11
  ncomp 1
  epsrel 0
  epsabs 0
  flags 291
  seed 426
  mineval 1
  maxeval 1
  nstart 1000000
  nincrease 500000
  nbatch 1000
  gridno 1
  statefile "vegas_last_iter105"

Restoring state from vegas_last_iter105.

Iteration 3:  4500000 integrand evaluations so far
[1] -8.12384e-07 +- 2.64488e-07  	chisq 0.0851742 (2 df)

Saving state to vegas_last_iter105.
Vegas input parameters:
  ndim 11
  ncomp 1
  epsrel 0
  epsabs 0
  flags 291
  seed 531
  mineval 1
  maxeval 1
  nstart 1000000
  nincrease 500000
  nbatch 1000
  gridno 1
  statefile "vegas_last_iter105"

Restoring state from vegas_last_iter105.

Iteration 4:  7000000 integrand evaluations so far
[1] -7.62499e-07 +- 5.45739e-08  	chisq 0.122329 (3 df)

Saving state to vegas_last_iter105.
Vegas input parameters:
  ndim 11
  ncomp 1
  epsrel 0
  epsabs 0
  flags 291
  seed 636
  mineval 1
  maxeval 1
  nstart 1000000
  nincrease 500000
  nbatch 1000
  gridno 1
  statefile "vegas_last_iter105"

Restoring state from vegas_last_iter105.

Iteration 5:  10000000 integrand evaluations so far
[1] -7.17058e-07 +- 1.87266e-08  	chisq 0.908166 (4 df)

Saving state to vegas_last_iter105.
Vegas input parameters:
  ndim 11
  ncomp 1
  epsrel 0
  epsabs 0
  flags 291
  seed 741
  mineval 1
  maxeval 1
  nstart 1000000
  nincrease 500000
  nbatch 1000
  gridno 1
  statefile "vegas_last_iter105"

Restoring state from vegas_last_iter105.

Iteration 6:  13500000 integrand evaluations so far
[1] -7.04431e-07 +- 9.47341e-09  	chisq 1.5192 (5 df)

Saving state to vegas_last_iter105.
Vegas input parameters:
  ndim 11
  ncomp 1
  epsrel 0
  epsabs 0
  flags 291
  seed 846
  mineval 1
  maxeval 1
  nstart 1000000
  nincrease 500000
  nbatch 1000
  gridno 1
  statefile "vegas_last_iter105"

Restoring state from vegas_last_iter105.

Iteration 7:  17500000 integrand evaluations so far
[1] -6.98464e-07 +- 6.50271e-09  	chisq 2.26932 (6 df)

Saving state to vegas_last_iter105.
Vegas input parameters:
  ndim 11
  ncomp 1
  epsrel 0
  epsabs 0
  flags 291
  seed 951
  mineval 1
  maxeval 1
  nstart 1000000
  nincrease 500000
  nbatch 1000
  gridno 1
  statefile "vegas_last_iter105"

Restoring state from vegas_last_iter105.

Iteration 8:  22000000 integrand evaluations so far
[1] -6.98003e-07 +- 5.06218e-09  	chisq 2.28207 (7 df)

Saving state to vegas_last_iter105.
Vegas input parameters:
  ndim 11
  ncomp 1
  epsrel 0
  epsabs 0
  flags 291
  seed 1056
  mineval 1
  maxeval 1
  nstart 1000000
  nincrease 500000
  nbatch 1000
  gridno 1
  statefile "vegas_last_iter105"

Restoring state from vegas_last_iter105.

Iteration 9:  27000000 integrand evaluations so far
[1] -7.00494e-07 +- 4.20473e-09  	chisq 3.06276 (8 df)

Saving state to vegas_last_iter105.
Vegas input parameters:
  ndim 11
  ncomp 1
  epsrel 0
  epsabs 0
  flags 291
  seed 1161
  mineval 1
  maxeval 1
  nstart 1000000
  nincrease 500000
  nbatch 1000
  gridno 1
  statefile "vegas_last_iter105"

Restoring state from vegas_last_iter105.

Iteration 10:  32500000 integrand evaluations so far
[1] -7.02032e-07 +- 3.62424e-09  	chisq 3.58358 (9 df)

Saving state to vegas_last_iter105.
Vegas input parameters:
  ndim 11
  ncomp 1
  epsrel 0
  epsabs 0
  flags 291
  seed 1266
  mineval 1
  maxeval 1
  nstart 1000000
  nincrease 500000
  nbatch 1000
  gridno 1
  statefile "vegas_last_iter105"

Restoring state from vegas_last_iter105.

Iteration 11:  38500000 integrand evaluations so far
[1] -7.01942e-07 +- 3.19925e-09  	chisq 3.58639 (10 df)

Saving state to vegas_last_iter105.
Vegas input parameters:
  ndim 11
  ncomp 1
  epsrel 0
  epsabs 0
  flags 291
  seed 1371
  mineval 1
  maxeval 1
  nstart 1000000
  nincrease 500000
  nbatch 1000
  gridno 1
  statefile "vegas_last_iter105"

Restoring state from vegas_last_iter105.

Iteration 12:  45000000 integrand evaluations so far
[1] -7.03361e-07 +- 2.87912e-09  	chisq 4.62177 (11 df)

Saving state to vegas_last_iter105.
Vegas input parameters:
  ndim 11
  ncomp 1
  epsrel 0
  epsabs 0
  flags 291
  seed 1476
  mineval 1
  maxeval 1
  nstart 1000000
  nincrease 500000
  nbatch 1000
  gridno 1
  statefile "vegas_last_iter105"

Restoring state from vegas_last_iter105.

Iteration 13:  52000000 integrand evaluations so far
[1] -7.03701e-07 +- 2.61985e-09  	chisq 4.70271 (12 df)

Saving state to vegas_last_iter105.
Vegas input parameters:
  ndim 11
  ncomp 1
  epsrel 0
  epsabs 0
  flags 291
  seed 1581
  mineval 1
  maxeval 1
  nstart 1000000
  nincrease 500000
  nbatch 1000
  gridno 1
  statefile "vegas_last_iter105"

Restoring state from vegas_last_iter105.

Iteration 14:  59500000 integrand evaluations so far
[1] -7.03178e-07 +- 2.40593e-09  	chisq 4.95731 (13 df)

Saving state to vegas_last_iter105.
Vegas input parameters:
  ndim 11
  ncomp 1
  epsrel 0
  epsabs 0
  flags 291
  seed 1686
  mineval 1
  maxeval 1
  nstart 1000000
  nincrease 500000
  nbatch 1000
  gridno 1
  statefile "vegas_last_iter105"

Restoring state from vegas_last_iter105.

Iteration 15:  67500000 integrand evaluations so far
[1] -7.03901e-07 +- 2.22672e-09  	chisq 5.58677 (14 df)

Saving state to vegas_last_iter105.
Vegas input parameters:
  ndim 11
  ncomp 1
  epsrel 0
  epsabs 0
  flags 291
  seed 1791
  mineval 1
  maxeval 1
  nstart 1000000
  nincrease 500000
  nbatch 1000
  gridno 1
  statefile "vegas_last_iter105"

Restoring state from vegas_last_iter105.

Iteration 16:  76000000 integrand evaluations so far
[1] -7.04491e-07 +- 2.07446e-09  	chisq 6.1195 (15 df)

Saving state to vegas_last_iter105.
Vegas input parameters:
  ndim 11
  ncomp 1
  epsrel 0
  epsabs 0
  flags 291
  seed 1896
  mineval 1
  maxeval 1
  nstart 1000000
  nincrease 500000
  nbatch 1000
  gridno 1
  statefile "vegas_last_iter105"

Restoring state from vegas_last_iter105.

Iteration 17:  85000000 integrand evaluations so far
[1] -7.05047e-07 +- 1.94292e-09  	chisq 6.70255 (16 df)

Saving state to vegas_last_iter105.
Vegas input parameters:
  ndim 11
  ncomp 1
  epsrel 0
  epsabs 0
  flags 291
  seed 2001
  mineval 1
  maxeval 1
  nstart 1000000
  nincrease 500000
  nbatch 1000
  gridno 1
  statefile "vegas_last_iter105"

Restoring state from vegas_last_iter105.

Iteration 18:  94500000 integrand evaluations so far
[1] -7.04285e-07 +- 1.82792e-09  	chisq 8.0405 (17 df)

Saving state to vegas_last_iter105.
Vegas input parameters:
  ndim 11
  ncomp 1
  epsrel 0
  epsabs 0
  flags 291
  seed 2106
  mineval 1
  maxeval 1
  nstart 1000000
  nincrease 500000
  nbatch 1000
  gridno 1
  statefile "vegas_last_iter105"

Restoring state from vegas_last_iter105.

Iteration 19:  104500000 integrand evaluations so far
[1] -7.04715e-07 +- 1.72684e-09  	chisq 8.55567 (18 df)

Saving state to vegas_last_iter105.
Vegas input parameters:
  ndim 11
  ncomp 1
  epsrel 0
  epsabs 0
  flags 291
  seed 2211
  mineval 1
  maxeval 1
  nstart 1000000
  nincrease 500000
  nbatch 1000
  gridno 1
  statefile "vegas_last_iter105"

Restoring state from vegas_last_iter105.

Iteration 20:  115000000 integrand evaluations so far
[1] -7.03875e-07 +- 1.63674e-09  	chisq 10.8849 (19 df)

Saving state to vegas_last_iter105.
Vegas input parameters:
  ndim 11
  ncomp 1
  epsrel 0
  epsabs 0
  flags 291
  seed 2316
  mineval 1
  maxeval 1
  nstart 1000000
  nincrease 500000
  nbatch 1000
  gridno 1
  statefile "vegas_last_iter105"

Restoring state from vegas_last_iter105.

Iteration 21:  126000000 integrand evaluations so far
[1] -7.03005e-07 +- 1.55603e-09  	chisq 13.8192 (20 df)

Saving state to vegas_last_iter105.
Vegas input parameters:
  ndim 11
  ncomp 1
  epsrel 0
  epsabs 0
  flags 291
  seed 2421
  mineval 1
  maxeval 1
  nstart 1000000
  nincrease 500000
  nbatch 1000
  gridno 1
  statefile "vegas_last_iter105"

Restoring state from vegas_last_iter105.

Iteration 22:  137500000 integrand evaluations so far
[1] -7.02991e-07 +- 1.48311e-09  	chisq 13.8201 (21 df)

Saving state to vegas_last_iter105.
Vegas input parameters:
  ndim 11
  ncomp 1
  epsrel 0
  epsabs 0
  flags 291
  seed 2526
  mineval 1
  maxeval 1
  nstart 1000000
  nincrease 500000
  nbatch 1000
  gridno 1
  statefile "vegas_last_iter105"

Restoring state from vegas_last_iter105.

Iteration 23:  149500000 integrand evaluations so far
[1] -7.02928e-07 +- 1.41694e-09  	chisq 13.8411 (22 df)

Saving state to vegas_last_iter105.
Vegas input parameters:
  ndim 11
  ncomp 1
  epsrel 0
  epsabs 0
  flags 291
  seed 2631
  mineval 1
  maxeval 1
  nstart 1000000
  nincrease 500000
  nbatch 1000
  gridno 1
  statefile "vegas_last_iter105"

Restoring state from vegas_last_iter105.

Iteration 24:  162000000 integrand evaluations so far
[1] -7.02896e-07 +- 1.35661e-09  	chisq 13.8472 (23 df)

Saving state to vegas_last_iter105.
Vegas input parameters:
  ndim 11
  ncomp 1
  epsrel 0
  epsabs 0
  flags 291
  seed 2736
  mineval 1
  maxeval 1
  nstart 1000000
  nincrease 500000
  nbatch 1000
  gridno 1
  statefile "vegas_last_iter105"

Restoring state from vegas_last_iter105.

Iteration 25:  175000000 integrand evaluations so far
[1] -7.03011e-07 +- 1.30153e-09  	chisq 13.9385 (24 df)

Saving state to vegas_last_iter105.
Vegas input parameters:
  ndim 11
  ncomp 1
  epsrel 0
  epsabs 0
  flags 291
  seed 2841
  mineval 1
  maxeval 1
  nstart 1000000
  nincrease 500000
  nbatch 1000
  gridno 1
  statefile "vegas_last_iter105"

Restoring state from vegas_last_iter105.

Iteration 26:  188500000 integrand evaluations so far
[1] -7.03377e-07 +- 1.25077e-09  	chisq 14.972 (25 df)

Saving state to vegas_last_iter105.
Vegas input parameters:
  ndim 11
  ncomp 1
  epsrel 0
  epsabs 0
  flags 291
  seed 2946
  mineval 1
  maxeval 1
  nstart 1000000
  nincrease 500000
  nbatch 1000
  gridno 1
  statefile "vegas_last_iter105"

Restoring state from vegas_last_iter105.

Iteration 27:  202500000 integrand evaluations so far
[1] -7.02665e-07 +- 1.20404e-09  	chisq 19.3898 (26 df)

Saving state to vegas_last_iter105.
Thanks for using LHAPDF 6.3.0. Please make sure to cite the paper:
  Eur.Phys.J. C75 (2015) 3, 132  (http://arxiv.org/abs/1412.7420)
 method   =Vegas  
 nregions =           1
 neval    =   202500000
 fail     =           1
 -0.702665269791E-06 +-   0.120403596828E-08   p =    0.145
