/var/lib/condor/execute/dir_11108
LHAPDF 6.3.0 loading /home/taebh/2021_Research/share/LHAPDF/NNPDF31_nnlo_as_0118_mc_hessian_pdfas/NNPDF31_nnlo_as_0118_mc_hessian_pdfas_0000.dat
NNPDF31_nnlo_as_0118_mc_hessian_pdfas PDF set, member #0, version 1
Vegas input parameters:
  ndim 11
  ncomp 1
  epsrel 0
  epsabs 0
  flags 291
  seed 142
  mineval 1
  maxeval 1
  nstart 1000000
  nincrease 500000
  nbatch 1000
  gridno 1
  statefile "vegas_last_iter31"

Iteration 1:  1000000 integrand evaluations so far
[1] 2.17531e-06 +- 1.78683e-06  	chisq 0 (0 df)

Saving state to vegas_last_iter31.
Vegas input parameters:
  ndim 11
  ncomp 1
  epsrel 0
  epsabs 0
  flags 291
  seed 173
  mineval 1
  maxeval 1
  nstart 1000000
  nincrease 500000
  nbatch 1000
  gridno 1
  statefile "vegas_last_iter31"

Restoring state from vegas_last_iter31.

Iteration 2:  2500000 integrand evaluations so far
[1] 4.70637e-06 +- 1.0583e-06  	chisq 3.09072 (1 df)

Saving state to vegas_last_iter31.
Vegas input parameters:
  ndim 11
  ncomp 1
  epsrel 0
  epsabs 0
  flags 291
  seed 204
  mineval 1
  maxeval 1
  nstart 1000000
  nincrease 500000
  nbatch 1000
  gridno 1
  statefile "vegas_last_iter31"

Restoring state from vegas_last_iter31.

Iteration 3:  4500000 integrand evaluations so far
[1] 5.47353e-06 +- 2.52606e-07  	chisq 3.64794 (2 df)

Saving state to vegas_last_iter31.
Vegas input parameters:
  ndim 11
  ncomp 1
  epsrel 0
  epsabs 0
  flags 291
  seed 235
  mineval 1
  maxeval 1
  nstart 1000000
  nincrease 500000
  nbatch 1000
  gridno 1
  statefile "vegas_last_iter31"

Restoring state from vegas_last_iter31.

Iteration 4:  7000000 integrand evaluations so far
[1] 5.32019e-06 +- 5.53063e-08  	chisq 4.03498 (3 df)

Saving state to vegas_last_iter31.
Vegas input parameters:
  ndim 11
  ncomp 1
  epsrel 0
  epsabs 0
  flags 291
  seed 266
  mineval 1
  maxeval 1
  nstart 1000000
  nincrease 500000
  nbatch 1000
  gridno 1
  statefile "vegas_last_iter31"

Restoring state from vegas_last_iter31.

Iteration 5:  10000000 integrand evaluations so far
[1] 5.25481e-06 +- 1.07839e-08  	chisq 5.48745 (4 df)

Saving state to vegas_last_iter31.
Vegas input parameters:
  ndim 11
  ncomp 1
  epsrel 0
  epsabs 0
  flags 291
  seed 297
  mineval 1
  maxeval 1
  nstart 1000000
  nincrease 500000
  nbatch 1000
  gridno 1
  statefile "vegas_last_iter31"

Restoring state from vegas_last_iter31.

Iteration 6:  13500000 integrand evaluations so far
[1] 5.27041e-06 +- 4.24788e-09  	chisq 7.96309 (5 df)

Saving state to vegas_last_iter31.
Vegas input parameters:
  ndim 11
  ncomp 1
  epsrel 0
  epsabs 0
  flags 291
  seed 328
  mineval 1
  maxeval 1
  nstart 1000000
  nincrease 500000
  nbatch 1000
  gridno 1
  statefile "vegas_last_iter31"

Restoring state from vegas_last_iter31.

Iteration 7:  17500000 integrand evaluations so far
[1] 5.26483e-06 +- 2.58667e-09  	chisq 10.7008 (6 df)

Saving state to vegas_last_iter31.
Vegas input parameters:
  ndim 11
  ncomp 1
  epsrel 0
  epsabs 0
  flags 291
  seed 359
  mineval 1
  maxeval 1
  nstart 1000000
  nincrease 500000
  nbatch 1000
  gridno 1
  statefile "vegas_last_iter31"

Restoring state from vegas_last_iter31.

Iteration 8:  22000000 integrand evaluations so far
[1] 5.26527e-06 +- 1.89518e-09  	chisq 10.7622 (7 df)

Saving state to vegas_last_iter31.
Vegas input parameters:
  ndim 11
  ncomp 1
  epsrel 0
  epsabs 0
  flags 291
  seed 390
  mineval 1
  maxeval 1
  nstart 1000000
  nincrease 500000
  nbatch 1000
  gridno 1
  statefile "vegas_last_iter31"

Restoring state from vegas_last_iter31.

Iteration 9:  27000000 integrand evaluations so far
[1] 5.26298e-06 +- 1.52092e-09  	chisq 14.8436 (8 df)

Saving state to vegas_last_iter31.
Vegas input parameters:
  ndim 11
  ncomp 1
  epsrel 0
  epsabs 0
  flags 291
  seed 421
  mineval 1
  maxeval 1
  nstart 1000000
  nincrease 500000
  nbatch 1000
  gridno 1
  statefile "vegas_last_iter31"

Restoring state from vegas_last_iter31.

Iteration 10:  32500000 integrand evaluations so far
[1] 5.2623e-06 +- 1.28455e-09  	chisq 15.541 (9 df)

Saving state to vegas_last_iter31.
Vegas input parameters:
  ndim 11
  ncomp 1
  epsrel 0
  epsabs 0
  flags 291
  seed 452
  mineval 1
  maxeval 1
  nstart 1000000
  nincrease 500000
  nbatch 1000
  gridno 1
  statefile "vegas_last_iter31"

Restoring state from vegas_last_iter31.

Iteration 11:  38500000 integrand evaluations so far
[1] 5.26241e-06 +- 1.11959e-09  	chisq 15.5676 (10 df)

Saving state to vegas_last_iter31.
Vegas input parameters:
  ndim 11
  ncomp 1
  epsrel 0
  epsabs 0
  flags 291
  seed 483
  mineval 1
  maxeval 1
  nstart 1000000
  nincrease 500000
  nbatch 1000
  gridno 1
  statefile "vegas_last_iter31"

Restoring state from vegas_last_iter31.

Iteration 12:  45000000 integrand evaluations so far
[1] 5.2623e-06 +- 9.97046e-10  	chisq 15.6107 (11 df)

Saving state to vegas_last_iter31.
Vegas input parameters:
  ndim 11
  ncomp 1
  epsrel 0
  epsabs 0
  flags 291
  seed 514
  mineval 1
  maxeval 1
  nstart 1000000
  nincrease 500000
  nbatch 1000
  gridno 1
  statefile "vegas_last_iter31"

Restoring state from vegas_last_iter31.

Iteration 13:  52000000 integrand evaluations so far
[1] 5.26215e-06 +- 9.01456e-10  	chisq 15.7437 (12 df)

Saving state to vegas_last_iter31.
Vegas input parameters:
  ndim 11
  ncomp 1
  epsrel 0
  epsabs 0
  flags 291
  seed 545
  mineval 1
  maxeval 1
  nstart 1000000
  nincrease 500000
  nbatch 1000
  gridno 1
  statefile "vegas_last_iter31"

Restoring state from vegas_last_iter31.

Iteration 14:  59500000 integrand evaluations so far
[1] 5.26254e-06 +- 8.24067e-10  	chisq 16.8954 (13 df)

Saving state to vegas_last_iter31.
Vegas input parameters:
  ndim 11
  ncomp 1
  epsrel 0
  epsabs 0
  flags 291
  seed 576
  mineval 1
  maxeval 1
  nstart 1000000
  nincrease 500000
  nbatch 1000
  gridno 1
  statefile "vegas_last_iter31"

Restoring state from vegas_last_iter31.

Iteration 15:  67500000 integrand evaluations so far
[1] 5.26258e-06 +- 7.60009e-10  	chisq 16.9178 (14 df)

Saving state to vegas_last_iter31.
Vegas input parameters:
  ndim 11
  ncomp 1
  epsrel 0
  epsabs 0
  flags 291
  seed 607
  mineval 1
  maxeval 1
  nstart 1000000
  nincrease 500000
  nbatch 1000
  gridno 1
  statefile "vegas_last_iter31"

Restoring state from vegas_last_iter31.

Iteration 16:  76000000 integrand evaluations so far
[1] 5.26256e-06 +- 7.06051e-10  	chisq 16.9268 (15 df)

Saving state to vegas_last_iter31.
Vegas input parameters:
  ndim 11
  ncomp 1
  epsrel 0
  epsabs 0
  flags 291
  seed 638
  mineval 1
  maxeval 1
  nstart 1000000
  nincrease 500000
  nbatch 1000
  gridno 1
  statefile "vegas_last_iter31"

Restoring state from vegas_last_iter31.

Iteration 17:  85000000 integrand evaluations so far
[1] 5.26301e-06 +- 6.59624e-10  	chisq 20.1269 (16 df)

Saving state to vegas_last_iter31.
Vegas input parameters:
  ndim 11
  ncomp 1
  epsrel 0
  epsabs 0
  flags 291
  seed 669
  mineval 1
  maxeval 1
  nstart 1000000
  nincrease 500000
  nbatch 1000
  gridno 1
  statefile "vegas_last_iter31"

Restoring state from vegas_last_iter31.

Iteration 18:  94500000 integrand evaluations so far
[1] 5.26295e-06 +- 6.19386e-10  	chisq 20.1899 (17 df)

Saving state to vegas_last_iter31.
Vegas input parameters:
  ndim 11
  ncomp 1
  epsrel 0
  epsabs 0
  flags 291
  seed 700
  mineval 1
  maxeval 1
  nstart 1000000
  nincrease 500000
  nbatch 1000
  gridno 1
  statefile "vegas_last_iter31"

Restoring state from vegas_last_iter31.

Iteration 19:  104500000 integrand evaluations so far
[1] 5.26292e-06 +- 5.84018e-10  	chisq 20.2182 (18 df)

Saving state to vegas_last_iter31.
Vegas input parameters:
  ndim 11
  ncomp 1
  epsrel 0
  epsabs 0
  flags 291
  seed 731
  mineval 1
  maxeval 1
  nstart 1000000
  nincrease 500000
  nbatch 1000
  gridno 1
  statefile "vegas_last_iter31"

Restoring state from vegas_last_iter31.

Iteration 20:  115000000 integrand evaluations so far
[1] 5.26286e-06 +- 5.52668e-10  	chisq 20.3096 (19 df)

Saving state to vegas_last_iter31.
Vegas input parameters:
  ndim 11
  ncomp 1
  epsrel 0
  epsabs 0
  flags 291
  seed 762
  mineval 1
  maxeval 1
  nstart 1000000
  nincrease 500000
  nbatch 1000
  gridno 1
  statefile "vegas_last_iter31"

Restoring state from vegas_last_iter31.

Iteration 21:  126000000 integrand evaluations so far
[1] 5.26288e-06 +- 5.24651e-10  	chisq 20.3208 (20 df)

Saving state to vegas_last_iter31.
Vegas input parameters:
  ndim 11
  ncomp 1
  epsrel 0
  epsabs 0
  flags 291
  seed 793
  mineval 1
  maxeval 1
  nstart 1000000
  nincrease 500000
  nbatch 1000
  gridno 1
  statefile "vegas_last_iter31"

Restoring state from vegas_last_iter31.

Iteration 22:  137500000 integrand evaluations so far
[1] 5.2629e-06 +- 4.99458e-10  	chisq 20.335 (21 df)

Saving state to vegas_last_iter31.
Vegas input parameters:
  ndim 11
  ncomp 1
  epsrel 0
  epsabs 0
  flags 291
  seed 824
  mineval 1
  maxeval 1
  nstart 1000000
  nincrease 500000
  nbatch 1000
  gridno 1
  statefile "vegas_last_iter31"

Restoring state from vegas_last_iter31.

Iteration 23:  149500000 integrand evaluations so far
[1] 5.26303e-06 +- 4.76692e-10  	chisq 21.1122 (22 df)

Saving state to vegas_last_iter31.
Vegas input parameters:
  ndim 11
  ncomp 1
  epsrel 0
  epsabs 0
  flags 291
  seed 855
  mineval 1
  maxeval 1
  nstart 1000000
  nincrease 500000
  nbatch 1000
  gridno 1
  statefile "vegas_last_iter31"

Restoring state from vegas_last_iter31.

Iteration 24:  162000000 integrand evaluations so far
[1] 5.26292e-06 +- 4.55947e-10  	chisq 21.6884 (23 df)

Saving state to vegas_last_iter31.
Vegas input parameters:
  ndim 11
  ncomp 1
  epsrel 0
  epsabs 0
  flags 291
  seed 886
  mineval 1
  maxeval 1
  nstart 1000000
  nincrease 500000
  nbatch 1000
  gridno 1
  statefile "vegas_last_iter31"

Restoring state from vegas_last_iter31.

Iteration 25:  175000000 integrand evaluations so far
[1] 5.26283e-06 +- 4.36998e-10  	chisq 22.1818 (24 df)

Saving state to vegas_last_iter31.
Vegas input parameters:
  ndim 11
  ncomp 1
  epsrel 0
  epsabs 0
  flags 291
  seed 917
  mineval 1
  maxeval 1
  nstart 1000000
  nincrease 500000
  nbatch 1000
  gridno 1
  statefile "vegas_last_iter31"

Restoring state from vegas_last_iter31.

Iteration 26:  188500000 integrand evaluations so far
[1] 5.26288e-06 +- 4.19596e-10  	chisq 22.3497 (25 df)

Saving state to vegas_last_iter31.
Vegas input parameters:
  ndim 11
  ncomp 1
  epsrel 0
  epsabs 0
  flags 291
  seed 948
  mineval 1
  maxeval 1
  nstart 1000000
  nincrease 500000
  nbatch 1000
  gridno 1
  statefile "vegas_last_iter31"

Restoring state from vegas_last_iter31.

Iteration 27:  202500000 integrand evaluations so far
[1] 5.26293e-06 +- 4.03579e-10  	chisq 22.5171 (26 df)

Saving state to vegas_last_iter31.
Thanks for using LHAPDF 6.3.0. Please make sure to cite the paper:
  Eur.Phys.J. C75 (2015) 3, 132  (http://arxiv.org/abs/1412.7420)
 method   =Vegas  
 nregions =           1
 neval    =   202500000
 fail     =           1
  0.526292883591E-05 +-   0.403579137001E-09   p =    0.289
