/var/lib/condor/execute/dir_11222
LHAPDF 6.3.0 loading /home/taebh/2021_Research/share/LHAPDF/NNPDF31_nnlo_as_0118_mc_hessian_pdfas/NNPDF31_nnlo_as_0118_mc_hessian_pdfas_0000.dat
NNPDF31_nnlo_as_0118_mc_hessian_pdfas PDF set, member #0, version 1
Vegas input parameters:
  ndim 11
  ncomp 1
  epsrel 0
  epsabs 0
  flags 291
  seed 151
  mineval 1
  maxeval 1
  nstart 1000000
  nincrease 500000
  nbatch 1000
  gridno 1
  statefile "vegas_last_iter40"

Iteration 1:  1000000 integrand evaluations so far
[1] 4.37971e-06 +- 2.32504e-06  	chisq 0 (0 df)

Saving state to vegas_last_iter40.
Vegas input parameters:
  ndim 11
  ncomp 1
  epsrel 0
  epsabs 0
  flags 291
  seed 191
  mineval 1
  maxeval 1
  nstart 1000000
  nincrease 500000
  nbatch 1000
  gridno 1
  statefile "vegas_last_iter40"

Restoring state from vegas_last_iter40.

Iteration 2:  2500000 integrand evaluations so far
[1] 2.0717e-06 +- 6.44895e-07  	chisq 1.06754 (1 df)

Saving state to vegas_last_iter40.
Vegas input parameters:
  ndim 11
  ncomp 1
  epsrel 0
  epsabs 0
  flags 291
  seed 231
  mineval 1
  maxeval 1
  nstart 1000000
  nincrease 500000
  nbatch 1000
  gridno 1
  statefile "vegas_last_iter40"

Restoring state from vegas_last_iter40.

Iteration 3:  4500000 integrand evaluations so far
[1] 8.41159e-07 +- 2.29612e-07  	chisq 5.23703 (2 df)

Saving state to vegas_last_iter40.
Vegas input parameters:
  ndim 11
  ncomp 1
  epsrel 0
  epsabs 0
  flags 291
  seed 271
  mineval 1
  maxeval 1
  nstart 1000000
  nincrease 500000
  nbatch 1000
  gridno 1
  statefile "vegas_last_iter40"

Restoring state from vegas_last_iter40.

Iteration 4:  7000000 integrand evaluations so far
[1] 3.41639e-07 +- 6.58029e-08  	chisq 10.3933 (3 df)

Saving state to vegas_last_iter40.
Vegas input parameters:
  ndim 11
  ncomp 1
  epsrel 0
  epsabs 0
  flags 291
  seed 311
  mineval 1
  maxeval 1
  nstart 1000000
  nincrease 500000
  nbatch 1000
  gridno 1
  statefile "vegas_last_iter40"

Restoring state from vegas_last_iter40.

Iteration 5:  10000000 integrand evaluations so far
[1] 4.10767e-07 +- 1.93625e-08  	chisq 11.6015 (4 df)

Saving state to vegas_last_iter40.
Vegas input parameters:
  ndim 11
  ncomp 1
  epsrel 0
  epsabs 0
  flags 291
  seed 351
  mineval 1
  maxeval 1
  nstart 1000000
  nincrease 500000
  nbatch 1000
  gridno 1
  statefile "vegas_last_iter40"

Restoring state from vegas_last_iter40.

Iteration 6:  13500000 integrand evaluations so far
[1] 4.03429e-07 +- 8.90496e-09  	chisq 11.7837 (5 df)

Saving state to vegas_last_iter40.
Vegas input parameters:
  ndim 11
  ncomp 1
  epsrel 0
  epsabs 0
  flags 291
  seed 391
  mineval 1
  maxeval 1
  nstart 1000000
  nincrease 500000
  nbatch 1000
  gridno 1
  statefile "vegas_last_iter40"

Restoring state from vegas_last_iter40.

Iteration 7:  17500000 integrand evaluations so far
[1] 4.045e-07 +- 5.78404e-09  	chisq 11.8087 (6 df)

Saving state to vegas_last_iter40.
Vegas input parameters:
  ndim 11
  ncomp 1
  epsrel 0
  epsabs 0
  flags 291
  seed 431
  mineval 1
  maxeval 1
  nstart 1000000
  nincrease 500000
  nbatch 1000
  gridno 1
  statefile "vegas_last_iter40"

Restoring state from vegas_last_iter40.

Iteration 8:  22000000 integrand evaluations so far
[1] 4.05485e-07 +- 4.37806e-09  	chisq 11.8766 (7 df)

Saving state to vegas_last_iter40.
Vegas input parameters:
  ndim 11
  ncomp 1
  epsrel 0
  epsabs 0
  flags 291
  seed 471
  mineval 1
  maxeval 1
  nstart 1000000
  nincrease 500000
  nbatch 1000
  gridno 1
  statefile "vegas_last_iter40"

Restoring state from vegas_last_iter40.

Iteration 9:  27000000 integrand evaluations so far
[1] 4.06105e-07 +- 3.57957e-09  	chisq 11.9371 (8 df)

Saving state to vegas_last_iter40.
Vegas input parameters:
  ndim 11
  ncomp 1
  epsrel 0
  epsabs 0
  flags 291
  seed 511
  mineval 1
  maxeval 1
  nstart 1000000
  nincrease 500000
  nbatch 1000
  gridno 1
  statefile "vegas_last_iter40"

Restoring state from vegas_last_iter40.

Iteration 10:  32500000 integrand evaluations so far
[1] 4.05356e-07 +- 3.05748e-09  	chisq 12.0989 (9 df)

Saving state to vegas_last_iter40.
Vegas input parameters:
  ndim 11
  ncomp 1
  epsrel 0
  epsabs 0
  flags 291
  seed 551
  mineval 1
  maxeval 1
  nstart 1000000
  nincrease 500000
  nbatch 1000
  gridno 1
  statefile "vegas_last_iter40"

Restoring state from vegas_last_iter40.

Iteration 11:  38500000 integrand evaluations so far
[1] 4.02701e-07 +- 2.68461e-09  	chisq 15.3924 (10 df)

Saving state to vegas_last_iter40.
Vegas input parameters:
  ndim 11
  ncomp 1
  epsrel 0
  epsabs 0
  flags 291
  seed 591
  mineval 1
  maxeval 1
  nstart 1000000
  nincrease 500000
  nbatch 1000
  gridno 1
  statefile "vegas_last_iter40"

Restoring state from vegas_last_iter40.

Iteration 12:  45000000 integrand evaluations so far
[1] 4.00368e-07 +- 2.4012e-09  	chisq 19.1679 (11 df)

Saving state to vegas_last_iter40.
Vegas input parameters:
  ndim 11
  ncomp 1
  epsrel 0
  epsabs 0
  flags 291
  seed 631
  mineval 1
  maxeval 1
  nstart 1000000
  nincrease 500000
  nbatch 1000
  gridno 1
  statefile "vegas_last_iter40"

Restoring state from vegas_last_iter40.

Iteration 13:  52000000 integrand evaluations so far
[1] 4.01242e-07 +- 2.17828e-09  	chisq 19.9169 (12 df)

Saving state to vegas_last_iter40.
Vegas input parameters:
  ndim 11
  ncomp 1
  epsrel 0
  epsabs 0
  flags 291
  seed 671
  mineval 1
  maxeval 1
  nstart 1000000
  nincrease 500000
  nbatch 1000
  gridno 1
  statefile "vegas_last_iter40"

Restoring state from vegas_last_iter40.

Iteration 14:  59500000 integrand evaluations so far
[1] 4.00098e-07 +- 1.99714e-09  	chisq 21.6475 (13 df)

Saving state to vegas_last_iter40.
Vegas input parameters:
  ndim 11
  ncomp 1
  epsrel 0
  epsabs 0
  flags 291
  seed 711
  mineval 1
  maxeval 1
  nstart 1000000
  nincrease 500000
  nbatch 1000
  gridno 1
  statefile "vegas_last_iter40"

Restoring state from vegas_last_iter40.

Iteration 15:  67500000 integrand evaluations so far
[1] 4.00185e-07 +- 1.84611e-09  	chisq 21.6605 (14 df)

Saving state to vegas_last_iter40.
Vegas input parameters:
  ndim 11
  ncomp 1
  epsrel 0
  epsabs 0
  flags 291
  seed 751
  mineval 1
  maxeval 1
  nstart 1000000
  nincrease 500000
  nbatch 1000
  gridno 1
  statefile "vegas_last_iter40"

Restoring state from vegas_last_iter40.

Iteration 16:  76000000 integrand evaluations so far
[1] 4.00282e-07 +- 1.7179e-09  	chisq 21.681 (15 df)

Saving state to vegas_last_iter40.
Vegas input parameters:
  ndim 11
  ncomp 1
  epsrel 0
  epsabs 0
  flags 291
  seed 791
  mineval 1
  maxeval 1
  nstart 1000000
  nincrease 500000
  nbatch 1000
  gridno 1
  statefile "vegas_last_iter40"

Restoring state from vegas_last_iter40.

Iteration 17:  85000000 integrand evaluations so far
[1] 4.01075e-07 +- 1.60794e-09  	chisq 23.4032 (16 df)

Saving state to vegas_last_iter40.
Vegas input parameters:
  ndim 11
  ncomp 1
  epsrel 0
  epsabs 0
  flags 291
  seed 831
  mineval 1
  maxeval 1
  nstart 1000000
  nincrease 500000
  nbatch 1000
  gridno 1
  statefile "vegas_last_iter40"

Restoring state from vegas_last_iter40.

Iteration 18:  94500000 integrand evaluations so far
[1] 4.01299e-07 +- 1.5116e-09  	chisq 23.5702 (17 df)

Saving state to vegas_last_iter40.
Vegas input parameters:
  ndim 11
  ncomp 1
  epsrel 0
  epsabs 0
  flags 291
  seed 871
  mineval 1
  maxeval 1
  nstart 1000000
  nincrease 500000
  nbatch 1000
  gridno 1
  statefile "vegas_last_iter40"

Restoring state from vegas_last_iter40.

Iteration 19:  104500000 integrand evaluations so far
[1] 4.01732e-07 +- 1.42678e-09  	chisq 24.3221 (18 df)

Saving state to vegas_last_iter40.
Vegas input parameters:
  ndim 11
  ncomp 1
  epsrel 0
  epsabs 0
  flags 291
  seed 911
  mineval 1
  maxeval 1
  nstart 1000000
  nincrease 500000
  nbatch 1000
  gridno 1
  statefile "vegas_last_iter40"

Restoring state from vegas_last_iter40.

Iteration 20:  115000000 integrand evaluations so far
[1] 4.02558e-07 +- 1.35136e-09  	chisq 27.5749 (19 df)

Saving state to vegas_last_iter40.
Vegas input parameters:
  ndim 11
  ncomp 1
  epsrel 0
  epsabs 0
  flags 291
  seed 951
  mineval 1
  maxeval 1
  nstart 1000000
  nincrease 500000
  nbatch 1000
  gridno 1
  statefile "vegas_last_iter40"

Restoring state from vegas_last_iter40.

Iteration 21:  126000000 integrand evaluations so far
[1] 4.02517e-07 +- 1.28401e-09  	chisq 27.5842 (20 df)

Saving state to vegas_last_iter40.
Vegas input parameters:
  ndim 11
  ncomp 1
  epsrel 0
  epsabs 0
  flags 291
  seed 991
  mineval 1
  maxeval 1
  nstart 1000000
  nincrease 500000
  nbatch 1000
  gridno 1
  statefile "vegas_last_iter40"

Restoring state from vegas_last_iter40.

Iteration 22:  137500000 integrand evaluations so far
[1] 4.01879e-07 +- 1.22332e-09  	chisq 30.2555 (21 df)

Saving state to vegas_last_iter40.
Vegas input parameters:
  ndim 11
  ncomp 1
  epsrel 0
  epsabs 0
  flags 291
  seed 1031
  mineval 1
  maxeval 1
  nstart 1000000
  nincrease 500000
  nbatch 1000
  gridno 1
  statefile "vegas_last_iter40"

Restoring state from vegas_last_iter40.

Iteration 23:  149500000 integrand evaluations so far
[1] 4.009e-07 +- 1.16835e-09  	chisq 37.556 (22 df)

Saving state to vegas_last_iter40.
Vegas input parameters:
  ndim 11
  ncomp 1
  epsrel 0
  epsabs 0
  flags 291
  seed 1071
  mineval 1
  maxeval 1
  nstart 1000000
  nincrease 500000
  nbatch 1000
  gridno 1
  statefile "vegas_last_iter40"

Restoring state from vegas_last_iter40.

Iteration 24:  162000000 integrand evaluations so far
[1] 4.00538e-07 +- 1.11821e-09  	chisq 38.6962 (23 df)

Saving state to vegas_last_iter40.
Vegas input parameters:
  ndim 11
  ncomp 1
  epsrel 0
  epsabs 0
  flags 291
  seed 1111
  mineval 1
  maxeval 1
  nstart 1000000
  nincrease 500000
  nbatch 1000
  gridno 1
  statefile "vegas_last_iter40"

Restoring state from vegas_last_iter40.

Iteration 25:  175000000 integrand evaluations so far
[1] 4.00387e-07 +- 1.07238e-09  	chisq 38.9229 (24 df)

Saving state to vegas_last_iter40.
Vegas input parameters:
  ndim 11
  ncomp 1
  epsrel 0
  epsabs 0
  flags 291
  seed 1151
  mineval 1
  maxeval 1
  nstart 1000000
  nincrease 500000
  nbatch 1000
  gridno 1
  statefile "vegas_last_iter40"

Restoring state from vegas_last_iter40.

Iteration 26:  188500000 integrand evaluations so far
[1] 4.00405e-07 +- 1.03028e-09  	chisq 38.9265 (25 df)

Saving state to vegas_last_iter40.
Vegas input parameters:
  ndim 11
  ncomp 1
  epsrel 0
  epsabs 0
  flags 291
  seed 1191
  mineval 1
  maxeval 1
  nstart 1000000
  nincrease 500000
  nbatch 1000
  gridno 1
  statefile "vegas_last_iter40"

Restoring state from vegas_last_iter40.

Iteration 27:  202500000 integrand evaluations so far
[1] 4.00872e-07 +- 9.91556e-10  	chisq 41.7036 (26 df)

Saving state to vegas_last_iter40.
Thanks for using LHAPDF 6.3.0. Please make sure to cite the paper:
  Eur.Phys.J. C75 (2015) 3, 132  (http://arxiv.org/abs/1412.7420)
 method   =Vegas  
 nregions =           1
 neval    =   202500000
 fail     =           1
  0.400871658481E-06 +-   0.991555825345E-09   p =    0.965
