/var/lib/condor/execute/dir_11216
LHAPDF 6.3.0 loading /home/taebh/2021_Research/share/LHAPDF/NNPDF31_nnlo_as_0118_mc_hessian_pdfas/NNPDF31_nnlo_as_0118_mc_hessian_pdfas_0000.dat
NNPDF31_nnlo_as_0118_mc_hessian_pdfas PDF set, member #0, version 1
Vegas input parameters:
  ndim 11
  ncomp 1
  epsrel 0
  epsabs 0
  flags 291
  seed 150
  mineval 1
  maxeval 1
  nstart 1000000
  nincrease 500000
  nbatch 1000
  gridno 1
  statefile "vegas_last_iter39"

Iteration 1:  1000000 integrand evaluations so far
[1] 4.71346e-06 +- 4.21268e-06  	chisq 0 (0 df)

Saving state to vegas_last_iter39.
Vegas input parameters:
  ndim 11
  ncomp 1
  epsrel 0
  epsabs 0
  flags 291
  seed 189
  mineval 1
  maxeval 1
  nstart 1000000
  nincrease 500000
  nbatch 1000
  gridno 1
  statefile "vegas_last_iter39"

Restoring state from vegas_last_iter39.

Iteration 2:  2500000 integrand evaluations so far
[1] 5.21223e-07 +- 4.29661e-07  	chisq 1.00073 (1 df)

Saving state to vegas_last_iter39.
Vegas input parameters:
  ndim 11
  ncomp 1
  epsrel 0
  epsabs 0
  flags 291
  seed 228
  mineval 1
  maxeval 1
  nstart 1000000
  nincrease 500000
  nbatch 1000
  gridno 1
  statefile "vegas_last_iter39"

Restoring state from vegas_last_iter39.

Iteration 3:  4500000 integrand evaluations so far
[1] 4.2003e-07 +- 1.70534e-07  	chisq 1.06657 (2 df)

Saving state to vegas_last_iter39.
Vegas input parameters:
  ndim 11
  ncomp 1
  epsrel 0
  epsabs 0
  flags 291
  seed 267
  mineval 1
  maxeval 1
  nstart 1000000
  nincrease 500000
  nbatch 1000
  gridno 1
  statefile "vegas_last_iter39"

Restoring state from vegas_last_iter39.

Iteration 4:  7000000 integrand evaluations so far
[1] 3.56744e-07 +- 5.32505e-08  	chisq 1.21917 (3 df)

Saving state to vegas_last_iter39.
Vegas input parameters:
  ndim 11
  ncomp 1
  epsrel 0
  epsabs 0
  flags 291
  seed 306
  mineval 1
  maxeval 1
  nstart 1000000
  nincrease 500000
  nbatch 1000
  gridno 1
  statefile "vegas_last_iter39"

Restoring state from vegas_last_iter39.

Iteration 5:  10000000 integrand evaluations so far
[1] 3.72824e-07 +- 1.50478e-08  	chisq 1.31828 (4 df)

Saving state to vegas_last_iter39.
Vegas input parameters:
  ndim 11
  ncomp 1
  epsrel 0
  epsabs 0
  flags 291
  seed 345
  mineval 1
  maxeval 1
  nstart 1000000
  nincrease 500000
  nbatch 1000
  gridno 1
  statefile "vegas_last_iter39"

Restoring state from vegas_last_iter39.

Iteration 6:  13500000 integrand evaluations so far
[1] 3.69573e-07 +- 7.70336e-09  	chisq 1.38153 (5 df)

Saving state to vegas_last_iter39.
Vegas input parameters:
  ndim 11
  ncomp 1
  epsrel 0
  epsabs 0
  flags 291
  seed 384
  mineval 1
  maxeval 1
  nstart 1000000
  nincrease 500000
  nbatch 1000
  gridno 1
  statefile "vegas_last_iter39"

Restoring state from vegas_last_iter39.

Iteration 7:  17500000 integrand evaluations so far
[1] 3.70841e-07 +- 5.27099e-09  	chisq 1.43247 (6 df)

Saving state to vegas_last_iter39.
Vegas input parameters:
  ndim 11
  ncomp 1
  epsrel 0
  epsabs 0
  flags 291
  seed 423
  mineval 1
  maxeval 1
  nstart 1000000
  nincrease 500000
  nbatch 1000
  gridno 1
  statefile "vegas_last_iter39"

Restoring state from vegas_last_iter39.

Iteration 8:  22000000 integrand evaluations so far
[1] 3.74633e-07 +- 4.12484e-09  	chisq 2.76734 (7 df)

Saving state to vegas_last_iter39.
Vegas input parameters:
  ndim 11
  ncomp 1
  epsrel 0
  epsabs 0
  flags 291
  seed 462
  mineval 1
  maxeval 1
  nstart 1000000
  nincrease 500000
  nbatch 1000
  gridno 1
  statefile "vegas_last_iter39"

Restoring state from vegas_last_iter39.

Iteration 9:  27000000 integrand evaluations so far
[1] 3.77427e-07 +- 3.42128e-09  	chisq 4.23782 (8 df)

Saving state to vegas_last_iter39.
Vegas input parameters:
  ndim 11
  ncomp 1
  epsrel 0
  epsabs 0
  flags 291
  seed 501
  mineval 1
  maxeval 1
  nstart 1000000
  nincrease 500000
  nbatch 1000
  gridno 1
  statefile "vegas_last_iter39"

Restoring state from vegas_last_iter39.

Iteration 10:  32500000 integrand evaluations so far
[1] 3.79171e-07 +- 2.94399e-09  	chisq 5.23914 (9 df)

Saving state to vegas_last_iter39.
Vegas input parameters:
  ndim 11
  ncomp 1
  epsrel 0
  epsabs 0
  flags 291
  seed 540
  mineval 1
  maxeval 1
  nstart 1000000
  nincrease 500000
  nbatch 1000
  gridno 1
  statefile "vegas_last_iter39"

Restoring state from vegas_last_iter39.

Iteration 11:  38500000 integrand evaluations so far
[1] 3.78498e-07 +- 2.59939e-09  	chisq 5.47643 (10 df)

Saving state to vegas_last_iter39.
Vegas input parameters:
  ndim 11
  ncomp 1
  epsrel 0
  epsabs 0
  flags 291
  seed 579
  mineval 1
  maxeval 1
  nstart 1000000
  nincrease 500000
  nbatch 1000
  gridno 1
  statefile "vegas_last_iter39"

Restoring state from vegas_last_iter39.

Iteration 12:  45000000 integrand evaluations so far
[1] 3.78653e-07 +- 2.33411e-09  	chisq 5.49487 (11 df)

Saving state to vegas_last_iter39.
Vegas input parameters:
  ndim 11
  ncomp 1
  epsrel 0
  epsabs 0
  flags 291
  seed 618
  mineval 1
  maxeval 1
  nstart 1000000
  nincrease 500000
  nbatch 1000
  gridno 1
  statefile "vegas_last_iter39"

Restoring state from vegas_last_iter39.

Iteration 13:  52000000 integrand evaluations so far
[1] 3.78015e-07 +- 2.1231e-09  	chisq 5.9283 (12 df)

Saving state to vegas_last_iter39.
Vegas input parameters:
  ndim 11
  ncomp 1
  epsrel 0
  epsabs 0
  flags 291
  seed 657
  mineval 1
  maxeval 1
  nstart 1000000
  nincrease 500000
  nbatch 1000
  gridno 1
  statefile "vegas_last_iter39"

Restoring state from vegas_last_iter39.

Iteration 14:  59500000 integrand evaluations so far
[1] 3.7913e-07 +- 1.95e-09  	chisq 7.69274 (13 df)

Saving state to vegas_last_iter39.
Vegas input parameters:
  ndim 11
  ncomp 1
  epsrel 0
  epsabs 0
  flags 291
  seed 696
  mineval 1
  maxeval 1
  nstart 1000000
  nincrease 500000
  nbatch 1000
  gridno 1
  statefile "vegas_last_iter39"

Restoring state from vegas_last_iter39.

Iteration 15:  67500000 integrand evaluations so far
[1] 3.80115e-07 +- 1.80514e-09  	chisq 9.47643 (14 df)

Saving state to vegas_last_iter39.
Vegas input parameters:
  ndim 11
  ncomp 1
  epsrel 0
  epsabs 0
  flags 291
  seed 735
  mineval 1
  maxeval 1
  nstart 1000000
  nincrease 500000
  nbatch 1000
  gridno 1
  statefile "vegas_last_iter39"

Restoring state from vegas_last_iter39.

Iteration 16:  76000000 integrand evaluations so far
[1] 3.80621e-07 +- 1.68216e-09  	chisq 10.0728 (15 df)

Saving state to vegas_last_iter39.
Vegas input parameters:
  ndim 11
  ncomp 1
  epsrel 0
  epsabs 0
  flags 291
  seed 774
  mineval 1
  maxeval 1
  nstart 1000000
  nincrease 500000
  nbatch 1000
  gridno 1
  statefile "vegas_last_iter39"

Restoring state from vegas_last_iter39.

Iteration 17:  85000000 integrand evaluations so far
[1] 3.79748e-07 +- 1.57538e-09  	chisq 12.2612 (16 df)

Saving state to vegas_last_iter39.
Vegas input parameters:
  ndim 11
  ncomp 1
  epsrel 0
  epsabs 0
  flags 291
  seed 813
  mineval 1
  maxeval 1
  nstart 1000000
  nincrease 500000
  nbatch 1000
  gridno 1
  statefile "vegas_last_iter39"

Restoring state from vegas_last_iter39.

Iteration 18:  94500000 integrand evaluations so far
[1] 3.78725e-07 +- 1.48235e-09  	chisq 15.94 (17 df)

Saving state to vegas_last_iter39.
Vegas input parameters:
  ndim 11
  ncomp 1
  epsrel 0
  epsabs 0
  flags 291
  seed 852
  mineval 1
  maxeval 1
  nstart 1000000
  nincrease 500000
  nbatch 1000
  gridno 1
  statefile "vegas_last_iter39"

Restoring state from vegas_last_iter39.

Iteration 19:  104500000 integrand evaluations so far
[1] 3.78783e-07 +- 1.40054e-09  	chisq 15.9542 (18 df)

Saving state to vegas_last_iter39.
Vegas input parameters:
  ndim 11
  ncomp 1
  epsrel 0
  epsabs 0
  flags 291
  seed 891
  mineval 1
  maxeval 1
  nstart 1000000
  nincrease 500000
  nbatch 1000
  gridno 1
  statefile "vegas_last_iter39"

Restoring state from vegas_last_iter39.

Iteration 20:  115000000 integrand evaluations so far
[1] 3.78957e-07 +- 1.32753e-09  	chisq 16.1058 (19 df)

Saving state to vegas_last_iter39.
Vegas input parameters:
  ndim 11
  ncomp 1
  epsrel 0
  epsabs 0
  flags 291
  seed 930
  mineval 1
  maxeval 1
  nstart 1000000
  nincrease 500000
  nbatch 1000
  gridno 1
  statefile "vegas_last_iter39"

Restoring state from vegas_last_iter39.

Iteration 21:  126000000 integrand evaluations so far
[1] 3.78901e-07 +- 1.26217e-09  	chisq 16.1246 (20 df)

Saving state to vegas_last_iter39.
Vegas input parameters:
  ndim 11
  ncomp 1
  epsrel 0
  epsabs 0
  flags 291
  seed 969
  mineval 1
  maxeval 1
  nstart 1000000
  nincrease 500000
  nbatch 1000
  gridno 1
  statefile "vegas_last_iter39"

Restoring state from vegas_last_iter39.

Iteration 22:  137500000 integrand evaluations so far
[1] 3.7931e-07 +- 1.20353e-09  	chisq 17.2834 (21 df)

Saving state to vegas_last_iter39.
Vegas input parameters:
  ndim 11
  ncomp 1
  epsrel 0
  epsabs 0
  flags 291
  seed 1008
  mineval 1
  maxeval 1
  nstart 1000000
  nincrease 500000
  nbatch 1000
  gridno 1
  statefile "vegas_last_iter39"

Restoring state from vegas_last_iter39.

Iteration 23:  149500000 integrand evaluations so far
[1] 3.78245e-07 +- 1.15005e-09  	chisq 26.298 (22 df)

Saving state to vegas_last_iter39.
Vegas input parameters:
  ndim 11
  ncomp 1
  epsrel 0
  epsabs 0
  flags 291
  seed 1047
  mineval 1
  maxeval 1
  nstart 1000000
  nincrease 500000
  nbatch 1000
  gridno 1
  statefile "vegas_last_iter39"

Restoring state from vegas_last_iter39.

Iteration 24:  162000000 integrand evaluations so far
[1] 3.7854e-07 +- 1.10106e-09  	chisq 27.0872 (23 df)

Saving state to vegas_last_iter39.
Vegas input parameters:
  ndim 11
  ncomp 1
  epsrel 0
  epsabs 0
  flags 291
  seed 1086
  mineval 1
  maxeval 1
  nstart 1000000
  nincrease 500000
  nbatch 1000
  gridno 1
  statefile "vegas_last_iter39"

Restoring state from vegas_last_iter39.

Iteration 25:  175000000 integrand evaluations so far
[1] 3.78152e-07 +- 1.05629e-09  	chisq 28.6445 (24 df)

Saving state to vegas_last_iter39.
Vegas input parameters:
  ndim 11
  ncomp 1
  epsrel 0
  epsabs 0
  flags 291
  seed 1125
  mineval 1
  maxeval 1
  nstart 1000000
  nincrease 500000
  nbatch 1000
  gridno 1
  statefile "vegas_last_iter39"

Restoring state from vegas_last_iter39.

Iteration 26:  188500000 integrand evaluations so far
[1] 3.7818e-07 +- 1.01515e-09  	chisq 28.654 (25 df)

Saving state to vegas_last_iter39.
Vegas input parameters:
  ndim 11
  ncomp 1
  epsrel 0
  epsabs 0
  flags 291
  seed 1164
  mineval 1
  maxeval 1
  nstart 1000000
  nincrease 500000
  nbatch 1000
  gridno 1
  statefile "vegas_last_iter39"

Restoring state from vegas_last_iter39.

Iteration 27:  202500000 integrand evaluations so far
[1] 3.77941e-07 +- 9.77085e-10  	chisq 29.411 (26 df)

Saving state to vegas_last_iter39.
Thanks for using LHAPDF 6.3.0. Please make sure to cite the paper:
  Eur.Phys.J. C75 (2015) 3, 132  (http://arxiv.org/abs/1412.7420)
 method   =Vegas  
 nregions =           1
 neval    =   202500000
 fail     =           1
  0.377940805334E-06 +-   0.977085132651E-09   p =    0.659
