/var/lib/condor/execute/dir_11210
LHAPDF 6.3.0 loading /home/taebh/2021_Research/share/LHAPDF/NNPDF31_nnlo_as_0118_mc_hessian_pdfas/NNPDF31_nnlo_as_0118_mc_hessian_pdfas_0000.dat
NNPDF31_nnlo_as_0118_mc_hessian_pdfas PDF set, member #0, version 1
Vegas input parameters:
  ndim 11
  ncomp 1
  epsrel 0
  epsabs 0
  flags 291
  seed 148
  mineval 1
  maxeval 1
  nstart 1000000
  nincrease 500000
  nbatch 1000
  gridno 1
  statefile "vegas_last_iter37"

Iteration 1:  1000000 integrand evaluations so far
[1] 5.55549e-06 +- 1.75435e-06  	chisq 0 (0 df)

Saving state to vegas_last_iter37.
Vegas input parameters:
  ndim 11
  ncomp 1
  epsrel 0
  epsabs 0
  flags 291
  seed 185
  mineval 1
  maxeval 1
  nstart 1000000
  nincrease 500000
  nbatch 1000
  gridno 1
  statefile "vegas_last_iter37"

Restoring state from vegas_last_iter37.

Iteration 2:  2500000 integrand evaluations so far
[1] 5.2082e-06 +- 5.44211e-07  	chisq 0.0433596 (1 df)

Saving state to vegas_last_iter37.
Vegas input parameters:
  ndim 11
  ncomp 1
  epsrel 0
  epsabs 0
  flags 291
  seed 222
  mineval 1
  maxeval 1
  nstart 1000000
  nincrease 500000
  nbatch 1000
  gridno 1
  statefile "vegas_last_iter37"

Restoring state from vegas_last_iter37.

Iteration 3:  4500000 integrand evaluations so far
[1] 6.98255e-06 +- 2.70348e-07  	chisq 14.1563 (2 df)

Saving state to vegas_last_iter37.
Vegas input parameters:
  ndim 11
  ncomp 1
  epsrel 0
  epsabs 0
  flags 291
  seed 259
  mineval 1
  maxeval 1
  nstart 1000000
  nincrease 500000
  nbatch 1000
  gridno 1
  statefile "vegas_last_iter37"

Restoring state from vegas_last_iter37.

Iteration 4:  7000000 integrand evaluations so far
[1] 7.73688e-06 +- 7.58765e-08  	chisq 22.6075 (3 df)

Saving state to vegas_last_iter37.
Vegas input parameters:
  ndim 11
  ncomp 1
  epsrel 0
  epsabs 0
  flags 291
  seed 296
  mineval 1
  maxeval 1
  nstart 1000000
  nincrease 500000
  nbatch 1000
  gridno 1
  statefile "vegas_last_iter37"

Restoring state from vegas_last_iter37.

Iteration 5:  10000000 integrand evaluations so far
[1] 7.79637e-06 +- 1.39947e-08  	chisq 23.2439 (4 df)

Saving state to vegas_last_iter37.
Vegas input parameters:
  ndim 11
  ncomp 1
  epsrel 0
  epsabs 0
  flags 291
  seed 333
  mineval 1
  maxeval 1
  nstart 1000000
  nincrease 500000
  nbatch 1000
  gridno 1
  statefile "vegas_last_iter37"

Restoring state from vegas_last_iter37.

Iteration 6:  13500000 integrand evaluations so far
[1] 7.79936e-06 +- 5.74334e-09  	chisq 23.2987 (5 df)

Saving state to vegas_last_iter37.
Vegas input parameters:
  ndim 11
  ncomp 1
  epsrel 0
  epsabs 0
  flags 291
  seed 370
  mineval 1
  maxeval 1
  nstart 1000000
  nincrease 500000
  nbatch 1000
  gridno 1
  statefile "vegas_last_iter37"

Restoring state from vegas_last_iter37.

Iteration 7:  17500000 integrand evaluations so far
[1] 7.79645e-06 +- 3.57682e-09  	chisq 23.7194 (6 df)

Saving state to vegas_last_iter37.
Vegas input parameters:
  ndim 11
  ncomp 1
  epsrel 0
  epsabs 0
  flags 291
  seed 407
  mineval 1
  maxeval 1
  nstart 1000000
  nincrease 500000
  nbatch 1000
  gridno 1
  statefile "vegas_last_iter37"

Restoring state from vegas_last_iter37.

Iteration 8:  22000000 integrand evaluations so far
[1] 7.78965e-06 +- 2.64837e-09  	chisq 31.7174 (7 df)

Saving state to vegas_last_iter37.
Vegas input parameters:
  ndim 11
  ncomp 1
  epsrel 0
  epsabs 0
  flags 291
  seed 444
  mineval 1
  maxeval 1
  nstart 1000000
  nincrease 500000
  nbatch 1000
  gridno 1
  statefile "vegas_last_iter37"

Restoring state from vegas_last_iter37.

Iteration 9:  27000000 integrand evaluations so far
[1] 7.7912e-06 +- 2.13528e-09  	chisq 32.6979 (8 df)

Saving state to vegas_last_iter37.
Vegas input parameters:
  ndim 11
  ncomp 1
  epsrel 0
  epsabs 0
  flags 291
  seed 481
  mineval 1
  maxeval 1
  nstart 1000000
  nincrease 500000
  nbatch 1000
  gridno 1
  statefile "vegas_last_iter37"

Restoring state from vegas_last_iter37.

Iteration 10:  32500000 integrand evaluations so far
[1] 7.79327e-06 +- 1.80883e-09  	chisq 36.0247 (9 df)

Saving state to vegas_last_iter37.
Vegas input parameters:
  ndim 11
  ncomp 1
  epsrel 0
  epsabs 0
  flags 291
  seed 518
  mineval 1
  maxeval 1
  nstart 1000000
  nincrease 500000
  nbatch 1000
  gridno 1
  statefile "vegas_last_iter37"

Restoring state from vegas_last_iter37.

Iteration 11:  38500000 integrand evaluations so far
[1] 7.79409e-06 +- 1.57961e-09  	chisq 36.902 (10 df)

Saving state to vegas_last_iter37.
Vegas input parameters:
  ndim 11
  ncomp 1
  epsrel 0
  epsabs 0
  flags 291
  seed 555
  mineval 1
  maxeval 1
  nstart 1000000
  nincrease 500000
  nbatch 1000
  gridno 1
  statefile "vegas_last_iter37"

Restoring state from vegas_last_iter37.

Iteration 12:  45000000 integrand evaluations so far
[1] 7.79361e-06 +- 1.40825e-09  	chisq 37.3642 (11 df)

Saving state to vegas_last_iter37.
Vegas input parameters:
  ndim 11
  ncomp 1
  epsrel 0
  epsabs 0
  flags 291
  seed 592
  mineval 1
  maxeval 1
  nstart 1000000
  nincrease 500000
  nbatch 1000
  gridno 1
  statefile "vegas_last_iter37"

Restoring state from vegas_last_iter37.

Iteration 13:  52000000 integrand evaluations so far
[1] 7.79281e-06 +- 1.27396e-09  	chisq 39.1525 (12 df)

Saving state to vegas_last_iter37.
Vegas input parameters:
  ndim 11
  ncomp 1
  epsrel 0
  epsabs 0
  flags 291
  seed 629
  mineval 1
  maxeval 1
  nstart 1000000
  nincrease 500000
  nbatch 1000
  gridno 1
  statefile "vegas_last_iter37"

Restoring state from vegas_last_iter37.

Iteration 14:  59500000 integrand evaluations so far
[1] 7.79175e-06 +- 1.16543e-09  	chisq 43.3679 (13 df)

Saving state to vegas_last_iter37.
Vegas input parameters:
  ndim 11
  ncomp 1
  epsrel 0
  epsabs 0
  flags 291
  seed 666
  mineval 1
  maxeval 1
  nstart 1000000
  nincrease 500000
  nbatch 1000
  gridno 1
  statefile "vegas_last_iter37"

Restoring state from vegas_last_iter37.

Iteration 15:  67500000 integrand evaluations so far
[1] 7.79201e-06 +- 1.07539e-09  	chisq 43.6962 (14 df)

Saving state to vegas_last_iter37.
Vegas input parameters:
  ndim 11
  ncomp 1
  epsrel 0
  epsabs 0
  flags 291
  seed 703
  mineval 1
  maxeval 1
  nstart 1000000
  nincrease 500000
  nbatch 1000
  gridno 1
  statefile "vegas_last_iter37"

Restoring state from vegas_last_iter37.

Iteration 16:  76000000 integrand evaluations so far
[1] 7.79261e-06 +- 9.99288e-10  	chisq 45.9839 (15 df)

Saving state to vegas_last_iter37.
Vegas input parameters:
  ndim 11
  ncomp 1
  epsrel 0
  epsabs 0
  flags 291
  seed 740
  mineval 1
  maxeval 1
  nstart 1000000
  nincrease 500000
  nbatch 1000
  gridno 1
  statefile "vegas_last_iter37"

Restoring state from vegas_last_iter37.

Iteration 17:  85000000 integrand evaluations so far
[1] 7.79262e-06 +- 9.33994e-10  	chisq 45.9853 (16 df)

Saving state to vegas_last_iter37.
Vegas input parameters:
  ndim 11
  ncomp 1
  epsrel 0
  epsabs 0
  flags 291
  seed 777
  mineval 1
  maxeval 1
  nstart 1000000
  nincrease 500000
  nbatch 1000
  gridno 1
  statefile "vegas_last_iter37"

Restoring state from vegas_last_iter37.

Iteration 18:  94500000 integrand evaluations so far
[1] 7.79246e-06 +- 8.76992e-10  	chisq 46.2343 (17 df)

Saving state to vegas_last_iter37.
Vegas input parameters:
  ndim 11
  ncomp 1
  epsrel 0
  epsabs 0
  flags 291
  seed 814
  mineval 1
  maxeval 1
  nstart 1000000
  nincrease 500000
  nbatch 1000
  gridno 1
  statefile "vegas_last_iter37"

Restoring state from vegas_last_iter37.

Iteration 19:  104500000 integrand evaluations so far
[1] 7.79199e-06 +- 8.26883e-10  	chisq 48.7765 (18 df)

Saving state to vegas_last_iter37.
Vegas input parameters:
  ndim 11
  ncomp 1
  epsrel 0
  epsabs 0
  flags 291
  seed 851
  mineval 1
  maxeval 1
  nstart 1000000
  nincrease 500000
  nbatch 1000
  gridno 1
  statefile "vegas_last_iter37"

Restoring state from vegas_last_iter37.

Iteration 20:  115000000 integrand evaluations so far
[1] 7.79209e-06 +- 7.8247e-10  	chisq 48.9109 (19 df)

Saving state to vegas_last_iter37.
Vegas input parameters:
  ndim 11
  ncomp 1
  epsrel 0
  epsabs 0
  flags 291
  seed 888
  mineval 1
  maxeval 1
  nstart 1000000
  nincrease 500000
  nbatch 1000
  gridno 1
  statefile "vegas_last_iter37"

Restoring state from vegas_last_iter37.

Iteration 21:  126000000 integrand evaluations so far
[1] 7.79216e-06 +- 7.4285e-10  	chisq 48.9854 (20 df)

Saving state to vegas_last_iter37.
Vegas input parameters:
  ndim 11
  ncomp 1
  epsrel 0
  epsabs 0
  flags 291
  seed 925
  mineval 1
  maxeval 1
  nstart 1000000
  nincrease 500000
  nbatch 1000
  gridno 1
  statefile "vegas_last_iter37"

Restoring state from vegas_last_iter37.

Iteration 22:  137500000 integrand evaluations so far
[1] 7.79213e-06 +- 7.07263e-10  	chisq 49.0048 (21 df)

Saving state to vegas_last_iter37.
Vegas input parameters:
  ndim 11
  ncomp 1
  epsrel 0
  epsabs 0
  flags 291
  seed 962
  mineval 1
  maxeval 1
  nstart 1000000
  nincrease 500000
  nbatch 1000
  gridno 1
  statefile "vegas_last_iter37"

Restoring state from vegas_last_iter37.

Iteration 23:  149500000 integrand evaluations so far
[1] 7.79191e-06 +- 6.75056e-10  	chisq 50.0689 (22 df)

Saving state to vegas_last_iter37.
Vegas input parameters:
  ndim 11
  ncomp 1
  epsrel 0
  epsabs 0
  flags 291
  seed 999
  mineval 1
  maxeval 1
  nstart 1000000
  nincrease 500000
  nbatch 1000
  gridno 1
  statefile "vegas_last_iter37"

Restoring state from vegas_last_iter37.

Iteration 24:  162000000 integrand evaluations so far
[1] 7.79166e-06 +- 6.45782e-10  	chisq 51.6361 (23 df)

Saving state to vegas_last_iter37.
Vegas input parameters:
  ndim 11
  ncomp 1
  epsrel 0
  epsabs 0
  flags 291
  seed 1036
  mineval 1
  maxeval 1
  nstart 1000000
  nincrease 500000
  nbatch 1000
  gridno 1
  statefile "vegas_last_iter37"

Restoring state from vegas_last_iter37.

Iteration 25:  175000000 integrand evaluations so far
[1] 7.79171e-06 +- 6.18966e-10  	chisq 51.6954 (24 df)

Saving state to vegas_last_iter37.
Vegas input parameters:
  ndim 11
  ncomp 1
  epsrel 0
  epsabs 0
  flags 291
  seed 1073
  mineval 1
  maxeval 1
  nstart 1000000
  nincrease 500000
  nbatch 1000
  gridno 1
  statefile "vegas_last_iter37"

Restoring state from vegas_last_iter37.

Iteration 26:  188500000 integrand evaluations so far
[1] 7.79166e-06 +- 5.94355e-10  	chisq 51.7808 (25 df)

Saving state to vegas_last_iter37.
Vegas input parameters:
  ndim 11
  ncomp 1
  epsrel 0
  epsabs 0
  flags 291
  seed 1110
  mineval 1
  maxeval 1
  nstart 1000000
  nincrease 500000
  nbatch 1000
  gridno 1
  statefile "vegas_last_iter37"

Restoring state from vegas_last_iter37.

Iteration 27:  202500000 integrand evaluations so far
[1] 7.79177e-06 +- 5.7166e-10  	chisq 52.2477 (26 df)

Saving state to vegas_last_iter37.
Thanks for using LHAPDF 6.3.0. Please make sure to cite the paper:
  Eur.Phys.J. C75 (2015) 3, 132  (http://arxiv.org/abs/1412.7420)
 method   =Vegas  
 nregions =           1
 neval    =   202500000
 fail     =           1
  0.779176957361E-05 +-   0.571659824486E-09   p =    0.998
