/var/lib/condor/execute/dir_35156
LHAPDF 6.3.0 loading /home/taebh/2021_Research/share/LHAPDF/NNPDF31_nnlo_as_0118_mc_hessian_pdfas/NNPDF31_nnlo_as_0118_mc_hessian_pdfas_0000.dat
NNPDF31_nnlo_as_0118_mc_hessian_pdfas PDF set, member #0, version 1
Vegas input parameters:
  ndim 11
  ncomp 1
  epsrel 0
  epsabs 0
  flags 291
  seed 197
  mineval 1
  maxeval 1
  nstart 1000000
  nincrease 500000
  nbatch 1000
  gridno 1
  statefile "vegas_last_iter86"

Iteration 1:  1000000 integrand evaluations so far
[1] 2.6828e-07 +- 4.15979e-07  	chisq 0 (0 df)

Saving state to vegas_last_iter86.
Vegas input parameters:
  ndim 11
  ncomp 1
  epsrel 0
  epsabs 0
  flags 291
  seed 283
  mineval 1
  maxeval 1
  nstart 1000000
  nincrease 500000
  nbatch 1000
  gridno 1
  statefile "vegas_last_iter86"

Restoring state from vegas_last_iter86.

Iteration 2:  2500000 integrand evaluations so far
[1] 1.32407e-07 +- 1.67419e-07  	chisq 0.127313 (1 df)

Saving state to vegas_last_iter86.
Vegas input parameters:
  ndim 11
  ncomp 1
  epsrel 0
  epsabs 0
  flags 291
  seed 369
  mineval 1
  maxeval 1
  nstart 1000000
  nincrease 500000
  nbatch 1000
  gridno 1
  statefile "vegas_last_iter86"

Restoring state from vegas_last_iter86.

Iteration 3:  4500000 integrand evaluations so far
[1] -3.6095e-08 +- 1.00515e-07  	chisq 1.71122 (2 df)

Saving state to vegas_last_iter86.
Vegas input parameters:
  ndim 11
  ncomp 1
  epsrel 0
  epsabs 0
  flags 291
  seed 455
  mineval 1
  maxeval 1
  nstart 1000000
  nincrease 500000
  nbatch 1000
  gridno 1
  statefile "vegas_last_iter86"

Restoring state from vegas_last_iter86.

Iteration 4:  7000000 integrand evaluations so far
[1] 1.74691e-08 +- 7.16039e-08  	chisq 2.28779 (3 df)

Saving state to vegas_last_iter86.
Vegas input parameters:
  ndim 11
  ncomp 1
  epsrel 0
  epsabs 0
  flags 291
  seed 541
  mineval 1
  maxeval 1
  nstart 1000000
  nincrease 500000
  nbatch 1000
  gridno 1
  statefile "vegas_last_iter86"

Restoring state from vegas_last_iter86.

Iteration 5:  10000000 integrand evaluations so far
[1] 6.0327e-08 +- 5.34584e-08  	chisq 3.0972 (4 df)

Saving state to vegas_last_iter86.
Vegas input parameters:
  ndim 11
  ncomp 1
  epsrel 0
  epsabs 0
  flags 291
  seed 627
  mineval 1
  maxeval 1
  nstart 1000000
  nincrease 500000
  nbatch 1000
  gridno 1
  statefile "vegas_last_iter86"

Restoring state from vegas_last_iter86.

Iteration 6:  13500000 integrand evaluations so far
[1] 8.69537e-08 +- 4.18165e-08  	chisq 3.73639 (5 df)

Saving state to vegas_last_iter86.
Vegas input parameters:
  ndim 11
  ncomp 1
  epsrel 0
  epsabs 0
  flags 291
  seed 713
  mineval 1
  maxeval 1
  nstart 1000000
  nincrease 500000
  nbatch 1000
  gridno 1
  statefile "vegas_last_iter86"

Restoring state from vegas_last_iter86.

Iteration 7:  17500000 integrand evaluations so far
[1] 7.23651e-08 +- 3.44249e-08  	chisq 4.11405 (6 df)

Saving state to vegas_last_iter86.
Vegas input parameters:
  ndim 11
  ncomp 1
  epsrel 0
  epsabs 0
  flags 291
  seed 799
  mineval 1
  maxeval 1
  nstart 1000000
  nincrease 500000
  nbatch 1000
  gridno 1
  statefile "vegas_last_iter86"

Restoring state from vegas_last_iter86.

Iteration 8:  22000000 integrand evaluations so far
[1] 5.16061e-08 +- 2.93733e-08  	chisq 5.45117 (7 df)

Saving state to vegas_last_iter86.
Vegas input parameters:
  ndim 11
  ncomp 1
  epsrel 0
  epsabs 0
  flags 291
  seed 885
  mineval 1
  maxeval 1
  nstart 1000000
  nincrease 500000
  nbatch 1000
  gridno 1
  statefile "vegas_last_iter86"

Restoring state from vegas_last_iter86.

Iteration 9:  27000000 integrand evaluations so far
[1] 2.95914e-08 +- 2.57047e-08  	chisq 7.84969 (8 df)

Saving state to vegas_last_iter86.
Vegas input parameters:
  ndim 11
  ncomp 1
  epsrel 0
  epsabs 0
  flags 291
  seed 971
  mineval 1
  maxeval 1
  nstart 1000000
  nincrease 500000
  nbatch 1000
  gridno 1
  statefile "vegas_last_iter86"

Restoring state from vegas_last_iter86.

Iteration 10:  32500000 integrand evaluations so far
[1] 2.33341e-08 +- 2.2919e-08  	chisq 8.13876 (9 df)

Saving state to vegas_last_iter86.
Vegas input parameters:
  ndim 11
  ncomp 1
  epsrel 0
  epsabs 0
  flags 291
  seed 1057
  mineval 1
  maxeval 1
  nstart 1000000
  nincrease 500000
  nbatch 1000
  gridno 1
  statefile "vegas_last_iter86"

Restoring state from vegas_last_iter86.

Iteration 11:  38500000 integrand evaluations so far
[1] 1.59163e-08 +- 2.06864e-08  	chisq 8.70396 (10 df)

Saving state to vegas_last_iter86.
Vegas input parameters:
  ndim 11
  ncomp 1
  epsrel 0
  epsabs 0
  flags 291
  seed 1143
  mineval 1
  maxeval 1
  nstart 1000000
  nincrease 500000
  nbatch 1000
  gridno 1
  statefile "vegas_last_iter86"

Restoring state from vegas_last_iter86.

Iteration 12:  45000000 integrand evaluations so far
[1] 1.50107e-08 +- 1.88804e-08  	chisq 8.71543 (11 df)

Saving state to vegas_last_iter86.
Vegas input parameters:
  ndim 11
  ncomp 1
  epsrel 0
  epsabs 0
  flags 291
  seed 1229
  mineval 1
  maxeval 1
  nstart 1000000
  nincrease 500000
  nbatch 1000
  gridno 1
  statefile "vegas_last_iter86"

Restoring state from vegas_last_iter86.

Iteration 13:  52000000 integrand evaluations so far
[1] 1.33434e-08 +- 1.73757e-08  	chisq 8.76639 (12 df)

Saving state to vegas_last_iter86.
Vegas input parameters:
  ndim 11
  ncomp 1
  epsrel 0
  epsabs 0
  flags 291
  seed 1315
  mineval 1
  maxeval 1
  nstart 1000000
  nincrease 500000
  nbatch 1000
  gridno 1
  statefile "vegas_last_iter86"

Restoring state from vegas_last_iter86.

Iteration 14:  59500000 integrand evaluations so far
[1] 1.9453e-08 +- 1.61046e-08  	chisq 9.64351 (13 df)

Saving state to vegas_last_iter86.
Vegas input parameters:
  ndim 11
  ncomp 1
  epsrel 0
  epsabs 0
  flags 291
  seed 1401
  mineval 1
  maxeval 1
  nstart 1000000
  nincrease 500000
  nbatch 1000
  gridno 1
  statefile "vegas_last_iter86"

Restoring state from vegas_last_iter86.

Iteration 15:  67500000 integrand evaluations so far
[1] 1.98219e-08 +- 1.5015e-08  	chisq 9.64752 (14 df)

Saving state to vegas_last_iter86.
Vegas input parameters:
  ndim 11
  ncomp 1
  epsrel 0
  epsabs 0
  flags 291
  seed 1487
  mineval 1
  maxeval 1
  nstart 1000000
  nincrease 500000
  nbatch 1000
  gridno 1
  statefile "vegas_last_iter86"

Restoring state from vegas_last_iter86.

Iteration 16:  76000000 integrand evaluations so far
[1] 1.68284e-08 +- 1.40684e-08  	chisq 9.97302 (15 df)

Saving state to vegas_last_iter86.
Vegas input parameters:
  ndim 11
  ncomp 1
  epsrel 0
  epsabs 0
  flags 291
  seed 1573
  mineval 1
  maxeval 1
  nstart 1000000
  nincrease 500000
  nbatch 1000
  gridno 1
  statefile "vegas_last_iter86"

Restoring state from vegas_last_iter86.

Iteration 17:  85000000 integrand evaluations so far
[1] 1.94062e-08 +- 1.32366e-08  	chisq 10.2656 (16 df)

Saving state to vegas_last_iter86.
Vegas input parameters:
  ndim 11
  ncomp 1
  epsrel 0
  epsabs 0
  flags 291
  seed 1659
  mineval 1
  maxeval 1
  nstart 1000000
  nincrease 500000
  nbatch 1000
  gridno 1
  statefile "vegas_last_iter86"

Restoring state from vegas_last_iter86.

Iteration 18:  94500000 integrand evaluations so far
[1] 1.68406e-08 +- 1.25009e-08  	chisq 10.6132 (17 df)

Saving state to vegas_last_iter86.
Vegas input parameters:
  ndim 11
  ncomp 1
  epsrel 0
  epsabs 0
  flags 291
  seed 1745
  mineval 1
  maxeval 1
  nstart 1000000
  nincrease 500000
  nbatch 1000
  gridno 1
  statefile "vegas_last_iter86"

Restoring state from vegas_last_iter86.

Iteration 19:  104500000 integrand evaluations so far
[1] 1.55227e-08 +- 1.18472e-08  	chisq 10.7223 (18 df)

Saving state to vegas_last_iter86.
Vegas input parameters:
  ndim 11
  ncomp 1
  epsrel 0
  epsabs 0
  flags 291
  seed 1831
  mineval 1
  maxeval 1
  nstart 1000000
  nincrease 500000
  nbatch 1000
  gridno 1
  statefile "vegas_last_iter86"

Restoring state from vegas_last_iter86.

Iteration 20:  115000000 integrand evaluations so far
[1] 1.31604e-08 +- 1.1258e-08  	chisq 11.1322 (19 df)

Saving state to vegas_last_iter86.
Vegas input parameters:
  ndim 11
  ncomp 1
  epsrel 0
  epsabs 0
  flags 291
  seed 1917
  mineval 1
  maxeval 1
  nstart 1000000
  nincrease 500000
  nbatch 1000
  gridno 1
  statefile "vegas_last_iter86"

Restoring state from vegas_last_iter86.

Iteration 21:  126000000 integrand evaluations so far
[1] 1.22e-08 +- 1.07259e-08  	chisq 11.2111 (20 df)

Saving state to vegas_last_iter86.
Vegas input parameters:
  ndim 11
  ncomp 1
  epsrel 0
  epsabs 0
  flags 291
  seed 2003
  mineval 1
  maxeval 1
  nstart 1000000
  nincrease 500000
  nbatch 1000
  gridno 1
  statefile "vegas_last_iter86"

Restoring state from vegas_last_iter86.

Iteration 22:  137500000 integrand evaluations so far
[1] 9.30609e-09 +- 1.02419e-08  	chisq 12.0362 (21 df)

Saving state to vegas_last_iter86.
Vegas input parameters:
  ndim 11
  ncomp 1
  epsrel 0
  epsabs 0
  flags 291
  seed 2089
  mineval 1
  maxeval 1
  nstart 1000000
  nincrease 500000
  nbatch 1000
  gridno 1
  statefile "vegas_last_iter86"

Restoring state from vegas_last_iter86.

Iteration 23:  149500000 integrand evaluations so far
[1] 1.53472e-08 +- 9.80121e-09  	chisq 16.1682 (22 df)

Saving state to vegas_last_iter86.
Vegas input parameters:
  ndim 11
  ncomp 1
  epsrel 0
  epsabs 0
  flags 291
  seed 2175
  mineval 1
  maxeval 1
  nstart 1000000
  nincrease 500000
  nbatch 1000
  gridno 1
  statefile "vegas_last_iter86"

Restoring state from vegas_last_iter86.

Iteration 24:  162000000 integrand evaluations so far
[1] 1.27679e-08 +- 9.39728e-09  	chisq 17.0262 (23 df)

Saving state to vegas_last_iter86.
Vegas input parameters:
  ndim 11
  ncomp 1
  epsrel 0
  epsabs 0
  flags 291
  seed 2261
  mineval 1
  maxeval 1
  nstart 1000000
  nincrease 500000
  nbatch 1000
  gridno 1
  statefile "vegas_last_iter86"

Restoring state from vegas_last_iter86.

Iteration 25:  175000000 integrand evaluations so far
[1] 1.34652e-08 +- 9.02597e-09  	chisq 17.0973 (24 df)

Saving state to vegas_last_iter86.
Vegas input parameters:
  ndim 11
  ncomp 1
  epsrel 0
  epsabs 0
  flags 291
  seed 2347
  mineval 1
  maxeval 1
  nstart 1000000
  nincrease 500000
  nbatch 1000
  gridno 1
  statefile "vegas_last_iter86"

Restoring state from vegas_last_iter86.

Iteration 26:  188500000 integrand evaluations so far
[1] 1.35041e-08 +- 8.68388e-09  	chisq 17.0975 (25 df)

Saving state to vegas_last_iter86.
Vegas input parameters:
  ndim 11
  ncomp 1
  epsrel 0
  epsabs 0
  flags 291
  seed 2433
  mineval 1
  maxeval 1
  nstart 1000000
  nincrease 500000
  nbatch 1000
  gridno 1
  statefile "vegas_last_iter86"

Restoring state from vegas_last_iter86.

Iteration 27:  202500000 integrand evaluations so far
[1] 1.02063e-08 +- 8.36666e-09  	chisq 19.1083 (26 df)

Saving state to vegas_last_iter86.
Thanks for using LHAPDF 6.3.0. Please make sure to cite the paper:
  Eur.Phys.J. C75 (2015) 3, 132  (http://arxiv.org/abs/1412.7420)
 method   =Vegas  
 nregions =           1
 neval    =   202500000
 fail     =           1
  0.102062611226E-07 +-   0.836665909601E-08   p =    0.134
