/var/lib/condor/execute/dir_44346
LHAPDF 6.3.0 loading /home/taebh/2021_Research/share/LHAPDF/NNPDF31_nnlo_as_0118_mc_hessian_pdfas/NNPDF31_nnlo_as_0118_mc_hessian_pdfas_0000.dat
NNPDF31_nnlo_as_0118_mc_hessian_pdfas PDF set, member #0, version 1
Vegas input parameters:
  ndim 11
  ncomp 1
  epsrel 0
  epsabs 0
  flags 291
  seed 121
  mineval 1
  maxeval 1
  nstart 1000000
  nincrease 500000
  nbatch 1000
  gridno 1
  statefile "vegas_last_iter10"

Iteration 1:  1000000 integrand evaluations so far
[1] 3.34605e-06 +- 5.44873e-07  	chisq 0 (0 df)

Saving state to vegas_last_iter10.
Vegas input parameters:
  ndim 11
  ncomp 1
  epsrel 0
  epsabs 0
  flags 291
  seed 131
  mineval 1
  maxeval 1
  nstart 1000000
  nincrease 500000
  nbatch 1000
  gridno 1
  statefile "vegas_last_iter10"

Restoring state from vegas_last_iter10.

Iteration 2:  2500000 integrand evaluations so far
[1] 2.8951e-06 +- 2.47504e-07  	chisq 0.863042 (1 df)

Saving state to vegas_last_iter10.
Vegas input parameters:
  ndim 11
  ncomp 1
  epsrel 0
  epsabs 0
  flags 291
  seed 141
  mineval 1
  maxeval 1
  nstart 1000000
  nincrease 500000
  nbatch 1000
  gridno 1
  statefile "vegas_last_iter10"

Restoring state from vegas_last_iter10.

Iteration 3:  4500000 integrand evaluations so far
[1] 2.83744e-06 +- 1.37628e-07  	chisq 0.941606 (2 df)

Saving state to vegas_last_iter10.
Vegas input parameters:
  ndim 11
  ncomp 1
  epsrel 0
  epsabs 0
  flags 291
  seed 151
  mineval 1
  maxeval 1
  nstart 1000000
  nincrease 500000
  nbatch 1000
  gridno 1
  statefile "vegas_last_iter10"

Restoring state from vegas_last_iter10.

Iteration 4:  7000000 integrand evaluations so far
[1] 2.79788e-06 +- 6.63674e-08  	chisq 1.04926 (3 df)

Saving state to vegas_last_iter10.
Vegas input parameters:
  ndim 11
  ncomp 1
  epsrel 0
  epsabs 0
  flags 291
  seed 161
  mineval 1
  maxeval 1
  nstart 1000000
  nincrease 500000
  nbatch 1000
  gridno 1
  statefile "vegas_last_iter10"

Restoring state from vegas_last_iter10.

Iteration 5:  10000000 integrand evaluations so far
[1] 2.7741e-06 +- 3.59591e-08  	chisq 1.23113 (4 df)

Saving state to vegas_last_iter10.
Vegas input parameters:
  ndim 11
  ncomp 1
  epsrel 0
  epsabs 0
  flags 291
  seed 171
  mineval 1
  maxeval 1
  nstart 1000000
  nincrease 500000
  nbatch 1000
  gridno 1
  statefile "vegas_last_iter10"

Restoring state from vegas_last_iter10.

Iteration 6:  13500000 integrand evaluations so far
[1] 2.79242e-06 +- 2.46753e-08  	chisq 1.72213 (5 df)

Saving state to vegas_last_iter10.
Vegas input parameters:
  ndim 11
  ncomp 1
  epsrel 0
  epsabs 0
  flags 291
  seed 181
  mineval 1
  maxeval 1
  nstart 1000000
  nincrease 500000
  nbatch 1000
  gridno 1
  statefile "vegas_last_iter10"

Restoring state from vegas_last_iter10.

Iteration 7:  17500000 integrand evaluations so far
[1] 2.7781e-06 +- 1.90895e-08  	chisq 2.5614 (6 df)

Saving state to vegas_last_iter10.
Vegas input parameters:
  ndim 11
  ncomp 1
  epsrel 0
  epsabs 0
  flags 291
  seed 191
  mineval 1
  maxeval 1
  nstart 1000000
  nincrease 500000
  nbatch 1000
  gridno 1
  statefile "vegas_last_iter10"

Restoring state from vegas_last_iter10.

Iteration 8:  22000000 integrand evaluations so far
[1] 2.77865e-06 +- 1.59323e-08  	chisq 2.56417 (7 df)

Saving state to vegas_last_iter10.
Vegas input parameters:
  ndim 11
  ncomp 1
  epsrel 0
  epsabs 0
  flags 291
  seed 201
  mineval 1
  maxeval 1
  nstart 1000000
  nincrease 500000
  nbatch 1000
  gridno 1
  statefile "vegas_last_iter10"

Restoring state from vegas_last_iter10.

Iteration 9:  27000000 integrand evaluations so far
[1] 2.76834e-06 +- 1.3682e-08  	chisq 4.1618 (8 df)

Saving state to vegas_last_iter10.
Vegas input parameters:
  ndim 11
  ncomp 1
  epsrel 0
  epsabs 0
  flags 291
  seed 211
  mineval 1
  maxeval 1
  nstart 1000000
  nincrease 500000
  nbatch 1000
  gridno 1
  statefile "vegas_last_iter10"

Restoring state from vegas_last_iter10.

Iteration 10:  32500000 integrand evaluations so far
[1] 2.77225e-06 +- 1.19593e-08  	chisq 4.50851 (9 df)

Saving state to vegas_last_iter10.
Vegas input parameters:
  ndim 11
  ncomp 1
  epsrel 0
  epsabs 0
  flags 291
  seed 221
  mineval 1
  maxeval 1
  nstart 1000000
  nincrease 500000
  nbatch 1000
  gridno 1
  statefile "vegas_last_iter10"

Restoring state from vegas_last_iter10.

Iteration 11:  38500000 integrand evaluations so far
[1] 2.77763e-06 +- 1.06654e-08  	chisq 5.49811 (10 df)

Saving state to vegas_last_iter10.
Vegas input parameters:
  ndim 11
  ncomp 1
  epsrel 0
  epsabs 0
  flags 291
  seed 231
  mineval 1
  maxeval 1
  nstart 1000000
  nincrease 500000
  nbatch 1000
  gridno 1
  statefile "vegas_last_iter10"

Restoring state from vegas_last_iter10.

Iteration 12:  45000000 integrand evaluations so far
[1] 2.78482e-06 +- 9.63819e-09  	chisq 7.9735 (11 df)

Saving state to vegas_last_iter10.
Vegas input parameters:
  ndim 11
  ncomp 1
  epsrel 0
  epsabs 0
  flags 291
  seed 241
  mineval 1
  maxeval 1
  nstart 1000000
  nincrease 500000
  nbatch 1000
  gridno 1
  statefile "vegas_last_iter10"

Restoring state from vegas_last_iter10.

Iteration 13:  52000000 integrand evaluations so far
[1] 2.78687e-06 +- 8.80537e-09  	chisq 8.24724 (12 df)

Saving state to vegas_last_iter10.
Vegas input parameters:
  ndim 11
  ncomp 1
  epsrel 0
  epsabs 0
  flags 291
  seed 251
  mineval 1
  maxeval 1
  nstart 1000000
  nincrease 500000
  nbatch 1000
  gridno 1
  statefile "vegas_last_iter10"

Restoring state from vegas_last_iter10.

Iteration 14:  59500000 integrand evaluations so far
[1] 2.7877e-06 +- 8.12512e-09  	chisq 8.30699 (13 df)

Saving state to vegas_last_iter10.
Vegas input parameters:
  ndim 11
  ncomp 1
  epsrel 0
  epsabs 0
  flags 291
  seed 261
  mineval 1
  maxeval 1
  nstart 1000000
  nincrease 500000
  nbatch 1000
  gridno 1
  statefile "vegas_last_iter10"

Restoring state from vegas_last_iter10.

Iteration 15:  67500000 integrand evaluations so far
[1] 2.79112e-06 +- 7.54118e-09  	chisq 9.58977 (14 df)

Saving state to vegas_last_iter10.
Vegas input parameters:
  ndim 11
  ncomp 1
  epsrel 0
  epsabs 0
  flags 291
  seed 271
  mineval 1
  maxeval 1
  nstart 1000000
  nincrease 500000
  nbatch 1000
  gridno 1
  statefile "vegas_last_iter10"

Restoring state from vegas_last_iter10.

Iteration 16:  76000000 integrand evaluations so far
[1] 2.79384e-06 +- 7.03696e-09  	chisq 10.5948 (15 df)

Saving state to vegas_last_iter10.
Vegas input parameters:
  ndim 11
  ncomp 1
  epsrel 0
  epsabs 0
  flags 291
  seed 281
  mineval 1
  maxeval 1
  nstart 1000000
  nincrease 500000
  nbatch 1000
  gridno 1
  statefile "vegas_last_iter10"

Restoring state from vegas_last_iter10.

Iteration 17:  85000000 integrand evaluations so far
[1] 2.79801e-06 +- 6.60356e-09  	chisq 13.5335 (16 df)

Saving state to vegas_last_iter10.
Vegas input parameters:
  ndim 11
  ncomp 1
  epsrel 0
  epsabs 0
  flags 291
  seed 291
  mineval 1
  maxeval 1
  nstart 1000000
  nincrease 500000
  nbatch 1000
  gridno 1
  statefile "vegas_last_iter10"

Restoring state from vegas_last_iter10.

Iteration 18:  94500000 integrand evaluations so far
[1] 2.79898e-06 +- 6.21988e-09  	chisq 13.7271 (17 df)

Saving state to vegas_last_iter10.
Vegas input parameters:
  ndim 11
  ncomp 1
  epsrel 0
  epsabs 0
  flags 291
  seed 301
  mineval 1
  maxeval 1
  nstart 1000000
  nincrease 500000
  nbatch 1000
  gridno 1
  statefile "vegas_last_iter10"

Restoring state from vegas_last_iter10.

Iteration 19:  104500000 integrand evaluations so far
[1] 2.79392e-06 +- 5.89871e-09  	chisq 20.312 (18 df)

Saving state to vegas_last_iter10.
Vegas input parameters:
  ndim 11
  ncomp 1
  epsrel 0
  epsabs 0
  flags 291
  seed 311
  mineval 1
  maxeval 1
  nstart 1000000
  nincrease 500000
  nbatch 1000
  gridno 1
  statefile "vegas_last_iter10"

Restoring state from vegas_last_iter10.

Iteration 20:  115000000 integrand evaluations so far
[1] 2.79228e-06 +- 5.60749e-09  	chisq 21.1171 (19 df)

Saving state to vegas_last_iter10.
Vegas input parameters:
  ndim 11
  ncomp 1
  epsrel 0
  epsabs 0
  flags 291
  seed 321
  mineval 1
  maxeval 1
  nstart 1000000
  nincrease 500000
  nbatch 1000
  gridno 1
  statefile "vegas_last_iter10"

Restoring state from vegas_last_iter10.

Iteration 21:  126000000 integrand evaluations so far
[1] 2.79372e-06 +- 5.33483e-09  	chisq 21.8131 (20 df)

Saving state to vegas_last_iter10.
Vegas input parameters:
  ndim 11
  ncomp 1
  epsrel 0
  epsabs 0
  flags 291
  seed 331
  mineval 1
  maxeval 1
  nstart 1000000
  nincrease 500000
  nbatch 1000
  gridno 1
  statefile "vegas_last_iter10"

Restoring state from vegas_last_iter10.

Iteration 22:  137500000 integrand evaluations so far
[1] 2.79222e-06 +- 5.08677e-09  	chisq 22.6868 (21 df)

Saving state to vegas_last_iter10.
Vegas input parameters:
  ndim 11
  ncomp 1
  epsrel 0
  epsabs 0
  flags 291
  seed 341
  mineval 1
  maxeval 1
  nstart 1000000
  nincrease 500000
  nbatch 1000
  gridno 1
  statefile "vegas_last_iter10"

Restoring state from vegas_last_iter10.

Iteration 23:  149500000 integrand evaluations so far
[1] 2.79109e-06 +- 4.86094e-09  	chisq 23.2504 (22 df)

Saving state to vegas_last_iter10.
Vegas input parameters:
  ndim 11
  ncomp 1
  epsrel 0
  epsabs 0
  flags 291
  seed 351
  mineval 1
  maxeval 1
  nstart 1000000
  nincrease 500000
  nbatch 1000
  gridno 1
  statefile "vegas_last_iter10"

Restoring state from vegas_last_iter10.

Iteration 24:  162000000 integrand evaluations so far
[1] 2.78979e-06 +- 4.65538e-09  	chisq 24.1122 (23 df)

Saving state to vegas_last_iter10.
Vegas input parameters:
  ndim 11
  ncomp 1
  epsrel 0
  epsabs 0
  flags 291
  seed 361
  mineval 1
  maxeval 1
  nstart 1000000
  nincrease 500000
  nbatch 1000
  gridno 1
  statefile "vegas_last_iter10"

Restoring state from vegas_last_iter10.

Iteration 25:  175000000 integrand evaluations so far
[1] 2.79176e-06 +- 4.4659e-09  	chisq 26.3405 (24 df)

Saving state to vegas_last_iter10.
Vegas input parameters:
  ndim 11
  ncomp 1
  epsrel 0
  epsabs 0
  flags 291
  seed 371
  mineval 1
  maxeval 1
  nstart 1000000
  nincrease 500000
  nbatch 1000
  gridno 1
  statefile "vegas_last_iter10"

Restoring state from vegas_last_iter10.

Iteration 26:  188500000 integrand evaluations so far
[1] 2.79165e-06 +- 4.29177e-09  	chisq 26.348 (25 df)

Saving state to vegas_last_iter10.
Vegas input parameters:
  ndim 11
  ncomp 1
  epsrel 0
  epsabs 0
  flags 291
  seed 381
  mineval 1
  maxeval 1
  nstart 1000000
  nincrease 500000
  nbatch 1000
  gridno 1
  statefile "vegas_last_iter10"

Restoring state from vegas_last_iter10.

Iteration 27:  202500000 integrand evaluations so far
[1] 2.79138e-06 +- 4.13155e-09  	chisq 26.401 (26 df)

Saving state to vegas_last_iter10.
Thanks for using LHAPDF 6.3.0. Please make sure to cite the paper:
  Eur.Phys.J. C75 (2015) 3, 132  (http://arxiv.org/abs/1412.7420)
 method   =Vegas  
 nregions =           1
 neval    =   202500000
 fail     =           1
  0.279138166485E-05 +-   0.413155400148E-08   p =    0.504
