/var/lib/condor/execute/dir_11061
LHAPDF 6.3.0 loading /home/taebh/2021_Research/share/LHAPDF/NNPDF31_nnlo_as_0118_mc_hessian_pdfas/NNPDF31_nnlo_as_0118_mc_hessian_pdfas_0000.dat
NNPDF31_nnlo_as_0118_mc_hessian_pdfas PDF set, member #0, version 1
Vegas input parameters:
  ndim 11
  ncomp 1
  epsrel 0
  epsabs 0
  flags 291
  seed 135
  mineval 1
  maxeval 1
  nstart 1000000
  nincrease 500000
  nbatch 1000
  gridno 1
  statefile "vegas_last_iter24"

Iteration 1:  1000000 integrand evaluations so far
[1] -3.33717e-07 +- 3.07341e-08  	chisq 0 (0 df)

Saving state to vegas_last_iter24.
Vegas input parameters:
  ndim 11
  ncomp 1
  epsrel 0
  epsabs 0
  flags 291
  seed 159
  mineval 1
  maxeval 1
  nstart 1000000
  nincrease 500000
  nbatch 1000
  gridno 1
  statefile "vegas_last_iter24"

Restoring state from vegas_last_iter24.

Iteration 2:  2500000 integrand evaluations so far
[1] -3.62633e-07 +- 2.3363e-08  	chisq 2.09688 (1 df)

Saving state to vegas_last_iter24.
Vegas input parameters:
  ndim 11
  ncomp 1
  epsrel 0
  epsabs 0
  flags 291
  seed 183
  mineval 1
  maxeval 1
  nstart 1000000
  nincrease 500000
  nbatch 1000
  gridno 1
  statefile "vegas_last_iter24"

Restoring state from vegas_last_iter24.

Iteration 3:  4500000 integrand evaluations so far
[1] -3.90611e-07 +- 8.53048e-09  	chisq 3.75157 (2 df)

Saving state to vegas_last_iter24.
Vegas input parameters:
  ndim 11
  ncomp 1
  epsrel 0
  epsabs 0
  flags 291
  seed 207
  mineval 1
  maxeval 1
  nstart 1000000
  nincrease 500000
  nbatch 1000
  gridno 1
  statefile "vegas_last_iter24"

Restoring state from vegas_last_iter24.

Iteration 4:  7000000 integrand evaluations so far
[1] -3.89219e-07 +- 2.30051e-09  	chisq 3.78027 (3 df)

Saving state to vegas_last_iter24.
Vegas input parameters:
  ndim 11
  ncomp 1
  epsrel 0
  epsabs 0
  flags 291
  seed 231
  mineval 1
  maxeval 1
  nstart 1000000
  nincrease 500000
  nbatch 1000
  gridno 1
  statefile "vegas_last_iter24"

Restoring state from vegas_last_iter24.

Iteration 5:  10000000 integrand evaluations so far
[1] -3.89019e-07 +- 7.72547e-10  	chisq 3.78881 (4 df)

Saving state to vegas_last_iter24.
Vegas input parameters:
  ndim 11
  ncomp 1
  epsrel 0
  epsabs 0
  flags 291
  seed 255
  mineval 1
  maxeval 1
  nstart 1000000
  nincrease 500000
  nbatch 1000
  gridno 1
  statefile "vegas_last_iter24"

Restoring state from vegas_last_iter24.

Iteration 6:  13500000 integrand evaluations so far
[1] -3.89065e-07 +- 4.21887e-10  	chisq 3.7938 (5 df)

Saving state to vegas_last_iter24.
Vegas input parameters:
  ndim 11
  ncomp 1
  epsrel 0
  epsabs 0
  flags 291
  seed 279
  mineval 1
  maxeval 1
  nstart 1000000
  nincrease 500000
  nbatch 1000
  gridno 1
  statefile "vegas_last_iter24"

Restoring state from vegas_last_iter24.

Iteration 7:  17500000 integrand evaluations so far
[1] -3.89149e-07 +- 2.94567e-10  	chisq 3.87168 (6 df)

Saving state to vegas_last_iter24.
Vegas input parameters:
  ndim 11
  ncomp 1
  epsrel 0
  epsabs 0
  flags 291
  seed 303
  mineval 1
  maxeval 1
  nstart 1000000
  nincrease 500000
  nbatch 1000
  gridno 1
  statefile "vegas_last_iter24"

Restoring state from vegas_last_iter24.

Iteration 8:  22000000 integrand evaluations so far
[1] -3.89067e-07 +- 2.30353e-10  	chisq 4.07203 (7 df)

Saving state to vegas_last_iter24.
Vegas input parameters:
  ndim 11
  ncomp 1
  epsrel 0
  epsabs 0
  flags 291
  seed 327
  mineval 1
  maxeval 1
  nstart 1000000
  nincrease 500000
  nbatch 1000
  gridno 1
  statefile "vegas_last_iter24"

Restoring state from vegas_last_iter24.

Iteration 9:  27000000 integrand evaluations so far
[1] -3.89072e-07 +- 1.91524e-10  	chisq 4.0735 (8 df)

Saving state to vegas_last_iter24.
Vegas input parameters:
  ndim 11
  ncomp 1
  epsrel 0
  epsabs 0
  flags 291
  seed 351
  mineval 1
  maxeval 1
  nstart 1000000
  nincrease 500000
  nbatch 1000
  gridno 1
  statefile "vegas_last_iter24"

Restoring state from vegas_last_iter24.

Iteration 10:  32500000 integrand evaluations so far
[1] -3.89067e-07 +- 1.65148e-10  	chisq 4.07591 (9 df)

Saving state to vegas_last_iter24.
Vegas input parameters:
  ndim 11
  ncomp 1
  epsrel 0
  epsabs 0
  flags 291
  seed 375
  mineval 1
  maxeval 1
  nstart 1000000
  nincrease 500000
  nbatch 1000
  gridno 1
  statefile "vegas_last_iter24"

Restoring state from vegas_last_iter24.

Iteration 11:  38500000 integrand evaluations so far
[1] -3.89031e-07 +- 1.45909e-10  	chisq 4.29929 (10 df)

Saving state to vegas_last_iter24.
Vegas input parameters:
  ndim 11
  ncomp 1
  epsrel 0
  epsabs 0
  flags 291
  seed 399
  mineval 1
  maxeval 1
  nstart 1000000
  nincrease 500000
  nbatch 1000
  gridno 1
  statefile "vegas_last_iter24"

Restoring state from vegas_last_iter24.

Iteration 12:  45000000 integrand evaluations so far
[1] -3.88947e-07 +- 1.31097e-10  	chisq 6.00626 (11 df)

Saving state to vegas_last_iter24.
Vegas input parameters:
  ndim 11
  ncomp 1
  epsrel 0
  epsabs 0
  flags 291
  seed 423
  mineval 1
  maxeval 1
  nstart 1000000
  nincrease 500000
  nbatch 1000
  gridno 1
  statefile "vegas_last_iter24"

Restoring state from vegas_last_iter24.

Iteration 13:  52000000 integrand evaluations so far
[1] -3.88911e-07 +- 1.19273e-10  	chisq 6.44511 (12 df)

Saving state to vegas_last_iter24.
Vegas input parameters:
  ndim 11
  ncomp 1
  epsrel 0
  epsabs 0
  flags 291
  seed 447
  mineval 1
  maxeval 1
  nstart 1000000
  nincrease 500000
  nbatch 1000
  gridno 1
  statefile "vegas_last_iter24"

Restoring state from vegas_last_iter24.

Iteration 14:  59500000 integrand evaluations so far
[1] -3.88897e-07 +- 1.09585e-10  	chisq 6.52739 (13 df)

Saving state to vegas_last_iter24.
Vegas input parameters:
  ndim 11
  ncomp 1
  epsrel 0
  epsabs 0
  flags 291
  seed 471
  mineval 1
  maxeval 1
  nstart 1000000
  nincrease 500000
  nbatch 1000
  gridno 1
  statefile "vegas_last_iter24"

Restoring state from vegas_last_iter24.

Iteration 15:  67500000 integrand evaluations so far
[1] -3.88868e-07 +- 1.01468e-10  	chisq 7.02592 (14 df)

Saving state to vegas_last_iter24.
Vegas input parameters:
  ndim 11
  ncomp 1
  epsrel 0
  epsabs 0
  flags 291
  seed 495
  mineval 1
  maxeval 1
  nstart 1000000
  nincrease 500000
  nbatch 1000
  gridno 1
  statefile "vegas_last_iter24"

Restoring state from vegas_last_iter24.

Iteration 16:  76000000 integrand evaluations so far
[1] -3.88815e-07 +- 9.45368e-11  	chisq 9.1377 (15 df)

Saving state to vegas_last_iter24.
Vegas input parameters:
  ndim 11
  ncomp 1
  epsrel 0
  epsabs 0
  flags 291
  seed 519
  mineval 1
  maxeval 1
  nstart 1000000
  nincrease 500000
  nbatch 1000
  gridno 1
  statefile "vegas_last_iter24"

Restoring state from vegas_last_iter24.

Iteration 17:  85000000 integrand evaluations so far
[1] -3.88822e-07 +- 8.85551e-11  	chisq 9.18963 (16 df)

Saving state to vegas_last_iter24.
Vegas input parameters:
  ndim 11
  ncomp 1
  epsrel 0
  epsabs 0
  flags 291
  seed 543
  mineval 1
  maxeval 1
  nstart 1000000
  nincrease 500000
  nbatch 1000
  gridno 1
  statefile "vegas_last_iter24"

Restoring state from vegas_last_iter24.

Iteration 18:  94500000 integrand evaluations so far
[1] -3.889e-07 +- 8.33218e-11  	chisq 15.9451 (17 df)

Saving state to vegas_last_iter24.
Vegas input parameters:
  ndim 11
  ncomp 1
  epsrel 0
  epsabs 0
  flags 291
  seed 567
  mineval 1
  maxeval 1
  nstart 1000000
  nincrease 500000
  nbatch 1000
  gridno 1
  statefile "vegas_last_iter24"

Restoring state from vegas_last_iter24.

Iteration 19:  104500000 integrand evaluations so far
[1] -3.88879e-07 +- 7.87019e-11  	chisq 16.5192 (18 df)

Saving state to vegas_last_iter24.
Vegas input parameters:
  ndim 11
  ncomp 1
  epsrel 0
  epsabs 0
  flags 291
  seed 591
  mineval 1
  maxeval 1
  nstart 1000000
  nincrease 500000
  nbatch 1000
  gridno 1
  statefile "vegas_last_iter24"

Restoring state from vegas_last_iter24.

Iteration 20:  115000000 integrand evaluations so far
[1] -3.88898e-07 +- 7.45901e-11  	chisq 17.0792 (19 df)

Saving state to vegas_last_iter24.
Vegas input parameters:
  ndim 11
  ncomp 1
  epsrel 0
  epsabs 0
  flags 291
  seed 615
  mineval 1
  maxeval 1
  nstart 1000000
  nincrease 500000
  nbatch 1000
  gridno 1
  statefile "vegas_last_iter24"

Restoring state from vegas_last_iter24.

Iteration 21:  126000000 integrand evaluations so far
[1] -3.88886e-07 +- 7.09079e-11  	chisq 17.3357 (20 df)

Saving state to vegas_last_iter24.
Vegas input parameters:
  ndim 11
  ncomp 1
  epsrel 0
  epsabs 0
  flags 291
  seed 639
  mineval 1
  maxeval 1
  nstart 1000000
  nincrease 500000
  nbatch 1000
  gridno 1
  statefile "vegas_last_iter24"

Restoring state from vegas_last_iter24.

Iteration 22:  137500000 integrand evaluations so far
[1] -3.88934e-07 +- 6.75872e-11  	chisq 22.2723 (21 df)

Saving state to vegas_last_iter24.
Vegas input parameters:
  ndim 11
  ncomp 1
  epsrel 0
  epsabs 0
  flags 291
  seed 663
  mineval 1
  maxeval 1
  nstart 1000000
  nincrease 500000
  nbatch 1000
  gridno 1
  statefile "vegas_last_iter24"

Restoring state from vegas_last_iter24.

Iteration 23:  149500000 integrand evaluations so far
[1] -3.8892e-07 +- 6.45745e-11  	chisq 22.7844 (22 df)

Saving state to vegas_last_iter24.
Vegas input parameters:
  ndim 11
  ncomp 1
  epsrel 0
  epsabs 0
  flags 291
  seed 687
  mineval 1
  maxeval 1
  nstart 1000000
  nincrease 500000
  nbatch 1000
  gridno 1
  statefile "vegas_last_iter24"

Restoring state from vegas_last_iter24.

Iteration 24:  162000000 integrand evaluations so far
[1] -3.88939e-07 +- 6.18265e-11  	chisq 23.8966 (23 df)

Saving state to vegas_last_iter24.
Vegas input parameters:
  ndim 11
  ncomp 1
  epsrel 0
  epsabs 0
  flags 291
  seed 711
  mineval 1
  maxeval 1
  nstart 1000000
  nincrease 500000
  nbatch 1000
  gridno 1
  statefile "vegas_last_iter24"

Restoring state from vegas_last_iter24.

Iteration 25:  175000000 integrand evaluations so far
[1] -3.88954e-07 +- 5.931e-11  	chisq 24.5902 (24 df)

Saving state to vegas_last_iter24.
Vegas input parameters:
  ndim 11
  ncomp 1
  epsrel 0
  epsabs 0
  flags 291
  seed 735
  mineval 1
  maxeval 1
  nstart 1000000
  nincrease 500000
  nbatch 1000
  gridno 1
  statefile "vegas_last_iter24"

Restoring state from vegas_last_iter24.

Iteration 26:  188500000 integrand evaluations so far
[1] -3.88935e-07 +- 5.6997e-11  	chisq 25.8621 (25 df)

Saving state to vegas_last_iter24.
Vegas input parameters:
  ndim 11
  ncomp 1
  epsrel 0
  epsabs 0
  flags 291
  seed 759
  mineval 1
  maxeval 1
  nstart 1000000
  nincrease 500000
  nbatch 1000
  gridno 1
  statefile "vegas_last_iter24"

Restoring state from vegas_last_iter24.

Iteration 27:  202500000 integrand evaluations so far
[1] -3.88961e-07 +- 5.48622e-11  	chisq 28.4996 (26 df)

Saving state to vegas_last_iter24.
Thanks for using LHAPDF 6.3.0. Please make sure to cite the paper:
  Eur.Phys.J. C75 (2015) 3, 132  (http://arxiv.org/abs/1412.7420)
 method   =Vegas  
 nregions =           1
 neval    =   202500000
 fail     =           1
 -0.388960536972E-06 +-   0.548622182211E-10   p =    0.614
