/var/lib/condor/execute/dir_44379
LHAPDF 6.3.0 loading /home/taebh/2021_Research/share/LHAPDF/NNPDF31_nnlo_as_0118_mc_hessian_pdfas/NNPDF31_nnlo_as_0118_mc_hessian_pdfas_0000.dat
NNPDF31_nnlo_as_0118_mc_hessian_pdfas PDF set, member #0, version 1
Vegas input parameters:
  ndim 11
  ncomp 1
  epsrel 0
  epsabs 0
  flags 291
  seed 127
  mineval 1
  maxeval 1
  nstart 1000000
  nincrease 500000
  nbatch 1000
  gridno 1
  statefile "vegas_last_iter16"

Iteration 1:  1000000 integrand evaluations so far
[1] 1.56813e-05 +- 3.47699e-06  	chisq 0 (0 df)

Saving state to vegas_last_iter16.
Vegas input parameters:
  ndim 11
  ncomp 1
  epsrel 0
  epsabs 0
  flags 291
  seed 143
  mineval 1
  maxeval 1
  nstart 1000000
  nincrease 500000
  nbatch 1000
  gridno 1
  statefile "vegas_last_iter16"

Restoring state from vegas_last_iter16.

Iteration 2:  2500000 integrand evaluations so far
[1] 1.5127e-05 +- 1.67844e-06  	chisq 0.0331392 (1 df)

Saving state to vegas_last_iter16.
Vegas input parameters:
  ndim 11
  ncomp 1
  epsrel 0
  epsabs 0
  flags 291
  seed 159
  mineval 1
  maxeval 1
  nstart 1000000
  nincrease 500000
  nbatch 1000
  gridno 1
  statefile "vegas_last_iter16"

Restoring state from vegas_last_iter16.

Iteration 3:  4500000 integrand evaluations so far
[1] 1.37127e-05 +- 3.87709e-07  	chisq 0.783198 (2 df)

Saving state to vegas_last_iter16.
Vegas input parameters:
  ndim 11
  ncomp 1
  epsrel 0
  epsabs 0
  flags 291
  seed 175
  mineval 1
  maxeval 1
  nstart 1000000
  nincrease 500000
  nbatch 1000
  gridno 1
  statefile "vegas_last_iter16"

Restoring state from vegas_last_iter16.

Iteration 4:  7000000 integrand evaluations so far
[1] 1.39337e-05 +- 1.06009e-07  	chisq 1.13424 (3 df)

Saving state to vegas_last_iter16.
Vegas input parameters:
  ndim 11
  ncomp 1
  epsrel 0
  epsabs 0
  flags 291
  seed 191
  mineval 1
  maxeval 1
  nstart 1000000
  nincrease 500000
  nbatch 1000
  gridno 1
  statefile "vegas_last_iter16"

Restoring state from vegas_last_iter16.

Iteration 5:  10000000 integrand evaluations so far
[1] 1.42156e-05 +- 3.13094e-08  	chisq 8.88085 (4 df)

Saving state to vegas_last_iter16.
Vegas input parameters:
  ndim 11
  ncomp 1
  epsrel 0
  epsabs 0
  flags 291
  seed 207
  mineval 1
  maxeval 1
  nstart 1000000
  nincrease 500000
  nbatch 1000
  gridno 1
  statefile "vegas_last_iter16"

Restoring state from vegas_last_iter16.

Iteration 6:  13500000 integrand evaluations so far
[1] 1.42017e-05 +- 1.52968e-08  	chisq 9.13875 (5 df)

Saving state to vegas_last_iter16.
Vegas input parameters:
  ndim 11
  ncomp 1
  epsrel 0
  epsabs 0
  flags 291
  seed 223
  mineval 1
  maxeval 1
  nstart 1000000
  nincrease 500000
  nbatch 1000
  gridno 1
  statefile "vegas_last_iter16"

Restoring state from vegas_last_iter16.

Iteration 7:  17500000 integrand evaluations so far
[1] 1.42213e-05 +- 1.02861e-08  	chisq 12.1471 (6 df)

Saving state to vegas_last_iter16.
Vegas input parameters:
  ndim 11
  ncomp 1
  epsrel 0
  epsabs 0
  flags 291
  seed 239
  mineval 1
  maxeval 1
  nstart 1000000
  nincrease 500000
  nbatch 1000
  gridno 1
  statefile "vegas_last_iter16"

Restoring state from vegas_last_iter16.

Iteration 8:  22000000 integrand evaluations so far
[1] 1.42274e-05 +- 7.87849e-09  	chisq 12.9983 (7 df)

Saving state to vegas_last_iter16.
Vegas input parameters:
  ndim 11
  ncomp 1
  epsrel 0
  epsabs 0
  flags 291
  seed 255
  mineval 1
  maxeval 1
  nstart 1000000
  nincrease 500000
  nbatch 1000
  gridno 1
  statefile "vegas_last_iter16"

Restoring state from vegas_last_iter16.

Iteration 9:  27000000 integrand evaluations so far
[1] 1.42225e-05 +- 6.50798e-09  	chisq 14.2117 (8 df)

Saving state to vegas_last_iter16.
Vegas input parameters:
  ndim 11
  ncomp 1
  epsrel 0
  epsabs 0
  flags 291
  seed 271
  mineval 1
  maxeval 1
  nstart 1000000
  nincrease 500000
  nbatch 1000
  gridno 1
  statefile "vegas_last_iter16"

Restoring state from vegas_last_iter16.

Iteration 10:  32500000 integrand evaluations so far
[1] 1.42226e-05 +- 5.58033e-09  	chisq 14.2122 (9 df)

Saving state to vegas_last_iter16.
Vegas input parameters:
  ndim 11
  ncomp 1
  epsrel 0
  epsabs 0
  flags 291
  seed 287
  mineval 1
  maxeval 1
  nstart 1000000
  nincrease 500000
  nbatch 1000
  gridno 1
  statefile "vegas_last_iter16"

Restoring state from vegas_last_iter16.

Iteration 11:  38500000 integrand evaluations so far
[1] 1.42192e-05 +- 4.90999e-09  	chisq 15.835 (10 df)

Saving state to vegas_last_iter16.
Vegas input parameters:
  ndim 11
  ncomp 1
  epsrel 0
  epsabs 0
  flags 291
  seed 303
  mineval 1
  maxeval 1
  nstart 1000000
  nincrease 500000
  nbatch 1000
  gridno 1
  statefile "vegas_last_iter16"

Restoring state from vegas_last_iter16.

Iteration 12:  45000000 integrand evaluations so far
[1] 1.42196e-05 +- 4.39774e-09  	chisq 15.8596 (11 df)

Saving state to vegas_last_iter16.
Vegas input parameters:
  ndim 11
  ncomp 1
  epsrel 0
  epsabs 0
  flags 291
  seed 319
  mineval 1
  maxeval 1
  nstart 1000000
  nincrease 500000
  nbatch 1000
  gridno 1
  statefile "vegas_last_iter16"

Restoring state from vegas_last_iter16.

Iteration 13:  52000000 integrand evaluations so far
[1] 1.42182e-05 +- 3.99411e-09  	chisq 16.4425 (12 df)

Saving state to vegas_last_iter16.
Vegas input parameters:
  ndim 11
  ncomp 1
  epsrel 0
  epsabs 0
  flags 291
  seed 335
  mineval 1
  maxeval 1
  nstart 1000000
  nincrease 500000
  nbatch 1000
  gridno 1
  statefile "vegas_last_iter16"

Restoring state from vegas_last_iter16.

Iteration 14:  59500000 integrand evaluations so far
[1] 1.4223e-05 +- 3.6628e-09  	chisq 25.8543 (13 df)

Saving state to vegas_last_iter16.
Vegas input parameters:
  ndim 11
  ncomp 1
  epsrel 0
  epsabs 0
  flags 291
  seed 351
  mineval 1
  maxeval 1
  nstart 1000000
  nincrease 500000
  nbatch 1000
  gridno 1
  statefile "vegas_last_iter16"

Restoring state from vegas_last_iter16.

Iteration 15:  67500000 integrand evaluations so far
[1] 1.42206e-05 +- 3.38818e-09  	chisq 29.0471 (14 df)

Saving state to vegas_last_iter16.
Vegas input parameters:
  ndim 11
  ncomp 1
  epsrel 0
  epsabs 0
  flags 291
  seed 367
  mineval 1
  maxeval 1
  nstart 1000000
  nincrease 500000
  nbatch 1000
  gridno 1
  statefile "vegas_last_iter16"

Restoring state from vegas_last_iter16.

Iteration 16:  76000000 integrand evaluations so far
[1] 1.42211e-05 +- 3.15463e-09  	chisq 29.2614 (15 df)

Saving state to vegas_last_iter16.
Vegas input parameters:
  ndim 11
  ncomp 1
  epsrel 0
  epsabs 0
  flags 291
  seed 383
  mineval 1
  maxeval 1
  nstart 1000000
  nincrease 500000
  nbatch 1000
  gridno 1
  statefile "vegas_last_iter16"

Restoring state from vegas_last_iter16.

Iteration 17:  85000000 integrand evaluations so far
[1] 1.42223e-05 +- 2.95339e-09  	chisq 30.3235 (16 df)

Saving state to vegas_last_iter16.
Vegas input parameters:
  ndim 11
  ncomp 1
  epsrel 0
  epsabs 0
  flags 291
  seed 399
  mineval 1
  maxeval 1
  nstart 1000000
  nincrease 500000
  nbatch 1000
  gridno 1
  statefile "vegas_last_iter16"

Restoring state from vegas_last_iter16.

Iteration 18:  94500000 integrand evaluations so far
[1] 1.42243e-05 +- 2.77704e-09  	chisq 34.3661 (17 df)

Saving state to vegas_last_iter16.
Vegas input parameters:
  ndim 11
  ncomp 1
  epsrel 0
  epsabs 0
  flags 291
  seed 415
  mineval 1
  maxeval 1
  nstart 1000000
  nincrease 500000
  nbatch 1000
  gridno 1
  statefile "vegas_last_iter16"

Restoring state from vegas_last_iter16.

Iteration 19:  104500000 integrand evaluations so far
[1] 1.42253e-05 +- 2.62269e-09  	chisq 35.6324 (18 df)

Saving state to vegas_last_iter16.
Vegas input parameters:
  ndim 11
  ncomp 1
  epsrel 0
  epsabs 0
  flags 291
  seed 431
  mineval 1
  maxeval 1
  nstart 1000000
  nincrease 500000
  nbatch 1000
  gridno 1
  statefile "vegas_last_iter16"

Restoring state from vegas_last_iter16.

Iteration 20:  115000000 integrand evaluations so far
[1] 1.42255e-05 +- 2.48521e-09  	chisq 35.6702 (19 df)

Saving state to vegas_last_iter16.
Vegas input parameters:
  ndim 11
  ncomp 1
  epsrel 0
  epsabs 0
  flags 291
  seed 447
  mineval 1
  maxeval 1
  nstart 1000000
  nincrease 500000
  nbatch 1000
  gridno 1
  statefile "vegas_last_iter16"

Restoring state from vegas_last_iter16.

Iteration 21:  126000000 integrand evaluations so far
[1] 1.42263e-05 +- 2.36191e-09  	chisq 36.8886 (20 df)

Saving state to vegas_last_iter16.
Vegas input parameters:
  ndim 11
  ncomp 1
  epsrel 0
  epsabs 0
  flags 291
  seed 463
  mineval 1
  maxeval 1
  nstart 1000000
  nincrease 500000
  nbatch 1000
  gridno 1
  statefile "vegas_last_iter16"

Restoring state from vegas_last_iter16.

Iteration 22:  137500000 integrand evaluations so far
[1] 1.42256e-05 +- 2.25103e-09  	chisq 37.8419 (21 df)

Saving state to vegas_last_iter16.
Vegas input parameters:
  ndim 11
  ncomp 1
  epsrel 0
  epsabs 0
  flags 291
  seed 479
  mineval 1
  maxeval 1
  nstart 1000000
  nincrease 500000
  nbatch 1000
  gridno 1
  statefile "vegas_last_iter16"

Restoring state from vegas_last_iter16.

Iteration 23:  149500000 integrand evaluations so far
[1] 1.42251e-05 +- 2.15031e-09  	chisq 38.519 (22 df)

Saving state to vegas_last_iter16.
Vegas input parameters:
  ndim 11
  ncomp 1
  epsrel 0
  epsabs 0
  flags 291
  seed 495
  mineval 1
  maxeval 1
  nstart 1000000
  nincrease 500000
  nbatch 1000
  gridno 1
  statefile "vegas_last_iter16"

Restoring state from vegas_last_iter16.

Iteration 24:  162000000 integrand evaluations so far
[1] 1.42259e-05 +- 2.05843e-09  	chisq 40.1236 (23 df)

Saving state to vegas_last_iter16.
Vegas input parameters:
  ndim 11
  ncomp 1
  epsrel 0
  epsabs 0
  flags 291
  seed 511
  mineval 1
  maxeval 1
  nstart 1000000
  nincrease 500000
  nbatch 1000
  gridno 1
  statefile "vegas_last_iter16"

Restoring state from vegas_last_iter16.

Iteration 25:  175000000 integrand evaluations so far
[1] 1.42262e-05 +- 1.97426e-09  	chisq 40.4881 (24 df)

Saving state to vegas_last_iter16.
Vegas input parameters:
  ndim 11
  ncomp 1
  epsrel 0
  epsabs 0
  flags 291
  seed 527
  mineval 1
  maxeval 1
  nstart 1000000
  nincrease 500000
  nbatch 1000
  gridno 1
  statefile "vegas_last_iter16"

Restoring state from vegas_last_iter16.

Iteration 26:  188500000 integrand evaluations so far
[1] 1.42275e-05 +- 1.89724e-09  	chisq 45.6178 (25 df)

Saving state to vegas_last_iter16.
Vegas input parameters:
  ndim 11
  ncomp 1
  epsrel 0
  epsabs 0
  flags 291
  seed 543
  mineval 1
  maxeval 1
  nstart 1000000
  nincrease 500000
  nbatch 1000
  gridno 1
  statefile "vegas_last_iter16"

Restoring state from vegas_last_iter16.

Iteration 27:  202500000 integrand evaluations so far
[1] 1.42279e-05 +- 1.82602e-09  	chisq 46.4606 (26 df)

Saving state to vegas_last_iter16.
Thanks for using LHAPDF 6.3.0. Please make sure to cite the paper:
  Eur.Phys.J. C75 (2015) 3, 132  (http://arxiv.org/abs/1412.7420)
 method   =Vegas  
 nregions =           1
 neval    =   202500000
 fail     =           1
  0.142279415234E-04 +-   0.182601987962E-08   p =    0.989
