/var/lib/condor/execute/dir_35227
LHAPDF 6.3.0 loading /home/taebh/2021_Research/share/LHAPDF/NNPDF31_nnlo_as_0118_mc_hessian_pdfas/NNPDF31_nnlo_as_0118_mc_hessian_pdfas_0000.dat
NNPDF31_nnlo_as_0118_mc_hessian_pdfas PDF set, member #0, version 1
Vegas input parameters:
  ndim 11
  ncomp 1
  epsrel 0
  epsabs 0
  flags 291
  seed 203
  mineval 1
  maxeval 1
  nstart 1000000
  nincrease 500000
  nbatch 1000
  gridno 1
  statefile "vegas_last_iter92"

Iteration 1:  1000000 integrand evaluations so far
[1] -1.75234e-06 +- 4.7454e-07  	chisq 0 (0 df)

Saving state to vegas_last_iter92.
Vegas input parameters:
  ndim 11
  ncomp 1
  epsrel 0
  epsabs 0
  flags 291
  seed 295
  mineval 1
  maxeval 1
  nstart 1000000
  nincrease 500000
  nbatch 1000
  gridno 1
  statefile "vegas_last_iter92"

Restoring state from vegas_last_iter92.

Iteration 2:  2500000 integrand evaluations so far
[1] -1.20065e-06 +- 2.92476e-07  	chisq 2.17952 (1 df)

Saving state to vegas_last_iter92.
Vegas input parameters:
  ndim 11
  ncomp 1
  epsrel 0
  epsabs 0
  flags 291
  seed 387
  mineval 1
  maxeval 1
  nstart 1000000
  nincrease 500000
  nbatch 1000
  gridno 1
  statefile "vegas_last_iter92"

Restoring state from vegas_last_iter92.

Iteration 3:  4500000 integrand evaluations so far
[1] -6.59999e-07 +- 1.59966e-07  	chisq 7.05509 (2 df)

Saving state to vegas_last_iter92.
Vegas input parameters:
  ndim 11
  ncomp 1
  epsrel 0
  epsabs 0
  flags 291
  seed 479
  mineval 1
  maxeval 1
  nstart 1000000
  nincrease 500000
  nbatch 1000
  gridno 1
  statefile "vegas_last_iter92"

Restoring state from vegas_last_iter92.

Iteration 4:  7000000 integrand evaluations so far
[1] -6.38299e-07 +- 9.11026e-08  	chisq 7.08233 (3 df)

Saving state to vegas_last_iter92.
Vegas input parameters:
  ndim 11
  ncomp 1
  epsrel 0
  epsabs 0
  flags 291
  seed 571
  mineval 1
  maxeval 1
  nstart 1000000
  nincrease 500000
  nbatch 1000
  gridno 1
  statefile "vegas_last_iter92"

Restoring state from vegas_last_iter92.

Iteration 5:  10000000 integrand evaluations so far
[1] -6.25242e-07 +- 6.61107e-08  	chisq 7.12572 (4 df)

Saving state to vegas_last_iter92.
Vegas input parameters:
  ndim 11
  ncomp 1
  epsrel 0
  epsabs 0
  flags 291
  seed 663
  mineval 1
  maxeval 1
  nstart 1000000
  nincrease 500000
  nbatch 1000
  gridno 1
  statefile "vegas_last_iter92"

Restoring state from vegas_last_iter92.

Iteration 6:  13500000 integrand evaluations so far
[1] -7.06896e-07 +- 5.18006e-08  	chisq 11.0772 (5 df)

Saving state to vegas_last_iter92.
Vegas input parameters:
  ndim 11
  ncomp 1
  epsrel 0
  epsabs 0
  flags 291
  seed 755
  mineval 1
  maxeval 1
  nstart 1000000
  nincrease 500000
  nbatch 1000
  gridno 1
  statefile "vegas_last_iter92"

Restoring state from vegas_last_iter92.

Iteration 7:  17500000 integrand evaluations so far
[1] -6.47412e-07 +- 4.25696e-08  	chisq 15.139 (6 df)

Saving state to vegas_last_iter92.
Vegas input parameters:
  ndim 11
  ncomp 1
  epsrel 0
  epsabs 0
  flags 291
  seed 847
  mineval 1
  maxeval 1
  nstart 1000000
  nincrease 500000
  nbatch 1000
  gridno 1
  statefile "vegas_last_iter92"

Restoring state from vegas_last_iter92.

Iteration 8:  22000000 integrand evaluations so far
[1] -6.22861e-07 +- 3.62541e-08  	chisq 16.3498 (7 df)

Saving state to vegas_last_iter92.
Vegas input parameters:
  ndim 11
  ncomp 1
  epsrel 0
  epsabs 0
  flags 291
  seed 939
  mineval 1
  maxeval 1
  nstart 1000000
  nincrease 500000
  nbatch 1000
  gridno 1
  statefile "vegas_last_iter92"

Restoring state from vegas_last_iter92.

Iteration 9:  27000000 integrand evaluations so far
[1] -6.41314e-07 +- 3.16765e-08  	chisq 17.4449 (8 df)

Saving state to vegas_last_iter92.
Vegas input parameters:
  ndim 11
  ncomp 1
  epsrel 0
  epsabs 0
  flags 291
  seed 1031
  mineval 1
  maxeval 1
  nstart 1000000
  nincrease 500000
  nbatch 1000
  gridno 1
  statefile "vegas_last_iter92"

Restoring state from vegas_last_iter92.

Iteration 10:  32500000 integrand evaluations so far
[1] -6.58516e-07 +- 2.8183e-08  	chisq 18.86 (9 df)

Saving state to vegas_last_iter92.
Vegas input parameters:
  ndim 11
  ncomp 1
  epsrel 0
  epsabs 0
  flags 291
  seed 1123
  mineval 1
  maxeval 1
  nstart 1000000
  nincrease 500000
  nbatch 1000
  gridno 1
  statefile "vegas_last_iter92"

Restoring state from vegas_last_iter92.

Iteration 11:  38500000 integrand evaluations so far
[1] -6.69859e-07 +- 2.54192e-08  	chisq 19.7285 (10 df)

Saving state to vegas_last_iter92.
Vegas input parameters:
  ndim 11
  ncomp 1
  epsrel 0
  epsabs 0
  flags 291
  seed 1215
  mineval 1
  maxeval 1
  nstart 1000000
  nincrease 500000
  nbatch 1000
  gridno 1
  statefile "vegas_last_iter92"

Restoring state from vegas_last_iter92.

Iteration 12:  45000000 integrand evaluations so far
[1] -6.56946e-07 +- 2.32572e-08  	chisq 21.3129 (11 df)

Saving state to vegas_last_iter92.
Vegas input parameters:
  ndim 11
  ncomp 1
  epsrel 0
  epsabs 0
  flags 291
  seed 1307
  mineval 1
  maxeval 1
  nstart 1000000
  nincrease 500000
  nbatch 1000
  gridno 1
  statefile "vegas_last_iter92"

Restoring state from vegas_last_iter92.

Iteration 13:  52000000 integrand evaluations so far
[1] -6.57379e-07 +- 2.14176e-08  	chisq 21.3152 (12 df)

Saving state to vegas_last_iter92.
Vegas input parameters:
  ndim 11
  ncomp 1
  epsrel 0
  epsabs 0
  flags 291
  seed 1399
  mineval 1
  maxeval 1
  nstart 1000000
  nincrease 500000
  nbatch 1000
  gridno 1
  statefile "vegas_last_iter92"

Restoring state from vegas_last_iter92.

Iteration 14:  59500000 integrand evaluations so far
[1] -6.46593e-07 +- 1.98399e-08  	chisq 23.1024 (13 df)

Saving state to vegas_last_iter92.
Vegas input parameters:
  ndim 11
  ncomp 1
  epsrel 0
  epsabs 0
  flags 291
  seed 1491
  mineval 1
  maxeval 1
  nstart 1000000
  nincrease 500000
  nbatch 1000
  gridno 1
  statefile "vegas_last_iter92"

Restoring state from vegas_last_iter92.

Iteration 15:  67500000 integrand evaluations so far
[1] -6.39208e-07 +- 1.8483e-08  	chisq 24.1514 (14 df)

Saving state to vegas_last_iter92.
Vegas input parameters:
  ndim 11
  ncomp 1
  epsrel 0
  epsabs 0
  flags 291
  seed 1583
  mineval 1
  maxeval 1
  nstart 1000000
  nincrease 500000
  nbatch 1000
  gridno 1
  statefile "vegas_last_iter92"

Restoring state from vegas_last_iter92.

Iteration 16:  76000000 integrand evaluations so far
[1] -6.43715e-07 +- 1.73112e-08  	chisq 24.6358 (15 df)

Saving state to vegas_last_iter92.
Vegas input parameters:
  ndim 11
  ncomp 1
  epsrel 0
  epsabs 0
  flags 291
  seed 1675
  mineval 1
  maxeval 1
  nstart 1000000
  nincrease 500000
  nbatch 1000
  gridno 1
  statefile "vegas_last_iter92"

Restoring state from vegas_last_iter92.

Iteration 17:  85000000 integrand evaluations so far
[1] -6.4123e-07 +- 1.62803e-08  	chisq 24.8139 (16 df)

Saving state to vegas_last_iter92.
Vegas input parameters:
  ndim 11
  ncomp 1
  epsrel 0
  epsabs 0
  flags 291
  seed 1767
  mineval 1
  maxeval 1
  nstart 1000000
  nincrease 500000
  nbatch 1000
  gridno 1
  statefile "vegas_last_iter92"

Restoring state from vegas_last_iter92.

Iteration 18:  94500000 integrand evaluations so far
[1] -6.42459e-07 +- 1.53683e-08  	chisq 24.8662 (17 df)

Saving state to vegas_last_iter92.
Vegas input parameters:
  ndim 11
  ncomp 1
  epsrel 0
  epsabs 0
  flags 291
  seed 1859
  mineval 1
  maxeval 1
  nstart 1000000
  nincrease 500000
  nbatch 1000
  gridno 1
  statefile "vegas_last_iter92"

Restoring state from vegas_last_iter92.

Iteration 19:  104500000 integrand evaluations so far
[1] -6.44674e-07 +- 1.45577e-08  	chisq 25.0685 (18 df)

Saving state to vegas_last_iter92.
Vegas input parameters:
  ndim 11
  ncomp 1
  epsrel 0
  epsabs 0
  flags 291
  seed 1951
  mineval 1
  maxeval 1
  nstart 1000000
  nincrease 500000
  nbatch 1000
  gridno 1
  statefile "vegas_last_iter92"

Restoring state from vegas_last_iter92.

Iteration 20:  115000000 integrand evaluations so far
[1] -6.39305e-07 +- 1.38296e-08  	chisq 26.463 (19 df)

Saving state to vegas_last_iter92.
Vegas input parameters:
  ndim 11
  ncomp 1
  epsrel 0
  epsabs 0
  flags 291
  seed 2043
  mineval 1
  maxeval 1
  nstart 1000000
  nincrease 500000
  nbatch 1000
  gridno 1
  statefile "vegas_last_iter92"

Restoring state from vegas_last_iter92.

Iteration 21:  126000000 integrand evaluations so far
[1] -6.44615e-07 +- 1.31723e-08  	chisq 28.0514 (20 df)

Saving state to vegas_last_iter92.
Vegas input parameters:
  ndim 11
  ncomp 1
  epsrel 0
  epsabs 0
  flags 291
  seed 2135
  mineval 1
  maxeval 1
  nstart 1000000
  nincrease 500000
  nbatch 1000
  gridno 1
  statefile "vegas_last_iter92"

Restoring state from vegas_last_iter92.

Iteration 22:  137500000 integrand evaluations so far
[1] -6.46097e-07 +- 1.25767e-08  	chisq 28.1947 (21 df)

Saving state to vegas_last_iter92.
Vegas input parameters:
  ndim 11
  ncomp 1
  epsrel 0
  epsabs 0
  flags 291
  seed 2227
  mineval 1
  maxeval 1
  nstart 1000000
  nincrease 500000
  nbatch 1000
  gridno 1
  statefile "vegas_last_iter92"

Restoring state from vegas_last_iter92.

Iteration 23:  149500000 integrand evaluations so far
[1] -6.47223e-07 +- 1.20335e-08  	chisq 28.2896 (22 df)

Saving state to vegas_last_iter92.
Vegas input parameters:
  ndim 11
  ncomp 1
  epsrel 0
  epsabs 0
  flags 291
  seed 2319
  mineval 1
  maxeval 1
  nstart 1000000
  nincrease 500000
  nbatch 1000
  gridno 1
  statefile "vegas_last_iter92"

Restoring state from vegas_last_iter92.

Iteration 24:  162000000 integrand evaluations so far
[1] -6.47093e-07 +- 1.15365e-08  	chisq 28.291 (23 df)

Saving state to vegas_last_iter92.
Vegas input parameters:
  ndim 11
  ncomp 1
  epsrel 0
  epsabs 0
  flags 291
  seed 2411
  mineval 1
  maxeval 1
  nstart 1000000
  nincrease 500000
  nbatch 1000
  gridno 1
  statefile "vegas_last_iter92"

Restoring state from vegas_last_iter92.

Iteration 25:  175000000 integrand evaluations so far
[1] -6.4705e-07 +- 1.10802e-08  	chisq 28.2912 (24 df)

Saving state to vegas_last_iter92.
Vegas input parameters:
  ndim 11
  ncomp 1
  epsrel 0
  epsabs 0
  flags 291
  seed 2503
  mineval 1
  maxeval 1
  nstart 1000000
  nincrease 500000
  nbatch 1000
  gridno 1
  statefile "vegas_last_iter92"

Restoring state from vegas_last_iter92.

Iteration 26:  188500000 integrand evaluations so far
[1] -6.47118e-07 +- 1.06592e-08  	chisq 28.2917 (25 df)

Saving state to vegas_last_iter92.
Vegas input parameters:
  ndim 11
  ncomp 1
  epsrel 0
  epsabs 0
  flags 291
  seed 2595
  mineval 1
  maxeval 1
  nstart 1000000
  nincrease 500000
  nbatch 1000
  gridno 1
  statefile "vegas_last_iter92"

Restoring state from vegas_last_iter92.

Iteration 27:  202500000 integrand evaluations so far
[1] -6.49108e-07 +- 1.02701e-08  	chisq 28.7779 (26 df)

Saving state to vegas_last_iter92.
Thanks for using LHAPDF 6.3.0. Please make sure to cite the paper:
  Eur.Phys.J. C75 (2015) 3, 132  (http://arxiv.org/abs/1412.7420)
 method   =Vegas  
 nregions =           1
 neval    =   202500000
 fail     =           1
 -0.649108206893E-06 +-   0.102700630031E-07   p =    0.628
