/var/lib/condor/execute/dir_9365
LHAPDF 6.3.0 loading /home/taebh/2021_Research/share/LHAPDF/NNPDF31_nnlo_as_0118_mc_hessian_pdfas/NNPDF31_nnlo_as_0118_mc_hessian_pdfas_0000.dat
NNPDF31_nnlo_as_0118_mc_hessian_pdfas PDF set, member #0, version 1
Vegas input parameters:
  ndim 11
  ncomp 1
  epsrel 0
  epsabs 0
  flags 291
  seed 237
  mineval 1
  maxeval 1
  nstart 1000000
  nincrease 500000
  nbatch 1000
  gridno 1
  statefile "vegas_last_iter126"

Iteration 1:  1000000 integrand evaluations so far
[1] 3.75378e-07 +- 1.37914e-07  	chisq 0 (0 df)

Saving state to vegas_last_iter126.
Vegas input parameters:
  ndim 11
  ncomp 1
  epsrel 0
  epsabs 0
  flags 291
  seed 363
  mineval 1
  maxeval 1
  nstart 1000000
  nincrease 500000
  nbatch 1000
  gridno 1
  statefile "vegas_last_iter126"

Restoring state from vegas_last_iter126.

Iteration 2:  2500000 integrand evaluations so far
[1] 2.04371e-07 +- 2.14891e-08  	chisq 1.57573 (1 df)

Saving state to vegas_last_iter126.
Vegas input parameters:
  ndim 11
  ncomp 1
  epsrel 0
  epsabs 0
  flags 291
  seed 489
  mineval 1
  maxeval 1
  nstart 1000000
  nincrease 500000
  nbatch 1000
  gridno 1
  statefile "vegas_last_iter126"

Restoring state from vegas_last_iter126.

Iteration 3:  4500000 integrand evaluations so far
[1] 2.24881e-07 +- 5.18871e-09  	chisq 2.54307 (2 df)

Saving state to vegas_last_iter126.
Vegas input parameters:
  ndim 11
  ncomp 1
  epsrel 0
  epsabs 0
  flags 291
  seed 615
  mineval 1
  maxeval 1
  nstart 1000000
  nincrease 500000
  nbatch 1000
  gridno 1
  statefile "vegas_last_iter126"

Restoring state from vegas_last_iter126.

Iteration 4:  7000000 integrand evaluations so far
[1] 2.3247e-07 +- 2.09659e-09  	chisq 5.09981 (3 df)

Saving state to vegas_last_iter126.
Vegas input parameters:
  ndim 11
  ncomp 1
  epsrel 0
  epsabs 0
  flags 291
  seed 741
  mineval 1
  maxeval 1
  nstart 1000000
  nincrease 500000
  nbatch 1000
  gridno 1
  statefile "vegas_last_iter126"

Restoring state from vegas_last_iter126.

Iteration 5:  10000000 integrand evaluations so far
[1] 2.31956e-07 +- 5.46015e-10  	chisq 5.16424 (4 df)

Saving state to vegas_last_iter126.
Vegas input parameters:
  ndim 11
  ncomp 1
  epsrel 0
  epsabs 0
  flags 291
  seed 867
  mineval 1
  maxeval 1
  nstart 1000000
  nincrease 500000
  nbatch 1000
  gridno 1
  statefile "vegas_last_iter126"

Restoring state from vegas_last_iter126.

Iteration 6:  13500000 integrand evaluations so far
[1] 2.32162e-07 +- 2.02771e-10  	chisq 5.32869 (5 df)

Saving state to vegas_last_iter126.
Vegas input parameters:
  ndim 11
  ncomp 1
  epsrel 0
  epsabs 0
  flags 291
  seed 993
  mineval 1
  maxeval 1
  nstart 1000000
  nincrease 500000
  nbatch 1000
  gridno 1
  statefile "vegas_last_iter126"

Restoring state from vegas_last_iter126.

Iteration 7:  17500000 integrand evaluations so far
[1] 2.31937e-07 +- 1.16327e-10  	chisq 7.15623 (6 df)

Saving state to vegas_last_iter126.
Vegas input parameters:
  ndim 11
  ncomp 1
  epsrel 0
  epsabs 0
  flags 291
  seed 1119
  mineval 1
  maxeval 1
  nstart 1000000
  nincrease 500000
  nbatch 1000
  gridno 1
  statefile "vegas_last_iter126"

Restoring state from vegas_last_iter126.

Iteration 8:  22000000 integrand evaluations so far
[1] 2.32066e-07 +- 8.26367e-11  	chisq 9.63614 (7 df)

Saving state to vegas_last_iter126.
Vegas input parameters:
  ndim 11
  ncomp 1
  epsrel 0
  epsabs 0
  flags 291
  seed 1245
  mineval 1
  maxeval 1
  nstart 1000000
  nincrease 500000
  nbatch 1000
  gridno 1
  statefile "vegas_last_iter126"

Restoring state from vegas_last_iter126.

Iteration 9:  27000000 integrand evaluations so far
[1] 2.32119e-07 +- 6.51685e-11  	chisq 10.7207 (8 df)

Saving state to vegas_last_iter126.
Vegas input parameters:
  ndim 11
  ncomp 1
  epsrel 0
  epsabs 0
  flags 291
  seed 1371
  mineval 1
  maxeval 1
  nstart 1000000
  nincrease 500000
  nbatch 1000
  gridno 1
  statefile "vegas_last_iter126"

Restoring state from vegas_last_iter126.

Iteration 10:  32500000 integrand evaluations so far
[1] 2.32199e-07 +- 5.44235e-11  	chisq 15.6591 (9 df)

Saving state to vegas_last_iter126.
Vegas input parameters:
  ndim 11
  ncomp 1
  epsrel 0
  epsabs 0
  flags 291
  seed 1497
  mineval 1
  maxeval 1
  nstart 1000000
  nincrease 500000
  nbatch 1000
  gridno 1
  statefile "vegas_last_iter126"

Restoring state from vegas_last_iter126.

Iteration 11:  38500000 integrand evaluations so far
[1] 2.32159e-07 +- 4.7089e-11  	chisq 17.8081 (10 df)

Saving state to vegas_last_iter126.
Vegas input parameters:
  ndim 11
  ncomp 1
  epsrel 0
  epsabs 0
  flags 291
  seed 1623
  mineval 1
  maxeval 1
  nstart 1000000
  nincrease 500000
  nbatch 1000
  gridno 1
  statefile "vegas_last_iter126"

Restoring state from vegas_last_iter126.

Iteration 12:  45000000 integrand evaluations so far
[1] 2.32151e-07 +- 4.17266e-11  	chisq 17.9195 (11 df)

Saving state to vegas_last_iter126.
Vegas input parameters:
  ndim 11
  ncomp 1
  epsrel 0
  epsabs 0
  flags 291
  seed 1749
  mineval 1
  maxeval 1
  nstart 1000000
  nincrease 500000
  nbatch 1000
  gridno 1
  statefile "vegas_last_iter126"

Restoring state from vegas_last_iter126.

Iteration 13:  52000000 integrand evaluations so far
[1] 2.32146e-07 +- 3.75889e-11  	chisq 18.001 (12 df)

Saving state to vegas_last_iter126.
Vegas input parameters:
  ndim 11
  ncomp 1
  epsrel 0
  epsabs 0
  flags 291
  seed 1875
  mineval 1
  maxeval 1
  nstart 1000000
  nincrease 500000
  nbatch 1000
  gridno 1
  statefile "vegas_last_iter126"

Restoring state from vegas_last_iter126.

Iteration 14:  59500000 integrand evaluations so far
[1] 2.32146e-07 +- 3.42791e-11  	chisq 18.001 (13 df)

Saving state to vegas_last_iter126.
Vegas input parameters:
  ndim 11
  ncomp 1
  epsrel 0
  epsabs 0
  flags 291
  seed 2001
  mineval 1
  maxeval 1
  nstart 1000000
  nincrease 500000
  nbatch 1000
  gridno 1
  statefile "vegas_last_iter126"

Restoring state from vegas_last_iter126.

Iteration 15:  67500000 integrand evaluations so far
[1] 2.32148e-07 +- 3.15576e-11  	chisq 18.0207 (14 df)

Saving state to vegas_last_iter126.
Vegas input parameters:
  ndim 11
  ncomp 1
  epsrel 0
  epsabs 0
  flags 291
  seed 2127
  mineval 1
  maxeval 1
  nstart 1000000
  nincrease 500000
  nbatch 1000
  gridno 1
  statefile "vegas_last_iter126"

Restoring state from vegas_last_iter126.

Iteration 16:  76000000 integrand evaluations so far
[1] 2.3214e-07 +- 2.92777e-11  	chisq 18.4275 (15 df)

Saving state to vegas_last_iter126.
Vegas input parameters:
  ndim 11
  ncomp 1
  epsrel 0
  epsabs 0
  flags 291
  seed 2253
  mineval 1
  maxeval 1
  nstart 1000000
  nincrease 500000
  nbatch 1000
  gridno 1
  statefile "vegas_last_iter126"

Restoring state from vegas_last_iter126.

Iteration 17:  85000000 integrand evaluations so far
[1] 2.32145e-07 +- 2.73256e-11  	chisq 18.6427 (16 df)

Saving state to vegas_last_iter126.
Vegas input parameters:
  ndim 11
  ncomp 1
  epsrel 0
  epsabs 0
  flags 291
  seed 2379
  mineval 1
  maxeval 1
  nstart 1000000
  nincrease 500000
  nbatch 1000
  gridno 1
  statefile "vegas_last_iter126"

Restoring state from vegas_last_iter126.

Iteration 18:  94500000 integrand evaluations so far
[1] 2.32147e-07 +- 2.56347e-11  	chisq 18.6825 (17 df)

Saving state to vegas_last_iter126.
Vegas input parameters:
  ndim 11
  ncomp 1
  epsrel 0
  epsabs 0
  flags 291
  seed 2505
  mineval 1
  maxeval 1
  nstart 1000000
  nincrease 500000
  nbatch 1000
  gridno 1
  statefile "vegas_last_iter126"

Restoring state from vegas_last_iter126.

Iteration 19:  104500000 integrand evaluations so far
[1] 2.32156e-07 +- 2.41549e-11  	chisq 19.6759 (18 df)

Saving state to vegas_last_iter126.
Vegas input parameters:
  ndim 11
  ncomp 1
  epsrel 0
  epsabs 0
  flags 291
  seed 2631
  mineval 1
  maxeval 1
  nstart 1000000
  nincrease 500000
  nbatch 1000
  gridno 1
  statefile "vegas_last_iter126"

Restoring state from vegas_last_iter126.

Iteration 20:  115000000 integrand evaluations so far
[1] 2.32161e-07 +- 2.28446e-11  	chisq 20.0564 (19 df)

Saving state to vegas_last_iter126.
Vegas input parameters:
  ndim 11
  ncomp 1
  epsrel 0
  epsabs 0
  flags 291
  seed 2757
  mineval 1
  maxeval 1
  nstart 1000000
  nincrease 500000
  nbatch 1000
  gridno 1
  statefile "vegas_last_iter126"

Restoring state from vegas_last_iter126.

Iteration 21:  126000000 integrand evaluations so far
[1] 2.32162e-07 +- 2.16743e-11  	chisq 20.0892 (20 df)

Saving state to vegas_last_iter126.
Vegas input parameters:
  ndim 11
  ncomp 1
  epsrel 0
  epsabs 0
  flags 291
  seed 2883
  mineval 1
  maxeval 1
  nstart 1000000
  nincrease 500000
  nbatch 1000
  gridno 1
  statefile "vegas_last_iter126"

Restoring state from vegas_last_iter126.

Iteration 22:  137500000 integrand evaluations so far
[1] 2.32164e-07 +- 2.0625e-11  	chisq 20.1831 (21 df)

Saving state to vegas_last_iter126.
Vegas input parameters:
  ndim 11
  ncomp 1
  epsrel 0
  epsabs 0
  flags 291
  seed 3009
  mineval 1
  maxeval 1
  nstart 1000000
  nincrease 500000
  nbatch 1000
  gridno 1
  statefile "vegas_last_iter126"

Restoring state from vegas_last_iter126.

Iteration 23:  149500000 integrand evaluations so far
[1] 2.32168e-07 +- 1.96778e-11  	chisq 20.7086 (22 df)

Saving state to vegas_last_iter126.
Vegas input parameters:
  ndim 11
  ncomp 1
  epsrel 0
  epsabs 0
  flags 291
  seed 3135
  mineval 1
  maxeval 1
  nstart 1000000
  nincrease 500000
  nbatch 1000
  gridno 1
  statefile "vegas_last_iter126"

Restoring state from vegas_last_iter126.

Iteration 24:  162000000 integrand evaluations so far
[1] 2.32158e-07 +- 1.88167e-11  	chisq 23.7766 (23 df)

Saving state to vegas_last_iter126.
Vegas input parameters:
  ndim 11
  ncomp 1
  epsrel 0
  epsabs 0
  flags 291
  seed 3261
  mineval 1
  maxeval 1
  nstart 1000000
  nincrease 500000
  nbatch 1000
  gridno 1
  statefile "vegas_last_iter126"

Restoring state from vegas_last_iter126.

Iteration 25:  175000000 integrand evaluations so far
[1] 2.3217e-07 +- 1.8031e-11  	chisq 28.2378 (24 df)

Saving state to vegas_last_iter126.
Vegas input parameters:
  ndim 11
  ncomp 1
  epsrel 0
  epsabs 0
  flags 291
  seed 3387
  mineval 1
  maxeval 1
  nstart 1000000
  nincrease 500000
  nbatch 1000
  gridno 1
  statefile "vegas_last_iter126"

Restoring state from vegas_last_iter126.

Iteration 26:  188500000 integrand evaluations so far
[1] 2.32168e-07 +- 1.73088e-11  	chisq 28.3129 (25 df)

Saving state to vegas_last_iter126.
Vegas input parameters:
  ndim 11
  ncomp 1
  epsrel 0
  epsabs 0
  flags 291
  seed 3513
  mineval 1
  maxeval 1
  nstart 1000000
  nincrease 500000
  nbatch 1000
  gridno 1
  statefile "vegas_last_iter126"

Restoring state from vegas_last_iter126.

Iteration 27:  202500000 integrand evaluations so far
[1] 2.32173e-07 +- 1.66452e-11  	chisq 29.2961 (26 df)

Saving state to vegas_last_iter126.
Thanks for using LHAPDF 6.3.0. Please make sure to cite the paper:
  Eur.Phys.J. C75 (2015) 3, 132  (http://arxiv.org/abs/1412.7420)
 method   =Vegas  
 nregions =           1
 neval    =   202500000
 fail     =           1
  0.232173087799E-06 +-   0.166451718852E-10   p =    0.653
