/var/lib/condor/execute/dir_10978
LHAPDF 6.3.0 loading /home/taebh/2021_Research/share/LHAPDF/NNPDF31_nnlo_as_0118_mc_hessian_pdfas/NNPDF31_nnlo_as_0118_mc_hessian_pdfas_0000.dat
NNPDF31_nnlo_as_0118_mc_hessian_pdfas PDF set, member #0, version 1
Vegas input parameters:
  ndim 11
  ncomp 1
  epsrel 0
  epsabs 0
  flags 291
  seed 129
  mineval 1
  maxeval 1
  nstart 1000000
  nincrease 500000
  nbatch 1000
  gridno 1
  statefile "vegas_last_iter18"

Iteration 1:  1000000 integrand evaluations so far
[1] -5.00285e-07 +- 8.09392e-08  	chisq 0 (0 df)

Saving state to vegas_last_iter18.
Vegas input parameters:
  ndim 11
  ncomp 1
  epsrel 0
  epsabs 0
  flags 291
  seed 147
  mineval 1
  maxeval 1
  nstart 1000000
  nincrease 500000
  nbatch 1000
  gridno 1
  statefile "vegas_last_iter18"

Restoring state from vegas_last_iter18.

Iteration 2:  2500000 integrand evaluations so far
[1] -3.76531e-07 +- 1.23738e-08  	chisq 2.39369 (1 df)

Saving state to vegas_last_iter18.
Vegas input parameters:
  ndim 11
  ncomp 1
  epsrel 0
  epsabs 0
  flags 291
  seed 165
  mineval 1
  maxeval 1
  nstart 1000000
  nincrease 500000
  nbatch 1000
  gridno 1
  statefile "vegas_last_iter18"

Restoring state from vegas_last_iter18.

Iteration 3:  4500000 integrand evaluations so far
[1] -3.76027e-07 +- 4.08624e-09  	chisq 2.39555 (2 df)

Saving state to vegas_last_iter18.
Vegas input parameters:
  ndim 11
  ncomp 1
  epsrel 0
  epsabs 0
  flags 291
  seed 183
  mineval 1
  maxeval 1
  nstart 1000000
  nincrease 500000
  nbatch 1000
  gridno 1
  statefile "vegas_last_iter18"

Restoring state from vegas_last_iter18.

Iteration 4:  7000000 integrand evaluations so far
[1] -3.84417e-07 +- 1.7234e-09  	chisq 7.52269 (3 df)

Saving state to vegas_last_iter18.
Vegas input parameters:
  ndim 11
  ncomp 1
  epsrel 0
  epsabs 0
  flags 291
  seed 201
  mineval 1
  maxeval 1
  nstart 1000000
  nincrease 500000
  nbatch 1000
  gridno 1
  statefile "vegas_last_iter18"

Restoring state from vegas_last_iter18.

Iteration 5:  10000000 integrand evaluations so far
[1] -3.87216e-07 +- 7.74929e-10  	chisq 10.8296 (4 df)

Saving state to vegas_last_iter18.
Vegas input parameters:
  ndim 11
  ncomp 1
  epsrel 0
  epsabs 0
  flags 291
  seed 219
  mineval 1
  maxeval 1
  nstart 1000000
  nincrease 500000
  nbatch 1000
  gridno 1
  statefile "vegas_last_iter18"

Restoring state from vegas_last_iter18.

Iteration 6:  13500000 integrand evaluations so far
[1] -3.8828e-07 +- 4.38441e-10  	chisq 13.6045 (5 df)

Saving state to vegas_last_iter18.
Vegas input parameters:
  ndim 11
  ncomp 1
  epsrel 0
  epsabs 0
  flags 291
  seed 237
  mineval 1
  maxeval 1
  nstart 1000000
  nincrease 500000
  nbatch 1000
  gridno 1
  statefile "vegas_last_iter18"

Restoring state from vegas_last_iter18.

Iteration 7:  17500000 integrand evaluations so far
[1] -3.87814e-07 +- 3.07526e-10  	chisq 15.8353 (6 df)

Saving state to vegas_last_iter18.
Vegas input parameters:
  ndim 11
  ncomp 1
  epsrel 0
  epsabs 0
  flags 291
  seed 255
  mineval 1
  maxeval 1
  nstart 1000000
  nincrease 500000
  nbatch 1000
  gridno 1
  statefile "vegas_last_iter18"

Restoring state from vegas_last_iter18.

Iteration 8:  22000000 integrand evaluations so far
[1] -3.88082e-07 +- 2.40841e-10  	chisq 17.7989 (7 df)

Saving state to vegas_last_iter18.
Vegas input parameters:
  ndim 11
  ncomp 1
  epsrel 0
  epsabs 0
  flags 291
  seed 273
  mineval 1
  maxeval 1
  nstart 1000000
  nincrease 500000
  nbatch 1000
  gridno 1
  statefile "vegas_last_iter18"

Restoring state from vegas_last_iter18.

Iteration 9:  27000000 integrand evaluations so far
[1] -3.88192e-07 +- 2.00508e-10  	chisq 18.477 (8 df)

Saving state to vegas_last_iter18.
Vegas input parameters:
  ndim 11
  ncomp 1
  epsrel 0
  epsabs 0
  flags 291
  seed 291
  mineval 1
  maxeval 1
  nstart 1000000
  nincrease 500000
  nbatch 1000
  gridno 1
  statefile "vegas_last_iter18"

Restoring state from vegas_last_iter18.

Iteration 10:  32500000 integrand evaluations so far
[1] -3.88215e-07 +- 1.73038e-10  	chisq 18.5316 (9 df)

Saving state to vegas_last_iter18.
Vegas input parameters:
  ndim 11
  ncomp 1
  epsrel 0
  epsabs 0
  flags 291
  seed 309
  mineval 1
  maxeval 1
  nstart 1000000
  nincrease 500000
  nbatch 1000
  gridno 1
  statefile "vegas_last_iter18"

Restoring state from vegas_last_iter18.

Iteration 11:  38500000 integrand evaluations so far
[1] -3.88342e-07 +- 1.52931e-10  	chisq 20.9874 (10 df)

Saving state to vegas_last_iter18.
Vegas input parameters:
  ndim 11
  ncomp 1
  epsrel 0
  epsabs 0
  flags 291
  seed 327
  mineval 1
  maxeval 1
  nstart 1000000
  nincrease 500000
  nbatch 1000
  gridno 1
  statefile "vegas_last_iter18"

Restoring state from vegas_last_iter18.

Iteration 12:  45000000 integrand evaluations so far
[1] -3.88336e-07 +- 1.37483e-10  	chisq 20.9963 (11 df)

Saving state to vegas_last_iter18.
Vegas input parameters:
  ndim 11
  ncomp 1
  epsrel 0
  epsabs 0
  flags 291
  seed 345
  mineval 1
  maxeval 1
  nstart 1000000
  nincrease 500000
  nbatch 1000
  gridno 1
  statefile "vegas_last_iter18"

Restoring state from vegas_last_iter18.

Iteration 13:  52000000 integrand evaluations so far
[1] -3.88293e-07 +- 1.25131e-10  	chisq 21.5575 (12 df)

Saving state to vegas_last_iter18.
Vegas input parameters:
  ndim 11
  ncomp 1
  epsrel 0
  epsabs 0
  flags 291
  seed 363
  mineval 1
  maxeval 1
  nstart 1000000
  nincrease 500000
  nbatch 1000
  gridno 1
  statefile "vegas_last_iter18"

Restoring state from vegas_last_iter18.

Iteration 14:  59500000 integrand evaluations so far
[1] -3.88271e-07 +- 1.14989e-10  	chisq 21.7584 (13 df)

Saving state to vegas_last_iter18.
Vegas input parameters:
  ndim 11
  ncomp 1
  epsrel 0
  epsabs 0
  flags 291
  seed 381
  mineval 1
  maxeval 1
  nstart 1000000
  nincrease 500000
  nbatch 1000
  gridno 1
  statefile "vegas_last_iter18"

Restoring state from vegas_last_iter18.

Iteration 15:  67500000 integrand evaluations so far
[1] -3.88261e-07 +- 1.06491e-10  	chisq 21.8101 (14 df)

Saving state to vegas_last_iter18.
Vegas input parameters:
  ndim 11
  ncomp 1
  epsrel 0
  epsabs 0
  flags 291
  seed 399
  mineval 1
  maxeval 1
  nstart 1000000
  nincrease 500000
  nbatch 1000
  gridno 1
  statefile "vegas_last_iter18"

Restoring state from vegas_last_iter18.

Iteration 16:  76000000 integrand evaluations so far
[1] -3.88256e-07 +- 9.92558e-11  	chisq 21.83 (15 df)

Saving state to vegas_last_iter18.
Vegas input parameters:
  ndim 11
  ncomp 1
  epsrel 0
  epsabs 0
  flags 291
  seed 417
  mineval 1
  maxeval 1
  nstart 1000000
  nincrease 500000
  nbatch 1000
  gridno 1
  statefile "vegas_last_iter18"

Restoring state from vegas_last_iter18.

Iteration 17:  85000000 integrand evaluations so far
[1] -3.88296e-07 +- 9.30024e-11  	chisq 23.1503 (16 df)

Saving state to vegas_last_iter18.
Vegas input parameters:
  ndim 11
  ncomp 1
  epsrel 0
  epsabs 0
  flags 291
  seed 435
  mineval 1
  maxeval 1
  nstart 1000000
  nincrease 500000
  nbatch 1000
  gridno 1
  statefile "vegas_last_iter18"

Restoring state from vegas_last_iter18.

Iteration 18:  94500000 integrand evaluations so far
[1] -3.88292e-07 +- 8.75312e-11  	chisq 23.1669 (17 df)

Saving state to vegas_last_iter18.
Vegas input parameters:
  ndim 11
  ncomp 1
  epsrel 0
  epsabs 0
  flags 291
  seed 453
  mineval 1
  maxeval 1
  nstart 1000000
  nincrease 500000
  nbatch 1000
  gridno 1
  statefile "vegas_last_iter18"

Restoring state from vegas_last_iter18.

Iteration 19:  104500000 integrand evaluations so far
[1] -3.88295e-07 +- 8.27033e-11  	chisq 23.1809 (18 df)

Saving state to vegas_last_iter18.
Vegas input parameters:
  ndim 11
  ncomp 1
  epsrel 0
  epsabs 0
  flags 291
  seed 471
  mineval 1
  maxeval 1
  nstart 1000000
  nincrease 500000
  nbatch 1000
  gridno 1
  statefile "vegas_last_iter18"

Restoring state from vegas_last_iter18.

Iteration 20:  115000000 integrand evaluations so far
[1] -3.88331e-07 +- 7.84006e-11  	chisq 25.0836 (19 df)

Saving state to vegas_last_iter18.
Vegas input parameters:
  ndim 11
  ncomp 1
  epsrel 0
  epsabs 0
  flags 291
  seed 489
  mineval 1
  maxeval 1
  nstart 1000000
  nincrease 500000
  nbatch 1000
  gridno 1
  statefile "vegas_last_iter18"

Restoring state from vegas_last_iter18.

Iteration 21:  126000000 integrand evaluations so far
[1] -3.88305e-07 +- 7.45422e-11  	chisq 26.2259 (20 df)

Saving state to vegas_last_iter18.
Vegas input parameters:
  ndim 11
  ncomp 1
  epsrel 0
  epsabs 0
  flags 291
  seed 507
  mineval 1
  maxeval 1
  nstart 1000000
  nincrease 500000
  nbatch 1000
  gridno 1
  statefile "vegas_last_iter18"

Restoring state from vegas_last_iter18.

Iteration 22:  137500000 integrand evaluations so far
[1] -3.88272e-07 +- 7.10534e-11  	chisq 28.3966 (21 df)

Saving state to vegas_last_iter18.
Vegas input parameters:
  ndim 11
  ncomp 1
  epsrel 0
  epsabs 0
  flags 291
  seed 525
  mineval 1
  maxeval 1
  nstart 1000000
  nincrease 500000
  nbatch 1000
  gridno 1
  statefile "vegas_last_iter18"

Restoring state from vegas_last_iter18.

Iteration 23:  149500000 integrand evaluations so far
[1] -3.88251e-07 +- 6.78869e-11  	chisq 29.3721 (22 df)

Saving state to vegas_last_iter18.
Vegas input parameters:
  ndim 11
  ncomp 1
  epsrel 0
  epsabs 0
  flags 291
  seed 543
  mineval 1
  maxeval 1
  nstart 1000000
  nincrease 500000
  nbatch 1000
  gridno 1
  statefile "vegas_last_iter18"

Restoring state from vegas_last_iter18.

Iteration 24:  162000000 integrand evaluations so far
[1] -3.88234e-07 +- 6.5e-11  	chisq 30.1769 (23 df)

Saving state to vegas_last_iter18.
Vegas input parameters:
  ndim 11
  ncomp 1
  epsrel 0
  epsabs 0
  flags 291
  seed 561
  mineval 1
  maxeval 1
  nstart 1000000
  nincrease 500000
  nbatch 1000
  gridno 1
  statefile "vegas_last_iter18"

Restoring state from vegas_last_iter18.

Iteration 25:  175000000 integrand evaluations so far
[1] -3.88257e-07 +- 6.23528e-11  	chisq 31.7457 (24 df)

Saving state to vegas_last_iter18.
Vegas input parameters:
  ndim 11
  ncomp 1
  epsrel 0
  epsabs 0
  flags 291
  seed 579
  mineval 1
  maxeval 1
  nstart 1000000
  nincrease 500000
  nbatch 1000
  gridno 1
  statefile "vegas_last_iter18"

Restoring state from vegas_last_iter18.

Iteration 26:  188500000 integrand evaluations so far
[1] -3.88248e-07 +- 5.99213e-11  	chisq 32.008 (25 df)

Saving state to vegas_last_iter18.
Vegas input parameters:
  ndim 11
  ncomp 1
  epsrel 0
  epsabs 0
  flags 291
  seed 597
  mineval 1
  maxeval 1
  nstart 1000000
  nincrease 500000
  nbatch 1000
  gridno 1
  statefile "vegas_last_iter18"

Restoring state from vegas_last_iter18.

Iteration 27:  202500000 integrand evaluations so far
[1] -3.88252e-07 +- 5.76748e-11  	chisq 32.0784 (26 df)

Saving state to vegas_last_iter18.
Thanks for using LHAPDF 6.3.0. Please make sure to cite the paper:
  Eur.Phys.J. C75 (2015) 3, 132  (http://arxiv.org/abs/1412.7420)
 method   =Vegas  
 nregions =           1
 neval    =   202500000
 fail     =           1
 -0.388252260168E-06 +-   0.576748258001E-10   p =    0.771
