/var/lib/condor/execute/dir_36632
LHAPDF 6.3.0 loading /home/taebh/2021_Research/share/LHAPDF/NNPDF31_nnlo_as_0118_mc_hessian_pdfas/NNPDF31_nnlo_as_0118_mc_hessian_pdfas_0000.dat
NNPDF31_nnlo_as_0118_mc_hessian_pdfas PDF set, member #0, version 1
Vegas input parameters:
  ndim 11
  ncomp 1
  epsrel 0
  epsabs 0
  flags 291
  seed 208
  mineval 1
  maxeval 1
  nstart 1000000
  nincrease 500000
  nbatch 1000
  gridno 1
  statefile "vegas_last_iter97"

Iteration 1:  1000000 integrand evaluations so far
[1] 2.19124e-05 +- 1.38611e-05  	chisq 0 (0 df)

Saving state to vegas_last_iter97.
Vegas input parameters:
  ndim 11
  ncomp 1
  epsrel 0
  epsabs 0
  flags 291
  seed 305
  mineval 1
  maxeval 1
  nstart 1000000
  nincrease 500000
  nbatch 1000
  gridno 1
  statefile "vegas_last_iter97"

Restoring state from vegas_last_iter97.

Iteration 2:  2500000 integrand evaluations so far
[1] 1.99876e-05 +- 8.48383e-06  	chisq 0.0308349 (1 df)

Saving state to vegas_last_iter97.
Vegas input parameters:
  ndim 11
  ncomp 1
  epsrel 0
  epsabs 0
  flags 291
  seed 402
  mineval 1
  maxeval 1
  nstart 1000000
  nincrease 500000
  nbatch 1000
  gridno 1
  statefile "vegas_last_iter97"

Restoring state from vegas_last_iter97.

Iteration 3:  4500000 integrand evaluations so far
[1] 1.99651e-05 +- 2.47898e-06  	chisq 0.0308425 (2 df)

Saving state to vegas_last_iter97.
Vegas input parameters:
  ndim 11
  ncomp 1
  epsrel 0
  epsabs 0
  flags 291
  seed 499
  mineval 1
  maxeval 1
  nstart 1000000
  nincrease 500000
  nbatch 1000
  gridno 1
  statefile "vegas_last_iter97"

Restoring state from vegas_last_iter97.

Iteration 4:  7000000 integrand evaluations so far
[1] 2.17593e-05 +- 7.44329e-07  	chisq 0.606551 (3 df)

Saving state to vegas_last_iter97.
Vegas input parameters:
  ndim 11
  ncomp 1
  epsrel 0
  epsabs 0
  flags 291
  seed 596
  mineval 1
  maxeval 1
  nstart 1000000
  nincrease 500000
  nbatch 1000
  gridno 1
  statefile "vegas_last_iter97"

Restoring state from vegas_last_iter97.

Iteration 5:  10000000 integrand evaluations so far
[1] 2.08232e-05 +- 2.53025e-07  	chisq 2.39464 (4 df)

Saving state to vegas_last_iter97.
Vegas input parameters:
  ndim 11
  ncomp 1
  epsrel 0
  epsabs 0
  flags 291
  seed 693
  mineval 1
  maxeval 1
  nstart 1000000
  nincrease 500000
  nbatch 1000
  gridno 1
  statefile "vegas_last_iter97"

Restoring state from vegas_last_iter97.

Iteration 6:  13500000 integrand evaluations so far
[1] 2.10941e-05 +- 1.37597e-07  	chisq 4.02179 (5 df)

Saving state to vegas_last_iter97.
Vegas input parameters:
  ndim 11
  ncomp 1
  epsrel 0
  epsabs 0
  flags 291
  seed 790
  mineval 1
  maxeval 1
  nstart 1000000
  nincrease 500000
  nbatch 1000
  gridno 1
  statefile "vegas_last_iter97"

Restoring state from vegas_last_iter97.

Iteration 7:  17500000 integrand evaluations so far
[1] 2.11381e-05 +- 9.66626e-08  	chisq 4.22395 (6 df)

Saving state to vegas_last_iter97.
Vegas input parameters:
  ndim 11
  ncomp 1
  epsrel 0
  epsabs 0
  flags 291
  seed 887
  mineval 1
  maxeval 1
  nstart 1000000
  nincrease 500000
  nbatch 1000
  gridno 1
  statefile "vegas_last_iter97"

Restoring state from vegas_last_iter97.

Iteration 8:  22000000 integrand evaluations so far
[1] 2.11577e-05 +- 7.61431e-08  	chisq 4.33207 (7 df)

Saving state to vegas_last_iter97.
Vegas input parameters:
  ndim 11
  ncomp 1
  epsrel 0
  epsabs 0
  flags 291
  seed 984
  mineval 1
  maxeval 1
  nstart 1000000
  nincrease 500000
  nbatch 1000
  gridno 1
  statefile "vegas_last_iter97"

Restoring state from vegas_last_iter97.

Iteration 9:  27000000 integrand evaluations so far
[1] 2.1103e-05 +- 6.36258e-08  	chisq 6.04401 (8 df)

Saving state to vegas_last_iter97.
Vegas input parameters:
  ndim 11
  ncomp 1
  epsrel 0
  epsabs 0
  flags 291
  seed 1081
  mineval 1
  maxeval 1
  nstart 1000000
  nincrease 500000
  nbatch 1000
  gridno 1
  statefile "vegas_last_iter97"

Restoring state from vegas_last_iter97.

Iteration 10:  32500000 integrand evaluations so far
[1] 2.1114e-05 +- 5.50874e-08  	chisq 6.16291 (9 df)

Saving state to vegas_last_iter97.
Vegas input parameters:
  ndim 11
  ncomp 1
  epsrel 0
  epsabs 0
  flags 291
  seed 1178
  mineval 1
  maxeval 1
  nstart 1000000
  nincrease 500000
  nbatch 1000
  gridno 1
  statefile "vegas_last_iter97"

Restoring state from vegas_last_iter97.

Iteration 11:  38500000 integrand evaluations so far
[1] 2.10901e-05 +- 4.88012e-08  	chisq 7.03692 (10 df)

Saving state to vegas_last_iter97.
Vegas input parameters:
  ndim 11
  ncomp 1
  epsrel 0
  epsabs 0
  flags 291
  seed 1275
  mineval 1
  maxeval 1
  nstart 1000000
  nincrease 500000
  nbatch 1000
  gridno 1
  statefile "vegas_last_iter97"

Restoring state from vegas_last_iter97.

Iteration 12:  45000000 integrand evaluations so far
[1] 2.10905e-05 +- 4.39442e-08  	chisq 7.03729 (11 df)

Saving state to vegas_last_iter97.
Vegas input parameters:
  ndim 11
  ncomp 1
  epsrel 0
  epsabs 0
  flags 291
  seed 1372
  mineval 1
  maxeval 1
  nstart 1000000
  nincrease 500000
  nbatch 1000
  gridno 1
  statefile "vegas_last_iter97"

Restoring state from vegas_last_iter97.

Iteration 13:  52000000 integrand evaluations so far
[1] 2.11136e-05 +- 4.00427e-08  	chisq 8.66299 (12 df)

Saving state to vegas_last_iter97.
Vegas input parameters:
  ndim 11
  ncomp 1
  epsrel 0
  epsabs 0
  flags 291
  seed 1469
  mineval 1
  maxeval 1
  nstart 1000000
  nincrease 500000
  nbatch 1000
  gridno 1
  statefile "vegas_last_iter97"

Restoring state from vegas_last_iter97.

Iteration 14:  59500000 integrand evaluations so far
[1] 2.10997e-05 +- 3.68407e-08  	chisq 9.44136 (13 df)

Saving state to vegas_last_iter97.
Vegas input parameters:
  ndim 11
  ncomp 1
  epsrel 0
  epsabs 0
  flags 291
  seed 1566
  mineval 1
  maxeval 1
  nstart 1000000
  nincrease 500000
  nbatch 1000
  gridno 1
  statefile "vegas_last_iter97"

Restoring state from vegas_last_iter97.

Iteration 15:  67500000 integrand evaluations so far
[1] 2.11025e-05 +- 3.41427e-08  	chisq 9.48186 (14 df)

Saving state to vegas_last_iter97.
Vegas input parameters:
  ndim 11
  ncomp 1
  epsrel 0
  epsabs 0
  flags 291
  seed 1663
  mineval 1
  maxeval 1
  nstart 1000000
  nincrease 500000
  nbatch 1000
  gridno 1
  statefile "vegas_last_iter97"

Restoring state from vegas_last_iter97.

Iteration 16:  76000000 integrand evaluations so far
[1] 2.11087e-05 +- 3.1834e-08  	chisq 9.73118 (15 df)

Saving state to vegas_last_iter97.
Vegas input parameters:
  ndim 11
  ncomp 1
  epsrel 0
  epsabs 0
  flags 291
  seed 1760
  mineval 1
  maxeval 1
  nstart 1000000
  nincrease 500000
  nbatch 1000
  gridno 1
  statefile "vegas_last_iter97"

Restoring state from vegas_last_iter97.

Iteration 17:  85000000 integrand evaluations so far
[1] 2.10896e-05 +- 2.9839e-08  	chisq 12.6755 (16 df)

Saving state to vegas_last_iter97.
Vegas input parameters:
  ndim 11
  ncomp 1
  epsrel 0
  epsabs 0
  flags 291
  seed 1857
  mineval 1
  maxeval 1
  nstart 1000000
  nincrease 500000
  nbatch 1000
  gridno 1
  statefile "vegas_last_iter97"

Restoring state from vegas_last_iter97.

Iteration 18:  94500000 integrand evaluations so far
[1] 2.10863e-05 +- 2.80916e-08  	chisq 12.7859 (17 df)

Saving state to vegas_last_iter97.
Vegas input parameters:
  ndim 11
  ncomp 1
  epsrel 0
  epsabs 0
  flags 291
  seed 1954
  mineval 1
  maxeval 1
  nstart 1000000
  nincrease 500000
  nbatch 1000
  gridno 1
  statefile "vegas_last_iter97"

Restoring state from vegas_last_iter97.

Iteration 19:  104500000 integrand evaluations so far
[1] 2.10929e-05 +- 2.65455e-08  	chisq 13.3028 (18 df)

Saving state to vegas_last_iter97.
Vegas input parameters:
  ndim 11
  ncomp 1
  epsrel 0
  epsabs 0
  flags 291
  seed 2051
  mineval 1
  maxeval 1
  nstart 1000000
  nincrease 500000
  nbatch 1000
  gridno 1
  statefile "vegas_last_iter97"

Restoring state from vegas_last_iter97.

Iteration 20:  115000000 integrand evaluations so far
[1] 2.109e-05 +- 2.51684e-08  	chisq 13.4193 (19 df)

Saving state to vegas_last_iter97.
Vegas input parameters:
  ndim 11
  ncomp 1
  epsrel 0
  epsabs 0
  flags 291
  seed 2148
  mineval 1
  maxeval 1
  nstart 1000000
  nincrease 500000
  nbatch 1000
  gridno 1
  statefile "vegas_last_iter97"

Restoring state from vegas_last_iter97.

Iteration 21:  126000000 integrand evaluations so far
[1] 2.10823e-05 +- 2.39325e-08  	chisq 14.4097 (20 df)

Saving state to vegas_last_iter97.
Vegas input parameters:
  ndim 11
  ncomp 1
  epsrel 0
  epsabs 0
  flags 291
  seed 2245
  mineval 1
  maxeval 1
  nstart 1000000
  nincrease 500000
  nbatch 1000
  gridno 1
  statefile "vegas_last_iter97"

Restoring state from vegas_last_iter97.

Iteration 22:  137500000 integrand evaluations so far
[1] 2.10895e-05 +- 2.28161e-08  	chisq 15.4049 (21 df)

Saving state to vegas_last_iter97.
Vegas input parameters:
  ndim 11
  ncomp 1
  epsrel 0
  epsabs 0
  flags 291
  seed 2342
  mineval 1
  maxeval 1
  nstart 1000000
  nincrease 500000
  nbatch 1000
  gridno 1
  statefile "vegas_last_iter97"

Restoring state from vegas_last_iter97.

Iteration 23:  149500000 integrand evaluations so far
[1] 2.10917e-05 +- 2.1803e-08  	chisq 15.5173 (22 df)

Saving state to vegas_last_iter97.
Vegas input parameters:
  ndim 11
  ncomp 1
  epsrel 0
  epsabs 0
  flags 291
  seed 2439
  mineval 1
  maxeval 1
  nstart 1000000
  nincrease 500000
  nbatch 1000
  gridno 1
  statefile "vegas_last_iter97"

Restoring state from vegas_last_iter97.

Iteration 24:  162000000 integrand evaluations so far
[1] 2.11005e-05 +- 2.08791e-08  	chisq 17.4886 (23 df)

Saving state to vegas_last_iter97.
Vegas input parameters:
  ndim 11
  ncomp 1
  epsrel 0
  epsabs 0
  flags 291
  seed 2536
  mineval 1
  maxeval 1
  nstart 1000000
  nincrease 500000
  nbatch 1000
  gridno 1
  statefile "vegas_last_iter97"

Restoring state from vegas_last_iter97.

Iteration 25:  175000000 integrand evaluations so far
[1] 2.10911e-05 +- 2.00319e-08  	chisq 20.0695 (24 df)

Saving state to vegas_last_iter97.
Vegas input parameters:
  ndim 11
  ncomp 1
  epsrel 0
  epsabs 0
  flags 291
  seed 2633
  mineval 1
  maxeval 1
  nstart 1000000
  nincrease 500000
  nbatch 1000
  gridno 1
  statefile "vegas_last_iter97"

Restoring state from vegas_last_iter97.

Iteration 26:  188500000 integrand evaluations so far
[1] 2.10901e-05 +- 1.9254e-08  	chisq 20.1008 (25 df)

Saving state to vegas_last_iter97.
Vegas input parameters:
  ndim 11
  ncomp 1
  epsrel 0
  epsabs 0
  flags 291
  seed 2730
  mineval 1
  maxeval 1
  nstart 1000000
  nincrease 500000
  nbatch 1000
  gridno 1
  statefile "vegas_last_iter97"

Restoring state from vegas_last_iter97.

Iteration 27:  202500000 integrand evaluations so far
[1] 2.10967e-05 +- 1.85339e-08  	chisq 21.6924 (26 df)

Saving state to vegas_last_iter97.
Thanks for using LHAPDF 6.3.0. Please make sure to cite the paper:
  Eur.Phys.J. C75 (2015) 3, 132  (http://arxiv.org/abs/1412.7420)
 method   =Vegas  
 nregions =           1
 neval    =   202500000
 fail     =           1
  0.210966904868E-04 +-   0.185338546254E-07   p =    0.247
