/var/lib/condor/execute/dir_10533
LHAPDF 6.3.0 loading /home/taebh/2021_Research/share/LHAPDF/NNPDF31_nnlo_as_0118_mc_hessian_pdfas/NNPDF31_nnlo_as_0118_mc_hessian_pdfas_0000.dat
NNPDF31_nnlo_as_0118_mc_hessian_pdfas PDF set, member #0, version 1
Vegas input parameters:
  ndim 11
  ncomp 1
  epsrel 0
  epsabs 0
  flags 291
  seed 251
  mineval 1
  maxeval 1
  nstart 1000000
  nincrease 500000
  nbatch 1000
  gridno 1
  statefile "vegas_last_iter140"

Iteration 1:  1000000 integrand evaluations so far
[1] 2.19326e-05 +- 8.72448e-07  	chisq 0 (0 df)

Saving state to vegas_last_iter140.
Vegas input parameters:
  ndim 11
  ncomp 1
  epsrel 0
  epsabs 0
  flags 291
  seed 391
  mineval 1
  maxeval 1
  nstart 1000000
  nincrease 500000
  nbatch 1000
  gridno 1
  statefile "vegas_last_iter140"

Restoring state from vegas_last_iter140.

Iteration 2:  2500000 integrand evaluations so far
[1] 2.27787e-05 +- 3.19684e-07  	chisq 1.08652 (1 df)

Saving state to vegas_last_iter140.
Vegas input parameters:
  ndim 11
  ncomp 1
  epsrel 0
  epsabs 0
  flags 291
  seed 531
  mineval 1
  maxeval 1
  nstart 1000000
  nincrease 500000
  nbatch 1000
  gridno 1
  statefile "vegas_last_iter140"

Restoring state from vegas_last_iter140.

Iteration 3:  4500000 integrand evaluations so far
[1] 2.30626e-05 +- 1.67087e-07  	chisq 2.1716 (2 df)

Saving state to vegas_last_iter140.
Vegas input parameters:
  ndim 11
  ncomp 1
  epsrel 0
  epsabs 0
  flags 291
  seed 671
  mineval 1
  maxeval 1
  nstart 1000000
  nincrease 500000
  nbatch 1000
  gridno 1
  statefile "vegas_last_iter140"

Restoring state from vegas_last_iter140.

Iteration 4:  7000000 integrand evaluations so far
[1] 2.29707e-05 +- 8.69506e-08  	chisq 2.58633 (3 df)

Saving state to vegas_last_iter140.
Vegas input parameters:
  ndim 11
  ncomp 1
  epsrel 0
  epsabs 0
  flags 291
  seed 811
  mineval 1
  maxeval 1
  nstart 1000000
  nincrease 500000
  nbatch 1000
  gridno 1
  statefile "vegas_last_iter140"

Restoring state from vegas_last_iter140.

Iteration 5:  10000000 integrand evaluations so far
[1] 2.28778e-05 +- 5.1334e-08  	chisq 4.33989 (4 df)

Saving state to vegas_last_iter140.
Vegas input parameters:
  ndim 11
  ncomp 1
  epsrel 0
  epsabs 0
  flags 291
  seed 951
  mineval 1
  maxeval 1
  nstart 1000000
  nincrease 500000
  nbatch 1000
  gridno 1
  statefile "vegas_last_iter140"

Restoring state from vegas_last_iter140.

Iteration 6:  13500000 integrand evaluations so far
[1] 2.28655e-05 +- 3.54432e-08  	chisq 4.44934 (5 df)

Saving state to vegas_last_iter140.
Vegas input parameters:
  ndim 11
  ncomp 1
  epsrel 0
  epsabs 0
  flags 291
  seed 1091
  mineval 1
  maxeval 1
  nstart 1000000
  nincrease 500000
  nbatch 1000
  gridno 1
  statefile "vegas_last_iter140"

Restoring state from vegas_last_iter140.

Iteration 7:  17500000 integrand evaluations so far
[1] 2.28891e-05 +- 2.7209e-08  	chisq 5.52623 (6 df)

Saving state to vegas_last_iter140.
Vegas input parameters:
  ndim 11
  ncomp 1
  epsrel 0
  epsabs 0
  flags 291
  seed 1231
  mineval 1
  maxeval 1
  nstart 1000000
  nincrease 500000
  nbatch 1000
  gridno 1
  statefile "vegas_last_iter140"

Restoring state from vegas_last_iter140.

Iteration 8:  22000000 integrand evaluations so far
[1] 2.2896e-05 +- 2.22589e-08  	chisq 5.72276 (7 df)

Saving state to vegas_last_iter140.
Vegas input parameters:
  ndim 11
  ncomp 1
  epsrel 0
  epsabs 0
  flags 291
  seed 1371
  mineval 1
  maxeval 1
  nstart 1000000
  nincrease 500000
  nbatch 1000
  gridno 1
  statefile "vegas_last_iter140"

Restoring state from vegas_last_iter140.

Iteration 9:  27000000 integrand evaluations so far
[1] 2.29057e-05 +- 1.89401e-08  	chisq 6.4065 (8 df)

Saving state to vegas_last_iter140.
Vegas input parameters:
  ndim 11
  ncomp 1
  epsrel 0
  epsabs 0
  flags 291
  seed 1511
  mineval 1
  maxeval 1
  nstart 1000000
  nincrease 500000
  nbatch 1000
  gridno 1
  statefile "vegas_last_iter140"

Restoring state from vegas_last_iter140.

Iteration 10:  32500000 integrand evaluations so far
[1] 2.29014e-05 +- 1.65643e-08  	chisq 6.62514 (9 df)

Saving state to vegas_last_iter140.
Vegas input parameters:
  ndim 11
  ncomp 1
  epsrel 0
  epsabs 0
  flags 291
  seed 1651
  mineval 1
  maxeval 1
  nstart 1000000
  nincrease 500000
  nbatch 1000
  gridno 1
  statefile "vegas_last_iter140"

Restoring state from vegas_last_iter140.

Iteration 11:  38500000 integrand evaluations so far
[1] 2.28976e-05 +- 1.47648e-08  	chisq 6.88425 (10 df)

Saving state to vegas_last_iter140.
Vegas input parameters:
  ndim 11
  ncomp 1
  epsrel 0
  epsabs 0
  flags 291
  seed 1791
  mineval 1
  maxeval 1
  nstart 1000000
  nincrease 500000
  nbatch 1000
  gridno 1
  statefile "vegas_last_iter140"

Restoring state from vegas_last_iter140.

Iteration 12:  45000000 integrand evaluations so far
[1] 2.28904e-05 +- 1.33498e-08  	chisq 8.1911 (11 df)

Saving state to vegas_last_iter140.
Vegas input parameters:
  ndim 11
  ncomp 1
  epsrel 0
  epsabs 0
  flags 291
  seed 1931
  mineval 1
  maxeval 1
  nstart 1000000
  nincrease 500000
  nbatch 1000
  gridno 1
  statefile "vegas_last_iter140"

Restoring state from vegas_last_iter140.

Iteration 13:  52000000 integrand evaluations so far
[1] 2.28989e-05 +- 1.22061e-08  	chisq 10.6714 (12 df)

Saving state to vegas_last_iter140.
Vegas input parameters:
  ndim 11
  ncomp 1
  epsrel 0
  epsabs 0
  flags 291
  seed 2071
  mineval 1
  maxeval 1
  nstart 1000000
  nincrease 500000
  nbatch 1000
  gridno 1
  statefile "vegas_last_iter140"

Restoring state from vegas_last_iter140.

Iteration 14:  59500000 integrand evaluations so far
[1] 2.29009e-05 +- 1.12544e-08  	chisq 10.8481 (13 df)

Saving state to vegas_last_iter140.
Vegas input parameters:
  ndim 11
  ncomp 1
  epsrel 0
  epsabs 0
  flags 291
  seed 2211
  mineval 1
  maxeval 1
  nstart 1000000
  nincrease 500000
  nbatch 1000
  gridno 1
  statefile "vegas_last_iter140"

Restoring state from vegas_last_iter140.

Iteration 15:  67500000 integrand evaluations so far
[1] 2.28977e-05 +- 1.04489e-08  	chisq 11.4085 (14 df)

Saving state to vegas_last_iter140.
Vegas input parameters:
  ndim 11
  ncomp 1
  epsrel 0
  epsabs 0
  flags 291
  seed 2351
  mineval 1
  maxeval 1
  nstart 1000000
  nincrease 500000
  nbatch 1000
  gridno 1
  statefile "vegas_last_iter140"

Restoring state from vegas_last_iter140.

Iteration 16:  76000000 integrand evaluations so far
[1] 2.28966e-05 +- 9.75779e-09  	chisq 11.5037 (15 df)

Saving state to vegas_last_iter140.
Vegas input parameters:
  ndim 11
  ncomp 1
  epsrel 0
  epsabs 0
  flags 291
  seed 2491
  mineval 1
  maxeval 1
  nstart 1000000
  nincrease 500000
  nbatch 1000
  gridno 1
  statefile "vegas_last_iter140"

Restoring state from vegas_last_iter140.

Iteration 17:  85000000 integrand evaluations so far
[1] 2.28971e-05 +- 9.15607e-09  	chisq 11.526 (16 df)

Saving state to vegas_last_iter140.
Vegas input parameters:
  ndim 11
  ncomp 1
  epsrel 0
  epsabs 0
  flags 291
  seed 2631
  mineval 1
  maxeval 1
  nstart 1000000
  nincrease 500000
  nbatch 1000
  gridno 1
  statefile "vegas_last_iter140"

Restoring state from vegas_last_iter140.

Iteration 18:  94500000 integrand evaluations so far
[1] 2.28931e-05 +- 8.62825e-09  	chisq 13.1933 (17 df)

Saving state to vegas_last_iter140.
Vegas input parameters:
  ndim 11
  ncomp 1
  epsrel 0
  epsabs 0
  flags 291
  seed 2771
  mineval 1
  maxeval 1
  nstart 1000000
  nincrease 500000
  nbatch 1000
  gridno 1
  statefile "vegas_last_iter140"

Restoring state from vegas_last_iter140.

Iteration 19:  104500000 integrand evaluations so far
[1] 2.28948e-05 +- 8.15935e-09  	chisq 13.5577 (18 df)

Saving state to vegas_last_iter140.
Vegas input parameters:
  ndim 11
  ncomp 1
  epsrel 0
  epsabs 0
  flags 291
  seed 2911
  mineval 1
  maxeval 1
  nstart 1000000
  nincrease 500000
  nbatch 1000
  gridno 1
  statefile "vegas_last_iter140"

Restoring state from vegas_last_iter140.

Iteration 20:  115000000 integrand evaluations so far
[1] 2.28954e-05 +- 7.74181e-09  	chisq 13.618 (19 df)

Saving state to vegas_last_iter140.
Vegas input parameters:
  ndim 11
  ncomp 1
  epsrel 0
  epsabs 0
  flags 291
  seed 3051
  mineval 1
  maxeval 1
  nstart 1000000
  nincrease 500000
  nbatch 1000
  gridno 1
  statefile "vegas_last_iter140"

Restoring state from vegas_last_iter140.

Iteration 21:  126000000 integrand evaluations so far
[1] 2.28949e-05 +- 7.36616e-09  	chisq 13.6713 (20 df)

Saving state to vegas_last_iter140.
Vegas input parameters:
  ndim 11
  ncomp 1
  epsrel 0
  epsabs 0
  flags 291
  seed 3191
  mineval 1
  maxeval 1
  nstart 1000000
  nincrease 500000
  nbatch 1000
  gridno 1
  statefile "vegas_last_iter140"

Restoring state from vegas_last_iter140.

Iteration 22:  137500000 integrand evaluations so far
[1] 2.28909e-05 +- 7.02671e-09  	chisq 16.9042 (21 df)

Saving state to vegas_last_iter140.
Vegas input parameters:
  ndim 11
  ncomp 1
  epsrel 0
  epsabs 0
  flags 291
  seed 3331
  mineval 1
  maxeval 1
  nstart 1000000
  nincrease 500000
  nbatch 1000
  gridno 1
  statefile "vegas_last_iter140"

Restoring state from vegas_last_iter140.

Iteration 23:  149500000 integrand evaluations so far
[1] 2.28891e-05 +- 6.7187e-09  	chisq 17.7131 (22 df)

Saving state to vegas_last_iter140.
Vegas input parameters:
  ndim 11
  ncomp 1
  epsrel 0
  epsabs 0
  flags 291
  seed 3471
  mineval 1
  maxeval 1
  nstart 1000000
  nincrease 500000
  nbatch 1000
  gridno 1
  statefile "vegas_last_iter140"

Restoring state from vegas_last_iter140.

Iteration 24:  162000000 integrand evaluations so far
[1] 2.28891e-05 +- 6.43669e-09  	chisq 17.7139 (23 df)

Saving state to vegas_last_iter140.
Vegas input parameters:
  ndim 11
  ncomp 1
  epsrel 0
  epsabs 0
  flags 291
  seed 3611
  mineval 1
  maxeval 1
  nstart 1000000
  nincrease 500000
  nbatch 1000
  gridno 1
  statefile "vegas_last_iter140"

Restoring state from vegas_last_iter140.

Iteration 25:  175000000 integrand evaluations so far
[1] 2.28883e-05 +- 6.17827e-09  	chisq 17.9005 (24 df)

Saving state to vegas_last_iter140.
Vegas input parameters:
  ndim 11
  ncomp 1
  epsrel 0
  epsabs 0
  flags 291
  seed 3751
  mineval 1
  maxeval 1
  nstart 1000000
  nincrease 500000
  nbatch 1000
  gridno 1
  statefile "vegas_last_iter140"

Restoring state from vegas_last_iter140.

Iteration 26:  188500000 integrand evaluations so far
[1] 2.28886e-05 +- 5.94012e-09  	chisq 17.919 (25 df)

Saving state to vegas_last_iter140.
Vegas input parameters:
  ndim 11
  ncomp 1
  epsrel 0
  epsabs 0
  flags 291
  seed 3891
  mineval 1
  maxeval 1
  nstart 1000000
  nincrease 500000
  nbatch 1000
  gridno 1
  statefile "vegas_last_iter140"

Restoring state from vegas_last_iter140.

Iteration 27:  202500000 integrand evaluations so far
[1] 2.28861e-05 +- 5.72005e-09  	chisq 20.3442 (26 df)

Saving state to vegas_last_iter140.
Thanks for using LHAPDF 6.3.0. Please make sure to cite the paper:
  Eur.Phys.J. C75 (2015) 3, 132  (http://arxiv.org/abs/1412.7420)
 method   =Vegas  
 nregions =           1
 neval    =   202500000
 fail     =           1
  0.228860828483E-04 +-   0.572005256220E-08   p =    0.184
