/var/lib/condor/execute/dir_10239
LHAPDF 6.3.0 loading /home/taebh/2021_Research/share/LHAPDF/NNPDF31_nnlo_as_0118_mc_hessian_pdfas/NNPDF31_nnlo_as_0118_mc_hessian_pdfas_0000.dat
NNPDF31_nnlo_as_0118_mc_hessian_pdfas PDF set, member #0, version 1
Vegas input parameters:
  ndim 11
  ncomp 1
  epsrel 0
  epsabs 0
  flags 291
  seed 250
  mineval 1
  maxeval 1
  nstart 1000000
  nincrease 500000
  nbatch 1000
  gridno 1
  statefile "vegas_last_iter139"

Iteration 1:  1000000 integrand evaluations so far
[1] -7.59706e-06 +- 2.72375e-06  	chisq 0 (0 df)

Saving state to vegas_last_iter139.
Vegas input parameters:
  ndim 11
  ncomp 1
  epsrel 0
  epsabs 0
  flags 291
  seed 389
  mineval 1
  maxeval 1
  nstart 1000000
  nincrease 500000
  nbatch 1000
  gridno 1
  statefile "vegas_last_iter139"

Restoring state from vegas_last_iter139.

Iteration 2:  2500000 integrand evaluations so far
[1] -1.07511e-05 +- 9.74063e-07  	chisq 1.53757 (1 df)

Saving state to vegas_last_iter139.
Vegas input parameters:
  ndim 11
  ncomp 1
  epsrel 0
  epsabs 0
  flags 291
  seed 528
  mineval 1
  maxeval 1
  nstart 1000000
  nincrease 500000
  nbatch 1000
  gridno 1
  statefile "vegas_last_iter139"

Restoring state from vegas_last_iter139.

Iteration 3:  4500000 integrand evaluations so far
[1] -1.28809e-05 +- 4.62817e-07  	chisq 7.71244 (2 df)

Saving state to vegas_last_iter139.
Vegas input parameters:
  ndim 11
  ncomp 1
  epsrel 0
  epsabs 0
  flags 291
  seed 667
  mineval 1
  maxeval 1
  nstart 1000000
  nincrease 500000
  nbatch 1000
  gridno 1
  statefile "vegas_last_iter139"

Restoring state from vegas_last_iter139.

Iteration 4:  7000000 integrand evaluations so far
[1] -1.31003e-05 +- 1.96106e-07  	chisq 7.98621 (3 df)

Saving state to vegas_last_iter139.
Vegas input parameters:
  ndim 11
  ncomp 1
  epsrel 0
  epsabs 0
  flags 291
  seed 806
  mineval 1
  maxeval 1
  nstart 1000000
  nincrease 500000
  nbatch 1000
  gridno 1
  statefile "vegas_last_iter139"

Restoring state from vegas_last_iter139.

Iteration 5:  10000000 integrand evaluations so far
[1] -1.32245e-05 +- 9.88113e-08  	chisq 8.52378 (4 df)

Saving state to vegas_last_iter139.
Vegas input parameters:
  ndim 11
  ncomp 1
  epsrel 0
  epsabs 0
  flags 291
  seed 945
  mineval 1
  maxeval 1
  nstart 1000000
  nincrease 500000
  nbatch 1000
  gridno 1
  statefile "vegas_last_iter139"

Restoring state from vegas_last_iter139.

Iteration 6:  13500000 integrand evaluations so far
[1] -1.3317e-05 +- 6.37809e-08  	chisq 10.0259 (5 df)

Saving state to vegas_last_iter139.
Vegas input parameters:
  ndim 11
  ncomp 1
  epsrel 0
  epsabs 0
  flags 291
  seed 1084
  mineval 1
  maxeval 1
  nstart 1000000
  nincrease 500000
  nbatch 1000
  gridno 1
  statefile "vegas_last_iter139"

Restoring state from vegas_last_iter139.

Iteration 7:  17500000 integrand evaluations so far
[1] -1.32503e-05 +- 4.77135e-08  	chisq 12.5069 (6 df)

Saving state to vegas_last_iter139.
Vegas input parameters:
  ndim 11
  ncomp 1
  epsrel 0
  epsabs 0
  flags 291
  seed 1223
  mineval 1
  maxeval 1
  nstart 1000000
  nincrease 500000
  nbatch 1000
  gridno 1
  statefile "vegas_last_iter139"

Restoring state from vegas_last_iter139.

Iteration 8:  22000000 integrand evaluations so far
[1] -1.32775e-05 +- 3.86224e-08  	chisq 13.4523 (7 df)

Saving state to vegas_last_iter139.
Vegas input parameters:
  ndim 11
  ncomp 1
  epsrel 0
  epsabs 0
  flags 291
  seed 1362
  mineval 1
  maxeval 1
  nstart 1000000
  nincrease 500000
  nbatch 1000
  gridno 1
  statefile "vegas_last_iter139"

Restoring state from vegas_last_iter139.

Iteration 9:  27000000 integrand evaluations so far
[1] -1.32793e-05 +- 3.27163e-08  	chisq 13.46 (8 df)

Saving state to vegas_last_iter139.
Vegas input parameters:
  ndim 11
  ncomp 1
  epsrel 0
  epsabs 0
  flags 291
  seed 1501
  mineval 1
  maxeval 1
  nstart 1000000
  nincrease 500000
  nbatch 1000
  gridno 1
  statefile "vegas_last_iter139"

Restoring state from vegas_last_iter139.

Iteration 10:  32500000 integrand evaluations so far
[1] -1.32798e-05 +- 2.85338e-08  	chisq 13.4609 (9 df)

Saving state to vegas_last_iter139.
Vegas input parameters:
  ndim 11
  ncomp 1
  epsrel 0
  epsabs 0
  flags 291
  seed 1640
  mineval 1
  maxeval 1
  nstart 1000000
  nincrease 500000
  nbatch 1000
  gridno 1
  statefile "vegas_last_iter139"

Restoring state from vegas_last_iter139.

Iteration 11:  38500000 integrand evaluations so far
[1] -1.32955e-05 +- 2.54031e-08  	chisq 14.9069 (10 df)

Saving state to vegas_last_iter139.
Vegas input parameters:
  ndim 11
  ncomp 1
  epsrel 0
  epsabs 0
  flags 291
  seed 1779
  mineval 1
  maxeval 1
  nstart 1000000
  nincrease 500000
  nbatch 1000
  gridno 1
  statefile "vegas_last_iter139"

Restoring state from vegas_last_iter139.

Iteration 12:  45000000 integrand evaluations so far
[1] -1.32992e-05 +- 2.29496e-08  	chisq 15.0257 (11 df)

Saving state to vegas_last_iter139.
Vegas input parameters:
  ndim 11
  ncomp 1
  epsrel 0
  epsabs 0
  flags 291
  seed 1918
  mineval 1
  maxeval 1
  nstart 1000000
  nincrease 500000
  nbatch 1000
  gridno 1
  statefile "vegas_last_iter139"

Restoring state from vegas_last_iter139.

Iteration 13:  52000000 integrand evaluations so far
[1] -1.3302e-05 +- 2.09628e-08  	chisq 15.1117 (12 df)

Saving state to vegas_last_iter139.
Vegas input parameters:
  ndim 11
  ncomp 1
  epsrel 0
  epsabs 0
  flags 291
  seed 2057
  mineval 1
  maxeval 1
  nstart 1000000
  nincrease 500000
  nbatch 1000
  gridno 1
  statefile "vegas_last_iter139"

Restoring state from vegas_last_iter139.

Iteration 14:  59500000 integrand evaluations so far
[1] -1.33055e-05 +- 1.93155e-08  	chisq 15.2984 (13 df)

Saving state to vegas_last_iter139.
Vegas input parameters:
  ndim 11
  ncomp 1
  epsrel 0
  epsabs 0
  flags 291
  seed 2196
  mineval 1
  maxeval 1
  nstart 1000000
  nincrease 500000
  nbatch 1000
  gridno 1
  statefile "vegas_last_iter139"

Restoring state from vegas_last_iter139.

Iteration 15:  67500000 integrand evaluations so far
[1] -1.32992e-05 +- 1.79236e-08  	chisq 16.0688 (14 df)

Saving state to vegas_last_iter139.
Vegas input parameters:
  ndim 11
  ncomp 1
  epsrel 0
  epsabs 0
  flags 291
  seed 2335
  mineval 1
  maxeval 1
  nstart 1000000
  nincrease 500000
  nbatch 1000
  gridno 1
  statefile "vegas_last_iter139"

Restoring state from vegas_last_iter139.

Iteration 16:  76000000 integrand evaluations so far
[1] -1.33047e-05 +- 1.67339e-08  	chisq 16.813 (15 df)

Saving state to vegas_last_iter139.
Vegas input parameters:
  ndim 11
  ncomp 1
  epsrel 0
  epsabs 0
  flags 291
  seed 2474
  mineval 1
  maxeval 1
  nstart 1000000
  nincrease 500000
  nbatch 1000
  gridno 1
  statefile "vegas_last_iter139"

Restoring state from vegas_last_iter139.

Iteration 17:  85000000 integrand evaluations so far
[1] -1.33028e-05 +- 1.57017e-08  	chisq 16.916 (16 df)

Saving state to vegas_last_iter139.
Vegas input parameters:
  ndim 11
  ncomp 1
  epsrel 0
  epsabs 0
  flags 291
  seed 2613
  mineval 1
  maxeval 1
  nstart 1000000
  nincrease 500000
  nbatch 1000
  gridno 1
  statefile "vegas_last_iter139"

Restoring state from vegas_last_iter139.

Iteration 18:  94500000 integrand evaluations so far
[1] -1.32977e-05 +- 1.47942e-08  	chisq 17.8685 (17 df)

Saving state to vegas_last_iter139.
Vegas input parameters:
  ndim 11
  ncomp 1
  epsrel 0
  epsabs 0
  flags 291
  seed 2752
  mineval 1
  maxeval 1
  nstart 1000000
  nincrease 500000
  nbatch 1000
  gridno 1
  statefile "vegas_last_iter139"

Restoring state from vegas_last_iter139.

Iteration 19:  104500000 integrand evaluations so far
[1] -1.33013e-05 +- 1.39896e-08  	chisq 18.4124 (18 df)

Saving state to vegas_last_iter139.
Vegas input parameters:
  ndim 11
  ncomp 1
  epsrel 0
  epsabs 0
  flags 291
  seed 2891
  mineval 1
  maxeval 1
  nstart 1000000
  nincrease 500000
  nbatch 1000
  gridno 1
  statefile "vegas_last_iter139"

Restoring state from vegas_last_iter139.

Iteration 20:  115000000 integrand evaluations so far
[1] -1.33038e-05 +- 1.32726e-08  	chisq 18.7546 (19 df)

Saving state to vegas_last_iter139.
Vegas input parameters:
  ndim 11
  ncomp 1
  epsrel 0
  epsabs 0
  flags 291
  seed 3030
  mineval 1
  maxeval 1
  nstart 1000000
  nincrease 500000
  nbatch 1000
  gridno 1
  statefile "vegas_last_iter139"

Restoring state from vegas_last_iter139.

Iteration 21:  126000000 integrand evaluations so far
[1] -1.331e-05 +- 1.26283e-08  	chisq 20.9981 (20 df)

Saving state to vegas_last_iter139.
Vegas input parameters:
  ndim 11
  ncomp 1
  epsrel 0
  epsabs 0
  flags 291
  seed 3169
  mineval 1
  maxeval 1
  nstart 1000000
  nincrease 500000
  nbatch 1000
  gridno 1
  statefile "vegas_last_iter139"

Restoring state from vegas_last_iter139.

Iteration 22:  137500000 integrand evaluations so far
[1] -1.33127e-05 +- 1.20452e-08  	chisq 21.5266 (21 df)

Saving state to vegas_last_iter139.
Vegas input parameters:
  ndim 11
  ncomp 1
  epsrel 0
  epsabs 0
  flags 291
  seed 3308
  mineval 1
  maxeval 1
  nstart 1000000
  nincrease 500000
  nbatch 1000
  gridno 1
  statefile "vegas_last_iter139"

Restoring state from vegas_last_iter139.

Iteration 23:  149500000 integrand evaluations so far
[1] -1.33123e-05 +- 1.15156e-08  	chisq 21.5417 (22 df)

Saving state to vegas_last_iter139.
Vegas input parameters:
  ndim 11
  ncomp 1
  epsrel 0
  epsabs 0
  flags 291
  seed 3447
  mineval 1
  maxeval 1
  nstart 1000000
  nincrease 500000
  nbatch 1000
  gridno 1
  statefile "vegas_last_iter139"

Restoring state from vegas_last_iter139.

Iteration 24:  162000000 integrand evaluations so far
[1] -1.33073e-05 +- 1.10319e-08  	chisq 23.8031 (23 df)

Saving state to vegas_last_iter139.
Vegas input parameters:
  ndim 11
  ncomp 1
  epsrel 0
  epsabs 0
  flags 291
  seed 3586
  mineval 1
  maxeval 1
  nstart 1000000
  nincrease 500000
  nbatch 1000
  gridno 1
  statefile "vegas_last_iter139"

Restoring state from vegas_last_iter139.

Iteration 25:  175000000 integrand evaluations so far
[1] -1.33034e-05 +- 1.05885e-08  	chisq 25.4223 (24 df)

Saving state to vegas_last_iter139.
Vegas input parameters:
  ndim 11
  ncomp 1
  epsrel 0
  epsabs 0
  flags 291
  seed 3725
  mineval 1
  maxeval 1
  nstart 1000000
  nincrease 500000
  nbatch 1000
  gridno 1
  statefile "vegas_last_iter139"

Restoring state from vegas_last_iter139.

Iteration 26:  188500000 integrand evaluations so far
[1] -1.33046e-05 +- 1.01806e-08  	chisq 25.5906 (25 df)

Saving state to vegas_last_iter139.
Vegas input parameters:
  ndim 11
  ncomp 1
  epsrel 0
  epsabs 0
  flags 291
  seed 3864
  mineval 1
  maxeval 1
  nstart 1000000
  nincrease 500000
  nbatch 1000
  gridno 1
  statefile "vegas_last_iter139"

Restoring state from vegas_last_iter139.

Iteration 27:  202500000 integrand evaluations so far
[1] -1.32996e-05 +- 9.80301e-09  	chisq 28.8753 (26 df)

Saving state to vegas_last_iter139.
Thanks for using LHAPDF 6.3.0. Please make sure to cite the paper:
  Eur.Phys.J. C75 (2015) 3, 132  (http://arxiv.org/abs/1412.7420)
 method   =Vegas  
 nregions =           1
 neval    =   202500000
 fail     =           1
 -0.132995923798E-04 +-   0.980301160587E-08   p =    0.633
