/var/lib/condor/execute/dir_11051
LHAPDF 6.3.0 loading /home/taebh/2021_Research/share/LHAPDF/NNPDF31_nnlo_as_0118_mc_hessian_pdfas/NNPDF31_nnlo_as_0118_mc_hessian_pdfas_0000.dat
NNPDF31_nnlo_as_0118_mc_hessian_pdfas PDF set, member #0, version 1
Vegas input parameters:
  ndim 11
  ncomp 1
  epsrel 0
  epsabs 0
  flags 291
  seed 134
  mineval 1
  maxeval 1
  nstart 1000000
  nincrease 500000
  nbatch 1000
  gridno 1
  statefile "vegas_last_iter23"

Iteration 1:  1000000 integrand evaluations so far
[1] -2.18245e-07 +- 3.61987e-08  	chisq 0 (0 df)

Saving state to vegas_last_iter23.
Vegas input parameters:
  ndim 11
  ncomp 1
  epsrel 0
  epsabs 0
  flags 291
  seed 157
  mineval 1
  maxeval 1
  nstart 1000000
  nincrease 500000
  nbatch 1000
  gridno 1
  statefile "vegas_last_iter23"

Restoring state from vegas_last_iter23.

Iteration 2:  2500000 integrand evaluations so far
[1] -2.15901e-07 +- 1.04545e-08  	chisq 0.00457243 (1 df)

Saving state to vegas_last_iter23.
Vegas input parameters:
  ndim 11
  ncomp 1
  epsrel 0
  epsabs 0
  flags 291
  seed 180
  mineval 1
  maxeval 1
  nstart 1000000
  nincrease 500000
  nbatch 1000
  gridno 1
  statefile "vegas_last_iter23"

Restoring state from vegas_last_iter23.

Iteration 3:  4500000 integrand evaluations so far
[1] -2.34106e-07 +- 4.6575e-09  	chisq 3.78759 (2 df)

Saving state to vegas_last_iter23.
Vegas input parameters:
  ndim 11
  ncomp 1
  epsrel 0
  epsabs 0
  flags 291
  seed 203
  mineval 1
  maxeval 1
  nstart 1000000
  nincrease 500000
  nbatch 1000
  gridno 1
  statefile "vegas_last_iter23"

Restoring state from vegas_last_iter23.

Iteration 4:  7000000 integrand evaluations so far
[1] -2.42935e-07 +- 1.46077e-09  	chisq 7.77334 (3 df)

Saving state to vegas_last_iter23.
Vegas input parameters:
  ndim 11
  ncomp 1
  epsrel 0
  epsabs 0
  flags 291
  seed 226
  mineval 1
  maxeval 1
  nstart 1000000
  nincrease 500000
  nbatch 1000
  gridno 1
  statefile "vegas_last_iter23"

Restoring state from vegas_last_iter23.

Iteration 5:  10000000 integrand evaluations so far
[1] -2.44159e-07 +- 4.96458e-10  	chisq 8.56655 (4 df)

Saving state to vegas_last_iter23.
Vegas input parameters:
  ndim 11
  ncomp 1
  epsrel 0
  epsabs 0
  flags 291
  seed 249
  mineval 1
  maxeval 1
  nstart 1000000
  nincrease 500000
  nbatch 1000
  gridno 1
  statefile "vegas_last_iter23"

Restoring state from vegas_last_iter23.

Iteration 6:  13500000 integrand evaluations so far
[1] -2.44747e-07 +- 2.5924e-10  	chisq 10.5004 (5 df)

Saving state to vegas_last_iter23.
Vegas input parameters:
  ndim 11
  ncomp 1
  epsrel 0
  epsabs 0
  flags 291
  seed 272
  mineval 1
  maxeval 1
  nstart 1000000
  nincrease 500000
  nbatch 1000
  gridno 1
  statefile "vegas_last_iter23"

Restoring state from vegas_last_iter23.

Iteration 7:  17500000 integrand evaluations so far
[1] -2.44874e-07 +- 1.7742e-10  	chisq 10.9482 (6 df)

Saving state to vegas_last_iter23.
Vegas input parameters:
  ndim 11
  ncomp 1
  epsrel 0
  epsabs 0
  flags 291
  seed 295
  mineval 1
  maxeval 1
  nstart 1000000
  nincrease 500000
  nbatch 1000
  gridno 1
  statefile "vegas_last_iter23"

Restoring state from vegas_last_iter23.

Iteration 8:  22000000 integrand evaluations so far
[1] -2.45138e-07 +- 1.37563e-10  	chisq 16.4974 (7 df)

Saving state to vegas_last_iter23.
Vegas input parameters:
  ndim 11
  ncomp 1
  epsrel 0
  epsabs 0
  flags 291
  seed 318
  mineval 1
  maxeval 1
  nstart 1000000
  nincrease 500000
  nbatch 1000
  gridno 1
  statefile "vegas_last_iter23"

Restoring state from vegas_last_iter23.

Iteration 9:  27000000 integrand evaluations so far
[1] -2.45252e-07 +- 1.13825e-10  	chisq 18.6892 (8 df)

Saving state to vegas_last_iter23.
Vegas input parameters:
  ndim 11
  ncomp 1
  epsrel 0
  epsabs 0
  flags 291
  seed 341
  mineval 1
  maxeval 1
  nstart 1000000
  nincrease 500000
  nbatch 1000
  gridno 1
  statefile "vegas_last_iter23"

Restoring state from vegas_last_iter23.

Iteration 10:  32500000 integrand evaluations so far
[1] -2.45125e-07 +- 9.79033e-11  	chisq 23.52 (9 df)

Saving state to vegas_last_iter23.
Vegas input parameters:
  ndim 11
  ncomp 1
  epsrel 0
  epsabs 0
  flags 291
  seed 364
  mineval 1
  maxeval 1
  nstart 1000000
  nincrease 500000
  nbatch 1000
  gridno 1
  statefile "vegas_last_iter23"

Restoring state from vegas_last_iter23.

Iteration 11:  38500000 integrand evaluations so far
[1] -2.45002e-07 +- 8.63266e-11  	chisq 30.5675 (10 df)

Saving state to vegas_last_iter23.
Vegas input parameters:
  ndim 11
  ncomp 1
  epsrel 0
  epsabs 0
  flags 291
  seed 387
  mineval 1
  maxeval 1
  nstart 1000000
  nincrease 500000
  nbatch 1000
  gridno 1
  statefile "vegas_last_iter23"

Restoring state from vegas_last_iter23.

Iteration 12:  45000000 integrand evaluations so far
[1] -2.44997e-07 +- 7.74704e-11  	chisq 30.588 (11 df)

Saving state to vegas_last_iter23.
Vegas input parameters:
  ndim 11
  ncomp 1
  epsrel 0
  epsabs 0
  flags 291
  seed 410
  mineval 1
  maxeval 1
  nstart 1000000
  nincrease 500000
  nbatch 1000
  gridno 1
  statefile "vegas_last_iter23"

Restoring state from vegas_last_iter23.

Iteration 13:  52000000 integrand evaluations so far
[1] -2.45044e-07 +- 7.04287e-11  	chisq 32.7944 (12 df)

Saving state to vegas_last_iter23.
Vegas input parameters:
  ndim 11
  ncomp 1
  epsrel 0
  epsabs 0
  flags 291
  seed 433
  mineval 1
  maxeval 1
  nstart 1000000
  nincrease 500000
  nbatch 1000
  gridno 1
  statefile "vegas_last_iter23"

Restoring state from vegas_last_iter23.

Iteration 14:  59500000 integrand evaluations so far
[1] -2.45014e-07 +- 6.4669e-11  	chisq 33.9802 (13 df)

Saving state to vegas_last_iter23.
Vegas input parameters:
  ndim 11
  ncomp 1
  epsrel 0
  epsabs 0
  flags 291
  seed 456
  mineval 1
  maxeval 1
  nstart 1000000
  nincrease 500000
  nbatch 1000
  gridno 1
  statefile "vegas_last_iter23"

Restoring state from vegas_last_iter23.

Iteration 15:  67500000 integrand evaluations so far
[1] -2.45035e-07 +- 5.9855e-11  	chisq 34.6872 (14 df)

Saving state to vegas_last_iter23.
Vegas input parameters:
  ndim 11
  ncomp 1
  epsrel 0
  epsabs 0
  flags 291
  seed 479
  mineval 1
  maxeval 1
  nstart 1000000
  nincrease 500000
  nbatch 1000
  gridno 1
  statefile "vegas_last_iter23"

Restoring state from vegas_last_iter23.

Iteration 16:  76000000 integrand evaluations so far
[1] -2.45031e-07 +- 5.57556e-11  	chisq 34.7097 (15 df)

Saving state to vegas_last_iter23.
Vegas input parameters:
  ndim 11
  ncomp 1
  epsrel 0
  epsabs 0
  flags 291
  seed 502
  mineval 1
  maxeval 1
  nstart 1000000
  nincrease 500000
  nbatch 1000
  gridno 1
  statefile "vegas_last_iter23"

Restoring state from vegas_last_iter23.

Iteration 17:  85000000 integrand evaluations so far
[1] -2.45016e-07 +- 5.22161e-11  	chisq 35.3167 (16 df)

Saving state to vegas_last_iter23.
Vegas input parameters:
  ndim 11
  ncomp 1
  epsrel 0
  epsabs 0
  flags 291
  seed 525
  mineval 1
  maxeval 1
  nstart 1000000
  nincrease 500000
  nbatch 1000
  gridno 1
  statefile "vegas_last_iter23"

Restoring state from vegas_last_iter23.

Iteration 18:  94500000 integrand evaluations so far
[1] -2.44971e-07 +- 4.91247e-11  	chisq 41.7149 (17 df)

Saving state to vegas_last_iter23.
Vegas input parameters:
  ndim 11
  ncomp 1
  epsrel 0
  epsabs 0
  flags 291
  seed 548
  mineval 1
  maxeval 1
  nstart 1000000
  nincrease 500000
  nbatch 1000
  gridno 1
  statefile "vegas_last_iter23"

Restoring state from vegas_last_iter23.

Iteration 19:  104500000 integrand evaluations so far
[1] -2.4498e-07 +- 4.63966e-11  	chisq 41.9885 (18 df)

Saving state to vegas_last_iter23.
Vegas input parameters:
  ndim 11
  ncomp 1
  epsrel 0
  epsabs 0
  flags 291
  seed 571
  mineval 1
  maxeval 1
  nstart 1000000
  nincrease 500000
  nbatch 1000
  gridno 1
  statefile "vegas_last_iter23"

Restoring state from vegas_last_iter23.

Iteration 20:  115000000 integrand evaluations so far
[1] -2.4497e-07 +- 4.39681e-11  	chisq 42.4231 (19 df)

Saving state to vegas_last_iter23.
Vegas input parameters:
  ndim 11
  ncomp 1
  epsrel 0
  epsabs 0
  flags 291
  seed 594
  mineval 1
  maxeval 1
  nstart 1000000
  nincrease 500000
  nbatch 1000
  gridno 1
  statefile "vegas_last_iter23"

Restoring state from vegas_last_iter23.

Iteration 21:  126000000 integrand evaluations so far
[1] -2.44931e-07 +- 4.17931e-11  	chisq 50.4223 (20 df)

Saving state to vegas_last_iter23.
Vegas input parameters:
  ndim 11
  ncomp 1
  epsrel 0
  epsabs 0
  flags 291
  seed 617
  mineval 1
  maxeval 1
  nstart 1000000
  nincrease 500000
  nbatch 1000
  gridno 1
  statefile "vegas_last_iter23"

Restoring state from vegas_last_iter23.

Iteration 22:  137500000 integrand evaluations so far
[1] -2.44926e-07 +- 3.98308e-11  	chisq 50.6415 (21 df)

Saving state to vegas_last_iter23.
Vegas input parameters:
  ndim 11
  ncomp 1
  epsrel 0
  epsabs 0
  flags 291
  seed 640
  mineval 1
  maxeval 1
  nstart 1000000
  nincrease 500000
  nbatch 1000
  gridno 1
  statefile "vegas_last_iter23"

Restoring state from vegas_last_iter23.

Iteration 23:  149500000 integrand evaluations so far
[1] -2.44957e-07 +- 3.80516e-11  	chisq 57.5957 (22 df)

Saving state to vegas_last_iter23.
Vegas input parameters:
  ndim 11
  ncomp 1
  epsrel 0
  epsabs 0
  flags 291
  seed 663
  mineval 1
  maxeval 1
  nstart 1000000
  nincrease 500000
  nbatch 1000
  gridno 1
  statefile "vegas_last_iter23"

Restoring state from vegas_last_iter23.

Iteration 24:  162000000 integrand evaluations so far
[1] -2.44952e-07 +- 3.64292e-11  	chisq 57.7952 (23 df)

Saving state to vegas_last_iter23.
Vegas input parameters:
  ndim 11
  ncomp 1
  epsrel 0
  epsabs 0
  flags 291
  seed 686
  mineval 1
  maxeval 1
  nstart 1000000
  nincrease 500000
  nbatch 1000
  gridno 1
  statefile "vegas_last_iter23"

Restoring state from vegas_last_iter23.

Iteration 25:  175000000 integrand evaluations so far
[1] -2.44948e-07 +- 3.49431e-11  	chisq 57.9351 (24 df)

Saving state to vegas_last_iter23.
Vegas input parameters:
  ndim 11
  ncomp 1
  epsrel 0
  epsabs 0
  flags 291
  seed 709
  mineval 1
  maxeval 1
  nstart 1000000
  nincrease 500000
  nbatch 1000
  gridno 1
  statefile "vegas_last_iter23"

Restoring state from vegas_last_iter23.

Iteration 26:  188500000 integrand evaluations so far
[1] -2.44934e-07 +- 3.35783e-11  	chisq 60.122 (25 df)

Saving state to vegas_last_iter23.
Vegas input parameters:
  ndim 11
  ncomp 1
  epsrel 0
  epsabs 0
  flags 291
  seed 732
  mineval 1
  maxeval 1
  nstart 1000000
  nincrease 500000
  nbatch 1000
  gridno 1
  statefile "vegas_last_iter23"

Restoring state from vegas_last_iter23.

Iteration 27:  202500000 integrand evaluations so far
[1] -2.44938e-07 +- 3.23172e-11  	chisq 60.3379 (26 df)

Saving state to vegas_last_iter23.
Thanks for using LHAPDF 6.3.0. Please make sure to cite the paper:
  Eur.Phys.J. C75 (2015) 3, 132  (http://arxiv.org/abs/1412.7420)
 method   =Vegas  
 nregions =           1
 neval    =   202500000
 fail     =           1
 -0.244937780697E-06 +-   0.323172347581E-10   p =    1.000
