/var/lib/condor/execute/dir_37113
LHAPDF 6.3.0 loading /home/taebh/2021_Research/share/LHAPDF/NNPDF31_nnlo_as_0118_mc_hessian_pdfas/NNPDF31_nnlo_as_0118_mc_hessian_pdfas_0000.dat
NNPDF31_nnlo_as_0118_mc_hessian_pdfas PDF set, member #0, version 1
Vegas input parameters:
  ndim 11
  ncomp 1
  epsrel 0
  epsabs 0
  flags 291
  seed 215
  mineval 1
  maxeval 1
  nstart 1000000
  nincrease 500000
  nbatch 1000
  gridno 1
  statefile "vegas_last_iter104"

Iteration 1:  1000000 integrand evaluations so far
[1] 0.000119109 +- 1.19634e-05  	chisq 0 (0 df)

Saving state to vegas_last_iter104.
Vegas input parameters:
  ndim 11
  ncomp 1
  epsrel 0
  epsabs 0
  flags 291
  seed 319
  mineval 1
  maxeval 1
  nstart 1000000
  nincrease 500000
  nbatch 1000
  gridno 1
  statefile "vegas_last_iter104"

Restoring state from vegas_last_iter104.

Iteration 2:  2500000 integrand evaluations so far
[1] 0.000121392 +- 1.17449e-05  	chisq 1.00576 (1 df)

Saving state to vegas_last_iter104.
Vegas input parameters:
  ndim 11
  ncomp 1
  epsrel 0
  epsabs 0
  flags 291
  seed 423
  mineval 1
  maxeval 1
  nstart 1000000
  nincrease 500000
  nbatch 1000
  gridno 1
  statefile "vegas_last_iter104"

Restoring state from vegas_last_iter104.

Iteration 3:  4500000 integrand evaluations so far
[1] 0.000128203 +- 3.29998e-06  	chisq 1.37095 (2 df)

Saving state to vegas_last_iter104.
Vegas input parameters:
  ndim 11
  ncomp 1
  epsrel 0
  epsabs 0
  flags 291
  seed 527
  mineval 1
  maxeval 1
  nstart 1000000
  nincrease 500000
  nbatch 1000
  gridno 1
  statefile "vegas_last_iter104"

Restoring state from vegas_last_iter104.

Iteration 4:  7000000 integrand evaluations so far
[1] 0.000128758 +- 7.26932e-07  	chisq 1.40063 (3 df)

Saving state to vegas_last_iter104.
Vegas input parameters:
  ndim 11
  ncomp 1
  epsrel 0
  epsabs 0
  flags 291
  seed 631
  mineval 1
  maxeval 1
  nstart 1000000
  nincrease 500000
  nbatch 1000
  gridno 1
  statefile "vegas_last_iter104"

Restoring state from vegas_last_iter104.

Iteration 5:  10000000 integrand evaluations so far
[1] 0.000128591 +- 1.84938e-07  	chisq 1.45684 (4 df)

Saving state to vegas_last_iter104.
Vegas input parameters:
  ndim 11
  ncomp 1
  epsrel 0
  epsabs 0
  flags 291
  seed 735
  mineval 1
  maxeval 1
  nstart 1000000
  nincrease 500000
  nbatch 1000
  gridno 1
  statefile "vegas_last_iter104"

Restoring state from vegas_last_iter104.

Iteration 6:  13500000 integrand evaluations so far
[1] 0.000128645 +- 8.06343e-08  	chisq 1.56163 (5 df)

Saving state to vegas_last_iter104.
Vegas input parameters:
  ndim 11
  ncomp 1
  epsrel 0
  epsabs 0
  flags 291
  seed 839
  mineval 1
  maxeval 1
  nstart 1000000
  nincrease 500000
  nbatch 1000
  gridno 1
  statefile "vegas_last_iter104"

Restoring state from vegas_last_iter104.

Iteration 7:  17500000 integrand evaluations so far
[1] 0.000128764 +- 5.03528e-08  	chisq 5.10067 (6 df)

Saving state to vegas_last_iter104.
Vegas input parameters:
  ndim 11
  ncomp 1
  epsrel 0
  epsabs 0
  flags 291
  seed 943
  mineval 1
  maxeval 1
  nstart 1000000
  nincrease 500000
  nbatch 1000
  gridno 1
  statefile "vegas_last_iter104"

Restoring state from vegas_last_iter104.

Iteration 8:  22000000 integrand evaluations so far
[1] 0.000128766 +- 3.71222e-08  	chisq 5.10396 (7 df)

Saving state to vegas_last_iter104.
Vegas input parameters:
  ndim 11
  ncomp 1
  epsrel 0
  epsabs 0
  flags 291
  seed 1047
  mineval 1
  maxeval 1
  nstart 1000000
  nincrease 500000
  nbatch 1000
  gridno 1
  statefile "vegas_last_iter104"

Restoring state from vegas_last_iter104.

Iteration 9:  27000000 integrand evaluations so far
[1] 0.00012879 +- 2.9875e-08  	chisq 6.35642 (8 df)

Saving state to vegas_last_iter104.
Vegas input parameters:
  ndim 11
  ncomp 1
  epsrel 0
  epsabs 0
  flags 291
  seed 1151
  mineval 1
  maxeval 1
  nstart 1000000
  nincrease 500000
  nbatch 1000
  gridno 1
  statefile "vegas_last_iter104"

Restoring state from vegas_last_iter104.

Iteration 10:  32500000 integrand evaluations so far
[1] 0.000128789 +- 2.52865e-08  	chisq 6.36032 (9 df)

Saving state to vegas_last_iter104.
Vegas input parameters:
  ndim 11
  ncomp 1
  epsrel 0
  epsabs 0
  flags 291
  seed 1255
  mineval 1
  maxeval 1
  nstart 1000000
  nincrease 500000
  nbatch 1000
  gridno 1
  statefile "vegas_last_iter104"

Restoring state from vegas_last_iter104.

Iteration 11:  38500000 integrand evaluations so far
[1] 0.000128784 +- 2.20854e-08  	chisq 6.52077 (10 df)

Saving state to vegas_last_iter104.
Vegas input parameters:
  ndim 11
  ncomp 1
  epsrel 0
  epsabs 0
  flags 291
  seed 1359
  mineval 1
  maxeval 1
  nstart 1000000
  nincrease 500000
  nbatch 1000
  gridno 1
  statefile "vegas_last_iter104"

Restoring state from vegas_last_iter104.

Iteration 12:  45000000 integrand evaluations so far
[1] 0.000128792 +- 1.96815e-08  	chisq 7.18556 (11 df)

Saving state to vegas_last_iter104.
Vegas input parameters:
  ndim 11
  ncomp 1
  epsrel 0
  epsabs 0
  flags 291
  seed 1463
  mineval 1
  maxeval 1
  nstart 1000000
  nincrease 500000
  nbatch 1000
  gridno 1
  statefile "vegas_last_iter104"

Restoring state from vegas_last_iter104.

Iteration 13:  52000000 integrand evaluations so far
[1] 0.000128798 +- 1.78089e-08  	chisq 7.61344 (12 df)

Saving state to vegas_last_iter104.
Vegas input parameters:
  ndim 11
  ncomp 1
  epsrel 0
  epsabs 0
  flags 291
  seed 1567
  mineval 1
  maxeval 1
  nstart 1000000
  nincrease 500000
  nbatch 1000
  gridno 1
  statefile "vegas_last_iter104"

Restoring state from vegas_last_iter104.

Iteration 14:  59500000 integrand evaluations so far
[1] 0.000128814 +- 1.62948e-08  	chisq 12.3693 (13 df)

Saving state to vegas_last_iter104.
Vegas input parameters:
  ndim 11
  ncomp 1
  epsrel 0
  epsabs 0
  flags 291
  seed 1671
  mineval 1
  maxeval 1
  nstart 1000000
  nincrease 500000
  nbatch 1000
  gridno 1
  statefile "vegas_last_iter104"

Restoring state from vegas_last_iter104.

Iteration 15:  67500000 integrand evaluations so far
[1] 0.000128793 +- 1.50414e-08  	chisq 22.9673 (14 df)

Saving state to vegas_last_iter104.
Vegas input parameters:
  ndim 11
  ncomp 1
  epsrel 0
  epsabs 0
  flags 291
  seed 1775
  mineval 1
  maxeval 1
  nstart 1000000
  nincrease 500000
  nbatch 1000
  gridno 1
  statefile "vegas_last_iter104"

Restoring state from vegas_last_iter104.

Iteration 16:  76000000 integrand evaluations so far
[1] 0.00012879 +- 1.39783e-08  	chisq 23.3152 (15 df)

Saving state to vegas_last_iter104.
Vegas input parameters:
  ndim 11
  ncomp 1
  epsrel 0
  epsabs 0
  flags 291
  seed 1879
  mineval 1
  maxeval 1
  nstart 1000000
  nincrease 500000
  nbatch 1000
  gridno 1
  statefile "vegas_last_iter104"

Restoring state from vegas_last_iter104.

Iteration 17:  85000000 integrand evaluations so far
[1] 0.000128792 +- 1.30666e-08  	chisq 23.4644 (16 df)

Saving state to vegas_last_iter104.
Vegas input parameters:
  ndim 11
  ncomp 1
  epsrel 0
  epsabs 0
  flags 291
  seed 1983
  mineval 1
  maxeval 1
  nstart 1000000
  nincrease 500000
  nbatch 1000
  gridno 1
  statefile "vegas_last_iter104"

Restoring state from vegas_last_iter104.

Iteration 18:  94500000 integrand evaluations so far
[1] 0.000128791 +- 1.22732e-08  	chisq 23.504 (17 df)

Saving state to vegas_last_iter104.
Vegas input parameters:
  ndim 11
  ncomp 1
  epsrel 0
  epsabs 0
  flags 291
  seed 2087
  mineval 1
  maxeval 1
  nstart 1000000
  nincrease 500000
  nbatch 1000
  gridno 1
  statefile "vegas_last_iter104"

Restoring state from vegas_last_iter104.

Iteration 19:  104500000 integrand evaluations so far
[1] 0.000128787 +- 1.15764e-08  	chisq 24.6686 (18 df)

Saving state to vegas_last_iter104.
Vegas input parameters:
  ndim 11
  ncomp 1
  epsrel 0
  epsabs 0
  flags 291
  seed 2191
  mineval 1
  maxeval 1
  nstart 1000000
  nincrease 500000
  nbatch 1000
  gridno 1
  statefile "vegas_last_iter104"

Restoring state from vegas_last_iter104.

Iteration 20:  115000000 integrand evaluations so far
[1] 0.000128789 +- 1.09581e-08  	chisq 25.1898 (19 df)

Saving state to vegas_last_iter104.
Vegas input parameters:
  ndim 11
  ncomp 1
  epsrel 0
  epsabs 0
  flags 291
  seed 2295
  mineval 1
  maxeval 1
  nstart 1000000
  nincrease 500000
  nbatch 1000
  gridno 1
  statefile "vegas_last_iter104"

Restoring state from vegas_last_iter104.

Iteration 21:  126000000 integrand evaluations so far
[1] 0.000128789 +- 1.04055e-08  	chisq 25.1898 (20 df)

Saving state to vegas_last_iter104.
Vegas input parameters:
  ndim 11
  ncomp 1
  epsrel 0
  epsabs 0
  flags 291
  seed 2399
  mineval 1
  maxeval 1
  nstart 1000000
  nincrease 500000
  nbatch 1000
  gridno 1
  statefile "vegas_last_iter104"

Restoring state from vegas_last_iter104.

Iteration 22:  137500000 integrand evaluations so far
[1] 0.000128793 +- 9.90727e-09  	chisq 26.9149 (21 df)

Saving state to vegas_last_iter104.
Vegas input parameters:
  ndim 11
  ncomp 1
  epsrel 0
  epsabs 0
  flags 291
  seed 2503
  mineval 1
  maxeval 1
  nstart 1000000
  nincrease 500000
  nbatch 1000
  gridno 1
  statefile "vegas_last_iter104"

Restoring state from vegas_last_iter104.

Iteration 23:  149500000 integrand evaluations so far
[1] 0.000128792 +- 9.45617e-09  	chisq 27.2898 (22 df)

Saving state to vegas_last_iter104.
Vegas input parameters:
  ndim 11
  ncomp 1
  epsrel 0
  epsabs 0
  flags 291
  seed 2607
  mineval 1
  maxeval 1
  nstart 1000000
  nincrease 500000
  nbatch 1000
  gridno 1
  statefile "vegas_last_iter104"

Restoring state from vegas_last_iter104.

Iteration 24:  162000000 integrand evaluations so far
[1] 0.000128788 +- 9.04571e-09  	chisq 28.9452 (23 df)

Saving state to vegas_last_iter104.
Vegas input parameters:
  ndim 11
  ncomp 1
  epsrel 0
  epsabs 0
  flags 291
  seed 2711
  mineval 1
  maxeval 1
  nstart 1000000
  nincrease 500000
  nbatch 1000
  gridno 1
  statefile "vegas_last_iter104"

Restoring state from vegas_last_iter104.

Iteration 25:  175000000 integrand evaluations so far
[1] 0.000128787 +- 8.67072e-09  	chisq 29.1528 (24 df)

Saving state to vegas_last_iter104.
Vegas input parameters:
  ndim 11
  ncomp 1
  epsrel 0
  epsabs 0
  flags 291
  seed 2815
  mineval 1
  maxeval 1
  nstart 1000000
  nincrease 500000
  nbatch 1000
  gridno 1
  statefile "vegas_last_iter104"

Restoring state from vegas_last_iter104.

Iteration 26:  188500000 integrand evaluations so far
[1] 0.000128787 +- 8.32642e-09  	chisq 29.171 (25 df)

Saving state to vegas_last_iter104.
Vegas input parameters:
  ndim 11
  ncomp 1
  epsrel 0
  epsabs 0
  flags 291
  seed 2919
  mineval 1
  maxeval 1
  nstart 1000000
  nincrease 500000
  nbatch 1000
  gridno 1
  statefile "vegas_last_iter104"

Restoring state from vegas_last_iter104.

Iteration 27:  202500000 integrand evaluations so far
[1] 0.000128788 +- 8.00909e-09  	chisq 29.5026 (26 df)

Saving state to vegas_last_iter104.
Thanks for using LHAPDF 6.3.0. Please make sure to cite the paper:
  Eur.Phys.J. C75 (2015) 3, 132  (http://arxiv.org/abs/1412.7420)
 method   =Vegas  
 nregions =           1
 neval    =   202500000
 fail     =           1
  0.128787891739E-03 +-   0.800908506232E-08   p =    0.663
