/var/lib/condor/execute/dir_10996
LHAPDF 6.3.0 loading /home/taebh/2021_Research/share/LHAPDF/NNPDF31_nnlo_as_0118_mc_hessian_pdfas/NNPDF31_nnlo_as_0118_mc_hessian_pdfas_0000.dat
NNPDF31_nnlo_as_0118_mc_hessian_pdfas PDF set, member #0, version 1
Vegas input parameters:
  ndim 11
  ncomp 1
  epsrel 0
  epsabs 0
  flags 291
  seed 132
  mineval 1
  maxeval 1
  nstart 1000000
  nincrease 500000
  nbatch 1000
  gridno 1
  statefile "vegas_last_iter21"

Iteration 1:  1000000 integrand evaluations so far
[1] -8.01444e-07 +- 1.07843e-07  	chisq 0 (0 df)

Saving state to vegas_last_iter21.
Vegas input parameters:
  ndim 11
  ncomp 1
  epsrel 0
  epsabs 0
  flags 291
  seed 153
  mineval 1
  maxeval 1
  nstart 1000000
  nincrease 500000
  nbatch 1000
  gridno 1
  statefile "vegas_last_iter21"

Restoring state from vegas_last_iter21.

Iteration 2:  2500000 integrand evaluations so far
[1] -7.2656e-07 +- 4.08448e-08  	chisq 0.56291 (1 df)

Saving state to vegas_last_iter21.
Vegas input parameters:
  ndim 11
  ncomp 1
  epsrel 0
  epsabs 0
  flags 291
  seed 174
  mineval 1
  maxeval 1
  nstart 1000000
  nincrease 500000
  nbatch 1000
  gridno 1
  statefile "vegas_last_iter21"

Restoring state from vegas_last_iter21.

Iteration 3:  4500000 integrand evaluations so far
[1] -7.06205e-07 +- 9.46353e-09  	chisq 0.825364 (2 df)

Saving state to vegas_last_iter21.
Vegas input parameters:
  ndim 11
  ncomp 1
  epsrel 0
  epsabs 0
  flags 291
  seed 195
  mineval 1
  maxeval 1
  nstart 1000000
  nincrease 500000
  nbatch 1000
  gridno 1
  statefile "vegas_last_iter21"

Restoring state from vegas_last_iter21.

Iteration 4:  7000000 integrand evaluations so far
[1] -7.16434e-07 +- 3.38919e-09  	chisq 2.16569 (3 df)

Saving state to vegas_last_iter21.
Vegas input parameters:
  ndim 11
  ncomp 1
  epsrel 0
  epsabs 0
  flags 291
  seed 216
  mineval 1
  maxeval 1
  nstart 1000000
  nincrease 500000
  nbatch 1000
  gridno 1
  statefile "vegas_last_iter21"

Restoring state from vegas_last_iter21.

Iteration 5:  10000000 integrand evaluations so far
[1] -7.12068e-07 +- 1.31425e-09  	chisq 4.11881 (4 df)

Saving state to vegas_last_iter21.
Vegas input parameters:
  ndim 11
  ncomp 1
  epsrel 0
  epsabs 0
  flags 291
  seed 237
  mineval 1
  maxeval 1
  nstart 1000000
  nincrease 500000
  nbatch 1000
  gridno 1
  statefile "vegas_last_iter21"

Restoring state from vegas_last_iter21.

Iteration 6:  13500000 integrand evaluations so far
[1] -7.12048e-07 +- 7.01517e-10  	chisq 4.11913 (5 df)

Saving state to vegas_last_iter21.
Vegas input parameters:
  ndim 11
  ncomp 1
  epsrel 0
  epsabs 0
  flags 291
  seed 258
  mineval 1
  maxeval 1
  nstart 1000000
  nincrease 500000
  nbatch 1000
  gridno 1
  statefile "vegas_last_iter21"

Restoring state from vegas_last_iter21.

Iteration 7:  17500000 integrand evaluations so far
[1] -7.13249e-07 +- 4.79459e-10  	chisq 9.61901 (6 df)

Saving state to vegas_last_iter21.
Vegas input parameters:
  ndim 11
  ncomp 1
  epsrel 0
  epsabs 0
  flags 291
  seed 279
  mineval 1
  maxeval 1
  nstart 1000000
  nincrease 500000
  nbatch 1000
  gridno 1
  statefile "vegas_last_iter21"

Restoring state from vegas_last_iter21.

Iteration 8:  22000000 integrand evaluations so far
[1] -7.13373e-07 +- 3.69916e-10  	chisq 9.78381 (7 df)

Saving state to vegas_last_iter21.
Vegas input parameters:
  ndim 11
  ncomp 1
  epsrel 0
  epsabs 0
  flags 291
  seed 300
  mineval 1
  maxeval 1
  nstart 1000000
  nincrease 500000
  nbatch 1000
  gridno 1
  statefile "vegas_last_iter21"

Restoring state from vegas_last_iter21.

Iteration 9:  27000000 integrand evaluations so far
[1] -7.13582e-07 +- 3.05149e-10  	chisq 10.786 (8 df)

Saving state to vegas_last_iter21.
Vegas input parameters:
  ndim 11
  ncomp 1
  epsrel 0
  epsabs 0
  flags 291
  seed 321
  mineval 1
  maxeval 1
  nstart 1000000
  nincrease 500000
  nbatch 1000
  gridno 1
  statefile "vegas_last_iter21"

Restoring state from vegas_last_iter21.

Iteration 10:  32500000 integrand evaluations so far
[1] -7.13567e-07 +- 2.62028e-10  	chisq 10.796 (9 df)

Saving state to vegas_last_iter21.
Vegas input parameters:
  ndim 11
  ncomp 1
  epsrel 0
  epsabs 0
  flags 291
  seed 342
  mineval 1
  maxeval 1
  nstart 1000000
  nincrease 500000
  nbatch 1000
  gridno 1
  statefile "vegas_last_iter21"

Restoring state from vegas_last_iter21.

Iteration 11:  38500000 integrand evaluations so far
[1] -7.13621e-07 +- 2.30839e-10  	chisq 10.9915 (10 df)

Saving state to vegas_last_iter21.
Vegas input parameters:
  ndim 11
  ncomp 1
  epsrel 0
  epsabs 0
  flags 291
  seed 363
  mineval 1
  maxeval 1
  nstart 1000000
  nincrease 500000
  nbatch 1000
  gridno 1
  statefile "vegas_last_iter21"

Restoring state from vegas_last_iter21.

Iteration 12:  45000000 integrand evaluations so far
[1] -7.13578e-07 +- 2.07021e-10  	chisq 11.169 (11 df)

Saving state to vegas_last_iter21.
Vegas input parameters:
  ndim 11
  ncomp 1
  epsrel 0
  epsabs 0
  flags 291
  seed 384
  mineval 1
  maxeval 1
  nstart 1000000
  nincrease 500000
  nbatch 1000
  gridno 1
  statefile "vegas_last_iter21"

Restoring state from vegas_last_iter21.

Iteration 13:  52000000 integrand evaluations so far
[1] -7.13539e-07 +- 1.88125e-10  	chisq 11.3778 (12 df)

Saving state to vegas_last_iter21.
Vegas input parameters:
  ndim 11
  ncomp 1
  epsrel 0
  epsabs 0
  flags 291
  seed 405
  mineval 1
  maxeval 1
  nstart 1000000
  nincrease 500000
  nbatch 1000
  gridno 1
  statefile "vegas_last_iter21"

Restoring state from vegas_last_iter21.

Iteration 14:  59500000 integrand evaluations so far
[1] -7.13516e-07 +- 1.72685e-10  	chisq 11.4726 (13 df)

Saving state to vegas_last_iter21.
Vegas input parameters:
  ndim 11
  ncomp 1
  epsrel 0
  epsabs 0
  flags 291
  seed 426
  mineval 1
  maxeval 1
  nstart 1000000
  nincrease 500000
  nbatch 1000
  gridno 1
  statefile "vegas_last_iter21"

Restoring state from vegas_last_iter21.

Iteration 15:  67500000 integrand evaluations so far
[1] -7.13556e-07 +- 1.59788e-10  	chisq 11.8396 (14 df)

Saving state to vegas_last_iter21.
Vegas input parameters:
  ndim 11
  ncomp 1
  epsrel 0
  epsabs 0
  flags 291
  seed 447
  mineval 1
  maxeval 1
  nstart 1000000
  nincrease 500000
  nbatch 1000
  gridno 1
  statefile "vegas_last_iter21"

Restoring state from vegas_last_iter21.

Iteration 16:  76000000 integrand evaluations so far
[1] -7.13598e-07 +- 1.48801e-10  	chisq 12.3616 (15 df)

Saving state to vegas_last_iter21.
Vegas input parameters:
  ndim 11
  ncomp 1
  epsrel 0
  epsabs 0
  flags 291
  seed 468
  mineval 1
  maxeval 1
  nstart 1000000
  nincrease 500000
  nbatch 1000
  gridno 1
  statefile "vegas_last_iter21"

Restoring state from vegas_last_iter21.

Iteration 17:  85000000 integrand evaluations so far
[1] -7.13556e-07 +- 1.3931e-10  	chisq 13.0049 (16 df)

Saving state to vegas_last_iter21.
Vegas input parameters:
  ndim 11
  ncomp 1
  epsrel 0
  epsabs 0
  flags 291
  seed 489
  mineval 1
  maxeval 1
  nstart 1000000
  nincrease 500000
  nbatch 1000
  gridno 1
  statefile "vegas_last_iter21"

Restoring state from vegas_last_iter21.

Iteration 18:  94500000 integrand evaluations so far
[1] -7.13539e-07 +- 1.31036e-10  	chisq 13.1225 (17 df)

Saving state to vegas_last_iter21.
Vegas input parameters:
  ndim 11
  ncomp 1
  epsrel 0
  epsabs 0
  flags 291
  seed 510
  mineval 1
  maxeval 1
  nstart 1000000
  nincrease 500000
  nbatch 1000
  gridno 1
  statefile "vegas_last_iter21"

Restoring state from vegas_last_iter21.

Iteration 19:  104500000 integrand evaluations so far
[1] -7.13533e-07 +- 1.23744e-10  	chisq 13.1422 (18 df)

Saving state to vegas_last_iter21.
Vegas input parameters:
  ndim 11
  ncomp 1
  epsrel 0
  epsabs 0
  flags 291
  seed 531
  mineval 1
  maxeval 1
  nstart 1000000
  nincrease 500000
  nbatch 1000
  gridno 1
  statefile "vegas_last_iter21"

Restoring state from vegas_last_iter21.

Iteration 20:  115000000 integrand evaluations so far
[1] -7.13541e-07 +- 1.17262e-10  	chisq 13.1796 (19 df)

Saving state to vegas_last_iter21.
Vegas input parameters:
  ndim 11
  ncomp 1
  epsrel 0
  epsabs 0
  flags 291
  seed 552
  mineval 1
  maxeval 1
  nstart 1000000
  nincrease 500000
  nbatch 1000
  gridno 1
  statefile "vegas_last_iter21"

Restoring state from vegas_last_iter21.

Iteration 21:  126000000 integrand evaluations so far
[1] -7.13426e-07 +- 1.11443e-10  	chisq 23.1081 (20 df)

Saving state to vegas_last_iter21.
Vegas input parameters:
  ndim 11
  ncomp 1
  epsrel 0
  epsabs 0
  flags 291
  seed 573
  mineval 1
  maxeval 1
  nstart 1000000
  nincrease 500000
  nbatch 1000
  gridno 1
  statefile "vegas_last_iter21"

Restoring state from vegas_last_iter21.

Iteration 22:  137500000 integrand evaluations so far
[1] -7.13416e-07 +- 1.06201e-10  	chisq 23.2012 (21 df)

Saving state to vegas_last_iter21.
Vegas input parameters:
  ndim 11
  ncomp 1
  epsrel 0
  epsabs 0
  flags 291
  seed 594
  mineval 1
  maxeval 1
  nstart 1000000
  nincrease 500000
  nbatch 1000
  gridno 1
  statefile "vegas_last_iter21"

Restoring state from vegas_last_iter21.

Iteration 23:  149500000 integrand evaluations so far
[1] -7.1339e-07 +- 1.01448e-10  	chisq 23.8968 (22 df)

Saving state to vegas_last_iter21.
Vegas input parameters:
  ndim 11
  ncomp 1
  epsrel 0
  epsabs 0
  flags 291
  seed 615
  mineval 1
  maxeval 1
  nstart 1000000
  nincrease 500000
  nbatch 1000
  gridno 1
  statefile "vegas_last_iter21"

Restoring state from vegas_last_iter21.

Iteration 24:  162000000 integrand evaluations so far
[1] -7.13417e-07 +- 9.71127e-11  	chisq 24.7766 (23 df)

Saving state to vegas_last_iter21.
Vegas input parameters:
  ndim 11
  ncomp 1
  epsrel 0
  epsabs 0
  flags 291
  seed 636
  mineval 1
  maxeval 1
  nstart 1000000
  nincrease 500000
  nbatch 1000
  gridno 1
  statefile "vegas_last_iter21"

Restoring state from vegas_last_iter21.

Iteration 25:  175000000 integrand evaluations so far
[1] -7.13409e-07 +- 9.31464e-11  	chisq 24.8717 (24 df)

Saving state to vegas_last_iter21.
Vegas input parameters:
  ndim 11
  ncomp 1
  epsrel 0
  epsabs 0
  flags 291
  seed 657
  mineval 1
  maxeval 1
  nstart 1000000
  nincrease 500000
  nbatch 1000
  gridno 1
  statefile "vegas_last_iter21"

Restoring state from vegas_last_iter21.

Iteration 26:  188500000 integrand evaluations so far
[1] -7.1339e-07 +- 8.95003e-11  	chisq 25.3859 (25 df)

Saving state to vegas_last_iter21.
Vegas input parameters:
  ndim 11
  ncomp 1
  epsrel 0
  epsabs 0
  flags 291
  seed 678
  mineval 1
  maxeval 1
  nstart 1000000
  nincrease 500000
  nbatch 1000
  gridno 1
  statefile "vegas_last_iter21"

Restoring state from vegas_last_iter21.

Iteration 27:  202500000 integrand evaluations so far
[1] -7.13404e-07 +- 8.61401e-11  	chisq 25.71 (26 df)

Saving state to vegas_last_iter21.
Thanks for using LHAPDF 6.3.0. Please make sure to cite the paper:
  Eur.Phys.J. C75 (2015) 3, 132  (http://arxiv.org/abs/1412.7420)
 method   =Vegas  
 nregions =           1
 neval    =   202500000
 fail     =           1
 -0.713404003261E-06 +-   0.861401296456E-10   p =    0.465
