/var/lib/condor/execute/dir_11179
LHAPDF 6.3.0 loading /home/taebh/2021_Research/share/LHAPDF/NNPDF31_nnlo_as_0118_mc_hessian_pdfas/NNPDF31_nnlo_as_0118_mc_hessian_pdfas_0000.dat
NNPDF31_nnlo_as_0118_mc_hessian_pdfas PDF set, member #0, version 1
Vegas input parameters:
  ndim 11
  ncomp 1
  epsrel 0
  epsabs 0
  flags 291
  seed 259
  mineval 1
  maxeval 1
  nstart 1000000
  nincrease 500000
  nbatch 1000
  gridno 1
  statefile "vegas_last_iter148"

Iteration 1:  1000000 integrand evaluations so far
[1] -4.6067e-06 +- 8.50255e-06  	chisq 0 (0 df)

Saving state to vegas_last_iter148.
Vegas input parameters:
  ndim 11
  ncomp 1
  epsrel 0
  epsabs 0
  flags 291
  seed 407
  mineval 1
  maxeval 1
  nstart 1000000
  nincrease 500000
  nbatch 1000
  gridno 1
  statefile "vegas_last_iter148"

Restoring state from vegas_last_iter148.

Iteration 2:  2500000 integrand evaluations so far
[1] -5.45354e-06 +- 3.61249e-06  	chisq 0.0121051 (1 df)

Saving state to vegas_last_iter148.
Vegas input parameters:
  ndim 11
  ncomp 1
  epsrel 0
  epsabs 0
  flags 291
  seed 555
  mineval 1
  maxeval 1
  nstart 1000000
  nincrease 500000
  nbatch 1000
  gridno 1
  statefile "vegas_last_iter148"

Restoring state from vegas_last_iter148.

Iteration 3:  4500000 integrand evaluations so far
[1] 1.05972e-06 +- 1.32713e-06  	chisq 3.77003 (2 df)

Saving state to vegas_last_iter148.
Vegas input parameters:
  ndim 11
  ncomp 1
  epsrel 0
  epsabs 0
  flags 291
  seed 703
  mineval 1
  maxeval 1
  nstart 1000000
  nincrease 500000
  nbatch 1000
  gridno 1
  statefile "vegas_last_iter148"

Restoring state from vegas_last_iter148.

Iteration 4:  7000000 integrand evaluations so far
[1] 8.21968e-07 +- 6.1707e-07  	chisq 3.81098 (3 df)

Saving state to vegas_last_iter148.
Vegas input parameters:
  ndim 11
  ncomp 1
  epsrel 0
  epsabs 0
  flags 291
  seed 851
  mineval 1
  maxeval 1
  nstart 1000000
  nincrease 500000
  nbatch 1000
  gridno 1
  statefile "vegas_last_iter148"

Restoring state from vegas_last_iter148.

Iteration 5:  10000000 integrand evaluations so far
[1] 1.97486e-07 +- 3.62012e-07  	chisq 5.37263 (4 df)

Saving state to vegas_last_iter148.
Vegas input parameters:
  ndim 11
  ncomp 1
  epsrel 0
  epsabs 0
  flags 291
  seed 999
  mineval 1
  maxeval 1
  nstart 1000000
  nincrease 500000
  nbatch 1000
  gridno 1
  statefile "vegas_last_iter148"

Restoring state from vegas_last_iter148.

Iteration 6:  13500000 integrand evaluations so far
[1] 1.10784e-07 +- 2.49771e-07  	chisq 5.4821 (5 df)

Saving state to vegas_last_iter148.
Vegas input parameters:
  ndim 11
  ncomp 1
  epsrel 0
  epsabs 0
  flags 291
  seed 1147
  mineval 1
  maxeval 1
  nstart 1000000
  nincrease 500000
  nbatch 1000
  gridno 1
  statefile "vegas_last_iter148"

Restoring state from vegas_last_iter148.

Iteration 7:  17500000 integrand evaluations so far
[1] -3.29979e-08 +- 1.91769e-07  	chisq 6.28932 (6 df)

Saving state to vegas_last_iter148.
Vegas input parameters:
  ndim 11
  ncomp 1
  epsrel 0
  epsabs 0
  flags 291
  seed 1295
  mineval 1
  maxeval 1
  nstart 1000000
  nincrease 500000
  nbatch 1000
  gridno 1
  statefile "vegas_last_iter148"

Restoring state from vegas_last_iter148.

Iteration 8:  22000000 integrand evaluations so far
[1] -7.04948e-08 +- 1.56779e-07  	chisq 6.40461 (7 df)

Saving state to vegas_last_iter148.
Vegas input parameters:
  ndim 11
  ncomp 1
  epsrel 0
  epsabs 0
  flags 291
  seed 1443
  mineval 1
  maxeval 1
  nstart 1000000
  nincrease 500000
  nbatch 1000
  gridno 1
  statefile "vegas_last_iter148"

Restoring state from vegas_last_iter148.

Iteration 9:  27000000 integrand evaluations so far
[1] -9.51514e-08 +- 1.33447e-07  	chisq 6.49439 (8 df)

Saving state to vegas_last_iter148.
Vegas input parameters:
  ndim 11
  ncomp 1
  epsrel 0
  epsabs 0
  flags 291
  seed 1591
  mineval 1
  maxeval 1
  nstart 1000000
  nincrease 500000
  nbatch 1000
  gridno 1
  statefile "vegas_last_iter148"

Restoring state from vegas_last_iter148.

Iteration 10:  32500000 integrand evaluations so far
[1] -1.5398e-07 +- 1.16761e-07  	chisq 7.32329 (9 df)

Saving state to vegas_last_iter148.
Vegas input parameters:
  ndim 11
  ncomp 1
  epsrel 0
  epsabs 0
  flags 291
  seed 1739
  mineval 1
  maxeval 1
  nstart 1000000
  nincrease 500000
  nbatch 1000
  gridno 1
  statefile "vegas_last_iter148"

Restoring state from vegas_last_iter148.

Iteration 11:  38500000 integrand evaluations so far
[1] -1.16703e-07 +- 1.04124e-07  	chisq 7.82112 (10 df)

Saving state to vegas_last_iter148.
Vegas input parameters:
  ndim 11
  ncomp 1
  epsrel 0
  epsabs 0
  flags 291
  seed 1887
  mineval 1
  maxeval 1
  nstart 1000000
  nincrease 500000
  nbatch 1000
  gridno 1
  statefile "vegas_last_iter148"

Restoring state from vegas_last_iter148.

Iteration 12:  45000000 integrand evaluations so far
[1] -1.1413e-07 +- 9.42105e-08  	chisq 7.82449 (11 df)

Saving state to vegas_last_iter148.
Vegas input parameters:
  ndim 11
  ncomp 1
  epsrel 0
  epsabs 0
  flags 291
  seed 2035
  mineval 1
  maxeval 1
  nstart 1000000
  nincrease 500000
  nbatch 1000
  gridno 1
  statefile "vegas_last_iter148"

Restoring state from vegas_last_iter148.

Iteration 13:  52000000 integrand evaluations so far
[1] -8.2906e-08 +- 8.61865e-08  	chisq 8.498 (12 df)

Saving state to vegas_last_iter148.
Vegas input parameters:
  ndim 11
  ncomp 1
  epsrel 0
  epsabs 0
  flags 291
  seed 2183
  mineval 1
  maxeval 1
  nstart 1000000
  nincrease 500000
  nbatch 1000
  gridno 1
  statefile "vegas_last_iter148"

Restoring state from vegas_last_iter148.

Iteration 14:  59500000 integrand evaluations so far
[1] -1.50278e-07 +- 7.94884e-08  	chisq 12.5883 (13 df)

Saving state to vegas_last_iter148.
Vegas input parameters:
  ndim 11
  ncomp 1
  epsrel 0
  epsabs 0
  flags 291
  seed 2331
  mineval 1
  maxeval 1
  nstart 1000000
  nincrease 500000
  nbatch 1000
  gridno 1
  statefile "vegas_last_iter148"

Restoring state from vegas_last_iter148.

Iteration 15:  67500000 integrand evaluations so far
[1] -1.26959e-07 +- 7.38231e-08  	chisq 13.2143 (14 df)

Saving state to vegas_last_iter148.
Vegas input parameters:
  ndim 11
  ncomp 1
  epsrel 0
  epsabs 0
  flags 291
  seed 2479
  mineval 1
  maxeval 1
  nstart 1000000
  nincrease 500000
  nbatch 1000
  gridno 1
  statefile "vegas_last_iter148"

Restoring state from vegas_last_iter148.

Iteration 16:  76000000 integrand evaluations so far
[1] -1.55137e-07 +- 6.89501e-08  	chisq 14.3556 (15 df)

Saving state to vegas_last_iter148.
Vegas input parameters:
  ndim 11
  ncomp 1
  epsrel 0
  epsabs 0
  flags 291
  seed 2627
  mineval 1
  maxeval 1
  nstart 1000000
  nincrease 500000
  nbatch 1000
  gridno 1
  statefile "vegas_last_iter148"

Restoring state from vegas_last_iter148.

Iteration 17:  85000000 integrand evaluations so far
[1] -1.34481e-07 +- 6.47177e-08  	chisq 15.1097 (16 df)

Saving state to vegas_last_iter148.
Vegas input parameters:
  ndim 11
  ncomp 1
  epsrel 0
  epsabs 0
  flags 291
  seed 2775
  mineval 1
  maxeval 1
  nstart 1000000
  nincrease 500000
  nbatch 1000
  gridno 1
  statefile "vegas_last_iter148"

Restoring state from vegas_last_iter148.

Iteration 18:  94500000 integrand evaluations so far
[1] -1.29747e-07 +- 6.10093e-08  	chisq 15.1578 (17 df)

Saving state to vegas_last_iter148.
Vegas input parameters:
  ndim 11
  ncomp 1
  epsrel 0
  epsabs 0
  flags 291
  seed 2923
  mineval 1
  maxeval 1
  nstart 1000000
  nincrease 500000
  nbatch 1000
  gridno 1
  statefile "vegas_last_iter148"

Restoring state from vegas_last_iter148.

Iteration 19:  104500000 integrand evaluations so far
[1] -1.68514e-07 +- 5.77064e-08  	chisq 18.9906 (18 df)

Saving state to vegas_last_iter148.
Vegas input parameters:
  ndim 11
  ncomp 1
  epsrel 0
  epsabs 0
  flags 291
  seed 3071
  mineval 1
  maxeval 1
  nstart 1000000
  nincrease 500000
  nbatch 1000
  gridno 1
  statefile "vegas_last_iter148"

Restoring state from vegas_last_iter148.

Iteration 20:  115000000 integrand evaluations so far
[1] -1.62025e-07 +- 5.47621e-08  	chisq 19.1178 (19 df)

Saving state to vegas_last_iter148.
Vegas input parameters:
  ndim 11
  ncomp 1
  epsrel 0
  epsabs 0
  flags 291
  seed 3219
  mineval 1
  maxeval 1
  nstart 1000000
  nincrease 500000
  nbatch 1000
  gridno 1
  statefile "vegas_last_iter148"

Restoring state from vegas_last_iter148.

Iteration 21:  126000000 integrand evaluations so far
[1] -1.73613e-07 +- 5.2114e-08  	chisq 19.5923 (20 df)

Saving state to vegas_last_iter148.
Vegas input parameters:
  ndim 11
  ncomp 1
  epsrel 0
  epsabs 0
  flags 291
  seed 3367
  mineval 1
  maxeval 1
  nstart 1000000
  nincrease 500000
  nbatch 1000
  gridno 1
  statefile "vegas_last_iter148"

Restoring state from vegas_last_iter148.

Iteration 22:  137500000 integrand evaluations so far
[1] -2.08448e-07 +- 4.97115e-08  	chisq 24.5526 (21 df)

Saving state to vegas_last_iter148.
Vegas input parameters:
  ndim 11
  ncomp 1
  epsrel 0
  epsabs 0
  flags 291
  seed 3515
  mineval 1
  maxeval 1
  nstart 1000000
  nincrease 500000
  nbatch 1000
  gridno 1
  statefile "vegas_last_iter148"

Restoring state from vegas_last_iter148.

Iteration 23:  149500000 integrand evaluations so far
[1] -2.11098e-07 +- 4.75305e-08  	chisq 24.5857 (22 df)

Saving state to vegas_last_iter148.
Vegas input parameters:
  ndim 11
  ncomp 1
  epsrel 0
  epsabs 0
  flags 291
  seed 3663
  mineval 1
  maxeval 1
  nstart 1000000
  nincrease 500000
  nbatch 1000
  gridno 1
  statefile "vegas_last_iter148"

Restoring state from vegas_last_iter148.

Iteration 24:  162000000 integrand evaluations so far
[1] -2.04699e-07 +- 4.55403e-08  	chisq 24.8068 (23 df)

Saving state to vegas_last_iter148.
Vegas input parameters:
  ndim 11
  ncomp 1
  epsrel 0
  epsabs 0
  flags 291
  seed 3811
  mineval 1
  maxeval 1
  nstart 1000000
  nincrease 500000
  nbatch 1000
  gridno 1
  statefile "vegas_last_iter148"

Restoring state from vegas_last_iter148.

Iteration 25:  175000000 integrand evaluations so far
[1] -2.22249e-07 +- 4.37117e-08  	chisq 26.694 (24 df)

Saving state to vegas_last_iter148.
Vegas input parameters:
  ndim 11
  ncomp 1
  epsrel 0
  epsabs 0
  flags 291
  seed 3959
  mineval 1
  maxeval 1
  nstart 1000000
  nincrease 500000
  nbatch 1000
  gridno 1
  statefile "vegas_last_iter148"

Restoring state from vegas_last_iter148.

Iteration 26:  188500000 integrand evaluations so far
[1] -2.47041e-07 +- 4.20296e-08  	chisq 30.9556 (25 df)

Saving state to vegas_last_iter148.
Vegas input parameters:
  ndim 11
  ncomp 1
  epsrel 0
  epsabs 0
  flags 291
  seed 4107
  mineval 1
  maxeval 1
  nstart 1000000
  nincrease 500000
  nbatch 1000
  gridno 1
  statefile "vegas_last_iter148"

Restoring state from vegas_last_iter148.

Iteration 27:  202500000 integrand evaluations so far
[1] -2.36637e-07 +- 4.04745e-08  	chisq 31.7992 (26 df)

Saving state to vegas_last_iter148.
Thanks for using LHAPDF 6.3.0. Please make sure to cite the paper:
  Eur.Phys.J. C75 (2015) 3, 132  (http://arxiv.org/abs/1412.7420)
 method   =Vegas  
 nregions =           1
 neval    =   202500000
 fail     =           1
 -0.236637391346E-06 +-   0.404744637379E-07   p =    0.760
