/var/lib/condor/execute/dir_9438
LHAPDF 6.3.0 loading /home/taebh/2021_Research/share/LHAPDF/NNPDF31_nnlo_as_0118_mc_hessian_pdfas/NNPDF31_nnlo_as_0118_mc_hessian_pdfas_0000.dat
NNPDF31_nnlo_as_0118_mc_hessian_pdfas PDF set, member #0, version 1
Vegas input parameters:
  ndim 11
  ncomp 1
  epsrel 0
  epsabs 0
  flags 291
  seed 243
  mineval 1
  maxeval 1
  nstart 1000000
  nincrease 500000
  nbatch 1000
  gridno 1
  statefile "vegas_last_iter132"

Iteration 1:  1000000 integrand evaluations so far
[1] -0.000203562 +- 5.43494e-05  	chisq 0 (0 df)

Saving state to vegas_last_iter132.
Vegas input parameters:
  ndim 11
  ncomp 1
  epsrel 0
  epsabs 0
  flags 291
  seed 375
  mineval 1
  maxeval 1
  nstart 1000000
  nincrease 500000
  nbatch 1000
  gridno 1
  statefile "vegas_last_iter132"

Restoring state from vegas_last_iter132.

Iteration 2:  2500000 integrand evaluations so far
[1] -0.00011921 +- 2.54279e-05  	chisq 3.08387 (1 df)

Saving state to vegas_last_iter132.
Vegas input parameters:
  ndim 11
  ncomp 1
  epsrel 0
  epsabs 0
  flags 291
  seed 507
  mineval 1
  maxeval 1
  nstart 1000000
  nincrease 500000
  nbatch 1000
  gridno 1
  statefile "vegas_last_iter132"

Restoring state from vegas_last_iter132.

Iteration 3:  4500000 integrand evaluations so far
[1] -0.000113366 +- 9.21701e-06  	chisq 3.14466 (2 df)

Saving state to vegas_last_iter132.
Vegas input parameters:
  ndim 11
  ncomp 1
  epsrel 0
  epsabs 0
  flags 291
  seed 639
  mineval 1
  maxeval 1
  nstart 1000000
  nincrease 500000
  nbatch 1000
  gridno 1
  statefile "vegas_last_iter132"

Restoring state from vegas_last_iter132.

Iteration 4:  7000000 integrand evaluations so far
[1] -0.000125251 +- 2.94525e-06  	chisq 4.99641 (3 df)

Saving state to vegas_last_iter132.
Vegas input parameters:
  ndim 11
  ncomp 1
  epsrel 0
  epsabs 0
  flags 291
  seed 771
  mineval 1
  maxeval 1
  nstart 1000000
  nincrease 500000
  nbatch 1000
  gridno 1
  statefile "vegas_last_iter132"

Restoring state from vegas_last_iter132.

Iteration 5:  10000000 integrand evaluations so far
[1] -0.000123587 +- 1.30316e-06  	chisq 5.39355 (4 df)

Saving state to vegas_last_iter132.
Vegas input parameters:
  ndim 11
  ncomp 1
  epsrel 0
  epsabs 0
  flags 291
  seed 903
  mineval 1
  maxeval 1
  nstart 1000000
  nincrease 500000
  nbatch 1000
  gridno 1
  statefile "vegas_last_iter132"

Restoring state from vegas_last_iter132.

Iteration 6:  13500000 integrand evaluations so far
[1] -0.000124013 +- 8.10772e-07  	chisq 5.56834 (5 df)

Saving state to vegas_last_iter132.
Vegas input parameters:
  ndim 11
  ncomp 1
  epsrel 0
  epsabs 0
  flags 291
  seed 1035
  mineval 1
  maxeval 1
  nstart 1000000
  nincrease 500000
  nbatch 1000
  gridno 1
  statefile "vegas_last_iter132"

Restoring state from vegas_last_iter132.

Iteration 7:  17500000 integrand evaluations so far
[1] -0.000123845 +- 5.96021e-07  	chisq 5.66235 (6 df)

Saving state to vegas_last_iter132.
Vegas input parameters:
  ndim 11
  ncomp 1
  epsrel 0
  epsabs 0
  flags 291
  seed 1167
  mineval 1
  maxeval 1
  nstart 1000000
  nincrease 500000
  nbatch 1000
  gridno 1
  statefile "vegas_last_iter132"

Restoring state from vegas_last_iter132.

Iteration 8:  22000000 integrand evaluations so far
[1] -0.000123746 +- 4.76017e-07  	chisq 5.73827 (7 df)

Saving state to vegas_last_iter132.
Vegas input parameters:
  ndim 11
  ncomp 1
  epsrel 0
  epsabs 0
  flags 291
  seed 1299
  mineval 1
  maxeval 1
  nstart 1000000
  nincrease 500000
  nbatch 1000
  gridno 1
  statefile "vegas_last_iter132"

Restoring state from vegas_last_iter132.

Iteration 9:  27000000 integrand evaluations so far
[1] -0.000123995 +- 4.00632e-07  	chisq 6.67957 (8 df)

Saving state to vegas_last_iter132.
Vegas input parameters:
  ndim 11
  ncomp 1
  epsrel 0
  epsabs 0
  flags 291
  seed 1431
  mineval 1
  maxeval 1
  nstart 1000000
  nincrease 500000
  nbatch 1000
  gridno 1
  statefile "vegas_last_iter132"

Restoring state from vegas_last_iter132.

Iteration 10:  32500000 integrand evaluations so far
[1] -0.000124104 +- 3.48506e-07  	chisq 6.98218 (9 df)

Saving state to vegas_last_iter132.
Vegas input parameters:
  ndim 11
  ncomp 1
  epsrel 0
  epsabs 0
  flags 291
  seed 1563
  mineval 1
  maxeval 1
  nstart 1000000
  nincrease 500000
  nbatch 1000
  gridno 1
  statefile "vegas_last_iter132"

Restoring state from vegas_last_iter132.

Iteration 11:  38500000 integrand evaluations so far
[1] -0.000124147 +- 3.09282e-07  	chisq 7.05264 (10 df)

Saving state to vegas_last_iter132.
Vegas input parameters:
  ndim 11
  ncomp 1
  epsrel 0
  epsabs 0
  flags 291
  seed 1695
  mineval 1
  maxeval 1
  nstart 1000000
  nincrease 500000
  nbatch 1000
  gridno 1
  statefile "vegas_last_iter132"

Restoring state from vegas_last_iter132.

Iteration 12:  45000000 integrand evaluations so far
[1] -0.000123989 +- 2.78697e-07  	chisq 8.43537 (11 df)

Saving state to vegas_last_iter132.
Vegas input parameters:
  ndim 11
  ncomp 1
  epsrel 0
  epsabs 0
  flags 291
  seed 1827
  mineval 1
  maxeval 1
  nstart 1000000
  nincrease 500000
  nbatch 1000
  gridno 1
  statefile "vegas_last_iter132"

Restoring state from vegas_last_iter132.

Iteration 13:  52000000 integrand evaluations so far
[1] -0.000123961 +- 2.54164e-07  	chisq 8.49557 (12 df)

Saving state to vegas_last_iter132.
Vegas input parameters:
  ndim 11
  ncomp 1
  epsrel 0
  epsabs 0
  flags 291
  seed 1959
  mineval 1
  maxeval 1
  nstart 1000000
  nincrease 500000
  nbatch 1000
  gridno 1
  statefile "vegas_last_iter132"

Restoring state from vegas_last_iter132.

Iteration 14:  59500000 integrand evaluations so far
[1] -0.000123959 +- 2.33894e-07  	chisq 8.49587 (13 df)

Saving state to vegas_last_iter132.
Vegas input parameters:
  ndim 11
  ncomp 1
  epsrel 0
  epsabs 0
  flags 291
  seed 2091
  mineval 1
  maxeval 1
  nstart 1000000
  nincrease 500000
  nbatch 1000
  gridno 1
  statefile "vegas_last_iter132"

Restoring state from vegas_last_iter132.

Iteration 15:  67500000 integrand evaluations so far
[1] -0.000123981 +- 2.16878e-07  	chisq 8.55549 (14 df)

Saving state to vegas_last_iter132.
Vegas input parameters:
  ndim 11
  ncomp 1
  epsrel 0
  epsabs 0
  flags 291
  seed 2223
  mineval 1
  maxeval 1
  nstart 1000000
  nincrease 500000
  nbatch 1000
  gridno 1
  statefile "vegas_last_iter132"

Restoring state from vegas_last_iter132.

Iteration 16:  76000000 integrand evaluations so far
[1] -0.00012401 +- 2.02276e-07  	chisq 8.69381 (15 df)

Saving state to vegas_last_iter132.
Vegas input parameters:
  ndim 11
  ncomp 1
  epsrel 0
  epsabs 0
  flags 291
  seed 2355
  mineval 1
  maxeval 1
  nstart 1000000
  nincrease 500000
  nbatch 1000
  gridno 1
  statefile "vegas_last_iter132"

Restoring state from vegas_last_iter132.

Iteration 17:  85000000 integrand evaluations so far
[1] -0.000124021 +- 1.89634e-07  	chisq 8.71922 (16 df)

Saving state to vegas_last_iter132.
Vegas input parameters:
  ndim 11
  ncomp 1
  epsrel 0
  epsabs 0
  flags 291
  seed 2487
  mineval 1
  maxeval 1
  nstart 1000000
  nincrease 500000
  nbatch 1000
  gridno 1
  statefile "vegas_last_iter132"

Restoring state from vegas_last_iter132.

Iteration 18:  94500000 integrand evaluations so far
[1] -0.000123979 +- 1.78573e-07  	chisq 9.15848 (17 df)

Saving state to vegas_last_iter132.
Vegas input parameters:
  ndim 11
  ncomp 1
  epsrel 0
  epsabs 0
  flags 291
  seed 2619
  mineval 1
  maxeval 1
  nstart 1000000
  nincrease 500000
  nbatch 1000
  gridno 1
  statefile "vegas_last_iter132"

Restoring state from vegas_last_iter132.

Iteration 19:  104500000 integrand evaluations so far
[1] -0.000123891 +- 1.68786e-07  	chisq 11.4074 (18 df)

Saving state to vegas_last_iter132.
Vegas input parameters:
  ndim 11
  ncomp 1
  epsrel 0
  epsabs 0
  flags 291
  seed 2751
  mineval 1
  maxeval 1
  nstart 1000000
  nincrease 500000
  nbatch 1000
  gridno 1
  statefile "vegas_last_iter132"

Restoring state from vegas_last_iter132.

Iteration 20:  115000000 integrand evaluations so far
[1] -0.000123888 +- 1.60074e-07  	chisq 11.4104 (19 df)

Saving state to vegas_last_iter132.
Vegas input parameters:
  ndim 11
  ncomp 1
  epsrel 0
  epsabs 0
  flags 291
  seed 2883
  mineval 1
  maxeval 1
  nstart 1000000
  nincrease 500000
  nbatch 1000
  gridno 1
  statefile "vegas_last_iter132"

Restoring state from vegas_last_iter132.

Iteration 21:  126000000 integrand evaluations so far
[1] -0.000123865 +- 1.52228e-07  	chisq 11.637 (20 df)

Saving state to vegas_last_iter132.
Vegas input parameters:
  ndim 11
  ncomp 1
  epsrel 0
  epsabs 0
  flags 291
  seed 3015
  mineval 1
  maxeval 1
  nstart 1000000
  nincrease 500000
  nbatch 1000
  gridno 1
  statefile "vegas_last_iter132"

Restoring state from vegas_last_iter132.

Iteration 22:  137500000 integrand evaluations so far
[1] -0.000123828 +- 1.45153e-07  	chisq 12.2622 (21 df)

Saving state to vegas_last_iter132.
Vegas input parameters:
  ndim 11
  ncomp 1
  epsrel 0
  epsabs 0
  flags 291
  seed 3147
  mineval 1
  maxeval 1
  nstart 1000000
  nincrease 500000
  nbatch 1000
  gridno 1
  statefile "vegas_last_iter132"

Restoring state from vegas_last_iter132.

Iteration 23:  149500000 integrand evaluations so far
[1] -0.000123838 +- 1.38737e-07  	chisq 12.3092 (22 df)

Saving state to vegas_last_iter132.
Vegas input parameters:
  ndim 11
  ncomp 1
  epsrel 0
  epsabs 0
  flags 291
  seed 3279
  mineval 1
  maxeval 1
  nstart 1000000
  nincrease 500000
  nbatch 1000
  gridno 1
  statefile "vegas_last_iter132"

Restoring state from vegas_last_iter132.

Iteration 24:  162000000 integrand evaluations so far
[1] -0.000123829 +- 1.32878e-07  	chisq 12.3604 (23 df)

Saving state to vegas_last_iter132.
Vegas input parameters:
  ndim 11
  ncomp 1
  epsrel 0
  epsabs 0
  flags 291
  seed 3411
  mineval 1
  maxeval 1
  nstart 1000000
  nincrease 500000
  nbatch 1000
  gridno 1
  statefile "vegas_last_iter132"

Restoring state from vegas_last_iter132.

Iteration 25:  175000000 integrand evaluations so far
[1] -0.000123819 +- 1.27512e-07  	chisq 12.4253 (24 df)

Saving state to vegas_last_iter132.
Vegas input parameters:
  ndim 11
  ncomp 1
  epsrel 0
  epsabs 0
  flags 291
  seed 3543
  mineval 1
  maxeval 1
  nstart 1000000
  nincrease 500000
  nbatch 1000
  gridno 1
  statefile "vegas_last_iter132"

Restoring state from vegas_last_iter132.

Iteration 26:  188500000 integrand evaluations so far
[1] -0.000123851 +- 1.22563e-07  	chisq 13.266 (25 df)

Saving state to vegas_last_iter132.
Vegas input parameters:
  ndim 11
  ncomp 1
  epsrel 0
  epsabs 0
  flags 291
  seed 3675
  mineval 1
  maxeval 1
  nstart 1000000
  nincrease 500000
  nbatch 1000
  gridno 1
  statefile "vegas_last_iter132"

Restoring state from vegas_last_iter132.

Iteration 27:  202500000 integrand evaluations so far
[1] -0.000123888 +- 1.17995e-07  	chisq 14.4684 (26 df)

Saving state to vegas_last_iter132.
Thanks for using LHAPDF 6.3.0. Please make sure to cite the paper:
  Eur.Phys.J. C75 (2015) 3, 132  (http://arxiv.org/abs/1412.7420)
 method   =Vegas  
 nregions =           1
 neval    =   202500000
 fail     =           1
 -0.123887789797E-03 +-   0.117994862165E-06   p =    0.024
