/var/lib/condor/execute/dir_35725
LHAPDF 6.3.0 loading /home/taebh/2021_Research/share/LHAPDF/NNPDF31_nnlo_as_0118_mc_hessian_pdfas/NNPDF31_nnlo_as_0118_mc_hessian_pdfas_0000.dat
NNPDF31_nnlo_as_0118_mc_hessian_pdfas PDF set, member #0, version 1
Vegas input parameters:
  ndim 11
  ncomp 1
  epsrel 0
  epsabs 0
  flags 291
  seed 204
  mineval 1
  maxeval 1
  nstart 1000000
  nincrease 500000
  nbatch 1000
  gridno 1
  statefile "vegas_last_iter93"

Iteration 1:  1000000 integrand evaluations so far
[1] 2.23153e-06 +- 4.16571e-06  	chisq 0 (0 df)

Saving state to vegas_last_iter93.
Vegas input parameters:
  ndim 11
  ncomp 1
  epsrel 0
  epsabs 0
  flags 291
  seed 297
  mineval 1
  maxeval 1
  nstart 1000000
  nincrease 500000
  nbatch 1000
  gridno 1
  statefile "vegas_last_iter93"

Restoring state from vegas_last_iter93.

Iteration 2:  2500000 integrand evaluations so far
[1] 6.29043e-07 +- 1.35288e-06  	chisq 0.165432 (1 df)

Saving state to vegas_last_iter93.
Vegas input parameters:
  ndim 11
  ncomp 1
  epsrel 0
  epsabs 0
  flags 291
  seed 390
  mineval 1
  maxeval 1
  nstart 1000000
  nincrease 500000
  nbatch 1000
  gridno 1
  statefile "vegas_last_iter93"

Restoring state from vegas_last_iter93.

Iteration 3:  4500000 integrand evaluations so far
[1] 4.30279e-07 +- 5.92027e-07  	chisq 0.19213 (2 df)

Saving state to vegas_last_iter93.
Vegas input parameters:
  ndim 11
  ncomp 1
  epsrel 0
  epsabs 0
  flags 291
  seed 483
  mineval 1
  maxeval 1
  nstart 1000000
  nincrease 500000
  nbatch 1000
  gridno 1
  statefile "vegas_last_iter93"

Restoring state from vegas_last_iter93.

Iteration 4:  7000000 integrand evaluations so far
[1] 5.03371e-07 +- 3.41612e-07  	chisq 0.21498 (3 df)

Saving state to vegas_last_iter93.
Vegas input parameters:
  ndim 11
  ncomp 1
  epsrel 0
  epsabs 0
  flags 291
  seed 576
  mineval 1
  maxeval 1
  nstart 1000000
  nincrease 500000
  nbatch 1000
  gridno 1
  statefile "vegas_last_iter93"

Restoring state from vegas_last_iter93.

Iteration 5:  10000000 integrand evaluations so far
[1] 5.43023e-07 +- 2.36707e-07  	chisq 0.240897 (4 df)

Saving state to vegas_last_iter93.
Vegas input parameters:
  ndim 11
  ncomp 1
  epsrel 0
  epsabs 0
  flags 291
  seed 669
  mineval 1
  maxeval 1
  nstart 1000000
  nincrease 500000
  nbatch 1000
  gridno 1
  statefile "vegas_last_iter93"

Restoring state from vegas_last_iter93.

Iteration 6:  13500000 integrand evaluations so far
[1] 4.61944e-07 +- 1.82876e-07  	chisq 0.531952 (5 df)

Saving state to vegas_last_iter93.
Vegas input parameters:
  ndim 11
  ncomp 1
  epsrel 0
  epsabs 0
  flags 291
  seed 762
  mineval 1
  maxeval 1
  nstart 1000000
  nincrease 500000
  nbatch 1000
  gridno 1
  statefile "vegas_last_iter93"

Restoring state from vegas_last_iter93.

Iteration 7:  17500000 integrand evaluations so far
[1] 4.95872e-07 +- 1.49099e-07  	chisq 0.63461 (6 df)

Saving state to vegas_last_iter93.
Vegas input parameters:
  ndim 11
  ncomp 1
  epsrel 0
  epsabs 0
  flags 291
  seed 855
  mineval 1
  maxeval 1
  nstart 1000000
  nincrease 500000
  nbatch 1000
  gridno 1
  statefile "vegas_last_iter93"

Restoring state from vegas_last_iter93.

Iteration 8:  22000000 integrand evaluations so far
[1] 4.51403e-07 +- 1.27109e-07  	chisq 0.960199 (7 df)

Saving state to vegas_last_iter93.
Vegas input parameters:
  ndim 11
  ncomp 1
  epsrel 0
  epsabs 0
  flags 291
  seed 948
  mineval 1
  maxeval 1
  nstart 1000000
  nincrease 500000
  nbatch 1000
  gridno 1
  statefile "vegas_last_iter93"

Restoring state from vegas_last_iter93.

Iteration 9:  27000000 integrand evaluations so far
[1] 4.57708e-07 +- 1.10906e-07  	chisq 0.970507 (8 df)

Saving state to vegas_last_iter93.
Vegas input parameters:
  ndim 11
  ncomp 1
  epsrel 0
  epsabs 0
  flags 291
  seed 1041
  mineval 1
  maxeval 1
  nstart 1000000
  nincrease 500000
  nbatch 1000
  gridno 1
  statefile "vegas_last_iter93"

Restoring state from vegas_last_iter93.

Iteration 10:  32500000 integrand evaluations so far
[1] 5.20166e-07 +- 9.85061e-08  	chisq 2.47284 (9 df)

Saving state to vegas_last_iter93.
Vegas input parameters:
  ndim 11
  ncomp 1
  epsrel 0
  epsabs 0
  flags 291
  seed 1134
  mineval 1
  maxeval 1
  nstart 1000000
  nincrease 500000
  nbatch 1000
  gridno 1
  statefile "vegas_last_iter93"

Restoring state from vegas_last_iter93.

Iteration 11:  38500000 integrand evaluations so far
[1] 5.62555e-07 +- 8.88069e-08  	chisq 3.46185 (10 df)

Saving state to vegas_last_iter93.
Vegas input parameters:
  ndim 11
  ncomp 1
  epsrel 0
  epsabs 0
  flags 291
  seed 1227
  mineval 1
  maxeval 1
  nstart 1000000
  nincrease 500000
  nbatch 1000
  gridno 1
  statefile "vegas_last_iter93"

Restoring state from vegas_last_iter93.

Iteration 12:  45000000 integrand evaluations so far
[1] 4.86773e-07 +- 8.09066e-08  	chisq 7.74514 (11 df)

Saving state to vegas_last_iter93.
Vegas input parameters:
  ndim 11
  ncomp 1
  epsrel 0
  epsabs 0
  flags 291
  seed 1320
  mineval 1
  maxeval 1
  nstart 1000000
  nincrease 500000
  nbatch 1000
  gridno 1
  statefile "vegas_last_iter93"

Restoring state from vegas_last_iter93.

Iteration 13:  52000000 integrand evaluations so far
[1] 5.27942e-07 +- 7.43899e-08  	chisq 9.41989 (12 df)

Saving state to vegas_last_iter93.
Vegas input parameters:
  ndim 11
  ncomp 1
  epsrel 0
  epsabs 0
  flags 291
  seed 1413
  mineval 1
  maxeval 1
  nstart 1000000
  nincrease 500000
  nbatch 1000
  gridno 1
  statefile "vegas_last_iter93"

Restoring state from vegas_last_iter93.

Iteration 14:  59500000 integrand evaluations so far
[1] 5.57842e-07 +- 6.90145e-08  	chisq 10.5797 (13 df)

Saving state to vegas_last_iter93.
Vegas input parameters:
  ndim 11
  ncomp 1
  epsrel 0
  epsabs 0
  flags 291
  seed 1506
  mineval 1
  maxeval 1
  nstart 1000000
  nincrease 500000
  nbatch 1000
  gridno 1
  statefile "vegas_last_iter93"

Restoring state from vegas_last_iter93.

Iteration 15:  67500000 integrand evaluations so far
[1] 5.61765e-07 +- 6.43266e-08  	chisq 10.6043 (14 df)

Saving state to vegas_last_iter93.
Vegas input parameters:
  ndim 11
  ncomp 1
  epsrel 0
  epsabs 0
  flags 291
  seed 1599
  mineval 1
  maxeval 1
  nstart 1000000
  nincrease 500000
  nbatch 1000
  gridno 1
  statefile "vegas_last_iter93"

Restoring state from vegas_last_iter93.

Iteration 16:  76000000 integrand evaluations so far
[1] 5.32495e-07 +- 6.02295e-08  	chisq 12.283 (15 df)

Saving state to vegas_last_iter93.
Vegas input parameters:
  ndim 11
  ncomp 1
  epsrel 0
  epsabs 0
  flags 291
  seed 1692
  mineval 1
  maxeval 1
  nstart 1000000
  nincrease 500000
  nbatch 1000
  gridno 1
  statefile "vegas_last_iter93"

Restoring state from vegas_last_iter93.

Iteration 17:  85000000 integrand evaluations so far
[1] 5.47426e-07 +- 5.66338e-08  	chisq 12.8136 (16 df)

Saving state to vegas_last_iter93.
Vegas input parameters:
  ndim 11
  ncomp 1
  epsrel 0
  epsabs 0
  flags 291
  seed 1785
  mineval 1
  maxeval 1
  nstart 1000000
  nincrease 500000
  nbatch 1000
  gridno 1
  statefile "vegas_last_iter93"

Restoring state from vegas_last_iter93.

Iteration 18:  94500000 integrand evaluations so far
[1] 5.52234e-07 +- 5.3461e-08  	chisq 12.8798 (17 df)

Saving state to vegas_last_iter93.
Vegas input parameters:
  ndim 11
  ncomp 1
  epsrel 0
  epsabs 0
  flags 291
  seed 1878
  mineval 1
  maxeval 1
  nstart 1000000
  nincrease 500000
  nbatch 1000
  gridno 1
  statefile "vegas_last_iter93"

Restoring state from vegas_last_iter93.

Iteration 19:  104500000 integrand evaluations so far
[1] 5.7712e-07 +- 5.06379e-08  	chisq 14.9871 (18 df)

Saving state to vegas_last_iter93.
Vegas input parameters:
  ndim 11
  ncomp 1
  epsrel 0
  epsabs 0
  flags 291
  seed 1971
  mineval 1
  maxeval 1
  nstart 1000000
  nincrease 500000
  nbatch 1000
  gridno 1
  statefile "vegas_last_iter93"

Restoring state from vegas_last_iter93.

Iteration 20:  115000000 integrand evaluations so far
[1] 5.99396e-07 +- 4.8106e-08  	chisq 16.9719 (19 df)

Saving state to vegas_last_iter93.
Vegas input parameters:
  ndim 11
  ncomp 1
  epsrel 0
  epsabs 0
  flags 291
  seed 2064
  mineval 1
  maxeval 1
  nstart 1000000
  nincrease 500000
  nbatch 1000
  gridno 1
  statefile "vegas_last_iter93"

Restoring state from vegas_last_iter93.

Iteration 21:  126000000 integrand evaluations so far
[1] 5.93169e-07 +- 4.58287e-08  	chisq 17.1532 (20 df)

Saving state to vegas_last_iter93.
Vegas input parameters:
  ndim 11
  ncomp 1
  epsrel 0
  epsabs 0
  flags 291
  seed 2157
  mineval 1
  maxeval 1
  nstart 1000000
  nincrease 500000
  nbatch 1000
  gridno 1
  statefile "vegas_last_iter93"

Restoring state from vegas_last_iter93.

Iteration 22:  137500000 integrand evaluations so far
[1] 6.10849e-07 +- 4.37622e-08  	chisq 18.8416 (21 df)

Saving state to vegas_last_iter93.
Vegas input parameters:
  ndim 11
  ncomp 1
  epsrel 0
  epsabs 0
  flags 291
  seed 2250
  mineval 1
  maxeval 1
  nstart 1000000
  nincrease 500000
  nbatch 1000
  gridno 1
  statefile "vegas_last_iter93"

Restoring state from vegas_last_iter93.

Iteration 23:  149500000 integrand evaluations so far
[1] 6.16603e-07 +- 4.18669e-08  	chisq 19.0456 (22 df)

Saving state to vegas_last_iter93.
Vegas input parameters:
  ndim 11
  ncomp 1
  epsrel 0
  epsabs 0
  flags 291
  seed 2343
  mineval 1
  maxeval 1
  nstart 1000000
  nincrease 500000
  nbatch 1000
  gridno 1
  statefile "vegas_last_iter93"

Restoring state from vegas_last_iter93.

Iteration 24:  162000000 integrand evaluations so far
[1] 6.30276e-07 +- 4.01601e-08  	chisq 20.381 (23 df)

Saving state to vegas_last_iter93.
Vegas input parameters:
  ndim 11
  ncomp 1
  epsrel 0
  epsabs 0
  flags 291
  seed 2436
  mineval 1
  maxeval 1
  nstart 1000000
  nincrease 500000
  nbatch 1000
  gridno 1
  statefile "vegas_last_iter93"

Restoring state from vegas_last_iter93.

Iteration 25:  175000000 integrand evaluations so far
[1] 6.28058e-07 +- 3.8583e-08  	chisq 20.4206 (24 df)

Saving state to vegas_last_iter93.
Vegas input parameters:
  ndim 11
  ncomp 1
  epsrel 0
  epsabs 0
  flags 291
  seed 2529
  mineval 1
  maxeval 1
  nstart 1000000
  nincrease 500000
  nbatch 1000
  gridno 1
  statefile "vegas_last_iter93"

Restoring state from vegas_last_iter93.

Iteration 26:  188500000 integrand evaluations so far
[1] 6.46562e-07 +- 3.71186e-08  	chisq 23.5089 (25 df)

Saving state to vegas_last_iter93.
Vegas input parameters:
  ndim 11
  ncomp 1
  epsrel 0
  epsabs 0
  flags 291
  seed 2622
  mineval 1
  maxeval 1
  nstart 1000000
  nincrease 500000
  nbatch 1000
  gridno 1
  statefile "vegas_last_iter93"

Restoring state from vegas_last_iter93.

Iteration 27:  202500000 integrand evaluations so far
[1] 6.46848e-07 +- 3.57561e-08  	chisq 23.5097 (26 df)

Saving state to vegas_last_iter93.
Thanks for using LHAPDF 6.3.0. Please make sure to cite the paper:
  Eur.Phys.J. C75 (2015) 3, 132  (http://arxiv.org/abs/1412.7420)
 method   =Vegas  
 nregions =           1
 neval    =   202500000
 fail     =           1
  0.646847569302E-06 +-   0.357560522267E-07   p =    0.343
