/var/lib/condor/execute/dir_36549
LHAPDF 6.3.0 loading /home/taebh/2021_Research/share/LHAPDF/NNPDF31_nnlo_as_0118_mc_hessian_pdfas/NNPDF31_nnlo_as_0118_mc_hessian_pdfas_0000.dat
NNPDF31_nnlo_as_0118_mc_hessian_pdfas PDF set, member #0, version 1
Vegas input parameters:
  ndim 11
  ncomp 1
  epsrel 0
  epsabs 0
  flags 291
  seed 207
  mineval 1
  maxeval 1
  nstart 1000000
  nincrease 500000
  nbatch 1000
  gridno 1
  statefile "vegas_last_iter96"

Iteration 1:  1000000 integrand evaluations so far
[1] -2.54275e-05 +- 3.69655e-05  	chisq 0 (0 df)

Saving state to vegas_last_iter96.
Vegas input parameters:
  ndim 11
  ncomp 1
  epsrel 0
  epsabs 0
  flags 291
  seed 303
  mineval 1
  maxeval 1
  nstart 1000000
  nincrease 500000
  nbatch 1000
  gridno 1
  statefile "vegas_last_iter96"

Restoring state from vegas_last_iter96.

Iteration 2:  2500000 integrand evaluations so far
[1] -9.10123e-06 +- 2.32868e-05  	chisq 0.32341 (1 df)

Saving state to vegas_last_iter96.
Vegas input parameters:
  ndim 11
  ncomp 1
  epsrel 0
  epsabs 0
  flags 291
  seed 399
  mineval 1
  maxeval 1
  nstart 1000000
  nincrease 500000
  nbatch 1000
  gridno 1
  statefile "vegas_last_iter96"

Restoring state from vegas_last_iter96.

Iteration 3:  4500000 integrand evaluations so far
[1] -2.40172e-05 +- 1.07463e-05  	chisq 0.844706 (2 df)

Saving state to vegas_last_iter96.
Vegas input parameters:
  ndim 11
  ncomp 1
  epsrel 0
  epsabs 0
  flags 291
  seed 495
  mineval 1
  maxeval 1
  nstart 1000000
  nincrease 500000
  nbatch 1000
  gridno 1
  statefile "vegas_last_iter96"

Restoring state from vegas_last_iter96.

Iteration 4:  7000000 integrand evaluations so far
[1] -2.50399e-05 +- 2.96288e-06  	chisq 0.85451 (3 df)

Saving state to vegas_last_iter96.
Vegas input parameters:
  ndim 11
  ncomp 1
  epsrel 0
  epsabs 0
  flags 291
  seed 591
  mineval 1
  maxeval 1
  nstart 1000000
  nincrease 500000
  nbatch 1000
  gridno 1
  statefile "vegas_last_iter96"

Restoring state from vegas_last_iter96.

Iteration 5:  10000000 integrand evaluations so far
[1] -2.04841e-05 +- 5.70195e-07  	chisq 3.30979 (4 df)

Saving state to vegas_last_iter96.
Vegas input parameters:
  ndim 11
  ncomp 1
  epsrel 0
  epsabs 0
  flags 291
  seed 687
  mineval 1
  maxeval 1
  nstart 1000000
  nincrease 500000
  nbatch 1000
  gridno 1
  statefile "vegas_last_iter96"

Restoring state from vegas_last_iter96.

Iteration 6:  13500000 integrand evaluations so far
[1] -1.98547e-05 +- 2.35451e-07  	chisq 4.77849 (5 df)

Saving state to vegas_last_iter96.
Vegas input parameters:
  ndim 11
  ncomp 1
  epsrel 0
  epsabs 0
  flags 291
  seed 783
  mineval 1
  maxeval 1
  nstart 1000000
  nincrease 500000
  nbatch 1000
  gridno 1
  statefile "vegas_last_iter96"

Restoring state from vegas_last_iter96.

Iteration 7:  17500000 integrand evaluations so far
[1] -1.94421e-05 +- 1.48116e-07  	chisq 9.86003 (6 df)

Saving state to vegas_last_iter96.
Vegas input parameters:
  ndim 11
  ncomp 1
  epsrel 0
  epsabs 0
  flags 291
  seed 879
  mineval 1
  maxeval 1
  nstart 1000000
  nincrease 500000
  nbatch 1000
  gridno 1
  statefile "vegas_last_iter96"

Restoring state from vegas_last_iter96.

Iteration 8:  22000000 integrand evaluations so far
[1] -1.93231e-05 +- 1.1108e-07  	chisq 11.3371 (7 df)

Saving state to vegas_last_iter96.
Vegas input parameters:
  ndim 11
  ncomp 1
  epsrel 0
  epsabs 0
  flags 291
  seed 975
  mineval 1
  maxeval 1
  nstart 1000000
  nincrease 500000
  nbatch 1000
  gridno 1
  statefile "vegas_last_iter96"

Restoring state from vegas_last_iter96.

Iteration 9:  27000000 integrand evaluations so far
[1] -1.92737e-05 +- 9.0424e-08  	chisq 11.9227 (8 df)

Saving state to vegas_last_iter96.
Vegas input parameters:
  ndim 11
  ncomp 1
  epsrel 0
  epsabs 0
  flags 291
  seed 1071
  mineval 1
  maxeval 1
  nstart 1000000
  nincrease 500000
  nbatch 1000
  gridno 1
  statefile "vegas_last_iter96"

Restoring state from vegas_last_iter96.

Iteration 10:  32500000 integrand evaluations so far
[1] -1.92671e-05 +- 7.70674e-08  	chisq 11.9422 (9 df)

Saving state to vegas_last_iter96.
Vegas input parameters:
  ndim 11
  ncomp 1
  epsrel 0
  epsabs 0
  flags 291
  seed 1167
  mineval 1
  maxeval 1
  nstart 1000000
  nincrease 500000
  nbatch 1000
  gridno 1
  statefile "vegas_last_iter96"

Restoring state from vegas_last_iter96.

Iteration 11:  38500000 integrand evaluations so far
[1] -1.93183e-05 +- 6.75851e-08  	chisq 13.8538 (10 df)

Saving state to vegas_last_iter96.
Vegas input parameters:
  ndim 11
  ncomp 1
  epsrel 0
  epsabs 0
  flags 291
  seed 1263
  mineval 1
  maxeval 1
  nstart 1000000
  nincrease 500000
  nbatch 1000
  gridno 1
  statefile "vegas_last_iter96"

Restoring state from vegas_last_iter96.

Iteration 12:  45000000 integrand evaluations so far
[1] -1.93124e-05 +- 6.04351e-08  	chisq 13.8914 (11 df)

Saving state to vegas_last_iter96.
Vegas input parameters:
  ndim 11
  ncomp 1
  epsrel 0
  epsabs 0
  flags 291
  seed 1359
  mineval 1
  maxeval 1
  nstart 1000000
  nincrease 500000
  nbatch 1000
  gridno 1
  statefile "vegas_last_iter96"

Restoring state from vegas_last_iter96.

Iteration 13:  52000000 integrand evaluations so far
[1] -1.92916e-05 +- 5.48029e-08  	chisq 14.5585 (12 df)

Saving state to vegas_last_iter96.
Vegas input parameters:
  ndim 11
  ncomp 1
  epsrel 0
  epsabs 0
  flags 291
  seed 1455
  mineval 1
  maxeval 1
  nstart 1000000
  nincrease 500000
  nbatch 1000
  gridno 1
  statefile "vegas_last_iter96"

Restoring state from vegas_last_iter96.

Iteration 14:  59500000 integrand evaluations so far
[1] -1.92706e-05 +- 5.02279e-08  	chisq 15.4794 (13 df)

Saving state to vegas_last_iter96.
Vegas input parameters:
  ndim 11
  ncomp 1
  epsrel 0
  epsabs 0
  flags 291
  seed 1551
  mineval 1
  maxeval 1
  nstart 1000000
  nincrease 500000
  nbatch 1000
  gridno 1
  statefile "vegas_last_iter96"

Restoring state from vegas_last_iter96.

Iteration 15:  67500000 integrand evaluations so far
[1] -1.9253e-05 +- 4.64207e-08  	chisq 16.322 (14 df)

Saving state to vegas_last_iter96.
Vegas input parameters:
  ndim 11
  ncomp 1
  epsrel 0
  epsabs 0
  flags 291
  seed 1647
  mineval 1
  maxeval 1
  nstart 1000000
  nincrease 500000
  nbatch 1000
  gridno 1
  statefile "vegas_last_iter96"

Restoring state from vegas_last_iter96.

Iteration 16:  76000000 integrand evaluations so far
[1] -1.92669e-05 +- 4.31901e-08  	chisq 16.9891 (15 df)

Saving state to vegas_last_iter96.
Vegas input parameters:
  ndim 11
  ncomp 1
  epsrel 0
  epsabs 0
  flags 291
  seed 1743
  mineval 1
  maxeval 1
  nstart 1000000
  nincrease 500000
  nbatch 1000
  gridno 1
  statefile "vegas_last_iter96"

Restoring state from vegas_last_iter96.

Iteration 17:  85000000 integrand evaluations so far
[1] -1.92772e-05 +- 4.04063e-08  	chisq 17.4466 (16 df)

Saving state to vegas_last_iter96.
Vegas input parameters:
  ndim 11
  ncomp 1
  epsrel 0
  epsabs 0
  flags 291
  seed 1839
  mineval 1
  maxeval 1
  nstart 1000000
  nincrease 500000
  nbatch 1000
  gridno 1
  statefile "vegas_last_iter96"

Restoring state from vegas_last_iter96.

Iteration 18:  94500000 integrand evaluations so far
[1] -1.92669e-05 +- 3.79827e-08  	chisq 18.0065 (17 df)

Saving state to vegas_last_iter96.
Vegas input parameters:
  ndim 11
  ncomp 1
  epsrel 0
  epsabs 0
  flags 291
  seed 1935
  mineval 1
  maxeval 1
  nstart 1000000
  nincrease 500000
  nbatch 1000
  gridno 1
  statefile "vegas_last_iter96"

Restoring state from vegas_last_iter96.

Iteration 19:  104500000 integrand evaluations so far
[1] -1.92569e-05 +- 3.58496e-08  	chisq 18.6405 (18 df)

Saving state to vegas_last_iter96.
Vegas input parameters:
  ndim 11
  ncomp 1
  epsrel 0
  epsabs 0
  flags 291
  seed 2031
  mineval 1
  maxeval 1
  nstart 1000000
  nincrease 500000
  nbatch 1000
  gridno 1
  statefile "vegas_last_iter96"

Restoring state from vegas_last_iter96.

Iteration 20:  115000000 integrand evaluations so far
[1] -1.92666e-05 +- 3.39561e-08  	chisq 19.3575 (19 df)

Saving state to vegas_last_iter96.
Vegas input parameters:
  ndim 11
  ncomp 1
  epsrel 0
  epsabs 0
  flags 291
  seed 2127
  mineval 1
  maxeval 1
  nstart 1000000
  nincrease 500000
  nbatch 1000
  gridno 1
  statefile "vegas_last_iter96"

Restoring state from vegas_last_iter96.

Iteration 21:  126000000 integrand evaluations so far
[1] -1.92896e-05 +- 3.22567e-08  	chisq 24.0667 (20 df)

Saving state to vegas_last_iter96.
Vegas input parameters:
  ndim 11
  ncomp 1
  epsrel 0
  epsabs 0
  flags 291
  seed 2223
  mineval 1
  maxeval 1
  nstart 1000000
  nincrease 500000
  nbatch 1000
  gridno 1
  statefile "vegas_last_iter96"

Restoring state from vegas_last_iter96.

Iteration 22:  137500000 integrand evaluations so far
[1] -1.9299e-05 +- 3.07277e-08  	chisq 24.977 (21 df)

Saving state to vegas_last_iter96.
Vegas input parameters:
  ndim 11
  ncomp 1
  epsrel 0
  epsabs 0
  flags 291
  seed 2319
  mineval 1
  maxeval 1
  nstart 1000000
  nincrease 500000
  nbatch 1000
  gridno 1
  statefile "vegas_last_iter96"

Restoring state from vegas_last_iter96.

Iteration 23:  149500000 integrand evaluations so far
[1] -1.92913e-05 +- 2.93448e-08  	chisq 25.6842 (22 df)

Saving state to vegas_last_iter96.
Vegas input parameters:
  ndim 11
  ncomp 1
  epsrel 0
  epsabs 0
  flags 291
  seed 2415
  mineval 1
  maxeval 1
  nstart 1000000
  nincrease 500000
  nbatch 1000
  gridno 1
  statefile "vegas_last_iter96"

Restoring state from vegas_last_iter96.

Iteration 24:  162000000 integrand evaluations so far
[1] -1.92807e-05 +- 2.80847e-08  	chisq 27.2614 (23 df)

Saving state to vegas_last_iter96.
Vegas input parameters:
  ndim 11
  ncomp 1
  epsrel 0
  epsabs 0
  flags 291
  seed 2511
  mineval 1
  maxeval 1
  nstart 1000000
  nincrease 500000
  nbatch 1000
  gridno 1
  statefile "vegas_last_iter96"

Restoring state from vegas_last_iter96.

Iteration 25:  175000000 integrand evaluations so far
[1] -1.92889e-05 +- 2.69323e-08  	chisq 28.3288 (24 df)

Saving state to vegas_last_iter96.
Vegas input parameters:
  ndim 11
  ncomp 1
  epsrel 0
  epsabs 0
  flags 291
  seed 2607
  mineval 1
  maxeval 1
  nstart 1000000
  nincrease 500000
  nbatch 1000
  gridno 1
  statefile "vegas_last_iter96"

Restoring state from vegas_last_iter96.

Iteration 26:  188500000 integrand evaluations so far
[1] -1.92789e-05 +- 2.58742e-08  	chisq 30.1084 (25 df)

Saving state to vegas_last_iter96.
Vegas input parameters:
  ndim 11
  ncomp 1
  epsrel 0
  epsabs 0
  flags 291
  seed 2703
  mineval 1
  maxeval 1
  nstart 1000000
  nincrease 500000
  nbatch 1000
  gridno 1
  statefile "vegas_last_iter96"

Restoring state from vegas_last_iter96.

Iteration 27:  202500000 integrand evaluations so far
[1] -1.92784e-05 +- 2.48979e-08  	chisq 30.1141 (26 df)

Saving state to vegas_last_iter96.
Thanks for using LHAPDF 6.3.0. Please make sure to cite the paper:
  Eur.Phys.J. C75 (2015) 3, 132  (http://arxiv.org/abs/1412.7420)
 method   =Vegas  
 nregions =           1
 neval    =   202500000
 fail     =           1
 -0.192783788359E-04 +-   0.248978808017E-07   p =    0.691
