/var/lib/condor/execute/dir_10827
LHAPDF 6.3.0 loading /home/taebh/2021_Research/share/LHAPDF/NNPDF31_nnlo_as_0118_mc_hessian_pdfas/NNPDF31_nnlo_as_0118_mc_hessian_pdfas_0000.dat
NNPDF31_nnlo_as_0118_mc_hessian_pdfas PDF set, member #0, version 1
Vegas input parameters:
  ndim 11
  ncomp 1
  epsrel 0
  epsabs 0
  flags 291
  seed 253
  mineval 1
  maxeval 1
  nstart 1000000
  nincrease 500000
  nbatch 1000
  gridno 1
  statefile "vegas_last_iter142"

Iteration 1:  1000000 integrand evaluations so far
[1] 0.000362967 +- 1.40724e-05  	chisq 0 (0 df)

Saving state to vegas_last_iter142.
Vegas input parameters:
  ndim 11
  ncomp 1
  epsrel 0
  epsabs 0
  flags 291
  seed 395
  mineval 1
  maxeval 1
  nstart 1000000
  nincrease 500000
  nbatch 1000
  gridno 1
  statefile "vegas_last_iter142"

Restoring state from vegas_last_iter142.

Iteration 2:  2500000 integrand evaluations so far
[1] 0.000372437 +- 4.78773e-06  	chisq 0.51217 (1 df)

Saving state to vegas_last_iter142.
Vegas input parameters:
  ndim 11
  ncomp 1
  epsrel 0
  epsabs 0
  flags 291
  seed 537
  mineval 1
  maxeval 1
  nstart 1000000
  nincrease 500000
  nbatch 1000
  gridno 1
  statefile "vegas_last_iter142"

Restoring state from vegas_last_iter142.

Iteration 3:  4500000 integrand evaluations so far
[1] 0.000376124 +- 2.40613e-06  	chisq 1.30533 (2 df)

Saving state to vegas_last_iter142.
Vegas input parameters:
  ndim 11
  ncomp 1
  epsrel 0
  epsabs 0
  flags 291
  seed 679
  mineval 1
  maxeval 1
  nstart 1000000
  nincrease 500000
  nbatch 1000
  gridno 1
  statefile "vegas_last_iter142"

Restoring state from vegas_last_iter142.

Iteration 4:  7000000 integrand evaluations so far
[1] 0.000379617 +- 8.53146e-07  	chisq 3.71641 (3 df)

Saving state to vegas_last_iter142.
Vegas input parameters:
  ndim 11
  ncomp 1
  epsrel 0
  epsabs 0
  flags 291
  seed 821
  mineval 1
  maxeval 1
  nstart 1000000
  nincrease 500000
  nbatch 1000
  gridno 1
  statefile "vegas_last_iter142"

Restoring state from vegas_last_iter142.

Iteration 5:  10000000 integrand evaluations so far
[1] 0.000378591 +- 3.76579e-07  	chisq 5.51446 (4 df)

Saving state to vegas_last_iter142.
Vegas input parameters:
  ndim 11
  ncomp 1
  epsrel 0
  epsabs 0
  flags 291
  seed 963
  mineval 1
  maxeval 1
  nstart 1000000
  nincrease 500000
  nbatch 1000
  gridno 1
  statefile "vegas_last_iter142"

Restoring state from vegas_last_iter142.

Iteration 6:  13500000 integrand evaluations so far
[1] 0.000378227 +- 2.2869e-07  	chisq 6.99542 (5 df)

Saving state to vegas_last_iter142.
Vegas input parameters:
  ndim 11
  ncomp 1
  epsrel 0
  epsabs 0
  flags 291
  seed 1105
  mineval 1
  maxeval 1
  nstart 1000000
  nincrease 500000
  nbatch 1000
  gridno 1
  statefile "vegas_last_iter142"

Restoring state from vegas_last_iter142.

Iteration 7:  17500000 integrand evaluations so far
[1] 0.000378057 +- 1.65405e-07  	chisq 8.15123 (6 df)

Saving state to vegas_last_iter142.
Vegas input parameters:
  ndim 11
  ncomp 1
  epsrel 0
  epsabs 0
  flags 291
  seed 1247
  mineval 1
  maxeval 1
  nstart 1000000
  nincrease 500000
  nbatch 1000
  gridno 1
  statefile "vegas_last_iter142"

Restoring state from vegas_last_iter142.

Iteration 8:  22000000 integrand evaluations so far
[1] 0.000377979 +- 1.31441e-07  	chisq 8.75253 (7 df)

Saving state to vegas_last_iter142.
Vegas input parameters:
  ndim 11
  ncomp 1
  epsrel 0
  epsabs 0
  flags 291
  seed 1389
  mineval 1
  maxeval 1
  nstart 1000000
  nincrease 500000
  nbatch 1000
  gridno 1
  statefile "vegas_last_iter142"

Restoring state from vegas_last_iter142.

Iteration 9:  27000000 integrand evaluations so far
[1] 0.000378088 +- 1.10164e-07  	chisq 11.0551 (8 df)

Saving state to vegas_last_iter142.
Vegas input parameters:
  ndim 11
  ncomp 1
  epsrel 0
  epsabs 0
  flags 291
  seed 1531
  mineval 1
  maxeval 1
  nstart 1000000
  nincrease 500000
  nbatch 1000
  gridno 1
  statefile "vegas_last_iter142"

Restoring state from vegas_last_iter142.

Iteration 10:  32500000 integrand evaluations so far
[1] 0.00037809 +- 9.54238e-08  	chisq 11.0566 (9 df)

Saving state to vegas_last_iter142.
Vegas input parameters:
  ndim 11
  ncomp 1
  epsrel 0
  epsabs 0
  flags 291
  seed 1673
  mineval 1
  maxeval 1
  nstart 1000000
  nincrease 500000
  nbatch 1000
  gridno 1
  statefile "vegas_last_iter142"

Restoring state from vegas_last_iter142.

Iteration 11:  38500000 integrand evaluations so far
[1] 0.000378111 +- 8.44915e-08  	chisq 11.2799 (10 df)

Saving state to vegas_last_iter142.
Vegas input parameters:
  ndim 11
  ncomp 1
  epsrel 0
  epsabs 0
  flags 291
  seed 1815
  mineval 1
  maxeval 1
  nstart 1000000
  nincrease 500000
  nbatch 1000
  gridno 1
  statefile "vegas_last_iter142"

Restoring state from vegas_last_iter142.

Iteration 12:  45000000 integrand evaluations so far
[1] 0.000378039 +- 7.60385e-08  	chisq 15.1293 (11 df)

Saving state to vegas_last_iter142.
Vegas input parameters:
  ndim 11
  ncomp 1
  epsrel 0
  epsabs 0
  flags 291
  seed 1957
  mineval 1
  maxeval 1
  nstart 1000000
  nincrease 500000
  nbatch 1000
  gridno 1
  statefile "vegas_last_iter142"

Restoring state from vegas_last_iter142.

Iteration 13:  52000000 integrand evaluations so far
[1] 0.000378044 +- 6.92862e-08  	chisq 15.1565 (12 df)

Saving state to vegas_last_iter142.
Vegas input parameters:
  ndim 11
  ncomp 1
  epsrel 0
  epsabs 0
  flags 291
  seed 2099
  mineval 1
  maxeval 1
  nstart 1000000
  nincrease 500000
  nbatch 1000
  gridno 1
  statefile "vegas_last_iter142"

Restoring state from vegas_last_iter142.

Iteration 14:  59500000 integrand evaluations so far
[1] 0.000378064 +- 6.36914e-08  	chisq 15.727 (13 df)

Saving state to vegas_last_iter142.
Vegas input parameters:
  ndim 11
  ncomp 1
  epsrel 0
  epsabs 0
  flags 291
  seed 2241
  mineval 1
  maxeval 1
  nstart 1000000
  nincrease 500000
  nbatch 1000
  gridno 1
  statefile "vegas_last_iter142"

Restoring state from vegas_last_iter142.

Iteration 15:  67500000 integrand evaluations so far
[1] 0.00037805 +- 5.90291e-08  	chisq 16.0699 (14 df)

Saving state to vegas_last_iter142.
Vegas input parameters:
  ndim 11
  ncomp 1
  epsrel 0
  epsabs 0
  flags 291
  seed 2383
  mineval 1
  maxeval 1
  nstart 1000000
  nincrease 500000
  nbatch 1000
  gridno 1
  statefile "vegas_last_iter142"

Restoring state from vegas_last_iter142.

Iteration 16:  76000000 integrand evaluations so far
[1] 0.000378084 +- 5.50148e-08  	chisq 18.602 (15 df)

Saving state to vegas_last_iter142.
Vegas input parameters:
  ndim 11
  ncomp 1
  epsrel 0
  epsabs 0
  flags 291
  seed 2525
  mineval 1
  maxeval 1
  nstart 1000000
  nincrease 500000
  nbatch 1000
  gridno 1
  statefile "vegas_last_iter142"

Restoring state from vegas_last_iter142.

Iteration 17:  85000000 integrand evaluations so far
[1] 0.000378095 +- 5.1564e-08  	chisq 18.8837 (16 df)

Saving state to vegas_last_iter142.
Vegas input parameters:
  ndim 11
  ncomp 1
  epsrel 0
  epsabs 0
  flags 291
  seed 2667
  mineval 1
  maxeval 1
  nstart 1000000
  nincrease 500000
  nbatch 1000
  gridno 1
  statefile "vegas_last_iter142"

Restoring state from vegas_last_iter142.

Iteration 18:  94500000 integrand evaluations so far
[1] 0.00037807 +- 4.85323e-08  	chisq 20.8389 (17 df)

Saving state to vegas_last_iter142.
Vegas input parameters:
  ndim 11
  ncomp 1
  epsrel 0
  epsabs 0
  flags 291
  seed 2809
  mineval 1
  maxeval 1
  nstart 1000000
  nincrease 500000
  nbatch 1000
  gridno 1
  statefile "vegas_last_iter142"

Restoring state from vegas_last_iter142.

Iteration 19:  104500000 integrand evaluations so far
[1] 0.000378076 +- 4.58493e-08  	chisq 20.9943 (18 df)

Saving state to vegas_last_iter142.
Vegas input parameters:
  ndim 11
  ncomp 1
  epsrel 0
  epsabs 0
  flags 291
  seed 2951
  mineval 1
  maxeval 1
  nstart 1000000
  nincrease 500000
  nbatch 1000
  gridno 1
  statefile "vegas_last_iter142"

Restoring state from vegas_last_iter142.

Iteration 20:  115000000 integrand evaluations so far
[1] 0.000378081 +- 4.34622e-08  	chisq 21.1077 (19 df)

Saving state to vegas_last_iter142.
Vegas input parameters:
  ndim 11
  ncomp 1
  epsrel 0
  epsabs 0
  flags 291
  seed 3093
  mineval 1
  maxeval 1
  nstart 1000000
  nincrease 500000
  nbatch 1000
  gridno 1
  statefile "vegas_last_iter142"

Restoring state from vegas_last_iter142.

Iteration 21:  126000000 integrand evaluations so far
[1] 0.000378053 +- 4.13324e-08  	chisq 25.4064 (20 df)

Saving state to vegas_last_iter142.
Vegas input parameters:
  ndim 11
  ncomp 1
  epsrel 0
  epsabs 0
  flags 291
  seed 3235
  mineval 1
  maxeval 1
  nstart 1000000
  nincrease 500000
  nbatch 1000
  gridno 1
  statefile "vegas_last_iter142"

Restoring state from vegas_last_iter142.

Iteration 22:  137500000 integrand evaluations so far
[1] 0.000378065 +- 3.9406e-08  	chisq 26.3107 (21 df)

Saving state to vegas_last_iter142.
Vegas input parameters:
  ndim 11
  ncomp 1
  epsrel 0
  epsabs 0
  flags 291
  seed 3377
  mineval 1
  maxeval 1
  nstart 1000000
  nincrease 500000
  nbatch 1000
  gridno 1
  statefile "vegas_last_iter142"

Restoring state from vegas_last_iter142.

Iteration 23:  149500000 integrand evaluations so far
[1] 0.000378062 +- 3.76513e-08  	chisq 26.417 (22 df)

Saving state to vegas_last_iter142.
Vegas input parameters:
  ndim 11
  ncomp 1
  epsrel 0
  epsabs 0
  flags 291
  seed 3519
  mineval 1
  maxeval 1
  nstart 1000000
  nincrease 500000
  nbatch 1000
  gridno 1
  statefile "vegas_last_iter142"

Restoring state from vegas_last_iter142.

Iteration 24:  162000000 integrand evaluations so far
[1] 0.000378056 +- 3.60492e-08  	chisq 26.7047 (23 df)

Saving state to vegas_last_iter142.
Vegas input parameters:
  ndim 11
  ncomp 1
  epsrel 0
  epsabs 0
  flags 291
  seed 3661
  mineval 1
  maxeval 1
  nstart 1000000
  nincrease 500000
  nbatch 1000
  gridno 1
  statefile "vegas_last_iter142"

Restoring state from vegas_last_iter142.

Iteration 25:  175000000 integrand evaluations so far
[1] 0.000378052 +- 3.45792e-08  	chisq 26.8523 (24 df)

Saving state to vegas_last_iter142.
Vegas input parameters:
  ndim 11
  ncomp 1
  epsrel 0
  epsabs 0
  flags 291
  seed 3803
  mineval 1
  maxeval 1
  nstart 1000000
  nincrease 500000
  nbatch 1000
  gridno 1
  statefile "vegas_last_iter142"

Restoring state from vegas_last_iter142.

Iteration 26:  188500000 integrand evaluations so far
[1] 0.000378046 +- 3.32285e-08  	chisq 27.1622 (25 df)

Saving state to vegas_last_iter142.
Vegas input parameters:
  ndim 11
  ncomp 1
  epsrel 0
  epsabs 0
  flags 291
  seed 3945
  mineval 1
  maxeval 1
  nstart 1000000
  nincrease 500000
  nbatch 1000
  gridno 1
  statefile "vegas_last_iter142"

Restoring state from vegas_last_iter142.

Iteration 27:  202500000 integrand evaluations so far
[1] 0.000378056 +- 3.19858e-08  	chisq 28.1883 (26 df)

Saving state to vegas_last_iter142.
Thanks for using LHAPDF 6.3.0. Please make sure to cite the paper:
  Eur.Phys.J. C75 (2015) 3, 132  (http://arxiv.org/abs/1412.7420)
 method   =Vegas  
 nregions =           1
 neval    =   202500000
 fail     =           1
  0.378055594494E-03 +-   0.319857581452E-07   p =    0.599
