/var/lib/condor/execute/dir_11587
LHAPDF 6.3.0 loading /home/taebh/2021_Research/share/LHAPDF/NNPDF31_nnlo_as_0118_mc_hessian_pdfas/NNPDF31_nnlo_as_0118_mc_hessian_pdfas_0000.dat
NNPDF31_nnlo_as_0118_mc_hessian_pdfas PDF set, member #0, version 1
Vegas input parameters:
  ndim 11
  ncomp 1
  epsrel 0
  epsabs 0
  flags 291
  seed 256
  mineval 1
  maxeval 1
  nstart 1000000
  nincrease 500000
  nbatch 1000
  gridno 1
  statefile "vegas_last_iter145"

Iteration 1:  1000000 integrand evaluations so far
[1] 0.000841555 +- 2.21337e-05  	chisq 0 (0 df)

Saving state to vegas_last_iter145.
Vegas input parameters:
  ndim 11
  ncomp 1
  epsrel 0
  epsabs 0
  flags 291
  seed 401
  mineval 1
  maxeval 1
  nstart 1000000
  nincrease 500000
  nbatch 1000
  gridno 1
  statefile "vegas_last_iter145"

Restoring state from vegas_last_iter145.

Iteration 2:  2500000 integrand evaluations so far
[1] 0.000847446 +- 1.41551e-05  	chisq 0.119879 (1 df)

Saving state to vegas_last_iter145.
Vegas input parameters:
  ndim 11
  ncomp 1
  epsrel 0
  epsabs 0
  flags 291
  seed 546
  mineval 1
  maxeval 1
  nstart 1000000
  nincrease 500000
  nbatch 1000
  gridno 1
  statefile "vegas_last_iter145"

Restoring state from vegas_last_iter145.

Iteration 3:  4500000 integrand evaluations so far
[1] 0.000851548 +- 4.90985e-06  	chisq 0.215319 (2 df)

Saving state to vegas_last_iter145.
Vegas input parameters:
  ndim 11
  ncomp 1
  epsrel 0
  epsabs 0
  flags 291
  seed 691
  mineval 1
  maxeval 1
  nstart 1000000
  nincrease 500000
  nbatch 1000
  gridno 1
  statefile "vegas_last_iter145"

Restoring state from vegas_last_iter145.

Iteration 4:  7000000 integrand evaluations so far
[1] 0.000844971 +- 1.71675e-06  	chisq 2.25978 (3 df)

Saving state to vegas_last_iter145.
Vegas input parameters:
  ndim 11
  ncomp 1
  epsrel 0
  epsabs 0
  flags 291
  seed 836
  mineval 1
  maxeval 1
  nstart 1000000
  nincrease 500000
  nbatch 1000
  gridno 1
  statefile "vegas_last_iter145"

Restoring state from vegas_last_iter145.

Iteration 5:  10000000 integrand evaluations so far
[1] 0.000847456 +- 8.40831e-07  	chisq 5.01789 (4 df)

Saving state to vegas_last_iter145.
Vegas input parameters:
  ndim 11
  ncomp 1
  epsrel 0
  epsabs 0
  flags 291
  seed 981
  mineval 1
  maxeval 1
  nstart 1000000
  nincrease 500000
  nbatch 1000
  gridno 1
  statefile "vegas_last_iter145"

Restoring state from vegas_last_iter145.

Iteration 6:  13500000 integrand evaluations so far
[1] 0.000847786 +- 5.29902e-07  	chisq 5.27325 (5 df)

Saving state to vegas_last_iter145.
Vegas input parameters:
  ndim 11
  ncomp 1
  epsrel 0
  epsabs 0
  flags 291
  seed 1126
  mineval 1
  maxeval 1
  nstart 1000000
  nincrease 500000
  nbatch 1000
  gridno 1
  statefile "vegas_last_iter145"

Restoring state from vegas_last_iter145.

Iteration 7:  17500000 integrand evaluations so far
[1] 0.000847804 +- 3.88639e-07  	chisq 5.27566 (6 df)

Saving state to vegas_last_iter145.
Vegas input parameters:
  ndim 11
  ncomp 1
  epsrel 0
  epsabs 0
  flags 291
  seed 1271
  mineval 1
  maxeval 1
  nstart 1000000
  nincrease 500000
  nbatch 1000
  gridno 1
  statefile "vegas_last_iter145"

Restoring state from vegas_last_iter145.

Iteration 8:  22000000 integrand evaluations so far
[1] 0.000847756 +- 3.11466e-07  	chisq 5.31778 (7 df)

Saving state to vegas_last_iter145.
Vegas input parameters:
  ndim 11
  ncomp 1
  epsrel 0
  epsabs 0
  flags 291
  seed 1416
  mineval 1
  maxeval 1
  nstart 1000000
  nincrease 500000
  nbatch 1000
  gridno 1
  statefile "vegas_last_iter145"

Restoring state from vegas_last_iter145.

Iteration 9:  27000000 integrand evaluations so far
[1] 0.000847687 +- 2.62199e-07  	chisq 5.48459 (8 df)

Saving state to vegas_last_iter145.
Vegas input parameters:
  ndim 11
  ncomp 1
  epsrel 0
  epsabs 0
  flags 291
  seed 1561
  mineval 1
  maxeval 1
  nstart 1000000
  nincrease 500000
  nbatch 1000
  gridno 1
  statefile "vegas_last_iter145"

Restoring state from vegas_last_iter145.

Iteration 10:  32500000 integrand evaluations so far
[1] 0.000847616 +- 2.27741e-07  	chisq 5.7875 (9 df)

Saving state to vegas_last_iter145.
Vegas input parameters:
  ndim 11
  ncomp 1
  epsrel 0
  epsabs 0
  flags 291
  seed 1706
  mineval 1
  maxeval 1
  nstart 1000000
  nincrease 500000
  nbatch 1000
  gridno 1
  statefile "vegas_last_iter145"

Restoring state from vegas_last_iter145.

Iteration 11:  38500000 integrand evaluations so far
[1] 0.000847573 +- 2.02219e-07  	chisq 5.95371 (10 df)

Saving state to vegas_last_iter145.
Vegas input parameters:
  ndim 11
  ncomp 1
  epsrel 0
  epsabs 0
  flags 291
  seed 1851
  mineval 1
  maxeval 1
  nstart 1000000
  nincrease 500000
  nbatch 1000
  gridno 1
  statefile "vegas_last_iter145"

Restoring state from vegas_last_iter145.

Iteration 12:  45000000 integrand evaluations so far
[1] 0.000847473 +- 1.8228e-07  	chisq 7.27215 (11 df)

Saving state to vegas_last_iter145.
Vegas input parameters:
  ndim 11
  ncomp 1
  epsrel 0
  epsabs 0
  flags 291
  seed 1996
  mineval 1
  maxeval 1
  nstart 1000000
  nincrease 500000
  nbatch 1000
  gridno 1
  statefile "vegas_last_iter145"

Restoring state from vegas_last_iter145.

Iteration 13:  52000000 integrand evaluations so far
[1] 0.000847559 +- 1.6618e-07  	chisq 8.5913 (12 df)

Saving state to vegas_last_iter145.
Vegas input parameters:
  ndim 11
  ncomp 1
  epsrel 0
  epsabs 0
  flags 291
  seed 2141
  mineval 1
  maxeval 1
  nstart 1000000
  nincrease 500000
  nbatch 1000
  gridno 1
  statefile "vegas_last_iter145"

Restoring state from vegas_last_iter145.

Iteration 14:  59500000 integrand evaluations so far
[1] 0.000847523 +- 1.52909e-07  	chisq 8.88653 (13 df)

Saving state to vegas_last_iter145.
Vegas input parameters:
  ndim 11
  ncomp 1
  epsrel 0
  epsabs 0
  flags 291
  seed 2286
  mineval 1
  maxeval 1
  nstart 1000000
  nincrease 500000
  nbatch 1000
  gridno 1
  statefile "vegas_last_iter145"

Restoring state from vegas_last_iter145.

Iteration 15:  67500000 integrand evaluations so far
[1] 0.000847605 +- 1.41791e-07  	chisq 10.9402 (14 df)

Saving state to vegas_last_iter145.
Vegas input parameters:
  ndim 11
  ncomp 1
  epsrel 0
  epsabs 0
  flags 291
  seed 2431
  mineval 1
  maxeval 1
  nstart 1000000
  nincrease 500000
  nbatch 1000
  gridno 1
  statefile "vegas_last_iter145"

Restoring state from vegas_last_iter145.

Iteration 16:  76000000 integrand evaluations so far
[1] 0.000847652 +- 1.32221e-07  	chisq 11.7497 (15 df)

Saving state to vegas_last_iter145.
Vegas input parameters:
  ndim 11
  ncomp 1
  epsrel 0
  epsabs 0
  flags 291
  seed 2576
  mineval 1
  maxeval 1
  nstart 1000000
  nincrease 500000
  nbatch 1000
  gridno 1
  statefile "vegas_last_iter145"

Restoring state from vegas_last_iter145.

Iteration 17:  85000000 integrand evaluations so far
[1] 0.000847666 +- 1.23953e-07  	chisq 11.8542 (16 df)

Saving state to vegas_last_iter145.
Vegas input parameters:
  ndim 11
  ncomp 1
  epsrel 0
  epsabs 0
  flags 291
  seed 2721
  mineval 1
  maxeval 1
  nstart 1000000
  nincrease 500000
  nbatch 1000
  gridno 1
  statefile "vegas_last_iter145"

Restoring state from vegas_last_iter145.

Iteration 18:  94500000 integrand evaluations so far
[1] 0.000847604 +- 1.16693e-07  	chisq 14.1178 (17 df)

Saving state to vegas_last_iter145.
Vegas input parameters:
  ndim 11
  ncomp 1
  epsrel 0
  epsabs 0
  flags 291
  seed 2866
  mineval 1
  maxeval 1
  nstart 1000000
  nincrease 500000
  nbatch 1000
  gridno 1
  statefile "vegas_last_iter145"

Restoring state from vegas_last_iter145.

Iteration 19:  104500000 integrand evaluations so far
[1] 0.000847588 +- 1.10279e-07  	chisq 14.2894 (18 df)

Saving state to vegas_last_iter145.
Vegas input parameters:
  ndim 11
  ncomp 1
  epsrel 0
  epsabs 0
  flags 291
  seed 3011
  mineval 1
  maxeval 1
  nstart 1000000
  nincrease 500000
  nbatch 1000
  gridno 1
  statefile "vegas_last_iter145"

Restoring state from vegas_last_iter145.

Iteration 20:  115000000 integrand evaluations so far
[1] 0.000847617 +- 1.04553e-07  	chisq 15.002 (19 df)

Saving state to vegas_last_iter145.
Vegas input parameters:
  ndim 11
  ncomp 1
  epsrel 0
  epsabs 0
  flags 291
  seed 3156
  mineval 1
  maxeval 1
  nstart 1000000
  nincrease 500000
  nbatch 1000
  gridno 1
  statefile "vegas_last_iter145"

Restoring state from vegas_last_iter145.

Iteration 21:  126000000 integrand evaluations so far
[1] 0.000847565 +- 9.94268e-08  	chisq 17.5978 (20 df)

Saving state to vegas_last_iter145.
Vegas input parameters:
  ndim 11
  ncomp 1
  epsrel 0
  epsabs 0
  flags 291
  seed 3301
  mineval 1
  maxeval 1
  nstart 1000000
  nincrease 500000
  nbatch 1000
  gridno 1
  statefile "vegas_last_iter145"

Restoring state from vegas_last_iter145.

Iteration 22:  137500000 integrand evaluations so far
[1] 0.00084756 +- 9.47851e-08  	chisq 17.6281 (21 df)

Saving state to vegas_last_iter145.
Vegas input parameters:
  ndim 11
  ncomp 1
  epsrel 0
  epsabs 0
  flags 291
  seed 3446
  mineval 1
  maxeval 1
  nstart 1000000
  nincrease 500000
  nbatch 1000
  gridno 1
  statefile "vegas_last_iter145"

Restoring state from vegas_last_iter145.

Iteration 23:  149500000 integrand evaluations so far
[1] 0.000847569 +- 9.05723e-08  	chisq 17.7373 (22 df)

Saving state to vegas_last_iter145.
Vegas input parameters:
  ndim 11
  ncomp 1
  epsrel 0
  epsabs 0
  flags 291
  seed 3591
  mineval 1
  maxeval 1
  nstart 1000000
  nincrease 500000
  nbatch 1000
  gridno 1
  statefile "vegas_last_iter145"

Restoring state from vegas_last_iter145.

Iteration 24:  162000000 integrand evaluations so far
[1] 0.000847531 +- 8.67429e-08  	chisq 19.8368 (23 df)

Saving state to vegas_last_iter145.
Vegas input parameters:
  ndim 11
  ncomp 1
  epsrel 0
  epsabs 0
  flags 291
  seed 3736
  mineval 1
  maxeval 1
  nstart 1000000
  nincrease 500000
  nbatch 1000
  gridno 1
  statefile "vegas_last_iter145"

Restoring state from vegas_last_iter145.

Iteration 25:  175000000 integrand evaluations so far
[1] 0.000847551 +- 8.32219e-08  	chisq 20.4869 (24 df)

Saving state to vegas_last_iter145.
Vegas input parameters:
  ndim 11
  ncomp 1
  epsrel 0
  epsabs 0
  flags 291
  seed 3881
  mineval 1
  maxeval 1
  nstart 1000000
  nincrease 500000
  nbatch 1000
  gridno 1
  statefile "vegas_last_iter145"

Restoring state from vegas_last_iter145.

Iteration 26:  188500000 integrand evaluations so far
[1] 0.000847577 +- 7.99832e-08  	chisq 21.7105 (25 df)

Saving state to vegas_last_iter145.
Vegas input parameters:
  ndim 11
  ncomp 1
  epsrel 0
  epsabs 0
  flags 291
  seed 4026
  mineval 1
  maxeval 1
  nstart 1000000
  nincrease 500000
  nbatch 1000
  gridno 1
  statefile "vegas_last_iter145"

Restoring state from vegas_last_iter145.

Iteration 27:  202500000 integrand evaluations so far
[1] 0.000847573 +- 7.69938e-08  	chisq 21.7348 (26 df)

Saving state to vegas_last_iter145.
Thanks for using LHAPDF 6.3.0. Please make sure to cite the paper:
  Eur.Phys.J. C75 (2015) 3, 132  (http://arxiv.org/abs/1412.7420)
 method   =Vegas  
 nregions =           1
 neval    =   202500000
 fail     =           1
  0.847573218823E-03 +-   0.769938100074E-07   p =    0.249
