/var/lib/condor/execute/dir_35197
LHAPDF 6.3.0 loading /home/taebh/2021_Research/share/LHAPDF/NNPDF31_nnlo_as_0118_mc_hessian_pdfas/NNPDF31_nnlo_as_0118_mc_hessian_pdfas_0000.dat
NNPDF31_nnlo_as_0118_mc_hessian_pdfas PDF set, member #0, version 1
Vegas input parameters:
  ndim 11
  ncomp 1
  epsrel 0
  epsabs 0
  flags 291
  seed 199
  mineval 1
  maxeval 1
  nstart 1000000
  nincrease 500000
  nbatch 1000
  gridno 1
  statefile "vegas_last_iter88"

Iteration 1:  1000000 integrand evaluations so far
[1] -1.13182e-07 +- 8.01406e-08  	chisq 0 (0 df)

Saving state to vegas_last_iter88.
Vegas input parameters:
  ndim 11
  ncomp 1
  epsrel 0
  epsabs 0
  flags 291
  seed 287
  mineval 1
  maxeval 1
  nstart 1000000
  nincrease 500000
  nbatch 1000
  gridno 1
  statefile "vegas_last_iter88"

Restoring state from vegas_last_iter88.

Iteration 2:  2500000 integrand evaluations so far
[1] -6.28076e-09 +- 2.26345e-08  	chisq 1.93361 (1 df)

Saving state to vegas_last_iter88.
Vegas input parameters:
  ndim 11
  ncomp 1
  epsrel 0
  epsabs 0
  flags 291
  seed 375
  mineval 1
  maxeval 1
  nstart 1000000
  nincrease 500000
  nbatch 1000
  gridno 1
  statefile "vegas_last_iter88"

Restoring state from vegas_last_iter88.

Iteration 3:  4500000 integrand evaluations so far
[1] 2.94927e-09 +- 8.97048e-09  	chisq 2.13088 (2 df)

Saving state to vegas_last_iter88.
Vegas input parameters:
  ndim 11
  ncomp 1
  epsrel 0
  epsabs 0
  flags 291
  seed 463
  mineval 1
  maxeval 1
  nstart 1000000
  nincrease 500000
  nbatch 1000
  gridno 1
  statefile "vegas_last_iter88"

Restoring state from vegas_last_iter88.

Iteration 4:  7000000 integrand evaluations so far
[1] -3.52878e-09 +- 5.20021e-09  	chisq 2.91634 (3 df)

Saving state to vegas_last_iter88.
Vegas input parameters:
  ndim 11
  ncomp 1
  epsrel 0
  epsabs 0
  flags 291
  seed 551
  mineval 1
  maxeval 1
  nstart 1000000
  nincrease 500000
  nbatch 1000
  gridno 1
  statefile "vegas_last_iter88"

Restoring state from vegas_last_iter88.

Iteration 5:  10000000 integrand evaluations so far
[1] -4.1012e-09 +- 3.61069e-09  	chisq 2.93974 (4 df)

Saving state to vegas_last_iter88.
Vegas input parameters:
  ndim 11
  ncomp 1
  epsrel 0
  epsabs 0
  flags 291
  seed 639
  mineval 1
  maxeval 1
  nstart 1000000
  nincrease 500000
  nbatch 1000
  gridno 1
  statefile "vegas_last_iter88"

Restoring state from vegas_last_iter88.

Iteration 6:  13500000 integrand evaluations so far
[1] -7.04062e-10 +- 2.75756e-09  	chisq 5.06394 (5 df)

Saving state to vegas_last_iter88.
Vegas input parameters:
  ndim 11
  ncomp 1
  epsrel 0
  epsabs 0
  flags 291
  seed 727
  mineval 1
  maxeval 1
  nstart 1000000
  nincrease 500000
  nbatch 1000
  gridno 1
  statefile "vegas_last_iter88"

Restoring state from vegas_last_iter88.

Iteration 7:  17500000 integrand evaluations so far
[1] -1.04004e-09 +- 2.23999e-09  	chisq 5.10758 (6 df)

Saving state to vegas_last_iter88.
Vegas input parameters:
  ndim 11
  ncomp 1
  epsrel 0
  epsabs 0
  flags 291
  seed 815
  mineval 1
  maxeval 1
  nstart 1000000
  nincrease 500000
  nbatch 1000
  gridno 1
  statefile "vegas_last_iter88"

Restoring state from vegas_last_iter88.

Iteration 8:  22000000 integrand evaluations so far
[1] -7.0925e-10 +- 1.89312e-09  	chisq 5.1839 (7 df)

Saving state to vegas_last_iter88.
Vegas input parameters:
  ndim 11
  ncomp 1
  epsrel 0
  epsabs 0
  flags 291
  seed 903
  mineval 1
  maxeval 1
  nstart 1000000
  nincrease 500000
  nbatch 1000
  gridno 1
  statefile "vegas_last_iter88"

Restoring state from vegas_last_iter88.

Iteration 9:  27000000 integrand evaluations so far
[1] 4.34095e-10 +- 1.64659e-09  	chisq 6.68189 (8 df)

Saving state to vegas_last_iter88.
Vegas input parameters:
  ndim 11
  ncomp 1
  epsrel 0
  epsabs 0
  flags 291
  seed 991
  mineval 1
  maxeval 1
  nstart 1000000
  nincrease 500000
  nbatch 1000
  gridno 1
  statefile "vegas_last_iter88"

Restoring state from vegas_last_iter88.

Iteration 10:  32500000 integrand evaluations so far
[1] 5.12446e-10 +- 1.4621e-09  	chisq 6.69259 (9 df)

Saving state to vegas_last_iter88.
Vegas input parameters:
  ndim 11
  ncomp 1
  epsrel 0
  epsabs 0
  flags 291
  seed 1079
  mineval 1
  maxeval 1
  nstart 1000000
  nincrease 500000
  nbatch 1000
  gridno 1
  statefile "vegas_last_iter88"

Restoring state from vegas_last_iter88.

Iteration 11:  38500000 integrand evaluations so far
[1] 5.14114e-10 +- 1.31651e-09  	chisq 6.6926 (10 df)

Saving state to vegas_last_iter88.
Vegas input parameters:
  ndim 11
  ncomp 1
  epsrel 0
  epsabs 0
  flags 291
  seed 1167
  mineval 1
  maxeval 1
  nstart 1000000
  nincrease 500000
  nbatch 1000
  gridno 1
  statefile "vegas_last_iter88"

Restoring state from vegas_last_iter88.

Iteration 12:  45000000 integrand evaluations so far
[1] 8.89571e-10 +- 1.19886e-09  	chisq 7.16895 (11 df)

Saving state to vegas_last_iter88.
Vegas input parameters:
  ndim 11
  ncomp 1
  epsrel 0
  epsabs 0
  flags 291
  seed 1255
  mineval 1
  maxeval 1
  nstart 1000000
  nincrease 500000
  nbatch 1000
  gridno 1
  statefile "vegas_last_iter88"

Restoring state from vegas_last_iter88.

Iteration 13:  52000000 integrand evaluations so far
[1] 1.06068e-09 +- 1.10155e-09  	chisq 7.29973 (12 df)

Saving state to vegas_last_iter88.
Vegas input parameters:
  ndim 11
  ncomp 1
  epsrel 0
  epsabs 0
  flags 291
  seed 1343
  mineval 1
  maxeval 1
  nstart 1000000
  nincrease 500000
  nbatch 1000
  gridno 1
  statefile "vegas_last_iter88"

Restoring state from vegas_last_iter88.

Iteration 14:  59500000 integrand evaluations so far
[1] 9.17418e-10 +- 1.01976e-09  	chisq 7.41802 (13 df)

Saving state to vegas_last_iter88.
Vegas input parameters:
  ndim 11
  ncomp 1
  epsrel 0
  epsabs 0
  flags 291
  seed 1431
  mineval 1
  maxeval 1
  nstart 1000000
  nincrease 500000
  nbatch 1000
  gridno 1
  statefile "vegas_last_iter88"

Restoring state from vegas_last_iter88.

Iteration 15:  67500000 integrand evaluations so far
[1] 4.07203e-10 +- 9.49684e-10  	chisq 9.30434 (14 df)

Saving state to vegas_last_iter88.
Vegas input parameters:
  ndim 11
  ncomp 1
  epsrel 0
  epsabs 0
  flags 291
  seed 1519
  mineval 1
  maxeval 1
  nstart 1000000
  nincrease 500000
  nbatch 1000
  gridno 1
  statefile "vegas_last_iter88"

Restoring state from vegas_last_iter88.

Iteration 16:  76000000 integrand evaluations so far
[1] 2.37514e-10 +- 8.8884e-10  	chisq 9.56175 (15 df)

Saving state to vegas_last_iter88.
Vegas input parameters:
  ndim 11
  ncomp 1
  epsrel 0
  epsabs 0
  flags 291
  seed 1607
  mineval 1
  maxeval 1
  nstart 1000000
  nincrease 500000
  nbatch 1000
  gridno 1
  statefile "vegas_last_iter88"

Restoring state from vegas_last_iter88.

Iteration 17:  85000000 integrand evaluations so far
[1] 6.89501e-10 +- 8.3573e-10  	chisq 11.7922 (16 df)

Saving state to vegas_last_iter88.
Vegas input parameters:
  ndim 11
  ncomp 1
  epsrel 0
  epsabs 0
  flags 291
  seed 1695
  mineval 1
  maxeval 1
  nstart 1000000
  nincrease 500000
  nbatch 1000
  gridno 1
  statefile "vegas_last_iter88"

Restoring state from vegas_last_iter88.

Iteration 18:  94500000 integrand evaluations so far
[1] 2.66735e-10 +- 7.88803e-10  	chisq 14.1367 (17 df)

Saving state to vegas_last_iter88.
Vegas input parameters:
  ndim 11
  ncomp 1
  epsrel 0
  epsabs 0
  flags 291
  seed 1783
  mineval 1
  maxeval 1
  nstart 1000000
  nincrease 500000
  nbatch 1000
  gridno 1
  statefile "vegas_last_iter88"

Restoring state from vegas_last_iter88.

Iteration 19:  104500000 integrand evaluations so far
[1] 1.41188e-10 +- 7.47097e-10  	chisq 14.3828 (18 df)

Saving state to vegas_last_iter88.
Vegas input parameters:
  ndim 11
  ncomp 1
  epsrel 0
  epsabs 0
  flags 291
  seed 1871
  mineval 1
  maxeval 1
  nstart 1000000
  nincrease 500000
  nbatch 1000
  gridno 1
  statefile "vegas_last_iter88"

Restoring state from vegas_last_iter88.

Iteration 20:  115000000 integrand evaluations so far
[1] -9.55249e-11 +- 7.0976e-10  	chisq 15.4129 (19 df)

Saving state to vegas_last_iter88.
Vegas input parameters:
  ndim 11
  ncomp 1
  epsrel 0
  epsabs 0
  flags 291
  seed 1959
  mineval 1
  maxeval 1
  nstart 1000000
  nincrease 500000
  nbatch 1000
  gridno 1
  statefile "vegas_last_iter88"

Restoring state from vegas_last_iter88.

Iteration 21:  126000000 integrand evaluations so far
[1] -1.29275e-10 +- 6.76044e-10  	chisq 15.4373 (20 df)

Saving state to vegas_last_iter88.
Vegas input parameters:
  ndim 11
  ncomp 1
  epsrel 0
  epsabs 0
  flags 291
  seed 2047
  mineval 1
  maxeval 1
  nstart 1000000
  nincrease 500000
  nbatch 1000
  gridno 1
  statefile "vegas_last_iter88"

Restoring state from vegas_last_iter88.

Iteration 22:  137500000 integrand evaluations so far
[1] -1.18749e-10 +- 6.45433e-10  	chisq 15.44 (21 df)

Saving state to vegas_last_iter88.
Vegas input parameters:
  ndim 11
  ncomp 1
  epsrel 0
  epsabs 0
  flags 291
  seed 2135
  mineval 1
  maxeval 1
  nstart 1000000
  nincrease 500000
  nbatch 1000
  gridno 1
  statefile "vegas_last_iter88"

Restoring state from vegas_last_iter88.

Iteration 23:  149500000 integrand evaluations so far
[1] -1.81901e-10 +- 6.17671e-10  	chisq 15.5538 (22 df)

Saving state to vegas_last_iter88.
Vegas input parameters:
  ndim 11
  ncomp 1
  epsrel 0
  epsabs 0
  flags 291
  seed 2223
  mineval 1
  maxeval 1
  nstart 1000000
  nincrease 500000
  nbatch 1000
  gridno 1
  statefile "vegas_last_iter88"

Restoring state from vegas_last_iter88.

Iteration 24:  162000000 integrand evaluations so far
[1] -1.22165e-10 +- 5.9214e-10  	chisq 15.6693 (23 df)

Saving state to vegas_last_iter88.
Vegas input parameters:
  ndim 11
  ncomp 1
  epsrel 0
  epsabs 0
  flags 291
  seed 2311
  mineval 1
  maxeval 1
  nstart 1000000
  nincrease 500000
  nbatch 1000
  gridno 1
  statefile "vegas_last_iter88"

Restoring state from vegas_last_iter88.

Iteration 25:  175000000 integrand evaluations so far
[1] 1.01329e-10 +- 5.68675e-10  	chisq 17.5031 (24 df)

Saving state to vegas_last_iter88.
Vegas input parameters:
  ndim 11
  ncomp 1
  epsrel 0
  epsabs 0
  flags 291
  seed 2399
  mineval 1
  maxeval 1
  nstart 1000000
  nincrease 500000
  nbatch 1000
  gridno 1
  statefile "vegas_last_iter88"

Restoring state from vegas_last_iter88.

Iteration 26:  188500000 integrand evaluations so far
[1] 2.87719e-10 +- 5.47009e-10  	chisq 18.9403 (25 df)

Saving state to vegas_last_iter88.
Vegas input parameters:
  ndim 11
  ncomp 1
  epsrel 0
  epsabs 0
  flags 291
  seed 2487
  mineval 1
  maxeval 1
  nstart 1000000
  nincrease 500000
  nbatch 1000
  gridno 1
  statefile "vegas_last_iter88"

Restoring state from vegas_last_iter88.

Iteration 27:  202500000 integrand evaluations so far
[1] 2.47484e-10 +- 5.26982e-10  	chisq 19.0156 (26 df)

Saving state to vegas_last_iter88.
Thanks for using LHAPDF 6.3.0. Please make sure to cite the paper:
  Eur.Phys.J. C75 (2015) 3, 132  (http://arxiv.org/abs/1412.7420)
 method   =Vegas  
 nregions =           1
 neval    =   202500000
 fail     =           1
  0.247483596555E-09 +-   0.526982446367E-09   p =    0.131
