/var/lib/condor/execute/dir_9416
LHAPDF 6.3.0 loading /home/taebh/2021_Research/share/LHAPDF/NNPDF31_nnlo_as_0118_mc_hessian_pdfas/NNPDF31_nnlo_as_0118_mc_hessian_pdfas_0000.dat
NNPDF31_nnlo_as_0118_mc_hessian_pdfas PDF set, member #0, version 1
Vegas input parameters:
  ndim 11
  ncomp 1
  epsrel 0
  epsabs 0
  flags 291
  seed 241
  mineval 1
  maxeval 1
  nstart 1000000
  nincrease 500000
  nbatch 1000
  gridno 1
  statefile "vegas_last_iter130"

Iteration 1:  1000000 integrand evaluations so far
[1] 7.30573e-07 +- 4.1177e-07  	chisq 0 (0 df)

Saving state to vegas_last_iter130.
Vegas input parameters:
  ndim 11
  ncomp 1
  epsrel 0
  epsabs 0
  flags 291
  seed 371
  mineval 1
  maxeval 1
  nstart 1000000
  nincrease 500000
  nbatch 1000
  gridno 1
  statefile "vegas_last_iter130"

Restoring state from vegas_last_iter130.

Iteration 2:  2500000 integrand evaluations so far
[1] 5.97319e-07 +- 7.93415e-08  	chisq 0.108764 (1 df)

Saving state to vegas_last_iter130.
Vegas input parameters:
  ndim 11
  ncomp 1
  epsrel 0
  epsabs 0
  flags 291
  seed 501
  mineval 1
  maxeval 1
  nstart 1000000
  nincrease 500000
  nbatch 1000
  gridno 1
  statefile "vegas_last_iter130"

Restoring state from vegas_last_iter130.

Iteration 3:  4500000 integrand evaluations so far
[1] 5.85556e-07 +- 5.58192e-08  	chisq 0.152283 (2 df)

Saving state to vegas_last_iter130.
Vegas input parameters:
  ndim 11
  ncomp 1
  epsrel 0
  epsabs 0
  flags 291
  seed 631
  mineval 1
  maxeval 1
  nstart 1000000
  nincrease 500000
  nbatch 1000
  gridno 1
  statefile "vegas_last_iter130"

Restoring state from vegas_last_iter130.

Iteration 4:  7000000 integrand evaluations so far
[1] 5.82869e-07 +- 2.06611e-08  	chisq 0.154967 (3 df)

Saving state to vegas_last_iter130.
Vegas input parameters:
  ndim 11
  ncomp 1
  epsrel 0
  epsabs 0
  flags 291
  seed 761
  mineval 1
  maxeval 1
  nstart 1000000
  nincrease 500000
  nbatch 1000
  gridno 1
  statefile "vegas_last_iter130"

Restoring state from vegas_last_iter130.

Iteration 5:  10000000 integrand evaluations so far
[1] 5.68432e-07 +- 6.62171e-09  	chisq 0.699132 (4 df)

Saving state to vegas_last_iter130.
Vegas input parameters:
  ndim 11
  ncomp 1
  epsrel 0
  epsabs 0
  flags 291
  seed 891
  mineval 1
  maxeval 1
  nstart 1000000
  nincrease 500000
  nbatch 1000
  gridno 1
  statefile "vegas_last_iter130"

Restoring state from vegas_last_iter130.

Iteration 6:  13500000 integrand evaluations so far
[1] 5.71303e-07 +- 3.57675e-09  	chisq 0.964589 (5 df)

Saving state to vegas_last_iter130.
Vegas input parameters:
  ndim 11
  ncomp 1
  epsrel 0
  epsabs 0
  flags 291
  seed 1021
  mineval 1
  maxeval 1
  nstart 1000000
  nincrease 500000
  nbatch 1000
  gridno 1
  statefile "vegas_last_iter130"

Restoring state from vegas_last_iter130.

Iteration 7:  17500000 integrand evaluations so far
[1] 5.71425e-07 +- 2.47587e-09  	chisq 0.966798 (6 df)

Saving state to vegas_last_iter130.
Vegas input parameters:
  ndim 11
  ncomp 1
  epsrel 0
  epsabs 0
  flags 291
  seed 1151
  mineval 1
  maxeval 1
  nstart 1000000
  nincrease 500000
  nbatch 1000
  gridno 1
  statefile "vegas_last_iter130"

Restoring state from vegas_last_iter130.

Iteration 8:  22000000 integrand evaluations so far
[1] 5.71575e-07 +- 1.93284e-09  	chisq 0.976247 (7 df)

Saving state to vegas_last_iter130.
Vegas input parameters:
  ndim 11
  ncomp 1
  epsrel 0
  epsabs 0
  flags 291
  seed 1281
  mineval 1
  maxeval 1
  nstart 1000000
  nincrease 500000
  nbatch 1000
  gridno 1
  statefile "vegas_last_iter130"

Restoring state from vegas_last_iter130.

Iteration 9:  27000000 integrand evaluations so far
[1] 5.72135e-07 +- 1.60562e-09  	chisq 1.24722 (8 df)

Saving state to vegas_last_iter130.
Vegas input parameters:
  ndim 11
  ncomp 1
  epsrel 0
  epsabs 0
  flags 291
  seed 1411
  mineval 1
  maxeval 1
  nstart 1000000
  nincrease 500000
  nbatch 1000
  gridno 1
  statefile "vegas_last_iter130"

Restoring state from vegas_last_iter130.

Iteration 10:  32500000 integrand evaluations so far
[1] 5.72515e-07 +- 1.38362e-09  	chisq 1.46405 (9 df)

Saving state to vegas_last_iter130.
Vegas input parameters:
  ndim 11
  ncomp 1
  epsrel 0
  epsabs 0
  flags 291
  seed 1541
  mineval 1
  maxeval 1
  nstart 1000000
  nincrease 500000
  nbatch 1000
  gridno 1
  statefile "vegas_last_iter130"

Restoring state from vegas_last_iter130.

Iteration 11:  38500000 integrand evaluations so far
[1] 5.73017e-07 +- 1.22187e-09  	chisq 2.06275 (10 df)

Saving state to vegas_last_iter130.
Vegas input parameters:
  ndim 11
  ncomp 1
  epsrel 0
  epsabs 0
  flags 291
  seed 1671
  mineval 1
  maxeval 1
  nstart 1000000
  nincrease 500000
  nbatch 1000
  gridno 1
  statefile "vegas_last_iter130"

Restoring state from vegas_last_iter130.

Iteration 12:  45000000 integrand evaluations so far
[1] 5.73185e-07 +- 1.09778e-09  	chisq 2.16098 (11 df)

Saving state to vegas_last_iter130.
Vegas input parameters:
  ndim 11
  ncomp 1
  epsrel 0
  epsabs 0
  flags 291
  seed 1801
  mineval 1
  maxeval 1
  nstart 1000000
  nincrease 500000
  nbatch 1000
  gridno 1
  statefile "vegas_last_iter130"

Restoring state from vegas_last_iter130.

Iteration 13:  52000000 integrand evaluations so far
[1] 5.72632e-07 +- 9.98806e-10  	chisq 3.63321 (12 df)

Saving state to vegas_last_iter130.
Vegas input parameters:
  ndim 11
  ncomp 1
  epsrel 0
  epsabs 0
  flags 291
  seed 1931
  mineval 1
  maxeval 1
  nstart 1000000
  nincrease 500000
  nbatch 1000
  gridno 1
  statefile "vegas_last_iter130"

Restoring state from vegas_last_iter130.

Iteration 14:  59500000 integrand evaluations so far
[1] 5.72313e-07 +- 9.17521e-10  	chisq 4.28974 (13 df)

Saving state to vegas_last_iter130.
Vegas input parameters:
  ndim 11
  ncomp 1
  epsrel 0
  epsabs 0
  flags 291
  seed 2061
  mineval 1
  maxeval 1
  nstart 1000000
  nincrease 500000
  nbatch 1000
  gridno 1
  statefile "vegas_last_iter130"

Restoring state from vegas_last_iter130.

Iteration 15:  67500000 integrand evaluations so far
[1] 5.72129e-07 +- 8.49422e-10  	chisq 4.56983 (14 df)

Saving state to vegas_last_iter130.
Vegas input parameters:
  ndim 11
  ncomp 1
  epsrel 0
  epsabs 0
  flags 291
  seed 2191
  mineval 1
  maxeval 1
  nstart 1000000
  nincrease 500000
  nbatch 1000
  gridno 1
  statefile "vegas_last_iter130"

Restoring state from vegas_last_iter130.

Iteration 16:  76000000 integrand evaluations so far
[1] 5.72034e-07 +- 7.91577e-10  	chisq 4.66543 (15 df)

Saving state to vegas_last_iter130.
Vegas input parameters:
  ndim 11
  ncomp 1
  epsrel 0
  epsabs 0
  flags 291
  seed 2321
  mineval 1
  maxeval 1
  nstart 1000000
  nincrease 500000
  nbatch 1000
  gridno 1
  statefile "vegas_last_iter130"

Restoring state from vegas_last_iter130.

Iteration 17:  85000000 integrand evaluations so far
[1] 5.72059e-07 +- 7.41402e-10  	chisq 4.67345 (16 df)

Saving state to vegas_last_iter130.
Vegas input parameters:
  ndim 11
  ncomp 1
  epsrel 0
  epsabs 0
  flags 291
  seed 2451
  mineval 1
  maxeval 1
  nstart 1000000
  nincrease 500000
  nbatch 1000
  gridno 1
  statefile "vegas_last_iter130"

Restoring state from vegas_last_iter130.

Iteration 18:  94500000 integrand evaluations so far
[1] 5.71914e-07 +- 6.97577e-10  	chisq 5.00631 (17 df)

Saving state to vegas_last_iter130.
Vegas input parameters:
  ndim 11
  ncomp 1
  epsrel 0
  epsabs 0
  flags 291
  seed 2581
  mineval 1
  maxeval 1
  nstart 1000000
  nincrease 500000
  nbatch 1000
  gridno 1
  statefile "vegas_last_iter130"

Restoring state from vegas_last_iter130.

Iteration 19:  104500000 integrand evaluations so far
[1] 5.7197e-07 +- 6.59011e-10  	chisq 5.06631 (18 df)

Saving state to vegas_last_iter130.
Vegas input parameters:
  ndim 11
  ncomp 1
  epsrel 0
  epsabs 0
  flags 291
  seed 2711
  mineval 1
  maxeval 1
  nstart 1000000
  nincrease 500000
  nbatch 1000
  gridno 1
  statefile "vegas_last_iter130"

Restoring state from vegas_last_iter130.

Iteration 20:  115000000 integrand evaluations so far
[1] 5.72129e-07 +- 6.2464e-10  	chisq 5.64463 (19 df)

Saving state to vegas_last_iter130.
Vegas input parameters:
  ndim 11
  ncomp 1
  epsrel 0
  epsabs 0
  flags 291
  seed 2841
  mineval 1
  maxeval 1
  nstart 1000000
  nincrease 500000
  nbatch 1000
  gridno 1
  statefile "vegas_last_iter130"

Restoring state from vegas_last_iter130.

Iteration 21:  126000000 integrand evaluations so far
[1] 5.72173e-07 +- 5.9377e-10  	chisq 5.69559 (20 df)

Saving state to vegas_last_iter130.
Vegas input parameters:
  ndim 11
  ncomp 1
  epsrel 0
  epsabs 0
  flags 291
  seed 2971
  mineval 1
  maxeval 1
  nstart 1000000
  nincrease 500000
  nbatch 1000
  gridno 1
  statefile "vegas_last_iter130"

Restoring state from vegas_last_iter130.

Iteration 22:  137500000 integrand evaluations so far
[1] 5.72515e-07 +- 5.66001e-10  	chisq 9.33316 (21 df)

Saving state to vegas_last_iter130.
Vegas input parameters:
  ndim 11
  ncomp 1
  epsrel 0
  epsabs 0
  flags 291
  seed 3101
  mineval 1
  maxeval 1
  nstart 1000000
  nincrease 500000
  nbatch 1000
  gridno 1
  statefile "vegas_last_iter130"

Restoring state from vegas_last_iter130.

Iteration 23:  149500000 integrand evaluations so far
[1] 5.72856e-07 +- 5.40801e-10  	chisq 13.4866 (22 df)

Saving state to vegas_last_iter130.
Vegas input parameters:
  ndim 11
  ncomp 1
  epsrel 0
  epsabs 0
  flags 291
  seed 3231
  mineval 1
  maxeval 1
  nstart 1000000
  nincrease 500000
  nbatch 1000
  gridno 1
  statefile "vegas_last_iter130"

Restoring state from vegas_last_iter130.

Iteration 24:  162000000 integrand evaluations so far
[1] 5.73076e-07 +- 5.17748e-10  	chisq 15.4819 (23 df)

Saving state to vegas_last_iter130.
Vegas input parameters:
  ndim 11
  ncomp 1
  epsrel 0
  epsabs 0
  flags 291
  seed 3361
  mineval 1
  maxeval 1
  nstart 1000000
  nincrease 500000
  nbatch 1000
  gridno 1
  statefile "vegas_last_iter130"

Restoring state from vegas_last_iter130.

Iteration 25:  175000000 integrand evaluations so far
[1] 5.73364e-07 +- 4.96616e-10  	chisq 19.3383 (24 df)

Saving state to vegas_last_iter130.
Vegas input parameters:
  ndim 11
  ncomp 1
  epsrel 0
  epsabs 0
  flags 291
  seed 3491
  mineval 1
  maxeval 1
  nstart 1000000
  nincrease 500000
  nbatch 1000
  gridno 1
  statefile "vegas_last_iter130"

Restoring state from vegas_last_iter130.

Iteration 26:  188500000 integrand evaluations so far
[1] 5.73287e-07 +- 4.77245e-10  	chisq 19.6518 (25 df)

Saving state to vegas_last_iter130.
Vegas input parameters:
  ndim 11
  ncomp 1
  epsrel 0
  epsabs 0
  flags 291
  seed 3621
  mineval 1
  maxeval 1
  nstart 1000000
  nincrease 500000
  nbatch 1000
  gridno 1
  statefile "vegas_last_iter130"

Restoring state from vegas_last_iter130.

Iteration 27:  202500000 integrand evaluations so far
[1] 5.73068e-07 +- 4.59354e-10  	chisq 22.5259 (26 df)

Saving state to vegas_last_iter130.
Thanks for using LHAPDF 6.3.0. Please make sure to cite the paper:
  Eur.Phys.J. C75 (2015) 3, 132  (http://arxiv.org/abs/1412.7420)
 method   =Vegas  
 nregions =           1
 neval    =   202500000
 fail     =           1
  0.573067603059E-06 +-   0.459353883853E-09   p =    0.290
