/var/lib/condor/execute/dir_44333
LHAPDF 6.3.0 loading /home/taebh/2021_Research/share/LHAPDF/NNPDF31_nnlo_as_0118_mc_hessian_pdfas/NNPDF31_nnlo_as_0118_mc_hessian_pdfas_0000.dat
NNPDF31_nnlo_as_0118_mc_hessian_pdfas PDF set, member #0, version 1
Vegas input parameters:
  ndim 11
  ncomp 1
  epsrel 0
  epsabs 0
  flags 291
  seed 115
  mineval 1
  maxeval 1
  nstart 1000000
  nincrease 500000
  nbatch 1000
  gridno 1
  statefile "vegas_last_iter4"

Iteration 1:  1000000 integrand evaluations so far
[1] -0.00106077 +- 6.13803e-05  	chisq 0 (0 df)

Saving state to vegas_last_iter4.
Vegas input parameters:
  ndim 11
  ncomp 1
  epsrel 0
  epsabs 0
  flags 291
  seed 119
  mineval 1
  maxeval 1
  nstart 1000000
  nincrease 500000
  nbatch 1000
  gridno 1
  statefile "vegas_last_iter4"

Restoring state from vegas_last_iter4.

Iteration 2:  2500000 integrand evaluations so far
[1] -0.00103627 +- 2.75728e-05  	chisq 0.199645 (1 df)

Saving state to vegas_last_iter4.
Vegas input parameters:
  ndim 11
  ncomp 1
  epsrel 0
  epsabs 0
  flags 291
  seed 123
  mineval 1
  maxeval 1
  nstart 1000000
  nincrease 500000
  nbatch 1000
  gridno 1
  statefile "vegas_last_iter4"

Restoring state from vegas_last_iter4.

Iteration 3:  4500000 integrand evaluations so far
[1] -0.00103664 +- 1.00925e-05  	chisq 0.199855 (2 df)

Saving state to vegas_last_iter4.
Vegas input parameters:
  ndim 11
  ncomp 1
  epsrel 0
  epsabs 0
  flags 291
  seed 127
  mineval 1
  maxeval 1
  nstart 1000000
  nincrease 500000
  nbatch 1000
  gridno 1
  statefile "vegas_last_iter4"

Restoring state from vegas_last_iter4.

Iteration 4:  7000000 integrand evaluations so far
[1] -0.00103107 +- 4.68629e-06  	chisq 0.587616 (3 df)

Saving state to vegas_last_iter4.
Vegas input parameters:
  ndim 11
  ncomp 1
  epsrel 0
  epsabs 0
  flags 291
  seed 131
  mineval 1
  maxeval 1
  nstart 1000000
  nincrease 500000
  nbatch 1000
  gridno 1
  statefile "vegas_last_iter4"

Restoring state from vegas_last_iter4.

Iteration 5:  10000000 integrand evaluations so far
[1] -0.0010297 +- 2.29873e-06  	chisq 0.699736 (4 df)

Saving state to vegas_last_iter4.
Vegas input parameters:
  ndim 11
  ncomp 1
  epsrel 0
  epsabs 0
  flags 291
  seed 135
  mineval 1
  maxeval 1
  nstart 1000000
  nincrease 500000
  nbatch 1000
  gridno 1
  statefile "vegas_last_iter4"

Restoring state from vegas_last_iter4.

Iteration 6:  13500000 integrand evaluations so far
[1] -0.00103039 +- 1.38001e-06  	chisq 0.838819 (5 df)

Saving state to vegas_last_iter4.
Vegas input parameters:
  ndim 11
  ncomp 1
  epsrel 0
  epsabs 0
  flags 291
  seed 139
  mineval 1
  maxeval 1
  nstart 1000000
  nincrease 500000
  nbatch 1000
  gridno 1
  statefile "vegas_last_iter4"

Restoring state from vegas_last_iter4.

Iteration 7:  17500000 integrand evaluations so far
[1] -0.00102966 +- 9.98028e-07  	chisq 1.41796 (6 df)

Saving state to vegas_last_iter4.
Vegas input parameters:
  ndim 11
  ncomp 1
  epsrel 0
  epsabs 0
  flags 291
  seed 143
  mineval 1
  maxeval 1
  nstart 1000000
  nincrease 500000
  nbatch 1000
  gridno 1
  statefile "vegas_last_iter4"

Restoring state from vegas_last_iter4.

Iteration 8:  22000000 integrand evaluations so far
[1] -0.00102998 +- 7.92082e-07  	chisq 1.6891 (7 df)

Saving state to vegas_last_iter4.
Vegas input parameters:
  ndim 11
  ncomp 1
  epsrel 0
  epsabs 0
  flags 291
  seed 147
  mineval 1
  maxeval 1
  nstart 1000000
  nincrease 500000
  nbatch 1000
  gridno 1
  statefile "vegas_last_iter4"

Restoring state from vegas_last_iter4.

Iteration 9:  27000000 integrand evaluations so far
[1] -0.00102977 +- 6.70461e-07  	chisq 1.94327 (8 df)

Saving state to vegas_last_iter4.
Vegas input parameters:
  ndim 11
  ncomp 1
  epsrel 0
  epsabs 0
  flags 291
  seed 151
  mineval 1
  maxeval 1
  nstart 1000000
  nincrease 500000
  nbatch 1000
  gridno 1
  statefile "vegas_last_iter4"

Restoring state from vegas_last_iter4.

Iteration 10:  32500000 integrand evaluations so far
[1] -0.00103012 +- 5.8235e-07  	chisq 3.07789 (9 df)

Saving state to vegas_last_iter4.
Vegas input parameters:
  ndim 11
  ncomp 1
  epsrel 0
  epsabs 0
  flags 291
  seed 155
  mineval 1
  maxeval 1
  nstart 1000000
  nincrease 500000
  nbatch 1000
  gridno 1
  statefile "vegas_last_iter4"

Restoring state from vegas_last_iter4.

Iteration 11:  38500000 integrand evaluations so far
[1] -0.00102994 +- 5.15182e-07  	chisq 3.50803 (10 df)

Saving state to vegas_last_iter4.
Vegas input parameters:
  ndim 11
  ncomp 1
  epsrel 0
  epsabs 0
  flags 291
  seed 159
  mineval 1
  maxeval 1
  nstart 1000000
  nincrease 500000
  nbatch 1000
  gridno 1
  statefile "vegas_last_iter4"

Restoring state from vegas_last_iter4.

Iteration 12:  45000000 integrand evaluations so far
[1] -0.00102964 +- 4.62987e-07  	chisq 5.36928 (11 df)

Saving state to vegas_last_iter4.
Vegas input parameters:
  ndim 11
  ncomp 1
  epsrel 0
  epsabs 0
  flags 291
  seed 163
  mineval 1
  maxeval 1
  nstart 1000000
  nincrease 500000
  nbatch 1000
  gridno 1
  statefile "vegas_last_iter4"

Restoring state from vegas_last_iter4.

Iteration 13:  52000000 integrand evaluations so far
[1] -0.00102965 +- 4.21677e-07  	chisq 5.3784 (12 df)

Saving state to vegas_last_iter4.
Vegas input parameters:
  ndim 11
  ncomp 1
  epsrel 0
  epsabs 0
  flags 291
  seed 167
  mineval 1
  maxeval 1
  nstart 1000000
  nincrease 500000
  nbatch 1000
  gridno 1
  statefile "vegas_last_iter4"

Restoring state from vegas_last_iter4.

Iteration 14:  59500000 integrand evaluations so far
[1] -0.00102942 +- 3.87475e-07  	chisq 7.33699 (13 df)

Saving state to vegas_last_iter4.
Vegas input parameters:
  ndim 11
  ncomp 1
  epsrel 0
  epsabs 0
  flags 291
  seed 171
  mineval 1
  maxeval 1
  nstart 1000000
  nincrease 500000
  nbatch 1000
  gridno 1
  statefile "vegas_last_iter4"

Restoring state from vegas_last_iter4.

Iteration 15:  67500000 integrand evaluations so far
[1] -0.00102954 +- 3.58688e-07  	chisq 7.99316 (14 df)

Saving state to vegas_last_iter4.
Vegas input parameters:
  ndim 11
  ncomp 1
  epsrel 0
  epsabs 0
  flags 291
  seed 175
  mineval 1
  maxeval 1
  nstart 1000000
  nincrease 500000
  nbatch 1000
  gridno 1
  statefile "vegas_last_iter4"

Restoring state from vegas_last_iter4.

Iteration 16:  76000000 integrand evaluations so far
[1] -0.00102938 +- 3.3429e-07  	chisq 9.55051 (15 df)

Saving state to vegas_last_iter4.
Vegas input parameters:
  ndim 11
  ncomp 1
  epsrel 0
  epsabs 0
  flags 291
  seed 179
  mineval 1
  maxeval 1
  nstart 1000000
  nincrease 500000
  nbatch 1000
  gridno 1
  statefile "vegas_last_iter4"

Restoring state from vegas_last_iter4.

Iteration 17:  85000000 integrand evaluations so far
[1] -0.0010293 +- 3.13152e-07  	chisq 10.0322 (16 df)

Saving state to vegas_last_iter4.
Vegas input parameters:
  ndim 11
  ncomp 1
  epsrel 0
  epsabs 0
  flags 291
  seed 183
  mineval 1
  maxeval 1
  nstart 1000000
  nincrease 500000
  nbatch 1000
  gridno 1
  statefile "vegas_last_iter4"

Restoring state from vegas_last_iter4.

Iteration 18:  94500000 integrand evaluations so far
[1] -0.00102944 +- 2.94577e-07  	chisq 11.8054 (17 df)

Saving state to vegas_last_iter4.
Vegas input parameters:
  ndim 11
  ncomp 1
  epsrel 0
  epsabs 0
  flags 291
  seed 187
  mineval 1
  maxeval 1
  nstart 1000000
  nincrease 500000
  nbatch 1000
  gridno 1
  statefile "vegas_last_iter4"

Restoring state from vegas_last_iter4.

Iteration 19:  104500000 integrand evaluations so far
[1] -0.00102955 +- 2.78526e-07  	chisq 13.0909 (18 df)

Saving state to vegas_last_iter4.
Vegas input parameters:
  ndim 11
  ncomp 1
  epsrel 0
  epsabs 0
  flags 291
  seed 191
  mineval 1
  maxeval 1
  nstart 1000000
  nincrease 500000
  nbatch 1000
  gridno 1
  statefile "vegas_last_iter4"

Restoring state from vegas_last_iter4.

Iteration 20:  115000000 integrand evaluations so far
[1] -0.00102966 +- 2.63944e-07  	chisq 14.7079 (19 df)

Saving state to vegas_last_iter4.
Vegas input parameters:
  ndim 11
  ncomp 1
  epsrel 0
  epsabs 0
  flags 291
  seed 195
  mineval 1
  maxeval 1
  nstart 1000000
  nincrease 500000
  nbatch 1000
  gridno 1
  statefile "vegas_last_iter4"

Restoring state from vegas_last_iter4.

Iteration 21:  126000000 integrand evaluations so far
[1] -0.00102952 +- 2.50856e-07  	chisq 17.5185 (20 df)

Saving state to vegas_last_iter4.
Vegas input parameters:
  ndim 11
  ncomp 1
  epsrel 0
  epsabs 0
  flags 291
  seed 199
  mineval 1
  maxeval 1
  nstart 1000000
  nincrease 500000
  nbatch 1000
  gridno 1
  statefile "vegas_last_iter4"

Restoring state from vegas_last_iter4.

Iteration 22:  137500000 integrand evaluations so far
[1] -0.00102948 +- 2.39068e-07  	chisq 17.7644 (21 df)

Saving state to vegas_last_iter4.
Vegas input parameters:
  ndim 11
  ncomp 1
  epsrel 0
  epsabs 0
  flags 291
  seed 203
  mineval 1
  maxeval 1
  nstart 1000000
  nincrease 500000
  nbatch 1000
  gridno 1
  statefile "vegas_last_iter4"

Restoring state from vegas_last_iter4.

Iteration 23:  149500000 integrand evaluations so far
[1] -0.00102955 +- 2.28395e-07  	chisq 18.5673 (22 df)

Saving state to vegas_last_iter4.
Vegas input parameters:
  ndim 11
  ncomp 1
  epsrel 0
  epsabs 0
  flags 291
  seed 207
  mineval 1
  maxeval 1
  nstart 1000000
  nincrease 500000
  nbatch 1000
  gridno 1
  statefile "vegas_last_iter4"

Restoring state from vegas_last_iter4.

Iteration 24:  162000000 integrand evaluations so far
[1] -0.00102952 +- 2.18633e-07  	chisq 18.7795 (23 df)

Saving state to vegas_last_iter4.
Vegas input parameters:
  ndim 11
  ncomp 1
  epsrel 0
  epsabs 0
  flags 291
  seed 211
  mineval 1
  maxeval 1
  nstart 1000000
  nincrease 500000
  nbatch 1000
  gridno 1
  statefile "vegas_last_iter4"

Restoring state from vegas_last_iter4.

Iteration 25:  175000000 integrand evaluations so far
[1] -0.00102949 +- 2.0974e-07  	chisq 18.9257 (24 df)

Saving state to vegas_last_iter4.
Vegas input parameters:
  ndim 11
  ncomp 1
  epsrel 0
  epsabs 0
  flags 291
  seed 215
  mineval 1
  maxeval 1
  nstart 1000000
  nincrease 500000
  nbatch 1000
  gridno 1
  statefile "vegas_last_iter4"

Restoring state from vegas_last_iter4.

Iteration 26:  188500000 integrand evaluations so far
[1] -0.00102961 +- 2.01576e-07  	chisq 23.0175 (25 df)

Saving state to vegas_last_iter4.
Vegas input parameters:
  ndim 11
  ncomp 1
  epsrel 0
  epsabs 0
  flags 291
  seed 219
  mineval 1
  maxeval 1
  nstart 1000000
  nincrease 500000
  nbatch 1000
  gridno 1
  statefile "vegas_last_iter4"

Restoring state from vegas_last_iter4.

Iteration 27:  202500000 integrand evaluations so far
[1] -0.00102969 +- 1.93993e-07  	chisq 25.3684 (26 df)

Saving state to vegas_last_iter4.
Thanks for using LHAPDF 6.3.0. Please make sure to cite the paper:
  Eur.Phys.J. C75 (2015) 3, 132  (http://arxiv.org/abs/1412.7420)
 method   =Vegas  
 nregions =           1
 neval    =   202500000
 fail     =           1
 -0.102969479853E-02 +-   0.193992501671E-06   p =    0.446
