/var/lib/condor/execute/dir_35108
LHAPDF 6.3.0 loading /home/taebh/2021_Research/share/LHAPDF/NNPDF31_nnlo_as_0118_mc_hessian_pdfas/NNPDF31_nnlo_as_0118_mc_hessian_pdfas_0000.dat
NNPDF31_nnlo_as_0118_mc_hessian_pdfas PDF set, member #0, version 1
Vegas input parameters:
  ndim 11
  ncomp 1
  epsrel 0
  epsabs 0
  flags 291
  seed 193
  mineval 1
  maxeval 1
  nstart 1000000
  nincrease 500000
  nbatch 1000
  gridno 1
  statefile "vegas_last_iter82"

Iteration 1:  1000000 integrand evaluations so far
[1] -5.49212e-06 +- 9.18906e-08  	chisq 0 (0 df)

Saving state to vegas_last_iter82.
Vegas input parameters:
  ndim 11
  ncomp 1
  epsrel 0
  epsabs 0
  flags 291
  seed 275
  mineval 1
  maxeval 1
  nstart 1000000
  nincrease 500000
  nbatch 1000
  gridno 1
  statefile "vegas_last_iter82"

Restoring state from vegas_last_iter82.

Iteration 2:  2500000 integrand evaluations so far
[1] -5.53147e-06 +- 6.46878e-08  	chisq 0.363469 (1 df)

Saving state to vegas_last_iter82.
Vegas input parameters:
  ndim 11
  ncomp 1
  epsrel 0
  epsabs 0
  flags 291
  seed 357
  mineval 1
  maxeval 1
  nstart 1000000
  nincrease 500000
  nbatch 1000
  gridno 1
  statefile "vegas_last_iter82"

Restoring state from vegas_last_iter82.

Iteration 3:  4500000 integrand evaluations so far
[1] -5.51055e-06 +- 2.8348e-08  	chisq 0.492931 (2 df)

Saving state to vegas_last_iter82.
Vegas input parameters:
  ndim 11
  ncomp 1
  epsrel 0
  epsabs 0
  flags 291
  seed 439
  mineval 1
  maxeval 1
  nstart 1000000
  nincrease 500000
  nbatch 1000
  gridno 1
  statefile "vegas_last_iter82"

Restoring state from vegas_last_iter82.

Iteration 4:  7000000 integrand evaluations so far
[1] -5.47956e-06 +- 8.89426e-09  	chisq 1.81834 (3 df)

Saving state to vegas_last_iter82.
Vegas input parameters:
  ndim 11
  ncomp 1
  epsrel 0
  epsabs 0
  flags 291
  seed 521
  mineval 1
  maxeval 1
  nstart 1000000
  nincrease 500000
  nbatch 1000
  gridno 1
  statefile "vegas_last_iter82"

Restoring state from vegas_last_iter82.

Iteration 5:  10000000 integrand evaluations so far
[1] -5.47569e-06 +- 3.97813e-09  	chisq 2.05465 (4 df)

Saving state to vegas_last_iter82.
Vegas input parameters:
  ndim 11
  ncomp 1
  epsrel 0
  epsabs 0
  flags 291
  seed 603
  mineval 1
  maxeval 1
  nstart 1000000
  nincrease 500000
  nbatch 1000
  gridno 1
  statefile "vegas_last_iter82"

Restoring state from vegas_last_iter82.

Iteration 6:  13500000 integrand evaluations so far
[1] -5.47892e-06 +- 2.48809e-09  	chisq 3.13359 (5 df)

Saving state to vegas_last_iter82.
Vegas input parameters:
  ndim 11
  ncomp 1
  epsrel 0
  epsabs 0
  flags 291
  seed 685
  mineval 1
  maxeval 1
  nstart 1000000
  nincrease 500000
  nbatch 1000
  gridno 1
  statefile "vegas_last_iter82"

Restoring state from vegas_last_iter82.

Iteration 7:  17500000 integrand evaluations so far
[1] -5.48173e-06 +- 1.84437e-09  	chisq 5.97682 (6 df)

Saving state to vegas_last_iter82.
Vegas input parameters:
  ndim 11
  ncomp 1
  epsrel 0
  epsabs 0
  flags 291
  seed 767
  mineval 1
  maxeval 1
  nstart 1000000
  nincrease 500000
  nbatch 1000
  gridno 1
  statefile "vegas_last_iter82"

Restoring state from vegas_last_iter82.

Iteration 8:  22000000 integrand evaluations so far
[1] -5.4836e-06 +- 1.48182e-09  	chisq 8.87826 (7 df)

Saving state to vegas_last_iter82.
Vegas input parameters:
  ndim 11
  ncomp 1
  epsrel 0
  epsabs 0
  flags 291
  seed 849
  mineval 1
  maxeval 1
  nstart 1000000
  nincrease 500000
  nbatch 1000
  gridno 1
  statefile "vegas_last_iter82"

Restoring state from vegas_last_iter82.

Iteration 9:  27000000 integrand evaluations so far
[1] -5.48429e-06 +- 1.25089e-09  	chisq 9.63099 (8 df)

Saving state to vegas_last_iter82.
Vegas input parameters:
  ndim 11
  ncomp 1
  epsrel 0
  epsabs 0
  flags 291
  seed 931
  mineval 1
  maxeval 1
  nstart 1000000
  nincrease 500000
  nbatch 1000
  gridno 1
  statefile "vegas_last_iter82"

Restoring state from vegas_last_iter82.

Iteration 10:  32500000 integrand evaluations so far
[1] -5.48465e-06 +- 1.08868e-09  	chisq 9.97458 (9 df)

Saving state to vegas_last_iter82.
Vegas input parameters:
  ndim 11
  ncomp 1
  epsrel 0
  epsabs 0
  flags 291
  seed 1013
  mineval 1
  maxeval 1
  nstart 1000000
  nincrease 500000
  nbatch 1000
  gridno 1
  statefile "vegas_last_iter82"

Restoring state from vegas_last_iter82.

Iteration 11:  38500000 integrand evaluations so far
[1] -5.48457e-06 +- 9.67592e-10  	chisq 10.0018 (10 df)

Saving state to vegas_last_iter82.
Vegas input parameters:
  ndim 11
  ncomp 1
  epsrel 0
  epsabs 0
  flags 291
  seed 1095
  mineval 1
  maxeval 1
  nstart 1000000
  nincrease 500000
  nbatch 1000
  gridno 1
  statefile "vegas_last_iter82"

Restoring state from vegas_last_iter82.

Iteration 12:  45000000 integrand evaluations so far
[1] -5.48454e-06 +- 8.76106e-10  	chisq 10.0066 (11 df)

Saving state to vegas_last_iter82.
Vegas input parameters:
  ndim 11
  ncomp 1
  epsrel 0
  epsabs 0
  flags 291
  seed 1177
  mineval 1
  maxeval 1
  nstart 1000000
  nincrease 500000
  nbatch 1000
  gridno 1
  statefile "vegas_last_iter82"

Restoring state from vegas_last_iter82.

Iteration 13:  52000000 integrand evaluations so far
[1] -5.48433e-06 +- 7.99789e-10  	chisq 10.3695 (12 df)

Saving state to vegas_last_iter82.
Vegas input parameters:
  ndim 11
  ncomp 1
  epsrel 0
  epsabs 0
  flags 291
  seed 1259
  mineval 1
  maxeval 1
  nstart 1000000
  nincrease 500000
  nbatch 1000
  gridno 1
  statefile "vegas_last_iter82"

Restoring state from vegas_last_iter82.

Iteration 14:  59500000 integrand evaluations so far
[1] -5.48475e-06 +- 7.3645e-10  	chisq 12.1895 (13 df)

Saving state to vegas_last_iter82.
Vegas input parameters:
  ndim 11
  ncomp 1
  epsrel 0
  epsabs 0
  flags 291
  seed 1341
  mineval 1
  maxeval 1
  nstart 1000000
  nincrease 500000
  nbatch 1000
  gridno 1
  statefile "vegas_last_iter82"

Restoring state from vegas_last_iter82.

Iteration 15:  67500000 integrand evaluations so far
[1] -5.48455e-06 +- 6.82915e-10  	chisq 12.6957 (14 df)

Saving state to vegas_last_iter82.
Vegas input parameters:
  ndim 11
  ncomp 1
  epsrel 0
  epsabs 0
  flags 291
  seed 1423
  mineval 1
  maxeval 1
  nstart 1000000
  nincrease 500000
  nbatch 1000
  gridno 1
  statefile "vegas_last_iter82"

Restoring state from vegas_last_iter82.

Iteration 16:  76000000 integrand evaluations so far
[1] -5.48472e-06 +- 6.36539e-10  	chisq 13.1756 (15 df)

Saving state to vegas_last_iter82.
Vegas input parameters:
  ndim 11
  ncomp 1
  epsrel 0
  epsabs 0
  flags 291
  seed 1505
  mineval 1
  maxeval 1
  nstart 1000000
  nincrease 500000
  nbatch 1000
  gridno 1
  statefile "vegas_last_iter82"

Restoring state from vegas_last_iter82.

Iteration 17:  85000000 integrand evaluations so far
[1] -5.48447e-06 +- 5.96163e-10  	chisq 14.4756 (16 df)

Saving state to vegas_last_iter82.
Vegas input parameters:
  ndim 11
  ncomp 1
  epsrel 0
  epsabs 0
  flags 291
  seed 1587
  mineval 1
  maxeval 1
  nstart 1000000
  nincrease 500000
  nbatch 1000
  gridno 1
  statefile "vegas_last_iter82"

Restoring state from vegas_last_iter82.

Iteration 18:  94500000 integrand evaluations so far
[1] -5.48418e-06 +- 5.61068e-10  	chisq 16.599 (17 df)

Saving state to vegas_last_iter82.
Vegas input parameters:
  ndim 11
  ncomp 1
  epsrel 0
  epsabs 0
  flags 291
  seed 1669
  mineval 1
  maxeval 1
  nstart 1000000
  nincrease 500000
  nbatch 1000
  gridno 1
  statefile "vegas_last_iter82"

Restoring state from vegas_last_iter82.

Iteration 19:  104500000 integrand evaluations so far
[1] -5.48435e-06 +- 5.30084e-10  	chisq 17.5064 (18 df)

Saving state to vegas_last_iter82.
Vegas input parameters:
  ndim 11
  ncomp 1
  epsrel 0
  epsabs 0
  flags 291
  seed 1751
  mineval 1
  maxeval 1
  nstart 1000000
  nincrease 500000
  nbatch 1000
  gridno 1
  statefile "vegas_last_iter82"

Restoring state from vegas_last_iter82.

Iteration 20:  115000000 integrand evaluations so far
[1] -5.48457e-06 +- 5.02421e-10  	chisq 19.1611 (19 df)

Saving state to vegas_last_iter82.
Vegas input parameters:
  ndim 11
  ncomp 1
  epsrel 0
  epsabs 0
  flags 291
  seed 1833
  mineval 1
  maxeval 1
  nstart 1000000
  nincrease 500000
  nbatch 1000
  gridno 1
  statefile "vegas_last_iter82"

Restoring state from vegas_last_iter82.

Iteration 21:  126000000 integrand evaluations so far
[1] -5.48452e-06 +- 4.77656e-10  	chisq 19.2524 (20 df)

Saving state to vegas_last_iter82.
Vegas input parameters:
  ndim 11
  ncomp 1
  epsrel 0
  epsabs 0
  flags 291
  seed 1915
  mineval 1
  maxeval 1
  nstart 1000000
  nincrease 500000
  nbatch 1000
  gridno 1
  statefile "vegas_last_iter82"

Restoring state from vegas_last_iter82.

Iteration 22:  137500000 integrand evaluations so far
[1] -5.48422e-06 +- 4.55411e-10  	chisq 23.5499 (21 df)

Saving state to vegas_last_iter82.
Vegas input parameters:
  ndim 11
  ncomp 1
  epsrel 0
  epsabs 0
  flags 291
  seed 1997
  mineval 1
  maxeval 1
  nstart 1000000
  nincrease 500000
  nbatch 1000
  gridno 1
  statefile "vegas_last_iter82"

Restoring state from vegas_last_iter82.

Iteration 23:  149500000 integrand evaluations so far
[1] -5.48416e-06 +- 4.35119e-10  	chisq 23.7617 (22 df)

Saving state to vegas_last_iter82.
Vegas input parameters:
  ndim 11
  ncomp 1
  epsrel 0
  epsabs 0
  flags 291
  seed 2079
  mineval 1
  maxeval 1
  nstart 1000000
  nincrease 500000
  nbatch 1000
  gridno 1
  statefile "vegas_last_iter82"

Restoring state from vegas_last_iter82.

Iteration 24:  162000000 integrand evaluations so far
[1] -5.48393e-06 +- 4.16675e-10  	chisq 27.0651 (23 df)

Saving state to vegas_last_iter82.
Vegas input parameters:
  ndim 11
  ncomp 1
  epsrel 0
  epsabs 0
  flags 291
  seed 2161
  mineval 1
  maxeval 1
  nstart 1000000
  nincrease 500000
  nbatch 1000
  gridno 1
  statefile "vegas_last_iter82"

Restoring state from vegas_last_iter82.

Iteration 25:  175000000 integrand evaluations so far
[1] -5.48373e-06 +- 3.99799e-10  	chisq 30.1043 (24 df)

Saving state to vegas_last_iter82.
Vegas input parameters:
  ndim 11
  ncomp 1
  epsrel 0
  epsabs 0
  flags 291
  seed 2243
  mineval 1
  maxeval 1
  nstart 1000000
  nincrease 500000
  nbatch 1000
  gridno 1
  statefile "vegas_last_iter82"

Restoring state from vegas_last_iter82.

Iteration 26:  188500000 integrand evaluations so far
[1] -5.48385e-06 +- 3.84238e-10  	chisq 31.353 (25 df)

Saving state to vegas_last_iter82.
Vegas input parameters:
  ndim 11
  ncomp 1
  epsrel 0
  epsabs 0
  flags 291
  seed 2325
  mineval 1
  maxeval 1
  nstart 1000000
  nincrease 500000
  nbatch 1000
  gridno 1
  statefile "vegas_last_iter82"

Restoring state from vegas_last_iter82.

Iteration 27:  202500000 integrand evaluations so far
[1] -5.48387e-06 +- 3.69832e-10  	chisq 31.3804 (26 df)

Saving state to vegas_last_iter82.
Thanks for using LHAPDF 6.3.0. Please make sure to cite the paper:
  Eur.Phys.J. C75 (2015) 3, 132  (http://arxiv.org/abs/1412.7420)
 method   =Vegas  
 nregions =           1
 neval    =   202500000
 fail     =           1
 -0.548386897116E-05 +-   0.369832280117E-09   p =    0.744
