/var/lib/condor/execute/dir_10777
LHAPDF 6.3.0 loading /home/taebh/2021_Research/share/LHAPDF/NNPDF31_nnlo_as_0118_mc_hessian_pdfas/NNPDF31_nnlo_as_0118_mc_hessian_pdfas_0000.dat
NNPDF31_nnlo_as_0118_mc_hessian_pdfas PDF set, member #0, version 1
Vegas input parameters:
  ndim 11
  ncomp 1
  epsrel 0
  epsabs 0
  flags 291
  seed 252
  mineval 1
  maxeval 1
  nstart 1000000
  nincrease 500000
  nbatch 1000
  gridno 1
  statefile "vegas_last_iter141"

Iteration 1:  1000000 integrand evaluations so far
[1] -8.99214e-05 +- 7.17371e-05  	chisq 0 (0 df)

Saving state to vegas_last_iter141.
Vegas input parameters:
  ndim 11
  ncomp 1
  epsrel 0
  epsabs 0
  flags 291
  seed 393
  mineval 1
  maxeval 1
  nstart 1000000
  nincrease 500000
  nbatch 1000
  gridno 1
  statefile "vegas_last_iter141"

Restoring state from vegas_last_iter141.

Iteration 2:  2500000 integrand evaluations so far
[1] -1.9374e-05 +- 4.52293e-06  	chisq 0.970966 (1 df)

Saving state to vegas_last_iter141.
Vegas input parameters:
  ndim 11
  ncomp 1
  epsrel 0
  epsabs 0
  flags 291
  seed 534
  mineval 1
  maxeval 1
  nstart 1000000
  nincrease 500000
  nbatch 1000
  gridno 1
  statefile "vegas_last_iter141"

Restoring state from vegas_last_iter141.

Iteration 3:  4500000 integrand evaluations so far
[1] -1.79174e-05 +- 1.42507e-06  	chisq 1.08612 (2 df)

Saving state to vegas_last_iter141.
Vegas input parameters:
  ndim 11
  ncomp 1
  epsrel 0
  epsabs 0
  flags 291
  seed 675
  mineval 1
  maxeval 1
  nstart 1000000
  nincrease 500000
  nbatch 1000
  gridno 1
  statefile "vegas_last_iter141"

Restoring state from vegas_last_iter141.

Iteration 4:  7000000 integrand evaluations so far
[1] -1.88052e-05 +- 5.73529e-07  	chisq 1.54929 (3 df)

Saving state to vegas_last_iter141.
Vegas input parameters:
  ndim 11
  ncomp 1
  epsrel 0
  epsabs 0
  flags 291
  seed 816
  mineval 1
  maxeval 1
  nstart 1000000
  nincrease 500000
  nbatch 1000
  gridno 1
  statefile "vegas_last_iter141"

Restoring state from vegas_last_iter141.

Iteration 5:  10000000 integrand evaluations so far
[1] -1.94348e-05 +- 2.97384e-07  	chisq 3.19755 (4 df)

Saving state to vegas_last_iter141.
Vegas input parameters:
  ndim 11
  ncomp 1
  epsrel 0
  epsabs 0
  flags 291
  seed 957
  mineval 1
  maxeval 1
  nstart 1000000
  nincrease 500000
  nbatch 1000
  gridno 1
  statefile "vegas_last_iter141"

Restoring state from vegas_last_iter141.

Iteration 6:  13500000 integrand evaluations so far
[1] -1.89469e-05 +- 1.89357e-07  	chisq 7.72548 (5 df)

Saving state to vegas_last_iter141.
Vegas input parameters:
  ndim 11
  ncomp 1
  epsrel 0
  epsabs 0
  flags 291
  seed 1098
  mineval 1
  maxeval 1
  nstart 1000000
  nincrease 500000
  nbatch 1000
  gridno 1
  statefile "vegas_last_iter141"

Restoring state from vegas_last_iter141.

Iteration 7:  17500000 integrand evaluations so far
[1] -1.88945e-05 +- 1.40757e-07  	chisq 7.89612 (6 df)

Saving state to vegas_last_iter141.
Vegas input parameters:
  ndim 11
  ncomp 1
  epsrel 0
  epsabs 0
  flags 291
  seed 1239
  mineval 1
  maxeval 1
  nstart 1000000
  nincrease 500000
  nbatch 1000
  gridno 1
  statefile "vegas_last_iter141"

Restoring state from vegas_last_iter141.

Iteration 8:  22000000 integrand evaluations so far
[1] -1.87878e-05 +- 1.13881e-07  	chisq 9.56109 (7 df)

Saving state to vegas_last_iter141.
Vegas input parameters:
  ndim 11
  ncomp 1
  epsrel 0
  epsabs 0
  flags 291
  seed 1380
  mineval 1
  maxeval 1
  nstart 1000000
  nincrease 500000
  nbatch 1000
  gridno 1
  statefile "vegas_last_iter141"

Restoring state from vegas_last_iter141.

Iteration 9:  27000000 integrand evaluations so far
[1] -1.87514e-05 +- 9.64404e-08  	chisq 9.923 (8 df)

Saving state to vegas_last_iter141.
Vegas input parameters:
  ndim 11
  ncomp 1
  epsrel 0
  epsabs 0
  flags 291
  seed 1521
  mineval 1
  maxeval 1
  nstart 1000000
  nincrease 500000
  nbatch 1000
  gridno 1
  statefile "vegas_last_iter141"

Restoring state from vegas_last_iter141.

Iteration 10:  32500000 integrand evaluations so far
[1] -1.87688e-05 +- 8.40994e-08  	chisq 10.0588 (9 df)

Saving state to vegas_last_iter141.
Vegas input parameters:
  ndim 11
  ncomp 1
  epsrel 0
  epsabs 0
  flags 291
  seed 1662
  mineval 1
  maxeval 1
  nstart 1000000
  nincrease 500000
  nbatch 1000
  gridno 1
  statefile "vegas_last_iter141"

Restoring state from vegas_last_iter141.

Iteration 11:  38500000 integrand evaluations so far
[1] -1.87068e-05 +- 7.48617e-08  	chisq 12.6765 (10 df)

Saving state to vegas_last_iter141.
Vegas input parameters:
  ndim 11
  ncomp 1
  epsrel 0
  epsabs 0
  flags 291
  seed 1803
  mineval 1
  maxeval 1
  nstart 1000000
  nincrease 500000
  nbatch 1000
  gridno 1
  statefile "vegas_last_iter141"

Restoring state from vegas_last_iter141.

Iteration 12:  45000000 integrand evaluations so far
[1] -1.86695e-05 +- 6.76451e-08  	chisq 14.0293 (11 df)

Saving state to vegas_last_iter141.
Vegas input parameters:
  ndim 11
  ncomp 1
  epsrel 0
  epsabs 0
  flags 291
  seed 1944
  mineval 1
  maxeval 1
  nstart 1000000
  nincrease 500000
  nbatch 1000
  gridno 1
  statefile "vegas_last_iter141"

Restoring state from vegas_last_iter141.

Iteration 13:  52000000 integrand evaluations so far
[1] -1.86e-05 +- 6.17793e-08  	chisq 20.3932 (12 df)

Saving state to vegas_last_iter141.
Vegas input parameters:
  ndim 11
  ncomp 1
  epsrel 0
  epsabs 0
  flags 291
  seed 2085
  mineval 1
  maxeval 1
  nstart 1000000
  nincrease 500000
  nbatch 1000
  gridno 1
  statefile "vegas_last_iter141"

Restoring state from vegas_last_iter141.

Iteration 14:  59500000 integrand evaluations so far
[1] -1.85926e-05 +- 5.6937e-08  	chisq 20.4877 (13 df)

Saving state to vegas_last_iter141.
Vegas input parameters:
  ndim 11
  ncomp 1
  epsrel 0
  epsabs 0
  flags 291
  seed 2226
  mineval 1
  maxeval 1
  nstart 1000000
  nincrease 500000
  nbatch 1000
  gridno 1
  statefile "vegas_last_iter141"

Restoring state from vegas_last_iter141.

Iteration 15:  67500000 integrand evaluations so far
[1] -1.86075e-05 +- 5.28395e-08  	chisq 20.9826 (14 df)

Saving state to vegas_last_iter141.
Vegas input parameters:
  ndim 11
  ncomp 1
  epsrel 0
  epsabs 0
  flags 291
  seed 2367
  mineval 1
  maxeval 1
  nstart 1000000
  nincrease 500000
  nbatch 1000
  gridno 1
  statefile "vegas_last_iter141"

Restoring state from vegas_last_iter141.

Iteration 16:  76000000 integrand evaluations so far
[1] -1.85862e-05 +- 4.93262e-08  	chisq 22.2512 (15 df)

Saving state to vegas_last_iter141.
Vegas input parameters:
  ndim 11
  ncomp 1
  epsrel 0
  epsabs 0
  flags 291
  seed 2508
  mineval 1
  maxeval 1
  nstart 1000000
  nincrease 500000
  nbatch 1000
  gridno 1
  statefile "vegas_last_iter141"

Restoring state from vegas_last_iter141.

Iteration 17:  85000000 integrand evaluations so far
[1] -1.85941e-05 +- 4.62792e-08  	chisq 22.4696 (16 df)

Saving state to vegas_last_iter141.
Vegas input parameters:
  ndim 11
  ncomp 1
  epsrel 0
  epsabs 0
  flags 291
  seed 2649
  mineval 1
  maxeval 1
  nstart 1000000
  nincrease 500000
  nbatch 1000
  gridno 1
  statefile "vegas_last_iter141"

Restoring state from vegas_last_iter141.

Iteration 18:  94500000 integrand evaluations so far
[1] -1.86015e-05 +- 4.3601e-08  	chisq 22.6935 (17 df)

Saving state to vegas_last_iter141.
Vegas input parameters:
  ndim 11
  ncomp 1
  epsrel 0
  epsabs 0
  flags 291
  seed 2790
  mineval 1
  maxeval 1
  nstart 1000000
  nincrease 500000
  nbatch 1000
  gridno 1
  statefile "vegas_last_iter141"

Restoring state from vegas_last_iter141.

Iteration 19:  104500000 integrand evaluations so far
[1] -1.85882e-05 +- 4.12307e-08  	chisq 23.565 (18 df)

Saving state to vegas_last_iter141.
Vegas input parameters:
  ndim 11
  ncomp 1
  epsrel 0
  epsabs 0
  flags 291
  seed 2931
  mineval 1
  maxeval 1
  nstart 1000000
  nincrease 500000
  nbatch 1000
  gridno 1
  statefile "vegas_last_iter141"

Restoring state from vegas_last_iter141.

Iteration 20:  115000000 integrand evaluations so far
[1] -1.85854e-05 +- 3.91167e-08  	chisq 23.6124 (19 df)

Saving state to vegas_last_iter141.
Vegas input parameters:
  ndim 11
  ncomp 1
  epsrel 0
  epsabs 0
  flags 291
  seed 3072
  mineval 1
  maxeval 1
  nstart 1000000
  nincrease 500000
  nbatch 1000
  gridno 1
  statefile "vegas_last_iter141"

Restoring state from vegas_last_iter141.

Iteration 21:  126000000 integrand evaluations so far
[1] -1.85993e-05 +- 3.72188e-08  	chisq 24.9488 (20 df)

Saving state to vegas_last_iter141.
Vegas input parameters:
  ndim 11
  ncomp 1
  epsrel 0
  epsabs 0
  flags 291
  seed 3213
  mineval 1
  maxeval 1
  nstart 1000000
  nincrease 500000
  nbatch 1000
  gridno 1
  statefile "vegas_last_iter141"

Restoring state from vegas_last_iter141.

Iteration 22:  137500000 integrand evaluations so far
[1] -1.85977e-05 +- 3.55001e-08  	chisq 24.9698 (21 df)

Saving state to vegas_last_iter141.
Vegas input parameters:
  ndim 11
  ncomp 1
  epsrel 0
  epsabs 0
  flags 291
  seed 3354
  mineval 1
  maxeval 1
  nstart 1000000
  nincrease 500000
  nbatch 1000
  gridno 1
  statefile "vegas_last_iter141"

Restoring state from vegas_last_iter141.

Iteration 23:  149500000 integrand evaluations so far
[1] -1.86049e-05 +- 3.39395e-08  	chisq 25.4463 (22 df)

Saving state to vegas_last_iter141.
Vegas input parameters:
  ndim 11
  ncomp 1
  epsrel 0
  epsabs 0
  flags 291
  seed 3495
  mineval 1
  maxeval 1
  nstart 1000000
  nincrease 500000
  nbatch 1000
  gridno 1
  statefile "vegas_last_iter141"

Restoring state from vegas_last_iter141.

Iteration 24:  162000000 integrand evaluations so far
[1] -1.86069e-05 +- 3.25155e-08  	chisq 25.4901 (23 df)

Saving state to vegas_last_iter141.
Vegas input parameters:
  ndim 11
  ncomp 1
  epsrel 0
  epsabs 0
  flags 291
  seed 3636
  mineval 1
  maxeval 1
  nstart 1000000
  nincrease 500000
  nbatch 1000
  gridno 1
  statefile "vegas_last_iter141"

Restoring state from vegas_last_iter141.

Iteration 25:  175000000 integrand evaluations so far
[1] -1.86028e-05 +- 3.12159e-08  	chisq 25.6941 (24 df)

Saving state to vegas_last_iter141.
Vegas input parameters:
  ndim 11
  ncomp 1
  epsrel 0
  epsabs 0
  flags 291
  seed 3777
  mineval 1
  maxeval 1
  nstart 1000000
  nincrease 500000
  nbatch 1000
  gridno 1
  statefile "vegas_last_iter141"

Restoring state from vegas_last_iter141.

Iteration 26:  188500000 integrand evaluations so far
[1] -1.86095e-05 +- 3.00101e-08  	chisq 26.3064 (25 df)

Saving state to vegas_last_iter141.
Vegas input parameters:
  ndim 11
  ncomp 1
  epsrel 0
  epsabs 0
  flags 291
  seed 3918
  mineval 1
  maxeval 1
  nstart 1000000
  nincrease 500000
  nbatch 1000
  gridno 1
  statefile "vegas_last_iter141"

Restoring state from vegas_last_iter141.

Iteration 27:  202500000 integrand evaluations so far
[1] -1.86125e-05 +- 2.88954e-08  	chisq 26.4433 (26 df)

Saving state to vegas_last_iter141.
Thanks for using LHAPDF 6.3.0. Please make sure to cite the paper:
  Eur.Phys.J. C75 (2015) 3, 132  (http://arxiv.org/abs/1412.7420)
 method   =Vegas  
 nregions =           1
 neval    =   202500000
 fail     =           1
 -0.186125335264E-04 +-   0.288953878219E-07   p =    0.506
