/var/lib/condor/execute/dir_11112
LHAPDF 6.3.0 loading /home/taebh/2021_Research/share/LHAPDF/NNPDF31_nnlo_as_0118_mc_hessian_pdfas/NNPDF31_nnlo_as_0118_mc_hessian_pdfas_0000.dat
NNPDF31_nnlo_as_0118_mc_hessian_pdfas PDF set, member #0, version 1
Vegas input parameters:
  ndim 11
  ncomp 1
  epsrel 0
  epsabs 0
  flags 291
  seed 143
  mineval 1
  maxeval 1
  nstart 1000000
  nincrease 500000
  nbatch 1000
  gridno 1
  statefile "vegas_last_iter32"

Iteration 1:  1000000 integrand evaluations so far
[1] 7.06284e-06 +- 2.03816e-06  	chisq 0 (0 df)

Saving state to vegas_last_iter32.
Vegas input parameters:
  ndim 11
  ncomp 1
  epsrel 0
  epsabs 0
  flags 291
  seed 175
  mineval 1
  maxeval 1
  nstart 1000000
  nincrease 500000
  nbatch 1000
  gridno 1
  statefile "vegas_last_iter32"

Restoring state from vegas_last_iter32.

Iteration 2:  2500000 integrand evaluations so far
[1] 7.34665e-06 +- 1.1805e-06  	chisq 0.0291772 (1 df)

Saving state to vegas_last_iter32.
Vegas input parameters:
  ndim 11
  ncomp 1
  epsrel 0
  epsabs 0
  flags 291
  seed 207
  mineval 1
  maxeval 1
  nstart 1000000
  nincrease 500000
  nbatch 1000
  gridno 1
  statefile "vegas_last_iter32"

Restoring state from vegas_last_iter32.

Iteration 3:  4500000 integrand evaluations so far
[1] 6.55768e-06 +- 3.41668e-07  	chisq 0.516685 (2 df)

Saving state to vegas_last_iter32.
Vegas input parameters:
  ndim 11
  ncomp 1
  epsrel 0
  epsabs 0
  flags 291
  seed 239
  mineval 1
  maxeval 1
  nstart 1000000
  nincrease 500000
  nbatch 1000
  gridno 1
  statefile "vegas_last_iter32"

Restoring state from vegas_last_iter32.

Iteration 4:  7000000 integrand evaluations so far
[1] 6.52918e-06 +- 7.3395e-08  	chisq 0.523978 (3 df)

Saving state to vegas_last_iter32.
Vegas input parameters:
  ndim 11
  ncomp 1
  epsrel 0
  epsabs 0
  flags 291
  seed 271
  mineval 1
  maxeval 1
  nstart 1000000
  nincrease 500000
  nbatch 1000
  gridno 1
  statefile "vegas_last_iter32"

Restoring state from vegas_last_iter32.

Iteration 5:  10000000 integrand evaluations so far
[1] 6.44791e-06 +- 1.46017e-08  	chisq 1.80086 (4 df)

Saving state to vegas_last_iter32.
Vegas input parameters:
  ndim 11
  ncomp 1
  epsrel 0
  epsabs 0
  flags 291
  seed 303
  mineval 1
  maxeval 1
  nstart 1000000
  nincrease 500000
  nbatch 1000
  gridno 1
  statefile "vegas_last_iter32"

Restoring state from vegas_last_iter32.

Iteration 6:  13500000 integrand evaluations so far
[1] 6.47617e-06 +- 5.69278e-09  	chisq 6.22063 (5 df)

Saving state to vegas_last_iter32.
Vegas input parameters:
  ndim 11
  ncomp 1
  epsrel 0
  epsabs 0
  flags 291
  seed 335
  mineval 1
  maxeval 1
  nstart 1000000
  nincrease 500000
  nbatch 1000
  gridno 1
  statefile "vegas_last_iter32"

Restoring state from vegas_last_iter32.

Iteration 7:  17500000 integrand evaluations so far
[1] 6.4779e-06 +- 3.46499e-09  	chisq 6.36604 (6 df)

Saving state to vegas_last_iter32.
Vegas input parameters:
  ndim 11
  ncomp 1
  epsrel 0
  epsabs 0
  flags 291
  seed 367
  mineval 1
  maxeval 1
  nstart 1000000
  nincrease 500000
  nbatch 1000
  gridno 1
  statefile "vegas_last_iter32"

Restoring state from vegas_last_iter32.

Iteration 8:  22000000 integrand evaluations so far
[1] 6.47911e-06 +- 2.53501e-09  	chisq 6.63164 (7 df)

Saving state to vegas_last_iter32.
Vegas input parameters:
  ndim 11
  ncomp 1
  epsrel 0
  epsabs 0
  flags 291
  seed 399
  mineval 1
  maxeval 1
  nstart 1000000
  nincrease 500000
  nbatch 1000
  gridno 1
  statefile "vegas_last_iter32"

Restoring state from vegas_last_iter32.

Iteration 9:  27000000 integrand evaluations so far
[1] 6.47987e-06 +- 2.03192e-09  	chisq 6.87976 (8 df)

Saving state to vegas_last_iter32.
Vegas input parameters:
  ndim 11
  ncomp 1
  epsrel 0
  epsabs 0
  flags 291
  seed 431
  mineval 1
  maxeval 1
  nstart 1000000
  nincrease 500000
  nbatch 1000
  gridno 1
  statefile "vegas_last_iter32"

Restoring state from vegas_last_iter32.

Iteration 10:  32500000 integrand evaluations so far
[1] 6.47973e-06 +- 1.71473e-09  	chisq 6.89552 (9 df)

Saving state to vegas_last_iter32.
Vegas input parameters:
  ndim 11
  ncomp 1
  epsrel 0
  epsabs 0
  flags 291
  seed 463
  mineval 1
  maxeval 1
  nstart 1000000
  nincrease 500000
  nbatch 1000
  gridno 1
  statefile "vegas_last_iter32"

Restoring state from vegas_last_iter32.

Iteration 11:  38500000 integrand evaluations so far
[1] 6.48024e-06 +- 1.49416e-09  	chisq 7.26675 (10 df)

Saving state to vegas_last_iter32.
Vegas input parameters:
  ndim 11
  ncomp 1
  epsrel 0
  epsabs 0
  flags 291
  seed 495
  mineval 1
  maxeval 1
  nstart 1000000
  nincrease 500000
  nbatch 1000
  gridno 1
  statefile "vegas_last_iter32"

Restoring state from vegas_last_iter32.

Iteration 12:  45000000 integrand evaluations so far
[1] 6.47997e-06 +- 1.33012e-09  	chisq 7.43085 (11 df)

Saving state to vegas_last_iter32.
Vegas input parameters:
  ndim 11
  ncomp 1
  epsrel 0
  epsabs 0
  flags 291
  seed 527
  mineval 1
  maxeval 1
  nstart 1000000
  nincrease 500000
  nbatch 1000
  gridno 1
  statefile "vegas_last_iter32"

Restoring state from vegas_last_iter32.

Iteration 13:  52000000 integrand evaluations so far
[1] 6.47989e-06 +- 1.20222e-09  	chisq 7.45199 (12 df)

Saving state to vegas_last_iter32.
Vegas input parameters:
  ndim 11
  ncomp 1
  epsrel 0
  epsabs 0
  flags 291
  seed 559
  mineval 1
  maxeval 1
  nstart 1000000
  nincrease 500000
  nbatch 1000
  gridno 1
  statefile "vegas_last_iter32"

Restoring state from vegas_last_iter32.

Iteration 14:  59500000 integrand evaluations so far
[1] 6.47983e-06 +- 1.09869e-09  	chisq 7.46349 (13 df)

Saving state to vegas_last_iter32.
Vegas input parameters:
  ndim 11
  ncomp 1
  epsrel 0
  epsabs 0
  flags 291
  seed 591
  mineval 1
  maxeval 1
  nstart 1000000
  nincrease 500000
  nbatch 1000
  gridno 1
  statefile "vegas_last_iter32"

Restoring state from vegas_last_iter32.

Iteration 15:  67500000 integrand evaluations so far
[1] 6.4797e-06 +- 1.01342e-09  	chisq 7.56943 (14 df)

Saving state to vegas_last_iter32.
Vegas input parameters:
  ndim 11
  ncomp 1
  epsrel 0
  epsabs 0
  flags 291
  seed 623
  mineval 1
  maxeval 1
  nstart 1000000
  nincrease 500000
  nbatch 1000
  gridno 1
  statefile "vegas_last_iter32"

Restoring state from vegas_last_iter32.

Iteration 16:  76000000 integrand evaluations so far
[1] 6.48029e-06 +- 9.41308e-10  	chisq 10.0792 (15 df)

Saving state to vegas_last_iter32.
Vegas input parameters:
  ndim 11
  ncomp 1
  epsrel 0
  epsabs 0
  flags 291
  seed 655
  mineval 1
  maxeval 1
  nstart 1000000
  nincrease 500000
  nbatch 1000
  gridno 1
  statefile "vegas_last_iter32"

Restoring state from vegas_last_iter32.

Iteration 17:  85000000 integrand evaluations so far
[1] 6.48021e-06 +- 8.79442e-10  	chisq 10.1415 (16 df)

Saving state to vegas_last_iter32.
Vegas input parameters:
  ndim 11
  ncomp 1
  epsrel 0
  epsabs 0
  flags 291
  seed 687
  mineval 1
  maxeval 1
  nstart 1000000
  nincrease 500000
  nbatch 1000
  gridno 1
  statefile "vegas_last_iter32"

Restoring state from vegas_last_iter32.

Iteration 18:  94500000 integrand evaluations so far
[1] 6.48018e-06 +- 8.25781e-10  	chisq 10.1504 (17 df)

Saving state to vegas_last_iter32.
Vegas input parameters:
  ndim 11
  ncomp 1
  epsrel 0
  epsabs 0
  flags 291
  seed 719
  mineval 1
  maxeval 1
  nstart 1000000
  nincrease 500000
  nbatch 1000
  gridno 1
  statefile "vegas_last_iter32"

Restoring state from vegas_last_iter32.

Iteration 19:  104500000 integrand evaluations so far
[1] 6.47984e-06 +- 7.78768e-10  	chisq 11.6401 (18 df)

Saving state to vegas_last_iter32.
Vegas input parameters:
  ndim 11
  ncomp 1
  epsrel 0
  epsabs 0
  flags 291
  seed 751
  mineval 1
  maxeval 1
  nstart 1000000
  nincrease 500000
  nbatch 1000
  gridno 1
  statefile "vegas_last_iter32"

Restoring state from vegas_last_iter32.

Iteration 20:  115000000 integrand evaluations so far
[1] 6.47975e-06 +- 7.3704e-10  	chisq 11.7904 (19 df)

Saving state to vegas_last_iter32.
Vegas input parameters:
  ndim 11
  ncomp 1
  epsrel 0
  epsabs 0
  flags 291
  seed 783
  mineval 1
  maxeval 1
  nstart 1000000
  nincrease 500000
  nbatch 1000
  gridno 1
  statefile "vegas_last_iter32"

Restoring state from vegas_last_iter32.

Iteration 21:  126000000 integrand evaluations so far
[1] 6.47999e-06 +- 6.99766e-10  	chisq 12.9346 (20 df)

Saving state to vegas_last_iter32.
Vegas input parameters:
  ndim 11
  ncomp 1
  epsrel 0
  epsabs 0
  flags 291
  seed 815
  mineval 1
  maxeval 1
  nstart 1000000
  nincrease 500000
  nbatch 1000
  gridno 1
  statefile "vegas_last_iter32"

Restoring state from vegas_last_iter32.

Iteration 22:  137500000 integrand evaluations so far
[1] 6.4802e-06 +- 6.66198e-10  	chisq 13.9004 (21 df)

Saving state to vegas_last_iter32.
Vegas input parameters:
  ndim 11
  ncomp 1
  epsrel 0
  epsabs 0
  flags 291
  seed 847
  mineval 1
  maxeval 1
  nstart 1000000
  nincrease 500000
  nbatch 1000
  gridno 1
  statefile "vegas_last_iter32"

Restoring state from vegas_last_iter32.

Iteration 23:  149500000 integrand evaluations so far
[1] 6.48012e-06 +- 6.35875e-10  	chisq 14.0796 (22 df)

Saving state to vegas_last_iter32.
Vegas input parameters:
  ndim 11
  ncomp 1
  epsrel 0
  epsabs 0
  flags 291
  seed 879
  mineval 1
  maxeval 1
  nstart 1000000
  nincrease 500000
  nbatch 1000
  gridno 1
  statefile "vegas_last_iter32"

Restoring state from vegas_last_iter32.

Iteration 24:  162000000 integrand evaluations so far
[1] 6.47974e-06 +- 6.08272e-10  	chisq 18.3006 (23 df)

Saving state to vegas_last_iter32.
Vegas input parameters:
  ndim 11
  ncomp 1
  epsrel 0
  epsabs 0
  flags 291
  seed 911
  mineval 1
  maxeval 1
  nstart 1000000
  nincrease 500000
  nbatch 1000
  gridno 1
  statefile "vegas_last_iter32"

Restoring state from vegas_last_iter32.

Iteration 25:  175000000 integrand evaluations so far
[1] 6.47965e-06 +- 5.8301e-10  	chisq 18.55 (24 df)

Saving state to vegas_last_iter32.
Vegas input parameters:
  ndim 11
  ncomp 1
  epsrel 0
  epsabs 0
  flags 291
  seed 943
  mineval 1
  maxeval 1
  nstart 1000000
  nincrease 500000
  nbatch 1000
  gridno 1
  statefile "vegas_last_iter32"

Restoring state from vegas_last_iter32.

Iteration 26:  188500000 integrand evaluations so far
[1] 6.47948e-06 +- 5.59818e-10  	chisq 19.7248 (25 df)

Saving state to vegas_last_iter32.
Vegas input parameters:
  ndim 11
  ncomp 1
  epsrel 0
  epsabs 0
  flags 291
  seed 975
  mineval 1
  maxeval 1
  nstart 1000000
  nincrease 500000
  nbatch 1000
  gridno 1
  statefile "vegas_last_iter32"

Restoring state from vegas_last_iter32.

Iteration 27:  202500000 integrand evaluations so far
[1] 6.47945e-06 +- 5.38496e-10  	chisq 19.7538 (26 df)

Saving state to vegas_last_iter32.
Thanks for using LHAPDF 6.3.0. Please make sure to cite the paper:
  Eur.Phys.J. C75 (2015) 3, 132  (http://arxiv.org/abs/1412.7420)
 method   =Vegas  
 nregions =           1
 neval    =   202500000
 fail     =           1
  0.647944950460E-05 +-   0.538495682797E-09   p =    0.159
