/var/lib/condor/execute/dir_9409
LHAPDF 6.3.0 loading /home/taebh/2021_Research/share/LHAPDF/NNPDF31_nnlo_as_0118_mc_hessian_pdfas/NNPDF31_nnlo_as_0118_mc_hessian_pdfas_0000.dat
NNPDF31_nnlo_as_0118_mc_hessian_pdfas PDF set, member #0, version 1
Vegas input parameters:
  ndim 11
  ncomp 1
  epsrel 0
  epsabs 0
  flags 291
  seed 240
  mineval 1
  maxeval 1
  nstart 1000000
  nincrease 500000
  nbatch 1000
  gridno 1
  statefile "vegas_last_iter129"

Iteration 1:  1000000 integrand evaluations so far
[1] -2.9099e-06 +- 9.45336e-08  	chisq 0 (0 df)

Saving state to vegas_last_iter129.
Vegas input parameters:
  ndim 11
  ncomp 1
  epsrel 0
  epsabs 0
  flags 291
  seed 369
  mineval 1
  maxeval 1
  nstart 1000000
  nincrease 500000
  nbatch 1000
  gridno 1
  statefile "vegas_last_iter129"

Restoring state from vegas_last_iter129.

Iteration 2:  2500000 integrand evaluations so far
[1] -3.01497e-06 +- 6.44806e-08  	chisq 2.30995 (1 df)

Saving state to vegas_last_iter129.
Vegas input parameters:
  ndim 11
  ncomp 1
  epsrel 0
  epsabs 0
  flags 291
  seed 498
  mineval 1
  maxeval 1
  nstart 1000000
  nincrease 500000
  nbatch 1000
  gridno 1
  statefile "vegas_last_iter129"

Restoring state from vegas_last_iter129.

Iteration 3:  4500000 integrand evaluations so far
[1] -3.06394e-06 +- 2.32062e-08  	chisq 2.9727 (2 df)

Saving state to vegas_last_iter129.
Vegas input parameters:
  ndim 11
  ncomp 1
  epsrel 0
  epsabs 0
  flags 291
  seed 627
  mineval 1
  maxeval 1
  nstart 1000000
  nincrease 500000
  nbatch 1000
  gridno 1
  statefile "vegas_last_iter129"

Restoring state from vegas_last_iter129.

Iteration 4:  7000000 integrand evaluations so far
[1] -3.09536e-06 +- 7.55538e-09  	chisq 5.02299 (3 df)

Saving state to vegas_last_iter129.
Vegas input parameters:
  ndim 11
  ncomp 1
  epsrel 0
  epsabs 0
  flags 291
  seed 756
  mineval 1
  maxeval 1
  nstart 1000000
  nincrease 500000
  nbatch 1000
  gridno 1
  statefile "vegas_last_iter129"

Restoring state from vegas_last_iter129.

Iteration 5:  10000000 integrand evaluations so far
[1] -3.08307e-06 +- 3.48947e-09  	chisq 8.38684 (4 df)

Saving state to vegas_last_iter129.
Vegas input parameters:
  ndim 11
  ncomp 1
  epsrel 0
  epsabs 0
  flags 291
  seed 885
  mineval 1
  maxeval 1
  nstart 1000000
  nincrease 500000
  nbatch 1000
  gridno 1
  statefile "vegas_last_iter129"

Restoring state from vegas_last_iter129.

Iteration 6:  13500000 integrand evaluations so far
[1] -3.08427e-06 +- 2.08293e-09  	chisq 8.56888 (5 df)

Saving state to vegas_last_iter129.
Vegas input parameters:
  ndim 11
  ncomp 1
  epsrel 0
  epsabs 0
  flags 291
  seed 1014
  mineval 1
  maxeval 1
  nstart 1000000
  nincrease 500000
  nbatch 1000
  gridno 1
  statefile "vegas_last_iter129"

Restoring state from vegas_last_iter129.

Iteration 7:  17500000 integrand evaluations so far
[1] -3.084e-06 +- 1.49338e-09  	chisq 8.60307 (6 df)

Saving state to vegas_last_iter129.
Vegas input parameters:
  ndim 11
  ncomp 1
  epsrel 0
  epsabs 0
  flags 291
  seed 1143
  mineval 1
  maxeval 1
  nstart 1000000
  nincrease 500000
  nbatch 1000
  gridno 1
  statefile "vegas_last_iter129"

Restoring state from vegas_last_iter129.

Iteration 8:  22000000 integrand evaluations so far
[1] -3.08586e-06 +- 1.18099e-09  	chisq 12.7574 (7 df)

Saving state to vegas_last_iter129.
Vegas input parameters:
  ndim 11
  ncomp 1
  epsrel 0
  epsabs 0
  flags 291
  seed 1272
  mineval 1
  maxeval 1
  nstart 1000000
  nincrease 500000
  nbatch 1000
  gridno 1
  statefile "vegas_last_iter129"

Restoring state from vegas_last_iter129.

Iteration 9:  27000000 integrand evaluations so far
[1] -3.08515e-06 +- 9.87931e-10  	chisq 13.9663 (8 df)

Saving state to vegas_last_iter129.
Vegas input parameters:
  ndim 11
  ncomp 1
  epsrel 0
  epsabs 0
  flags 291
  seed 1401
  mineval 1
  maxeval 1
  nstart 1000000
  nincrease 500000
  nbatch 1000
  gridno 1
  statefile "vegas_last_iter129"

Restoring state from vegas_last_iter129.

Iteration 10:  32500000 integrand evaluations so far
[1] -3.08509e-06 +- 8.54873e-10  	chisq 13.9831 (9 df)

Saving state to vegas_last_iter129.
Vegas input parameters:
  ndim 11
  ncomp 1
  epsrel 0
  epsabs 0
  flags 291
  seed 1530
  mineval 1
  maxeval 1
  nstart 1000000
  nincrease 500000
  nbatch 1000
  gridno 1
  statefile "vegas_last_iter129"

Restoring state from vegas_last_iter129.

Iteration 11:  38500000 integrand evaluations so far
[1] -3.0854e-06 +- 7.5664e-10  	chisq 14.6149 (10 df)

Saving state to vegas_last_iter129.
Vegas input parameters:
  ndim 11
  ncomp 1
  epsrel 0
  epsabs 0
  flags 291
  seed 1659
  mineval 1
  maxeval 1
  nstart 1000000
  nincrease 500000
  nbatch 1000
  gridno 1
  statefile "vegas_last_iter129"

Restoring state from vegas_last_iter129.

Iteration 12:  45000000 integrand evaluations so far
[1] -3.08542e-06 +- 6.81125e-10  	chisq 14.6174 (11 df)

Saving state to vegas_last_iter129.
Vegas input parameters:
  ndim 11
  ncomp 1
  epsrel 0
  epsabs 0
  flags 291
  seed 1788
  mineval 1
  maxeval 1
  nstart 1000000
  nincrease 500000
  nbatch 1000
  gridno 1
  statefile "vegas_last_iter129"

Restoring state from vegas_last_iter129.

Iteration 13:  52000000 integrand evaluations so far
[1] -3.085e-06 +- 6.20312e-10  	chisq 16.8159 (12 df)

Saving state to vegas_last_iter129.
Vegas input parameters:
  ndim 11
  ncomp 1
  epsrel 0
  epsabs 0
  flags 291
  seed 1917
  mineval 1
  maxeval 1
  nstart 1000000
  nincrease 500000
  nbatch 1000
  gridno 1
  statefile "vegas_last_iter129"

Restoring state from vegas_last_iter129.

Iteration 14:  59500000 integrand evaluations so far
[1] -3.08538e-06 +- 5.70356e-10  	chisq 19.2643 (13 df)

Saving state to vegas_last_iter129.
Vegas input parameters:
  ndim 11
  ncomp 1
  epsrel 0
  epsabs 0
  flags 291
  seed 2046
  mineval 1
  maxeval 1
  nstart 1000000
  nincrease 500000
  nbatch 1000
  gridno 1
  statefile "vegas_last_iter129"

Restoring state from vegas_last_iter129.

Iteration 15:  67500000 integrand evaluations so far
[1] -3.08566e-06 +- 5.28357e-10  	chisq 20.9672 (14 df)

Saving state to vegas_last_iter129.
Vegas input parameters:
  ndim 11
  ncomp 1
  epsrel 0
  epsabs 0
  flags 291
  seed 2175
  mineval 1
  maxeval 1
  nstart 1000000
  nincrease 500000
  nbatch 1000
  gridno 1
  statefile "vegas_last_iter129"

Restoring state from vegas_last_iter129.

Iteration 16:  76000000 integrand evaluations so far
[1] -3.08589e-06 +- 4.92553e-10  	chisq 22.347 (15 df)

Saving state to vegas_last_iter129.
Vegas input parameters:
  ndim 11
  ncomp 1
  epsrel 0
  epsabs 0
  flags 291
  seed 2304
  mineval 1
  maxeval 1
  nstart 1000000
  nincrease 500000
  nbatch 1000
  gridno 1
  statefile "vegas_last_iter129"

Restoring state from vegas_last_iter129.

Iteration 17:  85000000 integrand evaluations so far
[1] -3.08582e-06 +- 4.61548e-10  	chisq 22.5002 (16 df)

Saving state to vegas_last_iter129.
Vegas input parameters:
  ndim 11
  ncomp 1
  epsrel 0
  epsabs 0
  flags 291
  seed 2433
  mineval 1
  maxeval 1
  nstart 1000000
  nincrease 500000
  nbatch 1000
  gridno 1
  statefile "vegas_last_iter129"

Restoring state from vegas_last_iter129.

Iteration 18:  94500000 integrand evaluations so far
[1] -3.08561e-06 +- 4.34464e-10  	chisq 24.3733 (17 df)

Saving state to vegas_last_iter129.
Vegas input parameters:
  ndim 11
  ncomp 1
  epsrel 0
  epsabs 0
  flags 291
  seed 2562
  mineval 1
  maxeval 1
  nstart 1000000
  nincrease 500000
  nbatch 1000
  gridno 1
  statefile "vegas_last_iter129"

Restoring state from vegas_last_iter129.

Iteration 19:  104500000 integrand evaluations so far
[1] -3.08569e-06 +- 4.10517e-10  	chisq 24.7102 (18 df)

Saving state to vegas_last_iter129.
Vegas input parameters:
  ndim 11
  ncomp 1
  epsrel 0
  epsabs 0
  flags 291
  seed 2691
  mineval 1
  maxeval 1
  nstart 1000000
  nincrease 500000
  nbatch 1000
  gridno 1
  statefile "vegas_last_iter129"

Restoring state from vegas_last_iter129.

Iteration 20:  115000000 integrand evaluations so far
[1] -3.08553e-06 +- 3.89167e-10  	chisq 26.1808 (19 df)

Saving state to vegas_last_iter129.
Vegas input parameters:
  ndim 11
  ncomp 1
  epsrel 0
  epsabs 0
  flags 291
  seed 2820
  mineval 1
  maxeval 1
  nstart 1000000
  nincrease 500000
  nbatch 1000
  gridno 1
  statefile "vegas_last_iter129"

Restoring state from vegas_last_iter129.

Iteration 21:  126000000 integrand evaluations so far
[1] -3.08572e-06 +- 3.69971e-10  	chisq 28.5742 (20 df)

Saving state to vegas_last_iter129.
Vegas input parameters:
  ndim 11
  ncomp 1
  epsrel 0
  epsabs 0
  flags 291
  seed 2949
  mineval 1
  maxeval 1
  nstart 1000000
  nincrease 500000
  nbatch 1000
  gridno 1
  statefile "vegas_last_iter129"

Restoring state from vegas_last_iter129.

Iteration 22:  137500000 integrand evaluations so far
[1] -3.08563e-06 +- 3.52725e-10  	chisq 29.229 (21 df)

Saving state to vegas_last_iter129.
Vegas input parameters:
  ndim 11
  ncomp 1
  epsrel 0
  epsabs 0
  flags 291
  seed 3078
  mineval 1
  maxeval 1
  nstart 1000000
  nincrease 500000
  nbatch 1000
  gridno 1
  statefile "vegas_last_iter129"

Restoring state from vegas_last_iter129.

Iteration 23:  149500000 integrand evaluations so far
[1] -3.08545e-06 +- 3.37068e-10  	chisq 32.2038 (22 df)

Saving state to vegas_last_iter129.
Vegas input parameters:
  ndim 11
  ncomp 1
  epsrel 0
  epsabs 0
  flags 291
  seed 3207
  mineval 1
  maxeval 1
  nstart 1000000
  nincrease 500000
  nbatch 1000
  gridno 1
  statefile "vegas_last_iter129"

Restoring state from vegas_last_iter129.

Iteration 24:  162000000 integrand evaluations so far
[1] -3.08554e-06 +- 3.22756e-10  	chisq 33.1911 (23 df)

Saving state to vegas_last_iter129.
Vegas input parameters:
  ndim 11
  ncomp 1
  epsrel 0
  epsabs 0
  flags 291
  seed 3336
  mineval 1
  maxeval 1
  nstart 1000000
  nincrease 500000
  nbatch 1000
  gridno 1
  statefile "vegas_last_iter129"

Restoring state from vegas_last_iter129.

Iteration 25:  175000000 integrand evaluations so far
[1] -3.0854e-06 +- 3.09671e-10  	chisq 35.5963 (24 df)

Saving state to vegas_last_iter129.
Vegas input parameters:
  ndim 11
  ncomp 1
  epsrel 0
  epsabs 0
  flags 291
  seed 3465
  mineval 1
  maxeval 1
  nstart 1000000
  nincrease 500000
  nbatch 1000
  gridno 1
  statefile "vegas_last_iter129"

Restoring state from vegas_last_iter129.

Iteration 26:  188500000 integrand evaluations so far
[1] -3.08549e-06 +- 2.97618e-10  	chisq 36.653 (25 df)

Saving state to vegas_last_iter129.
Vegas input parameters:
  ndim 11
  ncomp 1
  epsrel 0
  epsabs 0
  flags 291
  seed 3594
  mineval 1
  maxeval 1
  nstart 1000000
  nincrease 500000
  nbatch 1000
  gridno 1
  statefile "vegas_last_iter129"

Restoring state from vegas_last_iter129.

Iteration 27:  202500000 integrand evaluations so far
[1] -3.08568e-06 +- 2.86478e-10  	chisq 42.1326 (26 df)

Saving state to vegas_last_iter129.
Thanks for using LHAPDF 6.3.0. Please make sure to cite the paper:
  Eur.Phys.J. C75 (2015) 3, 132  (http://arxiv.org/abs/1412.7420)
 method   =Vegas  
 nregions =           1
 neval    =   202500000
 fail     =           1
 -0.308568059759E-05 +-   0.286477966933E-09   p =    0.968
