/var/lib/condor/execute/dir_36119
LHAPDF 6.3.0 loading /home/taebh/2021_Research/share/LHAPDF/NNPDF31_nnlo_as_0118_mc_hessian_pdfas/NNPDF31_nnlo_as_0118_mc_hessian_pdfas_0000.dat
NNPDF31_nnlo_as_0118_mc_hessian_pdfas PDF set, member #0, version 1
Vegas input parameters:
  ndim 11
  ncomp 1
  epsrel 0
  epsabs 0
  flags 291
  seed 205
  mineval 1
  maxeval 1
  nstart 1000000
  nincrease 500000
  nbatch 1000
  gridno 1
  statefile "vegas_last_iter94"

Iteration 1:  1000000 integrand evaluations so far
[1] -0.00231845 +- 2.80496e-05  	chisq 0 (0 df)

Saving state to vegas_last_iter94.
Vegas input parameters:
  ndim 11
  ncomp 1
  epsrel 0
  epsabs 0
  flags 291
  seed 299
  mineval 1
  maxeval 1
  nstart 1000000
  nincrease 500000
  nbatch 1000
  gridno 1
  statefile "vegas_last_iter94"

Restoring state from vegas_last_iter94.

Iteration 2:  2500000 integrand evaluations so far
[1] -0.00231592 +- 1.31247e-05  	chisq 0.0104434 (1 df)

Saving state to vegas_last_iter94.
Vegas input parameters:
  ndim 11
  ncomp 1
  epsrel 0
  epsabs 0
  flags 291
  seed 393
  mineval 1
  maxeval 1
  nstart 1000000
  nincrease 500000
  nbatch 1000
  gridno 1
  statefile "vegas_last_iter94"

Restoring state from vegas_last_iter94.

Iteration 3:  4500000 integrand evaluations so far
[1] -0.00233365 +- 5.78195e-06  	chisq 2.27662 (2 df)

Saving state to vegas_last_iter94.
Vegas input parameters:
  ndim 11
  ncomp 1
  epsrel 0
  epsabs 0
  flags 291
  seed 487
  mineval 1
  maxeval 1
  nstart 1000000
  nincrease 500000
  nbatch 1000
  gridno 1
  statefile "vegas_last_iter94"

Restoring state from vegas_last_iter94.

Iteration 4:  7000000 integrand evaluations so far
[1] -0.00233589 +- 3.2198e-06  	chisq 2.49426 (3 df)

Saving state to vegas_last_iter94.
Vegas input parameters:
  ndim 11
  ncomp 1
  epsrel 0
  epsabs 0
  flags 291
  seed 581
  mineval 1
  maxeval 1
  nstart 1000000
  nincrease 500000
  nbatch 1000
  gridno 1
  statefile "vegas_last_iter94"

Restoring state from vegas_last_iter94.

Iteration 5:  10000000 integrand evaluations so far
[1] -0.00233729 +- 2.10829e-06  	chisq 2.82227 (4 df)

Saving state to vegas_last_iter94.
Vegas input parameters:
  ndim 11
  ncomp 1
  epsrel 0
  epsabs 0
  flags 291
  seed 675
  mineval 1
  maxeval 1
  nstart 1000000
  nincrease 500000
  nbatch 1000
  gridno 1
  statefile "vegas_last_iter94"

Restoring state from vegas_last_iter94.

Iteration 6:  13500000 integrand evaluations so far
[1] -0.00233612 +- 1.53748e-06  	chisq 3.47259 (5 df)

Saving state to vegas_last_iter94.
Vegas input parameters:
  ndim 11
  ncomp 1
  epsrel 0
  epsabs 0
  flags 291
  seed 769
  mineval 1
  maxeval 1
  nstart 1000000
  nincrease 500000
  nbatch 1000
  gridno 1
  statefile "vegas_last_iter94"

Restoring state from vegas_last_iter94.

Iteration 7:  17500000 integrand evaluations so far
[1] -0.00233479 +- 1.21484e-06  	chisq 5.48658 (6 df)

Saving state to vegas_last_iter94.
Vegas input parameters:
  ndim 11
  ncomp 1
  epsrel 0
  epsabs 0
  flags 291
  seed 863
  mineval 1
  maxeval 1
  nstart 1000000
  nincrease 500000
  nbatch 1000
  gridno 1
  statefile "vegas_last_iter94"

Restoring state from vegas_last_iter94.

Iteration 8:  22000000 integrand evaluations so far
[1] -0.00233497 +- 1.01501e-06  	chisq 5.55801 (7 df)

Saving state to vegas_last_iter94.
Vegas input parameters:
  ndim 11
  ncomp 1
  epsrel 0
  epsabs 0
  flags 291
  seed 957
  mineval 1
  maxeval 1
  nstart 1000000
  nincrease 500000
  nbatch 1000
  gridno 1
  statefile "vegas_last_iter94"

Restoring state from vegas_last_iter94.

Iteration 9:  27000000 integrand evaluations so far
[1] -0.00233457 +- 8.77058e-07  	chisq 6.16364 (8 df)

Saving state to vegas_last_iter94.
Vegas input parameters:
  ndim 11
  ncomp 1
  epsrel 0
  epsabs 0
  flags 291
  seed 1051
  mineval 1
  maxeval 1
  nstart 1000000
  nincrease 500000
  nbatch 1000
  gridno 1
  statefile "vegas_last_iter94"

Restoring state from vegas_last_iter94.

Iteration 10:  32500000 integrand evaluations so far
[1] -0.00233405 +- 7.74776e-07  	chisq 7.74658 (9 df)

Saving state to vegas_last_iter94.
Vegas input parameters:
  ndim 11
  ncomp 1
  epsrel 0
  epsabs 0
  flags 291
  seed 1145
  mineval 1
  maxeval 1
  nstart 1000000
  nincrease 500000
  nbatch 1000
  gridno 1
  statefile "vegas_last_iter94"

Restoring state from vegas_last_iter94.

Iteration 11:  38500000 integrand evaluations so far
[1] -0.00233387 +- 6.95772e-07  	chisq 8.0319 (10 df)

Saving state to vegas_last_iter94.
Vegas input parameters:
  ndim 11
  ncomp 1
  epsrel 0
  epsabs 0
  flags 291
  seed 1239
  mineval 1
  maxeval 1
  nstart 1000000
  nincrease 500000
  nbatch 1000
  gridno 1
  statefile "vegas_last_iter94"

Restoring state from vegas_last_iter94.

Iteration 12:  45000000 integrand evaluations so far
[1] -0.00233339 +- 6.32258e-07  	chisq 10.7492 (11 df)

Saving state to vegas_last_iter94.
Vegas input parameters:
  ndim 11
  ncomp 1
  epsrel 0
  epsabs 0
  flags 291
  seed 1333
  mineval 1
  maxeval 1
  nstart 1000000
  nincrease 500000
  nbatch 1000
  gridno 1
  statefile "vegas_last_iter94"

Restoring state from vegas_last_iter94.

Iteration 13:  52000000 integrand evaluations so far
[1] -0.00233344 +- 5.80758e-07  	chisq 10.7847 (12 df)

Saving state to vegas_last_iter94.
Vegas input parameters:
  ndim 11
  ncomp 1
  epsrel 0
  epsabs 0
  flags 291
  seed 1427
  mineval 1
  maxeval 1
  nstart 1000000
  nincrease 500000
  nbatch 1000
  gridno 1
  statefile "vegas_last_iter94"

Restoring state from vegas_last_iter94.

Iteration 14:  59500000 integrand evaluations so far
[1] -0.00233333 +- 5.3694e-07  	chisq 11.026 (13 df)

Saving state to vegas_last_iter94.
Vegas input parameters:
  ndim 11
  ncomp 1
  epsrel 0
  epsabs 0
  flags 291
  seed 1521
  mineval 1
  maxeval 1
  nstart 1000000
  nincrease 500000
  nbatch 1000
  gridno 1
  statefile "vegas_last_iter94"

Restoring state from vegas_last_iter94.

Iteration 15:  67500000 integrand evaluations so far
[1] -0.00233302 +- 4.99373e-07  	chisq 13.4434 (14 df)

Saving state to vegas_last_iter94.
Vegas input parameters:
  ndim 11
  ncomp 1
  epsrel 0
  epsabs 0
  flags 291
  seed 1615
  mineval 1
  maxeval 1
  nstart 1000000
  nincrease 500000
  nbatch 1000
  gridno 1
  statefile "vegas_last_iter94"

Restoring state from vegas_last_iter94.

Iteration 16:  76000000 integrand evaluations so far
[1] -0.00233298 +- 4.6691e-07  	chisq 13.5119 (15 df)

Saving state to vegas_last_iter94.
Vegas input parameters:
  ndim 11
  ncomp 1
  epsrel 0
  epsabs 0
  flags 291
  seed 1709
  mineval 1
  maxeval 1
  nstart 1000000
  nincrease 500000
  nbatch 1000
  gridno 1
  statefile "vegas_last_iter94"

Restoring state from vegas_last_iter94.

Iteration 17:  85000000 integrand evaluations so far
[1] -0.00233304 +- 4.3875e-07  	chisq 13.6579 (16 df)

Saving state to vegas_last_iter94.
Vegas input parameters:
  ndim 11
  ncomp 1
  epsrel 0
  epsabs 0
  flags 291
  seed 1803
  mineval 1
  maxeval 1
  nstart 1000000
  nincrease 500000
  nbatch 1000
  gridno 1
  statefile "vegas_last_iter94"

Restoring state from vegas_last_iter94.

Iteration 18:  94500000 integrand evaluations so far
[1] -0.00233313 +- 4.13841e-07  	chisq 14.0702 (17 df)

Saving state to vegas_last_iter94.
Vegas input parameters:
  ndim 11
  ncomp 1
  epsrel 0
  epsabs 0
  flags 291
  seed 1897
  mineval 1
  maxeval 1
  nstart 1000000
  nincrease 500000
  nbatch 1000
  gridno 1
  statefile "vegas_last_iter94"

Restoring state from vegas_last_iter94.

Iteration 19:  104500000 integrand evaluations so far
[1] -0.0023332 +- 3.91729e-07  	chisq 14.3406 (18 df)

Saving state to vegas_last_iter94.
Vegas input parameters:
  ndim 11
  ncomp 1
  epsrel 0
  epsabs 0
  flags 291
  seed 1991
  mineval 1
  maxeval 1
  nstart 1000000
  nincrease 500000
  nbatch 1000
  gridno 1
  statefile "vegas_last_iter94"

Restoring state from vegas_last_iter94.

Iteration 20:  115000000 integrand evaluations so far
[1] -0.00233311 +- 3.71911e-07  	chisq 14.8771 (19 df)

Saving state to vegas_last_iter94.
Vegas input parameters:
  ndim 11
  ncomp 1
  epsrel 0
  epsabs 0
  flags 291
  seed 2085
  mineval 1
  maxeval 1
  nstart 1000000
  nincrease 500000
  nbatch 1000
  gridno 1
  statefile "vegas_last_iter94"

Restoring state from vegas_last_iter94.

Iteration 21:  126000000 integrand evaluations so far
[1] -0.00233343 +- 3.54037e-07  	chisq 22.9619 (20 df)

Saving state to vegas_last_iter94.
Vegas input parameters:
  ndim 11
  ncomp 1
  epsrel 0
  epsabs 0
  flags 291
  seed 2179
  mineval 1
  maxeval 1
  nstart 1000000
  nincrease 500000
  nbatch 1000
  gridno 1
  statefile "vegas_last_iter94"

Restoring state from vegas_last_iter94.

Iteration 22:  137500000 integrand evaluations so far
[1] -0.00233331 +- 3.37874e-07  	chisq 24.3829 (21 df)

Saving state to vegas_last_iter94.
Vegas input parameters:
  ndim 11
  ncomp 1
  epsrel 0
  epsabs 0
  flags 291
  seed 2273
  mineval 1
  maxeval 1
  nstart 1000000
  nincrease 500000
  nbatch 1000
  gridno 1
  statefile "vegas_last_iter94"

Restoring state from vegas_last_iter94.

Iteration 23:  149500000 integrand evaluations so far
[1] -0.00233324 +- 3.23151e-07  	chisq 24.8047 (22 df)

Saving state to vegas_last_iter94.
Vegas input parameters:
  ndim 11
  ncomp 1
  epsrel 0
  epsabs 0
  flags 291
  seed 2367
  mineval 1
  maxeval 1
  nstart 1000000
  nincrease 500000
  nbatch 1000
  gridno 1
  statefile "vegas_last_iter94"

Restoring state from vegas_last_iter94.

Iteration 24:  162000000 integrand evaluations so far
[1] -0.00233333 +- 3.09702e-07  	chisq 25.7596 (23 df)

Saving state to vegas_last_iter94.
Vegas input parameters:
  ndim 11
  ncomp 1
  epsrel 0
  epsabs 0
  flags 291
  seed 2461
  mineval 1
  maxeval 1
  nstart 1000000
  nincrease 500000
  nbatch 1000
  gridno 1
  statefile "vegas_last_iter94"

Restoring state from vegas_last_iter94.

Iteration 25:  175000000 integrand evaluations so far
[1] -0.00233337 +- 2.9739e-07  	chisq 25.9217 (24 df)

Saving state to vegas_last_iter94.
Vegas input parameters:
  ndim 11
  ncomp 1
  epsrel 0
  epsabs 0
  flags 291
  seed 2555
  mineval 1
  maxeval 1
  nstart 1000000
  nincrease 500000
  nbatch 1000
  gridno 1
  statefile "vegas_last_iter94"

Restoring state from vegas_last_iter94.

Iteration 26:  188500000 integrand evaluations so far
[1] -0.00233337 +- 2.85993e-07  	chisq 25.9226 (25 df)

Saving state to vegas_last_iter94.
Vegas input parameters:
  ndim 11
  ncomp 1
  epsrel 0
  epsabs 0
  flags 291
  seed 2649
  mineval 1
  maxeval 1
  nstart 1000000
  nincrease 500000
  nbatch 1000
  gridno 1
  statefile "vegas_last_iter94"

Restoring state from vegas_last_iter94.

Iteration 27:  202500000 integrand evaluations so far
[1] -0.00233311 +- 2.75462e-07  	chisq 37.168 (26 df)

Saving state to vegas_last_iter94.
Thanks for using LHAPDF 6.3.0. Please make sure to cite the paper:
  Eur.Phys.J. C75 (2015) 3, 132  (http://arxiv.org/abs/1412.7420)
 method   =Vegas  
 nregions =           1
 neval    =   202500000
 fail     =           1
 -0.233310730388E-02 +-   0.275461959271E-06   p =    0.908
