/var/lib/condor/execute/dir_14506
LHAPDF 6.3.0 loading /home/taebh/2021_Research/share/LHAPDF/NNPDF31_nnlo_as_0118_mc_hessian_pdfas/NNPDF31_nnlo_as_0118_mc_hessian_pdfas_0000.dat
NNPDF31_nnlo_as_0118_mc_hessian_pdfas PDF set, member #0, version 1
Vegas input parameters:
  ndim 11
  ncomp 1
  epsrel 0
  epsabs 0
  flags 291
  seed 181
  mineval 1
  maxeval 1
  nstart 1000000
  nincrease 500000
  nbatch 1000
  gridno 1
  statefile "vegas_last_iter70"

Iteration 1:  1000000 integrand evaluations so far
[1] 2.70631e-07 +- 6.94667e-08  	chisq 0 (0 df)

Saving state to vegas_last_iter70.
Vegas input parameters:
  ndim 11
  ncomp 1
  epsrel 0
  epsabs 0
  flags 291
  seed 251
  mineval 1
  maxeval 1
  nstart 1000000
  nincrease 500000
  nbatch 1000
  gridno 1
  statefile "vegas_last_iter70"

Restoring state from vegas_last_iter70.

Iteration 2:  2500000 integrand evaluations so far
[1] 3.05683e-07 +- 4.64513e-08  	chisq 0.460524 (1 df)

Saving state to vegas_last_iter70.
Vegas input parameters:
  ndim 11
  ncomp 1
  epsrel 0
  epsabs 0
  flags 291
  seed 321
  mineval 1
  maxeval 1
  nstart 1000000
  nincrease 500000
  nbatch 1000
  gridno 1
  statefile "vegas_last_iter70"

Restoring state from vegas_last_iter70.

Iteration 3:  4500000 integrand evaluations so far
[1] 3.15231e-07 +- 9.30661e-09  	chisq 0.504543 (2 df)

Saving state to vegas_last_iter70.
Vegas input parameters:
  ndim 11
  ncomp 1
  epsrel 0
  epsabs 0
  flags 291
  seed 391
  mineval 1
  maxeval 1
  nstart 1000000
  nincrease 500000
  nbatch 1000
  gridno 1
  statefile "vegas_last_iter70"

Restoring state from vegas_last_iter70.

Iteration 4:  7000000 integrand evaluations so far
[1] 3.2321e-07 +- 2.86794e-09  	chisq 1.31669 (3 df)

Saving state to vegas_last_iter70.
Vegas input parameters:
  ndim 11
  ncomp 1
  epsrel 0
  epsabs 0
  flags 291
  seed 461
  mineval 1
  maxeval 1
  nstart 1000000
  nincrease 500000
  nbatch 1000
  gridno 1
  statefile "vegas_last_iter70"

Restoring state from vegas_last_iter70.

Iteration 5:  10000000 integrand evaluations so far
[1] 3.2161e-07 +- 1.40039e-09  	chisq 1.72559 (4 df)

Saving state to vegas_last_iter70.
Vegas input parameters:
  ndim 11
  ncomp 1
  epsrel 0
  epsabs 0
  flags 291
  seed 531
  mineval 1
  maxeval 1
  nstart 1000000
  nincrease 500000
  nbatch 1000
  gridno 1
  statefile "vegas_last_iter70"

Restoring state from vegas_last_iter70.

Iteration 6:  13500000 integrand evaluations so far
[1] 3.20436e-07 +- 9.19949e-10  	chisq 2.96064 (5 df)

Saving state to vegas_last_iter70.
Vegas input parameters:
  ndim 11
  ncomp 1
  epsrel 0
  epsabs 0
  flags 291
  seed 601
  mineval 1
  maxeval 1
  nstart 1000000
  nincrease 500000
  nbatch 1000
  gridno 1
  statefile "vegas_last_iter70"

Restoring state from vegas_last_iter70.

Iteration 7:  17500000 integrand evaluations so far
[1] 3.19824e-07 +- 6.83799e-10  	chisq 3.9512 (6 df)

Saving state to vegas_last_iter70.
Vegas input parameters:
  ndim 11
  ncomp 1
  epsrel 0
  epsabs 0
  flags 291
  seed 671
  mineval 1
  maxeval 1
  nstart 1000000
  nincrease 500000
  nbatch 1000
  gridno 1
  statefile "vegas_last_iter70"

Restoring state from vegas_last_iter70.

Iteration 8:  22000000 integrand evaluations so far
[1] 3.1964e-07 +- 5.48221e-10  	chisq 4.15483 (7 df)

Saving state to vegas_last_iter70.
Vegas input parameters:
  ndim 11
  ncomp 1
  epsrel 0
  epsabs 0
  flags 291
  seed 741
  mineval 1
  maxeval 1
  nstart 1000000
  nincrease 500000
  nbatch 1000
  gridno 1
  statefile "vegas_last_iter70"

Restoring state from vegas_last_iter70.

Iteration 9:  27000000 integrand evaluations so far
[1] 3.19521e-07 +- 4.61551e-10  	chisq 4.31673 (8 df)

Saving state to vegas_last_iter70.
Vegas input parameters:
  ndim 11
  ncomp 1
  epsrel 0
  epsabs 0
  flags 291
  seed 811
  mineval 1
  maxeval 1
  nstart 1000000
  nincrease 500000
  nbatch 1000
  gridno 1
  statefile "vegas_last_iter70"

Restoring state from vegas_last_iter70.

Iteration 10:  32500000 integrand evaluations so far
[1] 3.19842e-07 +- 4.00976e-10  	chisq 6.29827 (9 df)

Saving state to vegas_last_iter70.
Vegas input parameters:
  ndim 11
  ncomp 1
  epsrel 0
  epsabs 0
  flags 291
  seed 881
  mineval 1
  maxeval 1
  nstart 1000000
  nincrease 500000
  nbatch 1000
  gridno 1
  statefile "vegas_last_iter70"

Restoring state from vegas_last_iter70.

Iteration 11:  38500000 integrand evaluations so far
[1] 3.19689e-07 +- 3.56162e-10  	chisq 6.9871 (10 df)

Saving state to vegas_last_iter70.
Vegas input parameters:
  ndim 11
  ncomp 1
  epsrel 0
  epsabs 0
  flags 291
  seed 951
  mineval 1
  maxeval 1
  nstart 1000000
  nincrease 500000
  nbatch 1000
  gridno 1
  statefile "vegas_last_iter70"

Restoring state from vegas_last_iter70.

Iteration 12:  45000000 integrand evaluations so far
[1] 3.19696e-07 +- 3.2101e-10  	chisq 6.98889 (11 df)

Saving state to vegas_last_iter70.
Vegas input parameters:
  ndim 11
  ncomp 1
  epsrel 0
  epsabs 0
  flags 291
  seed 1021
  mineval 1
  maxeval 1
  nstart 1000000
  nincrease 500000
  nbatch 1000
  gridno 1
  statefile "vegas_last_iter70"

Restoring state from vegas_last_iter70.

Iteration 13:  52000000 integrand evaluations so far
[1] 3.19667e-07 +- 2.92822e-10  	chisq 7.03635 (12 df)

Saving state to vegas_last_iter70.
Vegas input parameters:
  ndim 11
  ncomp 1
  epsrel 0
  epsabs 0
  flags 291
  seed 1091
  mineval 1
  maxeval 1
  nstart 1000000
  nincrease 500000
  nbatch 1000
  gridno 1
  statefile "vegas_last_iter70"

Restoring state from vegas_last_iter70.

Iteration 14:  59500000 integrand evaluations so far
[1] 3.19597e-07 +- 2.69512e-10  	chisq 7.41539 (13 df)

Saving state to vegas_last_iter70.
Vegas input parameters:
  ndim 11
  ncomp 1
  epsrel 0
  epsabs 0
  flags 291
  seed 1161
  mineval 1
  maxeval 1
  nstart 1000000
  nincrease 500000
  nbatch 1000
  gridno 1
  statefile "vegas_last_iter70"

Restoring state from vegas_last_iter70.

Iteration 15:  67500000 integrand evaluations so far
[1] 3.19593e-07 +- 2.50059e-10  	chisq 7.41659 (14 df)

Saving state to vegas_last_iter70.
Vegas input parameters:
  ndim 11
  ncomp 1
  epsrel 0
  epsabs 0
  flags 291
  seed 1231
  mineval 1
  maxeval 1
  nstart 1000000
  nincrease 500000
  nbatch 1000
  gridno 1
  statefile "vegas_last_iter70"

Restoring state from vegas_last_iter70.

Iteration 16:  76000000 integrand evaluations so far
[1] 3.19508e-07 +- 2.3329e-10  	chisq 8.30748 (15 df)

Saving state to vegas_last_iter70.
Vegas input parameters:
  ndim 11
  ncomp 1
  epsrel 0
  epsabs 0
  flags 291
  seed 1301
  mineval 1
  maxeval 1
  nstart 1000000
  nincrease 500000
  nbatch 1000
  gridno 1
  statefile "vegas_last_iter70"

Restoring state from vegas_last_iter70.

Iteration 17:  85000000 integrand evaluations so far
[1] 3.19541e-07 +- 2.187e-10  	chisq 8.46968 (16 df)

Saving state to vegas_last_iter70.
Vegas input parameters:
  ndim 11
  ncomp 1
  epsrel 0
  epsabs 0
  flags 291
  seed 1371
  mineval 1
  maxeval 1
  nstart 1000000
  nincrease 500000
  nbatch 1000
  gridno 1
  statefile "vegas_last_iter70"

Restoring state from vegas_last_iter70.

Iteration 18:  94500000 integrand evaluations so far
[1] 3.19665e-07 +- 2.05898e-10  	chisq 11.3158 (17 df)

Saving state to vegas_last_iter70.
Vegas input parameters:
  ndim 11
  ncomp 1
  epsrel 0
  epsabs 0
  flags 291
  seed 1441
  mineval 1
  maxeval 1
  nstart 1000000
  nincrease 500000
  nbatch 1000
  gridno 1
  statefile "vegas_last_iter70"

Restoring state from vegas_last_iter70.

Iteration 19:  104500000 integrand evaluations so far
[1] 3.19686e-07 +- 1.94628e-10  	chisq 11.4106 (18 df)

Saving state to vegas_last_iter70.
Vegas input parameters:
  ndim 11
  ncomp 1
  epsrel 0
  epsabs 0
  flags 291
  seed 1511
  mineval 1
  maxeval 1
  nstart 1000000
  nincrease 500000
  nbatch 1000
  gridno 1
  statefile "vegas_last_iter70"

Restoring state from vegas_last_iter70.

Iteration 20:  115000000 integrand evaluations so far
[1] 3.19727e-07 +- 1.84547e-10  	chisq 11.8477 (19 df)

Saving state to vegas_last_iter70.
Vegas input parameters:
  ndim 11
  ncomp 1
  epsrel 0
  epsabs 0
  flags 291
  seed 1581
  mineval 1
  maxeval 1
  nstart 1000000
  nincrease 500000
  nbatch 1000
  gridno 1
  statefile "vegas_last_iter70"

Restoring state from vegas_last_iter70.

Iteration 21:  126000000 integrand evaluations so far
[1] 3.19756e-07 +- 1.7555e-10  	chisq 12.1134 (20 df)

Saving state to vegas_last_iter70.
Vegas input parameters:
  ndim 11
  ncomp 1
  epsrel 0
  epsabs 0
  flags 291
  seed 1651
  mineval 1
  maxeval 1
  nstart 1000000
  nincrease 500000
  nbatch 1000
  gridno 1
  statefile "vegas_last_iter70"

Restoring state from vegas_last_iter70.

Iteration 22:  137500000 integrand evaluations so far
[1] 3.19789e-07 +- 1.67372e-10  	chisq 12.4942 (21 df)

Saving state to vegas_last_iter70.
Vegas input parameters:
  ndim 11
  ncomp 1
  epsrel 0
  epsabs 0
  flags 291
  seed 1721
  mineval 1
  maxeval 1
  nstart 1000000
  nincrease 500000
  nbatch 1000
  gridno 1
  statefile "vegas_last_iter70"

Restoring state from vegas_last_iter70.

Iteration 23:  149500000 integrand evaluations so far
[1] 3.198e-07 +- 1.59948e-10  	chisq 12.5454 (22 df)

Saving state to vegas_last_iter70.
Vegas input parameters:
  ndim 11
  ncomp 1
  epsrel 0
  epsabs 0
  flags 291
  seed 1791
  mineval 1
  maxeval 1
  nstart 1000000
  nincrease 500000
  nbatch 1000
  gridno 1
  statefile "vegas_last_iter70"

Restoring state from vegas_last_iter70.

Iteration 24:  162000000 integrand evaluations so far
[1] 3.19784e-07 +- 1.53198e-10  	chisq 12.6687 (23 df)

Saving state to vegas_last_iter70.
Vegas input parameters:
  ndim 11
  ncomp 1
  epsrel 0
  epsabs 0
  flags 291
  seed 1861
  mineval 1
  maxeval 1
  nstart 1000000
  nincrease 500000
  nbatch 1000
  gridno 1
  statefile "vegas_last_iter70"

Restoring state from vegas_last_iter70.

Iteration 25:  175000000 integrand evaluations so far
[1] 3.19719e-07 +- 1.47012e-10  	chisq 14.9198 (24 df)

Saving state to vegas_last_iter70.
Vegas input parameters:
  ndim 11
  ncomp 1
  epsrel 0
  epsabs 0
  flags 291
  seed 1931
  mineval 1
  maxeval 1
  nstart 1000000
  nincrease 500000
  nbatch 1000
  gridno 1
  statefile "vegas_last_iter70"

Restoring state from vegas_last_iter70.

Iteration 26:  188500000 integrand evaluations so far
[1] 3.19703e-07 +- 1.41303e-10  	chisq 15.0775 (25 df)

Saving state to vegas_last_iter70.
Vegas input parameters:
  ndim 11
  ncomp 1
  epsrel 0
  epsabs 0
  flags 291
  seed 2001
  mineval 1
  maxeval 1
  nstart 1000000
  nincrease 500000
  nbatch 1000
  gridno 1
  statefile "vegas_last_iter70"

Restoring state from vegas_last_iter70.

Iteration 27:  202500000 integrand evaluations so far
[1] 3.19706e-07 +- 1.36055e-10  	chisq 15.0816 (26 df)

Saving state to vegas_last_iter70.
Thanks for using LHAPDF 6.3.0. Please make sure to cite the paper:
  Eur.Phys.J. C75 (2015) 3, 132  (http://arxiv.org/abs/1412.7420)
 method   =Vegas  
 nregions =           1
 neval    =   202500000
 fail     =           1
  0.319705691675E-06 +-   0.136054786668E-09   p =    0.032
