/var/lib/condor/execute/dir_11634
LHAPDF 6.3.0 loading /home/taebh/2021_Research/share/LHAPDF/NNPDF31_nnlo_as_0118_mc_hessian_pdfas/NNPDF31_nnlo_as_0118_mc_hessian_pdfas_0000.dat
NNPDF31_nnlo_as_0118_mc_hessian_pdfas PDF set, member #0, version 1
Vegas input parameters:
  ndim 11
  ncomp 1
  epsrel 0
  epsabs 0
  flags 291
  seed 265
  mineval 1
  maxeval 1
  nstart 1000000
  nincrease 500000
  nbatch 1000
  gridno 1
  statefile "vegas_last_iter154"

Iteration 1:  1000000 integrand evaluations so far
[1] 0.000117722 +- 3.64282e-05  	chisq 0 (0 df)

Saving state to vegas_last_iter154.
Vegas input parameters:
  ndim 11
  ncomp 1
  epsrel 0
  epsabs 0
  flags 291
  seed 419
  mineval 1
  maxeval 1
  nstart 1000000
  nincrease 500000
  nbatch 1000
  gridno 1
  statefile "vegas_last_iter154"

Restoring state from vegas_last_iter154.

Iteration 2:  2500000 integrand evaluations so far
[1] 0.000119101 +- 1.36104e-05  	chisq 0.00166577 (1 df)

Saving state to vegas_last_iter154.
Vegas input parameters:
  ndim 11
  ncomp 1
  epsrel 0
  epsabs 0
  flags 291
  seed 573
  mineval 1
  maxeval 1
  nstart 1000000
  nincrease 500000
  nbatch 1000
  gridno 1
  statefile "vegas_last_iter154"

Restoring state from vegas_last_iter154.

Iteration 3:  4500000 integrand evaluations so far
[1] 0.000129588 +- 6.63902e-06  	chisq 0.780792 (2 df)

Saving state to vegas_last_iter154.
Vegas input parameters:
  ndim 11
  ncomp 1
  epsrel 0
  epsabs 0
  flags 291
  seed 727
  mineval 1
  maxeval 1
  nstart 1000000
  nincrease 500000
  nbatch 1000
  gridno 1
  statefile "vegas_last_iter154"

Restoring state from vegas_last_iter154.

Iteration 4:  7000000 integrand evaluations so far
[1] 0.000153993 +- 2.76996e-06  	chisq 17.1418 (3 df)

Saving state to vegas_last_iter154.
Vegas input parameters:
  ndim 11
  ncomp 1
  epsrel 0
  epsabs 0
  flags 291
  seed 881
  mineval 1
  maxeval 1
  nstart 1000000
  nincrease 500000
  nbatch 1000
  gridno 1
  statefile "vegas_last_iter154"

Restoring state from vegas_last_iter154.

Iteration 5:  10000000 integrand evaluations so far
[1] 0.000157201 +- 5.11463e-07  	chisq 18.5299 (4 df)

Saving state to vegas_last_iter154.
Vegas input parameters:
  ndim 11
  ncomp 1
  epsrel 0
  epsabs 0
  flags 291
  seed 1035
  mineval 1
  maxeval 1
  nstart 1000000
  nincrease 500000
  nbatch 1000
  gridno 1
  statefile "vegas_last_iter154"

Restoring state from vegas_last_iter154.

Iteration 6:  13500000 integrand evaluations so far
[1] 0.000157868 +- 1.55036e-07  	chisq 20.4024 (5 df)

Saving state to vegas_last_iter154.
Vegas input parameters:
  ndim 11
  ncomp 1
  epsrel 0
  epsabs 0
  flags 291
  seed 1189
  mineval 1
  maxeval 1
  nstart 1000000
  nincrease 500000
  nbatch 1000
  gridno 1
  statefile "vegas_last_iter154"

Restoring state from vegas_last_iter154.

Iteration 7:  17500000 integrand evaluations so far
[1] 0.000157993 +- 8.60912e-08  	chisq 21.3466 (6 df)

Saving state to vegas_last_iter154.
Vegas input parameters:
  ndim 11
  ncomp 1
  epsrel 0
  epsabs 0
  flags 291
  seed 1343
  mineval 1
  maxeval 1
  nstart 1000000
  nincrease 500000
  nbatch 1000
  gridno 1
  statefile "vegas_last_iter154"

Restoring state from vegas_last_iter154.

Iteration 8:  22000000 integrand evaluations so far
[1] 0.000157914 +- 6.06161e-08  	chisq 23.0292 (7 df)

Saving state to vegas_last_iter154.
Vegas input parameters:
  ndim 11
  ncomp 1
  epsrel 0
  epsabs 0
  flags 291
  seed 1497
  mineval 1
  maxeval 1
  nstart 1000000
  nincrease 500000
  nbatch 1000
  gridno 1
  statefile "vegas_last_iter154"

Restoring state from vegas_last_iter154.

Iteration 9:  27000000 integrand evaluations so far
[1] 0.000157849 +- 4.77476e-08  	chisq 25.9914 (8 df)

Saving state to vegas_last_iter154.
Vegas input parameters:
  ndim 11
  ncomp 1
  epsrel 0
  epsabs 0
  flags 291
  seed 1651
  mineval 1
  maxeval 1
  nstart 1000000
  nincrease 500000
  nbatch 1000
  gridno 1
  statefile "vegas_last_iter154"

Restoring state from vegas_last_iter154.

Iteration 10:  32500000 integrand evaluations so far
[1] 0.000157844 +- 3.98775e-08  	chisq 26.0297 (9 df)

Saving state to vegas_last_iter154.
Vegas input parameters:
  ndim 11
  ncomp 1
  epsrel 0
  epsabs 0
  flags 291
  seed 1805
  mineval 1
  maxeval 1
  nstart 1000000
  nincrease 500000
  nbatch 1000
  gridno 1
  statefile "vegas_last_iter154"

Restoring state from vegas_last_iter154.

Iteration 11:  38500000 integrand evaluations so far
[1] 0.000157858 +- 3.45135e-08  	chisq 26.5494 (10 df)

Saving state to vegas_last_iter154.
Vegas input parameters:
  ndim 11
  ncomp 1
  epsrel 0
  epsabs 0
  flags 291
  seed 1959
  mineval 1
  maxeval 1
  nstart 1000000
  nincrease 500000
  nbatch 1000
  gridno 1
  statefile "vegas_last_iter154"

Restoring state from vegas_last_iter154.

Iteration 12:  45000000 integrand evaluations so far
[1] 0.000157834 +- 3.05956e-08  	chisq 28.9233 (11 df)

Saving state to vegas_last_iter154.
Vegas input parameters:
  ndim 11
  ncomp 1
  epsrel 0
  epsabs 0
  flags 291
  seed 2113
  mineval 1
  maxeval 1
  nstart 1000000
  nincrease 500000
  nbatch 1000
  gridno 1
  statefile "vegas_last_iter154"

Restoring state from vegas_last_iter154.

Iteration 13:  52000000 integrand evaluations so far
[1] 0.00015783 +- 2.75773e-08  	chisq 29.0104 (12 df)

Saving state to vegas_last_iter154.
Vegas input parameters:
  ndim 11
  ncomp 1
  epsrel 0
  epsabs 0
  flags 291
  seed 2267
  mineval 1
  maxeval 1
  nstart 1000000
  nincrease 500000
  nbatch 1000
  gridno 1
  statefile "vegas_last_iter154"

Restoring state from vegas_last_iter154.

Iteration 14:  59500000 integrand evaluations so far
[1] 0.000157827 +- 2.51525e-08  	chisq 29.1035 (13 df)

Saving state to vegas_last_iter154.
Vegas input parameters:
  ndim 11
  ncomp 1
  epsrel 0
  epsabs 0
  flags 291
  seed 2421
  mineval 1
  maxeval 1
  nstart 1000000
  nincrease 500000
  nbatch 1000
  gridno 1
  statefile "vegas_last_iter154"

Restoring state from vegas_last_iter154.

Iteration 15:  67500000 integrand evaluations so far
[1] 0.000157846 +- 2.31594e-08  	chisq 33.0457 (14 df)

Saving state to vegas_last_iter154.
Vegas input parameters:
  ndim 11
  ncomp 1
  epsrel 0
  epsabs 0
  flags 291
  seed 2575
  mineval 1
  maxeval 1
  nstart 1000000
  nincrease 500000
  nbatch 1000
  gridno 1
  statefile "vegas_last_iter154"

Restoring state from vegas_last_iter154.

Iteration 16:  76000000 integrand evaluations so far
[1] 0.000157847 +- 2.14881e-08  	chisq 33.0514 (15 df)

Saving state to vegas_last_iter154.
Vegas input parameters:
  ndim 11
  ncomp 1
  epsrel 0
  epsabs 0
  flags 291
  seed 2729
  mineval 1
  maxeval 1
  nstart 1000000
  nincrease 500000
  nbatch 1000
  gridno 1
  statefile "vegas_last_iter154"

Restoring state from vegas_last_iter154.

Iteration 17:  85000000 integrand evaluations so far
[1] 0.00015784 +- 2.00586e-08  	chisq 33.7906 (16 df)

Saving state to vegas_last_iter154.
Vegas input parameters:
  ndim 11
  ncomp 1
  epsrel 0
  epsabs 0
  flags 291
  seed 2883
  mineval 1
  maxeval 1
  nstart 1000000
  nincrease 500000
  nbatch 1000
  gridno 1
  statefile "vegas_last_iter154"

Restoring state from vegas_last_iter154.

Iteration 18:  94500000 integrand evaluations so far
[1] 0.000157842 +- 1.88189e-08  	chisq 33.8524 (17 df)

Saving state to vegas_last_iter154.
Vegas input parameters:
  ndim 11
  ncomp 1
  epsrel 0
  epsabs 0
  flags 291
  seed 3037
  mineval 1
  maxeval 1
  nstart 1000000
  nincrease 500000
  nbatch 1000
  gridno 1
  statefile "vegas_last_iter154"

Restoring state from vegas_last_iter154.

Iteration 19:  104500000 integrand evaluations so far
[1] 0.000157841 +- 1.77352e-08  	chisq 33.8612 (18 df)

Saving state to vegas_last_iter154.
Vegas input parameters:
  ndim 11
  ncomp 1
  epsrel 0
  epsabs 0
  flags 291
  seed 3191
  mineval 1
  maxeval 1
  nstart 1000000
  nincrease 500000
  nbatch 1000
  gridno 1
  statefile "vegas_last_iter154"

Restoring state from vegas_last_iter154.

Iteration 20:  115000000 integrand evaluations so far
[1] 0.000157853 +- 1.67744e-08  	chisq 37.8515 (19 df)

Saving state to vegas_last_iter154.
Vegas input parameters:
  ndim 11
  ncomp 1
  epsrel 0
  epsabs 0
  flags 291
  seed 3345
  mineval 1
  maxeval 1
  nstart 1000000
  nincrease 500000
  nbatch 1000
  gridno 1
  statefile "vegas_last_iter154"

Restoring state from vegas_last_iter154.

Iteration 21:  126000000 integrand evaluations so far
[1] 0.000157854 +- 1.59169e-08  	chisq 37.8959 (20 df)

Saving state to vegas_last_iter154.
Vegas input parameters:
  ndim 11
  ncomp 1
  epsrel 0
  epsabs 0
  flags 291
  seed 3499
  mineval 1
  maxeval 1
  nstart 1000000
  nincrease 500000
  nbatch 1000
  gridno 1
  statefile "vegas_last_iter154"

Restoring state from vegas_last_iter154.

Iteration 22:  137500000 integrand evaluations so far
[1] 0.00015785 +- 1.51471e-08  	chisq 38.4023 (21 df)

Saving state to vegas_last_iter154.
Vegas input parameters:
  ndim 11
  ncomp 1
  epsrel 0
  epsabs 0
  flags 291
  seed 3653
  mineval 1
  maxeval 1
  nstart 1000000
  nincrease 500000
  nbatch 1000
  gridno 1
  statefile "vegas_last_iter154"

Restoring state from vegas_last_iter154.

Iteration 23:  149500000 integrand evaluations so far
[1] 0.000157851 +- 1.44522e-08  	chisq 38.4194 (22 df)

Saving state to vegas_last_iter154.
Vegas input parameters:
  ndim 11
  ncomp 1
  epsrel 0
  epsabs 0
  flags 291
  seed 3807
  mineval 1
  maxeval 1
  nstart 1000000
  nincrease 500000
  nbatch 1000
  gridno 1
  statefile "vegas_last_iter154"

Restoring state from vegas_last_iter154.

Iteration 24:  162000000 integrand evaluations so far
[1] 0.000157848 +- 1.3821e-08  	chisq 38.801 (23 df)

Saving state to vegas_last_iter154.
Vegas input parameters:
  ndim 11
  ncomp 1
  epsrel 0
  epsabs 0
  flags 291
  seed 3961
  mineval 1
  maxeval 1
  nstart 1000000
  nincrease 500000
  nbatch 1000
  gridno 1
  statefile "vegas_last_iter154"

Restoring state from vegas_last_iter154.

Iteration 25:  175000000 integrand evaluations so far
[1] 0.000157851 +- 1.32442e-08  	chisq 39.1392 (24 df)

Saving state to vegas_last_iter154.
Vegas input parameters:
  ndim 11
  ncomp 1
  epsrel 0
  epsabs 0
  flags 291
  seed 4115
  mineval 1
  maxeval 1
  nstart 1000000
  nincrease 500000
  nbatch 1000
  gridno 1
  statefile "vegas_last_iter154"

Restoring state from vegas_last_iter154.

Iteration 26:  188500000 integrand evaluations so far
[1] 0.000157854 +- 1.27164e-08  	chisq 40.1968 (25 df)

Saving state to vegas_last_iter154.
Vegas input parameters:
  ndim 11
  ncomp 1
  epsrel 0
  epsabs 0
  flags 291
  seed 4269
  mineval 1
  maxeval 1
  nstart 1000000
  nincrease 500000
  nbatch 1000
  gridno 1
  statefile "vegas_last_iter154"

Restoring state from vegas_last_iter154.

Iteration 27:  202500000 integrand evaluations so far
[1] 0.000157856 +- 1.22293e-08  	chisq 40.5119 (26 df)

Saving state to vegas_last_iter154.
Thanks for using LHAPDF 6.3.0. Please make sure to cite the paper:
  Eur.Phys.J. C75 (2015) 3, 132  (http://arxiv.org/abs/1412.7420)
 method   =Vegas  
 nregions =           1
 neval    =   202500000
 fail     =           1
  0.157856347751E-03 +-   0.122292946396E-07   p =    0.954
