/var/lib/condor/execute/dir_55266
LHAPDF 6.3.0 loading /home/taebh/2021_Research/share/LHAPDF/NNPDF31_nnlo_as_0118_mc_hessian_pdfas/NNPDF31_nnlo_as_0118_mc_hessian_pdfas_0000.dat
NNPDF31_nnlo_as_0118_mc_hessian_pdfas PDF set, member #0, version 1
Vegas input parameters:
  ndim 11
  ncomp 1
  epsrel 0
  epsabs 0
  flags 291
  seed 192
  mineval 1
  maxeval 1
  nstart 1000000
  nincrease 500000
  nbatch 1000
  gridno 1
  statefile "vegas_last_iter81"

Iteration 1:  1000000 integrand evaluations so far
[1] 0.00109111 +- 3.59271e-06  	chisq 0 (0 df)

Saving state to vegas_last_iter81.
Vegas input parameters:
  ndim 11
  ncomp 1
  epsrel 0
  epsabs 0
  flags 291
  seed 273
  mineval 1
  maxeval 1
  nstart 1000000
  nincrease 500000
  nbatch 1000
  gridno 1
  statefile "vegas_last_iter81"

Restoring state from vegas_last_iter81.

Iteration 2:  2500000 integrand evaluations so far
[1] 0.00109328 +- 1.55855e-06  	chisq 0.449878 (1 df)

Saving state to vegas_last_iter81.
Vegas input parameters:
  ndim 11
  ncomp 1
  epsrel 0
  epsabs 0
  flags 291
  seed 354
  mineval 1
  maxeval 1
  nstart 1000000
  nincrease 500000
  nbatch 1000
  gridno 1
  statefile "vegas_last_iter81"

Restoring state from vegas_last_iter81.

Iteration 3:  4500000 integrand evaluations so far
[1] 0.001094 +- 8.74413e-07  	chisq 0.757868 (2 df)

Saving state to vegas_last_iter81.
Vegas input parameters:
  ndim 11
  ncomp 1
  epsrel 0
  epsabs 0
  flags 291
  seed 435
  mineval 1
  maxeval 1
  nstart 1000000
  nincrease 500000
  nbatch 1000
  gridno 1
  statefile "vegas_last_iter81"

Restoring state from vegas_last_iter81.

Iteration 4:  7000000 integrand evaluations so far
[1] 0.0010937 +- 5.76571e-07  	chisq 0.966531 (3 df)

Saving state to vegas_last_iter81.
Vegas input parameters:
  ndim 11
  ncomp 1
  epsrel 0
  epsabs 0
  flags 291
  seed 516
  mineval 1
  maxeval 1
  nstart 1000000
  nincrease 500000
  nbatch 1000
  gridno 1
  statefile "vegas_last_iter81"

Restoring state from vegas_last_iter81.

Iteration 5:  10000000 integrand evaluations so far
[1] 0.00109347 +- 4.27285e-07  	chisq 1.31415 (4 df)

Saving state to vegas_last_iter81.
Vegas input parameters:
  ndim 11
  ncomp 1
  epsrel 0
  epsabs 0
  flags 291
  seed 597
  mineval 1
  maxeval 1
  nstart 1000000
  nincrease 500000
  nbatch 1000
  gridno 1
  statefile "vegas_last_iter81"

Restoring state from vegas_last_iter81.

Iteration 6:  13500000 integrand evaluations so far
[1] 0.00109347 +- 4.27224e-07  	chisq 2.30861 (5 df)

Saving state to vegas_last_iter81.
Vegas input parameters:
  ndim 11
  ncomp 1
  epsrel 0
  epsabs 0
  flags 291
  seed 678
  mineval 1
  maxeval 1
  nstart 1000000
  nincrease 500000
  nbatch 1000
  gridno 1
  statefile "vegas_last_iter81"

Restoring state from vegas_last_iter81.

Iteration 7:  17500000 integrand evaluations so far
[1] 0.00109348 +- 4.27187e-07  	chisq 2.3859 (6 df)

Saving state to vegas_last_iter81.
Vegas input parameters:
  ndim 11
  ncomp 1
  epsrel 0
  epsabs 0
  flags 291
  seed 759
  mineval 1
  maxeval 1
  nstart 1000000
  nincrease 500000
  nbatch 1000
  gridno 1
  statefile "vegas_last_iter81"

Restoring state from vegas_last_iter81.

Iteration 8:  22000000 integrand evaluations so far
[1] 0.00109348 +- 4.27187e-07  	chisq 3.20813 (7 df)

Saving state to vegas_last_iter81.
Vegas input parameters:
  ndim 11
  ncomp 1
  epsrel 0
  epsabs 0
  flags 291
  seed 840
  mineval 1
  maxeval 1
  nstart 1000000
  nincrease 500000
  nbatch 1000
  gridno 1
  statefile "vegas_last_iter81"

Restoring state from vegas_last_iter81.

Iteration 9:  27000000 integrand evaluations so far
[1] 0.00109348 +- 4.27187e-07  	chisq 5.09614 (8 df)

Saving state to vegas_last_iter81.
Vegas input parameters:
  ndim 11
  ncomp 1
  epsrel 0
  epsabs 0
  flags 291
  seed 921
  mineval 1
  maxeval 1
  nstart 1000000
  nincrease 500000
  nbatch 1000
  gridno 1
  statefile "vegas_last_iter81"

Restoring state from vegas_last_iter81.

Iteration 10:  32500000 integrand evaluations so far
[1] 0.00109348 +- 4.27187e-07  	chisq 5.11121 (9 df)

Saving state to vegas_last_iter81.
Vegas input parameters:
  ndim 11
  ncomp 1
  epsrel 0
  epsabs 0
  flags 291
  seed 1002
  mineval 1
  maxeval 1
  nstart 1000000
  nincrease 500000
  nbatch 1000
  gridno 1
  statefile "vegas_last_iter81"

Restoring state from vegas_last_iter81.

Iteration 11:  38500000 integrand evaluations so far
[1] 0.00109348 +- 4.27187e-07  	chisq 5.11625 (10 df)

Saving state to vegas_last_iter81.
Vegas input parameters:
  ndim 11
  ncomp 1
  epsrel 0
  epsabs 0
  flags 291
  seed 1083
  mineval 1
  maxeval 1
  nstart 1000000
  nincrease 500000
  nbatch 1000
  gridno 1
  statefile "vegas_last_iter81"

Restoring state from vegas_last_iter81.

Iteration 12:  45000000 integrand evaluations so far
[1] 0.00109348 +- 4.27187e-07  	chisq 5.88471 (11 df)

Saving state to vegas_last_iter81.
Vegas input parameters:
  ndim 11
  ncomp 1
  epsrel 0
  epsabs 0
  flags 291
  seed 1164
  mineval 1
  maxeval 1
  nstart 1000000
  nincrease 500000
  nbatch 1000
  gridno 1
  statefile "vegas_last_iter81"

Restoring state from vegas_last_iter81.

Iteration 13:  52000000 integrand evaluations so far
[1] 0.00109348 +- 4.27187e-07  	chisq 46.9434 (12 df)

Saving state to vegas_last_iter81.
Vegas input parameters:
  ndim 11
  ncomp 1
  epsrel 0
  epsabs 0
  flags 291
  seed 1245
  mineval 1
  maxeval 1
  nstart 1000000
  nincrease 500000
  nbatch 1000
  gridno 1
  statefile "vegas_last_iter81"

Restoring state from vegas_last_iter81.

Iteration 14:  59500000 integrand evaluations so far
[1] 0.00109348 +- 4.27187e-07  	chisq 47.9676 (13 df)

Saving state to vegas_last_iter81.
Vegas input parameters:
  ndim 11
  ncomp 1
  epsrel 0
  epsabs 0
  flags 291
  seed 1326
  mineval 1
  maxeval 1
  nstart 1000000
  nincrease 500000
  nbatch 1000
  gridno 1
  statefile "vegas_last_iter81"

Restoring state from vegas_last_iter81.

Iteration 15:  67500000 integrand evaluations so far
[1] 0.00109348 +- 4.27187e-07  	chisq 53.6408 (14 df)

Saving state to vegas_last_iter81.
Vegas input parameters:
  ndim 11
  ncomp 1
  epsrel 0
  epsabs 0
  flags 291
  seed 1407
  mineval 1
  maxeval 1
  nstart 1000000
  nincrease 500000
  nbatch 1000
  gridno 1
  statefile "vegas_last_iter81"

Restoring state from vegas_last_iter81.

Iteration 16:  76000000 integrand evaluations so far
[1] 0.00109348 +- 4.27187e-07  	chisq 90.6999 (15 df)

Saving state to vegas_last_iter81.
Vegas input parameters:
  ndim 11
  ncomp 1
  epsrel 0
  epsabs 0
  flags 291
  seed 1488
  mineval 1
  maxeval 1
  nstart 1000000
  nincrease 500000
  nbatch 1000
  gridno 1
  statefile "vegas_last_iter81"

Restoring state from vegas_last_iter81.

Iteration 17:  85000000 integrand evaluations so far
[1] 0.00109348 +- 4.27187e-07  	chisq 103.131 (16 df)

Saving state to vegas_last_iter81.
Vegas input parameters:
  ndim 11
  ncomp 1
  epsrel 0
  epsabs 0
  flags 291
  seed 1569
  mineval 1
  maxeval 1
  nstart 1000000
  nincrease 500000
  nbatch 1000
  gridno 1
  statefile "vegas_last_iter81"

Restoring state from vegas_last_iter81.

Iteration 18:  94500000 integrand evaluations so far
[1] 0.00109348 +- 4.27187e-07  	chisq 155.226 (17 df)

Saving state to vegas_last_iter81.
Vegas input parameters:
  ndim 11
  ncomp 1
  epsrel 0
  epsabs 0
  flags 291
  seed 1650
  mineval 1
  maxeval 1
  nstart 1000000
  nincrease 500000
  nbatch 1000
  gridno 1
  statefile "vegas_last_iter81"

Restoring state from vegas_last_iter81.

Iteration 19:  104500000 integrand evaluations so far
[1] 0.00109348 +- 4.27187e-07  	chisq 156.507 (18 df)

Saving state to vegas_last_iter81.
Vegas input parameters:
  ndim 11
  ncomp 1
  epsrel 0
  epsabs 0
  flags 291
  seed 1731
  mineval 1
  maxeval 1
  nstart 1000000
  nincrease 500000
  nbatch 1000
  gridno 1
  statefile "vegas_last_iter81"

Restoring state from vegas_last_iter81.

Iteration 20:  115000000 integrand evaluations so far
[1] 0.00109348 +- 4.27187e-07  	chisq 162.469 (19 df)

Saving state to vegas_last_iter81.
Vegas input parameters:
  ndim 11
  ncomp 1
  epsrel 0
  epsabs 0
  flags 291
  seed 1812
  mineval 1
  maxeval 1
  nstart 1000000
  nincrease 500000
  nbatch 1000
  gridno 1
  statefile "vegas_last_iter81"

Restoring state from vegas_last_iter81.

Iteration 21:  126000000 integrand evaluations so far
[1] 0.00109348 +- 4.27187e-07  	chisq 240.87 (20 df)

Saving state to vegas_last_iter81.
Vegas input parameters:
  ndim 11
  ncomp 1
  epsrel 0
  epsabs 0
  flags 291
  seed 1893
  mineval 1
  maxeval 1
  nstart 1000000
  nincrease 500000
  nbatch 1000
  gridno 1
  statefile "vegas_last_iter81"

Restoring state from vegas_last_iter81.

Iteration 22:  137500000 integrand evaluations so far
[1] 0.00109348 +- 4.27187e-07  	chisq 421.23 (21 df)

Saving state to vegas_last_iter81.
Vegas input parameters:
  ndim 11
  ncomp 1
  epsrel 0
  epsabs 0
  flags 291
  seed 1974
  mineval 1
  maxeval 1
  nstart 1000000
  nincrease 500000
  nbatch 1000
  gridno 1
  statefile "vegas_last_iter81"

Restoring state from vegas_last_iter81.

Iteration 23:  149500000 integrand evaluations so far
[1] 0.00109348 +- 4.27187e-07  	chisq 643.853 (22 df)

Saving state to vegas_last_iter81.
Vegas input parameters:
  ndim 11
  ncomp 1
  epsrel 0
  epsabs 0
  flags 291
  seed 2055
  mineval 1
  maxeval 1
  nstart 1000000
  nincrease 500000
  nbatch 1000
  gridno 1
  statefile "vegas_last_iter81"

Restoring state from vegas_last_iter81.

Iteration 24:  162000000 integrand evaluations so far
[1] 0.00109348 +- 4.27187e-07  	chisq 860.676 (23 df)

Saving state to vegas_last_iter81.
Vegas input parameters:
  ndim 11
  ncomp 1
  epsrel 0
  epsabs 0
  flags 291
  seed 2136
  mineval 1
  maxeval 1
  nstart 1000000
  nincrease 500000
  nbatch 1000
  gridno 1
  statefile "vegas_last_iter81"

Restoring state from vegas_last_iter81.

Iteration 25:  175000000 integrand evaluations so far
[1] 0.00109348 +- 4.27187e-07  	chisq 1128.84 (24 df)

Saving state to vegas_last_iter81.
Vegas input parameters:
  ndim 11
  ncomp 1
  epsrel 0
  epsabs 0
  flags 291
  seed 2217
  mineval 1
  maxeval 1
  nstart 1000000
  nincrease 500000
  nbatch 1000
  gridno 1
  statefile "vegas_last_iter81"

Restoring state from vegas_last_iter81.

Iteration 26:  188500000 integrand evaluations so far
[1] 0.00109348 +- 4.27187e-07  	chisq 1425.9 (25 df)

Saving state to vegas_last_iter81.
Vegas input parameters:
  ndim 11
  ncomp 1
  epsrel 0
  epsabs 0
  flags 291
  seed 2298
  mineval 1
  maxeval 1
  nstart 1000000
  nincrease 500000
  nbatch 1000
  gridno 1
  statefile "vegas_last_iter81"

Restoring state from vegas_last_iter81.

Iteration 27:  202500000 integrand evaluations so far
[1] 0.00109348 +- 4.27187e-07  	chisq 1707.44 (26 df)

Saving state to vegas_last_iter81.
Thanks for using LHAPDF 6.3.0. Please make sure to cite the paper:
  Eur.Phys.J. C75 (2015) 3, 132  (http://arxiv.org/abs/1412.7420)
 method   =Vegas  
 nregions =           1
 neval    =   202500000
 fail     =           1
  0.109347666651E-02 +-   0.427186516147E-06   p =    1.000
