/var/lib/condor/execute/dir_3201
LHAPDF 6.3.0 loading /home/taebh/2021_Research/share/LHAPDF/NNPDF31_nnlo_as_0118_mc_hessian_pdfas/NNPDF31_nnlo_as_0118_mc_hessian_pdfas_0000.dat
NNPDF31_nnlo_as_0118_mc_hessian_pdfas PDF set, member #0, version 1
Vegas input parameters:
  ndim 11
  ncomp 1
  epsrel 0
  epsabs 0
  flags 291
  seed 258
  mineval 1
  maxeval 1
  nstart 1000000
  nincrease 500000
  nbatch 1000
  gridno 1
  statefile "vegas_last_iter147"

Iteration 1:  1000000 integrand evaluations so far
[1] -0.0344362 +- 0.000363082  	chisq 0 (0 df)

Saving state to vegas_last_iter147.
Vegas input parameters:
  ndim 11
  ncomp 1
  epsrel 0
  epsabs 0
  flags 291
  seed 405
  mineval 1
  maxeval 1
  nstart 1000000
  nincrease 500000
  nbatch 1000
  gridno 1
  statefile "vegas_last_iter147"

Restoring state from vegas_last_iter147.

Iteration 2:  2500000 integrand evaluations so far
[1] -0.0343916 +- 0.000174006  	chisq 0.0196387 (1 df)

Saving state to vegas_last_iter147.
Vegas input parameters:
  ndim 11
  ncomp 1
  epsrel 0
  epsabs 0
  flags 291
  seed 552
  mineval 1
  maxeval 1
  nstart 1000000
  nincrease 500000
  nbatch 1000
  gridno 1
  statefile "vegas_last_iter147"

Restoring state from vegas_last_iter147.

Iteration 3:  4500000 integrand evaluations so far
[1] -0.0343078 +- 7.04217e-05  	chisq 0.29692 (2 df)

Saving state to vegas_last_iter147.
Vegas input parameters:
  ndim 11
  ncomp 1
  epsrel 0
  epsabs 0
  flags 291
  seed 699
  mineval 1
  maxeval 1
  nstart 1000000
  nincrease 500000
  nbatch 1000
  gridno 1
  statefile "vegas_last_iter147"

Restoring state from vegas_last_iter147.

Iteration 4:  7000000 integrand evaluations so far
[1] -0.0343108 +- 3.49452e-05  	chisq 0.29929 (3 df)

Saving state to vegas_last_iter147.
Vegas input parameters:
  ndim 11
  ncomp 1
  epsrel 0
  epsabs 0
  flags 291
  seed 846
  mineval 1
  maxeval 1
  nstart 1000000
  nincrease 500000
  nbatch 1000
  gridno 1
  statefile "vegas_last_iter147"

Restoring state from vegas_last_iter147.

Iteration 5:  10000000 integrand evaluations so far
[1] -0.0342884 +- 2.29033e-05  	chisq 1.01545 (4 df)

Saving state to vegas_last_iter147.
Vegas input parameters:
  ndim 11
  ncomp 1
  epsrel 0
  epsabs 0
  flags 291
  seed 993
  mineval 1
  maxeval 1
  nstart 1000000
  nincrease 500000
  nbatch 1000
  gridno 1
  statefile "vegas_last_iter147"

Restoring state from vegas_last_iter147.

Iteration 6:  13500000 integrand evaluations so far
[1] -0.0343217 +- 1.68737e-05  	chisq 5.63914 (5 df)

Saving state to vegas_last_iter147.
Vegas input parameters:
  ndim 11
  ncomp 1
  epsrel 0
  epsabs 0
  flags 291
  seed 1140
  mineval 1
  maxeval 1
  nstart 1000000
  nincrease 500000
  nbatch 1000
  gridno 1
  statefile "vegas_last_iter147"

Restoring state from vegas_last_iter147.

Iteration 7:  17500000 integrand evaluations so far
[1] -0.0343147 +- 1.34281e-05  	chisq 6.10728 (6 df)

Saving state to vegas_last_iter147.
Vegas input parameters:
  ndim 11
  ncomp 1
  epsrel 0
  epsabs 0
  flags 291
  seed 1287
  mineval 1
  maxeval 1
  nstart 1000000
  nincrease 500000
  nbatch 1000
  gridno 1
  statefile "vegas_last_iter147"

Restoring state from vegas_last_iter147.

Iteration 8:  22000000 integrand evaluations so far
[1] -0.0343103 +- 1.12394e-05  	chisq 6.47999 (7 df)

Saving state to vegas_last_iter147.
Vegas input parameters:
  ndim 11
  ncomp 1
  epsrel 0
  epsabs 0
  flags 291
  seed 1434
  mineval 1
  maxeval 1
  nstart 1000000
  nincrease 500000
  nbatch 1000
  gridno 1
  statefile "vegas_last_iter147"

Restoring state from vegas_last_iter147.

Iteration 9:  27000000 integrand evaluations so far
[1] -0.034315 +- 9.69896e-06  	chisq 7.18284 (8 df)

Saving state to vegas_last_iter147.
Vegas input parameters:
  ndim 11
  ncomp 1
  epsrel 0
  epsabs 0
  flags 291
  seed 1581
  mineval 1
  maxeval 1
  nstart 1000000
  nincrease 500000
  nbatch 1000
  gridno 1
  statefile "vegas_last_iter147"

Restoring state from vegas_last_iter147.

Iteration 10:  32500000 integrand evaluations so far
[1] -0.0343055 +- 8.56214e-06  	chisq 11.5649 (9 df)

Saving state to vegas_last_iter147.
Vegas input parameters:
  ndim 11
  ncomp 1
  epsrel 0
  epsabs 0
  flags 291
  seed 1728
  mineval 1
  maxeval 1
  nstart 1000000
  nincrease 500000
  nbatch 1000
  gridno 1
  statefile "vegas_last_iter147"

Restoring state from vegas_last_iter147.

Iteration 11:  38500000 integrand evaluations so far
[1] -0.0343006 +- 7.68094e-06  	chisq 13.217 (10 df)

Saving state to vegas_last_iter147.
Vegas input parameters:
  ndim 11
  ncomp 1
  epsrel 0
  epsabs 0
  flags 291
  seed 1875
  mineval 1
  maxeval 1
  nstart 1000000
  nincrease 500000
  nbatch 1000
  gridno 1
  statefile "vegas_last_iter147"

Restoring state from vegas_last_iter147.

Iteration 12:  45000000 integrand evaluations so far
[1] -0.034299 +- 6.98205e-06  	chisq 13.468 (11 df)

Saving state to vegas_last_iter147.
Vegas input parameters:
  ndim 11
  ncomp 1
  epsrel 0
  epsabs 0
  flags 291
  seed 2022
  mineval 1
  maxeval 1
  nstart 1000000
  nincrease 500000
  nbatch 1000
  gridno 1
  statefile "vegas_last_iter147"

Restoring state from vegas_last_iter147.

Iteration 13:  52000000 integrand evaluations so far
[1] -0.0342986 +- 6.40502e-06  	chisq 13.4937 (12 df)

Saving state to vegas_last_iter147.
Vegas input parameters:
  ndim 11
  ncomp 1
  epsrel 0
  epsabs 0
  flags 291
  seed 2169
  mineval 1
  maxeval 1
  nstart 1000000
  nincrease 500000
  nbatch 1000
  gridno 1
  statefile "vegas_last_iter147"

Restoring state from vegas_last_iter147.

Iteration 14:  59500000 integrand evaluations so far
[1] -0.0343002 +- 5.92005e-06  	chisq 13.9312 (13 df)

Saving state to vegas_last_iter147.
Vegas input parameters:
  ndim 11
  ncomp 1
  epsrel 0
  epsabs 0
  flags 291
  seed 2316
  mineval 1
  maxeval 1
  nstart 1000000
  nincrease 500000
  nbatch 1000
  gridno 1
  statefile "vegas_last_iter147"

Restoring state from vegas_last_iter147.

Iteration 15:  67500000 integrand evaluations so far
[1] -0.0343011 +- 5.50759e-06  	chisq 14.1111 (14 df)

Saving state to vegas_last_iter147.
Vegas input parameters:
  ndim 11
  ncomp 1
  epsrel 0
  epsabs 0
  flags 291
  seed 2463
  mineval 1
  maxeval 1
  nstart 1000000
  nincrease 500000
  nbatch 1000
  gridno 1
  statefile "vegas_last_iter147"

Restoring state from vegas_last_iter147.

Iteration 16:  76000000 integrand evaluations so far
[1] -0.0343042 +- 5.15114e-06  	chisq 16.6217 (15 df)

Saving state to vegas_last_iter147.
Vegas input parameters:
  ndim 11
  ncomp 1
  epsrel 0
  epsabs 0
  flags 291
  seed 2610
  mineval 1
  maxeval 1
  nstart 1000000
  nincrease 500000
  nbatch 1000
  gridno 1
  statefile "vegas_last_iter147"

Restoring state from vegas_last_iter147.

Iteration 17:  85000000 integrand evaluations so far
[1] -0.0343035 +- 4.84021e-06  	chisq 16.7748 (16 df)

Saving state to vegas_last_iter147.
Vegas input parameters:
  ndim 11
  ncomp 1
  epsrel 0
  epsabs 0
  flags 291
  seed 2757
  mineval 1
  maxeval 1
  nstart 1000000
  nincrease 500000
  nbatch 1000
  gridno 1
  statefile "vegas_last_iter147"

Restoring state from vegas_last_iter147.

Iteration 18:  94500000 integrand evaluations so far
[1] -0.034304 +- 4.56625e-06  	chisq 16.8772 (17 df)

Saving state to vegas_last_iter147.
Vegas input parameters:
  ndim 11
  ncomp 1
  epsrel 0
  epsabs 0
  flags 291
  seed 2904
  mineval 1
  maxeval 1
  nstart 1000000
  nincrease 500000
  nbatch 1000
  gridno 1
  statefile "vegas_last_iter147"

Restoring state from vegas_last_iter147.

Iteration 19:  104500000 integrand evaluations so far
[1] -0.0343018 +- 4.323e-06  	chisq 19.0737 (18 df)

Saving state to vegas_last_iter147.
Vegas input parameters:
  ndim 11
  ncomp 1
  epsrel 0
  epsabs 0
  flags 291
  seed 3051
  mineval 1
  maxeval 1
  nstart 1000000
  nincrease 500000
  nbatch 1000
  gridno 1
  statefile "vegas_last_iter147"

Restoring state from vegas_last_iter147.

Iteration 20:  115000000 integrand evaluations so far
[1] -0.0343049 +- 4.10481e-06  	chisq 24.0259 (19 df)

Saving state to vegas_last_iter147.
Vegas input parameters:
  ndim 11
  ncomp 1
  epsrel 0
  epsabs 0
  flags 291
  seed 3198
  mineval 1
  maxeval 1
  nstart 1000000
  nincrease 500000
  nbatch 1000
  gridno 1
  statefile "vegas_last_iter147"

Restoring state from vegas_last_iter147.

Iteration 21:  126000000 integrand evaluations so far
[1] -0.0343048 +- 3.90883e-06  	chisq 24.0273 (20 df)

Saving state to vegas_last_iter147.
Vegas input parameters:
  ndim 11
  ncomp 1
  epsrel 0
  epsabs 0
  flags 291
  seed 3345
  mineval 1
  maxeval 1
  nstart 1000000
  nincrease 500000
  nbatch 1000
  gridno 1
  statefile "vegas_last_iter147"

Restoring state from vegas_last_iter147.

Iteration 22:  137500000 integrand evaluations so far
[1] -0.0343024 +- 3.73102e-06  	chisq 28.2042 (21 df)

Saving state to vegas_last_iter147.
Vegas input parameters:
  ndim 11
  ncomp 1
  epsrel 0
  epsabs 0
  flags 291
  seed 3492
  mineval 1
  maxeval 1
  nstart 1000000
  nincrease 500000
  nbatch 1000
  gridno 1
  statefile "vegas_last_iter147"

Restoring state from vegas_last_iter147.

Iteration 23:  149500000 integrand evaluations so far
[1] -0.0343029 +- 3.56921e-06  	chisq 28.3924 (22 df)

Saving state to vegas_last_iter147.
Vegas input parameters:
  ndim 11
  ncomp 1
  epsrel 0
  epsabs 0
  flags 291
  seed 3639
  mineval 1
  maxeval 1
  nstart 1000000
  nincrease 500000
  nbatch 1000
  gridno 1
  statefile "vegas_last_iter147"

Restoring state from vegas_last_iter147.

Iteration 24:  162000000 integrand evaluations so far
[1] -0.0343019 +- 3.42157e-06  	chisq 29.4416 (23 df)

Saving state to vegas_last_iter147.
Vegas input parameters:
  ndim 11
  ncomp 1
  epsrel 0
  epsabs 0
  flags 291
  seed 3786
  mineval 1
  maxeval 1
  nstart 1000000
  nincrease 500000
  nbatch 1000
  gridno 1
  statefile "vegas_last_iter147"

Restoring state from vegas_last_iter147.

Iteration 25:  175000000 integrand evaluations so far
[1] -0.0343032 +- 3.28521e-06  	chisq 31.2721 (24 df)

Saving state to vegas_last_iter147.
Vegas input parameters:
  ndim 11
  ncomp 1
  epsrel 0
  epsabs 0
  flags 291
  seed 3933
  mineval 1
  maxeval 1
  nstart 1000000
  nincrease 500000
  nbatch 1000
  gridno 1
  statefile "vegas_last_iter147"

Restoring state from vegas_last_iter147.

Iteration 26:  188500000 integrand evaluations so far
[1] -0.0343031 +- 3.15936e-06  	chisq 31.2722 (25 df)

Saving state to vegas_last_iter147.
Vegas input parameters:
  ndim 11
  ncomp 1
  epsrel 0
  epsabs 0
  flags 291
  seed 4080
  mineval 1
  maxeval 1
  nstart 1000000
  nincrease 500000
  nbatch 1000
  gridno 1
  statefile "vegas_last_iter147"

Restoring state from vegas_last_iter147.

Iteration 27:  202500000 integrand evaluations so far
[1] -0.0343028 +- 3.0431e-06  	chisq 31.4566 (26 df)

Saving state to vegas_last_iter147.
Thanks for using LHAPDF 6.3.0. Please make sure to cite the paper:
  Eur.Phys.J. C75 (2015) 3, 132  (http://arxiv.org/abs/1412.7420)
 method   =Vegas  
 nregions =           1
 neval    =   202500000
 fail     =           1
 -0.343027790282E-01 +-   0.304310470703E-05   p =    0.747
