/var/lib/condor/execute/dir_16152
LHAPDF 6.3.0 loading /home/taebh/2021_Research/share/LHAPDF/NNPDF31_nnlo_as_0118_mc_hessian_pdfas/NNPDF31_nnlo_as_0118_mc_hessian_pdfas_0000.dat
NNPDF31_nnlo_as_0118_mc_hessian_pdfas PDF set, member #0, version 1
Vegas input parameters:
  ndim 11
  ncomp 1
  epsrel 0
  epsabs 0
  flags 291
  seed 134
  mineval 1
  maxeval 1
  nstart 1000000
  nincrease 500000
  nbatch 1000
  gridno 1
  statefile "vegas_last_iter23"

Iteration 1:  1000000 integrand evaluations so far
[1] -1.14786e-05 +- 5.29239e-07  	chisq 0 (0 df)

Saving state to vegas_last_iter23.
Vegas input parameters:
  ndim 11
  ncomp 1
  epsrel 0
  epsabs 0
  flags 291
  seed 157
  mineval 1
  maxeval 1
  nstart 1000000
  nincrease 500000
  nbatch 1000
  gridno 1
  statefile "vegas_last_iter23"

Restoring state from vegas_last_iter23.

Iteration 2:  2500000 integrand evaluations so far
[1] -1.14216e-05 +- 1.83905e-07  	chisq 0.0131512 (1 df)

Saving state to vegas_last_iter23.
Vegas input parameters:
  ndim 11
  ncomp 1
  epsrel 0
  epsabs 0
  flags 291
  seed 180
  mineval 1
  maxeval 1
  nstart 1000000
  nincrease 500000
  nbatch 1000
  gridno 1
  statefile "vegas_last_iter23"

Restoring state from vegas_last_iter23.

Iteration 3:  4500000 integrand evaluations so far
[1] -1.15497e-05 +- 6.53306e-08  	chisq 0.568282 (2 df)

Saving state to vegas_last_iter23.
Vegas input parameters:
  ndim 11
  ncomp 1
  epsrel 0
  epsabs 0
  flags 291
  seed 203
  mineval 1
  maxeval 1
  nstart 1000000
  nincrease 500000
  nbatch 1000
  gridno 1
  statefile "vegas_last_iter23"

Restoring state from vegas_last_iter23.

Iteration 4:  7000000 integrand evaluations so far
[1] -1.15218e-05 +- 2.30499e-08  	chisq 0.776878 (3 df)

Saving state to vegas_last_iter23.
Vegas input parameters:
  ndim 11
  ncomp 1
  epsrel 0
  epsabs 0
  flags 291
  seed 226
  mineval 1
  maxeval 1
  nstart 1000000
  nincrease 500000
  nbatch 1000
  gridno 1
  statefile "vegas_last_iter23"

Restoring state from vegas_last_iter23.

Iteration 5:  10000000 integrand evaluations so far
[1] -1.15326e-05 +- 1.1902e-08  	chisq 1.07852 (4 df)

Saving state to vegas_last_iter23.
Vegas input parameters:
  ndim 11
  ncomp 1
  epsrel 0
  epsabs 0
  flags 291
  seed 249
  mineval 1
  maxeval 1
  nstart 1000000
  nincrease 500000
  nbatch 1000
  gridno 1
  statefile "vegas_last_iter23"

Restoring state from vegas_last_iter23.

Iteration 6:  13500000 integrand evaluations so far
[1] -1.15433e-05 +- 7.906e-09  	chisq 2.52302 (5 df)

Saving state to vegas_last_iter23.
Vegas input parameters:
  ndim 11
  ncomp 1
  epsrel 0
  epsabs 0
  flags 291
  seed 272
  mineval 1
  maxeval 1
  nstart 1000000
  nincrease 500000
  nbatch 1000
  gridno 1
  statefile "vegas_last_iter23"

Restoring state from vegas_last_iter23.

Iteration 7:  17500000 integrand evaluations so far
[1] -1.15495e-05 +- 5.97268e-09  	chisq 3.95622 (6 df)

Saving state to vegas_last_iter23.
Vegas input parameters:
  ndim 11
  ncomp 1
  epsrel 0
  epsabs 0
  flags 291
  seed 295
  mineval 1
  maxeval 1
  nstart 1000000
  nincrease 500000
  nbatch 1000
  gridno 1
  statefile "vegas_last_iter23"

Restoring state from vegas_last_iter23.

Iteration 8:  22000000 integrand evaluations so far
[1] -1.15578e-05 +- 4.85409e-09  	chisq 9.62418 (7 df)

Saving state to vegas_last_iter23.
Vegas input parameters:
  ndim 11
  ncomp 1
  epsrel 0
  epsabs 0
  flags 291
  seed 318
  mineval 1
  maxeval 1
  nstart 1000000
  nincrease 500000
  nbatch 1000
  gridno 1
  statefile "vegas_last_iter23"

Restoring state from vegas_last_iter23.

Iteration 9:  27000000 integrand evaluations so far
[1] -1.15609e-05 +- 4.12355e-09  	chisq 11.0668 (8 df)

Saving state to vegas_last_iter23.
Vegas input parameters:
  ndim 11
  ncomp 1
  epsrel 0
  epsabs 0
  flags 291
  seed 341
  mineval 1
  maxeval 1
  nstart 1000000
  nincrease 500000
  nbatch 1000
  gridno 1
  statefile "vegas_last_iter23"

Restoring state from vegas_last_iter23.

Iteration 10:  32500000 integrand evaluations so far
[1] -1.15569e-05 +- 3.60315e-09  	chisq 15.0672 (9 df)

Saving state to vegas_last_iter23.
Vegas input parameters:
  ndim 11
  ncomp 1
  epsrel 0
  epsabs 0
  flags 291
  seed 364
  mineval 1
  maxeval 1
  nstart 1000000
  nincrease 500000
  nbatch 1000
  gridno 1
  statefile "vegas_last_iter23"

Restoring state from vegas_last_iter23.

Iteration 11:  38500000 integrand evaluations so far
[1] -1.15529e-05 +- 3.21035e-09  	chisq 20.9918 (10 df)

Saving state to vegas_last_iter23.
Vegas input parameters:
  ndim 11
  ncomp 1
  epsrel 0
  epsabs 0
  flags 291
  seed 387
  mineval 1
  maxeval 1
  nstart 1000000
  nincrease 500000
  nbatch 1000
  gridno 1
  statefile "vegas_last_iter23"

Restoring state from vegas_last_iter23.

Iteration 12:  45000000 integrand evaluations so far
[1] -1.15531e-05 +- 2.90146e-09  	chisq 21.0097 (11 df)

Saving state to vegas_last_iter23.
Vegas input parameters:
  ndim 11
  ncomp 1
  epsrel 0
  epsabs 0
  flags 291
  seed 410
  mineval 1
  maxeval 1
  nstart 1000000
  nincrease 500000
  nbatch 1000
  gridno 1
  statefile "vegas_last_iter23"

Restoring state from vegas_last_iter23.

Iteration 13:  52000000 integrand evaluations so far
[1] -1.15545e-05 +- 2.6516e-09  	chisq 22.5206 (12 df)

Saving state to vegas_last_iter23.
Vegas input parameters:
  ndim 11
  ncomp 1
  epsrel 0
  epsabs 0
  flags 291
  seed 433
  mineval 1
  maxeval 1
  nstart 1000000
  nincrease 500000
  nbatch 1000
  gridno 1
  statefile "vegas_last_iter23"

Restoring state from vegas_last_iter23.

Iteration 14:  59500000 integrand evaluations so far
[1] -1.15534e-05 +- 2.44441e-09  	chisq 23.6987 (13 df)

Saving state to vegas_last_iter23.
Vegas input parameters:
  ndim 11
  ncomp 1
  epsrel 0
  epsabs 0
  flags 291
  seed 456
  mineval 1
  maxeval 1
  nstart 1000000
  nincrease 500000
  nbatch 1000
  gridno 1
  statefile "vegas_last_iter23"

Restoring state from vegas_last_iter23.

Iteration 15:  67500000 integrand evaluations so far
[1] -1.15539e-05 +- 2.26916e-09  	chisq 23.945 (14 df)

Saving state to vegas_last_iter23.
Vegas input parameters:
  ndim 11
  ncomp 1
  epsrel 0
  epsabs 0
  flags 291
  seed 479
  mineval 1
  maxeval 1
  nstart 1000000
  nincrease 500000
  nbatch 1000
  gridno 1
  statefile "vegas_last_iter23"

Restoring state from vegas_last_iter23.

Iteration 16:  76000000 integrand evaluations so far
[1] -1.15536e-05 +- 2.11861e-09  	chisq 24.0699 (15 df)

Saving state to vegas_last_iter23.
Vegas input parameters:
  ndim 11
  ncomp 1
  epsrel 0
  epsabs 0
  flags 291
  seed 502
  mineval 1
  maxeval 1
  nstart 1000000
  nincrease 500000
  nbatch 1000
  gridno 1
  statefile "vegas_last_iter23"

Restoring state from vegas_last_iter23.

Iteration 17:  85000000 integrand evaluations so far
[1] -1.1553e-05 +- 1.98789e-09  	chisq 24.7644 (16 df)

Saving state to vegas_last_iter23.
Vegas input parameters:
  ndim 11
  ncomp 1
  epsrel 0
  epsabs 0
  flags 291
  seed 525
  mineval 1
  maxeval 1
  nstart 1000000
  nincrease 500000
  nbatch 1000
  gridno 1
  statefile "vegas_last_iter23"

Restoring state from vegas_last_iter23.

Iteration 18:  94500000 integrand evaluations so far
[1] -1.1552e-05 +- 1.87311e-09  	chisq 26.8897 (17 df)

Saving state to vegas_last_iter23.
Vegas input parameters:
  ndim 11
  ncomp 1
  epsrel 0
  epsabs 0
  flags 291
  seed 548
  mineval 1
  maxeval 1
  nstart 1000000
  nincrease 500000
  nbatch 1000
  gridno 1
  statefile "vegas_last_iter23"

Restoring state from vegas_last_iter23.

Iteration 19:  104500000 integrand evaluations so far
[1] -1.15529e-05 +- 1.77144e-09  	chisq 29.0956 (18 df)

Saving state to vegas_last_iter23.
Vegas input parameters:
  ndim 11
  ncomp 1
  epsrel 0
  epsabs 0
  flags 291
  seed 571
  mineval 1
  maxeval 1
  nstart 1000000
  nincrease 500000
  nbatch 1000
  gridno 1
  statefile "vegas_last_iter23"

Restoring state from vegas_last_iter23.

Iteration 20:  115000000 integrand evaluations so far
[1] -1.15524e-05 +- 1.68054e-09  	chisq 30.058 (19 df)

Saving state to vegas_last_iter23.
Vegas input parameters:
  ndim 11
  ncomp 1
  epsrel 0
  epsabs 0
  flags 291
  seed 594
  mineval 1
  maxeval 1
  nstart 1000000
  nincrease 500000
  nbatch 1000
  gridno 1
  statefile "vegas_last_iter23"

Restoring state from vegas_last_iter23.

Iteration 21:  126000000 integrand evaluations so far
[1] -1.1551e-05 +- 1.59898e-09  	chisq 36.7692 (20 df)

Saving state to vegas_last_iter23.
Vegas input parameters:
  ndim 11
  ncomp 1
  epsrel 0
  epsabs 0
  flags 291
  seed 617
  mineval 1
  maxeval 1
  nstart 1000000
  nincrease 500000
  nbatch 1000
  gridno 1
  statefile "vegas_last_iter23"

Restoring state from vegas_last_iter23.

Iteration 22:  137500000 integrand evaluations so far
[1] -1.15509e-05 +- 1.52515e-09  	chisq 36.7939 (21 df)

Saving state to vegas_last_iter23.
Vegas input parameters:
  ndim 11
  ncomp 1
  epsrel 0
  epsabs 0
  flags 291
  seed 640
  mineval 1
  maxeval 1
  nstart 1000000
  nincrease 500000
  nbatch 1000
  gridno 1
  statefile "vegas_last_iter23"

Restoring state from vegas_last_iter23.

Iteration 23:  149500000 integrand evaluations so far
[1] -1.15519e-05 +- 1.4581e-09  	chisq 41.7307 (22 df)

Saving state to vegas_last_iter23.
Vegas input parameters:
  ndim 11
  ncomp 1
  epsrel 0
  epsabs 0
  flags 291
  seed 663
  mineval 1
  maxeval 1
  nstart 1000000
  nincrease 500000
  nbatch 1000
  gridno 1
  statefile "vegas_last_iter23"

Restoring state from vegas_last_iter23.

Iteration 24:  162000000 integrand evaluations so far
[1] -1.15517e-05 +- 1.39683e-09  	chisq 42.2168 (23 df)

Saving state to vegas_last_iter23.
Vegas input parameters:
  ndim 11
  ncomp 1
  epsrel 0
  epsabs 0
  flags 291
  seed 686
  mineval 1
  maxeval 1
  nstart 1000000
  nincrease 500000
  nbatch 1000
  gridno 1
  statefile "vegas_last_iter23"

Restoring state from vegas_last_iter23.

Iteration 25:  175000000 integrand evaluations so far
[1] -1.15521e-05 +- 1.34064e-09  	chisq 43.2917 (24 df)

Saving state to vegas_last_iter23.
Vegas input parameters:
  ndim 11
  ncomp 1
  epsrel 0
  epsabs 0
  flags 291
  seed 709
  mineval 1
  maxeval 1
  nstart 1000000
  nincrease 500000
  nbatch 1000
  gridno 1
  statefile "vegas_last_iter23"

Restoring state from vegas_last_iter23.

Iteration 26:  188500000 integrand evaluations so far
[1] -1.15517e-05 +- 1.28895e-09  	chisq 44.4146 (25 df)

Saving state to vegas_last_iter23.
Vegas input parameters:
  ndim 11
  ncomp 1
  epsrel 0
  epsabs 0
  flags 291
  seed 732
  mineval 1
  maxeval 1
  nstart 1000000
  nincrease 500000
  nbatch 1000
  gridno 1
  statefile "vegas_last_iter23"

Restoring state from vegas_last_iter23.

Iteration 27:  202500000 integrand evaluations so far
[1] -1.15518e-05 +- 1.24113e-09  	chisq 44.55 (26 df)

Saving state to vegas_last_iter23.
Thanks for using LHAPDF 6.3.0. Please make sure to cite the paper:
  Eur.Phys.J. C75 (2015) 3, 132  (http://arxiv.org/abs/1412.7420)
 method   =Vegas  
 nregions =           1
 neval    =   202500000
 fail     =           1
 -0.115517950054E-04 +-   0.124113031339E-08   p =    0.982
