/var/lib/condor/execute/dir_29547
LHAPDF 6.3.0 loading /home/taebh/2021_Research/share/LHAPDF/NNPDF31_nnlo_as_0118_mc_hessian_pdfas/NNPDF31_nnlo_as_0118_mc_hessian_pdfas_0000.dat
NNPDF31_nnlo_as_0118_mc_hessian_pdfas PDF set, member #0, version 1
Vegas input parameters:
  ndim 11
  ncomp 1
  epsrel 0
  epsabs 0
  flags 291
  seed 165
  mineval 1
  maxeval 1
  nstart 1000000
  nincrease 500000
  nbatch 1000
  gridno 1
  statefile "vegas_last_iter54"

Iteration 1:  1000000 integrand evaluations so far
[1] -0.0227286 +- 0.000254768  	chisq 0 (0 df)

Saving state to vegas_last_iter54.
Vegas input parameters:
  ndim 11
  ncomp 1
  epsrel 0
  epsabs 0
  flags 291
  seed 219
  mineval 1
  maxeval 1
  nstart 1000000
  nincrease 500000
  nbatch 1000
  gridno 1
  statefile "vegas_last_iter54"

Restoring state from vegas_last_iter54.

Iteration 2:  2500000 integrand evaluations so far
[1] -0.0225622 +- 0.000113999  	chisq 0.533333 (1 df)

Saving state to vegas_last_iter54.
Vegas input parameters:
  ndim 11
  ncomp 1
  epsrel 0
  epsabs 0
  flags 291
  seed 273
  mineval 1
  maxeval 1
  nstart 1000000
  nincrease 500000
  nbatch 1000
  gridno 1
  statefile "vegas_last_iter54"

Restoring state from vegas_last_iter54.

Iteration 3:  4500000 integrand evaluations so far
[1] -0.0225012 +- 7.18516e-05  	chisq 1.0089 (2 df)

Saving state to vegas_last_iter54.
Vegas input parameters:
  ndim 11
  ncomp 1
  epsrel 0
  epsabs 0
  flags 291
  seed 327
  mineval 1
  maxeval 1
  nstart 1000000
  nincrease 500000
  nbatch 1000
  gridno 1
  statefile "vegas_last_iter54"

Restoring state from vegas_last_iter54.

Iteration 4:  7000000 integrand evaluations so far
[1] -0.0224778 +- 5.18932e-05  	chisq 1.22935 (3 df)

Saving state to vegas_last_iter54.
Vegas input parameters:
  ndim 11
  ncomp 1
  epsrel 0
  epsabs 0
  flags 291
  seed 381
  mineval 1
  maxeval 1
  nstart 1000000
  nincrease 500000
  nbatch 1000
  gridno 1
  statefile "vegas_last_iter54"

Restoring state from vegas_last_iter54.

Iteration 5:  10000000 integrand evaluations so far
[1] -0.0224972 +- 4.04619e-05  	chisq 1.58666 (4 df)

Saving state to vegas_last_iter54.
Vegas input parameters:
  ndim 11
  ncomp 1
  epsrel 0
  epsabs 0
  flags 291
  seed 435
  mineval 1
  maxeval 1
  nstart 1000000
  nincrease 500000
  nbatch 1000
  gridno 1
  statefile "vegas_last_iter54"

Restoring state from vegas_last_iter54.

Iteration 6:  13500000 integrand evaluations so far
[1] -0.0225206 +- 3.32937e-05  	chisq 2.6188 (5 df)

Saving state to vegas_last_iter54.
Vegas input parameters:
  ndim 11
  ncomp 1
  epsrel 0
  epsabs 0
  flags 291
  seed 489
  mineval 1
  maxeval 1
  nstart 1000000
  nincrease 500000
  nbatch 1000
  gridno 1
  statefile "vegas_last_iter54"

Restoring state from vegas_last_iter54.

Iteration 7:  17500000 integrand evaluations so far
[1] -0.0225084 +- 2.84209e-05  	chisq 3.11594 (6 df)

Saving state to vegas_last_iter54.
Vegas input parameters:
  ndim 11
  ncomp 1
  epsrel 0
  epsabs 0
  flags 291
  seed 543
  mineval 1
  maxeval 1
  nstart 1000000
  nincrease 500000
  nbatch 1000
  gridno 1
  statefile "vegas_last_iter54"

Restoring state from vegas_last_iter54.

Iteration 8:  22000000 integrand evaluations so far
[1] -0.0225254 +- 2.48016e-05  	chisq 4.62034 (7 df)

Saving state to vegas_last_iter54.
Vegas input parameters:
  ndim 11
  ncomp 1
  epsrel 0
  epsabs 0
  flags 291
  seed 597
  mineval 1
  maxeval 1
  nstart 1000000
  nincrease 500000
  nbatch 1000
  gridno 1
  statefile "vegas_last_iter54"

Restoring state from vegas_last_iter54.

Iteration 9:  27000000 integrand evaluations so far
[1] -0.0225013 +- 2.20508e-05  	chisq 9.11936 (8 df)

Saving state to vegas_last_iter54.
Vegas input parameters:
  ndim 11
  ncomp 1
  epsrel 0
  epsabs 0
  flags 291
  seed 651
  mineval 1
  maxeval 1
  nstart 1000000
  nincrease 500000
  nbatch 1000
  gridno 1
  statefile "vegas_last_iter54"

Restoring state from vegas_last_iter54.

Iteration 10:  32500000 integrand evaluations so far
[1] -0.0225172 +- 1.9853e-05  	chisq 11.8512 (9 df)

Saving state to vegas_last_iter54.
Vegas input parameters:
  ndim 11
  ncomp 1
  epsrel 0
  epsabs 0
  flags 291
  seed 705
  mineval 1
  maxeval 1
  nstart 1000000
  nincrease 500000
  nbatch 1000
  gridno 1
  statefile "vegas_last_iter54"

Restoring state from vegas_last_iter54.

Iteration 11:  38500000 integrand evaluations so far
[1] -0.0225081 +- 1.80734e-05  	chisq 13.0588 (10 df)

Saving state to vegas_last_iter54.
Vegas input parameters:
  ndim 11
  ncomp 1
  epsrel 0
  epsabs 0
  flags 291
  seed 759
  mineval 1
  maxeval 1
  nstart 1000000
  nincrease 500000
  nbatch 1000
  gridno 1
  statefile "vegas_last_iter54"

Restoring state from vegas_last_iter54.

Iteration 12:  45000000 integrand evaluations so far
[1] -0.0225145 +- 1.65974e-05  	chisq 13.8576 (11 df)

Saving state to vegas_last_iter54.
Vegas input parameters:
  ndim 11
  ncomp 1
  epsrel 0
  epsabs 0
  flags 291
  seed 813
  mineval 1
  maxeval 1
  nstart 1000000
  nincrease 500000
  nbatch 1000
  gridno 1
  statefile "vegas_last_iter54"

Restoring state from vegas_last_iter54.

Iteration 13:  52000000 integrand evaluations so far
[1] -0.0225161 +- 1.53502e-05  	chisq 13.9165 (12 df)

Saving state to vegas_last_iter54.
Vegas input parameters:
  ndim 11
  ncomp 1
  epsrel 0
  epsabs 0
  flags 291
  seed 867
  mineval 1
  maxeval 1
  nstart 1000000
  nincrease 500000
  nbatch 1000
  gridno 1
  statefile "vegas_last_iter54"

Restoring state from vegas_last_iter54.

Iteration 14:  59500000 integrand evaluations so far
[1] -0.0225235 +- 1.42803e-05  	chisq 15.671 (13 df)

Saving state to vegas_last_iter54.
Vegas input parameters:
  ndim 11
  ncomp 1
  epsrel 0
  epsabs 0
  flags 291
  seed 921
  mineval 1
  maxeval 1
  nstart 1000000
  nincrease 500000
  nbatch 1000
  gridno 1
  statefile "vegas_last_iter54"

Restoring state from vegas_last_iter54.

Iteration 15:  67500000 integrand evaluations so far
[1] -0.022518 +- 1.33559e-05  	chisq 16.8897 (14 df)

Saving state to vegas_last_iter54.
Vegas input parameters:
  ndim 11
  ncomp 1
  epsrel 0
  epsabs 0
  flags 291
  seed 975
  mineval 1
  maxeval 1
  nstart 1000000
  nincrease 500000
  nbatch 1000
  gridno 1
  statefile "vegas_last_iter54"

Restoring state from vegas_last_iter54.

Iteration 16:  76000000 integrand evaluations so far
[1] -0.0225143 +- 1.25456e-05  	chisq 17.5087 (15 df)

Saving state to vegas_last_iter54.
Vegas input parameters:
  ndim 11
  ncomp 1
  epsrel 0
  epsabs 0
  flags 291
  seed 1029
  mineval 1
  maxeval 1
  nstart 1000000
  nincrease 500000
  nbatch 1000
  gridno 1
  statefile "vegas_last_iter54"

Restoring state from vegas_last_iter54.

Iteration 17:  85000000 integrand evaluations so far
[1] -0.0225113 +- 1.18316e-05  	chisq 18.0552 (16 df)

Saving state to vegas_last_iter54.
Vegas input parameters:
  ndim 11
  ncomp 1
  epsrel 0
  epsabs 0
  flags 291
  seed 1083
  mineval 1
  maxeval 1
  nstart 1000000
  nincrease 500000
  nbatch 1000
  gridno 1
  statefile "vegas_last_iter54"

Restoring state from vegas_last_iter54.

Iteration 18:  94500000 integrand evaluations so far
[1] -0.022511 +- 1.11955e-05  	chisq 18.0584 (17 df)

Saving state to vegas_last_iter54.
Vegas input parameters:
  ndim 11
  ncomp 1
  epsrel 0
  epsabs 0
  flags 291
  seed 1137
  mineval 1
  maxeval 1
  nstart 1000000
  nincrease 500000
  nbatch 1000
  gridno 1
  statefile "vegas_last_iter54"

Restoring state from vegas_last_iter54.

Iteration 19:  104500000 integrand evaluations so far
[1] -0.0225187 +- 1.06253e-05  	chisq 22.8119 (18 df)

Saving state to vegas_last_iter54.
Vegas input parameters:
  ndim 11
  ncomp 1
  epsrel 0
  epsabs 0
  flags 291
  seed 1191
  mineval 1
  maxeval 1
  nstart 1000000
  nincrease 500000
  nbatch 1000
  gridno 1
  statefile "vegas_last_iter54"

Restoring state from vegas_last_iter54.

Iteration 20:  115000000 integrand evaluations so far
[1] -0.0225167 +- 1.01122e-05  	chisq 23.2184 (19 df)

Saving state to vegas_last_iter54.
Vegas input parameters:
  ndim 11
  ncomp 1
  epsrel 0
  epsabs 0
  flags 291
  seed 1245
  mineval 1
  maxeval 1
  nstart 1000000
  nincrease 500000
  nbatch 1000
  gridno 1
  statefile "vegas_last_iter54"

Restoring state from vegas_last_iter54.

Iteration 21:  126000000 integrand evaluations so far
[1] -0.0225146 +- 9.64613e-06  	chisq 23.6826 (20 df)

Saving state to vegas_last_iter54.
Vegas input parameters:
  ndim 11
  ncomp 1
  epsrel 0
  epsabs 0
  flags 291
  seed 1299
  mineval 1
  maxeval 1
  nstart 1000000
  nincrease 500000
  nbatch 1000
  gridno 1
  statefile "vegas_last_iter54"

Restoring state from vegas_last_iter54.

Iteration 22:  137500000 integrand evaluations so far
[1] -0.022515 +- 9.22281e-06  	chisq 23.7073 (21 df)

Saving state to vegas_last_iter54.
Vegas input parameters:
  ndim 11
  ncomp 1
  epsrel 0
  epsabs 0
  flags 291
  seed 1353
  mineval 1
  maxeval 1
  nstart 1000000
  nincrease 500000
  nbatch 1000
  gridno 1
  statefile "vegas_last_iter54"

Restoring state from vegas_last_iter54.

Iteration 23:  149500000 integrand evaluations so far
[1] -0.0225135 +- 8.83648e-06  	chisq 24.0463 (22 df)

Saving state to vegas_last_iter54.
Vegas input parameters:
  ndim 11
  ncomp 1
  epsrel 0
  epsabs 0
  flags 291
  seed 1407
  mineval 1
  maxeval 1
  nstart 1000000
  nincrease 500000
  nbatch 1000
  gridno 1
  statefile "vegas_last_iter54"

Restoring state from vegas_last_iter54.

Iteration 24:  162000000 integrand evaluations so far
[1] -0.022513 +- 8.48078e-06  	chisq 24.081 (23 df)

Saving state to vegas_last_iter54.
Vegas input parameters:
  ndim 11
  ncomp 1
  epsrel 0
  epsabs 0
  flags 291
  seed 1461
  mineval 1
  maxeval 1
  nstart 1000000
  nincrease 500000
  nbatch 1000
  gridno 1
  statefile "vegas_last_iter54"

Restoring state from vegas_last_iter54.

Iteration 25:  175000000 integrand evaluations so far
[1] -0.0225143 +- 8.1521e-06  	chisq 24.3536 (24 df)

Saving state to vegas_last_iter54.
Vegas input parameters:
  ndim 11
  ncomp 1
  epsrel 0
  epsabs 0
  flags 291
  seed 1515
  mineval 1
  maxeval 1
  nstart 1000000
  nincrease 500000
  nbatch 1000
  gridno 1
  statefile "vegas_last_iter54"

Restoring state from vegas_last_iter54.

Iteration 26:  188500000 integrand evaluations so far
[1] -0.0225099 +- 7.8482e-06  	chisq 28.2499 (25 df)

Saving state to vegas_last_iter54.
Vegas input parameters:
  ndim 11
  ncomp 1
  epsrel 0
  epsabs 0
  flags 291
  seed 1569
  mineval 1
  maxeval 1
  nstart 1000000
  nincrease 500000
  nbatch 1000
  gridno 1
  statefile "vegas_last_iter54"

Restoring state from vegas_last_iter54.

Iteration 27:  202500000 integrand evaluations so far
[1] -0.0225101 +- 7.56593e-06  	chisq 28.2613 (26 df)

Saving state to vegas_last_iter54.
Thanks for using LHAPDF 6.3.0. Please make sure to cite the paper:
  Eur.Phys.J. C75 (2015) 3, 132  (http://arxiv.org/abs/1412.7420)
 method   =Vegas  
 nregions =           1
 neval    =   202500000
 fail     =           1
 -0.225101258469E-01 +-   0.756593373805E-05   p =    0.602
