/var/lib/condor/execute/dir_55159
LHAPDF 6.3.0 loading /home/taebh/2021_Research/share/LHAPDF/NNPDF31_nnlo_as_0118_mc_hessian_pdfas/NNPDF31_nnlo_as_0118_mc_hessian_pdfas_0000.dat
NNPDF31_nnlo_as_0118_mc_hessian_pdfas PDF set, member #0, version 1
Vegas input parameters:
  ndim 11
  ncomp 1
  epsrel 0
  epsabs 0
  flags 291
  seed 191
  mineval 1
  maxeval 1
  nstart 1000000
  nincrease 500000
  nbatch 1000
  gridno 1
  statefile "vegas_last_iter80"

Iteration 1:  1000000 integrand evaluations so far
[1] 0.0252349 +- 0.000368579  	chisq 0 (0 df)

Saving state to vegas_last_iter80.
Vegas input parameters:
  ndim 11
  ncomp 1
  epsrel 0
  epsabs 0
  flags 291
  seed 271
  mineval 1
  maxeval 1
  nstart 1000000
  nincrease 500000
  nbatch 1000
  gridno 1
  statefile "vegas_last_iter80"

Restoring state from vegas_last_iter80.

Iteration 2:  2500000 integrand evaluations so far
[1] 0.0251412 +- 0.000139934  	chisq 0.0754743 (1 df)

Saving state to vegas_last_iter80.
Vegas input parameters:
  ndim 11
  ncomp 1
  epsrel 0
  epsabs 0
  flags 291
  seed 351
  mineval 1
  maxeval 1
  nstart 1000000
  nincrease 500000
  nbatch 1000
  gridno 1
  statefile "vegas_last_iter80"

Restoring state from vegas_last_iter80.

Iteration 3:  4500000 integrand evaluations so far
[1] 0.0250735 +- 6.94708e-05  	chisq 0.385848 (2 df)

Saving state to vegas_last_iter80.
Vegas input parameters:
  ndim 11
  ncomp 1
  epsrel 0
  epsabs 0
  flags 291
  seed 431
  mineval 1
  maxeval 1
  nstart 1000000
  nincrease 500000
  nbatch 1000
  gridno 1
  statefile "vegas_last_iter80"

Restoring state from vegas_last_iter80.

Iteration 4:  7000000 integrand evaluations so far
[1] 0.0250217 +- 4.66461e-05  	chisq 1.39897 (3 df)

Saving state to vegas_last_iter80.
Vegas input parameters:
  ndim 11
  ncomp 1
  epsrel 0
  epsabs 0
  flags 291
  seed 511
  mineval 1
  maxeval 1
  nstart 1000000
  nincrease 500000
  nbatch 1000
  gridno 1
  statefile "vegas_last_iter80"

Restoring state from vegas_last_iter80.

Iteration 5:  10000000 integrand evaluations so far
[1] 0.025015 +- 3.70302e-05  	chisq 1.45422 (4 df)

Saving state to vegas_last_iter80.
Vegas input parameters:
  ndim 11
  ncomp 1
  epsrel 0
  epsabs 0
  flags 291
  seed 591
  mineval 1
  maxeval 1
  nstart 1000000
  nincrease 500000
  nbatch 1000
  gridno 1
  statefile "vegas_last_iter80"

Restoring state from vegas_last_iter80.

Iteration 6:  13500000 integrand evaluations so far
[1] 0.0250196 +- 3.4711e-05  	chisq 1.58151 (5 df)

Saving state to vegas_last_iter80.
Vegas input parameters:
  ndim 11
  ncomp 1
  epsrel 0
  epsabs 0
  flags 291
  seed 671
  mineval 1
  maxeval 1
  nstart 1000000
  nincrease 500000
  nbatch 1000
  gridno 1
  statefile "vegas_last_iter80"

Restoring state from vegas_last_iter80.

Iteration 7:  17500000 integrand evaluations so far
[1] 0.0250196 +- 3.4711e-05  	chisq 1.58501 (6 df)

Saving state to vegas_last_iter80.
Vegas input parameters:
  ndim 11
  ncomp 1
  epsrel 0
  epsabs 0
  flags 291
  seed 751
  mineval 1
  maxeval 1
  nstart 1000000
  nincrease 500000
  nbatch 1000
  gridno 1
  statefile "vegas_last_iter80"

Restoring state from vegas_last_iter80.

Iteration 8:  22000000 integrand evaluations so far
[1] 0.0250196 +- 3.4711e-05  	chisq 3.33662 (7 df)

Saving state to vegas_last_iter80.
Vegas input parameters:
  ndim 11
  ncomp 1
  epsrel 0
  epsabs 0
  flags 291
  seed 831
  mineval 1
  maxeval 1
  nstart 1000000
  nincrease 500000
  nbatch 1000
  gridno 1
  statefile "vegas_last_iter80"

Restoring state from vegas_last_iter80.

Iteration 9:  27000000 integrand evaluations so far
[1] 0.0250196 +- 3.4711e-05  	chisq 4.4163 (8 df)

Saving state to vegas_last_iter80.
Vegas input parameters:
  ndim 11
  ncomp 1
  epsrel 0
  epsabs 0
  flags 291
  seed 911
  mineval 1
  maxeval 1
  nstart 1000000
  nincrease 500000
  nbatch 1000
  gridno 1
  statefile "vegas_last_iter80"

Restoring state from vegas_last_iter80.

Iteration 10:  32500000 integrand evaluations so far
[1] 0.0250196 +- 3.4711e-05  	chisq 4.65385 (9 df)

Saving state to vegas_last_iter80.
Vegas input parameters:
  ndim 11
  ncomp 1
  epsrel 0
  epsabs 0
  flags 291
  seed 991
  mineval 1
  maxeval 1
  nstart 1000000
  nincrease 500000
  nbatch 1000
  gridno 1
  statefile "vegas_last_iter80"

Restoring state from vegas_last_iter80.

Iteration 11:  38500000 integrand evaluations so far
[1] 0.0250196 +- 3.4711e-05  	chisq 4.65715 (10 df)

Saving state to vegas_last_iter80.
Vegas input parameters:
  ndim 11
  ncomp 1
  epsrel 0
  epsabs 0
  flags 291
  seed 1071
  mineval 1
  maxeval 1
  nstart 1000000
  nincrease 500000
  nbatch 1000
  gridno 1
  statefile "vegas_last_iter80"

Restoring state from vegas_last_iter80.

Iteration 12:  45000000 integrand evaluations so far
[1] 0.0250196 +- 3.4711e-05  	chisq 6.41231 (11 df)

Saving state to vegas_last_iter80.
Vegas input parameters:
  ndim 11
  ncomp 1
  epsrel 0
  epsabs 0
  flags 291
  seed 1151
  mineval 1
  maxeval 1
  nstart 1000000
  nincrease 500000
  nbatch 1000
  gridno 1
  statefile "vegas_last_iter80"

Restoring state from vegas_last_iter80.

Iteration 13:  52000000 integrand evaluations so far
[1] 0.0250196 +- 3.4711e-05  	chisq 6.41571 (12 df)

Saving state to vegas_last_iter80.
Vegas input parameters:
  ndim 11
  ncomp 1
  epsrel 0
  epsabs 0
  flags 291
  seed 1231
  mineval 1
  maxeval 1
  nstart 1000000
  nincrease 500000
  nbatch 1000
  gridno 1
  statefile "vegas_last_iter80"

Restoring state from vegas_last_iter80.

Iteration 14:  59500000 integrand evaluations so far
[1] 0.0250196 +- 3.4711e-05  	chisq 32.6465 (13 df)

Saving state to vegas_last_iter80.
Vegas input parameters:
  ndim 11
  ncomp 1
  epsrel 0
  epsabs 0
  flags 291
  seed 1311
  mineval 1
  maxeval 1
  nstart 1000000
  nincrease 500000
  nbatch 1000
  gridno 1
  statefile "vegas_last_iter80"

Restoring state from vegas_last_iter80.

Iteration 15:  67500000 integrand evaluations so far
[1] 0.0250196 +- 3.4711e-05  	chisq 38.1591 (14 df)

Saving state to vegas_last_iter80.
Vegas input parameters:
  ndim 11
  ncomp 1
  epsrel 0
  epsabs 0
  flags 291
  seed 1391
  mineval 1
  maxeval 1
  nstart 1000000
  nincrease 500000
  nbatch 1000
  gridno 1
  statefile "vegas_last_iter80"

Restoring state from vegas_last_iter80.

Iteration 16:  76000000 integrand evaluations so far
[1] 0.0250196 +- 3.4711e-05  	chisq 68.5253 (15 df)

Saving state to vegas_last_iter80.
Vegas input parameters:
  ndim 11
  ncomp 1
  epsrel 0
  epsabs 0
  flags 291
  seed 1471
  mineval 1
  maxeval 1
  nstart 1000000
  nincrease 500000
  nbatch 1000
  gridno 1
  statefile "vegas_last_iter80"

Restoring state from vegas_last_iter80.

Iteration 17:  85000000 integrand evaluations so far
[1] 0.0250196 +- 3.4711e-05  	chisq 70.5552 (16 df)

Saving state to vegas_last_iter80.
Vegas input parameters:
  ndim 11
  ncomp 1
  epsrel 0
  epsabs 0
  flags 291
  seed 1551
  mineval 1
  maxeval 1
  nstart 1000000
  nincrease 500000
  nbatch 1000
  gridno 1
  statefile "vegas_last_iter80"

Restoring state from vegas_last_iter80.

Iteration 18:  94500000 integrand evaluations so far
[1] 0.0250196 +- 3.4711e-05  	chisq 74.8415 (17 df)

Saving state to vegas_last_iter80.
Vegas input parameters:
  ndim 11
  ncomp 1
  epsrel 0
  epsabs 0
  flags 291
  seed 1631
  mineval 1
  maxeval 1
  nstart 1000000
  nincrease 500000
  nbatch 1000
  gridno 1
  statefile "vegas_last_iter80"

Restoring state from vegas_last_iter80.

Iteration 19:  104500000 integrand evaluations so far
[1] 0.0250196 +- 3.4711e-05  	chisq 76.0494 (18 df)

Saving state to vegas_last_iter80.
Vegas input parameters:
  ndim 11
  ncomp 1
  epsrel 0
  epsabs 0
  flags 291
  seed 1711
  mineval 1
  maxeval 1
  nstart 1000000
  nincrease 500000
  nbatch 1000
  gridno 1
  statefile "vegas_last_iter80"

Restoring state from vegas_last_iter80.

Iteration 20:  115000000 integrand evaluations so far
[1] 0.0250196 +- 3.4711e-05  	chisq 76.6939 (19 df)

Saving state to vegas_last_iter80.
Vegas input parameters:
  ndim 11
  ncomp 1
  epsrel 0
  epsabs 0
  flags 291
  seed 1791
  mineval 1
  maxeval 1
  nstart 1000000
  nincrease 500000
  nbatch 1000
  gridno 1
  statefile "vegas_last_iter80"

Restoring state from vegas_last_iter80.

Iteration 21:  126000000 integrand evaluations so far
[1] 0.0250196 +- 3.4711e-05  	chisq 86.0264 (20 df)

Saving state to vegas_last_iter80.
Vegas input parameters:
  ndim 11
  ncomp 1
  epsrel 0
  epsabs 0
  flags 291
  seed 1871
  mineval 1
  maxeval 1
  nstart 1000000
  nincrease 500000
  nbatch 1000
  gridno 1
  statefile "vegas_last_iter80"

Restoring state from vegas_last_iter80.

Iteration 22:  137500000 integrand evaluations so far
[1] 0.0250196 +- 3.4711e-05  	chisq 87.0192 (21 df)

Saving state to vegas_last_iter80.
Vegas input parameters:
  ndim 11
  ncomp 1
  epsrel 0
  epsabs 0
  flags 291
  seed 1951
  mineval 1
  maxeval 1
  nstart 1000000
  nincrease 500000
  nbatch 1000
  gridno 1
  statefile "vegas_last_iter80"

Restoring state from vegas_last_iter80.

Iteration 23:  149500000 integrand evaluations so far
[1] 0.0250196 +- 3.4711e-05  	chisq 87.1328 (22 df)

Saving state to vegas_last_iter80.
Vegas input parameters:
  ndim 11
  ncomp 1
  epsrel 0
  epsabs 0
  flags 291
  seed 2031
  mineval 1
  maxeval 1
  nstart 1000000
  nincrease 500000
  nbatch 1000
  gridno 1
  statefile "vegas_last_iter80"

Restoring state from vegas_last_iter80.

Iteration 24:  162000000 integrand evaluations so far
[1] 0.0250196 +- 3.4711e-05  	chisq 88.7943 (23 df)

Saving state to vegas_last_iter80.
Vegas input parameters:
  ndim 11
  ncomp 1
  epsrel 0
  epsabs 0
  flags 291
  seed 2111
  mineval 1
  maxeval 1
  nstart 1000000
  nincrease 500000
  nbatch 1000
  gridno 1
  statefile "vegas_last_iter80"

Restoring state from vegas_last_iter80.

Iteration 25:  175000000 integrand evaluations so far
[1] 0.0250196 +- 3.4711e-05  	chisq 89.8005 (24 df)

Saving state to vegas_last_iter80.
Vegas input parameters:
  ndim 11
  ncomp 1
  epsrel 0
  epsabs 0
  flags 291
  seed 2191
  mineval 1
  maxeval 1
  nstart 1000000
  nincrease 500000
  nbatch 1000
  gridno 1
  statefile "vegas_last_iter80"

Restoring state from vegas_last_iter80.

Iteration 26:  188500000 integrand evaluations so far
[1] 0.0250196 +- 3.4711e-05  	chisq 89.9107 (25 df)

Saving state to vegas_last_iter80.
Vegas input parameters:
  ndim 11
  ncomp 1
  epsrel 0
  epsabs 0
  flags 291
  seed 2271
  mineval 1
  maxeval 1
  nstart 1000000
  nincrease 500000
  nbatch 1000
  gridno 1
  statefile "vegas_last_iter80"

Restoring state from vegas_last_iter80.

Iteration 27:  202500000 integrand evaluations so far
[1] 0.0250196 +- 3.4711e-05  	chisq 92.8892 (26 df)

Saving state to vegas_last_iter80.
Thanks for using LHAPDF 6.3.0. Please make sure to cite the paper:
  Eur.Phys.J. C75 (2015) 3, 132  (http://arxiv.org/abs/1412.7420)
 method   =Vegas  
 nregions =           1
 neval    =   202500000
 fail     =           1
  0.250196459113E-01 +-   0.347109562562E-04   p =    1.000
