/var/lib/condor/execute/dir_3062
LHAPDF 6.3.0 loading /home/taebh/2021_Research/share/LHAPDF/NNPDF31_nnlo_as_0118_mc_hessian_pdfas/NNPDF31_nnlo_as_0118_mc_hessian_pdfas_0000.dat
NNPDF31_nnlo_as_0118_mc_hessian_pdfas PDF set, member #0, version 1
Vegas input parameters:
  ndim 11
  ncomp 1
  epsrel 0
  epsabs 0
  flags 291
  seed 256
  mineval 1
  maxeval 1
  nstart 1000000
  nincrease 500000
  nbatch 1000
  gridno 1
  statefile "vegas_last_iter145"

Iteration 1:  1000000 integrand evaluations so far
[1] 0.0318688 +- 0.000350326  	chisq 0 (0 df)

Saving state to vegas_last_iter145.
Vegas input parameters:
  ndim 11
  ncomp 1
  epsrel 0
  epsabs 0
  flags 291
  seed 401
  mineval 1
  maxeval 1
  nstart 1000000
  nincrease 500000
  nbatch 1000
  gridno 1
  statefile "vegas_last_iter145"

Restoring state from vegas_last_iter145.

Iteration 2:  2500000 integrand evaluations so far
[1] 0.0317699 +- 0.0001288  	chisq 0.0922381 (1 df)

Saving state to vegas_last_iter145.
Vegas input parameters:
  ndim 11
  ncomp 1
  epsrel 0
  epsabs 0
  flags 291
  seed 546
  mineval 1
  maxeval 1
  nstart 1000000
  nincrease 500000
  nbatch 1000
  gridno 1
  statefile "vegas_last_iter145"

Restoring state from vegas_last_iter145.

Iteration 3:  4500000 integrand evaluations so far
[1] 0.0318048 +- 6.25517e-05  	chisq 0.188306 (2 df)

Saving state to vegas_last_iter145.
Vegas input parameters:
  ndim 11
  ncomp 1
  epsrel 0
  epsabs 0
  flags 291
  seed 691
  mineval 1
  maxeval 1
  nstart 1000000
  nincrease 500000
  nbatch 1000
  gridno 1
  statefile "vegas_last_iter145"

Restoring state from vegas_last_iter145.

Iteration 4:  7000000 integrand evaluations so far
[1] 0.0318214 +- 3.24093e-05  	chisq 0.284072 (3 df)

Saving state to vegas_last_iter145.
Vegas input parameters:
  ndim 11
  ncomp 1
  epsrel 0
  epsabs 0
  flags 291
  seed 836
  mineval 1
  maxeval 1
  nstart 1000000
  nincrease 500000
  nbatch 1000
  gridno 1
  statefile "vegas_last_iter145"

Restoring state from vegas_last_iter145.

Iteration 5:  10000000 integrand evaluations so far
[1] 0.0318464 +- 2.1248e-05  	chisq 1.32974 (4 df)

Saving state to vegas_last_iter145.
Vegas input parameters:
  ndim 11
  ncomp 1
  epsrel 0
  epsabs 0
  flags 291
  seed 981
  mineval 1
  maxeval 1
  nstart 1000000
  nincrease 500000
  nbatch 1000
  gridno 1
  statefile "vegas_last_iter145"

Restoring state from vegas_last_iter145.

Iteration 6:  13500000 integrand evaluations so far
[1] 0.0318394 +- 1.58212e-05  	chisq 1.57261 (5 df)

Saving state to vegas_last_iter145.
Vegas input parameters:
  ndim 11
  ncomp 1
  epsrel 0
  epsabs 0
  flags 291
  seed 1126
  mineval 1
  maxeval 1
  nstart 1000000
  nincrease 500000
  nbatch 1000
  gridno 1
  statefile "vegas_last_iter145"

Restoring state from vegas_last_iter145.

Iteration 7:  17500000 integrand evaluations so far
[1] 0.0318359 +- 1.27111e-05  	chisq 1.70919 (6 df)

Saving state to vegas_last_iter145.
Vegas input parameters:
  ndim 11
  ncomp 1
  epsrel 0
  epsabs 0
  flags 291
  seed 1271
  mineval 1
  maxeval 1
  nstart 1000000
  nincrease 500000
  nbatch 1000
  gridno 1
  statefile "vegas_last_iter145"

Restoring state from vegas_last_iter145.

Iteration 8:  22000000 integrand evaluations so far
[1] 0.0318318 +- 1.07111e-05  	chisq 2.07087 (7 df)

Saving state to vegas_last_iter145.
Vegas input parameters:
  ndim 11
  ncomp 1
  epsrel 0
  epsabs 0
  flags 291
  seed 1416
  mineval 1
  maxeval 1
  nstart 1000000
  nincrease 500000
  nbatch 1000
  gridno 1
  statefile "vegas_last_iter145"

Restoring state from vegas_last_iter145.

Iteration 9:  27000000 integrand evaluations so far
[1] 0.0318304 +- 9.29485e-06  	chisq 2.13816 (8 df)

Saving state to vegas_last_iter145.
Vegas input parameters:
  ndim 11
  ncomp 1
  epsrel 0
  epsabs 0
  flags 291
  seed 1561
  mineval 1
  maxeval 1
  nstart 1000000
  nincrease 500000
  nbatch 1000
  gridno 1
  statefile "vegas_last_iter145"

Restoring state from vegas_last_iter145.

Iteration 10:  32500000 integrand evaluations so far
[1] 0.0318277 +- 8.23862e-06  	chisq 2.52275 (9 df)

Saving state to vegas_last_iter145.
Vegas input parameters:
  ndim 11
  ncomp 1
  epsrel 0
  epsabs 0
  flags 291
  seed 1706
  mineval 1
  maxeval 1
  nstart 1000000
  nincrease 500000
  nbatch 1000
  gridno 1
  statefile "vegas_last_iter145"

Restoring state from vegas_last_iter145.

Iteration 11:  38500000 integrand evaluations so far
[1] 0.0318261 +- 7.41595e-06  	chisq 2.73096 (10 df)

Saving state to vegas_last_iter145.
Vegas input parameters:
  ndim 11
  ncomp 1
  epsrel 0
  epsabs 0
  flags 291
  seed 1851
  mineval 1
  maxeval 1
  nstart 1000000
  nincrease 500000
  nbatch 1000
  gridno 1
  statefile "vegas_last_iter145"

Restoring state from vegas_last_iter145.

Iteration 12:  45000000 integrand evaluations so far
[1] 0.0318234 +- 6.75345e-06  	chisq 3.51662 (11 df)

Saving state to vegas_last_iter145.
Vegas input parameters:
  ndim 11
  ncomp 1
  epsrel 0
  epsabs 0
  flags 291
  seed 1996
  mineval 1
  maxeval 1
  nstart 1000000
  nincrease 500000
  nbatch 1000
  gridno 1
  statefile "vegas_last_iter145"

Restoring state from vegas_last_iter145.

Iteration 13:  52000000 integrand evaluations so far
[1] 0.0318259 +- 6.20448e-06  	chisq 4.40195 (12 df)

Saving state to vegas_last_iter145.
Vegas input parameters:
  ndim 11
  ncomp 1
  epsrel 0
  epsabs 0
  flags 291
  seed 2141
  mineval 1
  maxeval 1
  nstart 1000000
  nincrease 500000
  nbatch 1000
  gridno 1
  statefile "vegas_last_iter145"

Restoring state from vegas_last_iter145.

Iteration 14:  59500000 integrand evaluations so far
[1] 0.0318234 +- 5.74226e-06  	chisq 5.55811 (13 df)

Saving state to vegas_last_iter145.
Vegas input parameters:
  ndim 11
  ncomp 1
  epsrel 0
  epsabs 0
  flags 291
  seed 2286
  mineval 1
  maxeval 1
  nstart 1000000
  nincrease 500000
  nbatch 1000
  gridno 1
  statefile "vegas_last_iter145"

Restoring state from vegas_last_iter145.

Iteration 15:  67500000 integrand evaluations so far
[1] 0.0318254 +- 5.34771e-06  	chisq 6.50978 (14 df)

Saving state to vegas_last_iter145.
Vegas input parameters:
  ndim 11
  ncomp 1
  epsrel 0
  epsabs 0
  flags 291
  seed 2431
  mineval 1
  maxeval 1
  nstart 1000000
  nincrease 500000
  nbatch 1000
  gridno 1
  statefile "vegas_last_iter145"

Restoring state from vegas_last_iter145.

Iteration 16:  76000000 integrand evaluations so far
[1] 0.0318267 +- 5.00523e-06  	chisq 6.98615 (15 df)

Saving state to vegas_last_iter145.
Vegas input parameters:
  ndim 11
  ncomp 1
  epsrel 0
  epsabs 0
  flags 291
  seed 2576
  mineval 1
  maxeval 1
  nstart 1000000
  nincrease 500000
  nbatch 1000
  gridno 1
  statefile "vegas_last_iter145"

Restoring state from vegas_last_iter145.

Iteration 17:  85000000 integrand evaluations so far
[1] 0.0318262 +- 4.7058e-06  	chisq 7.06665 (16 df)

Saving state to vegas_last_iter145.
Vegas input parameters:
  ndim 11
  ncomp 1
  epsrel 0
  epsabs 0
  flags 291
  seed 2721
  mineval 1
  maxeval 1
  nstart 1000000
  nincrease 500000
  nbatch 1000
  gridno 1
  statefile "vegas_last_iter145"

Restoring state from vegas_last_iter145.

Iteration 18:  94500000 integrand evaluations so far
[1] 0.0318233 +- 4.44063e-06  	chisq 10.5343 (17 df)

Saving state to vegas_last_iter145.
Vegas input parameters:
  ndim 11
  ncomp 1
  epsrel 0
  epsabs 0
  flags 291
  seed 2866
  mineval 1
  maxeval 1
  nstart 1000000
  nincrease 500000
  nbatch 1000
  gridno 1
  statefile "vegas_last_iter145"

Restoring state from vegas_last_iter145.

Iteration 19:  104500000 integrand evaluations so far
[1] 0.0318222 +- 4.20543e-06  	chisq 11.1114 (18 df)

Saving state to vegas_last_iter145.
Vegas input parameters:
  ndim 11
  ncomp 1
  epsrel 0
  epsabs 0
  flags 291
  seed 3011
  mineval 1
  maxeval 1
  nstart 1000000
  nincrease 500000
  nbatch 1000
  gridno 1
  statefile "vegas_last_iter145"

Restoring state from vegas_last_iter145.

Iteration 20:  115000000 integrand evaluations so far
[1] 0.0318235 +- 3.99375e-06  	chisq 12.0524 (19 df)

Saving state to vegas_last_iter145.
Vegas input parameters:
  ndim 11
  ncomp 1
  epsrel 0
  epsabs 0
  flags 291
  seed 3156
  mineval 1
  maxeval 1
  nstart 1000000
  nincrease 500000
  nbatch 1000
  gridno 1
  statefile "vegas_last_iter145"

Restoring state from vegas_last_iter145.

Iteration 21:  126000000 integrand evaluations so far
[1] 0.0318211 +- 3.80352e-06  	chisq 15.8504 (20 df)

Saving state to vegas_last_iter145.
Vegas input parameters:
  ndim 11
  ncomp 1
  epsrel 0
  epsabs 0
  flags 291
  seed 3301
  mineval 1
  maxeval 1
  nstart 1000000
  nincrease 500000
  nbatch 1000
  gridno 1
  statefile "vegas_last_iter145"

Restoring state from vegas_last_iter145.

Iteration 22:  137500000 integrand evaluations so far
[1] 0.0318212 +- 3.63093e-06  	chisq 15.8531 (21 df)

Saving state to vegas_last_iter145.
Vegas input parameters:
  ndim 11
  ncomp 1
  epsrel 0
  epsabs 0
  flags 291
  seed 3446
  mineval 1
  maxeval 1
  nstart 1000000
  nincrease 500000
  nbatch 1000
  gridno 1
  statefile "vegas_last_iter145"

Restoring state from vegas_last_iter145.

Iteration 23:  149500000 integrand evaluations so far
[1] 0.0318214 +- 3.47361e-06  	chisq 15.8794 (22 df)

Saving state to vegas_last_iter145.
Vegas input parameters:
  ndim 11
  ncomp 1
  epsrel 0
  epsabs 0
  flags 291
  seed 3591
  mineval 1
  maxeval 1
  nstart 1000000
  nincrease 500000
  nbatch 1000
  gridno 1
  statefile "vegas_last_iter145"

Restoring state from vegas_last_iter145.

Iteration 24:  162000000 integrand evaluations so far
[1] 0.0318199 +- 3.32968e-06  	chisq 18.1902 (23 df)

Saving state to vegas_last_iter145.
Vegas input parameters:
  ndim 11
  ncomp 1
  epsrel 0
  epsabs 0
  flags 291
  seed 3736
  mineval 1
  maxeval 1
  nstart 1000000
  nincrease 500000
  nbatch 1000
  gridno 1
  statefile "vegas_last_iter145"

Restoring state from vegas_last_iter145.

Iteration 25:  175000000 integrand evaluations so far
[1] 0.0318203 +- 3.19743e-06  	chisq 18.3615 (24 df)

Saving state to vegas_last_iter145.
Vegas input parameters:
  ndim 11
  ncomp 1
  epsrel 0
  epsabs 0
  flags 291
  seed 3881
  mineval 1
  maxeval 1
  nstart 1000000
  nincrease 500000
  nbatch 1000
  gridno 1
  statefile "vegas_last_iter145"

Restoring state from vegas_last_iter145.

Iteration 26:  188500000 integrand evaluations so far
[1] 0.0318209 +- 3.07567e-06  	chisq 18.9244 (25 df)

Saving state to vegas_last_iter145.
Vegas input parameters:
  ndim 11
  ncomp 1
  epsrel 0
  epsabs 0
  flags 291
  seed 4026
  mineval 1
  maxeval 1
  nstart 1000000
  nincrease 500000
  nbatch 1000
  gridno 1
  statefile "vegas_last_iter145"

Restoring state from vegas_last_iter145.

Iteration 27:  202500000 integrand evaluations so far
[1] 0.0318206 +- 2.96283e-06  	chisq 19.0639 (26 df)

Saving state to vegas_last_iter145.
Thanks for using LHAPDF 6.3.0. Please make sure to cite the paper:
  Eur.Phys.J. C75 (2015) 3, 132  (http://arxiv.org/abs/1412.7420)
 method   =Vegas  
 nregions =           1
 neval    =   202500000
 fail     =           1
  0.318206077308E-01 +-   0.296282659315E-05   p =    0.132
