/var/lib/condor/execute/dir_27883
LHAPDF 6.3.0 loading /home/taebh/2021_Research/share/LHAPDF/NNPDF31_nnlo_as_0118_mc_hessian_pdfas/NNPDF31_nnlo_as_0118_mc_hessian_pdfas_0000.dat
NNPDF31_nnlo_as_0118_mc_hessian_pdfas PDF set, member #0, version 1
Vegas input parameters:
  ndim 11
  ncomp 1
  epsrel 0
  epsabs 0
  flags 291
  seed 142
  mineval 1
  maxeval 1
  nstart 1000000
  nincrease 500000
  nbatch 1000
  gridno 1
  statefile "vegas_last_iter31"

Iteration 1:  1000000 integrand evaluations so far
[1] 3.36365e-05 +- 1.66525e-05  	chisq 0 (0 df)

Saving state to vegas_last_iter31.
Vegas input parameters:
  ndim 11
  ncomp 1
  epsrel 0
  epsabs 0
  flags 291
  seed 173
  mineval 1
  maxeval 1
  nstart 1000000
  nincrease 500000
  nbatch 1000
  gridno 1
  statefile "vegas_last_iter31"

Restoring state from vegas_last_iter31.

Iteration 2:  2500000 integrand evaluations so far
[1] 5.12459e-05 +- 7.10129e-06  	chisq 1.36678 (1 df)

Saving state to vegas_last_iter31.
Vegas input parameters:
  ndim 11
  ncomp 1
  epsrel 0
  epsabs 0
  flags 291
  seed 204
  mineval 1
  maxeval 1
  nstart 1000000
  nincrease 500000
  nbatch 1000
  gridno 1
  statefile "vegas_last_iter31"

Restoring state from vegas_last_iter31.

Iteration 3:  4500000 integrand evaluations so far
[1] 5.83407e-05 +- 1.75155e-06  	chisq 2.42961 (2 df)

Saving state to vegas_last_iter31.
Vegas input parameters:
  ndim 11
  ncomp 1
  epsrel 0
  epsabs 0
  flags 291
  seed 235
  mineval 1
  maxeval 1
  nstart 1000000
  nincrease 500000
  nbatch 1000
  gridno 1
  statefile "vegas_last_iter31"

Restoring state from vegas_last_iter31.

Iteration 4:  7000000 integrand evaluations so far
[1] 6.20317e-05 +- 3.31028e-07  	chisq 7.03468 (3 df)

Saving state to vegas_last_iter31.
Vegas input parameters:
  ndim 11
  ncomp 1
  epsrel 0
  epsabs 0
  flags 291
  seed 266
  mineval 1
  maxeval 1
  nstart 1000000
  nincrease 500000
  nbatch 1000
  gridno 1
  statefile "vegas_last_iter31"

Restoring state from vegas_last_iter31.

Iteration 5:  10000000 integrand evaluations so far
[1] 6.16373e-05 +- 8.74011e-08  	chisq 8.56022 (4 df)

Saving state to vegas_last_iter31.
Vegas input parameters:
  ndim 11
  ncomp 1
  epsrel 0
  epsabs 0
  flags 291
  seed 297
  mineval 1
  maxeval 1
  nstart 1000000
  nincrease 500000
  nbatch 1000
  gridno 1
  statefile "vegas_last_iter31"

Restoring state from vegas_last_iter31.

Iteration 6:  13500000 integrand evaluations so far
[1] 6.17078e-05 +- 4.48763e-08  	chisq 9.44239 (5 df)

Saving state to vegas_last_iter31.
Vegas input parameters:
  ndim 11
  ncomp 1
  epsrel 0
  epsabs 0
  flags 291
  seed 328
  mineval 1
  maxeval 1
  nstart 1000000
  nincrease 500000
  nbatch 1000
  gridno 1
  statefile "vegas_last_iter31"

Restoring state from vegas_last_iter31.

Iteration 7:  17500000 integrand evaluations so far
[1] 6.16762e-05 +- 3.05787e-08  	chisq 10.3688 (6 df)

Saving state to vegas_last_iter31.
Vegas input parameters:
  ndim 11
  ncomp 1
  epsrel 0
  epsabs 0
  flags 291
  seed 359
  mineval 1
  maxeval 1
  nstart 1000000
  nincrease 500000
  nbatch 1000
  gridno 1
  statefile "vegas_last_iter31"

Restoring state from vegas_last_iter31.

Iteration 8:  22000000 integrand evaluations so far
[1] 6.16996e-05 +- 2.36606e-08  	chisq 11.8296 (7 df)

Saving state to vegas_last_iter31.
Vegas input parameters:
  ndim 11
  ncomp 1
  epsrel 0
  epsabs 0
  flags 291
  seed 390
  mineval 1
  maxeval 1
  nstart 1000000
  nincrease 500000
  nbatch 1000
  gridno 1
  statefile "vegas_last_iter31"

Restoring state from vegas_last_iter31.

Iteration 9:  27000000 integrand evaluations so far
[1] 6.16812e-05 +- 1.95612e-08  	chisq 13.732 (8 df)

Saving state to vegas_last_iter31.
Vegas input parameters:
  ndim 11
  ncomp 1
  epsrel 0
  epsabs 0
  flags 291
  seed 421
  mineval 1
  maxeval 1
  nstart 1000000
  nincrease 500000
  nbatch 1000
  gridno 1
  statefile "vegas_last_iter31"

Restoring state from vegas_last_iter31.

Iteration 10:  32500000 integrand evaluations so far
[1] 6.16556e-05 +- 1.68125e-08  	chisq 20.3175 (9 df)

Saving state to vegas_last_iter31.
Vegas input parameters:
  ndim 11
  ncomp 1
  epsrel 0
  epsabs 0
  flags 291
  seed 452
  mineval 1
  maxeval 1
  nstart 1000000
  nincrease 500000
  nbatch 1000
  gridno 1
  statefile "vegas_last_iter31"

Restoring state from vegas_last_iter31.

Iteration 11:  38500000 integrand evaluations so far
[1] 6.1657e-05 +- 1.48146e-08  	chisq 20.3517 (10 df)

Saving state to vegas_last_iter31.
Vegas input parameters:
  ndim 11
  ncomp 1
  epsrel 0
  epsabs 0
  flags 291
  seed 483
  mineval 1
  maxeval 1
  nstart 1000000
  nincrease 500000
  nbatch 1000
  gridno 1
  statefile "vegas_last_iter31"

Restoring state from vegas_last_iter31.

Iteration 12:  45000000 integrand evaluations so far
[1] 6.16605e-05 +- 1.32909e-08  	chisq 20.6259 (11 df)

Saving state to vegas_last_iter31.
Vegas input parameters:
  ndim 11
  ncomp 1
  epsrel 0
  epsabs 0
  flags 291
  seed 514
  mineval 1
  maxeval 1
  nstart 1000000
  nincrease 500000
  nbatch 1000
  gridno 1
  statefile "vegas_last_iter31"

Restoring state from vegas_last_iter31.

Iteration 13:  52000000 integrand evaluations so far
[1] 6.16594e-05 +- 1.20812e-08  	chisq 20.6653 (12 df)

Saving state to vegas_last_iter31.
Vegas input parameters:
  ndim 11
  ncomp 1
  epsrel 0
  epsabs 0
  flags 291
  seed 545
  mineval 1
  maxeval 1
  nstart 1000000
  nincrease 500000
  nbatch 1000
  gridno 1
  statefile "vegas_last_iter31"

Restoring state from vegas_last_iter31.

Iteration 14:  59500000 integrand evaluations so far
[1] 6.16611e-05 +- 1.10904e-08  	chisq 20.7998 (13 df)

Saving state to vegas_last_iter31.
Vegas input parameters:
  ndim 11
  ncomp 1
  epsrel 0
  epsabs 0
  flags 291
  seed 576
  mineval 1
  maxeval 1
  nstart 1000000
  nincrease 500000
  nbatch 1000
  gridno 1
  statefile "vegas_last_iter31"

Restoring state from vegas_last_iter31.

Iteration 15:  67500000 integrand evaluations so far
[1] 6.16625e-05 +- 1.0262e-08  	chisq 20.9154 (14 df)

Saving state to vegas_last_iter31.
Vegas input parameters:
  ndim 11
  ncomp 1
  epsrel 0
  epsabs 0
  flags 291
  seed 607
  mineval 1
  maxeval 1
  nstart 1000000
  nincrease 500000
  nbatch 1000
  gridno 1
  statefile "vegas_last_iter31"

Restoring state from vegas_last_iter31.

Iteration 16:  76000000 integrand evaluations so far
[1] 6.1663e-05 +- 9.55672e-09  	chisq 20.9312 (15 df)

Saving state to vegas_last_iter31.
Vegas input parameters:
  ndim 11
  ncomp 1
  epsrel 0
  epsabs 0
  flags 291
  seed 638
  mineval 1
  maxeval 1
  nstart 1000000
  nincrease 500000
  nbatch 1000
  gridno 1
  statefile "vegas_last_iter31"

Restoring state from vegas_last_iter31.

Iteration 17:  85000000 integrand evaluations so far
[1] 6.16699e-05 +- 8.94722e-09  	chisq 25.1629 (16 df)

Saving state to vegas_last_iter31.
Vegas input parameters:
  ndim 11
  ncomp 1
  epsrel 0
  epsabs 0
  flags 291
  seed 669
  mineval 1
  maxeval 1
  nstart 1000000
  nincrease 500000
  nbatch 1000
  gridno 1
  statefile "vegas_last_iter31"

Restoring state from vegas_last_iter31.

Iteration 18:  94500000 integrand evaluations so far
[1] 6.16692e-05 +- 8.41535e-09  	chisq 25.2112 (17 df)

Saving state to vegas_last_iter31.
Vegas input parameters:
  ndim 11
  ncomp 1
  epsrel 0
  epsabs 0
  flags 291
  seed 700
  mineval 1
  maxeval 1
  nstart 1000000
  nincrease 500000
  nbatch 1000
  gridno 1
  statefile "vegas_last_iter31"

Restoring state from vegas_last_iter31.

Iteration 19:  104500000 integrand evaluations so far
[1] 6.16677e-05 +- 7.94688e-09  	chisq 25.5385 (18 df)

Saving state to vegas_last_iter31.
Vegas input parameters:
  ndim 11
  ncomp 1
  epsrel 0
  epsabs 0
  flags 291
  seed 731
  mineval 1
  maxeval 1
  nstart 1000000
  nincrease 500000
  nbatch 1000
  gridno 1
  statefile "vegas_last_iter31"

Restoring state from vegas_last_iter31.

Iteration 20:  115000000 integrand evaluations so far
[1] 6.16674e-05 +- 7.52938e-09  	chisq 25.5534 (19 df)

Saving state to vegas_last_iter31.
Vegas input parameters:
  ndim 11
  ncomp 1
  epsrel 0
  epsabs 0
  flags 291
  seed 762
  mineval 1
  maxeval 1
  nstart 1000000
  nincrease 500000
  nbatch 1000
  gridno 1
  statefile "vegas_last_iter31"

Restoring state from vegas_last_iter31.

Iteration 21:  126000000 integrand evaluations so far
[1] 6.16706e-05 +- 7.15554e-09  	chisq 27.501 (20 df)

Saving state to vegas_last_iter31.
Vegas input parameters:
  ndim 11
  ncomp 1
  epsrel 0
  epsabs 0
  flags 291
  seed 793
  mineval 1
  maxeval 1
  nstart 1000000
  nincrease 500000
  nbatch 1000
  gridno 1
  statefile "vegas_last_iter31"

Restoring state from vegas_last_iter31.

Iteration 22:  137500000 integrand evaluations so far
[1] 6.16714e-05 +- 6.81832e-09  	chisq 27.6254 (21 df)

Saving state to vegas_last_iter31.
Vegas input parameters:
  ndim 11
  ncomp 1
  epsrel 0
  epsabs 0
  flags 291
  seed 824
  mineval 1
  maxeval 1
  nstart 1000000
  nincrease 500000
  nbatch 1000
  gridno 1
  statefile "vegas_last_iter31"

Restoring state from vegas_last_iter31.

Iteration 23:  149500000 integrand evaluations so far
[1] 6.1672e-05 +- 6.51236e-09  	chisq 27.7076 (22 df)

Saving state to vegas_last_iter31.
Vegas input parameters:
  ndim 11
  ncomp 1
  epsrel 0
  epsabs 0
  flags 291
  seed 855
  mineval 1
  maxeval 1
  nstart 1000000
  nincrease 500000
  nbatch 1000
  gridno 1
  statefile "vegas_last_iter31"

Restoring state from vegas_last_iter31.

Iteration 24:  162000000 integrand evaluations so far
[1] 6.16712e-05 +- 6.23352e-09  	chisq 27.8656 (23 df)

Saving state to vegas_last_iter31.
Vegas input parameters:
  ndim 11
  ncomp 1
  epsrel 0
  epsabs 0
  flags 291
  seed 886
  mineval 1
  maxeval 1
  nstart 1000000
  nincrease 500000
  nbatch 1000
  gridno 1
  statefile "vegas_last_iter31"

Restoring state from vegas_last_iter31.

Iteration 25:  175000000 integrand evaluations so far
[1] 6.16702e-05 +- 5.97842e-09  	chisq 28.1999 (24 df)

Saving state to vegas_last_iter31.
Vegas input parameters:
  ndim 11
  ncomp 1
  epsrel 0
  epsabs 0
  flags 291
  seed 917
  mineval 1
  maxeval 1
  nstart 1000000
  nincrease 500000
  nbatch 1000
  gridno 1
  statefile "vegas_last_iter31"

Restoring state from vegas_last_iter31.

Iteration 26:  188500000 integrand evaluations so far
[1] 6.16726e-05 +- 5.74374e-09  	chisq 30.3126 (25 df)

Saving state to vegas_last_iter31.
Vegas input parameters:
  ndim 11
  ncomp 1
  epsrel 0
  epsabs 0
  flags 291
  seed 948
  mineval 1
  maxeval 1
  nstart 1000000
  nincrease 500000
  nbatch 1000
  gridno 1
  statefile "vegas_last_iter31"

Restoring state from vegas_last_iter31.

Iteration 27:  202500000 integrand evaluations so far
[1] 6.16727e-05 +- 5.52702e-09  	chisq 30.3158 (26 df)

Saving state to vegas_last_iter31.
Thanks for using LHAPDF 6.3.0. Please make sure to cite the paper:
  Eur.Phys.J. C75 (2015) 3, 132  (http://arxiv.org/abs/1412.7420)
 method   =Vegas  
 nregions =           1
 neval    =   202500000
 fail     =           1
  0.616726970751E-04 +-   0.552702400068E-08   p =    0.700
