/var/lib/condor/execute/dir_56861
LHAPDF 6.3.0 loading /home/taebh/2021_Research/share/LHAPDF/NNPDF31_nnlo_as_0118_mc_hessian_pdfas/NNPDF31_nnlo_as_0118_mc_hessian_pdfas_0000.dat
NNPDF31_nnlo_as_0118_mc_hessian_pdfas PDF set, member #0, version 1
Vegas input parameters:
  ndim 11
  ncomp 1
  epsrel 0
  epsabs 0
  flags 291
  seed 217
  mineval 1
  maxeval 1
  nstart 1000000
  nincrease 500000
  nbatch 1000
  gridno 1
  statefile "vegas_last_iter106"

Iteration 1:  1000000 integrand evaluations so far
[1] 0.00440212 +- 0.000341156  	chisq 0 (0 df)

Saving state to vegas_last_iter106.
Vegas input parameters:
  ndim 11
  ncomp 1
  epsrel 0
  epsabs 0
  flags 291
  seed 323
  mineval 1
  maxeval 1
  nstart 1000000
  nincrease 500000
  nbatch 1000
  gridno 1
  statefile "vegas_last_iter106"

Restoring state from vegas_last_iter106.

Iteration 2:  2500000 integrand evaluations so far
[1] 0.00485905 +- 0.000188631  	chisq 2.58377 (1 df)

Saving state to vegas_last_iter106.
Vegas input parameters:
  ndim 11
  ncomp 1
  epsrel 0
  epsabs 0
  flags 291
  seed 429
  mineval 1
  maxeval 1
  nstart 1000000
  nincrease 500000
  nbatch 1000
  gridno 1
  statefile "vegas_last_iter106"

Restoring state from vegas_last_iter106.

Iteration 3:  4500000 integrand evaluations so far
[1] 0.0051755 +- 8.08416e-05  	chisq 6.03122 (2 df)

Saving state to vegas_last_iter106.
Vegas input parameters:
  ndim 11
  ncomp 1
  epsrel 0
  epsabs 0
  flags 291
  seed 535
  mineval 1
  maxeval 1
  nstart 1000000
  nincrease 500000
  nbatch 1000
  gridno 1
  statefile "vegas_last_iter106"

Restoring state from vegas_last_iter106.

Iteration 4:  7000000 integrand evaluations so far
[1] 0.00510171 +- 2.13741e-05  	chisq 6.9269 (3 df)

Saving state to vegas_last_iter106.
Vegas input parameters:
  ndim 11
  ncomp 1
  epsrel 0
  epsabs 0
  flags 291
  seed 641
  mineval 1
  maxeval 1
  nstart 1000000
  nincrease 500000
  nbatch 1000
  gridno 1
  statefile "vegas_last_iter106"

Restoring state from vegas_last_iter106.

Iteration 5:  10000000 integrand evaluations so far
[1] 0.00509706 +- 7.02918e-06  	chisq 6.97989 (4 df)

Saving state to vegas_last_iter106.
Vegas input parameters:
  ndim 11
  ncomp 1
  epsrel 0
  epsabs 0
  flags 291
  seed 747
  mineval 1
  maxeval 1
  nstart 1000000
  nincrease 500000
  nbatch 1000
  gridno 1
  statefile "vegas_last_iter106"

Restoring state from vegas_last_iter106.

Iteration 6:  13500000 integrand evaluations so far
[1] 0.00509601 +- 4.02864e-06  	chisq 7.01304 (5 df)

Saving state to vegas_last_iter106.
Vegas input parameters:
  ndim 11
  ncomp 1
  epsrel 0
  epsabs 0
  flags 291
  seed 853
  mineval 1
  maxeval 1
  nstart 1000000
  nincrease 500000
  nbatch 1000
  gridno 1
  statefile "vegas_last_iter106"

Restoring state from vegas_last_iter106.

Iteration 7:  17500000 integrand evaluations so far
[1] 0.00509493 +- 2.89131e-06  	chisq 7.16125 (6 df)

Saving state to vegas_last_iter106.
Vegas input parameters:
  ndim 11
  ncomp 1
  epsrel 0
  epsabs 0
  flags 291
  seed 959
  mineval 1
  maxeval 1
  nstart 1000000
  nincrease 500000
  nbatch 1000
  gridno 1
  statefile "vegas_last_iter106"

Restoring state from vegas_last_iter106.

Iteration 8:  22000000 integrand evaluations so far
[1] 0.00509602 +- 2.29474e-06  	chisq 7.54144 (7 df)

Saving state to vegas_last_iter106.
Vegas input parameters:
  ndim 11
  ncomp 1
  epsrel 0
  epsabs 0
  flags 291
  seed 1065
  mineval 1
  maxeval 1
  nstart 1000000
  nincrease 500000
  nbatch 1000
  gridno 1
  statefile "vegas_last_iter106"

Restoring state from vegas_last_iter106.

Iteration 9:  27000000 integrand evaluations so far
[1] 0.00509816 +- 1.92504e-06  	chisq 10.4881 (8 df)

Saving state to vegas_last_iter106.
Vegas input parameters:
  ndim 11
  ncomp 1
  epsrel 0
  epsabs 0
  flags 291
  seed 1171
  mineval 1
  maxeval 1
  nstart 1000000
  nincrease 500000
  nbatch 1000
  gridno 1
  statefile "vegas_last_iter106"

Restoring state from vegas_last_iter106.

Iteration 10:  32500000 integrand evaluations so far
[1] 0.00509925 +- 1.66973e-06  	chisq 11.7686 (9 df)

Saving state to vegas_last_iter106.
Vegas input parameters:
  ndim 11
  ncomp 1
  epsrel 0
  epsabs 0
  flags 291
  seed 1277
  mineval 1
  maxeval 1
  nstart 1000000
  nincrease 500000
  nbatch 1000
  gridno 1
  statefile "vegas_last_iter106"

Restoring state from vegas_last_iter106.

Iteration 11:  38500000 integrand evaluations so far
[1] 0.00509862 +- 1.48188e-06  	chisq 12.4216 (10 df)

Saving state to vegas_last_iter106.
Vegas input parameters:
  ndim 11
  ncomp 1
  epsrel 0
  epsabs 0
  flags 291
  seed 1383
  mineval 1
  maxeval 1
  nstart 1000000
  nincrease 500000
  nbatch 1000
  gridno 1
  statefile "vegas_last_iter106"

Restoring state from vegas_last_iter106.

Iteration 12:  45000000 integrand evaluations so far
[1] 0.005099 +- 1.33564e-06  	chisq 12.7579 (11 df)

Saving state to vegas_last_iter106.
Vegas input parameters:
  ndim 11
  ncomp 1
  epsrel 0
  epsabs 0
  flags 291
  seed 1489
  mineval 1
  maxeval 1
  nstart 1000000
  nincrease 500000
  nbatch 1000
  gridno 1
  statefile "vegas_last_iter106"

Restoring state from vegas_last_iter106.

Iteration 13:  52000000 integrand evaluations so far
[1] 0.00509867 +- 1.218e-06  	chisq 13.1213 (12 df)

Saving state to vegas_last_iter106.
Vegas input parameters:
  ndim 11
  ncomp 1
  epsrel 0
  epsabs 0
  flags 291
  seed 1595
  mineval 1
  maxeval 1
  nstart 1000000
  nincrease 500000
  nbatch 1000
  gridno 1
  statefile "vegas_last_iter106"

Restoring state from vegas_last_iter106.

Iteration 14:  59500000 integrand evaluations so far
[1] 0.00509788 +- 1.12115e-06  	chisq 15.8699 (13 df)

Saving state to vegas_last_iter106.
Vegas input parameters:
  ndim 11
  ncomp 1
  epsrel 0
  epsabs 0
  flags 291
  seed 1701
  mineval 1
  maxeval 1
  nstart 1000000
  nincrease 500000
  nbatch 1000
  gridno 1
  statefile "vegas_last_iter106"

Restoring state from vegas_last_iter106.

Iteration 15:  67500000 integrand evaluations so far
[1] 0.00509861 +- 1.03929e-06  	chisq 18.9048 (14 df)

Saving state to vegas_last_iter106.
Vegas input parameters:
  ndim 11
  ncomp 1
  epsrel 0
  epsabs 0
  flags 291
  seed 1807
  mineval 1
  maxeval 1
  nstart 1000000
  nincrease 500000
  nbatch 1000
  gridno 1
  statefile "vegas_last_iter106"

Restoring state from vegas_last_iter106.

Iteration 16:  76000000 integrand evaluations so far
[1] 0.005099 +- 9.69448e-07  	chisq 19.9926 (15 df)

Saving state to vegas_last_iter106.
Vegas input parameters:
  ndim 11
  ncomp 1
  epsrel 0
  epsabs 0
  flags 291
  seed 1913
  mineval 1
  maxeval 1
  nstart 1000000
  nincrease 500000
  nbatch 1000
  gridno 1
  statefile "vegas_last_iter106"

Restoring state from vegas_last_iter106.

Iteration 17:  85000000 integrand evaluations so far
[1] 0.00509907 +- 9.08778e-07  	chisq 20.0324 (16 df)

Saving state to vegas_last_iter106.
Vegas input parameters:
  ndim 11
  ncomp 1
  epsrel 0
  epsabs 0
  flags 291
  seed 2019
  mineval 1
  maxeval 1
  nstart 1000000
  nincrease 500000
  nbatch 1000
  gridno 1
  statefile "vegas_last_iter106"

Restoring state from vegas_last_iter106.

Iteration 18:  94500000 integrand evaluations so far
[1] 0.0050994 +- 8.55662e-07  	chisq 21.1905 (17 df)

Saving state to vegas_last_iter106.
Vegas input parameters:
  ndim 11
  ncomp 1
  epsrel 0
  epsabs 0
  flags 291
  seed 2125
  mineval 1
  maxeval 1
  nstart 1000000
  nincrease 500000
  nbatch 1000
  gridno 1
  statefile "vegas_last_iter106"

Restoring state from vegas_last_iter106.

Iteration 19:  104500000 integrand evaluations so far
[1] 0.00509954 +- 8.08682e-07  	chisq 21.4481 (18 df)

Saving state to vegas_last_iter106.
Vegas input parameters:
  ndim 11
  ncomp 1
  epsrel 0
  epsabs 0
  flags 291
  seed 2231
  mineval 1
  maxeval 1
  nstart 1000000
  nincrease 500000
  nbatch 1000
  gridno 1
  statefile "vegas_last_iter106"

Restoring state from vegas_last_iter106.

Iteration 20:  115000000 integrand evaluations so far
[1] 0.0050995 +- 7.66855e-07  	chisq 21.4754 (19 df)

Saving state to vegas_last_iter106.
Vegas input parameters:
  ndim 11
  ncomp 1
  epsrel 0
  epsabs 0
  flags 291
  seed 2337
  mineval 1
  maxeval 1
  nstart 1000000
  nincrease 500000
  nbatch 1000
  gridno 1
  statefile "vegas_last_iter106"

Restoring state from vegas_last_iter106.

Iteration 21:  126000000 integrand evaluations so far
[1] 0.00509945 +- 7.29221e-07  	chisq 21.5223 (20 df)

Saving state to vegas_last_iter106.
Vegas input parameters:
  ndim 11
  ncomp 1
  epsrel 0
  epsabs 0
  flags 291
  seed 2443
  mineval 1
  maxeval 1
  nstart 1000000
  nincrease 500000
  nbatch 1000
  gridno 1
  statefile "vegas_last_iter106"

Restoring state from vegas_last_iter106.

Iteration 22:  137500000 integrand evaluations so far
[1] 0.00509957 +- 6.95267e-07  	chisq 21.8308 (21 df)

Saving state to vegas_last_iter106.
Vegas input parameters:
  ndim 11
  ncomp 1
  epsrel 0
  epsabs 0
  flags 291
  seed 2549
  mineval 1
  maxeval 1
  nstart 1000000
  nincrease 500000
  nbatch 1000
  gridno 1
  statefile "vegas_last_iter106"

Restoring state from vegas_last_iter106.

Iteration 23:  149500000 integrand evaluations so far
[1] 0.00509974 +- 6.64403e-07  	chisq 22.5725 (22 df)

Saving state to vegas_last_iter106.
Vegas input parameters:
  ndim 11
  ncomp 1
  epsrel 0
  epsabs 0
  flags 291
  seed 2655
  mineval 1
  maxeval 1
  nstart 1000000
  nincrease 500000
  nbatch 1000
  gridno 1
  statefile "vegas_last_iter106"

Restoring state from vegas_last_iter106.

Iteration 24:  162000000 integrand evaluations so far
[1] 0.00509998 +- 6.36166e-07  	chisq 24.0706 (23 df)

Saving state to vegas_last_iter106.
Vegas input parameters:
  ndim 11
  ncomp 1
  epsrel 0
  epsabs 0
  flags 291
  seed 2761
  mineval 1
  maxeval 1
  nstart 1000000
  nincrease 500000
  nbatch 1000
  gridno 1
  statefile "vegas_last_iter106"

Restoring state from vegas_last_iter106.

Iteration 25:  175000000 integrand evaluations so far
[1] 0.00509982 +- 6.10365e-07  	chisq 24.8955 (24 df)

Saving state to vegas_last_iter106.
Vegas input parameters:
  ndim 11
  ncomp 1
  epsrel 0
  epsabs 0
  flags 291
  seed 2867
  mineval 1
  maxeval 1
  nstart 1000000
  nincrease 500000
  nbatch 1000
  gridno 1
  statefile "vegas_last_iter106"

Restoring state from vegas_last_iter106.

Iteration 26:  188500000 integrand evaluations so far
[1] 0.00509988 +- 5.86581e-07  	chisq 25.0307 (25 df)

Saving state to vegas_last_iter106.
Vegas input parameters:
  ndim 11
  ncomp 1
  epsrel 0
  epsabs 0
  flags 291
  seed 2973
  mineval 1
  maxeval 1
  nstart 1000000
  nincrease 500000
  nbatch 1000
  gridno 1
  statefile "vegas_last_iter106"

Restoring state from vegas_last_iter106.

Iteration 27:  202500000 integrand evaluations so far
[1] 0.00509985 +- 5.64637e-07  	chisq 25.0548 (26 df)

Saving state to vegas_last_iter106.
Thanks for using LHAPDF 6.3.0. Please make sure to cite the paper:
  Eur.Phys.J. C75 (2015) 3, 132  (http://arxiv.org/abs/1412.7420)
 method   =Vegas  
 nregions =           1
 neval    =   202500000
 fail     =           1
  0.509985353250E-02 +-   0.564636553122E-06   p =    0.429
