/var/lib/condor/execute/dir_55386
LHAPDF 6.3.0 loading /home/taebh/2021_Research/share/LHAPDF/NNPDF31_nnlo_as_0118_mc_hessian_pdfas/NNPDF31_nnlo_as_0118_mc_hessian_pdfas_0000.dat
NNPDF31_nnlo_as_0118_mc_hessian_pdfas PDF set, member #0, version 1
Vegas input parameters:
  ndim 11
  ncomp 1
  epsrel 0
  epsabs 0
  flags 291
  seed 196
  mineval 1
  maxeval 1
  nstart 1000000
  nincrease 500000
  nbatch 1000
  gridno 1
  statefile "vegas_last_iter85"

Iteration 1:  1000000 integrand evaluations so far
[1] 3.74888e-07 +- 4.02535e-07  	chisq 0 (0 df)

Saving state to vegas_last_iter85.
Vegas input parameters:
  ndim 11
  ncomp 1
  epsrel 0
  epsabs 0
  flags 291
  seed 281
  mineval 1
  maxeval 1
  nstart 1000000
  nincrease 500000
  nbatch 1000
  gridno 1
  statefile "vegas_last_iter85"

Restoring state from vegas_last_iter85.

Iteration 2:  2500000 integrand evaluations so far
[1] 9.69148e-10 +- 8.58153e-08  	chisq 0.903959 (1 df)

Saving state to vegas_last_iter85.
Vegas input parameters:
  ndim 11
  ncomp 1
  epsrel 0
  epsabs 0
  flags 291
  seed 366
  mineval 1
  maxeval 1
  nstart 1000000
  nincrease 500000
  nbatch 1000
  gridno 1
  statefile "vegas_last_iter85"

Restoring state from vegas_last_iter85.

Iteration 3:  4500000 integrand evaluations so far
[1] -3.10226e-08 +- 3.55854e-08  	chisq 1.0718 (2 df)

Saving state to vegas_last_iter85.
Vegas input parameters:
  ndim 11
  ncomp 1
  epsrel 0
  epsabs 0
  flags 291
  seed 451
  mineval 1
  maxeval 1
  nstart 1000000
  nincrease 500000
  nbatch 1000
  gridno 1
  statefile "vegas_last_iter85"

Restoring state from vegas_last_iter85.

Iteration 4:  7000000 integrand evaluations so far
[1] -1.07991e-08 +- 2.0036e-08  	chisq 1.54469 (3 df)

Saving state to vegas_last_iter85.
Vegas input parameters:
  ndim 11
  ncomp 1
  epsrel 0
  epsabs 0
  flags 291
  seed 536
  mineval 1
  maxeval 1
  nstart 1000000
  nincrease 500000
  nbatch 1000
  gridno 1
  statefile "vegas_last_iter85"

Restoring state from vegas_last_iter85.

Iteration 5:  10000000 integrand evaluations so far
[1] -2.4367e-08 +- 1.50735e-08  	chisq 2.60125 (4 df)

Saving state to vegas_last_iter85.
Vegas input parameters:
  ndim 11
  ncomp 1
  epsrel 0
  epsabs 0
  flags 291
  seed 621
  mineval 1
  maxeval 1
  nstart 1000000
  nincrease 500000
  nbatch 1000
  gridno 1
  statefile "vegas_last_iter85"

Restoring state from vegas_last_iter85.

Iteration 6:  13500000 integrand evaluations so far
[1] -1.19384e-08 +- 1.17924e-08  	chisq 4.35358 (5 df)

Saving state to vegas_last_iter85.
Vegas input parameters:
  ndim 11
  ncomp 1
  epsrel 0
  epsabs 0
  flags 291
  seed 706
  mineval 1
  maxeval 1
  nstart 1000000
  nincrease 500000
  nbatch 1000
  gridno 1
  statefile "vegas_last_iter85"

Restoring state from vegas_last_iter85.

Iteration 7:  17500000 integrand evaluations so far
[1] -6.99806e-09 +- 9.36871e-09  	chisq 4.82947 (6 df)

Saving state to vegas_last_iter85.
Vegas input parameters:
  ndim 11
  ncomp 1
  epsrel 0
  epsabs 0
  flags 291
  seed 791
  mineval 1
  maxeval 1
  nstart 1000000
  nincrease 500000
  nbatch 1000
  gridno 1
  statefile "vegas_last_iter85"

Restoring state from vegas_last_iter85.

Iteration 8:  22000000 integrand evaluations so far
[1] 3.3765e-09 +- 7.80157e-09  	chisq 8.82943 (7 df)

Saving state to vegas_last_iter85.
Vegas input parameters:
  ndim 11
  ncomp 1
  epsrel 0
  epsabs 0
  flags 291
  seed 876
  mineval 1
  maxeval 1
  nstart 1000000
  nincrease 500000
  nbatch 1000
  gridno 1
  statefile "vegas_last_iter85"

Restoring state from vegas_last_iter85.

Iteration 9:  27000000 integrand evaluations so far
[1] 1.13027e-08 +- 6.70733e-09  	chisq 12.7866 (8 df)

Saving state to vegas_last_iter85.
Vegas input parameters:
  ndim 11
  ncomp 1
  epsrel 0
  epsabs 0
  flags 291
  seed 961
  mineval 1
  maxeval 1
  nstart 1000000
  nincrease 500000
  nbatch 1000
  gridno 1
  statefile "vegas_last_iter85"

Restoring state from vegas_last_iter85.

Iteration 10:  32500000 integrand evaluations so far
[1] 7.82505e-09 +- 5.90506e-09  	chisq 13.9818 (9 df)

Saving state to vegas_last_iter85.
Vegas input parameters:
  ndim 11
  ncomp 1
  epsrel 0
  epsabs 0
  flags 291
  seed 1046
  mineval 1
  maxeval 1
  nstart 1000000
  nincrease 500000
  nbatch 1000
  gridno 1
  statefile "vegas_last_iter85"

Restoring state from vegas_last_iter85.

Iteration 11:  38500000 integrand evaluations so far
[1] 2.66753e-09 +- 5.29256e-09  	chisq 17.8603 (10 df)

Saving state to vegas_last_iter85.
Vegas input parameters:
  ndim 11
  ncomp 1
  epsrel 0
  epsabs 0
  flags 291
  seed 1131
  mineval 1
  maxeval 1
  nstart 1000000
  nincrease 500000
  nbatch 1000
  gridno 1
  statefile "vegas_last_iter85"

Restoring state from vegas_last_iter85.

Iteration 12:  45000000 integrand evaluations so far
[1] 5.85205e-09 +- 4.80196e-09  	chisq 19.908 (11 df)

Saving state to vegas_last_iter85.
Vegas input parameters:
  ndim 11
  ncomp 1
  epsrel 0
  epsabs 0
  flags 291
  seed 1216
  mineval 1
  maxeval 1
  nstart 1000000
  nincrease 500000
  nbatch 1000
  gridno 1
  statefile "vegas_last_iter85"

Restoring state from vegas_last_iter85.

Iteration 13:  52000000 integrand evaluations so far
[1] 4.93e-09 +- 4.4019e-09  	chisq 20.1389 (12 df)

Saving state to vegas_last_iter85.
Vegas input parameters:
  ndim 11
  ncomp 1
  epsrel 0
  epsabs 0
  flags 291
  seed 1301
  mineval 1
  maxeval 1
  nstart 1000000
  nincrease 500000
  nbatch 1000
  gridno 1
  statefile "vegas_last_iter85"

Restoring state from vegas_last_iter85.

Iteration 14:  59500000 integrand evaluations so far
[1] 3.86667e-09 +- 4.06591e-09  	chisq 20.5363 (13 df)

Saving state to vegas_last_iter85.
Vegas input parameters:
  ndim 11
  ncomp 1
  epsrel 0
  epsabs 0
  flags 291
  seed 1386
  mineval 1
  maxeval 1
  nstart 1000000
  nincrease 500000
  nbatch 1000
  gridno 1
  statefile "vegas_last_iter85"

Restoring state from vegas_last_iter85.

Iteration 15:  67500000 integrand evaluations so far
[1] 4.51244e-09 +- 3.78242e-09  	chisq 20.7237 (14 df)

Saving state to vegas_last_iter85.
Vegas input parameters:
  ndim 11
  ncomp 1
  epsrel 0
  epsabs 0
  flags 291
  seed 1471
  mineval 1
  maxeval 1
  nstart 1000000
  nincrease 500000
  nbatch 1000
  gridno 1
  statefile "vegas_last_iter85"

Restoring state from vegas_last_iter85.

Iteration 16:  76000000 integrand evaluations so far
[1] 4.80711e-09 +- 3.53636e-09  	chisq 20.7719 (15 df)

Saving state to vegas_last_iter85.
Vegas input parameters:
  ndim 11
  ncomp 1
  epsrel 0
  epsabs 0
  flags 291
  seed 1556
  mineval 1
  maxeval 1
  nstart 1000000
  nincrease 500000
  nbatch 1000
  gridno 1
  statefile "vegas_last_iter85"

Restoring state from vegas_last_iter85.

Iteration 17:  85000000 integrand evaluations so far
[1] 4.48241e-09 +- 3.32187e-09  	chisq 20.8436 (16 df)

Saving state to vegas_last_iter85.
Vegas input parameters:
  ndim 11
  ncomp 1
  epsrel 0
  epsabs 0
  flags 291
  seed 1641
  mineval 1
  maxeval 1
  nstart 1000000
  nincrease 500000
  nbatch 1000
  gridno 1
  statefile "vegas_last_iter85"

Restoring state from vegas_last_iter85.

Iteration 18:  94500000 integrand evaluations so far
[1] 4.18055e-09 +- 3.13418e-09  	chisq 20.9188 (17 df)

Saving state to vegas_last_iter85.
Vegas input parameters:
  ndim 11
  ncomp 1
  epsrel 0
  epsabs 0
  flags 291
  seed 1726
  mineval 1
  maxeval 1
  nstart 1000000
  nincrease 500000
  nbatch 1000
  gridno 1
  statefile "vegas_last_iter85"

Restoring state from vegas_last_iter85.

Iteration 19:  104500000 integrand evaluations so far
[1] 3.30485e-09 +- 2.96639e-09  	chisq 21.668 (18 df)

Saving state to vegas_last_iter85.
Vegas input parameters:
  ndim 11
  ncomp 1
  epsrel 0
  epsabs 0
  flags 291
  seed 1811
  mineval 1
  maxeval 1
  nstart 1000000
  nincrease 500000
  nbatch 1000
  gridno 1
  statefile "vegas_last_iter85"

Restoring state from vegas_last_iter85.

Iteration 20:  115000000 integrand evaluations so far
[1] 2.57403e-09 +- 2.81614e-09  	chisq 22.2827 (19 df)

Saving state to vegas_last_iter85.
Vegas input parameters:
  ndim 11
  ncomp 1
  epsrel 0
  epsabs 0
  flags 291
  seed 1896
  mineval 1
  maxeval 1
  nstart 1000000
  nincrease 500000
  nbatch 1000
  gridno 1
  statefile "vegas_last_iter85"

Restoring state from vegas_last_iter85.

Iteration 21:  126000000 integrand evaluations so far
[1] 2.66831e-09 +- 2.68104e-09  	chisq 22.2947 (20 df)

Saving state to vegas_last_iter85.
Vegas input parameters:
  ndim 11
  ncomp 1
  epsrel 0
  epsabs 0
  flags 291
  seed 1981
  mineval 1
  maxeval 1
  nstart 1000000
  nincrease 500000
  nbatch 1000
  gridno 1
  statefile "vegas_last_iter85"

Restoring state from vegas_last_iter85.

Iteration 22:  137500000 integrand evaluations so far
[1] 3.59462e-09 +- 2.55811e-09  	chisq 23.627 (21 df)

Saving state to vegas_last_iter85.
Vegas input parameters:
  ndim 11
  ncomp 1
  epsrel 0
  epsabs 0
  flags 291
  seed 2066
  mineval 1
  maxeval 1
  nstart 1000000
  nincrease 500000
  nbatch 1000
  gridno 1
  statefile "vegas_last_iter85"

Restoring state from vegas_last_iter85.

Iteration 23:  149500000 integrand evaluations so far
[1] 4.01313e-09 +- 2.44728e-09  	chisq 23.9428 (22 df)

Saving state to vegas_last_iter85.
Vegas input parameters:
  ndim 11
  ncomp 1
  epsrel 0
  epsabs 0
  flags 291
  seed 2151
  mineval 1
  maxeval 1
  nstart 1000000
  nincrease 500000
  nbatch 1000
  gridno 1
  statefile "vegas_last_iter85"

Restoring state from vegas_last_iter85.

Iteration 24:  162000000 integrand evaluations so far
[1] 4.0497e-09 +- 2.34518e-09  	chisq 23.9455 (23 df)

Saving state to vegas_last_iter85.
Vegas input parameters:
  ndim 11
  ncomp 1
  epsrel 0
  epsabs 0
  flags 291
  seed 2236
  mineval 1
  maxeval 1
  nstart 1000000
  nincrease 500000
  nbatch 1000
  gridno 1
  statefile "vegas_last_iter85"

Restoring state from vegas_last_iter85.

Iteration 25:  175000000 integrand evaluations so far
[1] 3.53167e-09 +- 2.25135e-09  	chisq 24.5677 (24 df)

Saving state to vegas_last_iter85.
Vegas input parameters:
  ndim 11
  ncomp 1
  epsrel 0
  epsabs 0
  flags 291
  seed 2321
  mineval 1
  maxeval 1
  nstart 1000000
  nincrease 500000
  nbatch 1000
  gridno 1
  statefile "vegas_last_iter85"

Restoring state from vegas_last_iter85.

Iteration 26:  188500000 integrand evaluations so far
[1] 2.78081e-09 +- 2.16505e-09  	chisq 26.047 (25 df)

Saving state to vegas_last_iter85.
Vegas input parameters:
  ndim 11
  ncomp 1
  epsrel 0
  epsabs 0
  flags 291
  seed 2406
  mineval 1
  maxeval 1
  nstart 1000000
  nincrease 500000
  nbatch 1000
  gridno 1
  statefile "vegas_last_iter85"

Restoring state from vegas_last_iter85.

Iteration 27:  202500000 integrand evaluations so far
[1] 2.88802e-09 +- 2.08531e-09  	chisq 26.0809 (26 df)

Saving state to vegas_last_iter85.
Thanks for using LHAPDF 6.3.0. Please make sure to cite the paper:
  Eur.Phys.J. C75 (2015) 3, 132  (http://arxiv.org/abs/1412.7420)
 method   =Vegas  
 nregions =           1
 neval    =   202500000
 fail     =           1
  0.288801600763E-08 +-   0.208531422754E-08   p =    0.486
