/var/lib/condor/execute/dir_27890
LHAPDF 6.3.0 loading /home/taebh/2021_Research/share/LHAPDF/NNPDF31_nnlo_as_0118_mc_hessian_pdfas/NNPDF31_nnlo_as_0118_mc_hessian_pdfas_0000.dat
NNPDF31_nnlo_as_0118_mc_hessian_pdfas PDF set, member #0, version 1
Vegas input parameters:
  ndim 11
  ncomp 1
  epsrel 0
  epsabs 0
  flags 291
  seed 144
  mineval 1
  maxeval 1
  nstart 1000000
  nincrease 500000
  nbatch 1000
  gridno 1
  statefile "vegas_last_iter33"

Iteration 1:  1000000 integrand evaluations so far
[1] 0.000304085 +- 0.00020503  	chisq 0 (0 df)

Saving state to vegas_last_iter33.
Vegas input parameters:
  ndim 11
  ncomp 1
  epsrel 0
  epsabs 0
  flags 291
  seed 177
  mineval 1
  maxeval 1
  nstart 1000000
  nincrease 500000
  nbatch 1000
  gridno 1
  statefile "vegas_last_iter33"

Restoring state from vegas_last_iter33.

Iteration 2:  2500000 integrand evaluations so far
[1] 0.000147643 +- 2.93712e-05  	chisq 0.594402 (1 df)

Saving state to vegas_last_iter33.
Vegas input parameters:
  ndim 11
  ncomp 1
  epsrel 0
  epsabs 0
  flags 291
  seed 210
  mineval 1
  maxeval 1
  nstart 1000000
  nincrease 500000
  nbatch 1000
  gridno 1
  statefile "vegas_last_iter33"

Restoring state from vegas_last_iter33.

Iteration 3:  4500000 integrand evaluations so far
[1] 0.000148317 +- 7.73467e-06  	chisq 0.594967 (2 df)

Saving state to vegas_last_iter33.
Vegas input parameters:
  ndim 11
  ncomp 1
  epsrel 0
  epsabs 0
  flags 291
  seed 243
  mineval 1
  maxeval 1
  nstart 1000000
  nincrease 500000
  nbatch 1000
  gridno 1
  statefile "vegas_last_iter33"

Restoring state from vegas_last_iter33.

Iteration 4:  7000000 integrand evaluations so far
[1] 0.000143474 +- 1.07927e-06  	chisq 0.994812 (3 df)

Saving state to vegas_last_iter33.
Vegas input parameters:
  ndim 11
  ncomp 1
  epsrel 0
  epsabs 0
  flags 291
  seed 276
  mineval 1
  maxeval 1
  nstart 1000000
  nincrease 500000
  nbatch 1000
  gridno 1
  statefile "vegas_last_iter33"

Restoring state from vegas_last_iter33.

Iteration 5:  10000000 integrand evaluations so far
[1] 0.00014389 +- 2.25083e-07  	chisq 1.15049 (4 df)

Saving state to vegas_last_iter33.
Vegas input parameters:
  ndim 11
  ncomp 1
  epsrel 0
  epsabs 0
  flags 291
  seed 309
  mineval 1
  maxeval 1
  nstart 1000000
  nincrease 500000
  nbatch 1000
  gridno 1
  statefile "vegas_last_iter33"

Restoring state from vegas_last_iter33.

Iteration 6:  13500000 integrand evaluations so far
[1] 0.000143496 +- 9.55287e-08  	chisq 4.88462 (5 df)

Saving state to vegas_last_iter33.
Vegas input parameters:
  ndim 11
  ncomp 1
  epsrel 0
  epsabs 0
  flags 291
  seed 342
  mineval 1
  maxeval 1
  nstart 1000000
  nincrease 500000
  nbatch 1000
  gridno 1
  statefile "vegas_last_iter33"

Restoring state from vegas_last_iter33.

Iteration 7:  17500000 integrand evaluations so far
[1] 0.000143488 +- 5.95376e-08  	chisq 4.8967 (6 df)

Saving state to vegas_last_iter33.
Vegas input parameters:
  ndim 11
  ncomp 1
  epsrel 0
  epsabs 0
  flags 291
  seed 375
  mineval 1
  maxeval 1
  nstart 1000000
  nincrease 500000
  nbatch 1000
  gridno 1
  statefile "vegas_last_iter33"

Restoring state from vegas_last_iter33.

Iteration 8:  22000000 integrand evaluations so far
[1] 0.000143508 +- 4.39361e-08  	chisq 5.15095 (7 df)

Saving state to vegas_last_iter33.
Vegas input parameters:
  ndim 11
  ncomp 1
  epsrel 0
  epsabs 0
  flags 291
  seed 408
  mineval 1
  maxeval 1
  nstart 1000000
  nincrease 500000
  nbatch 1000
  gridno 1
  statefile "vegas_last_iter33"

Restoring state from vegas_last_iter33.

Iteration 9:  27000000 integrand evaluations so far
[1] 0.000143514 +- 3.53758e-08  	chisq 5.1919 (8 df)

Saving state to vegas_last_iter33.
Vegas input parameters:
  ndim 11
  ncomp 1
  epsrel 0
  epsabs 0
  flags 291
  seed 441
  mineval 1
  maxeval 1
  nstart 1000000
  nincrease 500000
  nbatch 1000
  gridno 1
  statefile "vegas_last_iter33"

Restoring state from vegas_last_iter33.

Iteration 10:  32500000 integrand evaluations so far
[1] 0.000143516 +- 2.99337e-08  	chisq 5.21281 (9 df)

Saving state to vegas_last_iter33.
Vegas input parameters:
  ndim 11
  ncomp 1
  epsrel 0
  epsabs 0
  flags 291
  seed 474
  mineval 1
  maxeval 1
  nstart 1000000
  nincrease 500000
  nbatch 1000
  gridno 1
  statefile "vegas_last_iter33"

Restoring state from vegas_last_iter33.

Iteration 11:  38500000 integrand evaluations so far
[1] 0.000143526 +- 2.6124e-08  	chisq 5.61665 (10 df)

Saving state to vegas_last_iter33.
Vegas input parameters:
  ndim 11
  ncomp 1
  epsrel 0
  epsabs 0
  flags 291
  seed 507
  mineval 1
  maxeval 1
  nstart 1000000
  nincrease 500000
  nbatch 1000
  gridno 1
  statefile "vegas_last_iter33"

Restoring state from vegas_last_iter33.

Iteration 12:  45000000 integrand evaluations so far
[1] 0.000143522 +- 2.32723e-08  	chisq 5.70556 (11 df)

Saving state to vegas_last_iter33.
Vegas input parameters:
  ndim 11
  ncomp 1
  epsrel 0
  epsabs 0
  flags 291
  seed 540
  mineval 1
  maxeval 1
  nstart 1000000
  nincrease 500000
  nbatch 1000
  gridno 1
  statefile "vegas_last_iter33"

Restoring state from vegas_last_iter33.

Iteration 13:  52000000 integrand evaluations so far
[1] 0.000143528 +- 2.10483e-08  	chisq 6.10372 (12 df)

Saving state to vegas_last_iter33.
Vegas input parameters:
  ndim 11
  ncomp 1
  epsrel 0
  epsabs 0
  flags 291
  seed 573
  mineval 1
  maxeval 1
  nstart 1000000
  nincrease 500000
  nbatch 1000
  gridno 1
  statefile "vegas_last_iter33"

Restoring state from vegas_last_iter33.

Iteration 14:  59500000 integrand evaluations so far
[1] 0.000143537 +- 1.92536e-08  	chisq 7.22748 (13 df)

Saving state to vegas_last_iter33.
Vegas input parameters:
  ndim 11
  ncomp 1
  epsrel 0
  epsabs 0
  flags 291
  seed 606
  mineval 1
  maxeval 1
  nstart 1000000
  nincrease 500000
  nbatch 1000
  gridno 1
  statefile "vegas_last_iter33"

Restoring state from vegas_last_iter33.

Iteration 15:  67500000 integrand evaluations so far
[1] 0.000143524 +- 1.77635e-08  	chisq 10.3439 (14 df)

Saving state to vegas_last_iter33.
Vegas input parameters:
  ndim 11
  ncomp 1
  epsrel 0
  epsabs 0
  flags 291
  seed 639
  mineval 1
  maxeval 1
  nstart 1000000
  nincrease 500000
  nbatch 1000
  gridno 1
  statefile "vegas_last_iter33"

Restoring state from vegas_last_iter33.

Iteration 16:  76000000 integrand evaluations so far
[1] 0.000143519 +- 1.65073e-08  	chisq 11.0803 (15 df)

Saving state to vegas_last_iter33.
Vegas input parameters:
  ndim 11
  ncomp 1
  epsrel 0
  epsabs 0
  flags 291
  seed 672
  mineval 1
  maxeval 1
  nstart 1000000
  nincrease 500000
  nbatch 1000
  gridno 1
  statefile "vegas_last_iter33"

Restoring state from vegas_last_iter33.

Iteration 17:  85000000 integrand evaluations so far
[1] 0.000143531 +- 1.54275e-08  	chisq 15.8661 (16 df)

Saving state to vegas_last_iter33.
Vegas input parameters:
  ndim 11
  ncomp 1
  epsrel 0
  epsabs 0
  flags 291
  seed 705
  mineval 1
  maxeval 1
  nstart 1000000
  nincrease 500000
  nbatch 1000
  gridno 1
  statefile "vegas_last_iter33"

Restoring state from vegas_last_iter33.

Iteration 18:  94500000 integrand evaluations so far
[1] 0.000143524 +- 1.44905e-08  	chisq 18.0161 (17 df)

Saving state to vegas_last_iter33.
Vegas input parameters:
  ndim 11
  ncomp 1
  epsrel 0
  epsabs 0
  flags 291
  seed 738
  mineval 1
  maxeval 1
  nstart 1000000
  nincrease 500000
  nbatch 1000
  gridno 1
  statefile "vegas_last_iter33"

Restoring state from vegas_last_iter33.

Iteration 19:  104500000 integrand evaluations so far
[1] 0.000143517 +- 1.36677e-08  	chisq 19.9668 (18 df)

Saving state to vegas_last_iter33.
Vegas input parameters:
  ndim 11
  ncomp 1
  epsrel 0
  epsabs 0
  flags 291
  seed 771
  mineval 1
  maxeval 1
  nstart 1000000
  nincrease 500000
  nbatch 1000
  gridno 1
  statefile "vegas_last_iter33"

Restoring state from vegas_last_iter33.

Iteration 20:  115000000 integrand evaluations so far
[1] 0.000143518 +- 1.29362e-08  	chisq 20.0583 (19 df)

Saving state to vegas_last_iter33.
Vegas input parameters:
  ndim 11
  ncomp 1
  epsrel 0
  epsabs 0
  flags 291
  seed 804
  mineval 1
  maxeval 1
  nstart 1000000
  nincrease 500000
  nbatch 1000
  gridno 1
  statefile "vegas_last_iter33"

Restoring state from vegas_last_iter33.

Iteration 21:  126000000 integrand evaluations so far
[1] 0.000143523 +- 1.2283e-08  	chisq 21.2759 (20 df)

Saving state to vegas_last_iter33.
Vegas input parameters:
  ndim 11
  ncomp 1
  epsrel 0
  epsabs 0
  flags 291
  seed 837
  mineval 1
  maxeval 1
  nstart 1000000
  nincrease 500000
  nbatch 1000
  gridno 1
  statefile "vegas_last_iter33"

Restoring state from vegas_last_iter33.

Iteration 22:  137500000 integrand evaluations so far
[1] 0.00014352 +- 1.1695e-08  	chisq 21.7573 (21 df)

Saving state to vegas_last_iter33.
Vegas input parameters:
  ndim 11
  ncomp 1
  epsrel 0
  epsabs 0
  flags 291
  seed 870
  mineval 1
  maxeval 1
  nstart 1000000
  nincrease 500000
  nbatch 1000
  gridno 1
  statefile "vegas_last_iter33"

Restoring state from vegas_last_iter33.

Iteration 23:  149500000 integrand evaluations so far
[1] 0.000143522 +- 1.1164e-08  	chisq 22.0127 (22 df)

Saving state to vegas_last_iter33.
Vegas input parameters:
  ndim 11
  ncomp 1
  epsrel 0
  epsabs 0
  flags 291
  seed 903
  mineval 1
  maxeval 1
  nstart 1000000
  nincrease 500000
  nbatch 1000
  gridno 1
  statefile "vegas_last_iter33"

Restoring state from vegas_last_iter33.

Iteration 24:  162000000 integrand evaluations so far
[1] 0.000143518 +- 1.06809e-08  	chisq 23.7001 (23 df)

Saving state to vegas_last_iter33.
Vegas input parameters:
  ndim 11
  ncomp 1
  epsrel 0
  epsabs 0
  flags 291
  seed 936
  mineval 1
  maxeval 1
  nstart 1000000
  nincrease 500000
  nbatch 1000
  gridno 1
  statefile "vegas_last_iter33"

Restoring state from vegas_last_iter33.

Iteration 25:  175000000 integrand evaluations so far
[1] 0.00014352 +- 1.02387e-08  	chisq 24.1486 (24 df)

Saving state to vegas_last_iter33.
Vegas input parameters:
  ndim 11
  ncomp 1
  epsrel 0
  epsabs 0
  flags 291
  seed 969
  mineval 1
  maxeval 1
  nstart 1000000
  nincrease 500000
  nbatch 1000
  gridno 1
  statefile "vegas_last_iter33"

Restoring state from vegas_last_iter33.

Iteration 26:  188500000 integrand evaluations so far
[1] 0.000143521 +- 9.83319e-09  	chisq 24.2273 (25 df)

Saving state to vegas_last_iter33.
Vegas input parameters:
  ndim 11
  ncomp 1
  epsrel 0
  epsabs 0
  flags 291
  seed 1002
  mineval 1
  maxeval 1
  nstart 1000000
  nincrease 500000
  nbatch 1000
  gridno 1
  statefile "vegas_last_iter33"

Restoring state from vegas_last_iter33.

Iteration 27:  202500000 integrand evaluations so far
[1] 0.000143522 +- 9.4596e-09  	chisq 24.3707 (26 df)

Saving state to vegas_last_iter33.
Thanks for using LHAPDF 6.3.0. Please make sure to cite the paper:
  Eur.Phys.J. C75 (2015) 3, 132  (http://arxiv.org/abs/1412.7420)
 method   =Vegas  
 nregions =           1
 neval    =   202500000
 fail     =           1
  0.143521582183E-03 +-   0.945959757525E-08   p =    0.390
