/var/lib/condor/execute/dir_56127
LHAPDF 6.3.0 loading /home/taebh/2021_Research/share/LHAPDF/NNPDF31_nnlo_as_0118_mc_hessian_pdfas/NNPDF31_nnlo_as_0118_mc_hessian_pdfas_0000.dat
NNPDF31_nnlo_as_0118_mc_hessian_pdfas PDF set, member #0, version 1
Vegas input parameters:
  ndim 11
  ncomp 1
  epsrel 0
  epsabs 0
  flags 291
  seed 207
  mineval 1
  maxeval 1
  nstart 1000000
  nincrease 500000
  nbatch 1000
  gridno 1
  statefile "vegas_last_iter96"

Iteration 1:  1000000 integrand evaluations so far
[1] -0.000170208 +- 0.000315162  	chisq 0 (0 df)

Saving state to vegas_last_iter96.
Vegas input parameters:
  ndim 11
  ncomp 1
  epsrel 0
  epsabs 0
  flags 291
  seed 303
  mineval 1
  maxeval 1
  nstart 1000000
  nincrease 500000
  nbatch 1000
  gridno 1
  statefile "vegas_last_iter96"

Restoring state from vegas_last_iter96.

Iteration 2:  2500000 integrand evaluations so far
[1] -0.000144961 +- 0.000159332  	chisq 0.00862032 (1 df)

Saving state to vegas_last_iter96.
Vegas input parameters:
  ndim 11
  ncomp 1
  epsrel 0
  epsabs 0
  flags 291
  seed 399
  mineval 1
  maxeval 1
  nstart 1000000
  nincrease 500000
  nbatch 1000
  gridno 1
  statefile "vegas_last_iter96"

Restoring state from vegas_last_iter96.

Iteration 3:  4500000 integrand evaluations so far
[1] -0.000121071 +- 6.28027e-05  	chisq 0.0352363 (2 df)

Saving state to vegas_last_iter96.
Vegas input parameters:
  ndim 11
  ncomp 1
  epsrel 0
  epsabs 0
  flags 291
  seed 495
  mineval 1
  maxeval 1
  nstart 1000000
  nincrease 500000
  nbatch 1000
  gridno 1
  statefile "vegas_last_iter96"

Restoring state from vegas_last_iter96.

Iteration 4:  7000000 integrand evaluations so far
[1] -8.23218e-05 +- 1.85e-05  	chisq 0.452104 (3 df)

Saving state to vegas_last_iter96.
Vegas input parameters:
  ndim 11
  ncomp 1
  epsrel 0
  epsabs 0
  flags 291
  seed 591
  mineval 1
  maxeval 1
  nstart 1000000
  nincrease 500000
  nbatch 1000
  gridno 1
  statefile "vegas_last_iter96"

Restoring state from vegas_last_iter96.

Iteration 5:  10000000 integrand evaluations so far
[1] -5.7591e-05 +- 4.65253e-06  	chisq 2.3598 (4 df)

Saving state to vegas_last_iter96.
Vegas input parameters:
  ndim 11
  ncomp 1
  epsrel 0
  epsabs 0
  flags 291
  seed 687
  mineval 1
  maxeval 1
  nstart 1000000
  nincrease 500000
  nbatch 1000
  gridno 1
  statefile "vegas_last_iter96"

Restoring state from vegas_last_iter96.

Iteration 6:  13500000 integrand evaluations so far
[1] -6.10053e-05 +- 2.34859e-06  	chisq 3.08251 (5 df)

Saving state to vegas_last_iter96.
Vegas input parameters:
  ndim 11
  ncomp 1
  epsrel 0
  epsabs 0
  flags 291
  seed 783
  mineval 1
  maxeval 1
  nstart 1000000
  nincrease 500000
  nbatch 1000
  gridno 1
  statefile "vegas_last_iter96"

Restoring state from vegas_last_iter96.

Iteration 7:  17500000 integrand evaluations so far
[1] -5.64128e-05 +- 1.60964e-06  	chisq 10.2931 (6 df)

Saving state to vegas_last_iter96.
Vegas input parameters:
  ndim 11
  ncomp 1
  epsrel 0
  epsabs 0
  flags 291
  seed 879
  mineval 1
  maxeval 1
  nstart 1000000
  nincrease 500000
  nbatch 1000
  gridno 1
  statefile "vegas_last_iter96"

Restoring state from vegas_last_iter96.

Iteration 8:  22000000 integrand evaluations so far
[1] -5.49814e-05 +- 1.25213e-06  	chisq 12.2959 (7 df)

Saving state to vegas_last_iter96.
Vegas input parameters:
  ndim 11
  ncomp 1
  epsrel 0
  epsabs 0
  flags 291
  seed 975
  mineval 1
  maxeval 1
  nstart 1000000
  nincrease 500000
  nbatch 1000
  gridno 1
  statefile "vegas_last_iter96"

Restoring state from vegas_last_iter96.

Iteration 9:  27000000 integrand evaluations so far
[1] -5.39636e-05 +- 1.04026e-06  	chisq 14.4287 (8 df)

Saving state to vegas_last_iter96.
Vegas input parameters:
  ndim 11
  ncomp 1
  epsrel 0
  epsabs 0
  flags 291
  seed 1071
  mineval 1
  maxeval 1
  nstart 1000000
  nincrease 500000
  nbatch 1000
  gridno 1
  statefile "vegas_last_iter96"

Restoring state from vegas_last_iter96.

Iteration 10:  32500000 integrand evaluations so far
[1] -5.38334e-05 +- 8.9741e-07  	chisq 14.4899 (9 df)

Saving state to vegas_last_iter96.
Vegas input parameters:
  ndim 11
  ncomp 1
  epsrel 0
  epsabs 0
  flags 291
  seed 1167
  mineval 1
  maxeval 1
  nstart 1000000
  nincrease 500000
  nbatch 1000
  gridno 1
  statefile "vegas_last_iter96"

Restoring state from vegas_last_iter96.

Iteration 11:  38500000 integrand evaluations so far
[1] -5.41578e-05 +- 7.92799e-07  	chisq 15.0851 (10 df)

Saving state to vegas_last_iter96.
Vegas input parameters:
  ndim 11
  ncomp 1
  epsrel 0
  epsabs 0
  flags 291
  seed 1263
  mineval 1
  maxeval 1
  nstart 1000000
  nincrease 500000
  nbatch 1000
  gridno 1
  statefile "vegas_last_iter96"

Restoring state from vegas_last_iter96.

Iteration 12:  45000000 integrand evaluations so far
[1] -5.38277e-05 +- 7.12626e-07  	chisq 15.9883 (11 df)

Saving state to vegas_last_iter96.
Vegas input parameters:
  ndim 11
  ncomp 1
  epsrel 0
  epsabs 0
  flags 291
  seed 1359
  mineval 1
  maxeval 1
  nstart 1000000
  nincrease 500000
  nbatch 1000
  gridno 1
  statefile "vegas_last_iter96"

Restoring state from vegas_last_iter96.

Iteration 13:  52000000 integrand evaluations so far
[1] -5.37881e-05 +- 6.48519e-07  	chisq 16.0062 (12 df)

Saving state to vegas_last_iter96.
Vegas input parameters:
  ndim 11
  ncomp 1
  epsrel 0
  epsabs 0
  flags 291
  seed 1455
  mineval 1
  maxeval 1
  nstart 1000000
  nincrease 500000
  nbatch 1000
  gridno 1
  statefile "vegas_last_iter96"

Restoring state from vegas_last_iter96.

Iteration 14:  59500000 integrand evaluations so far
[1] -5.3533e-05 +- 5.95933e-07  	chisq 17.0008 (13 df)

Saving state to vegas_last_iter96.
Vegas input parameters:
  ndim 11
  ncomp 1
  epsrel 0
  epsabs 0
  flags 291
  seed 1551
  mineval 1
  maxeval 1
  nstart 1000000
  nincrease 500000
  nbatch 1000
  gridno 1
  statefile "vegas_last_iter96"

Restoring state from vegas_last_iter96.

Iteration 15:  67500000 integrand evaluations so far
[1] -5.32633e-05 +- 5.51935e-07  	chisq 18.4413 (14 df)

Saving state to vegas_last_iter96.
Vegas input parameters:
  ndim 11
  ncomp 1
  epsrel 0
  epsabs 0
  flags 291
  seed 1647
  mineval 1
  maxeval 1
  nstart 1000000
  nincrease 500000
  nbatch 1000
  gridno 1
  statefile "vegas_last_iter96"

Restoring state from vegas_last_iter96.

Iteration 16:  76000000 integrand evaluations so far
[1] -5.33293e-05 +- 5.14332e-07  	chisq 18.5501 (15 df)

Saving state to vegas_last_iter96.
Vegas input parameters:
  ndim 11
  ncomp 1
  epsrel 0
  epsabs 0
  flags 291
  seed 1743
  mineval 1
  maxeval 1
  nstart 1000000
  nincrease 500000
  nbatch 1000
  gridno 1
  statefile "vegas_last_iter96"

Restoring state from vegas_last_iter96.

Iteration 17:  85000000 integrand evaluations so far
[1] -5.3516e-05 +- 4.81839e-07  	chisq 19.6268 (16 df)

Saving state to vegas_last_iter96.
Vegas input parameters:
  ndim 11
  ncomp 1
  epsrel 0
  epsabs 0
  flags 291
  seed 1839
  mineval 1
  maxeval 1
  nstart 1000000
  nincrease 500000
  nbatch 1000
  gridno 1
  statefile "vegas_last_iter96"

Restoring state from vegas_last_iter96.

Iteration 18:  94500000 integrand evaluations so far
[1] -5.33083e-05 +- 4.53396e-07  	chisq 21.2488 (17 df)

Saving state to vegas_last_iter96.
Vegas input parameters:
  ndim 11
  ncomp 1
  epsrel 0
  epsabs 0
  flags 291
  seed 1935
  mineval 1
  maxeval 1
  nstart 1000000
  nincrease 500000
  nbatch 1000
  gridno 1
  statefile "vegas_last_iter96"

Restoring state from vegas_last_iter96.

Iteration 19:  104500000 integrand evaluations so far
[1] -5.32147e-05 +- 4.28318e-07  	chisq 21.6448 (18 df)

Saving state to vegas_last_iter96.
Vegas input parameters:
  ndim 11
  ncomp 1
  epsrel 0
  epsabs 0
  flags 291
  seed 2031
  mineval 1
  maxeval 1
  nstart 1000000
  nincrease 500000
  nbatch 1000
  gridno 1
  statefile "vegas_last_iter96"

Restoring state from vegas_last_iter96.

Iteration 20:  115000000 integrand evaluations so far
[1] -5.3382e-05 +- 4.0601e-07  	chisq 23.1482 (19 df)

Saving state to vegas_last_iter96.
Vegas input parameters:
  ndim 11
  ncomp 1
  epsrel 0
  epsabs 0
  flags 291
  seed 2127
  mineval 1
  maxeval 1
  nstart 1000000
  nincrease 500000
  nbatch 1000
  gridno 1
  statefile "vegas_last_iter96"

Restoring state from vegas_last_iter96.

Iteration 21:  126000000 integrand evaluations so far
[1] -5.36699e-05 +- 3.85964e-07  	chisq 28.3706 (20 df)

Saving state to vegas_last_iter96.
Vegas input parameters:
  ndim 11
  ncomp 1
  epsrel 0
  epsabs 0
  flags 291
  seed 2223
  mineval 1
  maxeval 1
  nstart 1000000
  nincrease 500000
  nbatch 1000
  gridno 1
  statefile "vegas_last_iter96"

Restoring state from vegas_last_iter96.

Iteration 22:  137500000 integrand evaluations so far
[1] -5.36369e-05 +- 3.67871e-07  	chisq 28.4508 (21 df)

Saving state to vegas_last_iter96.
Vegas input parameters:
  ndim 11
  ncomp 1
  epsrel 0
  epsabs 0
  flags 291
  seed 2319
  mineval 1
  maxeval 1
  nstart 1000000
  nincrease 500000
  nbatch 1000
  gridno 1
  statefile "vegas_last_iter96"

Restoring state from vegas_last_iter96.

Iteration 23:  149500000 integrand evaluations so far
[1] -5.3506e-05 +- 3.51494e-07  	chisq 29.9045 (22 df)

Saving state to vegas_last_iter96.
Vegas input parameters:
  ndim 11
  ncomp 1
  epsrel 0
  epsabs 0
  flags 291
  seed 2415
  mineval 1
  maxeval 1
  nstart 1000000
  nincrease 500000
  nbatch 1000
  gridno 1
  statefile "vegas_last_iter96"

Restoring state from vegas_last_iter96.

Iteration 24:  162000000 integrand evaluations so far
[1] -5.34563e-05 +- 3.36549e-07  	chisq 30.145 (23 df)

Saving state to vegas_last_iter96.
Vegas input parameters:
  ndim 11
  ncomp 1
  epsrel 0
  epsabs 0
  flags 291
  seed 2511
  mineval 1
  maxeval 1
  nstart 1000000
  nincrease 500000
  nbatch 1000
  gridno 1
  statefile "vegas_last_iter96"

Restoring state from vegas_last_iter96.

Iteration 25:  175000000 integrand evaluations so far
[1] -5.35112e-05 +- 3.22867e-07  	chisq 30.4799 (24 df)

Saving state to vegas_last_iter96.
Vegas input parameters:
  ndim 11
  ncomp 1
  epsrel 0
  epsabs 0
  flags 291
  seed 2607
  mineval 1
  maxeval 1
  nstart 1000000
  nincrease 500000
  nbatch 1000
  gridno 1
  statefile "vegas_last_iter96"

Restoring state from vegas_last_iter96.

Iteration 26:  188500000 integrand evaluations so far
[1] -5.33846e-05 +- 3.10291e-07  	chisq 32.4934 (25 df)

Saving state to vegas_last_iter96.
Vegas input parameters:
  ndim 11
  ncomp 1
  epsrel 0
  epsabs 0
  flags 291
  seed 2703
  mineval 1
  maxeval 1
  nstart 1000000
  nincrease 500000
  nbatch 1000
  gridno 1
  statefile "vegas_last_iter96"

Restoring state from vegas_last_iter96.

Iteration 27:  202500000 integrand evaluations so far
[1] -5.34172e-05 +- 2.98676e-07  	chisq 32.6437 (26 df)

Saving state to vegas_last_iter96.
Thanks for using LHAPDF 6.3.0. Please make sure to cite the paper:
  Eur.Phys.J. C75 (2015) 3, 132  (http://arxiv.org/abs/1412.7420)
 method   =Vegas  
 nregions =           1
 neval    =   202500000
 fail     =           1
 -0.534172132671E-04 +-   0.298675963266E-06   p =    0.791
