/var/lib/condor/execute/dir_2592
LHAPDF 6.3.0 loading /home/taebh/2021_Research/share/LHAPDF/NNPDF31_nnlo_as_0118_mc_hessian_pdfas/NNPDF31_nnlo_as_0118_mc_hessian_pdfas_0000.dat
NNPDF31_nnlo_as_0118_mc_hessian_pdfas PDF set, member #0, version 1
Vegas input parameters:
  ndim 11
  ncomp 1
  epsrel 0
  epsabs 0
  flags 291
  seed 253
  mineval 1
  maxeval 1
  nstart 1000000
  nincrease 500000
  nbatch 1000
  gridno 1
  statefile "vegas_last_iter142"

Iteration 1:  1000000 integrand evaluations so far
[1] 0.0142788 +- 0.000177699  	chisq 0 (0 df)

Saving state to vegas_last_iter142.
Vegas input parameters:
  ndim 11
  ncomp 1
  epsrel 0
  epsabs 0
  flags 291
  seed 395
  mineval 1
  maxeval 1
  nstart 1000000
  nincrease 500000
  nbatch 1000
  gridno 1
  statefile "vegas_last_iter142"

Restoring state from vegas_last_iter142.

Iteration 2:  2500000 integrand evaluations so far
[1] 0.0142627 +- 4.95619e-05  	chisq 0.00889886 (1 df)

Saving state to vegas_last_iter142.
Vegas input parameters:
  ndim 11
  ncomp 1
  epsrel 0
  epsabs 0
  flags 291
  seed 537
  mineval 1
  maxeval 1
  nstart 1000000
  nincrease 500000
  nbatch 1000
  gridno 1
  statefile "vegas_last_iter142"

Restoring state from vegas_last_iter142.

Iteration 3:  4500000 integrand evaluations so far
[1] 0.0142924 +- 2.5648e-05  	chisq 0.499206 (2 df)

Saving state to vegas_last_iter142.
Vegas input parameters:
  ndim 11
  ncomp 1
  epsrel 0
  epsabs 0
  flags 291
  seed 679
  mineval 1
  maxeval 1
  nstart 1000000
  nincrease 500000
  nbatch 1000
  gridno 1
  statefile "vegas_last_iter142"

Restoring state from vegas_last_iter142.

Iteration 4:  7000000 integrand evaluations so far
[1] 0.0143038 +- 1.49974e-05  	chisq 0.796372 (3 df)

Saving state to vegas_last_iter142.
Vegas input parameters:
  ndim 11
  ncomp 1
  epsrel 0
  epsabs 0
  flags 291
  seed 821
  mineval 1
  maxeval 1
  nstart 1000000
  nincrease 500000
  nbatch 1000
  gridno 1
  statefile "vegas_last_iter142"

Restoring state from vegas_last_iter142.

Iteration 5:  10000000 integrand evaluations so far
[1] 0.0142981 +- 9.39509e-06  	chisq 1.02847 (4 df)

Saving state to vegas_last_iter142.
Vegas input parameters:
  ndim 11
  ncomp 1
  epsrel 0
  epsabs 0
  flags 291
  seed 963
  mineval 1
  maxeval 1
  nstart 1000000
  nincrease 500000
  nbatch 1000
  gridno 1
  statefile "vegas_last_iter142"

Restoring state from vegas_last_iter142.

Iteration 6:  13500000 integrand evaluations so far
[1] 0.0142936 +- 6.79229e-06  	chisq 1.51466 (5 df)

Saving state to vegas_last_iter142.
Vegas input parameters:
  ndim 11
  ncomp 1
  epsrel 0
  epsabs 0
  flags 291
  seed 1105
  mineval 1
  maxeval 1
  nstart 1000000
  nincrease 500000
  nbatch 1000
  gridno 1
  statefile "vegas_last_iter142"

Restoring state from vegas_last_iter142.

Iteration 7:  17500000 integrand evaluations so far
[1] 0.0142929 +- 5.37683e-06  	chisq 1.54537 (6 df)

Saving state to vegas_last_iter142.
Vegas input parameters:
  ndim 11
  ncomp 1
  epsrel 0
  epsabs 0
  flags 291
  seed 1247
  mineval 1
  maxeval 1
  nstart 1000000
  nincrease 500000
  nbatch 1000
  gridno 1
  statefile "vegas_last_iter142"

Restoring state from vegas_last_iter142.

Iteration 8:  22000000 integrand evaluations so far
[1] 0.0142917 +- 4.49289e-06  	chisq 1.71765 (7 df)

Saving state to vegas_last_iter142.
Vegas input parameters:
  ndim 11
  ncomp 1
  epsrel 0
  epsabs 0
  flags 291
  seed 1389
  mineval 1
  maxeval 1
  nstart 1000000
  nincrease 500000
  nbatch 1000
  gridno 1
  statefile "vegas_last_iter142"

Restoring state from vegas_last_iter142.

Iteration 9:  27000000 integrand evaluations so far
[1] 0.0142949 +- 3.88703e-06  	chisq 3.77091 (8 df)

Saving state to vegas_last_iter142.
Vegas input parameters:
  ndim 11
  ncomp 1
  epsrel 0
  epsabs 0
  flags 291
  seed 1531
  mineval 1
  maxeval 1
  nstart 1000000
  nincrease 500000
  nbatch 1000
  gridno 1
  statefile "vegas_last_iter142"

Restoring state from vegas_last_iter142.

Iteration 10:  32500000 integrand evaluations so far
[1] 0.0142959 +- 3.43459e-06  	chisq 4.07328 (9 df)

Saving state to vegas_last_iter142.
Vegas input parameters:
  ndim 11
  ncomp 1
  epsrel 0
  epsabs 0
  flags 291
  seed 1673
  mineval 1
  maxeval 1
  nstart 1000000
  nincrease 500000
  nbatch 1000
  gridno 1
  statefile "vegas_last_iter142"

Restoring state from vegas_last_iter142.

Iteration 11:  38500000 integrand evaluations so far
[1] 0.0142973 +- 3.08353e-06  	chisq 4.94277 (10 df)

Saving state to vegas_last_iter142.
Vegas input parameters:
  ndim 11
  ncomp 1
  epsrel 0
  epsabs 0
  flags 291
  seed 1815
  mineval 1
  maxeval 1
  nstart 1000000
  nincrease 500000
  nbatch 1000
  gridno 1
  statefile "vegas_last_iter142"

Restoring state from vegas_last_iter142.

Iteration 12:  45000000 integrand evaluations so far
[1] 0.0142948 +- 2.80245e-06  	chisq 8.8732 (11 df)

Saving state to vegas_last_iter142.
Vegas input parameters:
  ndim 11
  ncomp 1
  epsrel 0
  epsabs 0
  flags 291
  seed 1957
  mineval 1
  maxeval 1
  nstart 1000000
  nincrease 500000
  nbatch 1000
  gridno 1
  statefile "vegas_last_iter142"

Restoring state from vegas_last_iter142.

Iteration 13:  52000000 integrand evaluations so far
[1] 0.0142947 +- 2.57212e-06  	chisq 8.88027 (12 df)

Saving state to vegas_last_iter142.
Vegas input parameters:
  ndim 11
  ncomp 1
  epsrel 0
  epsabs 0
  flags 291
  seed 2099
  mineval 1
  maxeval 1
  nstart 1000000
  nincrease 500000
  nbatch 1000
  gridno 1
  statefile "vegas_last_iter142"

Restoring state from vegas_last_iter142.

Iteration 14:  59500000 integrand evaluations so far
[1] 0.014295 +- 2.37825e-06  	chisq 8.99836 (13 df)

Saving state to vegas_last_iter142.
Vegas input parameters:
  ndim 11
  ncomp 1
  epsrel 0
  epsabs 0
  flags 291
  seed 2241
  mineval 1
  maxeval 1
  nstart 1000000
  nincrease 500000
  nbatch 1000
  gridno 1
  statefile "vegas_last_iter142"

Restoring state from vegas_last_iter142.

Iteration 15:  67500000 integrand evaluations so far
[1] 0.0142949 +- 2.21368e-06  	chisq 9.01157 (14 df)

Saving state to vegas_last_iter142.
Vegas input parameters:
  ndim 11
  ncomp 1
  epsrel 0
  epsabs 0
  flags 291
  seed 2383
  mineval 1
  maxeval 1
  nstart 1000000
  nincrease 500000
  nbatch 1000
  gridno 1
  statefile "vegas_last_iter142"

Restoring state from vegas_last_iter142.

Iteration 16:  76000000 integrand evaluations so far
[1] 0.0142963 +- 2.07076e-06  	chisq 12.3325 (15 df)

Saving state to vegas_last_iter142.
Vegas input parameters:
  ndim 11
  ncomp 1
  epsrel 0
  epsabs 0
  flags 291
  seed 2525
  mineval 1
  maxeval 1
  nstart 1000000
  nincrease 500000
  nbatch 1000
  gridno 1
  statefile "vegas_last_iter142"

Restoring state from vegas_last_iter142.

Iteration 17:  85000000 integrand evaluations so far
[1] 0.0142963 +- 1.9467e-06  	chisq 12.3332 (16 df)

Saving state to vegas_last_iter142.
Vegas input parameters:
  ndim 11
  ncomp 1
  epsrel 0
  epsabs 0
  flags 291
  seed 2667
  mineval 1
  maxeval 1
  nstart 1000000
  nincrease 500000
  nbatch 1000
  gridno 1
  statefile "vegas_last_iter142"

Restoring state from vegas_last_iter142.

Iteration 18:  94500000 integrand evaluations so far
[1] 0.0142954 +- 1.83676e-06  	chisq 14.2117 (17 df)

Saving state to vegas_last_iter142.
Vegas input parameters:
  ndim 11
  ncomp 1
  epsrel 0
  epsabs 0
  flags 291
  seed 2809
  mineval 1
  maxeval 1
  nstart 1000000
  nincrease 500000
  nbatch 1000
  gridno 1
  statefile "vegas_last_iter142"

Restoring state from vegas_last_iter142.

Iteration 19:  104500000 integrand evaluations so far
[1] 0.0142958 +- 1.73887e-06  	chisq 14.7081 (18 df)

Saving state to vegas_last_iter142.
Vegas input parameters:
  ndim 11
  ncomp 1
  epsrel 0
  epsabs 0
  flags 291
  seed 2951
  mineval 1
  maxeval 1
  nstart 1000000
  nincrease 500000
  nbatch 1000
  gridno 1
  statefile "vegas_last_iter142"

Restoring state from vegas_last_iter142.

Iteration 20:  115000000 integrand evaluations so far
[1] 0.0142962 +- 1.65122e-06  	chisq 15.0319 (19 df)

Saving state to vegas_last_iter142.
Vegas input parameters:
  ndim 11
  ncomp 1
  epsrel 0
  epsabs 0
  flags 291
  seed 3093
  mineval 1
  maxeval 1
  nstart 1000000
  nincrease 500000
  nbatch 1000
  gridno 1
  statefile "vegas_last_iter142"

Restoring state from vegas_last_iter142.

Iteration 21:  126000000 integrand evaluations so far
[1] 0.0142951 +- 1.57213e-06  	chisq 19.0599 (20 df)

Saving state to vegas_last_iter142.
Vegas input parameters:
  ndim 11
  ncomp 1
  epsrel 0
  epsabs 0
  flags 291
  seed 3235
  mineval 1
  maxeval 1
  nstart 1000000
  nincrease 500000
  nbatch 1000
  gridno 1
  statefile "vegas_last_iter142"

Restoring state from vegas_last_iter142.

Iteration 22:  137500000 integrand evaluations so far
[1] 0.014296 +- 1.50068e-06  	chisq 22.2046 (21 df)

Saving state to vegas_last_iter142.
Vegas input parameters:
  ndim 11
  ncomp 1
  epsrel 0
  epsabs 0
  flags 291
  seed 3377
  mineval 1
  maxeval 1
  nstart 1000000
  nincrease 500000
  nbatch 1000
  gridno 1
  statefile "vegas_last_iter142"

Restoring state from vegas_last_iter142.

Iteration 23:  149500000 integrand evaluations so far
[1] 0.0142961 +- 1.4355e-06  	chisq 22.2714 (22 df)

Saving state to vegas_last_iter142.
Vegas input parameters:
  ndim 11
  ncomp 1
  epsrel 0
  epsabs 0
  flags 291
  seed 3519
  mineval 1
  maxeval 1
  nstart 1000000
  nincrease 500000
  nbatch 1000
  gridno 1
  statefile "vegas_last_iter142"

Restoring state from vegas_last_iter142.

Iteration 24:  162000000 integrand evaluations so far
[1] 0.0142958 +- 1.37579e-06  	chisq 22.6511 (23 df)

Saving state to vegas_last_iter142.
Vegas input parameters:
  ndim 11
  ncomp 1
  epsrel 0
  epsabs 0
  flags 291
  seed 3661
  mineval 1
  maxeval 1
  nstart 1000000
  nincrease 500000
  nbatch 1000
  gridno 1
  statefile "vegas_last_iter142"

Restoring state from vegas_last_iter142.

Iteration 25:  175000000 integrand evaluations so far
[1] 0.014296 +- 1.32103e-06  	chisq 22.7527 (24 df)

Saving state to vegas_last_iter142.
Vegas input parameters:
  ndim 11
  ncomp 1
  epsrel 0
  epsabs 0
  flags 291
  seed 3803
  mineval 1
  maxeval 1
  nstart 1000000
  nincrease 500000
  nbatch 1000
  gridno 1
  statefile "vegas_last_iter142"

Restoring state from vegas_last_iter142.

Iteration 26:  188500000 integrand evaluations so far
[1] 0.0142955 +- 1.27057e-06  	chisq 24.4407 (25 df)

Saving state to vegas_last_iter142.
Vegas input parameters:
  ndim 11
  ncomp 1
  epsrel 0
  epsabs 0
  flags 291
  seed 3945
  mineval 1
  maxeval 1
  nstart 1000000
  nincrease 500000
  nbatch 1000
  gridno 1
  statefile "vegas_last_iter142"

Restoring state from vegas_last_iter142.

Iteration 27:  202500000 integrand evaluations so far
[1] 0.0142958 +- 1.22379e-06  	chisq 25.2345 (26 df)

Saving state to vegas_last_iter142.
Thanks for using LHAPDF 6.3.0. Please make sure to cite the paper:
  Eur.Phys.J. C75 (2015) 3, 132  (http://arxiv.org/abs/1412.7420)
 method   =Vegas  
 nregions =           1
 neval    =   202500000
 fail     =           1
  0.142957874438E-01 +-   0.122379322351E-05   p =    0.439
