/var/lib/condor/execute/dir_54599
LHAPDF 6.3.0 loading /home/taebh/2021_Research/share/LHAPDF/NNPDF31_nnlo_as_0118_mc_hessian_pdfas/NNPDF31_nnlo_as_0118_mc_hessian_pdfas_0000.dat
NNPDF31_nnlo_as_0118_mc_hessian_pdfas PDF set, member #0, version 1
Vegas input parameters:
  ndim 11
  ncomp 1
  epsrel 0
  epsabs 0
  flags 291
  seed 180
  mineval 1
  maxeval 1
  nstart 1000000
  nincrease 500000
  nbatch 1000
  gridno 1
  statefile "vegas_last_iter69"

Iteration 1:  1000000 integrand evaluations so far
[1] 0.0021988 +- 5.58298e-05  	chisq 0 (0 df)

Saving state to vegas_last_iter69.
Vegas input parameters:
  ndim 11
  ncomp 1
  epsrel 0
  epsabs 0
  flags 291
  seed 249
  mineval 1
  maxeval 1
  nstart 1000000
  nincrease 500000
  nbatch 1000
  gridno 1
  statefile "vegas_last_iter69"

Restoring state from vegas_last_iter69.

Iteration 2:  2500000 integrand evaluations so far
[1] 0.00218117 +- 2.12121e-05  	chisq 0.116596 (1 df)

Saving state to vegas_last_iter69.
Vegas input parameters:
  ndim 11
  ncomp 1
  epsrel 0
  epsabs 0
  flags 291
  seed 318
  mineval 1
  maxeval 1
  nstart 1000000
  nincrease 500000
  nbatch 1000
  gridno 1
  statefile "vegas_last_iter69"

Restoring state from vegas_last_iter69.

Iteration 3:  4500000 integrand evaluations so far
[1] 0.00217149 +- 1.165e-05  	chisq 0.414552 (2 df)

Saving state to vegas_last_iter69.
Vegas input parameters:
  ndim 11
  ncomp 1
  epsrel 0
  epsabs 0
  flags 291
  seed 387
  mineval 1
  maxeval 1
  nstart 1000000
  nincrease 500000
  nbatch 1000
  gridno 1
  statefile "vegas_last_iter69"

Restoring state from vegas_last_iter69.

Iteration 4:  7000000 integrand evaluations so far
[1] 0.00215671 +- 7.58294e-06  	chisq 3.20648 (3 df)

Saving state to vegas_last_iter69.
Vegas input parameters:
  ndim 11
  ncomp 1
  epsrel 0
  epsabs 0
  flags 291
  seed 456
  mineval 1
  maxeval 1
  nstart 1000000
  nincrease 500000
  nbatch 1000
  gridno 1
  statefile "vegas_last_iter69"

Restoring state from vegas_last_iter69.

Iteration 5:  10000000 integrand evaluations so far
[1] 0.00215889 +- 5.36602e-06  	chisq 3.37094 (4 df)

Saving state to vegas_last_iter69.
Vegas input parameters:
  ndim 11
  ncomp 1
  epsrel 0
  epsabs 0
  flags 291
  seed 525
  mineval 1
  maxeval 1
  nstart 1000000
  nincrease 500000
  nbatch 1000
  gridno 1
  statefile "vegas_last_iter69"

Restoring state from vegas_last_iter69.

Iteration 6:  13500000 integrand evaluations so far
[1] 0.00216403 +- 4.17496e-06  	chisq 5.69657 (5 df)

Saving state to vegas_last_iter69.
Vegas input parameters:
  ndim 11
  ncomp 1
  epsrel 0
  epsabs 0
  flags 291
  seed 594
  mineval 1
  maxeval 1
  nstart 1000000
  nincrease 500000
  nbatch 1000
  gridno 1
  statefile "vegas_last_iter69"

Restoring state from vegas_last_iter69.

Iteration 7:  17500000 integrand evaluations so far
[1] 0.00216924 +- 3.43737e-06  	chisq 10.5355 (6 df)

Saving state to vegas_last_iter69.
Vegas input parameters:
  ndim 11
  ncomp 1
  epsrel 0
  epsabs 0
  flags 291
  seed 663
  mineval 1
  maxeval 1
  nstart 1000000
  nincrease 500000
  nbatch 1000
  gridno 1
  statefile "vegas_last_iter69"

Restoring state from vegas_last_iter69.

Iteration 8:  22000000 integrand evaluations so far
[1] 0.00216916 +- 2.93287e-06  	chisq 10.5377 (7 df)

Saving state to vegas_last_iter69.
Vegas input parameters:
  ndim 11
  ncomp 1
  epsrel 0
  epsabs 0
  flags 291
  seed 732
  mineval 1
  maxeval 1
  nstart 1000000
  nincrease 500000
  nbatch 1000
  gridno 1
  statefile "vegas_last_iter69"

Restoring state from vegas_last_iter69.

Iteration 9:  27000000 integrand evaluations so far
[1] 0.00216889 +- 2.57808e-06  	chisq 10.5726 (8 df)

Saving state to vegas_last_iter69.
Vegas input parameters:
  ndim 11
  ncomp 1
  epsrel 0
  epsabs 0
  flags 291
  seed 801
  mineval 1
  maxeval 1
  nstart 1000000
  nincrease 500000
  nbatch 1000
  gridno 1
  statefile "vegas_last_iter69"

Restoring state from vegas_last_iter69.

Iteration 10:  32500000 integrand evaluations so far
[1] 0.00216976 +- 2.30263e-06  	chisq 11.1304 (9 df)

Saving state to vegas_last_iter69.
Vegas input parameters:
  ndim 11
  ncomp 1
  epsrel 0
  epsabs 0
  flags 291
  seed 870
  mineval 1
  maxeval 1
  nstart 1000000
  nincrease 500000
  nbatch 1000
  gridno 1
  statefile "vegas_last_iter69"

Restoring state from vegas_last_iter69.

Iteration 11:  38500000 integrand evaluations so far
[1] 0.00216958 +- 2.07795e-06  	chisq 11.1626 (10 df)

Saving state to vegas_last_iter69.
Vegas input parameters:
  ndim 11
  ncomp 1
  epsrel 0
  epsabs 0
  flags 291
  seed 939
  mineval 1
  maxeval 1
  nstart 1000000
  nincrease 500000
  nbatch 1000
  gridno 1
  statefile "vegas_last_iter69"

Restoring state from vegas_last_iter69.

Iteration 12:  45000000 integrand evaluations so far
[1] 0.00217031 +- 1.89569e-06  	chisq 11.8897 (11 df)

Saving state to vegas_last_iter69.
Vegas input parameters:
  ndim 11
  ncomp 1
  epsrel 0
  epsabs 0
  flags 291
  seed 1008
  mineval 1
  maxeval 1
  nstart 1000000
  nincrease 500000
  nbatch 1000
  gridno 1
  statefile "vegas_last_iter69"

Restoring state from vegas_last_iter69.

Iteration 13:  52000000 integrand evaluations so far
[1] 0.00216934 +- 1.7434e-06  	chisq 13.5822 (12 df)

Saving state to vegas_last_iter69.
Vegas input parameters:
  ndim 11
  ncomp 1
  epsrel 0
  epsabs 0
  flags 291
  seed 1077
  mineval 1
  maxeval 1
  nstart 1000000
  nincrease 500000
  nbatch 1000
  gridno 1
  statefile "vegas_last_iter69"

Restoring state from vegas_last_iter69.

Iteration 14:  59500000 integrand evaluations so far
[1] 0.00216942 +- 1.61685e-06  	chisq 13.5993 (13 df)

Saving state to vegas_last_iter69.
Vegas input parameters:
  ndim 11
  ncomp 1
  epsrel 0
  epsabs 0
  flags 291
  seed 1146
  mineval 1
  maxeval 1
  nstart 1000000
  nincrease 500000
  nbatch 1000
  gridno 1
  statefile "vegas_last_iter69"

Restoring state from vegas_last_iter69.

Iteration 15:  67500000 integrand evaluations so far
[1] 0.00216916 +- 1.50706e-06  	chisq 13.8079 (14 df)

Saving state to vegas_last_iter69.
Vegas input parameters:
  ndim 11
  ncomp 1
  epsrel 0
  epsabs 0
  flags 291
  seed 1215
  mineval 1
  maxeval 1
  nstart 1000000
  nincrease 500000
  nbatch 1000
  gridno 1
  statefile "vegas_last_iter69"

Restoring state from vegas_last_iter69.

Iteration 16:  76000000 integrand evaluations so far
[1] 0.00216837 +- 1.41357e-06  	chisq 16.0828 (15 df)

Saving state to vegas_last_iter69.
Vegas input parameters:
  ndim 11
  ncomp 1
  epsrel 0
  epsabs 0
  flags 291
  seed 1284
  mineval 1
  maxeval 1
  nstart 1000000
  nincrease 500000
  nbatch 1000
  gridno 1
  statefile "vegas_last_iter69"

Restoring state from vegas_last_iter69.

Iteration 17:  85000000 integrand evaluations so far
[1] 0.00216817 +- 1.33041e-06  	chisq 16.2554 (16 df)

Saving state to vegas_last_iter69.
Vegas input parameters:
  ndim 11
  ncomp 1
  epsrel 0
  epsabs 0
  flags 291
  seed 1353
  mineval 1
  maxeval 1
  nstart 1000000
  nincrease 500000
  nbatch 1000
  gridno 1
  statefile "vegas_last_iter69"

Restoring state from vegas_last_iter69.

Iteration 18:  94500000 integrand evaluations so far
[1] 0.00216865 +- 1.25582e-06  	chisq 17.4286 (17 df)

Saving state to vegas_last_iter69.
Vegas input parameters:
  ndim 11
  ncomp 1
  epsrel 0
  epsabs 0
  flags 291
  seed 1422
  mineval 1
  maxeval 1
  nstart 1000000
  nincrease 500000
  nbatch 1000
  gridno 1
  statefile "vegas_last_iter69"

Restoring state from vegas_last_iter69.

Iteration 19:  104500000 integrand evaluations so far
[1] 0.00216886 +- 1.18977e-06  	chisq 17.7239 (18 df)

Saving state to vegas_last_iter69.
Vegas input parameters:
  ndim 11
  ncomp 1
  epsrel 0
  epsabs 0
  flags 291
  seed 1491
  mineval 1
  maxeval 1
  nstart 1000000
  nincrease 500000
  nbatch 1000
  gridno 1
  statefile "vegas_last_iter69"

Restoring state from vegas_last_iter69.

Iteration 20:  115000000 integrand evaluations so far
[1] 0.00216902 +- 1.13118e-06  	chisq 17.9117 (19 df)

Saving state to vegas_last_iter69.
Vegas input parameters:
  ndim 11
  ncomp 1
  epsrel 0
  epsabs 0
  flags 291
  seed 1560
  mineval 1
  maxeval 1
  nstart 1000000
  nincrease 500000
  nbatch 1000
  gridno 1
  statefile "vegas_last_iter69"

Restoring state from vegas_last_iter69.

Iteration 21:  126000000 integrand evaluations so far
[1] 0.00216847 +- 1.07756e-06  	chisq 20.4821 (20 df)

Saving state to vegas_last_iter69.
Vegas input parameters:
  ndim 11
  ncomp 1
  epsrel 0
  epsabs 0
  flags 291
  seed 1629
  mineval 1
  maxeval 1
  nstart 1000000
  nincrease 500000
  nbatch 1000
  gridno 1
  statefile "vegas_last_iter69"

Restoring state from vegas_last_iter69.

Iteration 22:  137500000 integrand evaluations so far
[1] 0.00216849 +- 1.02896e-06  	chisq 20.4862 (21 df)

Saving state to vegas_last_iter69.
Vegas input parameters:
  ndim 11
  ncomp 1
  epsrel 0
  epsabs 0
  flags 291
  seed 1698
  mineval 1
  maxeval 1
  nstart 1000000
  nincrease 500000
  nbatch 1000
  gridno 1
  statefile "vegas_last_iter69"

Restoring state from vegas_last_iter69.

Iteration 23:  149500000 integrand evaluations so far
[1] 0.00216818 +- 9.84879e-07  	chisq 21.568 (22 df)

Saving state to vegas_last_iter69.
Vegas input parameters:
  ndim 11
  ncomp 1
  epsrel 0
  epsabs 0
  flags 291
  seed 1767
  mineval 1
  maxeval 1
  nstart 1000000
  nincrease 500000
  nbatch 1000
  gridno 1
  statefile "vegas_last_iter69"

Restoring state from vegas_last_iter69.

Iteration 24:  162000000 integrand evaluations so far
[1] 0.0021682 +- 9.44248e-07  	chisq 21.5707 (23 df)

Saving state to vegas_last_iter69.
Vegas input parameters:
  ndim 11
  ncomp 1
  epsrel 0
  epsabs 0
  flags 291
  seed 1836
  mineval 1
  maxeval 1
  nstart 1000000
  nincrease 500000
  nbatch 1000
  gridno 1
  statefile "vegas_last_iter69"

Restoring state from vegas_last_iter69.

Iteration 25:  175000000 integrand evaluations so far
[1] 0.00216858 +- 9.06766e-07  	chisq 23.6388 (24 df)

Saving state to vegas_last_iter69.
Vegas input parameters:
  ndim 11
  ncomp 1
  epsrel 0
  epsabs 0
  flags 291
  seed 1905
  mineval 1
  maxeval 1
  nstart 1000000
  nincrease 500000
  nbatch 1000
  gridno 1
  statefile "vegas_last_iter69"

Restoring state from vegas_last_iter69.

Iteration 26:  188500000 integrand evaluations so far
[1] 0.00216893 +- 8.72254e-07  	chisq 25.6529 (25 df)

Saving state to vegas_last_iter69.
Vegas input parameters:
  ndim 11
  ncomp 1
  epsrel 0
  epsabs 0
  flags 291
  seed 1974
  mineval 1
  maxeval 1
  nstart 1000000
  nincrease 500000
  nbatch 1000
  gridno 1
  statefile "vegas_last_iter69"

Restoring state from vegas_last_iter69.

Iteration 27:  202500000 integrand evaluations so far
[1] 0.00216883 +- 8.40274e-07  	chisq 25.8273 (26 df)

Saving state to vegas_last_iter69.
Thanks for using LHAPDF 6.3.0. Please make sure to cite the paper:
  Eur.Phys.J. C75 (2015) 3, 132  (http://arxiv.org/abs/1412.7420)
 method   =Vegas  
 nregions =           1
 neval    =   202500000
 fail     =           1
  0.216883087759E-02 +-   0.840273593393E-06   p =    0.472
