/var/lib/condor/execute/dir_16430
LHAPDF 6.3.0 loading /home/taebh/2021_Research/share/LHAPDF/NNPDF31_nnlo_as_0118_mc_hessian_pdfas/NNPDF31_nnlo_as_0118_mc_hessian_pdfas_0000.dat
NNPDF31_nnlo_as_0118_mc_hessian_pdfas PDF set, member #0, version 1
Vegas input parameters:
  ndim 11
  ncomp 1
  epsrel 0
  epsabs 0
  flags 291
  seed 139
  mineval 1
  maxeval 1
  nstart 1000000
  nincrease 500000
  nbatch 1000
  gridno 1
  statefile "vegas_last_iter28"

Iteration 1:  1000000 integrand evaluations so far
[1] 8.06734e-05 +- 7.34342e-06  	chisq 0 (0 df)

Saving state to vegas_last_iter28.
Vegas input parameters:
  ndim 11
  ncomp 1
  epsrel 0
  epsabs 0
  flags 291
  seed 167
  mineval 1
  maxeval 1
  nstart 1000000
  nincrease 500000
  nbatch 1000
  gridno 1
  statefile "vegas_last_iter28"

Restoring state from vegas_last_iter28.

Iteration 2:  2500000 integrand evaluations so far
[1] 7.27758e-05 +- 3.67167e-06  	chisq 1.54215 (1 df)

Saving state to vegas_last_iter28.
Vegas input parameters:
  ndim 11
  ncomp 1
  epsrel 0
  epsabs 0
  flags 291
  seed 195
  mineval 1
  maxeval 1
  nstart 1000000
  nincrease 500000
  nbatch 1000
  gridno 1
  statefile "vegas_last_iter28"

Restoring state from vegas_last_iter28.

Iteration 3:  4500000 integrand evaluations so far
[1] 7.5069e-05 +- 1.56641e-06  	chisq 2.01899 (2 df)

Saving state to vegas_last_iter28.
Vegas input parameters:
  ndim 11
  ncomp 1
  epsrel 0
  epsabs 0
  flags 291
  seed 223
  mineval 1
  maxeval 1
  nstart 1000000
  nincrease 500000
  nbatch 1000
  gridno 1
  statefile "vegas_last_iter28"

Restoring state from vegas_last_iter28.

Iteration 4:  7000000 integrand evaluations so far
[1] 7.64034e-05 +- 7.27358e-07  	chisq 2.94425 (3 df)

Saving state to vegas_last_iter28.
Vegas input parameters:
  ndim 11
  ncomp 1
  epsrel 0
  epsabs 0
  flags 291
  seed 251
  mineval 1
  maxeval 1
  nstart 1000000
  nincrease 500000
  nbatch 1000
  gridno 1
  statefile "vegas_last_iter28"

Restoring state from vegas_last_iter28.

Iteration 5:  10000000 integrand evaluations so far
[1] 7.63497e-05 +- 4.57168e-07  	chisq 2.95326 (4 df)

Saving state to vegas_last_iter28.
Vegas input parameters:
  ndim 11
  ncomp 1
  epsrel 0
  epsabs 0
  flags 291
  seed 279
  mineval 1
  maxeval 1
  nstart 1000000
  nincrease 500000
  nbatch 1000
  gridno 1
  statefile "vegas_last_iter28"

Restoring state from vegas_last_iter28.

Iteration 6:  13500000 integrand evaluations so far
[1] 7.65292e-05 +- 3.32122e-07  	chisq 3.27957 (5 df)

Saving state to vegas_last_iter28.
Vegas input parameters:
  ndim 11
  ncomp 1
  epsrel 0
  epsabs 0
  flags 291
  seed 307
  mineval 1
  maxeval 1
  nstart 1000000
  nincrease 500000
  nbatch 1000
  gridno 1
  statefile "vegas_last_iter28"

Restoring state from vegas_last_iter28.

Iteration 7:  17500000 integrand evaluations so far
[1] 7.67631e-05 +- 2.64225e-07  	chisq 4.63129 (6 df)

Saving state to vegas_last_iter28.
Vegas input parameters:
  ndim 11
  ncomp 1
  epsrel 0
  epsabs 0
  flags 291
  seed 335
  mineval 1
  maxeval 1
  nstart 1000000
  nincrease 500000
  nbatch 1000
  gridno 1
  statefile "vegas_last_iter28"

Restoring state from vegas_last_iter28.

Iteration 8:  22000000 integrand evaluations so far
[1] 7.68058e-05 +- 2.21564e-07  	chisq 4.7193 (7 df)

Saving state to vegas_last_iter28.
Vegas input parameters:
  ndim 11
  ncomp 1
  epsrel 0
  epsabs 0
  flags 291
  seed 363
  mineval 1
  maxeval 1
  nstart 1000000
  nincrease 500000
  nbatch 1000
  gridno 1
  statefile "vegas_last_iter28"

Restoring state from vegas_last_iter28.

Iteration 9:  27000000 integrand evaluations so far
[1] 7.67563e-05 +- 1.91642e-07  	chisq 4.91779 (8 df)

Saving state to vegas_last_iter28.
Vegas input parameters:
  ndim 11
  ncomp 1
  epsrel 0
  epsabs 0
  flags 291
  seed 391
  mineval 1
  maxeval 1
  nstart 1000000
  nincrease 500000
  nbatch 1000
  gridno 1
  statefile "vegas_last_iter28"

Restoring state from vegas_last_iter28.

Iteration 10:  32500000 integrand evaluations so far
[1] 7.67916e-05 +- 1.69332e-07  	chisq 5.07205 (9 df)

Saving state to vegas_last_iter28.
Vegas input parameters:
  ndim 11
  ncomp 1
  epsrel 0
  epsabs 0
  flags 291
  seed 419
  mineval 1
  maxeval 1
  nstart 1000000
  nincrease 500000
  nbatch 1000
  gridno 1
  statefile "vegas_last_iter28"

Restoring state from vegas_last_iter28.

Iteration 11:  38500000 integrand evaluations so far
[1] 7.68455e-05 +- 1.52181e-07  	chisq 5.60079 (10 df)

Saving state to vegas_last_iter28.
Vegas input parameters:
  ndim 11
  ncomp 1
  epsrel 0
  epsabs 0
  flags 291
  seed 447
  mineval 1
  maxeval 1
  nstart 1000000
  nincrease 500000
  nbatch 1000
  gridno 1
  statefile "vegas_last_iter28"

Restoring state from vegas_last_iter28.

Iteration 12:  45000000 integrand evaluations so far
[1] 7.68133e-05 +- 1.38343e-07  	chisq 5.86003 (11 df)

Saving state to vegas_last_iter28.
Vegas input parameters:
  ndim 11
  ncomp 1
  epsrel 0
  epsabs 0
  flags 291
  seed 475
  mineval 1
  maxeval 1
  nstart 1000000
  nincrease 500000
  nbatch 1000
  gridno 1
  statefile "vegas_last_iter28"

Restoring state from vegas_last_iter28.

Iteration 13:  52000000 integrand evaluations so far
[1] 7.68261e-05 +- 1.26963e-07  	chisq 5.91429 (12 df)

Saving state to vegas_last_iter28.
Vegas input parameters:
  ndim 11
  ncomp 1
  epsrel 0
  epsabs 0
  flags 291
  seed 503
  mineval 1
  maxeval 1
  nstart 1000000
  nincrease 500000
  nbatch 1000
  gridno 1
  statefile "vegas_last_iter28"

Restoring state from vegas_last_iter28.

Iteration 14:  59500000 integrand evaluations so far
[1] 7.67456e-05 +- 1.17395e-07  	chisq 8.68051 (13 df)

Saving state to vegas_last_iter28.
Vegas input parameters:
  ndim 11
  ncomp 1
  epsrel 0
  epsabs 0
  flags 291
  seed 531
  mineval 1
  maxeval 1
  nstart 1000000
  nincrease 500000
  nbatch 1000
  gridno 1
  statefile "vegas_last_iter28"

Restoring state from vegas_last_iter28.

Iteration 15:  67500000 integrand evaluations so far
[1] 7.67443e-05 +- 1.09351e-07  	chisq 8.68145 (14 df)

Saving state to vegas_last_iter28.
Vegas input parameters:
  ndim 11
  ncomp 1
  epsrel 0
  epsabs 0
  flags 291
  seed 559
  mineval 1
  maxeval 1
  nstart 1000000
  nincrease 500000
  nbatch 1000
  gridno 1
  statefile "vegas_last_iter28"

Restoring state from vegas_last_iter28.

Iteration 16:  76000000 integrand evaluations so far
[1] 7.67592e-05 +- 1.02338e-07  	chisq 8.83097 (15 df)

Saving state to vegas_last_iter28.
Vegas input parameters:
  ndim 11
  ncomp 1
  epsrel 0
  epsabs 0
  flags 291
  seed 587
  mineval 1
  maxeval 1
  nstart 1000000
  nincrease 500000
  nbatch 1000
  gridno 1
  statefile "vegas_last_iter28"

Restoring state from vegas_last_iter28.

Iteration 17:  85000000 integrand evaluations so far
[1] 7.67202e-05 +- 9.62039e-08  	chisq 10.0823 (16 df)

Saving state to vegas_last_iter28.
Vegas input parameters:
  ndim 11
  ncomp 1
  epsrel 0
  epsabs 0
  flags 291
  seed 615
  mineval 1
  maxeval 1
  nstart 1000000
  nincrease 500000
  nbatch 1000
  gridno 1
  statefile "vegas_last_iter28"

Restoring state from vegas_last_iter28.

Iteration 18:  94500000 integrand evaluations so far
[1] 7.67634e-05 +- 9.07835e-08  	chisq 11.9244 (17 df)

Saving state to vegas_last_iter28.
Vegas input parameters:
  ndim 11
  ncomp 1
  epsrel 0
  epsabs 0
  flags 291
  seed 643
  mineval 1
  maxeval 1
  nstart 1000000
  nincrease 500000
  nbatch 1000
  gridno 1
  statefile "vegas_last_iter28"

Restoring state from vegas_last_iter28.

Iteration 19:  104500000 integrand evaluations so far
[1] 7.67825e-05 +- 8.59384e-08  	chisq 12.352 (18 df)

Saving state to vegas_last_iter28.
Vegas input parameters:
  ndim 11
  ncomp 1
  epsrel 0
  epsabs 0
  flags 291
  seed 671
  mineval 1
  maxeval 1
  nstart 1000000
  nincrease 500000
  nbatch 1000
  gridno 1
  statefile "vegas_last_iter28"

Restoring state from vegas_last_iter28.

Iteration 20:  115000000 integrand evaluations so far
[1] 7.67745e-05 +- 8.16076e-08  	chisq 12.4402 (19 df)

Saving state to vegas_last_iter28.
Vegas input parameters:
  ndim 11
  ncomp 1
  epsrel 0
  epsabs 0
  flags 291
  seed 699
  mineval 1
  maxeval 1
  nstart 1000000
  nincrease 500000
  nbatch 1000
  gridno 1
  statefile "vegas_last_iter28"

Restoring state from vegas_last_iter28.

Iteration 21:  126000000 integrand evaluations so far
[1] 7.67812e-05 +- 7.7717e-08  	chisq 12.5118 (20 df)

Saving state to vegas_last_iter28.
Vegas input parameters:
  ndim 11
  ncomp 1
  epsrel 0
  epsabs 0
  flags 291
  seed 727
  mineval 1
  maxeval 1
  nstart 1000000
  nincrease 500000
  nbatch 1000
  gridno 1
  statefile "vegas_last_iter28"

Restoring state from vegas_last_iter28.

Iteration 22:  137500000 integrand evaluations so far
[1] 7.67962e-05 +- 7.42177e-08  	chisq 12.9363 (21 df)

Saving state to vegas_last_iter28.
Vegas input parameters:
  ndim 11
  ncomp 1
  epsrel 0
  epsabs 0
  flags 291
  seed 755
  mineval 1
  maxeval 1
  nstart 1000000
  nincrease 500000
  nbatch 1000
  gridno 1
  statefile "vegas_last_iter28"

Restoring state from vegas_last_iter28.

Iteration 23:  149500000 integrand evaluations so far
[1] 7.67996e-05 +- 7.1059e-08  	chisq 12.9613 (22 df)

Saving state to vegas_last_iter28.
Vegas input parameters:
  ndim 11
  ncomp 1
  epsrel 0
  epsabs 0
  flags 291
  seed 783
  mineval 1
  maxeval 1
  nstart 1000000
  nincrease 500000
  nbatch 1000
  gridno 1
  statefile "vegas_last_iter28"

Restoring state from vegas_last_iter28.

Iteration 24:  162000000 integrand evaluations so far
[1] 7.68303e-05 +- 6.81338e-08  	chisq 15.2662 (23 df)

Saving state to vegas_last_iter28.
Vegas input parameters:
  ndim 11
  ncomp 1
  epsrel 0
  epsabs 0
  flags 291
  seed 811
  mineval 1
  maxeval 1
  nstart 1000000
  nincrease 500000
  nbatch 1000
  gridno 1
  statefile "vegas_last_iter28"

Restoring state from vegas_last_iter28.

Iteration 25:  175000000 integrand evaluations so far
[1] 7.68565e-05 +- 6.54252e-08  	chisq 17.1741 (24 df)

Saving state to vegas_last_iter28.
Vegas input parameters:
  ndim 11
  ncomp 1
  epsrel 0
  epsabs 0
  flags 291
  seed 839
  mineval 1
  maxeval 1
  nstart 1000000
  nincrease 500000
  nbatch 1000
  gridno 1
  statefile "vegas_last_iter28"

Restoring state from vegas_last_iter28.

Iteration 26:  188500000 integrand evaluations so far
[1] 7.68287e-05 +- 6.29238e-08  	chisq 19.5803 (25 df)

Saving state to vegas_last_iter28.
Vegas input parameters:
  ndim 11
  ncomp 1
  epsrel 0
  epsabs 0
  flags 291
  seed 867
  mineval 1
  maxeval 1
  nstart 1000000
  nincrease 500000
  nbatch 1000
  gridno 1
  statefile "vegas_last_iter28"

Restoring state from vegas_last_iter28.

Iteration 27:  202500000 integrand evaluations so far
[1] 7.68218e-05 +- 6.06099e-08  	chisq 19.7475 (26 df)

Saving state to vegas_last_iter28.
Thanks for using LHAPDF 6.3.0. Please make sure to cite the paper:
  Eur.Phys.J. C75 (2015) 3, 132  (http://arxiv.org/abs/1412.7420)
 method   =Vegas  
 nregions =           1
 neval    =   202500000
 fail     =           1
  0.768218160224E-04 +-   0.606099414849E-07   p =    0.159
