/var/lib/condor/execute/dir_15312
LHAPDF 6.3.0 loading /home/taebh/2021_Research/share/LHAPDF/NNPDF31_nnlo_as_0118_mc_hessian_pdfas/NNPDF31_nnlo_as_0118_mc_hessian_pdfas_0000.dat
NNPDF31_nnlo_as_0118_mc_hessian_pdfas PDF set, member #0, version 1
Vegas input parameters:
  ndim 11
  ncomp 1
  epsrel 0
  epsabs 0
  flags 291
  seed 124
  mineval 1
  maxeval 1
  nstart 1000000
  nincrease 500000
  nbatch 1000
  gridno 1
  statefile "vegas_last_iter13"

Iteration 1:  1000000 integrand evaluations so far
[1] 0.000202753 +- 1.78407e-05  	chisq 0 (0 df)

Saving state to vegas_last_iter13.
Vegas input parameters:
  ndim 11
  ncomp 1
  epsrel 0
  epsabs 0
  flags 291
  seed 137
  mineval 1
  maxeval 1
  nstart 1000000
  nincrease 500000
  nbatch 1000
  gridno 1
  statefile "vegas_last_iter13"

Restoring state from vegas_last_iter13.

Iteration 2:  2500000 integrand evaluations so far
[1] 0.000174022 +- 9.9789e-06  	chisq 3.77411 (1 df)

Saving state to vegas_last_iter13.
Vegas input parameters:
  ndim 11
  ncomp 1
  epsrel 0
  epsabs 0
  flags 291
  seed 150
  mineval 1
  maxeval 1
  nstart 1000000
  nincrease 500000
  nbatch 1000
  gridno 1
  statefile "vegas_last_iter13"

Restoring state from vegas_last_iter13.

Iteration 3:  4500000 integrand evaluations so far
[1] 0.00017935 +- 7.62683e-06  	chisq 4.4595 (2 df)

Saving state to vegas_last_iter13.
Vegas input parameters:
  ndim 11
  ncomp 1
  epsrel 0
  epsabs 0
  flags 291
  seed 163
  mineval 1
  maxeval 1
  nstart 1000000
  nincrease 500000
  nbatch 1000
  gridno 1
  statefile "vegas_last_iter13"

Restoring state from vegas_last_iter13.

Iteration 4:  7000000 integrand evaluations so far
[1] 0.0001684 +- 5.13005e-06  	chisq 8.22378 (3 df)

Saving state to vegas_last_iter13.
Vegas input parameters:
  ndim 11
  ncomp 1
  epsrel 0
  epsabs 0
  flags 291
  seed 176
  mineval 1
  maxeval 1
  nstart 1000000
  nincrease 500000
  nbatch 1000
  gridno 1
  statefile "vegas_last_iter13"

Restoring state from vegas_last_iter13.

Iteration 5:  10000000 integrand evaluations so far
[1] 0.00016981 +- 3.18632e-06  	chisq 8.34688 (4 df)

Saving state to vegas_last_iter13.
Vegas input parameters:
  ndim 11
  ncomp 1
  epsrel 0
  epsabs 0
  flags 291
  seed 189
  mineval 1
  maxeval 1
  nstart 1000000
  nincrease 500000
  nbatch 1000
  gridno 1
  statefile "vegas_last_iter13"

Restoring state from vegas_last_iter13.

Iteration 6:  13500000 integrand evaluations so far
[1] 0.000171075 +- 2.29289e-06  	chisq 8.67335 (5 df)

Saving state to vegas_last_iter13.
Vegas input parameters:
  ndim 11
  ncomp 1
  epsrel 0
  epsabs 0
  flags 291
  seed 202
  mineval 1
  maxeval 1
  nstart 1000000
  nincrease 500000
  nbatch 1000
  gridno 1
  statefile "vegas_last_iter13"

Restoring state from vegas_last_iter13.

Iteration 7:  17500000 integrand evaluations so far
[1] 0.000171842 +- 1.80233e-06  	chisq 8.96673 (6 df)

Saving state to vegas_last_iter13.
Vegas input parameters:
  ndim 11
  ncomp 1
  epsrel 0
  epsabs 0
  flags 291
  seed 215
  mineval 1
  maxeval 1
  nstart 1000000
  nincrease 500000
  nbatch 1000
  gridno 1
  statefile "vegas_last_iter13"

Restoring state from vegas_last_iter13.

Iteration 8:  22000000 integrand evaluations so far
[1] 0.000172773 +- 1.49368e-06  	chisq 9.81738 (7 df)

Saving state to vegas_last_iter13.
Vegas input parameters:
  ndim 11
  ncomp 1
  epsrel 0
  epsabs 0
  flags 291
  seed 228
  mineval 1
  maxeval 1
  nstart 1000000
  nincrease 500000
  nbatch 1000
  gridno 1
  statefile "vegas_last_iter13"

Restoring state from vegas_last_iter13.

Iteration 9:  27000000 integrand evaluations so far
[1] 0.000170583 +- 1.28704e-06  	chisq 18.164 (8 df)

Saving state to vegas_last_iter13.
Vegas input parameters:
  ndim 11
  ncomp 1
  epsrel 0
  epsabs 0
  flags 291
  seed 241
  mineval 1
  maxeval 1
  nstart 1000000
  nincrease 500000
  nbatch 1000
  gridno 1
  statefile "vegas_last_iter13"

Restoring state from vegas_last_iter13.

Iteration 10:  32500000 integrand evaluations so far
[1] 0.000170076 +- 1.13343e-06  	chisq 18.8543 (9 df)

Saving state to vegas_last_iter13.
Vegas input parameters:
  ndim 11
  ncomp 1
  epsrel 0
  epsabs 0
  flags 291
  seed 254
  mineval 1
  maxeval 1
  nstart 1000000
  nincrease 500000
  nbatch 1000
  gridno 1
  statefile "vegas_last_iter13"

Restoring state from vegas_last_iter13.

Iteration 11:  38500000 integrand evaluations so far
[1] 0.000169727 +- 1.01632e-06  	chisq 19.3395 (10 df)

Saving state to vegas_last_iter13.
Vegas input parameters:
  ndim 11
  ncomp 1
  epsrel 0
  epsabs 0
  flags 291
  seed 267
  mineval 1
  maxeval 1
  nstart 1000000
  nincrease 500000
  nbatch 1000
  gridno 1
  statefile "vegas_last_iter13"

Restoring state from vegas_last_iter13.

Iteration 12:  45000000 integrand evaluations so far
[1] 0.000169907 +- 9.2181e-07  	chisq 19.5167 (11 df)

Saving state to vegas_last_iter13.
Vegas input parameters:
  ndim 11
  ncomp 1
  epsrel 0
  epsabs 0
  flags 291
  seed 280
  mineval 1
  maxeval 1
  nstart 1000000
  nincrease 500000
  nbatch 1000
  gridno 1
  statefile "vegas_last_iter13"

Restoring state from vegas_last_iter13.

Iteration 13:  52000000 integrand evaluations so far
[1] 0.00016933 +- 8.44384e-07  	chisq 21.9457 (12 df)

Saving state to vegas_last_iter13.
Vegas input parameters:
  ndim 11
  ncomp 1
  epsrel 0
  epsabs 0
  flags 291
  seed 293
  mineval 1
  maxeval 1
  nstart 1000000
  nincrease 500000
  nbatch 1000
  gridno 1
  statefile "vegas_last_iter13"

Restoring state from vegas_last_iter13.

Iteration 14:  59500000 integrand evaluations so far
[1] 0.0001694 +- 7.80144e-07  	chisq 21.9927 (13 df)

Saving state to vegas_last_iter13.
Vegas input parameters:
  ndim 11
  ncomp 1
  epsrel 0
  epsabs 0
  flags 291
  seed 306
  mineval 1
  maxeval 1
  nstart 1000000
  nincrease 500000
  nbatch 1000
  gridno 1
  statefile "vegas_last_iter13"

Restoring state from vegas_last_iter13.

Iteration 15:  67500000 integrand evaluations so far
[1] 0.000169071 +- 7.25238e-07  	chisq 23.3086 (14 df)

Saving state to vegas_last_iter13.
Vegas input parameters:
  ndim 11
  ncomp 1
  epsrel 0
  epsabs 0
  flags 291
  seed 319
  mineval 1
  maxeval 1
  nstart 1000000
  nincrease 500000
  nbatch 1000
  gridno 1
  statefile "vegas_last_iter13"

Restoring state from vegas_last_iter13.

Iteration 16:  76000000 integrand evaluations so far
[1] 0.000169224 +- 6.77851e-07  	chisq 23.6644 (15 df)

Saving state to vegas_last_iter13.
Vegas input parameters:
  ndim 11
  ncomp 1
  epsrel 0
  epsabs 0
  flags 291
  seed 332
  mineval 1
  maxeval 1
  nstart 1000000
  nincrease 500000
  nbatch 1000
  gridno 1
  statefile "vegas_last_iter13"

Restoring state from vegas_last_iter13.

Iteration 17:  85000000 integrand evaluations so far
[1] 0.000169489 +- 6.366e-07  	chisq 24.9542 (16 df)

Saving state to vegas_last_iter13.
Vegas input parameters:
  ndim 11
  ncomp 1
  epsrel 0
  epsabs 0
  flags 291
  seed 345
  mineval 1
  maxeval 1
  nstart 1000000
  nincrease 500000
  nbatch 1000
  gridno 1
  statefile "vegas_last_iter13"

Restoring state from vegas_last_iter13.

Iteration 18:  94500000 integrand evaluations so far
[1] 0.000169535 +- 6.00818e-07  	chisq 25.0029 (17 df)

Saving state to vegas_last_iter13.
Vegas input parameters:
  ndim 11
  ncomp 1
  epsrel 0
  epsabs 0
  flags 291
  seed 358
  mineval 1
  maxeval 1
  nstart 1000000
  nincrease 500000
  nbatch 1000
  gridno 1
  statefile "vegas_last_iter13"

Restoring state from vegas_last_iter13.

Iteration 19:  104500000 integrand evaluations so far
[1] 0.000169588 +- 5.68648e-07  	chisq 25.0763 (18 df)

Saving state to vegas_last_iter13.
Vegas input parameters:
  ndim 11
  ncomp 1
  epsrel 0
  epsabs 0
  flags 291
  seed 371
  mineval 1
  maxeval 1
  nstart 1000000
  nincrease 500000
  nbatch 1000
  gridno 1
  statefile "vegas_last_iter13"

Restoring state from vegas_last_iter13.

Iteration 20:  115000000 integrand evaluations so far
[1] 0.000169744 +- 5.39778e-07  	chisq 25.8359 (19 df)

Saving state to vegas_last_iter13.
Vegas input parameters:
  ndim 11
  ncomp 1
  epsrel 0
  epsabs 0
  flags 291
  seed 384
  mineval 1
  maxeval 1
  nstart 1000000
  nincrease 500000
  nbatch 1000
  gridno 1
  statefile "vegas_last_iter13"

Restoring state from vegas_last_iter13.

Iteration 21:  126000000 integrand evaluations so far
[1] 0.000169499 +- 5.13907e-07  	chisq 28.0383 (20 df)

Saving state to vegas_last_iter13.
Vegas input parameters:
  ndim 11
  ncomp 1
  epsrel 0
  epsabs 0
  flags 291
  seed 397
  mineval 1
  maxeval 1
  nstart 1000000
  nincrease 500000
  nbatch 1000
  gridno 1
  statefile "vegas_last_iter13"

Restoring state from vegas_last_iter13.

Iteration 22:  137500000 integrand evaluations so far
[1] 0.000169575 +- 4.90717e-07  	chisq 28.291 (21 df)

Saving state to vegas_last_iter13.
Vegas input parameters:
  ndim 11
  ncomp 1
  epsrel 0
  epsabs 0
  flags 291
  seed 410
  mineval 1
  maxeval 1
  nstart 1000000
  nincrease 500000
  nbatch 1000
  gridno 1
  statefile "vegas_last_iter13"

Restoring state from vegas_last_iter13.

Iteration 23:  149500000 integrand evaluations so far
[1] 0.000169543 +- 4.69365e-07  	chisq 28.3421 (22 df)

Saving state to vegas_last_iter13.
Vegas input parameters:
  ndim 11
  ncomp 1
  epsrel 0
  epsabs 0
  flags 291
  seed 423
  mineval 1
  maxeval 1
  nstart 1000000
  nincrease 500000
  nbatch 1000
  gridno 1
  statefile "vegas_last_iter13"

Restoring state from vegas_last_iter13.

Iteration 24:  162000000 integrand evaluations so far
[1] 0.000169586 +- 4.49817e-07  	chisq 28.4422 (23 df)

Saving state to vegas_last_iter13.
Vegas input parameters:
  ndim 11
  ncomp 1
  epsrel 0
  epsabs 0
  flags 291
  seed 436
  mineval 1
  maxeval 1
  nstart 1000000
  nincrease 500000
  nbatch 1000
  gridno 1
  statefile "vegas_last_iter13"

Restoring state from vegas_last_iter13.

Iteration 25:  175000000 integrand evaluations so far
[1] 0.000169217 +- 4.31854e-07  	chisq 36.9986 (24 df)

Saving state to vegas_last_iter13.
Vegas input parameters:
  ndim 11
  ncomp 1
  epsrel 0
  epsabs 0
  flags 291
  seed 449
  mineval 1
  maxeval 1
  nstart 1000000
  nincrease 500000
  nbatch 1000
  gridno 1
  statefile "vegas_last_iter13"

Restoring state from vegas_last_iter13.

Iteration 26:  188500000 integrand evaluations so far
[1] 0.000169315 +- 4.15324e-07  	chisq 37.6721 (25 df)

Saving state to vegas_last_iter13.
Vegas input parameters:
  ndim 11
  ncomp 1
  epsrel 0
  epsabs 0
  flags 291
  seed 462
  mineval 1
  maxeval 1
  nstart 1000000
  nincrease 500000
  nbatch 1000
  gridno 1
  statefile "vegas_last_iter13"

Restoring state from vegas_last_iter13.

Iteration 27:  202500000 integrand evaluations so far
[1] 0.000169358 +- 4.0001e-07  	chisq 37.824 (26 df)

Saving state to vegas_last_iter13.
Thanks for using LHAPDF 6.3.0. Please make sure to cite the paper:
  Eur.Phys.J. C75 (2015) 3, 132  (http://arxiv.org/abs/1412.7420)
 method   =Vegas  
 nregions =           1
 neval    =   202500000
 fail     =           1
  0.169358095498E-03 +-   0.400010064214E-06   p =    0.919
