/var/lib/condor/execute/dir_3116
LHAPDF 6.3.0 loading /home/taebh/2021_Research/share/LHAPDF/NNPDF31_nnlo_as_0118_mc_hessian_pdfas/NNPDF31_nnlo_as_0118_mc_hessian_pdfas_0000.dat
NNPDF31_nnlo_as_0118_mc_hessian_pdfas PDF set, member #0, version 1
Vegas input parameters:
  ndim 11
  ncomp 1
  epsrel 0
  epsabs 0
  flags 291
  seed 257
  mineval 1
  maxeval 1
  nstart 1000000
  nincrease 500000
  nbatch 1000
  gridno 1
  statefile "vegas_last_iter146"

Iteration 1:  1000000 integrand evaluations so far
[1] -0.000549469 +- 8.31744e-05  	chisq 0 (0 df)

Saving state to vegas_last_iter146.
Vegas input parameters:
  ndim 11
  ncomp 1
  epsrel 0
  epsabs 0
  flags 291
  seed 403
  mineval 1
  maxeval 1
  nstart 1000000
  nincrease 500000
  nbatch 1000
  gridno 1
  statefile "vegas_last_iter146"

Restoring state from vegas_last_iter146.

Iteration 2:  2500000 integrand evaluations so far
[1] -0.000472015 +- 6.05154e-05  	chisq 1.84256 (1 df)

Saving state to vegas_last_iter146.
Vegas input parameters:
  ndim 11
  ncomp 1
  epsrel 0
  epsabs 0
  flags 291
  seed 549
  mineval 1
  maxeval 1
  nstart 1000000
  nincrease 500000
  nbatch 1000
  gridno 1
  statefile "vegas_last_iter146"

Restoring state from vegas_last_iter146.

Iteration 3:  4500000 integrand evaluations so far
[1] -0.000433528 +- 3.66167e-05  	chisq 2.48068 (2 df)

Saving state to vegas_last_iter146.
Vegas input parameters:
  ndim 11
  ncomp 1
  epsrel 0
  epsabs 0
  flags 291
  seed 695
  mineval 1
  maxeval 1
  nstart 1000000
  nincrease 500000
  nbatch 1000
  gridno 1
  statefile "vegas_last_iter146"

Restoring state from vegas_last_iter146.

Iteration 4:  7000000 integrand evaluations so far
[1] -0.000405408 +- 1.48884e-05  	chisq 3.18721 (3 df)

Saving state to vegas_last_iter146.
Vegas input parameters:
  ndim 11
  ncomp 1
  epsrel 0
  epsabs 0
  flags 291
  seed 841
  mineval 1
  maxeval 1
  nstart 1000000
  nincrease 500000
  nbatch 1000
  gridno 1
  statefile "vegas_last_iter146"

Restoring state from vegas_last_iter146.

Iteration 5:  10000000 integrand evaluations so far
[1] -0.000404935 +- 6.94411e-06  	chisq 3.1885 (4 df)

Saving state to vegas_last_iter146.
Vegas input parameters:
  ndim 11
  ncomp 1
  epsrel 0
  epsabs 0
  flags 291
  seed 987
  mineval 1
  maxeval 1
  nstart 1000000
  nincrease 500000
  nbatch 1000
  gridno 1
  statefile "vegas_last_iter146"

Restoring state from vegas_last_iter146.

Iteration 6:  13500000 integrand evaluations so far
[1] -0.000400966 +- 4.45233e-06  	chisq 3.74322 (5 df)

Saving state to vegas_last_iter146.
Vegas input parameters:
  ndim 11
  ncomp 1
  epsrel 0
  epsabs 0
  flags 291
  seed 1133
  mineval 1
  maxeval 1
  nstart 1000000
  nincrease 500000
  nbatch 1000
  gridno 1
  statefile "vegas_last_iter146"

Restoring state from vegas_last_iter146.

Iteration 7:  17500000 integrand evaluations so far
[1] -0.000400246 +- 3.33085e-06  	chisq 3.80272 (6 df)

Saving state to vegas_last_iter146.
Vegas input parameters:
  ndim 11
  ncomp 1
  epsrel 0
  epsabs 0
  flags 291
  seed 1279
  mineval 1
  maxeval 1
  nstart 1000000
  nincrease 500000
  nbatch 1000
  gridno 1
  statefile "vegas_last_iter146"

Restoring state from vegas_last_iter146.

Iteration 8:  22000000 integrand evaluations so far
[1] -0.000399325 +- 2.69674e-06  	chisq 4.02464 (7 df)

Saving state to vegas_last_iter146.
Vegas input parameters:
  ndim 11
  ncomp 1
  epsrel 0
  epsabs 0
  flags 291
  seed 1425
  mineval 1
  maxeval 1
  nstart 1000000
  nincrease 500000
  nbatch 1000
  gridno 1
  statefile "vegas_last_iter146"

Restoring state from vegas_last_iter146.

Iteration 9:  27000000 integrand evaluations so far
[1] -0.000400019 +- 2.28862e-06  	chisq 4.26176 (8 df)

Saving state to vegas_last_iter146.
Vegas input parameters:
  ndim 11
  ncomp 1
  epsrel 0
  epsabs 0
  flags 291
  seed 1571
  mineval 1
  maxeval 1
  nstart 1000000
  nincrease 500000
  nbatch 1000
  gridno 1
  statefile "vegas_last_iter146"

Restoring state from vegas_last_iter146.

Iteration 10:  32500000 integrand evaluations so far
[1] -0.000400244 +- 1.99864e-06  	chisq 4.30242 (9 df)

Saving state to vegas_last_iter146.
Vegas input parameters:
  ndim 11
  ncomp 1
  epsrel 0
  epsabs 0
  flags 291
  seed 1717
  mineval 1
  maxeval 1
  nstart 1000000
  nincrease 500000
  nbatch 1000
  gridno 1
  statefile "vegas_last_iter146"

Restoring state from vegas_last_iter146.

Iteration 11:  38500000 integrand evaluations so far
[1] -0.000400888 +- 1.77981e-06  	chisq 4.80452 (10 df)

Saving state to vegas_last_iter146.
Vegas input parameters:
  ndim 11
  ncomp 1
  epsrel 0
  epsabs 0
  flags 291
  seed 1863
  mineval 1
  maxeval 1
  nstart 1000000
  nincrease 500000
  nbatch 1000
  gridno 1
  statefile "vegas_last_iter146"

Restoring state from vegas_last_iter146.

Iteration 12:  45000000 integrand evaluations so far
[1] -0.000401016 +- 1.60914e-06  	chisq 4.83253 (11 df)

Saving state to vegas_last_iter146.
Vegas input parameters:
  ndim 11
  ncomp 1
  epsrel 0
  epsabs 0
  flags 291
  seed 2009
  mineval 1
  maxeval 1
  nstart 1000000
  nincrease 500000
  nbatch 1000
  gridno 1
  statefile "vegas_last_iter146"

Restoring state from vegas_last_iter146.

Iteration 13:  52000000 integrand evaluations so far
[1] -0.00040026 +- 1.47121e-06  	chisq 6.17566 (12 df)

Saving state to vegas_last_iter146.
Vegas input parameters:
  ndim 11
  ncomp 1
  epsrel 0
  epsabs 0
  flags 291
  seed 2155
  mineval 1
  maxeval 1
  nstart 1000000
  nincrease 500000
  nbatch 1000
  gridno 1
  statefile "vegas_last_iter146"

Restoring state from vegas_last_iter146.

Iteration 14:  59500000 integrand evaluations so far
[1] -0.000400844 +- 1.35612e-06  	chisq 7.22354 (13 df)

Saving state to vegas_last_iter146.
Vegas input parameters:
  ndim 11
  ncomp 1
  epsrel 0
  epsabs 0
  flags 291
  seed 2301
  mineval 1
  maxeval 1
  nstart 1000000
  nincrease 500000
  nbatch 1000
  gridno 1
  statefile "vegas_last_iter146"

Restoring state from vegas_last_iter146.

Iteration 15:  67500000 integrand evaluations so far
[1] -0.000400784 +- 1.25884e-06  	chisq 7.23779 (14 df)

Saving state to vegas_last_iter146.
Vegas input parameters:
  ndim 11
  ncomp 1
  epsrel 0
  epsabs 0
  flags 291
  seed 2447
  mineval 1
  maxeval 1
  nstart 1000000
  nincrease 500000
  nbatch 1000
  gridno 1
  statefile "vegas_last_iter146"

Restoring state from vegas_last_iter146.

Iteration 16:  76000000 integrand evaluations so far
[1] -0.00040096 +- 1.17543e-06  	chisq 7.38948 (15 df)

Saving state to vegas_last_iter146.
Vegas input parameters:
  ndim 11
  ncomp 1
  epsrel 0
  epsabs 0
  flags 291
  seed 2593
  mineval 1
  maxeval 1
  nstart 1000000
  nincrease 500000
  nbatch 1000
  gridno 1
  statefile "vegas_last_iter146"

Restoring state from vegas_last_iter146.

Iteration 17:  85000000 integrand evaluations so far
[1] -0.000400205 +- 1.10293e-06  	chisq 10.8324 (16 df)

Saving state to vegas_last_iter146.
Vegas input parameters:
  ndim 11
  ncomp 1
  epsrel 0
  epsabs 0
  flags 291
  seed 2739
  mineval 1
  maxeval 1
  nstart 1000000
  nincrease 500000
  nbatch 1000
  gridno 1
  statefile "vegas_last_iter146"

Restoring state from vegas_last_iter146.

Iteration 18:  94500000 integrand evaluations so far
[1] -0.000400643 +- 1.03913e-06  	chisq 12.2329 (17 df)

Saving state to vegas_last_iter146.
Vegas input parameters:
  ndim 11
  ncomp 1
  epsrel 0
  epsabs 0
  flags 291
  seed 2885
  mineval 1
  maxeval 1
  nstart 1000000
  nincrease 500000
  nbatch 1000
  gridno 1
  statefile "vegas_last_iter146"

Restoring state from vegas_last_iter146.

Iteration 19:  104500000 integrand evaluations so far
[1] -0.000400103 +- 9.82775e-07  	chisq 14.7924 (18 df)

Saving state to vegas_last_iter146.
Vegas input parameters:
  ndim 11
  ncomp 1
  epsrel 0
  epsabs 0
  flags 291
  seed 3031
  mineval 1
  maxeval 1
  nstart 1000000
  nincrease 500000
  nbatch 1000
  gridno 1
  statefile "vegas_last_iter146"

Restoring state from vegas_last_iter146.

Iteration 20:  115000000 integrand evaluations so far
[1] -0.000400329 +- 9.32531e-07  	chisq 15.3216 (19 df)

Saving state to vegas_last_iter146.
Vegas input parameters:
  ndim 11
  ncomp 1
  epsrel 0
  epsabs 0
  flags 291
  seed 3177
  mineval 1
  maxeval 1
  nstart 1000000
  nincrease 500000
  nbatch 1000
  gridno 1
  statefile "vegas_last_iter146"

Restoring state from vegas_last_iter146.

Iteration 21:  126000000 integrand evaluations so far
[1] -0.000399918 +- 8.87281e-07  	chisq 17.3714 (20 df)

Saving state to vegas_last_iter146.
Vegas input parameters:
  ndim 11
  ncomp 1
  epsrel 0
  epsabs 0
  flags 291
  seed 3323
  mineval 1
  maxeval 1
  nstart 1000000
  nincrease 500000
  nbatch 1000
  gridno 1
  statefile "vegas_last_iter146"

Restoring state from vegas_last_iter146.

Iteration 22:  137500000 integrand evaluations so far
[1] -0.000399676 +- 8.46325e-07  	chisq 18.1916 (21 df)

Saving state to vegas_last_iter146.
Vegas input parameters:
  ndim 11
  ncomp 1
  epsrel 0
  epsabs 0
  flags 291
  seed 3469
  mineval 1
  maxeval 1
  nstart 1000000
  nincrease 500000
  nbatch 1000
  gridno 1
  statefile "vegas_last_iter146"

Restoring state from vegas_last_iter146.

Iteration 23:  149500000 integrand evaluations so far
[1] -0.000399635 +- 8.09103e-07  	chisq 18.2195 (22 df)

Saving state to vegas_last_iter146.
Vegas input parameters:
  ndim 11
  ncomp 1
  epsrel 0
  epsabs 0
  flags 291
  seed 3615
  mineval 1
  maxeval 1
  nstart 1000000
  nincrease 500000
  nbatch 1000
  gridno 1
  statefile "vegas_last_iter146"

Restoring state from vegas_last_iter146.

Iteration 24:  162000000 integrand evaluations so far
[1] -0.000399894 +- 7.75085e-07  	chisq 19.4635 (23 df)

Saving state to vegas_last_iter146.
Vegas input parameters:
  ndim 11
  ncomp 1
  epsrel 0
  epsabs 0
  flags 291
  seed 3761
  mineval 1
  maxeval 1
  nstart 1000000
  nincrease 500000
  nbatch 1000
  gridno 1
  statefile "vegas_last_iter146"

Restoring state from vegas_last_iter146.

Iteration 25:  175000000 integrand evaluations so far
[1] -0.000399996 +- 7.44028e-07  	chisq 19.6843 (24 df)

Saving state to vegas_last_iter146.
Vegas input parameters:
  ndim 11
  ncomp 1
  epsrel 0
  epsabs 0
  flags 291
  seed 3907
  mineval 1
  maxeval 1
  nstart 1000000
  nincrease 500000
  nbatch 1000
  gridno 1
  statefile "vegas_last_iter146"

Restoring state from vegas_last_iter146.

Iteration 26:  188500000 integrand evaluations so far
[1] -0.000400091 +- 7.15354e-07  	chisq 19.8993 (25 df)

Saving state to vegas_last_iter146.
Vegas input parameters:
  ndim 11
  ncomp 1
  epsrel 0
  epsabs 0
  flags 291
  seed 4053
  mineval 1
  maxeval 1
  nstart 1000000
  nincrease 500000
  nbatch 1000
  gridno 1
  statefile "vegas_last_iter146"

Restoring state from vegas_last_iter146.

Iteration 27:  202500000 integrand evaluations so far
[1] -0.000399991 +- 6.8891e-07  	chisq 20.1676 (26 df)

Saving state to vegas_last_iter146.
Thanks for using LHAPDF 6.3.0. Please make sure to cite the paper:
  Eur.Phys.J. C75 (2015) 3, 132  (http://arxiv.org/abs/1412.7420)
 method   =Vegas  
 nregions =           1
 neval    =   202500000
 fail     =           1
 -0.399990928938E-03 +-   0.688910498694E-06   p =    0.176
