/var/lib/condor/execute/dir_1040
LHAPDF 6.3.0 loading /home/taebh/2021_Research/share/LHAPDF/NNPDF31_nnlo_as_0118_mc_hessian_pdfas/NNPDF31_nnlo_as_0118_mc_hessian_pdfas_0000.dat
NNPDF31_nnlo_as_0118_mc_hessian_pdfas PDF set, member #0, version 1
Vegas input parameters:
  ndim 11
  ncomp 1
  epsrel 0
  epsabs 0
  flags 291
  seed 235
  mineval 1
  maxeval 1
  nstart 1000000
  nincrease 500000
  nbatch 1000
  gridno 1
  statefile "vegas_last_iter124"

Iteration 1:  1000000 integrand evaluations so far
[1] 0.00615044 +- 0.00012924  	chisq 0 (0 df)

Saving state to vegas_last_iter124.
Vegas input parameters:
  ndim 11
  ncomp 1
  epsrel 0
  epsabs 0
  flags 291
  seed 359
  mineval 1
  maxeval 1
  nstart 1000000
  nincrease 500000
  nbatch 1000
  gridno 1
  statefile "vegas_last_iter124"

Restoring state from vegas_last_iter124.

Iteration 2:  2500000 integrand evaluations so far
[1] 0.00599502 +- 4.46098e-05  	chisq 1.64195 (1 df)

Saving state to vegas_last_iter124.
Vegas input parameters:
  ndim 11
  ncomp 1
  epsrel 0
  epsabs 0
  flags 291
  seed 483
  mineval 1
  maxeval 1
  nstart 1000000
  nincrease 500000
  nbatch 1000
  gridno 1
  statefile "vegas_last_iter124"

Restoring state from vegas_last_iter124.

Iteration 3:  4500000 integrand evaluations so far
[1] 0.00602464 +- 1.80427e-05  	chisq 2.16933 (2 df)

Saving state to vegas_last_iter124.
Vegas input parameters:
  ndim 11
  ncomp 1
  epsrel 0
  epsabs 0
  flags 291
  seed 607
  mineval 1
  maxeval 1
  nstart 1000000
  nincrease 500000
  nbatch 1000
  gridno 1
  statefile "vegas_last_iter124"

Restoring state from vegas_last_iter124.

Iteration 4:  7000000 integrand evaluations so far
[1] 0.00602604 +- 1.02392e-05  	chisq 2.17814 (3 df)

Saving state to vegas_last_iter124.
Vegas input parameters:
  ndim 11
  ncomp 1
  epsrel 0
  epsabs 0
  flags 291
  seed 731
  mineval 1
  maxeval 1
  nstart 1000000
  nincrease 500000
  nbatch 1000
  gridno 1
  statefile "vegas_last_iter124"

Restoring state from vegas_last_iter124.

Iteration 5:  10000000 integrand evaluations so far
[1] 0.00602423 +- 6.52796e-06  	chisq 2.23082 (4 df)

Saving state to vegas_last_iter124.
Vegas input parameters:
  ndim 11
  ncomp 1
  epsrel 0
  epsabs 0
  flags 291
  seed 855
  mineval 1
  maxeval 1
  nstart 1000000
  nincrease 500000
  nbatch 1000
  gridno 1
  statefile "vegas_last_iter124"

Restoring state from vegas_last_iter124.

Iteration 6:  13500000 integrand evaluations so far
[1] 0.00602387 +- 4.5028e-06  	chisq 2.23649 (5 df)

Saving state to vegas_last_iter124.
Vegas input parameters:
  ndim 11
  ncomp 1
  epsrel 0
  epsabs 0
  flags 291
  seed 979
  mineval 1
  maxeval 1
  nstart 1000000
  nincrease 500000
  nbatch 1000
  gridno 1
  statefile "vegas_last_iter124"

Restoring state from vegas_last_iter124.

Iteration 7:  17500000 integrand evaluations so far
[1] 0.00602592 +- 3.44488e-06  	chisq 2.73756 (6 df)

Saving state to vegas_last_iter124.
Vegas input parameters:
  ndim 11
  ncomp 1
  epsrel 0
  epsabs 0
  flags 291
  seed 1103
  mineval 1
  maxeval 1
  nstart 1000000
  nincrease 500000
  nbatch 1000
  gridno 1
  statefile "vegas_last_iter124"

Restoring state from vegas_last_iter124.

Iteration 8:  22000000 integrand evaluations so far
[1] 0.00602316 +- 2.80709e-06  	chisq 4.64648 (7 df)

Saving state to vegas_last_iter124.
Vegas input parameters:
  ndim 11
  ncomp 1
  epsrel 0
  epsabs 0
  flags 291
  seed 1227
  mineval 1
  maxeval 1
  nstart 1000000
  nincrease 500000
  nbatch 1000
  gridno 1
  statefile "vegas_last_iter124"

Restoring state from vegas_last_iter124.

Iteration 9:  27000000 integrand evaluations so far
[1] 0.00602342 +- 2.39192e-06  	chisq 4.67572 (8 df)

Saving state to vegas_last_iter124.
Vegas input parameters:
  ndim 11
  ncomp 1
  epsrel 0
  epsabs 0
  flags 291
  seed 1351
  mineval 1
  maxeval 1
  nstart 1000000
  nincrease 500000
  nbatch 1000
  gridno 1
  statefile "vegas_last_iter124"

Restoring state from vegas_last_iter124.

Iteration 10:  32500000 integrand evaluations so far
[1] 0.00602324 +- 2.1012e-06  	chisq 4.69892 (9 df)

Saving state to vegas_last_iter124.
Vegas input parameters:
  ndim 11
  ncomp 1
  epsrel 0
  epsabs 0
  flags 291
  seed 1475
  mineval 1
  maxeval 1
  nstart 1000000
  nincrease 500000
  nbatch 1000
  gridno 1
  statefile "vegas_last_iter124"

Restoring state from vegas_last_iter124.

Iteration 11:  38500000 integrand evaluations so far
[1] 0.00602461 +- 1.87686e-06  	chisq 6.79095 (10 df)

Saving state to vegas_last_iter124.
Vegas input parameters:
  ndim 11
  ncomp 1
  epsrel 0
  epsabs 0
  flags 291
  seed 1599
  mineval 1
  maxeval 1
  nstart 1000000
  nincrease 500000
  nbatch 1000
  gridno 1
  statefile "vegas_last_iter124"

Restoring state from vegas_last_iter124.

Iteration 12:  45000000 integrand evaluations so far
[1] 0.00602544 +- 1.69595e-06  	chisq 7.86307 (11 df)

Saving state to vegas_last_iter124.
Vegas input parameters:
  ndim 11
  ncomp 1
  epsrel 0
  epsabs 0
  flags 291
  seed 1723
  mineval 1
  maxeval 1
  nstart 1000000
  nincrease 500000
  nbatch 1000
  gridno 1
  statefile "vegas_last_iter124"

Restoring state from vegas_last_iter124.

Iteration 13:  52000000 integrand evaluations so far
[1] 0.00602404 +- 1.55217e-06  	chisq 12.0478 (12 df)

Saving state to vegas_last_iter124.
Vegas input parameters:
  ndim 11
  ncomp 1
  epsrel 0
  epsabs 0
  flags 291
  seed 1847
  mineval 1
  maxeval 1
  nstart 1000000
  nincrease 500000
  nbatch 1000
  gridno 1
  statefile "vegas_last_iter124"

Restoring state from vegas_last_iter124.

Iteration 14:  59500000 integrand evaluations so far
[1] 0.00602413 +- 1.43143e-06  	chisq 12.0717 (13 df)

Saving state to vegas_last_iter124.
Vegas input parameters:
  ndim 11
  ncomp 1
  epsrel 0
  epsabs 0
  flags 291
  seed 1971
  mineval 1
  maxeval 1
  nstart 1000000
  nincrease 500000
  nbatch 1000
  gridno 1
  statefile "vegas_last_iter124"

Restoring state from vegas_last_iter124.

Iteration 15:  67500000 integrand evaluations so far
[1] 0.00602358 +- 1.32909e-06  	chisq 13.1457 (14 df)

Saving state to vegas_last_iter124.
Vegas input parameters:
  ndim 11
  ncomp 1
  epsrel 0
  epsabs 0
  flags 291
  seed 2095
  mineval 1
  maxeval 1
  nstart 1000000
  nincrease 500000
  nbatch 1000
  gridno 1
  statefile "vegas_last_iter124"

Restoring state from vegas_last_iter124.

Iteration 16:  76000000 integrand evaluations so far
[1] 0.0060233 +- 1.24195e-06  	chisq 13.494 (15 df)

Saving state to vegas_last_iter124.
Vegas input parameters:
  ndim 11
  ncomp 1
  epsrel 0
  epsabs 0
  flags 291
  seed 2219
  mineval 1
  maxeval 1
  nstart 1000000
  nincrease 500000
  nbatch 1000
  gridno 1
  statefile "vegas_last_iter124"

Restoring state from vegas_last_iter124.

Iteration 17:  85000000 integrand evaluations so far
[1] 0.0060232 +- 1.16591e-06  	chisq 13.5504 (16 df)

Saving state to vegas_last_iter124.
Vegas input parameters:
  ndim 11
  ncomp 1
  epsrel 0
  epsabs 0
  flags 291
  seed 2343
  mineval 1
  maxeval 1
  nstart 1000000
  nincrease 500000
  nbatch 1000
  gridno 1
  statefile "vegas_last_iter124"

Restoring state from vegas_last_iter124.

Iteration 18:  94500000 integrand evaluations so far
[1] 0.00602311 +- 1.09983e-06  	chisq 13.604 (17 df)

Saving state to vegas_last_iter124.
Vegas input parameters:
  ndim 11
  ncomp 1
  epsrel 0
  epsabs 0
  flags 291
  seed 2467
  mineval 1
  maxeval 1
  nstart 1000000
  nincrease 500000
  nbatch 1000
  gridno 1
  statefile "vegas_last_iter124"

Restoring state from vegas_last_iter124.

Iteration 19:  104500000 integrand evaluations so far
[1] 0.00602297 +- 1.0398e-06  	chisq 13.7749 (18 df)

Saving state to vegas_last_iter124.
Vegas input parameters:
  ndim 11
  ncomp 1
  epsrel 0
  epsabs 0
  flags 291
  seed 2591
  mineval 1
  maxeval 1
  nstart 1000000
  nincrease 500000
  nbatch 1000
  gridno 1
  statefile "vegas_last_iter124"

Restoring state from vegas_last_iter124.

Iteration 20:  115000000 integrand evaluations so far
[1] 0.0060231 +- 9.87767e-07  	chisq 13.9523 (19 df)

Saving state to vegas_last_iter124.
Vegas input parameters:
  ndim 11
  ncomp 1
  epsrel 0
  epsabs 0
  flags 291
  seed 2715
  mineval 1
  maxeval 1
  nstart 1000000
  nincrease 500000
  nbatch 1000
  gridno 1
  statefile "vegas_last_iter124"

Restoring state from vegas_last_iter124.

Iteration 21:  126000000 integrand evaluations so far
[1] 0.00602335 +- 9.40193e-07  	chisq 14.6192 (20 df)

Saving state to vegas_last_iter124.
Vegas input parameters:
  ndim 11
  ncomp 1
  epsrel 0
  epsabs 0
  flags 291
  seed 2839
  mineval 1
  maxeval 1
  nstart 1000000
  nincrease 500000
  nbatch 1000
  gridno 1
  statefile "vegas_last_iter124"

Restoring state from vegas_last_iter124.

Iteration 22:  137500000 integrand evaluations so far
[1] 0.00602274 +- 8.96859e-07  	chisq 19.2116 (21 df)

Saving state to vegas_last_iter124.
Vegas input parameters:
  ndim 11
  ncomp 1
  epsrel 0
  epsabs 0
  flags 291
  seed 2963
  mineval 1
  maxeval 1
  nstart 1000000
  nincrease 500000
  nbatch 1000
  gridno 1
  statefile "vegas_last_iter124"

Restoring state from vegas_last_iter124.

Iteration 23:  149500000 integrand evaluations so far
[1] 0.00602266 +- 8.57389e-07  	chisq 19.3073 (22 df)

Saving state to vegas_last_iter124.
Vegas input parameters:
  ndim 11
  ncomp 1
  epsrel 0
  epsabs 0
  flags 291
  seed 3087
  mineval 1
  maxeval 1
  nstart 1000000
  nincrease 500000
  nbatch 1000
  gridno 1
  statefile "vegas_last_iter124"

Restoring state from vegas_last_iter124.

Iteration 24:  162000000 integrand evaluations so far
[1] 0.00602245 +- 8.21145e-07  	chisq 20.0533 (23 df)

Saving state to vegas_last_iter124.
Vegas input parameters:
  ndim 11
  ncomp 1
  epsrel 0
  epsabs 0
  flags 291
  seed 3211
  mineval 1
  maxeval 1
  nstart 1000000
  nincrease 500000
  nbatch 1000
  gridno 1
  statefile "vegas_last_iter124"

Restoring state from vegas_last_iter124.

Iteration 25:  175000000 integrand evaluations so far
[1] 0.00602253 +- 7.92002e-07  	chisq 20.198 (24 df)

Saving state to vegas_last_iter124.
Vegas input parameters:
  ndim 11
  ncomp 1
  epsrel 0
  epsabs 0
  flags 291
  seed 3335
  mineval 1
  maxeval 1
  nstart 1000000
  nincrease 500000
  nbatch 1000
  gridno 1
  statefile "vegas_last_iter124"

Restoring state from vegas_last_iter124.

Iteration 26:  188500000 integrand evaluations so far
[1] 0.00602247 +- 7.63591e-07  	chisq 20.2995 (25 df)

Saving state to vegas_last_iter124.
Vegas input parameters:
  ndim 11
  ncomp 1
  epsrel 0
  epsabs 0
  flags 291
  seed 3459
  mineval 1
  maxeval 1
  nstart 1000000
  nincrease 500000
  nbatch 1000
  gridno 1
  statefile "vegas_last_iter124"

Restoring state from vegas_last_iter124.

Iteration 27:  202500000 integrand evaluations so far
[1] 0.00602221 +- 7.35243e-07  	chisq 21.8755 (26 df)

Saving state to vegas_last_iter124.
Thanks for using LHAPDF 6.3.0. Please make sure to cite the paper:
  Eur.Phys.J. C75 (2015) 3, 132  (http://arxiv.org/abs/1412.7420)
 method   =Vegas  
 nregions =           1
 neval    =   202500000
 fail     =           1
  0.602220711882E-02 +-   0.735243322874E-06   p =    0.256
