/var/lib/condor/execute/dir_14772
LHAPDF 6.3.0 loading /home/taebh/2021_Research/share/LHAPDF/NNPDF31_nnlo_as_0118_mc_hessian_pdfas/NNPDF31_nnlo_as_0118_mc_hessian_pdfas_0000.dat
NNPDF31_nnlo_as_0118_mc_hessian_pdfas PDF set, member #0, version 1
Vegas input parameters:
  ndim 11
  ncomp 1
  epsrel 0
  epsabs 0
  flags 291
  seed 116
  mineval 1
  maxeval 1
  nstart 1000000
  nincrease 500000
  nbatch 1000
  gridno 1
  statefile "vegas_last_iter5"

Iteration 1:  1000000 integrand evaluations so far
[1] 0.105456 +- 0.00131335  	chisq 0 (0 df)

Saving state to vegas_last_iter5.
Vegas input parameters:
  ndim 11
  ncomp 1
  epsrel 0
  epsabs 0
  flags 291
  seed 121
  mineval 1
  maxeval 1
  nstart 1000000
  nincrease 500000
  nbatch 1000
  gridno 1
  statefile "vegas_last_iter5"

Restoring state from vegas_last_iter5.

Iteration 2:  2500000 integrand evaluations so far
[1] 0.10436 +- 0.000665846  	chisq 0.935949 (1 df)

Saving state to vegas_last_iter5.
Vegas input parameters:
  ndim 11
  ncomp 1
  epsrel 0
  epsabs 0
  flags 291
  seed 126
  mineval 1
  maxeval 1
  nstart 1000000
  nincrease 500000
  nbatch 1000
  gridno 1
  statefile "vegas_last_iter5"

Restoring state from vegas_last_iter5.

Iteration 3:  4500000 integrand evaluations so far
[1] 0.103572 +- 0.000329953  	chisq 2.79508 (2 df)

Saving state to vegas_last_iter5.
Vegas input parameters:
  ndim 11
  ncomp 1
  epsrel 0
  epsabs 0
  flags 291
  seed 131
  mineval 1
  maxeval 1
  nstart 1000000
  nincrease 500000
  nbatch 1000
  gridno 1
  statefile "vegas_last_iter5"

Restoring state from vegas_last_iter5.

Iteration 4:  7000000 integrand evaluations so far
[1] 0.103328 +- 0.00016753  	chisq 3.52744 (3 df)

Saving state to vegas_last_iter5.
Vegas input parameters:
  ndim 11
  ncomp 1
  epsrel 0
  epsabs 0
  flags 291
  seed 136
  mineval 1
  maxeval 1
  nstart 1000000
  nincrease 500000
  nbatch 1000
  gridno 1
  statefile "vegas_last_iter5"

Restoring state from vegas_last_iter5.

Iteration 5:  10000000 integrand evaluations so far
[1] 0.103321 +- 9.38784e-05  	chisq 3.53038 (4 df)

Saving state to vegas_last_iter5.
Vegas input parameters:
  ndim 11
  ncomp 1
  epsrel 0
  epsabs 0
  flags 291
  seed 141
  mineval 1
  maxeval 1
  nstart 1000000
  nincrease 500000
  nbatch 1000
  gridno 1
  statefile "vegas_last_iter5"

Restoring state from vegas_last_iter5.

Iteration 6:  13500000 integrand evaluations so far
[1] 0.103235 +- 6.30658e-05  	chisq 5.06501 (5 df)

Saving state to vegas_last_iter5.
Vegas input parameters:
  ndim 11
  ncomp 1
  epsrel 0
  epsabs 0
  flags 291
  seed 146
  mineval 1
  maxeval 1
  nstart 1000000
  nincrease 500000
  nbatch 1000
  gridno 1
  statefile "vegas_last_iter5"

Restoring state from vegas_last_iter5.

Iteration 7:  17500000 integrand evaluations so far
[1] 0.103301 +- 4.77573e-05  	chisq 7.61433 (6 df)

Saving state to vegas_last_iter5.
Vegas input parameters:
  ndim 11
  ncomp 1
  epsrel 0
  epsabs 0
  flags 291
  seed 151
  mineval 1
  maxeval 1
  nstart 1000000
  nincrease 500000
  nbatch 1000
  gridno 1
  statefile "vegas_last_iter5"

Restoring state from vegas_last_iter5.

Iteration 8:  22000000 integrand evaluations so far
[1] 0.103281 +- 3.88195e-05  	chisq 8.13204 (7 df)

Saving state to vegas_last_iter5.
Vegas input parameters:
  ndim 11
  ncomp 1
  epsrel 0
  epsabs 0
  flags 291
  seed 156
  mineval 1
  maxeval 1
  nstart 1000000
  nincrease 500000
  nbatch 1000
  gridno 1
  statefile "vegas_last_iter5"

Restoring state from vegas_last_iter5.

Iteration 9:  27000000 integrand evaluations so far
[1] 0.103308 +- 3.29793e-05  	chisq 9.96954 (8 df)

Saving state to vegas_last_iter5.
Vegas input parameters:
  ndim 11
  ncomp 1
  epsrel 0
  epsabs 0
  flags 291
  seed 161
  mineval 1
  maxeval 1
  nstart 1000000
  nincrease 500000
  nbatch 1000
  gridno 1
  statefile "vegas_last_iter5"

Restoring state from vegas_last_iter5.

Iteration 10:  32500000 integrand evaluations so far
[1] 0.103305 +- 2.87965e-05  	chisq 10.0056 (9 df)

Saving state to vegas_last_iter5.
Vegas input parameters:
  ndim 11
  ncomp 1
  epsrel 0
  epsabs 0
  flags 291
  seed 166
  mineval 1
  maxeval 1
  nstart 1000000
  nincrease 500000
  nbatch 1000
  gridno 1
  statefile "vegas_last_iter5"

Restoring state from vegas_last_iter5.

Iteration 11:  38500000 integrand evaluations so far
[1] 0.103304 +- 2.56539e-05  	chisq 10.015 (10 df)

Saving state to vegas_last_iter5.
Vegas input parameters:
  ndim 11
  ncomp 1
  epsrel 0
  epsabs 0
  flags 291
  seed 171
  mineval 1
  maxeval 1
  nstart 1000000
  nincrease 500000
  nbatch 1000
  gridno 1
  statefile "vegas_last_iter5"

Restoring state from vegas_last_iter5.

Iteration 12:  45000000 integrand evaluations so far
[1] 0.103296 +- 2.31881e-05  	chisq 10.5117 (11 df)

Saving state to vegas_last_iter5.
Vegas input parameters:
  ndim 11
  ncomp 1
  epsrel 0
  epsabs 0
  flags 291
  seed 176
  mineval 1
  maxeval 1
  nstart 1000000
  nincrease 500000
  nbatch 1000
  gridno 1
  statefile "vegas_last_iter5"

Restoring state from vegas_last_iter5.

Iteration 13:  52000000 integrand evaluations so far
[1] 0.103282 +- 2.11884e-05  	chisq 12.7208 (12 df)

Saving state to vegas_last_iter5.
Vegas input parameters:
  ndim 11
  ncomp 1
  epsrel 0
  epsabs 0
  flags 291
  seed 181
  mineval 1
  maxeval 1
  nstart 1000000
  nincrease 500000
  nbatch 1000
  gridno 1
  statefile "vegas_last_iter5"

Restoring state from vegas_last_iter5.

Iteration 14:  59500000 integrand evaluations so far
[1] 0.103282 +- 1.95298e-05  	chisq 12.7219 (13 df)

Saving state to vegas_last_iter5.
Vegas input parameters:
  ndim 11
  ncomp 1
  epsrel 0
  epsabs 0
  flags 291
  seed 186
  mineval 1
  maxeval 1
  nstart 1000000
  nincrease 500000
  nbatch 1000
  gridno 1
  statefile "vegas_last_iter5"

Restoring state from vegas_last_iter5.

Iteration 15:  67500000 integrand evaluations so far
[1] 0.103289 +- 1.81298e-05  	chisq 13.6435 (14 df)

Saving state to vegas_last_iter5.
Vegas input parameters:
  ndim 11
  ncomp 1
  epsrel 0
  epsabs 0
  flags 291
  seed 191
  mineval 1
  maxeval 1
  nstart 1000000
  nincrease 500000
  nbatch 1000
  gridno 1
  statefile "vegas_last_iter5"

Restoring state from vegas_last_iter5.

Iteration 16:  76000000 integrand evaluations so far
[1] 0.103291 +- 1.69272e-05  	chisq 13.7057 (15 df)

Saving state to vegas_last_iter5.
Vegas input parameters:
  ndim 11
  ncomp 1
  epsrel 0
  epsabs 0
  flags 291
  seed 196
  mineval 1
  maxeval 1
  nstart 1000000
  nincrease 500000
  nbatch 1000
  gridno 1
  statefile "vegas_last_iter5"

Restoring state from vegas_last_iter5.

Iteration 17:  85000000 integrand evaluations so far
[1] 0.103293 +- 1.58815e-05  	chisq 13.8597 (16 df)

Saving state to vegas_last_iter5.
Vegas input parameters:
  ndim 11
  ncomp 1
  epsrel 0
  epsabs 0
  flags 291
  seed 201
  mineval 1
  maxeval 1
  nstart 1000000
  nincrease 500000
  nbatch 1000
  gridno 1
  statefile "vegas_last_iter5"

Restoring state from vegas_last_iter5.

Iteration 18:  94500000 integrand evaluations so far
[1] 0.103283 +- 1.49653e-05  	chisq 17.0831 (17 df)

Saving state to vegas_last_iter5.
Vegas input parameters:
  ndim 11
  ncomp 1
  epsrel 0
  epsabs 0
  flags 291
  seed 206
  mineval 1
  maxeval 1
  nstart 1000000
  nincrease 500000
  nbatch 1000
  gridno 1
  statefile "vegas_last_iter5"

Restoring state from vegas_last_iter5.

Iteration 19:  104500000 integrand evaluations so far
[1] 0.103283 +- 1.41516e-05  	chisq 17.1005 (18 df)

Saving state to vegas_last_iter5.
Vegas input parameters:
  ndim 11
  ncomp 1
  epsrel 0
  epsabs 0
  flags 291
  seed 211
  mineval 1
  maxeval 1
  nstart 1000000
  nincrease 500000
  nbatch 1000
  gridno 1
  statefile "vegas_last_iter5"

Restoring state from vegas_last_iter5.

Iteration 20:  115000000 integrand evaluations so far
[1] 0.103279 +- 1.34252e-05  	chisq 17.6144 (19 df)

Saving state to vegas_last_iter5.
Vegas input parameters:
  ndim 11
  ncomp 1
  epsrel 0
  epsabs 0
  flags 291
  seed 216
  mineval 1
  maxeval 1
  nstart 1000000
  nincrease 500000
  nbatch 1000
  gridno 1
  statefile "vegas_last_iter5"

Restoring state from vegas_last_iter5.

Iteration 21:  126000000 integrand evaluations so far
[1] 0.10328 +- 1.27741e-05  	chisq 17.6187 (20 df)

Saving state to vegas_last_iter5.
Vegas input parameters:
  ndim 11
  ncomp 1
  epsrel 0
  epsabs 0
  flags 291
  seed 221
  mineval 1
  maxeval 1
  nstart 1000000
  nincrease 500000
  nbatch 1000
  gridno 1
  statefile "vegas_last_iter5"

Restoring state from vegas_last_iter5.

Iteration 22:  137500000 integrand evaluations so far
[1] 0.103281 +- 1.21848e-05  	chisq 17.7484 (21 df)

Saving state to vegas_last_iter5.
Vegas input parameters:
  ndim 11
  ncomp 1
  epsrel 0
  epsabs 0
  flags 291
  seed 226
  mineval 1
  maxeval 1
  nstart 1000000
  nincrease 500000
  nbatch 1000
  gridno 1
  statefile "vegas_last_iter5"

Restoring state from vegas_last_iter5.

Iteration 23:  149500000 integrand evaluations so far
[1] 0.103281 +- 1.16484e-05  	chisq 17.7697 (22 df)

Saving state to vegas_last_iter5.
Vegas input parameters:
  ndim 11
  ncomp 1
  epsrel 0
  epsabs 0
  flags 291
  seed 231
  mineval 1
  maxeval 1
  nstart 1000000
  nincrease 500000
  nbatch 1000
  gridno 1
  statefile "vegas_last_iter5"

Restoring state from vegas_last_iter5.

Iteration 24:  162000000 integrand evaluations so far
[1] 0.103281 +- 1.11591e-05  	chisq 17.8295 (23 df)

Saving state to vegas_last_iter5.
Vegas input parameters:
  ndim 11
  ncomp 1
  epsrel 0
  epsabs 0
  flags 291
  seed 236
  mineval 1
  maxeval 1
  nstart 1000000
  nincrease 500000
  nbatch 1000
  gridno 1
  statefile "vegas_last_iter5"

Restoring state from vegas_last_iter5.

Iteration 25:  175000000 integrand evaluations so far
[1] 0.10328 +- 1.07108e-05  	chisq 18.0039 (24 df)

Saving state to vegas_last_iter5.
Vegas input parameters:
  ndim 11
  ncomp 1
  epsrel 0
  epsabs 0
  flags 291
  seed 241
  mineval 1
  maxeval 1
  nstart 1000000
  nincrease 500000
  nbatch 1000
  gridno 1
  statefile "vegas_last_iter5"

Restoring state from vegas_last_iter5.

Iteration 26:  188500000 integrand evaluations so far
[1] 0.10328 +- 1.02977e-05  	chisq 18.033 (25 df)

Saving state to vegas_last_iter5.
Vegas input parameters:
  ndim 11
  ncomp 1
  epsrel 0
  epsabs 0
  flags 291
  seed 246
  mineval 1
  maxeval 1
  nstart 1000000
  nincrease 500000
  nbatch 1000
  gridno 1
  statefile "vegas_last_iter5"

Restoring state from vegas_last_iter5.

Iteration 27:  202500000 integrand evaluations so far
[1] 0.103275 +- 9.91547e-06  	chisq 20.5341 (26 df)

Saving state to vegas_last_iter5.
Thanks for using LHAPDF 6.3.0. Please make sure to cite the paper:
  Eur.Phys.J. C75 (2015) 3, 132  (http://arxiv.org/abs/1412.7420)
 method   =Vegas  
 nregions =           1
 neval    =   202500000
 fail     =           1
  0.103275218749     +-   0.991547314300E-05   p =    0.192
