/var/lib/condor/execute/dir_962
LHAPDF 6.3.0 loading /home/taebh/2021_Research/share/LHAPDF/NNPDF31_nnlo_as_0118_mc_hessian_pdfas/NNPDF31_nnlo_as_0118_mc_hessian_pdfas_0000.dat
NNPDF31_nnlo_as_0118_mc_hessian_pdfas PDF set, member #0, version 1
Vegas input parameters:
  ndim 11
  ncomp 1
  epsrel 0
  epsabs 0
  flags 291
  seed 233
  mineval 1
  maxeval 1
  nstart 1000000
  nincrease 500000
  nbatch 1000
  gridno 1
  statefile "vegas_last_iter122"

Iteration 1:  1000000 integrand evaluations so far
[1] -0.000460323 +- 1.71401e-05  	chisq 0 (0 df)

Saving state to vegas_last_iter122.
Vegas input parameters:
  ndim 11
  ncomp 1
  epsrel 0
  epsabs 0
  flags 291
  seed 355
  mineval 1
  maxeval 1
  nstart 1000000
  nincrease 500000
  nbatch 1000
  gridno 1
  statefile "vegas_last_iter122"

Restoring state from vegas_last_iter122.

Iteration 2:  2500000 integrand evaluations so far
[1] -0.00047671 +- 3.7106e-06  	chisq 0.958945 (1 df)

Saving state to vegas_last_iter122.
Vegas input parameters:
  ndim 11
  ncomp 1
  epsrel 0
  epsabs 0
  flags 291
  seed 477
  mineval 1
  maxeval 1
  nstart 1000000
  nincrease 500000
  nbatch 1000
  gridno 1
  statefile "vegas_last_iter122"

Restoring state from vegas_last_iter122.

Iteration 3:  4500000 integrand evaluations so far
[1] -0.000472008 +- 1.44557e-06  	chisq 2.85226 (2 df)

Saving state to vegas_last_iter122.
Vegas input parameters:
  ndim 11
  ncomp 1
  epsrel 0
  epsabs 0
  flags 291
  seed 599
  mineval 1
  maxeval 1
  nstart 1000000
  nincrease 500000
  nbatch 1000
  gridno 1
  statefile "vegas_last_iter122"

Restoring state from vegas_last_iter122.

Iteration 4:  7000000 integrand evaluations so far
[1] -0.000471362 +- 6.63345e-07  	chisq 3.10535 (3 df)

Saving state to vegas_last_iter122.
Vegas input parameters:
  ndim 11
  ncomp 1
  epsrel 0
  epsabs 0
  flags 291
  seed 721
  mineval 1
  maxeval 1
  nstart 1000000
  nincrease 500000
  nbatch 1000
  gridno 1
  statefile "vegas_last_iter122"

Restoring state from vegas_last_iter122.

Iteration 5:  10000000 integrand evaluations so far
[1] -0.00047097 +- 3.55743e-07  	chisq 3.59462 (4 df)

Saving state to vegas_last_iter122.
Vegas input parameters:
  ndim 11
  ncomp 1
  epsrel 0
  epsabs 0
  flags 291
  seed 843
  mineval 1
  maxeval 1
  nstart 1000000
  nincrease 500000
  nbatch 1000
  gridno 1
  statefile "vegas_last_iter122"

Restoring state from vegas_last_iter122.

Iteration 6:  13500000 integrand evaluations so far
[1] -0.000470822 +- 2.38522e-07  	chisq 3.90853 (5 df)

Saving state to vegas_last_iter122.
Vegas input parameters:
  ndim 11
  ncomp 1
  epsrel 0
  epsabs 0
  flags 291
  seed 965
  mineval 1
  maxeval 1
  nstart 1000000
  nincrease 500000
  nbatch 1000
  gridno 1
  statefile "vegas_last_iter122"

Restoring state from vegas_last_iter122.

Iteration 7:  17500000 integrand evaluations so far
[1] -0.000470657 +- 1.79656e-07  	chisq 5.01653 (6 df)

Saving state to vegas_last_iter122.
Vegas input parameters:
  ndim 11
  ncomp 1
  epsrel 0
  epsabs 0
  flags 291
  seed 1087
  mineval 1
  maxeval 1
  nstart 1000000
  nincrease 500000
  nbatch 1000
  gridno 1
  statefile "vegas_last_iter122"

Restoring state from vegas_last_iter122.

Iteration 8:  22000000 integrand evaluations so far
[1] -0.000470677 +- 1.45388e-07  	chisq 5.05395 (7 df)

Saving state to vegas_last_iter122.
Vegas input parameters:
  ndim 11
  ncomp 1
  epsrel 0
  epsabs 0
  flags 291
  seed 1209
  mineval 1
  maxeval 1
  nstart 1000000
  nincrease 500000
  nbatch 1000
  gridno 1
  statefile "vegas_last_iter122"

Restoring state from vegas_last_iter122.

Iteration 9:  27000000 integrand evaluations so far
[1] -0.000470641 +- 1.23229e-07  	chisq 5.27103 (8 df)

Saving state to vegas_last_iter122.
Vegas input parameters:
  ndim 11
  ncomp 1
  epsrel 0
  epsabs 0
  flags 291
  seed 1331
  mineval 1
  maxeval 1
  nstart 1000000
  nincrease 500000
  nbatch 1000
  gridno 1
  statefile "vegas_last_iter122"

Restoring state from vegas_last_iter122.

Iteration 10:  32500000 integrand evaluations so far
[1] -0.000470757 +- 1.07645e-07  	chisq 9.01348 (9 df)

Saving state to vegas_last_iter122.
Vegas input parameters:
  ndim 11
  ncomp 1
  epsrel 0
  epsabs 0
  flags 291
  seed 1453
  mineval 1
  maxeval 1
  nstart 1000000
  nincrease 500000
  nbatch 1000
  gridno 1
  statefile "vegas_last_iter122"

Restoring state from vegas_last_iter122.

Iteration 11:  38500000 integrand evaluations so far
[1] -0.000470766 +- 9.56396e-08  	chisq 9.04481 (10 df)

Saving state to vegas_last_iter122.
Vegas input parameters:
  ndim 11
  ncomp 1
  epsrel 0
  epsabs 0
  flags 291
  seed 1575
  mineval 1
  maxeval 1
  nstart 1000000
  nincrease 500000
  nbatch 1000
  gridno 1
  statefile "vegas_last_iter122"

Restoring state from vegas_last_iter122.

Iteration 12:  45000000 integrand evaluations so far
[1] -0.000470759 +- 8.62198e-08  	chisq 9.07613 (11 df)

Saving state to vegas_last_iter122.
Vegas input parameters:
  ndim 11
  ncomp 1
  epsrel 0
  epsabs 0
  flags 291
  seed 1697
  mineval 1
  maxeval 1
  nstart 1000000
  nincrease 500000
  nbatch 1000
  gridno 1
  statefile "vegas_last_iter122"

Restoring state from vegas_last_iter122.

Iteration 13:  52000000 integrand evaluations so far
[1] -0.000470766 +- 7.86214e-08  	chisq 9.11185 (12 df)

Saving state to vegas_last_iter122.
Vegas input parameters:
  ndim 11
  ncomp 1
  epsrel 0
  epsabs 0
  flags 291
  seed 1819
  mineval 1
  maxeval 1
  nstart 1000000
  nincrease 500000
  nbatch 1000
  gridno 1
  statefile "vegas_last_iter122"

Restoring state from vegas_last_iter122.

Iteration 14:  59500000 integrand evaluations so far
[1] -0.000470754 +- 7.23363e-08  	chisq 9.24481 (13 df)

Saving state to vegas_last_iter122.
Vegas input parameters:
  ndim 11
  ncomp 1
  epsrel 0
  epsabs 0
  flags 291
  seed 1941
  mineval 1
  maxeval 1
  nstart 1000000
  nincrease 500000
  nbatch 1000
  gridno 1
  statefile "vegas_last_iter122"

Restoring state from vegas_last_iter122.

Iteration 15:  67500000 integrand evaluations so far
[1] -0.000470718 +- 6.70769e-08  	chisq 11.0511 (14 df)

Saving state to vegas_last_iter122.
Vegas input parameters:
  ndim 11
  ncomp 1
  epsrel 0
  epsabs 0
  flags 291
  seed 2063
  mineval 1
  maxeval 1
  nstart 1000000
  nincrease 500000
  nbatch 1000
  gridno 1
  statefile "vegas_last_iter122"

Restoring state from vegas_last_iter122.

Iteration 16:  76000000 integrand evaluations so far
[1] -0.000470706 +- 6.257e-08  	chisq 11.3107 (15 df)

Saving state to vegas_last_iter122.
Vegas input parameters:
  ndim 11
  ncomp 1
  epsrel 0
  epsabs 0
  flags 291
  seed 2185
  mineval 1
  maxeval 1
  nstart 1000000
  nincrease 500000
  nbatch 1000
  gridno 1
  statefile "vegas_last_iter122"

Restoring state from vegas_last_iter122.

Iteration 17:  85000000 integrand evaluations so far
[1] -0.000470741 +- 5.86652e-08  	chisq 13.916 (16 df)

Saving state to vegas_last_iter122.
Vegas input parameters:
  ndim 11
  ncomp 1
  epsrel 0
  epsabs 0
  flags 291
  seed 2307
  mineval 1
  maxeval 1
  nstart 1000000
  nincrease 500000
  nbatch 1000
  gridno 1
  statefile "vegas_last_iter122"

Restoring state from vegas_last_iter122.

Iteration 18:  94500000 integrand evaluations so far
[1] -0.000470758 +- 5.5242e-08  	chisq 14.7044 (17 df)

Saving state to vegas_last_iter122.
Vegas input parameters:
  ndim 11
  ncomp 1
  epsrel 0
  epsabs 0
  flags 291
  seed 2429
  mineval 1
  maxeval 1
  nstart 1000000
  nincrease 500000
  nbatch 1000
  gridno 1
  statefile "vegas_last_iter122"

Restoring state from vegas_last_iter122.

Iteration 19:  104500000 integrand evaluations so far
[1] -0.000470794 +- 5.22226e-08  	chisq 18.6161 (18 df)

Saving state to vegas_last_iter122.
Vegas input parameters:
  ndim 11
  ncomp 1
  epsrel 0
  epsabs 0
  flags 291
  seed 2551
  mineval 1
  maxeval 1
  nstart 1000000
  nincrease 500000
  nbatch 1000
  gridno 1
  statefile "vegas_last_iter122"

Restoring state from vegas_last_iter122.

Iteration 20:  115000000 integrand evaluations so far
[1] -0.000470771 +- 4.95402e-08  	chisq 20.5666 (19 df)

Saving state to vegas_last_iter122.
Vegas input parameters:
  ndim 11
  ncomp 1
  epsrel 0
  epsabs 0
  flags 291
  seed 2673
  mineval 1
  maxeval 1
  nstart 1000000
  nincrease 500000
  nbatch 1000
  gridno 1
  statefile "vegas_last_iter122"

Restoring state from vegas_last_iter122.

Iteration 21:  126000000 integrand evaluations so far
[1] -0.000470729 +- 4.71252e-08  	chisq 27.9512 (20 df)

Saving state to vegas_last_iter122.
Vegas input parameters:
  ndim 11
  ncomp 1
  epsrel 0
  epsabs 0
  flags 291
  seed 2795
  mineval 1
  maxeval 1
  nstart 1000000
  nincrease 500000
  nbatch 1000
  gridno 1
  statefile "vegas_last_iter122"

Restoring state from vegas_last_iter122.

Iteration 22:  137500000 integrand evaluations so far
[1] -0.000470747 +- 4.49228e-08  	chisq 29.5057 (21 df)

Saving state to vegas_last_iter122.
Vegas input parameters:
  ndim 11
  ncomp 1
  epsrel 0
  epsabs 0
  flags 291
  seed 2917
  mineval 1
  maxeval 1
  nstart 1000000
  nincrease 500000
  nbatch 1000
  gridno 1
  statefile "vegas_last_iter122"

Restoring state from vegas_last_iter122.

Iteration 23:  149500000 integrand evaluations so far
[1] -0.000470761 +- 4.29331e-08  	chisq 30.6045 (22 df)

Saving state to vegas_last_iter122.
Vegas input parameters:
  ndim 11
  ncomp 1
  epsrel 0
  epsabs 0
  flags 291
  seed 3039
  mineval 1
  maxeval 1
  nstart 1000000
  nincrease 500000
  nbatch 1000
  gridno 1
  statefile "vegas_last_iter122"

Restoring state from vegas_last_iter122.

Iteration 24:  162000000 integrand evaluations so far
[1] -0.000470734 +- 4.1117e-08  	chisq 35.2347 (23 df)

Saving state to vegas_last_iter122.
Vegas input parameters:
  ndim 11
  ncomp 1
  epsrel 0
  epsabs 0
  flags 291
  seed 3161
  mineval 1
  maxeval 1
  nstart 1000000
  nincrease 500000
  nbatch 1000
  gridno 1
  statefile "vegas_last_iter122"

Restoring state from vegas_last_iter122.

Iteration 25:  175000000 integrand evaluations so far
[1] -0.000470737 +- 3.94559e-08  	chisq 35.3106 (24 df)

Saving state to vegas_last_iter122.
Vegas input parameters:
  ndim 11
  ncomp 1
  epsrel 0
  epsabs 0
  flags 291
  seed 3283
  mineval 1
  maxeval 1
  nstart 1000000
  nincrease 500000
  nbatch 1000
  gridno 1
  statefile "vegas_last_iter122"

Restoring state from vegas_last_iter122.

Iteration 26:  188500000 integrand evaluations so far
[1] -0.000470758 +- 3.79196e-08  	chisq 38.7082 (25 df)

Saving state to vegas_last_iter122.
Vegas input parameters:
  ndim 11
  ncomp 1
  epsrel 0
  epsabs 0
  flags 291
  seed 3405
  mineval 1
  maxeval 1
  nstart 1000000
  nincrease 500000
  nbatch 1000
  gridno 1
  statefile "vegas_last_iter122"

Restoring state from vegas_last_iter122.

Iteration 27:  202500000 integrand evaluations so far
[1] -0.000470753 +- 3.65037e-08  	chisq 38.8838 (26 df)

Saving state to vegas_last_iter122.
Thanks for using LHAPDF 6.3.0. Please make sure to cite the paper:
  Eur.Phys.J. C75 (2015) 3, 132  (http://arxiv.org/abs/1412.7420)
 method   =Vegas  
 nregions =           1
 neval    =   202500000
 fail     =           1
 -0.470753259289E-03 +-   0.365037245532E-07   p =    0.935
