/var/lib/condor/execute/dir_29337
LHAPDF 6.3.0 loading /home/taebh/2021_Research/share/LHAPDF/NNPDF31_nnlo_as_0118_mc_hessian_pdfas/NNPDF31_nnlo_as_0118_mc_hessian_pdfas_0000.dat
NNPDF31_nnlo_as_0118_mc_hessian_pdfas PDF set, member #0, version 1
Vegas input parameters:
  ndim 11
  ncomp 1
  epsrel 0
  epsabs 0
  flags 291
  seed 164
  mineval 1
  maxeval 1
  nstart 1000000
  nincrease 500000
  nbatch 1000
  gridno 1
  statefile "vegas_last_iter53"

Iteration 1:  1000000 integrand evaluations so far
[1] 0.0021803 +- 1.37491e-05  	chisq 0 (0 df)

Saving state to vegas_last_iter53.
Vegas input parameters:
  ndim 11
  ncomp 1
  epsrel 0
  epsabs 0
  flags 291
  seed 217
  mineval 1
  maxeval 1
  nstart 1000000
  nincrease 500000
  nbatch 1000
  gridno 1
  statefile "vegas_last_iter53"

Restoring state from vegas_last_iter53.

Iteration 2:  2500000 integrand evaluations so far
[1] 0.00218607 +- 6.78027e-06  	chisq 0.232628 (1 df)

Saving state to vegas_last_iter53.
Vegas input parameters:
  ndim 11
  ncomp 1
  epsrel 0
  epsabs 0
  flags 291
  seed 270
  mineval 1
  maxeval 1
  nstart 1000000
  nincrease 500000
  nbatch 1000
  gridno 1
  statefile "vegas_last_iter53"

Restoring state from vegas_last_iter53.

Iteration 3:  4500000 integrand evaluations so far
[1] 0.00218872 +- 4.19186e-06  	chisq 0.479329 (2 df)

Saving state to vegas_last_iter53.
Vegas input parameters:
  ndim 11
  ncomp 1
  epsrel 0
  epsabs 0
  flags 291
  seed 323
  mineval 1
  maxeval 1
  nstart 1000000
  nincrease 500000
  nbatch 1000
  gridno 1
  statefile "vegas_last_iter53"

Restoring state from vegas_last_iter53.

Iteration 4:  7000000 integrand evaluations so far
[1] 0.00219183 +- 2.93985e-06  	chisq 1.56611 (3 df)

Saving state to vegas_last_iter53.
Vegas input parameters:
  ndim 11
  ncomp 1
  epsrel 0
  epsabs 0
  flags 291
  seed 376
  mineval 1
  maxeval 1
  nstart 1000000
  nincrease 500000
  nbatch 1000
  gridno 1
  statefile "vegas_last_iter53"

Restoring state from vegas_last_iter53.

Iteration 5:  10000000 integrand evaluations so far
[1] 0.00219128 +- 2.23396e-06  	chisq 1.64998 (4 df)

Saving state to vegas_last_iter53.
Vegas input parameters:
  ndim 11
  ncomp 1
  epsrel 0
  epsabs 0
  flags 291
  seed 429
  mineval 1
  maxeval 1
  nstart 1000000
  nincrease 500000
  nbatch 1000
  gridno 1
  statefile "vegas_last_iter53"

Restoring state from vegas_last_iter53.

Iteration 6:  13500000 integrand evaluations so far
[1] 0.00219077 +- 1.80579e-06  	chisq 1.79776 (5 df)

Saving state to vegas_last_iter53.
Vegas input parameters:
  ndim 11
  ncomp 1
  epsrel 0
  epsabs 0
  flags 291
  seed 482
  mineval 1
  maxeval 1
  nstart 1000000
  nincrease 500000
  nbatch 1000
  gridno 1
  statefile "vegas_last_iter53"

Restoring state from vegas_last_iter53.

Iteration 7:  17500000 integrand evaluations so far
[1] 0.00219197 +- 1.52554e-06  	chisq 3.33294 (6 df)

Saving state to vegas_last_iter53.
Vegas input parameters:
  ndim 11
  ncomp 1
  epsrel 0
  epsabs 0
  flags 291
  seed 535
  mineval 1
  maxeval 1
  nstart 1000000
  nincrease 500000
  nbatch 1000
  gridno 1
  statefile "vegas_last_iter53"

Restoring state from vegas_last_iter53.

Iteration 8:  22000000 integrand evaluations so far
[1] 0.00219425 +- 1.32393e-06  	chisq 12.3881 (7 df)

Saving state to vegas_last_iter53.
Vegas input parameters:
  ndim 11
  ncomp 1
  epsrel 0
  epsabs 0
  flags 291
  seed 588
  mineval 1
  maxeval 1
  nstart 1000000
  nincrease 500000
  nbatch 1000
  gridno 1
  statefile "vegas_last_iter53"

Restoring state from vegas_last_iter53.

Iteration 9:  27000000 integrand evaluations so far
[1] 0.00219424 +- 1.17243e-06  	chisq 12.3882 (8 df)

Saving state to vegas_last_iter53.
Vegas input parameters:
  ndim 11
  ncomp 1
  epsrel 0
  epsabs 0
  flags 291
  seed 641
  mineval 1
  maxeval 1
  nstart 1000000
  nincrease 500000
  nbatch 1000
  gridno 1
  statefile "vegas_last_iter53"

Restoring state from vegas_last_iter53.

Iteration 10:  32500000 integrand evaluations so far
[1] 0.0021953 +- 1.05361e-06  	chisq 16.6 (9 df)

Saving state to vegas_last_iter53.
Vegas input parameters:
  ndim 11
  ncomp 1
  epsrel 0
  epsabs 0
  flags 291
  seed 694
  mineval 1
  maxeval 1
  nstart 1000000
  nincrease 500000
  nbatch 1000
  gridno 1
  statefile "vegas_last_iter53"

Restoring state from vegas_last_iter53.

Iteration 11:  38500000 integrand evaluations so far
[1] 0.00219458 +- 9.57784e-07  	chisq 19.2924 (10 df)

Saving state to vegas_last_iter53.
Vegas input parameters:
  ndim 11
  ncomp 1
  epsrel 0
  epsabs 0
  flags 291
  seed 747
  mineval 1
  maxeval 1
  nstart 1000000
  nincrease 500000
  nbatch 1000
  gridno 1
  statefile "vegas_last_iter53"

Restoring state from vegas_last_iter53.

Iteration 12:  45000000 integrand evaluations so far
[1] 0.00219479 +- 8.78636e-07  	chisq 19.5944 (11 df)

Saving state to vegas_last_iter53.
Vegas input parameters:
  ndim 11
  ncomp 1
  epsrel 0
  epsabs 0
  flags 291
  seed 800
  mineval 1
  maxeval 1
  nstart 1000000
  nincrease 500000
  nbatch 1000
  gridno 1
  statefile "vegas_last_iter53"

Restoring state from vegas_last_iter53.

Iteration 13:  52000000 integrand evaluations so far
[1] 0.00219509 +- 8.11906e-07  	chisq 20.3799 (12 df)

Saving state to vegas_last_iter53.
Vegas input parameters:
  ndim 11
  ncomp 1
  epsrel 0
  epsabs 0
  flags 291
  seed 853
  mineval 1
  maxeval 1
  nstart 1000000
  nincrease 500000
  nbatch 1000
  gridno 1
  statefile "vegas_last_iter53"

Restoring state from vegas_last_iter53.

Iteration 14:  59500000 integrand evaluations so far
[1] 0.0021952 +- 7.54946e-07  	chisq 20.5386 (13 df)

Saving state to vegas_last_iter53.
Vegas input parameters:
  ndim 11
  ncomp 1
  epsrel 0
  epsabs 0
  flags 291
  seed 906
  mineval 1
  maxeval 1
  nstart 1000000
  nincrease 500000
  nbatch 1000
  gridno 1
  statefile "vegas_last_iter53"

Restoring state from vegas_last_iter53.

Iteration 15:  67500000 integrand evaluations so far
[1] 0.00219552 +- 7.05523e-07  	chisq 21.8886 (14 df)

Saving state to vegas_last_iter53.
Vegas input parameters:
  ndim 11
  ncomp 1
  epsrel 0
  epsabs 0
  flags 291
  seed 959
  mineval 1
  maxeval 1
  nstart 1000000
  nincrease 500000
  nbatch 1000
  gridno 1
  statefile "vegas_last_iter53"

Restoring state from vegas_last_iter53.

Iteration 16:  76000000 integrand evaluations so far
[1] 0.00219604 +- 6.62466e-07  	chisq 26.463 (15 df)

Saving state to vegas_last_iter53.
Vegas input parameters:
  ndim 11
  ncomp 1
  epsrel 0
  epsabs 0
  flags 291
  seed 1012
  mineval 1
  maxeval 1
  nstart 1000000
  nincrease 500000
  nbatch 1000
  gridno 1
  statefile "vegas_last_iter53"

Restoring state from vegas_last_iter53.

Iteration 17:  85000000 integrand evaluations so far
[1] 0.00219575 +- 6.24479e-07  	chisq 28.115 (16 df)

Saving state to vegas_last_iter53.
Vegas input parameters:
  ndim 11
  ncomp 1
  epsrel 0
  epsabs 0
  flags 291
  seed 1065
  mineval 1
  maxeval 1
  nstart 1000000
  nincrease 500000
  nbatch 1000
  gridno 1
  statefile "vegas_last_iter53"

Restoring state from vegas_last_iter53.

Iteration 18:  94500000 integrand evaluations so far
[1] 0.00219581 +- 5.90662e-07  	chisq 28.2058 (17 df)

Saving state to vegas_last_iter53.
Vegas input parameters:
  ndim 11
  ncomp 1
  epsrel 0
  epsabs 0
  flags 291
  seed 1118
  mineval 1
  maxeval 1
  nstart 1000000
  nincrease 500000
  nbatch 1000
  gridno 1
  statefile "vegas_last_iter53"

Restoring state from vegas_last_iter53.

Iteration 19:  104500000 integrand evaluations so far
[1] 0.00219585 +- 5.60351e-07  	chisq 28.2511 (18 df)

Saving state to vegas_last_iter53.
Vegas input parameters:
  ndim 11
  ncomp 1
  epsrel 0
  epsabs 0
  flags 291
  seed 1171
  mineval 1
  maxeval 1
  nstart 1000000
  nincrease 500000
  nbatch 1000
  gridno 1
  statefile "vegas_last_iter53"

Restoring state from vegas_last_iter53.

Iteration 20:  115000000 integrand evaluations so far
[1] 0.00219549 +- 5.33114e-07  	chisq 32.5763 (19 df)

Saving state to vegas_last_iter53.
Vegas input parameters:
  ndim 11
  ncomp 1
  epsrel 0
  epsabs 0
  flags 291
  seed 1224
  mineval 1
  maxeval 1
  nstart 1000000
  nincrease 500000
  nbatch 1000
  gridno 1
  statefile "vegas_last_iter53"

Restoring state from vegas_last_iter53.

Iteration 21:  126000000 integrand evaluations so far
[1] 0.00219558 +- 5.0842e-07  	chisq 32.8688 (20 df)

Saving state to vegas_last_iter53.
Vegas input parameters:
  ndim 11
  ncomp 1
  epsrel 0
  epsabs 0
  flags 291
  seed 1277
  mineval 1
  maxeval 1
  nstart 1000000
  nincrease 500000
  nbatch 1000
  gridno 1
  statefile "vegas_last_iter53"

Restoring state from vegas_last_iter53.

Iteration 22:  137500000 integrand evaluations so far
[1] 0.00219544 +- 4.8595e-07  	chisq 33.7512 (21 df)

Saving state to vegas_last_iter53.
Vegas input parameters:
  ndim 11
  ncomp 1
  epsrel 0
  epsabs 0
  flags 291
  seed 1330
  mineval 1
  maxeval 1
  nstart 1000000
  nincrease 500000
  nbatch 1000
  gridno 1
  statefile "vegas_last_iter53"

Restoring state from vegas_last_iter53.

Iteration 23:  149500000 integrand evaluations so far
[1] 0.00219526 +- 4.6539e-07  	chisq 35.3334 (22 df)

Saving state to vegas_last_iter53.
Vegas input parameters:
  ndim 11
  ncomp 1
  epsrel 0
  epsabs 0
  flags 291
  seed 1383
  mineval 1
  maxeval 1
  nstart 1000000
  nincrease 500000
  nbatch 1000
  gridno 1
  statefile "vegas_last_iter53"

Restoring state from vegas_last_iter53.

Iteration 24:  162000000 integrand evaluations so far
[1] 0.00219543 +- 4.46547e-07  	chisq 36.8722 (23 df)

Saving state to vegas_last_iter53.
Vegas input parameters:
  ndim 11
  ncomp 1
  epsrel 0
  epsabs 0
  flags 291
  seed 1436
  mineval 1
  maxeval 1
  nstart 1000000
  nincrease 500000
  nbatch 1000
  gridno 1
  statefile "vegas_last_iter53"

Restoring state from vegas_last_iter53.

Iteration 25:  175000000 integrand evaluations so far
[1] 0.00219539 +- 4.29174e-07  	chisq 36.9538 (24 df)

Saving state to vegas_last_iter53.
Vegas input parameters:
  ndim 11
  ncomp 1
  epsrel 0
  epsabs 0
  flags 291
  seed 1489
  mineval 1
  maxeval 1
  nstart 1000000
  nincrease 500000
  nbatch 1000
  gridno 1
  statefile "vegas_last_iter53"

Restoring state from vegas_last_iter53.

Iteration 26:  188500000 integrand evaluations so far
[1] 0.00219541 +- 4.13135e-07  	chisq 36.9829 (25 df)

Saving state to vegas_last_iter53.
Vegas input parameters:
  ndim 11
  ncomp 1
  epsrel 0
  epsabs 0
  flags 291
  seed 1542
  mineval 1
  maxeval 1
  nstart 1000000
  nincrease 500000
  nbatch 1000
  gridno 1
  statefile "vegas_last_iter53"

Restoring state from vegas_last_iter53.

Iteration 27:  202500000 integrand evaluations so far
[1] 0.00219538 +- 3.98216e-07  	chisq 37.0517 (26 df)

Saving state to vegas_last_iter53.
Thanks for using LHAPDF 6.3.0. Please make sure to cite the paper:
  Eur.Phys.J. C75 (2015) 3, 132  (http://arxiv.org/abs/1412.7420)
 method   =Vegas  
 nregions =           1
 neval    =   202500000
 fail     =           1
  0.219538242337E-02 +-   0.398215805904E-06   p =    0.906
