/var/lib/condor/execute/dir_15471
LHAPDF 6.3.0 loading /home/taebh/2021_Research/share/LHAPDF/NNPDF31_nnlo_as_0118_mc_hessian_pdfas/NNPDF31_nnlo_as_0118_mc_hessian_pdfas_0000.dat
NNPDF31_nnlo_as_0118_mc_hessian_pdfas PDF set, member #0, version 1
Vegas input parameters:
  ndim 11
  ncomp 1
  epsrel 0
  epsabs 0
  flags 291
  seed 129
  mineval 1
  maxeval 1
  nstart 1000000
  nincrease 500000
  nbatch 1000
  gridno 1
  statefile "vegas_last_iter18"

Iteration 1:  1000000 integrand evaluations so far
[1] -2.29951e-05 +- 7.65238e-07  	chisq 0 (0 df)

Saving state to vegas_last_iter18.
Vegas input parameters:
  ndim 11
  ncomp 1
  epsrel 0
  epsabs 0
  flags 291
  seed 147
  mineval 1
  maxeval 1
  nstart 1000000
  nincrease 500000
  nbatch 1000
  gridno 1
  statefile "vegas_last_iter18"

Restoring state from vegas_last_iter18.

Iteration 2:  2500000 integrand evaluations so far
[1] -2.17828e-05 +- 1.59314e-07  	chisq 2.62372 (1 df)

Saving state to vegas_last_iter18.
Vegas input parameters:
  ndim 11
  ncomp 1
  epsrel 0
  epsabs 0
  flags 291
  seed 165
  mineval 1
  maxeval 1
  nstart 1000000
  nincrease 500000
  nbatch 1000
  gridno 1
  statefile "vegas_last_iter18"

Restoring state from vegas_last_iter18.

Iteration 3:  4500000 integrand evaluations so far
[1] -2.19697e-05 +- 6.02166e-08  	chisq 4.23013 (2 df)

Saving state to vegas_last_iter18.
Vegas input parameters:
  ndim 11
  ncomp 1
  epsrel 0
  epsabs 0
  flags 291
  seed 183
  mineval 1
  maxeval 1
  nstart 1000000
  nincrease 500000
  nbatch 1000
  gridno 1
  statefile "vegas_last_iter18"

Restoring state from vegas_last_iter18.

Iteration 4:  7000000 integrand evaluations so far
[1] -2.1952e-05 +- 2.87547e-08  	chisq 4.34239 (3 df)

Saving state to vegas_last_iter18.
Vegas input parameters:
  ndim 11
  ncomp 1
  epsrel 0
  epsabs 0
  flags 291
  seed 201
  mineval 1
  maxeval 1
  nstart 1000000
  nincrease 500000
  nbatch 1000
  gridno 1
  statefile "vegas_last_iter18"

Restoring state from vegas_last_iter18.

Iteration 5:  10000000 integrand evaluations so far
[1] -2.19785e-05 +- 1.74931e-08  	chisq 5.69489 (4 df)

Saving state to vegas_last_iter18.
Vegas input parameters:
  ndim 11
  ncomp 1
  epsrel 0
  epsabs 0
  flags 291
  seed 219
  mineval 1
  maxeval 1
  nstart 1000000
  nincrease 500000
  nbatch 1000
  gridno 1
  statefile "vegas_last_iter18"

Restoring state from vegas_last_iter18.

Iteration 6:  13500000 integrand evaluations so far
[1] -2.20052e-05 +- 1.25769e-08  	chisq 10.5083 (5 df)

Saving state to vegas_last_iter18.
Vegas input parameters:
  ndim 11
  ncomp 1
  epsrel 0
  epsabs 0
  flags 291
  seed 237
  mineval 1
  maxeval 1
  nstart 1000000
  nincrease 500000
  nbatch 1000
  gridno 1
  statefile "vegas_last_iter18"

Restoring state from vegas_last_iter18.

Iteration 7:  17500000 integrand evaluations so far
[1] -2.19929e-05 +- 9.90684e-09  	chisq 13.0467 (6 df)

Saving state to vegas_last_iter18.
Vegas input parameters:
  ndim 11
  ncomp 1
  epsrel 0
  epsabs 0
  flags 291
  seed 255
  mineval 1
  maxeval 1
  nstart 1000000
  nincrease 500000
  nbatch 1000
  gridno 1
  statefile "vegas_last_iter18"

Restoring state from vegas_last_iter18.

Iteration 8:  22000000 integrand evaluations so far
[1] -2.19946e-05 +- 8.26564e-09  	chisq 13.1517 (7 df)

Saving state to vegas_last_iter18.
Vegas input parameters:
  ndim 11
  ncomp 1
  epsrel 0
  epsabs 0
  flags 291
  seed 273
  mineval 1
  maxeval 1
  nstart 1000000
  nincrease 500000
  nbatch 1000
  gridno 1
  statefile "vegas_last_iter18"

Restoring state from vegas_last_iter18.

Iteration 9:  27000000 integrand evaluations so far
[1] -2.19999e-05 +- 7.12022e-09  	chisq 14.7305 (8 df)

Saving state to vegas_last_iter18.
Vegas input parameters:
  ndim 11
  ncomp 1
  epsrel 0
  epsabs 0
  flags 291
  seed 291
  mineval 1
  maxeval 1
  nstart 1000000
  nincrease 500000
  nbatch 1000
  gridno 1
  statefile "vegas_last_iter18"

Restoring state from vegas_last_iter18.

Iteration 10:  32500000 integrand evaluations so far
[1] -2.20013e-05 +- 6.27042e-09  	chisq 14.9009 (9 df)

Saving state to vegas_last_iter18.
Vegas input parameters:
  ndim 11
  ncomp 1
  epsrel 0
  epsabs 0
  flags 291
  seed 309
  mineval 1
  maxeval 1
  nstart 1000000
  nincrease 500000
  nbatch 1000
  gridno 1
  statefile "vegas_last_iter18"

Restoring state from vegas_last_iter18.

Iteration 11:  38500000 integrand evaluations so far
[1] -2.20061e-05 +- 5.61747e-09  	chisq 17.8253 (10 df)

Saving state to vegas_last_iter18.
Vegas input parameters:
  ndim 11
  ncomp 1
  epsrel 0
  epsabs 0
  flags 291
  seed 327
  mineval 1
  maxeval 1
  nstart 1000000
  nincrease 500000
  nbatch 1000
  gridno 1
  statefile "vegas_last_iter18"

Restoring state from vegas_last_iter18.

Iteration 12:  45000000 integrand evaluations so far
[1] -2.20058e-05 +- 5.09956e-09  	chisq 17.8343 (11 df)

Saving state to vegas_last_iter18.
Vegas input parameters:
  ndim 11
  ncomp 1
  epsrel 0
  epsabs 0
  flags 291
  seed 345
  mineval 1
  maxeval 1
  nstart 1000000
  nincrease 500000
  nbatch 1000
  gridno 1
  statefile "vegas_last_iter18"

Restoring state from vegas_last_iter18.

Iteration 13:  52000000 integrand evaluations so far
[1] -2.20061e-05 +- 4.67476e-09  	chisq 17.8562 (12 df)

Saving state to vegas_last_iter18.
Vegas input parameters:
  ndim 11
  ncomp 1
  epsrel 0
  epsabs 0
  flags 291
  seed 363
  mineval 1
  maxeval 1
  nstart 1000000
  nincrease 500000
  nbatch 1000
  gridno 1
  statefile "vegas_last_iter18"

Restoring state from vegas_last_iter18.

Iteration 14:  59500000 integrand evaluations so far
[1] -2.20062e-05 +- 4.31889e-09  	chisq 17.8562 (13 df)

Saving state to vegas_last_iter18.
Vegas input parameters:
  ndim 11
  ncomp 1
  epsrel 0
  epsabs 0
  flags 291
  seed 381
  mineval 1
  maxeval 1
  nstart 1000000
  nincrease 500000
  nbatch 1000
  gridno 1
  statefile "vegas_last_iter18"

Restoring state from vegas_last_iter18.

Iteration 15:  67500000 integrand evaluations so far
[1] -2.20052e-05 +- 4.01664e-09  	chisq 18.2207 (14 df)

Saving state to vegas_last_iter18.
Vegas input parameters:
  ndim 11
  ncomp 1
  epsrel 0
  epsabs 0
  flags 291
  seed 399
  mineval 1
  maxeval 1
  nstart 1000000
  nincrease 500000
  nbatch 1000
  gridno 1
  statefile "vegas_last_iter18"

Restoring state from vegas_last_iter18.

Iteration 16:  76000000 integrand evaluations so far
[1] -2.20046e-05 +- 3.75598e-09  	chisq 18.3732 (15 df)

Saving state to vegas_last_iter18.
Vegas input parameters:
  ndim 11
  ncomp 1
  epsrel 0
  epsabs 0
  flags 291
  seed 417
  mineval 1
  maxeval 1
  nstart 1000000
  nincrease 500000
  nbatch 1000
  gridno 1
  statefile "vegas_last_iter18"

Restoring state from vegas_last_iter18.

Iteration 17:  85000000 integrand evaluations so far
[1] -2.20057e-05 +- 3.52902e-09  	chisq 19.0387 (16 df)

Saving state to vegas_last_iter18.
Vegas input parameters:
  ndim 11
  ncomp 1
  epsrel 0
  epsabs 0
  flags 291
  seed 435
  mineval 1
  maxeval 1
  nstart 1000000
  nincrease 500000
  nbatch 1000
  gridno 1
  statefile "vegas_last_iter18"

Restoring state from vegas_last_iter18.

Iteration 18:  94500000 integrand evaluations so far
[1] -2.20055e-05 +- 3.32881e-09  	chisq 19.0612 (17 df)

Saving state to vegas_last_iter18.
Vegas input parameters:
  ndim 11
  ncomp 1
  epsrel 0
  epsabs 0
  flags 291
  seed 453
  mineval 1
  maxeval 1
  nstart 1000000
  nincrease 500000
  nbatch 1000
  gridno 1
  statefile "vegas_last_iter18"

Restoring state from vegas_last_iter18.

Iteration 19:  104500000 integrand evaluations so far
[1] -2.20062e-05 +- 3.15101e-09  	chisq 19.4615 (18 df)

Saving state to vegas_last_iter18.
Vegas input parameters:
  ndim 11
  ncomp 1
  epsrel 0
  epsabs 0
  flags 291
  seed 471
  mineval 1
  maxeval 1
  nstart 1000000
  nincrease 500000
  nbatch 1000
  gridno 1
  statefile "vegas_last_iter18"

Restoring state from vegas_last_iter18.

Iteration 20:  115000000 integrand evaluations so far
[1] -2.2008e-05 +- 2.9918e-09  	chisq 22.6734 (19 df)

Saving state to vegas_last_iter18.
Vegas input parameters:
  ndim 11
  ncomp 1
  epsrel 0
  epsabs 0
  flags 291
  seed 489
  mineval 1
  maxeval 1
  nstart 1000000
  nincrease 500000
  nbatch 1000
  gridno 1
  statefile "vegas_last_iter18"

Restoring state from vegas_last_iter18.

Iteration 21:  126000000 integrand evaluations so far
[1] -2.20073e-05 +- 2.84848e-09  	chisq 23.2383 (20 df)

Saving state to vegas_last_iter18.
Vegas input parameters:
  ndim 11
  ncomp 1
  epsrel 0
  epsabs 0
  flags 291
  seed 507
  mineval 1
  maxeval 1
  nstart 1000000
  nincrease 500000
  nbatch 1000
  gridno 1
  statefile "vegas_last_iter18"

Restoring state from vegas_last_iter18.

Iteration 22:  137500000 integrand evaluations so far
[1] -2.20064e-05 +- 2.71859e-09  	chisq 24.2439 (21 df)

Saving state to vegas_last_iter18.
Vegas input parameters:
  ndim 11
  ncomp 1
  epsrel 0
  epsabs 0
  flags 291
  seed 525
  mineval 1
  maxeval 1
  nstart 1000000
  nincrease 500000
  nbatch 1000
  gridno 1
  statefile "vegas_last_iter18"

Restoring state from vegas_last_iter18.

Iteration 23:  149500000 integrand evaluations so far
[1] -2.20058e-05 +- 2.60062e-09  	chisq 24.7694 (22 df)

Saving state to vegas_last_iter18.
Vegas input parameters:
  ndim 11
  ncomp 1
  epsrel 0
  epsabs 0
  flags 291
  seed 543
  mineval 1
  maxeval 1
  nstart 1000000
  nincrease 500000
  nbatch 1000
  gridno 1
  statefile "vegas_last_iter18"

Restoring state from vegas_last_iter18.

Iteration 24:  162000000 integrand evaluations so far
[1] -2.20055e-05 +- 2.49245e-09  	chisq 25.0551 (23 df)

Saving state to vegas_last_iter18.
Vegas input parameters:
  ndim 11
  ncomp 1
  epsrel 0
  epsabs 0
  flags 291
  seed 561
  mineval 1
  maxeval 1
  nstart 1000000
  nincrease 500000
  nbatch 1000
  gridno 1
  statefile "vegas_last_iter18"

Restoring state from vegas_last_iter18.

Iteration 25:  175000000 integrand evaluations so far
[1] -2.20058e-05 +- 2.39296e-09  	chisq 25.2671 (24 df)

Saving state to vegas_last_iter18.
Vegas input parameters:
  ndim 11
  ncomp 1
  epsrel 0
  epsabs 0
  flags 291
  seed 579
  mineval 1
  maxeval 1
  nstart 1000000
  nincrease 500000
  nbatch 1000
  gridno 1
  statefile "vegas_last_iter18"

Restoring state from vegas_last_iter18.

Iteration 26:  188500000 integrand evaluations so far
[1] -2.20059e-05 +- 2.30157e-09  	chisq 25.3389 (25 df)

Saving state to vegas_last_iter18.
Vegas input parameters:
  ndim 11
  ncomp 1
  epsrel 0
  epsabs 0
  flags 291
  seed 597
  mineval 1
  maxeval 1
  nstart 1000000
  nincrease 500000
  nbatch 1000
  gridno 1
  statefile "vegas_last_iter18"

Restoring state from vegas_last_iter18.

Iteration 27:  202500000 integrand evaluations so far
[1] -2.2006e-05 +- 2.21684e-09  	chisq 25.339 (26 df)

Saving state to vegas_last_iter18.
Thanks for using LHAPDF 6.3.0. Please make sure to cite the paper:
  Eur.Phys.J. C75 (2015) 3, 132  (http://arxiv.org/abs/1412.7420)
 method   =Vegas  
 nregions =           1
 neval    =   202500000
 fail     =           1
 -0.220059543410E-04 +-   0.221683511625E-08   p =    0.445
