/var/lib/condor/execute/dir_27887
LHAPDF 6.3.0 loading /home/taebh/2021_Research/share/LHAPDF/NNPDF31_nnlo_as_0118_mc_hessian_pdfas/NNPDF31_nnlo_as_0118_mc_hessian_pdfas_0000.dat
NNPDF31_nnlo_as_0118_mc_hessian_pdfas PDF set, member #0, version 1
Vegas input parameters:
  ndim 11
  ncomp 1
  epsrel 0
  epsabs 0
  flags 291
  seed 143
  mineval 1
  maxeval 1
  nstart 1000000
  nincrease 500000
  nbatch 1000
  gridno 1
  statefile "vegas_last_iter32"

Iteration 1:  1000000 integrand evaluations so far
[1] 8.32742e-05 +- 1.98493e-05  	chisq 0 (0 df)

Saving state to vegas_last_iter32.
Vegas input parameters:
  ndim 11
  ncomp 1
  epsrel 0
  epsabs 0
  flags 291
  seed 175
  mineval 1
  maxeval 1
  nstart 1000000
  nincrease 500000
  nbatch 1000
  gridno 1
  statefile "vegas_last_iter32"

Restoring state from vegas_last_iter32.

Iteration 2:  2500000 integrand evaluations so far
[1] 7.14962e-05 +- 6.43329e-06  	chisq 0.393418 (1 df)

Saving state to vegas_last_iter32.
Vegas input parameters:
  ndim 11
  ncomp 1
  epsrel 0
  epsabs 0
  flags 291
  seed 207
  mineval 1
  maxeval 1
  nstart 1000000
  nincrease 500000
  nbatch 1000
  gridno 1
  statefile "vegas_last_iter32"

Restoring state from vegas_last_iter32.

Iteration 3:  4500000 integrand evaluations so far
[1] 7.44108e-05 +- 2.02151e-06  	chisq 0.621168 (2 df)

Saving state to vegas_last_iter32.
Vegas input parameters:
  ndim 11
  ncomp 1
  epsrel 0
  epsabs 0
  flags 291
  seed 239
  mineval 1
  maxeval 1
  nstart 1000000
  nincrease 500000
  nbatch 1000
  gridno 1
  statefile "vegas_last_iter32"

Restoring state from vegas_last_iter32.

Iteration 4:  7000000 integrand evaluations so far
[1] 7.41133e-05 +- 4.02067e-07  	chisq 0.643726 (3 df)

Saving state to vegas_last_iter32.
Vegas input parameters:
  ndim 11
  ncomp 1
  epsrel 0
  epsabs 0
  flags 291
  seed 271
  mineval 1
  maxeval 1
  nstart 1000000
  nincrease 500000
  nbatch 1000
  gridno 1
  statefile "vegas_last_iter32"

Restoring state from vegas_last_iter32.

Iteration 5:  10000000 integrand evaluations so far
[1] 7.42594e-05 +- 1.15326e-07  	chisq 0.78765 (4 df)

Saving state to vegas_last_iter32.
Vegas input parameters:
  ndim 11
  ncomp 1
  epsrel 0
  epsabs 0
  flags 291
  seed 303
  mineval 1
  maxeval 1
  nstart 1000000
  nincrease 500000
  nbatch 1000
  gridno 1
  statefile "vegas_last_iter32"

Restoring state from vegas_last_iter32.

Iteration 6:  13500000 integrand evaluations so far
[1] 7.43317e-05 +- 5.94263e-08  	chisq 1.32287 (5 df)

Saving state to vegas_last_iter32.
Vegas input parameters:
  ndim 11
  ncomp 1
  epsrel 0
  epsabs 0
  flags 291
  seed 335
  mineval 1
  maxeval 1
  nstart 1000000
  nincrease 500000
  nbatch 1000
  gridno 1
  statefile "vegas_last_iter32"

Restoring state from vegas_last_iter32.

Iteration 7:  17500000 integrand evaluations so far
[1] 7.43323e-05 +- 4.04543e-08  	chisq 1.32306 (6 df)

Saving state to vegas_last_iter32.
Vegas input parameters:
  ndim 11
  ncomp 1
  epsrel 0
  epsabs 0
  flags 291
  seed 367
  mineval 1
  maxeval 1
  nstart 1000000
  nincrease 500000
  nbatch 1000
  gridno 1
  statefile "vegas_last_iter32"

Restoring state from vegas_last_iter32.

Iteration 8:  22000000 integrand evaluations so far
[1] 7.43514e-05 +- 3.1273e-08  	chisq 1.8785 (7 df)

Saving state to vegas_last_iter32.
Vegas input parameters:
  ndim 11
  ncomp 1
  epsrel 0
  epsabs 0
  flags 291
  seed 399
  mineval 1
  maxeval 1
  nstart 1000000
  nincrease 500000
  nbatch 1000
  gridno 1
  statefile "vegas_last_iter32"

Restoring state from vegas_last_iter32.

Iteration 9:  27000000 integrand evaluations so far
[1] 7.43332e-05 +- 2.58644e-08  	chisq 2.95159 (8 df)

Saving state to vegas_last_iter32.
Vegas input parameters:
  ndim 11
  ncomp 1
  epsrel 0
  epsabs 0
  flags 291
  seed 431
  mineval 1
  maxeval 1
  nstart 1000000
  nincrease 500000
  nbatch 1000
  gridno 1
  statefile "vegas_last_iter32"

Restoring state from vegas_last_iter32.

Iteration 10:  32500000 integrand evaluations so far
[1] 7.43341e-05 +- 2.22395e-08  	chisq 2.95651 (9 df)

Saving state to vegas_last_iter32.
Vegas input parameters:
  ndim 11
  ncomp 1
  epsrel 0
  epsabs 0
  flags 291
  seed 463
  mineval 1
  maxeval 1
  nstart 1000000
  nincrease 500000
  nbatch 1000
  gridno 1
  statefile "vegas_last_iter32"

Restoring state from vegas_last_iter32.

Iteration 11:  38500000 integrand evaluations so far
[1] 7.43385e-05 +- 1.96154e-08  	chisq 3.12894 (10 df)

Saving state to vegas_last_iter32.
Vegas input parameters:
  ndim 11
  ncomp 1
  epsrel 0
  epsabs 0
  flags 291
  seed 495
  mineval 1
  maxeval 1
  nstart 1000000
  nincrease 500000
  nbatch 1000
  gridno 1
  statefile "vegas_last_iter32"

Restoring state from vegas_last_iter32.

Iteration 12:  45000000 integrand evaluations so far
[1] 7.43297e-05 +- 1.76081e-08  	chisq 4.16902 (11 df)

Saving state to vegas_last_iter32.
Vegas input parameters:
  ndim 11
  ncomp 1
  epsrel 0
  epsabs 0
  flags 291
  seed 527
  mineval 1
  maxeval 1
  nstart 1000000
  nincrease 500000
  nbatch 1000
  gridno 1
  statefile "vegas_last_iter32"

Restoring state from vegas_last_iter32.

Iteration 13:  52000000 integrand evaluations so far
[1] 7.43259e-05 +- 1.60104e-08  	chisq 4.4398 (12 df)

Saving state to vegas_last_iter32.
Vegas input parameters:
  ndim 11
  ncomp 1
  epsrel 0
  epsabs 0
  flags 291
  seed 559
  mineval 1
  maxeval 1
  nstart 1000000
  nincrease 500000
  nbatch 1000
  gridno 1
  statefile "vegas_last_iter32"

Restoring state from vegas_last_iter32.

Iteration 14:  59500000 integrand evaluations so far
[1] 7.43195e-05 +- 1.47033e-08  	chisq 5.45199 (13 df)

Saving state to vegas_last_iter32.
Vegas input parameters:
  ndim 11
  ncomp 1
  epsrel 0
  epsabs 0
  flags 291
  seed 591
  mineval 1
  maxeval 1
  nstart 1000000
  nincrease 500000
  nbatch 1000
  gridno 1
  statefile "vegas_last_iter32"

Restoring state from vegas_last_iter32.

Iteration 15:  67500000 integrand evaluations so far
[1] 7.43156e-05 +- 1.36105e-08  	chisq 5.94314 (14 df)

Saving state to vegas_last_iter32.
Vegas input parameters:
  ndim 11
  ncomp 1
  epsrel 0
  epsabs 0
  flags 291
  seed 623
  mineval 1
  maxeval 1
  nstart 1000000
  nincrease 500000
  nbatch 1000
  gridno 1
  statefile "vegas_last_iter32"

Restoring state from vegas_last_iter32.

Iteration 16:  76000000 integrand evaluations so far
[1] 7.43194e-05 +- 1.26771e-08  	chisq 6.53764 (15 df)

Saving state to vegas_last_iter32.
Vegas input parameters:
  ndim 11
  ncomp 1
  epsrel 0
  epsabs 0
  flags 291
  seed 655
  mineval 1
  maxeval 1
  nstart 1000000
  nincrease 500000
  nbatch 1000
  gridno 1
  statefile "vegas_last_iter32"

Restoring state from vegas_last_iter32.

Iteration 17:  85000000 integrand evaluations so far
[1] 7.43225e-05 +- 1.18712e-08  	chisq 7.01507 (16 df)

Saving state to vegas_last_iter32.
Vegas input parameters:
  ndim 11
  ncomp 1
  epsrel 0
  epsabs 0
  flags 291
  seed 687
  mineval 1
  maxeval 1
  nstart 1000000
  nincrease 500000
  nbatch 1000
  gridno 1
  statefile "vegas_last_iter32"

Restoring state from vegas_last_iter32.

Iteration 18:  94500000 integrand evaluations so far
[1] 7.43221e-05 +- 1.11683e-08  	chisq 7.02495 (17 df)

Saving state to vegas_last_iter32.
Vegas input parameters:
  ndim 11
  ncomp 1
  epsrel 0
  epsabs 0
  flags 291
  seed 719
  mineval 1
  maxeval 1
  nstart 1000000
  nincrease 500000
  nbatch 1000
  gridno 1
  statefile "vegas_last_iter32"

Restoring state from vegas_last_iter32.

Iteration 19:  104500000 integrand evaluations so far
[1] 7.43166e-05 +- 1.05491e-08  	chisq 9.28015 (18 df)

Saving state to vegas_last_iter32.
Vegas input parameters:
  ndim 11
  ncomp 1
  epsrel 0
  epsabs 0
  flags 291
  seed 751
  mineval 1
  maxeval 1
  nstart 1000000
  nincrease 500000
  nbatch 1000
  gridno 1
  statefile "vegas_last_iter32"

Restoring state from vegas_last_iter32.

Iteration 20:  115000000 integrand evaluations so far
[1] 7.43113e-05 +- 9.99822e-09  	chisq 11.7175 (19 df)

Saving state to vegas_last_iter32.
Vegas input parameters:
  ndim 11
  ncomp 1
  epsrel 0
  epsabs 0
  flags 291
  seed 783
  mineval 1
  maxeval 1
  nstart 1000000
  nincrease 500000
  nbatch 1000
  gridno 1
  statefile "vegas_last_iter32"

Restoring state from vegas_last_iter32.

Iteration 21:  126000000 integrand evaluations so far
[1] 7.43125e-05 +- 9.50383e-09  	chisq 11.8582 (20 df)

Saving state to vegas_last_iter32.
Vegas input parameters:
  ndim 11
  ncomp 1
  epsrel 0
  epsabs 0
  flags 291
  seed 815
  mineval 1
  maxeval 1
  nstart 1000000
  nincrease 500000
  nbatch 1000
  gridno 1
  statefile "vegas_last_iter32"

Restoring state from vegas_last_iter32.

Iteration 22:  137500000 integrand evaluations so far
[1] 7.43163e-05 +- 9.05661e-09  	chisq 13.6271 (21 df)

Saving state to vegas_last_iter32.
Vegas input parameters:
  ndim 11
  ncomp 1
  epsrel 0
  epsabs 0
  flags 291
  seed 847
  mineval 1
  maxeval 1
  nstart 1000000
  nincrease 500000
  nbatch 1000
  gridno 1
  statefile "vegas_last_iter32"

Restoring state from vegas_last_iter32.

Iteration 23:  149500000 integrand evaluations so far
[1] 7.43174e-05 +- 8.65188e-09  	chisq 13.7913 (22 df)

Saving state to vegas_last_iter32.
Vegas input parameters:
  ndim 11
  ncomp 1
  epsrel 0
  epsabs 0
  flags 291
  seed 879
  mineval 1
  maxeval 1
  nstart 1000000
  nincrease 500000
  nbatch 1000
  gridno 1
  statefile "vegas_last_iter32"

Restoring state from vegas_last_iter32.

Iteration 24:  162000000 integrand evaluations so far
[1] 7.43136e-05 +- 8.2831e-09  	chisq 16.1155 (23 df)

Saving state to vegas_last_iter32.
Vegas input parameters:
  ndim 11
  ncomp 1
  epsrel 0
  epsabs 0
  flags 291
  seed 911
  mineval 1
  maxeval 1
  nstart 1000000
  nincrease 500000
  nbatch 1000
  gridno 1
  statefile "vegas_last_iter32"

Restoring state from vegas_last_iter32.

Iteration 25:  175000000 integrand evaluations so far
[1] 7.4311e-05 +- 7.94499e-09  	chisq 17.3115 (24 df)

Saving state to vegas_last_iter32.
Vegas input parameters:
  ndim 11
  ncomp 1
  epsrel 0
  epsabs 0
  flags 291
  seed 943
  mineval 1
  maxeval 1
  nstart 1000000
  nincrease 500000
  nbatch 1000
  gridno 1
  statefile "vegas_last_iter32"

Restoring state from vegas_last_iter32.

Iteration 26:  188500000 integrand evaluations so far
[1] 7.43091e-05 +- 7.63436e-09  	chisq 18.0623 (25 df)

Saving state to vegas_last_iter32.
Vegas input parameters:
  ndim 11
  ncomp 1
  epsrel 0
  epsabs 0
  flags 291
  seed 975
  mineval 1
  maxeval 1
  nstart 1000000
  nincrease 500000
  nbatch 1000
  gridno 1
  statefile "vegas_last_iter32"

Restoring state from vegas_last_iter32.

Iteration 27:  202500000 integrand evaluations so far
[1] 7.43095e-05 +- 7.34784e-09  	chisq 18.0889 (26 df)

Saving state to vegas_last_iter32.
Thanks for using LHAPDF 6.3.0. Please make sure to cite the paper:
  Eur.Phys.J. C75 (2015) 3, 132  (http://arxiv.org/abs/1412.7420)
 method   =Vegas  
 nregions =           1
 neval    =   202500000
 fail     =           1
  0.743094619092E-04 +-   0.734784100427E-08   p =    0.099
