/var/lib/condor/execute/dir_56271
LHAPDF 6.3.0 loading /home/taebh/2021_Research/share/LHAPDF/NNPDF31_nnlo_as_0118_mc_hessian_pdfas/NNPDF31_nnlo_as_0118_mc_hessian_pdfas_0000.dat
NNPDF31_nnlo_as_0118_mc_hessian_pdfas PDF set, member #0, version 1
Vegas input parameters:
  ndim 11
  ncomp 1
  epsrel 0
  epsabs 0
  flags 291
  seed 209
  mineval 1
  maxeval 1
  nstart 1000000
  nincrease 500000
  nbatch 1000
  gridno 1
  statefile "vegas_last_iter98"

Iteration 1:  1000000 integrand evaluations so far
[1] 0.00106602 +- 0.000395665  	chisq 0 (0 df)

Saving state to vegas_last_iter98.
Vegas input parameters:
  ndim 11
  ncomp 1
  epsrel 0
  epsabs 0
  flags 291
  seed 307
  mineval 1
  maxeval 1
  nstart 1000000
  nincrease 500000
  nbatch 1000
  gridno 1
  statefile "vegas_last_iter98"

Restoring state from vegas_last_iter98.

Iteration 2:  2500000 integrand evaluations so far
[1] 0.000701862 +- 8.51172e-05  	chisq 0.888189 (1 df)

Saving state to vegas_last_iter98.
Vegas input parameters:
  ndim 11
  ncomp 1
  epsrel 0
  epsabs 0
  flags 291
  seed 405
  mineval 1
  maxeval 1
  nstart 1000000
  nincrease 500000
  nbatch 1000
  gridno 1
  statefile "vegas_last_iter98"

Restoring state from vegas_last_iter98.

Iteration 3:  4500000 integrand evaluations so far
[1] 0.00073687 +- 5.51793e-05  	chisq 1.17996 (2 df)

Saving state to vegas_last_iter98.
Vegas input parameters:
  ndim 11
  ncomp 1
  epsrel 0
  epsabs 0
  flags 291
  seed 503
  mineval 1
  maxeval 1
  nstart 1000000
  nincrease 500000
  nbatch 1000
  gridno 1
  statefile "vegas_last_iter98"

Restoring state from vegas_last_iter98.

Iteration 4:  7000000 integrand evaluations so far
[1] 0.000796569 +- 1.61454e-05  	chisq 2.4601 (3 df)

Saving state to vegas_last_iter98.
Vegas input parameters:
  ndim 11
  ncomp 1
  epsrel 0
  epsabs 0
  flags 291
  seed 601
  mineval 1
  maxeval 1
  nstart 1000000
  nincrease 500000
  nbatch 1000
  gridno 1
  statefile "vegas_last_iter98"

Restoring state from vegas_last_iter98.

Iteration 5:  10000000 integrand evaluations so far
[1] 0.000791792 +- 3.62893e-06  	chisq 2.5523 (4 df)

Saving state to vegas_last_iter98.
Vegas input parameters:
  ndim 11
  ncomp 1
  epsrel 0
  epsabs 0
  flags 291
  seed 699
  mineval 1
  maxeval 1
  nstart 1000000
  nincrease 500000
  nbatch 1000
  gridno 1
  statefile "vegas_last_iter98"

Restoring state from vegas_last_iter98.

Iteration 6:  13500000 integrand evaluations so far
[1] 0.000791376 +- 1.64825e-06  	chisq 2.56882 (5 df)

Saving state to vegas_last_iter98.
Vegas input parameters:
  ndim 11
  ncomp 1
  epsrel 0
  epsabs 0
  flags 291
  seed 797
  mineval 1
  maxeval 1
  nstart 1000000
  nincrease 500000
  nbatch 1000
  gridno 1
  statefile "vegas_last_iter98"

Restoring state from vegas_last_iter98.

Iteration 7:  17500000 integrand evaluations so far
[1] 0.00078989 +- 1.08836e-06  	chisq 4.00959 (6 df)

Saving state to vegas_last_iter98.
Vegas input parameters:
  ndim 11
  ncomp 1
  epsrel 0
  epsabs 0
  flags 291
  seed 895
  mineval 1
  maxeval 1
  nstart 1000000
  nincrease 500000
  nbatch 1000
  gridno 1
  statefile "vegas_last_iter98"

Restoring state from vegas_last_iter98.

Iteration 8:  22000000 integrand evaluations so far
[1] 0.000791144 +- 8.30348e-07  	chisq 7.18686 (7 df)

Saving state to vegas_last_iter98.
Vegas input parameters:
  ndim 11
  ncomp 1
  epsrel 0
  epsabs 0
  flags 291
  seed 993
  mineval 1
  maxeval 1
  nstart 1000000
  nincrease 500000
  nbatch 1000
  gridno 1
  statefile "vegas_last_iter98"

Restoring state from vegas_last_iter98.

Iteration 9:  27000000 integrand evaluations so far
[1] 0.000790971 +- 6.8257e-07  	chisq 7.32119 (8 df)

Saving state to vegas_last_iter98.
Vegas input parameters:
  ndim 11
  ncomp 1
  epsrel 0
  epsabs 0
  flags 291
  seed 1091
  mineval 1
  maxeval 1
  nstart 1000000
  nincrease 500000
  nbatch 1000
  gridno 1
  statefile "vegas_last_iter98"

Restoring state from vegas_last_iter98.

Iteration 10:  32500000 integrand evaluations so far
[1] 0.000791223 +- 5.84697e-07  	chisq 7.83235 (9 df)

Saving state to vegas_last_iter98.
Vegas input parameters:
  ndim 11
  ncomp 1
  epsrel 0
  epsabs 0
  flags 291
  seed 1189
  mineval 1
  maxeval 1
  nstart 1000000
  nincrease 500000
  nbatch 1000
  gridno 1
  statefile "vegas_last_iter98"

Restoring state from vegas_last_iter98.

Iteration 11:  38500000 integrand evaluations so far
[1] 0.0007916 +- 5.14285e-07  	chisq 9.67134 (10 df)

Saving state to vegas_last_iter98.
Vegas input parameters:
  ndim 11
  ncomp 1
  epsrel 0
  epsabs 0
  flags 291
  seed 1287
  mineval 1
  maxeval 1
  nstart 1000000
  nincrease 500000
  nbatch 1000
  gridno 1
  statefile "vegas_last_iter98"

Restoring state from vegas_last_iter98.

Iteration 12:  45000000 integrand evaluations so far
[1] 0.000791595 +- 4.60777e-07  	chisq 9.67191 (11 df)

Saving state to vegas_last_iter98.
Vegas input parameters:
  ndim 11
  ncomp 1
  epsrel 0
  epsabs 0
  flags 291
  seed 1385
  mineval 1
  maxeval 1
  nstart 1000000
  nincrease 500000
  nbatch 1000
  gridno 1
  statefile "vegas_last_iter98"

Restoring state from vegas_last_iter98.

Iteration 13:  52000000 integrand evaluations so far
[1] 0.000791729 +- 4.18388e-07  	chisq 10.1539 (12 df)

Saving state to vegas_last_iter98.
Vegas input parameters:
  ndim 11
  ncomp 1
  epsrel 0
  epsabs 0
  flags 291
  seed 1483
  mineval 1
  maxeval 1
  nstart 1000000
  nincrease 500000
  nbatch 1000
  gridno 1
  statefile "vegas_last_iter98"

Restoring state from vegas_last_iter98.

Iteration 14:  59500000 integrand evaluations so far
[1] 0.00079169 +- 3.83884e-07  	chisq 10.207 (13 df)

Saving state to vegas_last_iter98.
Vegas input parameters:
  ndim 11
  ncomp 1
  epsrel 0
  epsabs 0
  flags 291
  seed 1581
  mineval 1
  maxeval 1
  nstart 1000000
  nincrease 500000
  nbatch 1000
  gridno 1
  statefile "vegas_last_iter98"

Restoring state from vegas_last_iter98.

Iteration 15:  67500000 integrand evaluations so far
[1] 0.000791605 +- 3.55049e-07  	chisq 10.5468 (14 df)

Saving state to vegas_last_iter98.
Vegas input parameters:
  ndim 11
  ncomp 1
  epsrel 0
  epsabs 0
  flags 291
  seed 1679
  mineval 1
  maxeval 1
  nstart 1000000
  nincrease 500000
  nbatch 1000
  gridno 1
  statefile "vegas_last_iter98"

Restoring state from vegas_last_iter98.

Iteration 16:  76000000 integrand evaluations so far
[1] 0.000791706 +- 3.30579e-07  	chisq 11.1513 (15 df)

Saving state to vegas_last_iter98.
Vegas input parameters:
  ndim 11
  ncomp 1
  epsrel 0
  epsabs 0
  flags 291
  seed 1777
  mineval 1
  maxeval 1
  nstart 1000000
  nincrease 500000
  nbatch 1000
  gridno 1
  statefile "vegas_last_iter98"

Restoring state from vegas_last_iter98.

Iteration 17:  85000000 integrand evaluations so far
[1] 0.000791809 +- 3.09435e-07  	chisq 11.9308 (16 df)

Saving state to vegas_last_iter98.
Vegas input parameters:
  ndim 11
  ncomp 1
  epsrel 0
  epsabs 0
  flags 291
  seed 1875
  mineval 1
  maxeval 1
  nstart 1000000
  nincrease 500000
  nbatch 1000
  gridno 1
  statefile "vegas_last_iter98"

Restoring state from vegas_last_iter98.

Iteration 18:  94500000 integrand evaluations so far
[1] 0.000791748 +- 2.91016e-07  	chisq 12.2679 (17 df)

Saving state to vegas_last_iter98.
Vegas input parameters:
  ndim 11
  ncomp 1
  epsrel 0
  epsabs 0
  flags 291
  seed 1973
  mineval 1
  maxeval 1
  nstart 1000000
  nincrease 500000
  nbatch 1000
  gridno 1
  statefile "vegas_last_iter98"

Restoring state from vegas_last_iter98.

Iteration 19:  104500000 integrand evaluations so far
[1] 0.000791731 +- 2.74719e-07  	chisq 12.2974 (18 df)

Saving state to vegas_last_iter98.
Vegas input parameters:
  ndim 11
  ncomp 1
  epsrel 0
  epsabs 0
  flags 291
  seed 2071
  mineval 1
  maxeval 1
  nstart 1000000
  nincrease 500000
  nbatch 1000
  gridno 1
  statefile "vegas_last_iter98"

Restoring state from vegas_last_iter98.

Iteration 20:  115000000 integrand evaluations so far
[1] 0.000791865 +- 2.6026e-07  	chisq 14.6012 (19 df)

Saving state to vegas_last_iter98.
Vegas input parameters:
  ndim 11
  ncomp 1
  epsrel 0
  epsabs 0
  flags 291
  seed 2169
  mineval 1
  maxeval 1
  nstart 1000000
  nincrease 500000
  nbatch 1000
  gridno 1
  statefile "vegas_last_iter98"

Restoring state from vegas_last_iter98.

Iteration 21:  126000000 integrand evaluations so far
[1] 0.000791832 +- 2.47333e-07  	chisq 14.7669 (20 df)

Saving state to vegas_last_iter98.
Vegas input parameters:
  ndim 11
  ncomp 1
  epsrel 0
  epsabs 0
  flags 291
  seed 2267
  mineval 1
  maxeval 1
  nstart 1000000
  nincrease 500000
  nbatch 1000
  gridno 1
  statefile "vegas_last_iter98"

Restoring state from vegas_last_iter98.

Iteration 22:  137500000 integrand evaluations so far
[1] 0.000791633 +- 2.35704e-07  	chisq 21.772 (21 df)

Saving state to vegas_last_iter98.
Vegas input parameters:
  ndim 11
  ncomp 1
  epsrel 0
  epsabs 0
  flags 291
  seed 2365
  mineval 1
  maxeval 1
  nstart 1000000
  nincrease 500000
  nbatch 1000
  gridno 1
  statefile "vegas_last_iter98"

Restoring state from vegas_last_iter98.

Iteration 23:  149500000 integrand evaluations so far
[1] 0.000791644 +- 2.25117e-07  	chisq 21.7971 (22 df)

Saving state to vegas_last_iter98.
Vegas input parameters:
  ndim 11
  ncomp 1
  epsrel 0
  epsabs 0
  flags 291
  seed 2463
  mineval 1
  maxeval 1
  nstart 1000000
  nincrease 500000
  nbatch 1000
  gridno 1
  statefile "vegas_last_iter98"

Restoring state from vegas_last_iter98.

Iteration 24:  162000000 integrand evaluations so far
[1] 0.000791644 +- 2.15494e-07  	chisq 21.7972 (23 df)

Saving state to vegas_last_iter98.
Vegas input parameters:
  ndim 11
  ncomp 1
  epsrel 0
  epsabs 0
  flags 291
  seed 2561
  mineval 1
  maxeval 1
  nstart 1000000
  nincrease 500000
  nbatch 1000
  gridno 1
  statefile "vegas_last_iter98"

Restoring state from vegas_last_iter98.

Iteration 25:  175000000 integrand evaluations so far
[1] 0.000791552 +- 2.06686e-07  	chisq 24.0793 (24 df)

Saving state to vegas_last_iter98.
Vegas input parameters:
  ndim 11
  ncomp 1
  epsrel 0
  epsabs 0
  flags 291
  seed 2659
  mineval 1
  maxeval 1
  nstart 1000000
  nincrease 500000
  nbatch 1000
  gridno 1
  statefile "vegas_last_iter98"

Restoring state from vegas_last_iter98.

Iteration 26:  188500000 integrand evaluations so far
[1] 0.000791531 +- 1.98579e-07  	chisq 24.2038 (25 df)

Saving state to vegas_last_iter98.
Vegas input parameters:
  ndim 11
  ncomp 1
  epsrel 0
  epsabs 0
  flags 291
  seed 2757
  mineval 1
  maxeval 1
  nstart 1000000
  nincrease 500000
  nbatch 1000
  gridno 1
  statefile "vegas_last_iter98"

Restoring state from vegas_last_iter98.

Iteration 27:  202500000 integrand evaluations so far
[1] 0.000791603 +- 1.91112e-07  	chisq 25.9525 (26 df)

Saving state to vegas_last_iter98.
Thanks for using LHAPDF 6.3.0. Please make sure to cite the paper:
  Eur.Phys.J. C75 (2015) 3, 132  (http://arxiv.org/abs/1412.7420)
 method   =Vegas  
 nregions =           1
 neval    =   202500000
 fail     =           1
  0.791602650556E-03 +-   0.191111767738E-06   p =    0.479
