/var/lib/condor/execute/dir_15935
LHAPDF 6.3.0 loading /home/taebh/2021_Research/share/LHAPDF/NNPDF31_nnlo_as_0118_mc_hessian_pdfas/NNPDF31_nnlo_as_0118_mc_hessian_pdfas_0000.dat
NNPDF31_nnlo_as_0118_mc_hessian_pdfas PDF set, member #0, version 1
Vegas input parameters:
  ndim 11
  ncomp 1
  epsrel 0
  epsabs 0
  flags 291
  seed 132
  mineval 1
  maxeval 1
  nstart 1000000
  nincrease 500000
  nbatch 1000
  gridno 1
  statefile "vegas_last_iter21"

Iteration 1:  1000000 integrand evaluations so far
[1] -3.65656e-05 +- 1.15591e-06  	chisq 0 (0 df)

Saving state to vegas_last_iter21.
Vegas input parameters:
  ndim 11
  ncomp 1
  epsrel 0
  epsabs 0
  flags 291
  seed 153
  mineval 1
  maxeval 1
  nstart 1000000
  nincrease 500000
  nbatch 1000
  gridno 1
  statefile "vegas_last_iter21"

Restoring state from vegas_last_iter21.

Iteration 2:  2500000 integrand evaluations so far
[1] -3.55652e-05 +- 2.94505e-07  	chisq 0.801071 (1 df)

Saving state to vegas_last_iter21.
Vegas input parameters:
  ndim 11
  ncomp 1
  epsrel 0
  epsabs 0
  flags 291
  seed 174
  mineval 1
  maxeval 1
  nstart 1000000
  nincrease 500000
  nbatch 1000
  gridno 1
  statefile "vegas_last_iter21"

Restoring state from vegas_last_iter21.

Iteration 3:  4500000 integrand evaluations so far
[1] -3.56333e-05 +- 1.44945e-07  	chisq 0.87166 (2 df)

Saving state to vegas_last_iter21.
Vegas input parameters:
  ndim 11
  ncomp 1
  epsrel 0
  epsabs 0
  flags 291
  seed 195
  mineval 1
  maxeval 1
  nstart 1000000
  nincrease 500000
  nbatch 1000
  gridno 1
  statefile "vegas_last_iter21"

Restoring state from vegas_last_iter21.

Iteration 4:  7000000 integrand evaluations so far
[1] -3.56077e-05 +- 6.12598e-08  	chisq 0.909513 (3 df)

Saving state to vegas_last_iter21.
Vegas input parameters:
  ndim 11
  ncomp 1
  epsrel 0
  epsabs 0
  flags 291
  seed 216
  mineval 1
  maxeval 1
  nstart 1000000
  nincrease 500000
  nbatch 1000
  gridno 1
  statefile "vegas_last_iter21"

Restoring state from vegas_last_iter21.

Iteration 5:  10000000 integrand evaluations so far
[1] -3.55657e-05 +- 3.0551e-08  	chisq 1.53483 (4 df)

Saving state to vegas_last_iter21.
Vegas input parameters:
  ndim 11
  ncomp 1
  epsrel 0
  epsabs 0
  flags 291
  seed 237
  mineval 1
  maxeval 1
  nstart 1000000
  nincrease 500000
  nbatch 1000
  gridno 1
  statefile "vegas_last_iter21"

Restoring state from vegas_last_iter21.

Iteration 6:  13500000 integrand evaluations so far
[1] -3.55642e-05 +- 2.01836e-08  	chisq 1.53924 (5 df)

Saving state to vegas_last_iter21.
Vegas input parameters:
  ndim 11
  ncomp 1
  epsrel 0
  epsabs 0
  flags 291
  seed 258
  mineval 1
  maxeval 1
  nstart 1000000
  nincrease 500000
  nbatch 1000
  gridno 1
  statefile "vegas_last_iter21"

Restoring state from vegas_last_iter21.

Iteration 7:  17500000 integrand evaluations so far
[1] -3.55911e-05 +- 1.52173e-08  	chisq 5.64825 (6 df)

Saving state to vegas_last_iter21.
Vegas input parameters:
  ndim 11
  ncomp 1
  epsrel 0
  epsabs 0
  flags 291
  seed 279
  mineval 1
  maxeval 1
  nstart 1000000
  nincrease 500000
  nbatch 1000
  gridno 1
  statefile "vegas_last_iter21"

Restoring state from vegas_last_iter21.

Iteration 8:  22000000 integrand evaluations so far
[1] -3.56012e-05 +- 1.23731e-08  	chisq 6.93966 (7 df)

Saving state to vegas_last_iter21.
Vegas input parameters:
  ndim 11
  ncomp 1
  epsrel 0
  epsabs 0
  flags 291
  seed 300
  mineval 1
  maxeval 1
  nstart 1000000
  nincrease 500000
  nbatch 1000
  gridno 1
  statefile "vegas_last_iter21"

Restoring state from vegas_last_iter21.

Iteration 9:  27000000 integrand evaluations so far
[1] -3.56065e-05 +- 1.05181e-08  	chisq 7.62158 (8 df)

Saving state to vegas_last_iter21.
Vegas input parameters:
  ndim 11
  ncomp 1
  epsrel 0
  epsabs 0
  flags 291
  seed 321
  mineval 1
  maxeval 1
  nstart 1000000
  nincrease 500000
  nbatch 1000
  gridno 1
  statefile "vegas_last_iter21"

Restoring state from vegas_last_iter21.

Iteration 10:  32500000 integrand evaluations so far
[1] -3.56102e-05 +- 9.19408e-09  	chisq 8.14239 (9 df)

Saving state to vegas_last_iter21.
Vegas input parameters:
  ndim 11
  ncomp 1
  epsrel 0
  epsabs 0
  flags 291
  seed 342
  mineval 1
  maxeval 1
  nstart 1000000
  nincrease 500000
  nbatch 1000
  gridno 1
  statefile "vegas_last_iter21"

Restoring state from vegas_last_iter21.

Iteration 11:  38500000 integrand evaluations so far
[1] -3.56132e-05 +- 8.19563e-09  	chisq 8.63824 (10 df)

Saving state to vegas_last_iter21.
Vegas input parameters:
  ndim 11
  ncomp 1
  epsrel 0
  epsabs 0
  flags 291
  seed 363
  mineval 1
  maxeval 1
  nstart 1000000
  nincrease 500000
  nbatch 1000
  gridno 1
  statefile "vegas_last_iter21"

Restoring state from vegas_last_iter21.

Iteration 12:  45000000 integrand evaluations so far
[1] -3.56108e-05 +- 7.41211e-09  	chisq 9.10313 (11 df)

Saving state to vegas_last_iter21.
Vegas input parameters:
  ndim 11
  ncomp 1
  epsrel 0
  epsabs 0
  flags 291
  seed 384
  mineval 1
  maxeval 1
  nstart 1000000
  nincrease 500000
  nbatch 1000
  gridno 1
  statefile "vegas_last_iter21"

Restoring state from vegas_last_iter21.

Iteration 13:  52000000 integrand evaluations so far
[1] -3.56101e-05 +- 6.77796e-09  	chisq 9.1501 (12 df)

Saving state to vegas_last_iter21.
Vegas input parameters:
  ndim 11
  ncomp 1
  epsrel 0
  epsabs 0
  flags 291
  seed 405
  mineval 1
  maxeval 1
  nstart 1000000
  nincrease 500000
  nbatch 1000
  gridno 1
  statefile "vegas_last_iter21"

Restoring state from vegas_last_iter21.

Iteration 14:  59500000 integrand evaluations so far
[1] -3.56108e-05 +- 6.25147e-09  	chisq 9.2157 (13 df)

Saving state to vegas_last_iter21.
Vegas input parameters:
  ndim 11
  ncomp 1
  epsrel 0
  epsabs 0
  flags 291
  seed 426
  mineval 1
  maxeval 1
  nstart 1000000
  nincrease 500000
  nbatch 1000
  gridno 1
  statefile "vegas_last_iter21"

Restoring state from vegas_last_iter21.

Iteration 15:  67500000 integrand evaluations so far
[1] -3.56115e-05 +- 5.80648e-09  	chisq 9.32087 (14 df)

Saving state to vegas_last_iter21.
Vegas input parameters:
  ndim 11
  ncomp 1
  epsrel 0
  epsabs 0
  flags 291
  seed 447
  mineval 1
  maxeval 1
  nstart 1000000
  nincrease 500000
  nbatch 1000
  gridno 1
  statefile "vegas_last_iter21"

Restoring state from vegas_last_iter21.

Iteration 16:  76000000 integrand evaluations so far
[1] -3.56122e-05 +- 5.42377e-09  	chisq 9.40804 (15 df)

Saving state to vegas_last_iter21.
Vegas input parameters:
  ndim 11
  ncomp 1
  epsrel 0
  epsabs 0
  flags 291
  seed 468
  mineval 1
  maxeval 1
  nstart 1000000
  nincrease 500000
  nbatch 1000
  gridno 1
  statefile "vegas_last_iter21"

Restoring state from vegas_last_iter21.

Iteration 17:  85000000 integrand evaluations so far
[1] -3.56098e-05 +- 5.09054e-09  	chisq 11.047 (16 df)

Saving state to vegas_last_iter21.
Vegas input parameters:
  ndim 11
  ncomp 1
  epsrel 0
  epsabs 0
  flags 291
  seed 489
  mineval 1
  maxeval 1
  nstart 1000000
  nincrease 500000
  nbatch 1000
  gridno 1
  statefile "vegas_last_iter21"

Restoring state from vegas_last_iter21.

Iteration 18:  94500000 integrand evaluations so far
[1] -3.56087e-05 +- 4.79787e-09  	chisq 11.4498 (17 df)

Saving state to vegas_last_iter21.
Vegas input parameters:
  ndim 11
  ncomp 1
  epsrel 0
  epsabs 0
  flags 291
  seed 510
  mineval 1
  maxeval 1
  nstart 1000000
  nincrease 500000
  nbatch 1000
  gridno 1
  statefile "vegas_last_iter21"

Restoring state from vegas_last_iter21.

Iteration 19:  104500000 integrand evaluations so far
[1] -3.56087e-05 +- 4.5392e-09  	chisq 11.4502 (18 df)

Saving state to vegas_last_iter21.
Vegas input parameters:
  ndim 11
  ncomp 1
  epsrel 0
  epsabs 0
  flags 291
  seed 531
  mineval 1
  maxeval 1
  nstart 1000000
  nincrease 500000
  nbatch 1000
  gridno 1
  statefile "vegas_last_iter21"

Restoring state from vegas_last_iter21.

Iteration 20:  115000000 integrand evaluations so far
[1] -3.56097e-05 +- 4.30841e-09  	chisq 11.9141 (19 df)

Saving state to vegas_last_iter21.
Vegas input parameters:
  ndim 11
  ncomp 1
  epsrel 0
  epsabs 0
  flags 291
  seed 552
  mineval 1
  maxeval 1
  nstart 1000000
  nincrease 500000
  nbatch 1000
  gridno 1
  statefile "vegas_last_iter21"

Restoring state from vegas_last_iter21.

Iteration 21:  126000000 integrand evaluations so far
[1] -3.56056e-05 +- 4.1005e-09  	chisq 21.3394 (20 df)

Saving state to vegas_last_iter21.
Vegas input parameters:
  ndim 11
  ncomp 1
  epsrel 0
  epsabs 0
  flags 291
  seed 573
  mineval 1
  maxeval 1
  nstart 1000000
  nincrease 500000
  nbatch 1000
  gridno 1
  statefile "vegas_last_iter21"

Restoring state from vegas_last_iter21.

Iteration 22:  137500000 integrand evaluations so far
[1] -3.5606e-05 +- 3.91224e-09  	chisq 21.4182 (21 df)

Saving state to vegas_last_iter21.
Vegas input parameters:
  ndim 11
  ncomp 1
  epsrel 0
  epsabs 0
  flags 291
  seed 594
  mineval 1
  maxeval 1
  nstart 1000000
  nincrease 500000
  nbatch 1000
  gridno 1
  statefile "vegas_last_iter21"

Restoring state from vegas_last_iter21.

Iteration 23:  149500000 integrand evaluations so far
[1] -3.56054e-05 +- 3.74097e-09  	chisq 21.6551 (22 df)

Saving state to vegas_last_iter21.
Vegas input parameters:
  ndim 11
  ncomp 1
  epsrel 0
  epsabs 0
  flags 291
  seed 615
  mineval 1
  maxeval 1
  nstart 1000000
  nincrease 500000
  nbatch 1000
  gridno 1
  statefile "vegas_last_iter21"

Restoring state from vegas_last_iter21.

Iteration 24:  162000000 integrand evaluations so far
[1] -3.56072e-05 +- 3.58438e-09  	chisq 24.4743 (23 df)

Saving state to vegas_last_iter21.
Vegas input parameters:
  ndim 11
  ncomp 1
  epsrel 0
  epsabs 0
  flags 291
  seed 636
  mineval 1
  maxeval 1
  nstart 1000000
  nincrease 500000
  nbatch 1000
  gridno 1
  statefile "vegas_last_iter21"

Restoring state from vegas_last_iter21.

Iteration 25:  175000000 integrand evaluations so far
[1] -3.56069e-05 +- 3.44078e-09  	chisq 24.5431 (24 df)

Saving state to vegas_last_iter21.
Vegas input parameters:
  ndim 11
  ncomp 1
  epsrel 0
  epsabs 0
  flags 291
  seed 657
  mineval 1
  maxeval 1
  nstart 1000000
  nincrease 500000
  nbatch 1000
  gridno 1
  statefile "vegas_last_iter21"

Restoring state from vegas_last_iter21.

Iteration 26:  188500000 integrand evaluations so far
[1] -3.56057e-05 +- 3.30858e-09  	chisq 26.3785 (25 df)

Saving state to vegas_last_iter21.
Vegas input parameters:
  ndim 11
  ncomp 1
  epsrel 0
  epsabs 0
  flags 291
  seed 678
  mineval 1
  maxeval 1
  nstart 1000000
  nincrease 500000
  nbatch 1000
  gridno 1
  statefile "vegas_last_iter21"

Restoring state from vegas_last_iter21.

Iteration 27:  202500000 integrand evaluations so far
[1] -3.56058e-05 +- 3.18644e-09  	chisq 26.3896 (26 df)

Saving state to vegas_last_iter21.
Thanks for using LHAPDF 6.3.0. Please make sure to cite the paper:
  Eur.Phys.J. C75 (2015) 3, 132  (http://arxiv.org/abs/1412.7420)
 method   =Vegas  
 nregions =           1
 neval    =   202500000
 fail     =           1
 -0.356057616067E-04 +-   0.318643531046E-08   p =    0.503
