/var/lib/condor/execute/dir_14788
LHAPDF 6.3.0 loading /home/taebh/2021_Research/share/LHAPDF/NNPDF31_nnlo_as_0118_mc_hessian_pdfas/NNPDF31_nnlo_as_0118_mc_hessian_pdfas_0000.dat
NNPDF31_nnlo_as_0118_mc_hessian_pdfas PDF set, member #0, version 1
Vegas input parameters:
  ndim 11
  ncomp 1
  epsrel 0
  epsabs 0
  flags 291
  seed 119
  mineval 1
  maxeval 1
  nstart 1000000
  nincrease 500000
  nbatch 1000
  gridno 1
  statefile "vegas_last_iter8"

Iteration 1:  1000000 integrand evaluations so far
[1] 0.000160485 +- 1.23415e-05  	chisq 0 (0 df)

Saving state to vegas_last_iter8.
Vegas input parameters:
  ndim 11
  ncomp 1
  epsrel 0
  epsabs 0
  flags 291
  seed 127
  mineval 1
  maxeval 1
  nstart 1000000
  nincrease 500000
  nbatch 1000
  gridno 1
  statefile "vegas_last_iter8"

Restoring state from vegas_last_iter8.

Iteration 2:  2500000 integrand evaluations so far
[1] 0.000156304 +- 6.6692e-06  	chisq 0.162084 (1 df)

Saving state to vegas_last_iter8.
Vegas input parameters:
  ndim 11
  ncomp 1
  epsrel 0
  epsabs 0
  flags 291
  seed 135
  mineval 1
  maxeval 1
  nstart 1000000
  nincrease 500000
  nbatch 1000
  gridno 1
  statefile "vegas_last_iter8"

Restoring state from vegas_last_iter8.

Iteration 3:  4500000 integrand evaluations so far
[1] 0.000161495 +- 3.74026e-06  	chisq 1.04586 (2 df)

Saving state to vegas_last_iter8.
Vegas input parameters:
  ndim 11
  ncomp 1
  epsrel 0
  epsabs 0
  flags 291
  seed 143
  mineval 1
  maxeval 1
  nstart 1000000
  nincrease 500000
  nbatch 1000
  gridno 1
  statefile "vegas_last_iter8"

Restoring state from vegas_last_iter8.

Iteration 4:  7000000 integrand evaluations so far
[1] 0.000158453 +- 2.78266e-06  	chisq 2.52707 (3 df)

Saving state to vegas_last_iter8.
Vegas input parameters:
  ndim 11
  ncomp 1
  epsrel 0
  epsabs 0
  flags 291
  seed 151
  mineval 1
  maxeval 1
  nstart 1000000
  nincrease 500000
  nbatch 1000
  gridno 1
  statefile "vegas_last_iter8"

Restoring state from vegas_last_iter8.

Iteration 5:  10000000 integrand evaluations so far
[1] 0.000159129 +- 1.9649e-06  	chisq 2.64477 (4 df)

Saving state to vegas_last_iter8.
Vegas input parameters:
  ndim 11
  ncomp 1
  epsrel 0
  epsabs 0
  flags 291
  seed 159
  mineval 1
  maxeval 1
  nstart 1000000
  nincrease 500000
  nbatch 1000
  gridno 1
  statefile "vegas_last_iter8"

Restoring state from vegas_last_iter8.

Iteration 6:  13500000 integrand evaluations so far
[1] 0.000158456 +- 1.3397e-06  	chisq 2.86446 (5 df)

Saving state to vegas_last_iter8.
Vegas input parameters:
  ndim 11
  ncomp 1
  epsrel 0
  epsabs 0
  flags 291
  seed 167
  mineval 1
  maxeval 1
  nstart 1000000
  nincrease 500000
  nbatch 1000
  gridno 1
  statefile "vegas_last_iter8"

Restoring state from vegas_last_iter8.

Iteration 7:  17500000 integrand evaluations so far
[1] 0.000158609 +- 1.04805e-06  	chisq 2.89839 (6 df)

Saving state to vegas_last_iter8.
Vegas input parameters:
  ndim 11
  ncomp 1
  epsrel 0
  epsabs 0
  flags 291
  seed 175
  mineval 1
  maxeval 1
  nstart 1000000
  nincrease 500000
  nbatch 1000
  gridno 1
  statefile "vegas_last_iter8"

Restoring state from vegas_last_iter8.

Iteration 8:  22000000 integrand evaluations so far
[1] 0.000158529 +- 8.64509e-07  	chisq 2.91675 (7 df)

Saving state to vegas_last_iter8.
Vegas input parameters:
  ndim 11
  ncomp 1
  epsrel 0
  epsabs 0
  flags 291
  seed 183
  mineval 1
  maxeval 1
  nstart 1000000
  nincrease 500000
  nbatch 1000
  gridno 1
  statefile "vegas_last_iter8"

Restoring state from vegas_last_iter8.

Iteration 9:  27000000 integrand evaluations so far
[1] 0.000159338 +- 7.28263e-07  	chisq 5.93513 (8 df)

Saving state to vegas_last_iter8.
Vegas input parameters:
  ndim 11
  ncomp 1
  epsrel 0
  epsabs 0
  flags 291
  seed 191
  mineval 1
  maxeval 1
  nstart 1000000
  nincrease 500000
  nbatch 1000
  gridno 1
  statefile "vegas_last_iter8"

Restoring state from vegas_last_iter8.

Iteration 10:  32500000 integrand evaluations so far
[1] 0.000159986 +- 6.31523e-07  	chisq 9.12413 (9 df)

Saving state to vegas_last_iter8.
Vegas input parameters:
  ndim 11
  ncomp 1
  epsrel 0
  epsabs 0
  flags 291
  seed 199
  mineval 1
  maxeval 1
  nstart 1000000
  nincrease 500000
  nbatch 1000
  gridno 1
  statefile "vegas_last_iter8"

Restoring state from vegas_last_iter8.

Iteration 11:  38500000 integrand evaluations so far
[1] 0.000160363 +- 5.64436e-07  	chisq 10.8964 (10 df)

Saving state to vegas_last_iter8.
Vegas input parameters:
  ndim 11
  ncomp 1
  epsrel 0
  epsabs 0
  flags 291
  seed 207
  mineval 1
  maxeval 1
  nstart 1000000
  nincrease 500000
  nbatch 1000
  gridno 1
  statefile "vegas_last_iter8"

Restoring state from vegas_last_iter8.

Iteration 12:  45000000 integrand evaluations so far
[1] 0.000160336 +- 5.10226e-07  	chisq 10.9093 (11 df)

Saving state to vegas_last_iter8.
Vegas input parameters:
  ndim 11
  ncomp 1
  epsrel 0
  epsabs 0
  flags 291
  seed 215
  mineval 1
  maxeval 1
  nstart 1000000
  nincrease 500000
  nbatch 1000
  gridno 1
  statefile "vegas_last_iter8"

Restoring state from vegas_last_iter8.

Iteration 13:  52000000 integrand evaluations so far
[1] 0.000160189 +- 4.64353e-07  	chisq 11.3912 (12 df)

Saving state to vegas_last_iter8.
Vegas input parameters:
  ndim 11
  ncomp 1
  epsrel 0
  epsabs 0
  flags 291
  seed 223
  mineval 1
  maxeval 1
  nstart 1000000
  nincrease 500000
  nbatch 1000
  gridno 1
  statefile "vegas_last_iter8"

Restoring state from vegas_last_iter8.

Iteration 14:  59500000 integrand evaluations so far
[1] 0.000160134 +- 4.26181e-07  	chisq 11.4789 (13 df)

Saving state to vegas_last_iter8.
Vegas input parameters:
  ndim 11
  ncomp 1
  epsrel 0
  epsabs 0
  flags 291
  seed 231
  mineval 1
  maxeval 1
  nstart 1000000
  nincrease 500000
  nbatch 1000
  gridno 1
  statefile "vegas_last_iter8"

Restoring state from vegas_last_iter8.

Iteration 15:  67500000 integrand evaluations so far
[1] 0.000160012 +- 3.94359e-07  	chisq 12.0538 (14 df)

Saving state to vegas_last_iter8.
Vegas input parameters:
  ndim 11
  ncomp 1
  epsrel 0
  epsabs 0
  flags 291
  seed 239
  mineval 1
  maxeval 1
  nstart 1000000
  nincrease 500000
  nbatch 1000
  gridno 1
  statefile "vegas_last_iter8"

Restoring state from vegas_last_iter8.

Iteration 16:  76000000 integrand evaluations so far
[1] 0.000159852 +- 3.67596e-07  	chisq 13.3134 (15 df)

Saving state to vegas_last_iter8.
Vegas input parameters:
  ndim 11
  ncomp 1
  epsrel 0
  epsabs 0
  flags 291
  seed 247
  mineval 1
  maxeval 1
  nstart 1000000
  nincrease 500000
  nbatch 1000
  gridno 1
  statefile "vegas_last_iter8"

Restoring state from vegas_last_iter8.

Iteration 17:  85000000 integrand evaluations so far
[1] 0.000159927 +- 3.44244e-07  	chisq 13.6562 (16 df)

Saving state to vegas_last_iter8.
Vegas input parameters:
  ndim 11
  ncomp 1
  epsrel 0
  epsabs 0
  flags 291
  seed 255
  mineval 1
  maxeval 1
  nstart 1000000
  nincrease 500000
  nbatch 1000
  gridno 1
  statefile "vegas_last_iter8"

Restoring state from vegas_last_iter8.

Iteration 18:  94500000 integrand evaluations so far
[1] 0.000159805 +- 3.23671e-07  	chisq 14.7435 (17 df)

Saving state to vegas_last_iter8.
Vegas input parameters:
  ndim 11
  ncomp 1
  epsrel 0
  epsabs 0
  flags 291
  seed 263
  mineval 1
  maxeval 1
  nstart 1000000
  nincrease 500000
  nbatch 1000
  gridno 1
  statefile "vegas_last_iter8"

Restoring state from vegas_last_iter8.

Iteration 19:  104500000 integrand evaluations so far
[1] 0.000159754 +- 3.05633e-07  	chisq 14.9697 (18 df)

Saving state to vegas_last_iter8.
Vegas input parameters:
  ndim 11
  ncomp 1
  epsrel 0
  epsabs 0
  flags 291
  seed 271
  mineval 1
  maxeval 1
  nstart 1000000
  nincrease 500000
  nbatch 1000
  gridno 1
  statefile "vegas_last_iter8"

Restoring state from vegas_last_iter8.

Iteration 20:  115000000 integrand evaluations so far
[1] 0.000159795 +- 2.89542e-07  	chisq 15.1477 (19 df)

Saving state to vegas_last_iter8.
Vegas input parameters:
  ndim 11
  ncomp 1
  epsrel 0
  epsabs 0
  flags 291
  seed 279
  mineval 1
  maxeval 1
  nstart 1000000
  nincrease 500000
  nbatch 1000
  gridno 1
  statefile "vegas_last_iter8"

Restoring state from vegas_last_iter8.

Iteration 21:  126000000 integrand evaluations so far
[1] 0.000159964 +- 2.75207e-07  	chisq 18.6395 (20 df)

Saving state to vegas_last_iter8.
Vegas input parameters:
  ndim 11
  ncomp 1
  epsrel 0
  epsabs 0
  flags 291
  seed 287
  mineval 1
  maxeval 1
  nstart 1000000
  nincrease 500000
  nbatch 1000
  gridno 1
  statefile "vegas_last_iter8"

Restoring state from vegas_last_iter8.

Iteration 22:  137500000 integrand evaluations so far
[1] 0.000159868 +- 2.62226e-07  	chisq 19.9601 (21 df)

Saving state to vegas_last_iter8.
Vegas input parameters:
  ndim 11
  ncomp 1
  epsrel 0
  epsabs 0
  flags 291
  seed 295
  mineval 1
  maxeval 1
  nstart 1000000
  nincrease 500000
  nbatch 1000
  gridno 1
  statefile "vegas_last_iter8"

Restoring state from vegas_last_iter8.

Iteration 23:  149500000 integrand evaluations so far
[1] 0.000159975 +- 2.50535e-07  	chisq 21.8817 (22 df)

Saving state to vegas_last_iter8.
Vegas input parameters:
  ndim 11
  ncomp 1
  epsrel 0
  epsabs 0
  flags 291
  seed 303
  mineval 1
  maxeval 1
  nstart 1000000
  nincrease 500000
  nbatch 1000
  gridno 1
  statefile "vegas_last_iter8"

Restoring state from vegas_last_iter8.

Iteration 24:  162000000 integrand evaluations so far
[1] 0.000160137 +- 2.39797e-07  	chisq 26.8556 (23 df)

Saving state to vegas_last_iter8.
Vegas input parameters:
  ndim 11
  ncomp 1
  epsrel 0
  epsabs 0
  flags 291
  seed 311
  mineval 1
  maxeval 1
  nstart 1000000
  nincrease 500000
  nbatch 1000
  gridno 1
  statefile "vegas_last_iter8"

Restoring state from vegas_last_iter8.

Iteration 25:  175000000 integrand evaluations so far
[1] 0.000160184 +- 2.30066e-07  	chisq 27.3428 (24 df)

Saving state to vegas_last_iter8.
Vegas input parameters:
  ndim 11
  ncomp 1
  epsrel 0
  epsabs 0
  flags 291
  seed 319
  mineval 1
  maxeval 1
  nstart 1000000
  nincrease 500000
  nbatch 1000
  gridno 1
  statefile "vegas_last_iter8"

Restoring state from vegas_last_iter8.

Iteration 26:  188500000 integrand evaluations so far
[1] 0.000160134 +- 2.21054e-07  	chisq 27.9492 (25 df)

Saving state to vegas_last_iter8.
Vegas input parameters:
  ndim 11
  ncomp 1
  epsrel 0
  epsabs 0
  flags 291
  seed 327
  mineval 1
  maxeval 1
  nstart 1000000
  nincrease 500000
  nbatch 1000
  gridno 1
  statefile "vegas_last_iter8"

Restoring state from vegas_last_iter8.

Iteration 27:  202500000 integrand evaluations so far
[1] 0.000160263 +- 2.12763e-07  	chisq 32.529 (26 df)

Saving state to vegas_last_iter8.
Thanks for using LHAPDF 6.3.0. Please make sure to cite the paper:
  Eur.Phys.J. C75 (2015) 3, 132  (http://arxiv.org/abs/1412.7420)
 method   =Vegas  
 nregions =           1
 neval    =   202500000
 fail     =           1
  0.160262679000E-03 +-   0.212763020508E-06   p =    0.787
