/var/lib/condor/execute/dir_1458
LHAPDF 6.3.0 loading /home/taebh/2021_Research/share/LHAPDF/NNPDF31_nnlo_as_0118_mc_hessian_pdfas/NNPDF31_nnlo_as_0118_mc_hessian_pdfas_0000.dat
NNPDF31_nnlo_as_0118_mc_hessian_pdfas PDF set, member #0, version 1
Vegas input parameters:
  ndim 11
  ncomp 1
  epsrel 0
  epsabs 0
  flags 291
  seed 239
  mineval 1
  maxeval 1
  nstart 1000000
  nincrease 500000
  nbatch 1000
  gridno 1
  statefile "vegas_last_iter128"

Iteration 1:  1000000 integrand evaluations so far
[1] 0.00379007 +- 0.000380233  	chisq 0 (0 df)

Saving state to vegas_last_iter128.
Vegas input parameters:
  ndim 11
  ncomp 1
  epsrel 0
  epsabs 0
  flags 291
  seed 367
  mineval 1
  maxeval 1
  nstart 1000000
  nincrease 500000
  nbatch 1000
  gridno 1
  statefile "vegas_last_iter128"

Restoring state from vegas_last_iter128.

Iteration 2:  2500000 integrand evaluations so far
[1] 0.00383365 +- 0.000154194  	chisq 0.0157271 (1 df)

Saving state to vegas_last_iter128.
Vegas input parameters:
  ndim 11
  ncomp 1
  epsrel 0
  epsabs 0
  flags 291
  seed 495
  mineval 1
  maxeval 1
  nstart 1000000
  nincrease 500000
  nbatch 1000
  gridno 1
  statefile "vegas_last_iter128"

Restoring state from vegas_last_iter128.

Iteration 3:  4500000 integrand evaluations so far
[1] 0.00406181 +- 5.79638e-05  	chisq 2.56546 (2 df)

Saving state to vegas_last_iter128.
Vegas input parameters:
  ndim 11
  ncomp 1
  epsrel 0
  epsabs 0
  flags 291
  seed 623
  mineval 1
  maxeval 1
  nstart 1000000
  nincrease 500000
  nbatch 1000
  gridno 1
  statefile "vegas_last_iter128"

Restoring state from vegas_last_iter128.

Iteration 4:  7000000 integrand evaluations so far
[1] 0.00404172 +- 4.06888e-05  	chisq 2.80241 (3 df)

Saving state to vegas_last_iter128.
Vegas input parameters:
  ndim 11
  ncomp 1
  epsrel 0
  epsabs 0
  flags 291
  seed 751
  mineval 1
  maxeval 1
  nstart 1000000
  nincrease 500000
  nbatch 1000
  gridno 1
  statefile "vegas_last_iter128"

Restoring state from vegas_last_iter128.

Iteration 5:  10000000 integrand evaluations so far
[1] 0.00404569 +- 2.30397e-05  	chisq 2.81647 (4 df)

Saving state to vegas_last_iter128.
Vegas input parameters:
  ndim 11
  ncomp 1
  epsrel 0
  epsabs 0
  flags 291
  seed 879
  mineval 1
  maxeval 1
  nstart 1000000
  nincrease 500000
  nbatch 1000
  gridno 1
  statefile "vegas_last_iter128"

Restoring state from vegas_last_iter128.

Iteration 6:  13500000 integrand evaluations so far
[1] 0.00406245 +- 1.30239e-05  	chisq 3.594 (5 df)

Saving state to vegas_last_iter128.
Vegas input parameters:
  ndim 11
  ncomp 1
  epsrel 0
  epsabs 0
  flags 291
  seed 1007
  mineval 1
  maxeval 1
  nstart 1000000
  nincrease 500000
  nbatch 1000
  gridno 1
  statefile "vegas_last_iter128"

Restoring state from vegas_last_iter128.

Iteration 7:  17500000 integrand evaluations so far
[1] 0.00406597 +- 9.00562e-06  	chisq 3.73401 (6 df)

Saving state to vegas_last_iter128.
Vegas input parameters:
  ndim 11
  ncomp 1
  epsrel 0
  epsabs 0
  flags 291
  seed 1135
  mineval 1
  maxeval 1
  nstart 1000000
  nincrease 500000
  nbatch 1000
  gridno 1
  statefile "vegas_last_iter128"

Restoring state from vegas_last_iter128.

Iteration 8:  22000000 integrand evaluations so far
[1] 0.00406462 +- 6.97567e-06  	chisq 3.79068 (7 df)

Saving state to vegas_last_iter128.
Vegas input parameters:
  ndim 11
  ncomp 1
  epsrel 0
  epsabs 0
  flags 291
  seed 1263
  mineval 1
  maxeval 1
  nstart 1000000
  nincrease 500000
  nbatch 1000
  gridno 1
  statefile "vegas_last_iter128"

Restoring state from vegas_last_iter128.

Iteration 9:  27000000 integrand evaluations so far
[1] 0.00406826 +- 5.7768e-06  	chisq 4.65884 (8 df)

Saving state to vegas_last_iter128.
Vegas input parameters:
  ndim 11
  ncomp 1
  epsrel 0
  epsabs 0
  flags 291
  seed 1391
  mineval 1
  maxeval 1
  nstart 1000000
  nincrease 500000
  nbatch 1000
  gridno 1
  statefile "vegas_last_iter128"

Restoring state from vegas_last_iter128.

Iteration 10:  32500000 integrand evaluations so far
[1] 0.00406998 +- 4.97058e-06  	chisq 5.00054 (9 df)

Saving state to vegas_last_iter128.
Vegas input parameters:
  ndim 11
  ncomp 1
  epsrel 0
  epsabs 0
  flags 291
  seed 1519
  mineval 1
  maxeval 1
  nstart 1000000
  nincrease 500000
  nbatch 1000
  gridno 1
  statefile "vegas_last_iter128"

Restoring state from vegas_last_iter128.

Iteration 11:  38500000 integrand evaluations so far
[1] 0.00407075 +- 4.38052e-06  	chisq 5.10754 (10 df)

Saving state to vegas_last_iter128.
Vegas input parameters:
  ndim 11
  ncomp 1
  epsrel 0
  epsabs 0
  flags 291
  seed 1647
  mineval 1
  maxeval 1
  nstart 1000000
  nincrease 500000
  nbatch 1000
  gridno 1
  statefile "vegas_last_iter128"

Restoring state from vegas_last_iter128.

Iteration 12:  45000000 integrand evaluations so far
[1] 0.00407213 +- 3.93086e-06  	chisq 5.61847 (11 df)

Saving state to vegas_last_iter128.
Vegas input parameters:
  ndim 11
  ncomp 1
  epsrel 0
  epsabs 0
  flags 291
  seed 1775
  mineval 1
  maxeval 1
  nstart 1000000
  nincrease 500000
  nbatch 1000
  gridno 1
  statefile "vegas_last_iter128"

Restoring state from vegas_last_iter128.

Iteration 13:  52000000 integrand evaluations so far
[1] 0.00407073 +- 3.57381e-06  	chisq 6.34821 (12 df)

Saving state to vegas_last_iter128.
Vegas input parameters:
  ndim 11
  ncomp 1
  epsrel 0
  epsabs 0
  flags 291
  seed 1903
  mineval 1
  maxeval 1
  nstart 1000000
  nincrease 500000
  nbatch 1000
  gridno 1
  statefile "vegas_last_iter128"

Restoring state from vegas_last_iter128.

Iteration 14:  59500000 integrand evaluations so far
[1] 0.00407264 +- 3.27998e-06  	chisq 8.15956 (13 df)

Saving state to vegas_last_iter128.
Vegas input parameters:
  ndim 11
  ncomp 1
  epsrel 0
  epsabs 0
  flags 291
  seed 2031
  mineval 1
  maxeval 1
  nstart 1000000
  nincrease 500000
  nbatch 1000
  gridno 1
  statefile "vegas_last_iter128"

Restoring state from vegas_last_iter128.

Iteration 15:  67500000 integrand evaluations so far
[1] 0.00407329 +- 3.03566e-06  	chisq 8.43072 (14 df)

Saving state to vegas_last_iter128.
Vegas input parameters:
  ndim 11
  ncomp 1
  epsrel 0
  epsabs 0
  flags 291
  seed 2159
  mineval 1
  maxeval 1
  nstart 1000000
  nincrease 500000
  nbatch 1000
  gridno 1
  statefile "vegas_last_iter128"

Restoring state from vegas_last_iter128.

Iteration 16:  76000000 integrand evaluations so far
[1] 0.00407342 +- 2.8281e-06  	chisq 8.44594 (15 df)

Saving state to vegas_last_iter128.
Vegas input parameters:
  ndim 11
  ncomp 1
  epsrel 0
  epsabs 0
  flags 291
  seed 2287
  mineval 1
  maxeval 1
  nstart 1000000
  nincrease 500000
  nbatch 1000
  gridno 1
  statefile "vegas_last_iter128"

Restoring state from vegas_last_iter128.

Iteration 17:  85000000 integrand evaluations so far
[1] 0.00407362 +- 2.64824e-06  	chisq 8.48649 (16 df)

Saving state to vegas_last_iter128.
Vegas input parameters:
  ndim 11
  ncomp 1
  epsrel 0
  epsabs 0
  flags 291
  seed 2415
  mineval 1
  maxeval 1
  nstart 1000000
  nincrease 500000
  nbatch 1000
  gridno 1
  statefile "vegas_last_iter128"

Restoring state from vegas_last_iter128.

Iteration 18:  94500000 integrand evaluations so far
[1] 0.00407404 +- 2.49059e-06  	chisq 8.70323 (17 df)

Saving state to vegas_last_iter128.
Vegas input parameters:
  ndim 11
  ncomp 1
  epsrel 0
  epsabs 0
  flags 291
  seed 2543
  mineval 1
  maxeval 1
  nstart 1000000
  nincrease 500000
  nbatch 1000
  gridno 1
  statefile "vegas_last_iter128"

Restoring state from vegas_last_iter128.

Iteration 19:  104500000 integrand evaluations so far
[1] 0.00407397 +- 2.35237e-06  	chisq 8.71041 (18 df)

Saving state to vegas_last_iter128.
Vegas input parameters:
  ndim 11
  ncomp 1
  epsrel 0
  epsabs 0
  flags 291
  seed 2671
  mineval 1
  maxeval 1
  nstart 1000000
  nincrease 500000
  nbatch 1000
  gridno 1
  statefile "vegas_last_iter128"

Restoring state from vegas_last_iter128.

Iteration 20:  115000000 integrand evaluations so far
[1] 0.00407333 +- 2.22985e-06  	chisq 9.45992 (19 df)

Saving state to vegas_last_iter128.
Vegas input parameters:
  ndim 11
  ncomp 1
  epsrel 0
  epsabs 0
  flags 291
  seed 2799
  mineval 1
  maxeval 1
  nstart 1000000
  nincrease 500000
  nbatch 1000
  gridno 1
  statefile "vegas_last_iter128"

Restoring state from vegas_last_iter128.

Iteration 21:  126000000 integrand evaluations so far
[1] 0.00407368 +- 2.11954e-06  	chisq 9.72333 (20 df)

Saving state to vegas_last_iter128.
Vegas input parameters:
  ndim 11
  ncomp 1
  epsrel 0
  epsabs 0
  flags 291
  seed 2927
  mineval 1
  maxeval 1
  nstart 1000000
  nincrease 500000
  nbatch 1000
  gridno 1
  statefile "vegas_last_iter128"

Restoring state from vegas_last_iter128.

Iteration 22:  137500000 integrand evaluations so far
[1] 0.00407435 +- 2.01999e-06  	chisq 10.8027 (21 df)

Saving state to vegas_last_iter128.
Vegas input parameters:
  ndim 11
  ncomp 1
  epsrel 0
  epsabs 0
  flags 291
  seed 3055
  mineval 1
  maxeval 1
  nstart 1000000
  nincrease 500000
  nbatch 1000
  gridno 1
  statefile "vegas_last_iter128"

Restoring state from vegas_last_iter128.

Iteration 23:  149500000 integrand evaluations so far
[1] 0.00407349 +- 1.92953e-06  	chisq 12.8419 (22 df)

Saving state to vegas_last_iter128.
Vegas input parameters:
  ndim 11
  ncomp 1
  epsrel 0
  epsabs 0
  flags 291
  seed 3183
  mineval 1
  maxeval 1
  nstart 1000000
  nincrease 500000
  nbatch 1000
  gridno 1
  statefile "vegas_last_iter128"

Restoring state from vegas_last_iter128.

Iteration 24:  162000000 integrand evaluations so far
[1] 0.00407341 +- 1.8471e-06  	chisq 12.865 (23 df)

Saving state to vegas_last_iter128.
Vegas input parameters:
  ndim 11
  ncomp 1
  epsrel 0
  epsabs 0
  flags 291
  seed 3311
  mineval 1
  maxeval 1
  nstart 1000000
  nincrease 500000
  nbatch 1000
  gridno 1
  statefile "vegas_last_iter128"

Restoring state from vegas_last_iter128.

Iteration 25:  175000000 integrand evaluations so far
[1] 0.00407321 +- 1.77177e-06  	chisq 13.009 (24 df)

Saving state to vegas_last_iter128.
Vegas input parameters:
  ndim 11
  ncomp 1
  epsrel 0
  epsabs 0
  flags 291
  seed 3439
  mineval 1
  maxeval 1
  nstart 1000000
  nincrease 500000
  nbatch 1000
  gridno 1
  statefile "vegas_last_iter128"

Restoring state from vegas_last_iter128.

Iteration 26:  188500000 integrand evaluations so far
[1] 0.00407289 +- 1.70292e-06  	chisq 13.4413 (25 df)

Saving state to vegas_last_iter128.
Vegas input parameters:
  ndim 11
  ncomp 1
  epsrel 0
  epsabs 0
  flags 291
  seed 3567
  mineval 1
  maxeval 1
  nstart 1000000
  nincrease 500000
  nbatch 1000
  gridno 1
  statefile "vegas_last_iter128"

Restoring state from vegas_last_iter128.

Iteration 27:  202500000 integrand evaluations so far
[1] 0.0040727 +- 1.63932e-06  	chisq 13.6032 (26 df)

Saving state to vegas_last_iter128.
Thanks for using LHAPDF 6.3.0. Please make sure to cite the paper:
  Eur.Phys.J. C75 (2015) 3, 132  (http://arxiv.org/abs/1412.7420)
 method   =Vegas  
 nregions =           1
 neval    =   202500000
 fail     =           1
  0.407270411349E-02 +-   0.163932259541E-05   p =    0.015
