/var/lib/condor/execute/dir_29723
LHAPDF 6.3.0 loading /home/taebh/2021_Research/share/LHAPDF/NNPDF31_nnlo_as_0118_mc_hessian_pdfas/NNPDF31_nnlo_as_0118_mc_hessian_pdfas_0000.dat
NNPDF31_nnlo_as_0118_mc_hessian_pdfas PDF set, member #0, version 1
Vegas input parameters:
  ndim 11
  ncomp 1
  epsrel 0
  epsabs 0
  flags 291
  seed 171
  mineval 1
  maxeval 1
  nstart 1000000
  nincrease 500000
  nbatch 1000
  gridno 1
  statefile "vegas_last_iter60"

Iteration 1:  1000000 integrand evaluations so far
[1] -0.00420124 +- 5.40692e-05  	chisq 0 (0 df)

Saving state to vegas_last_iter60.
Vegas input parameters:
  ndim 11
  ncomp 1
  epsrel 0
  epsabs 0
  flags 291
  seed 231
  mineval 1
  maxeval 1
  nstart 1000000
  nincrease 500000
  nbatch 1000
  gridno 1
  statefile "vegas_last_iter60"

Restoring state from vegas_last_iter60.

Iteration 2:  2500000 integrand evaluations so far
[1] -0.00411317 +- 2.25058e-05  	chisq 3.20949 (1 df)

Saving state to vegas_last_iter60.
Vegas input parameters:
  ndim 11
  ncomp 1
  epsrel 0
  epsabs 0
  flags 291
  seed 291
  mineval 1
  maxeval 1
  nstart 1000000
  nincrease 500000
  nbatch 1000
  gridno 1
  statefile "vegas_last_iter60"

Restoring state from vegas_last_iter60.

Iteration 3:  4500000 integrand evaluations so far
[1] -0.00411799 +- 1.32115e-05  	chisq 3.27961 (2 df)

Saving state to vegas_last_iter60.
Vegas input parameters:
  ndim 11
  ncomp 1
  epsrel 0
  epsabs 0
  flags 291
  seed 351
  mineval 1
  maxeval 1
  nstart 1000000
  nincrease 500000
  nbatch 1000
  gridno 1
  statefile "vegas_last_iter60"

Restoring state from vegas_last_iter60.

Iteration 4:  7000000 integrand evaluations so far
[1] -0.00413167 +- 9.37531e-06  	chisq 5.43808 (3 df)

Saving state to vegas_last_iter60.
Vegas input parameters:
  ndim 11
  ncomp 1
  epsrel 0
  epsabs 0
  flags 291
  seed 411
  mineval 1
  maxeval 1
  nstart 1000000
  nincrease 500000
  nbatch 1000
  gridno 1
  statefile "vegas_last_iter60"

Restoring state from vegas_last_iter60.

Iteration 5:  10000000 integrand evaluations so far
[1] -0.00412491 +- 7.29711e-06  	chisq 6.75766 (4 df)

Saving state to vegas_last_iter60.
Vegas input parameters:
  ndim 11
  ncomp 1
  epsrel 0
  epsabs 0
  flags 291
  seed 471
  mineval 1
  maxeval 1
  nstart 1000000
  nincrease 500000
  nbatch 1000
  gridno 1
  statefile "vegas_last_iter60"

Restoring state from vegas_last_iter60.

Iteration 6:  13500000 integrand evaluations so far
[1] -0.00412769 +- 6.03976e-06  	chisq 7.21853 (5 df)

Saving state to vegas_last_iter60.
Vegas input parameters:
  ndim 11
  ncomp 1
  epsrel 0
  epsabs 0
  flags 291
  seed 531
  mineval 1
  maxeval 1
  nstart 1000000
  nincrease 500000
  nbatch 1000
  gridno 1
  statefile "vegas_last_iter60"

Restoring state from vegas_last_iter60.

Iteration 7:  17500000 integrand evaluations so far
[1] -0.00412859 +- 5.14904e-06  	chisq 7.30074 (6 df)

Saving state to vegas_last_iter60.
Vegas input parameters:
  ndim 11
  ncomp 1
  epsrel 0
  epsabs 0
  flags 291
  seed 591
  mineval 1
  maxeval 1
  nstart 1000000
  nincrease 500000
  nbatch 1000
  gridno 1
  statefile "vegas_last_iter60"

Restoring state from vegas_last_iter60.

Iteration 8:  22000000 integrand evaluations so far
[1] -0.00413038 +- 4.49934e-06  	chisq 7.81024 (7 df)

Saving state to vegas_last_iter60.
Vegas input parameters:
  ndim 11
  ncomp 1
  epsrel 0
  epsabs 0
  flags 291
  seed 651
  mineval 1
  maxeval 1
  nstart 1000000
  nincrease 500000
  nbatch 1000
  gridno 1
  statefile "vegas_last_iter60"

Restoring state from vegas_last_iter60.

Iteration 9:  27000000 integrand evaluations so far
[1] -0.00413105 +- 3.99896e-06  	chisq 7.91547 (8 df)

Saving state to vegas_last_iter60.
Vegas input parameters:
  ndim 11
  ncomp 1
  epsrel 0
  epsabs 0
  flags 291
  seed 711
  mineval 1
  maxeval 1
  nstart 1000000
  nincrease 500000
  nbatch 1000
  gridno 1
  statefile "vegas_last_iter60"

Restoring state from vegas_last_iter60.

Iteration 10:  32500000 integrand evaluations so far
[1] -0.00413367 +- 3.60216e-06  	chisq 10.1921 (9 df)

Saving state to vegas_last_iter60.
Vegas input parameters:
  ndim 11
  ncomp 1
  epsrel 0
  epsabs 0
  flags 291
  seed 771
  mineval 1
  maxeval 1
  nstart 1000000
  nincrease 500000
  nbatch 1000
  gridno 1
  statefile "vegas_last_iter60"

Restoring state from vegas_last_iter60.

Iteration 11:  38500000 integrand evaluations so far
[1] -0.00413177 +- 3.2807e-06  	chisq 11.8165 (10 df)

Saving state to vegas_last_iter60.
Vegas input parameters:
  ndim 11
  ncomp 1
  epsrel 0
  epsabs 0
  flags 291
  seed 831
  mineval 1
  maxeval 1
  nstart 1000000
  nincrease 500000
  nbatch 1000
  gridno 1
  statefile "vegas_last_iter60"

Restoring state from vegas_last_iter60.

Iteration 12:  45000000 integrand evaluations so far
[1] -0.00413554 +- 3.01355e-06  	chisq 20.2536 (11 df)

Saving state to vegas_last_iter60.
Vegas input parameters:
  ndim 11
  ncomp 1
  epsrel 0
  epsabs 0
  flags 291
  seed 891
  mineval 1
  maxeval 1
  nstart 1000000
  nincrease 500000
  nbatch 1000
  gridno 1
  statefile "vegas_last_iter60"

Restoring state from vegas_last_iter60.

Iteration 13:  52000000 integrand evaluations so far
[1] -0.0041344 +- 2.7875e-06  	chisq 21.2337 (12 df)

Saving state to vegas_last_iter60.
Vegas input parameters:
  ndim 11
  ncomp 1
  epsrel 0
  epsabs 0
  flags 291
  seed 951
  mineval 1
  maxeval 1
  nstart 1000000
  nincrease 500000
  nbatch 1000
  gridno 1
  statefile "vegas_last_iter60"

Restoring state from vegas_last_iter60.

Iteration 14:  59500000 integrand evaluations so far
[1] -0.00413578 +- 2.59417e-06  	chisq 23.0642 (13 df)

Saving state to vegas_last_iter60.
Vegas input parameters:
  ndim 11
  ncomp 1
  epsrel 0
  epsabs 0
  flags 291
  seed 1011
  mineval 1
  maxeval 1
  nstart 1000000
  nincrease 500000
  nbatch 1000
  gridno 1
  statefile "vegas_last_iter60"

Restoring state from vegas_last_iter60.

Iteration 15:  67500000 integrand evaluations so far
[1] -0.00413791 +- 2.42648e-06  	chisq 28.4396 (14 df)

Saving state to vegas_last_iter60.
Vegas input parameters:
  ndim 11
  ncomp 1
  epsrel 0
  epsabs 0
  flags 291
  seed 1071
  mineval 1
  maxeval 1
  nstart 1000000
  nincrease 500000
  nbatch 1000
  gridno 1
  statefile "vegas_last_iter60"

Restoring state from vegas_last_iter60.

Iteration 16:  76000000 integrand evaluations so far
[1] -0.0041379 +- 2.27955e-06  	chisq 28.4397 (15 df)

Saving state to vegas_last_iter60.
Vegas input parameters:
  ndim 11
  ncomp 1
  epsrel 0
  epsabs 0
  flags 291
  seed 1131
  mineval 1
  maxeval 1
  nstart 1000000
  nincrease 500000
  nbatch 1000
  gridno 1
  statefile "vegas_last_iter60"

Restoring state from vegas_last_iter60.

Iteration 17:  85000000 integrand evaluations so far
[1] -0.00413853 +- 2.14949e-06  	chisq 29.1318 (16 df)

Saving state to vegas_last_iter60.
Vegas input parameters:
  ndim 11
  ncomp 1
  epsrel 0
  epsabs 0
  flags 291
  seed 1191
  mineval 1
  maxeval 1
  nstart 1000000
  nincrease 500000
  nbatch 1000
  gridno 1
  statefile "vegas_last_iter60"

Restoring state from vegas_last_iter60.

Iteration 18:  94500000 integrand evaluations so far
[1] -0.00413808 +- 2.03374e-06  	chisq 29.5659 (17 df)

Saving state to vegas_last_iter60.
Vegas input parameters:
  ndim 11
  ncomp 1
  epsrel 0
  epsabs 0
  flags 291
  seed 1251
  mineval 1
  maxeval 1
  nstart 1000000
  nincrease 500000
  nbatch 1000
  gridno 1
  statefile "vegas_last_iter60"

Restoring state from vegas_last_iter60.

Iteration 19:  104500000 integrand evaluations so far
[1] -0.00413742 +- 1.9304e-06  	chisq 30.6179 (18 df)

Saving state to vegas_last_iter60.
Vegas input parameters:
  ndim 11
  ncomp 1
  epsrel 0
  epsabs 0
  flags 291
  seed 1311
  mineval 1
  maxeval 1
  nstart 1000000
  nincrease 500000
  nbatch 1000
  gridno 1
  statefile "vegas_last_iter60"

Restoring state from vegas_last_iter60.

Iteration 20:  115000000 integrand evaluations so far
[1] -0.00413622 +- 1.83716e-06  	chisq 34.7318 (19 df)

Saving state to vegas_last_iter60.
Vegas input parameters:
  ndim 11
  ncomp 1
  epsrel 0
  epsabs 0
  flags 291
  seed 1371
  mineval 1
  maxeval 1
  nstart 1000000
  nincrease 500000
  nbatch 1000
  gridno 1
  statefile "vegas_last_iter60"

Restoring state from vegas_last_iter60.

Iteration 21:  126000000 integrand evaluations so far
[1] -0.00413645 +- 1.75263e-06  	chisq 34.9057 (20 df)

Saving state to vegas_last_iter60.
Vegas input parameters:
  ndim 11
  ncomp 1
  epsrel 0
  epsabs 0
  flags 291
  seed 1431
  mineval 1
  maxeval 1
  nstart 1000000
  nincrease 500000
  nbatch 1000
  gridno 1
  statefile "vegas_last_iter60"

Restoring state from vegas_last_iter60.

Iteration 22:  137500000 integrand evaluations so far
[1] -0.00413695 +- 1.67538e-06  	chisq 35.866 (21 df)

Saving state to vegas_last_iter60.
Vegas input parameters:
  ndim 11
  ncomp 1
  epsrel 0
  epsabs 0
  flags 291
  seed 1491
  mineval 1
  maxeval 1
  nstart 1000000
  nincrease 500000
  nbatch 1000
  gridno 1
  statefile "vegas_last_iter60"

Restoring state from vegas_last_iter60.

Iteration 23:  149500000 integrand evaluations so far
[1] -0.0041371 +- 1.60481e-06  	chisq 35.9548 (22 df)

Saving state to vegas_last_iter60.
Vegas input parameters:
  ndim 11
  ncomp 1
  epsrel 0
  epsabs 0
  flags 291
  seed 1551
  mineval 1
  maxeval 1
  nstart 1000000
  nincrease 500000
  nbatch 1000
  gridno 1
  statefile "vegas_last_iter60"

Restoring state from vegas_last_iter60.

Iteration 24:  162000000 integrand evaluations so far
[1] -0.00413772 +- 1.53991e-06  	chisq 37.8773 (23 df)

Saving state to vegas_last_iter60.
Vegas input parameters:
  ndim 11
  ncomp 1
  epsrel 0
  epsabs 0
  flags 291
  seed 1611
  mineval 1
  maxeval 1
  nstart 1000000
  nincrease 500000
  nbatch 1000
  gridno 1
  statefile "vegas_last_iter60"

Restoring state from vegas_last_iter60.

Iteration 25:  175000000 integrand evaluations so far
[1] -0.00413775 +- 1.48025e-06  	chisq 37.8816 (24 df)

Saving state to vegas_last_iter60.
Vegas input parameters:
  ndim 11
  ncomp 1
  epsrel 0
  epsabs 0
  flags 291
  seed 1671
  mineval 1
  maxeval 1
  nstart 1000000
  nincrease 500000
  nbatch 1000
  gridno 1
  statefile "vegas_last_iter60"

Restoring state from vegas_last_iter60.

Iteration 26:  188500000 integrand evaluations so far
[1] -0.00413798 +- 1.42504e-06  	chisq 38.2264 (25 df)

Saving state to vegas_last_iter60.
Vegas input parameters:
  ndim 11
  ncomp 1
  epsrel 0
  epsabs 0
  flags 291
  seed 1731
  mineval 1
  maxeval 1
  nstart 1000000
  nincrease 500000
  nbatch 1000
  gridno 1
  statefile "vegas_last_iter60"

Restoring state from vegas_last_iter60.

Iteration 27:  202500000 integrand evaluations so far
[1] -0.00413834 +- 1.37395e-06  	chisq 39.0996 (26 df)

Saving state to vegas_last_iter60.
Thanks for using LHAPDF 6.3.0. Please make sure to cite the paper:
  Eur.Phys.J. C75 (2015) 3, 132  (http://arxiv.org/abs/1412.7420)
 method   =Vegas  
 nregions =           1
 neval    =   202500000
 fail     =           1
 -0.413833772149E-02 +-   0.137395459518E-05   p =    0.938
