/var/lib/condor/execute/dir_1627
LHAPDF 6.3.0 loading /home/taebh/2021_Research/share/LHAPDF/NNPDF31_nnlo_as_0118_mc_hessian_pdfas/NNPDF31_nnlo_as_0118_mc_hessian_pdfas_0000.dat
NNPDF31_nnlo_as_0118_mc_hessian_pdfas PDF set, member #0, version 1
Vegas input parameters:
  ndim 11
  ncomp 1
  epsrel 0
  epsabs 0
  flags 291
  seed 242
  mineval 1
  maxeval 1
  nstart 1000000
  nincrease 500000
  nbatch 1000
  gridno 1
  statefile "vegas_last_iter131"

Iteration 1:  1000000 integrand evaluations so far
[1] 0.00123721 +- 0.000176347  	chisq 0 (0 df)

Saving state to vegas_last_iter131.
Vegas input parameters:
  ndim 11
  ncomp 1
  epsrel 0
  epsabs 0
  flags 291
  seed 373
  mineval 1
  maxeval 1
  nstart 1000000
  nincrease 500000
  nbatch 1000
  gridno 1
  statefile "vegas_last_iter131"

Restoring state from vegas_last_iter131.

Iteration 2:  2500000 integrand evaluations so far
[1] 0.00128704 +- 6.18671e-05  	chisq 0.0910682 (1 df)

Saving state to vegas_last_iter131.
Vegas input parameters:
  ndim 11
  ncomp 1
  epsrel 0
  epsabs 0
  flags 291
  seed 504
  mineval 1
  maxeval 1
  nstart 1000000
  nincrease 500000
  nbatch 1000
  gridno 1
  statefile "vegas_last_iter131"

Restoring state from vegas_last_iter131.

Iteration 3:  4500000 integrand evaluations so far
[1] 0.00126482 +- 3.26973e-05  	chisq 0.270129 (2 df)

Saving state to vegas_last_iter131.
Vegas input parameters:
  ndim 11
  ncomp 1
  epsrel 0
  epsabs 0
  flags 291
  seed 635
  mineval 1
  maxeval 1
  nstart 1000000
  nincrease 500000
  nbatch 1000
  gridno 1
  statefile "vegas_last_iter131"

Restoring state from vegas_last_iter131.

Iteration 4:  7000000 integrand evaluations so far
[1] 0.00128358 +- 2.16562e-05  	chisq 0.856698 (3 df)

Saving state to vegas_last_iter131.
Vegas input parameters:
  ndim 11
  ncomp 1
  epsrel 0
  epsabs 0
  flags 291
  seed 766
  mineval 1
  maxeval 1
  nstart 1000000
  nincrease 500000
  nbatch 1000
  gridno 1
  statefile "vegas_last_iter131"

Restoring state from vegas_last_iter131.

Iteration 5:  10000000 integrand evaluations so far
[1] 0.00124777 +- 1.59543e-05  	chisq 6.83476 (4 df)

Saving state to vegas_last_iter131.
Vegas input parameters:
  ndim 11
  ncomp 1
  epsrel 0
  epsabs 0
  flags 291
  seed 897
  mineval 1
  maxeval 1
  nstart 1000000
  nincrease 500000
  nbatch 1000
  gridno 1
  statefile "vegas_last_iter131"

Restoring state from vegas_last_iter131.

Iteration 6:  13500000 integrand evaluations so far
[1] 0.00123653 +- 1.26133e-05  	chisq 8.1591 (5 df)

Saving state to vegas_last_iter131.
Vegas input parameters:
  ndim 11
  ncomp 1
  epsrel 0
  epsabs 0
  flags 291
  seed 1028
  mineval 1
  maxeval 1
  nstart 1000000
  nincrease 500000
  nbatch 1000
  gridno 1
  statefile "vegas_last_iter131"

Restoring state from vegas_last_iter131.

Iteration 7:  17500000 integrand evaluations so far
[1] 0.00122666 +- 1.04984e-05  	chisq 10.1537 (6 df)

Saving state to vegas_last_iter131.
Vegas input parameters:
  ndim 11
  ncomp 1
  epsrel 0
  epsabs 0
  flags 291
  seed 1159
  mineval 1
  maxeval 1
  nstart 1000000
  nincrease 500000
  nbatch 1000
  gridno 1
  statefile "vegas_last_iter131"

Restoring state from vegas_last_iter131.

Iteration 8:  22000000 integrand evaluations so far
[1] 0.00122511 +- 9.03665e-06  	chisq 10.2372 (7 df)

Saving state to vegas_last_iter131.
Vegas input parameters:
  ndim 11
  ncomp 1
  epsrel 0
  epsabs 0
  flags 291
  seed 1290
  mineval 1
  maxeval 1
  nstart 1000000
  nincrease 500000
  nbatch 1000
  gridno 1
  statefile "vegas_last_iter131"

Restoring state from vegas_last_iter131.

Iteration 9:  27000000 integrand evaluations so far
[1] 0.00122262 +- 7.95161e-06  	chisq 10.5744 (8 df)

Saving state to vegas_last_iter131.
Vegas input parameters:
  ndim 11
  ncomp 1
  epsrel 0
  epsabs 0
  flags 291
  seed 1421
  mineval 1
  maxeval 1
  nstart 1000000
  nincrease 500000
  nbatch 1000
  gridno 1
  statefile "vegas_last_iter131"

Restoring state from vegas_last_iter131.

Iteration 10:  32500000 integrand evaluations so far
[1] 0.00121942 +- 7.11122e-06  	chisq 11.3851 (9 df)

Saving state to vegas_last_iter131.
Vegas input parameters:
  ndim 11
  ncomp 1
  epsrel 0
  epsabs 0
  flags 291
  seed 1552
  mineval 1
  maxeval 1
  nstart 1000000
  nincrease 500000
  nbatch 1000
  gridno 1
  statefile "vegas_last_iter131"

Restoring state from vegas_last_iter131.

Iteration 11:  38500000 integrand evaluations so far
[1] 0.00121857 +- 6.4451e-06  	chisq 11.4636 (10 df)

Saving state to vegas_last_iter131.
Vegas input parameters:
  ndim 11
  ncomp 1
  epsrel 0
  epsabs 0
  flags 291
  seed 1683
  mineval 1
  maxeval 1
  nstart 1000000
  nincrease 500000
  nbatch 1000
  gridno 1
  statefile "vegas_last_iter131"

Restoring state from vegas_last_iter131.

Iteration 12:  45000000 integrand evaluations so far
[1] 0.00121805 +- 5.89732e-06  	chisq 11.5038 (11 df)

Saving state to vegas_last_iter131.
Vegas input parameters:
  ndim 11
  ncomp 1
  epsrel 0
  epsabs 0
  flags 291
  seed 1814
  mineval 1
  maxeval 1
  nstart 1000000
  nincrease 500000
  nbatch 1000
  gridno 1
  statefile "vegas_last_iter131"

Restoring state from vegas_last_iter131.

Iteration 13:  52000000 integrand evaluations so far
[1] 0.00121875 +- 5.43835e-06  	chisq 11.5977 (12 df)

Saving state to vegas_last_iter131.
Vegas input parameters:
  ndim 11
  ncomp 1
  epsrel 0
  epsabs 0
  flags 291
  seed 1945
  mineval 1
  maxeval 1
  nstart 1000000
  nincrease 500000
  nbatch 1000
  gridno 1
  statefile "vegas_last_iter131"

Restoring state from vegas_last_iter131.

Iteration 14:  59500000 integrand evaluations so far
[1] 0.00121821 +- 5.04707e-06  	chisq 11.6688 (13 df)

Saving state to vegas_last_iter131.
Vegas input parameters:
  ndim 11
  ncomp 1
  epsrel 0
  epsabs 0
  flags 291
  seed 2076
  mineval 1
  maxeval 1
  nstart 1000000
  nincrease 500000
  nbatch 1000
  gridno 1
  statefile "vegas_last_iter131"

Restoring state from vegas_last_iter131.

Iteration 15:  67500000 integrand evaluations so far
[1] 0.00121814 +- 4.71252e-06  	chisq 11.6703 (14 df)

Saving state to vegas_last_iter131.
Vegas input parameters:
  ndim 11
  ncomp 1
  epsrel 0
  epsabs 0
  flags 291
  seed 2207
  mineval 1
  maxeval 1
  nstart 1000000
  nincrease 500000
  nbatch 1000
  gridno 1
  statefile "vegas_last_iter131"

Restoring state from vegas_last_iter131.

Iteration 16:  76000000 integrand evaluations so far
[1] 0.0012186 +- 4.41954e-06  	chisq 11.7503 (15 df)

Saving state to vegas_last_iter131.
Vegas input parameters:
  ndim 11
  ncomp 1
  epsrel 0
  epsabs 0
  flags 291
  seed 2338
  mineval 1
  maxeval 1
  nstart 1000000
  nincrease 500000
  nbatch 1000
  gridno 1
  statefile "vegas_last_iter131"

Restoring state from vegas_last_iter131.

Iteration 17:  85000000 integrand evaluations so far
[1] 0.0012195 +- 4.16251e-06  	chisq 12.1129 (16 df)

Saving state to vegas_last_iter131.
Vegas input parameters:
  ndim 11
  ncomp 1
  epsrel 0
  epsabs 0
  flags 291
  seed 2469
  mineval 1
  maxeval 1
  nstart 1000000
  nincrease 500000
  nbatch 1000
  gridno 1
  statefile "vegas_last_iter131"

Restoring state from vegas_last_iter131.

Iteration 18:  94500000 integrand evaluations so far
[1] 0.00121872 +- 3.93418e-06  	chisq 12.444 (17 df)

Saving state to vegas_last_iter131.
Vegas input parameters:
  ndim 11
  ncomp 1
  epsrel 0
  epsabs 0
  flags 291
  seed 2600
  mineval 1
  maxeval 1
  nstart 1000000
  nincrease 500000
  nbatch 1000
  gridno 1
  statefile "vegas_last_iter131"

Restoring state from vegas_last_iter131.

Iteration 19:  104500000 integrand evaluations so far
[1] 0.00121724 +- 3.73057e-06  	chisq 13.8305 (18 df)

Saving state to vegas_last_iter131.
Vegas input parameters:
  ndim 11
  ncomp 1
  epsrel 0
  epsabs 0
  flags 291
  seed 2731
  mineval 1
  maxeval 1
  nstart 1000000
  nincrease 500000
  nbatch 1000
  gridno 1
  statefile "vegas_last_iter131"

Restoring state from vegas_last_iter131.

Iteration 20:  115000000 integrand evaluations so far
[1] 0.00121723 +- 3.54738e-06  	chisq 13.8307 (19 df)

Saving state to vegas_last_iter131.
Vegas input parameters:
  ndim 11
  ncomp 1
  epsrel 0
  epsabs 0
  flags 291
  seed 2862
  mineval 1
  maxeval 1
  nstart 1000000
  nincrease 500000
  nbatch 1000
  gridno 1
  statefile "vegas_last_iter131"

Restoring state from vegas_last_iter131.

Iteration 21:  126000000 integrand evaluations so far
[1] 0.0012167 +- 3.38174e-06  	chisq 14.0719 (20 df)

Saving state to vegas_last_iter131.
Vegas input parameters:
  ndim 11
  ncomp 1
  epsrel 0
  epsabs 0
  flags 291
  seed 2993
  mineval 1
  maxeval 1
  nstart 1000000
  nincrease 500000
  nbatch 1000
  gridno 1
  statefile "vegas_last_iter131"

Restoring state from vegas_last_iter131.

Iteration 22:  137500000 integrand evaluations so far
[1] 0.00121724 +- 3.23098e-06  	chisq 14.3635 (21 df)

Saving state to vegas_last_iter131.
Vegas input parameters:
  ndim 11
  ncomp 1
  epsrel 0
  epsabs 0
  flags 291
  seed 3124
  mineval 1
  maxeval 1
  nstart 1000000
  nincrease 500000
  nbatch 1000
  gridno 1
  statefile "vegas_last_iter131"

Restoring state from vegas_last_iter131.

Iteration 23:  149500000 integrand evaluations so far
[1] 0.00121875 +- 3.09346e-06  	chisq 16.9914 (22 df)

Saving state to vegas_last_iter131.
Vegas input parameters:
  ndim 11
  ncomp 1
  epsrel 0
  epsabs 0
  flags 291
  seed 3255
  mineval 1
  maxeval 1
  nstart 1000000
  nincrease 500000
  nbatch 1000
  gridno 1
  statefile "vegas_last_iter131"

Restoring state from vegas_last_iter131.

Iteration 24:  162000000 integrand evaluations so far
[1] 0.00121884 +- 2.96788e-06  	chisq 17.001 (23 df)

Saving state to vegas_last_iter131.
Vegas input parameters:
  ndim 11
  ncomp 1
  epsrel 0
  epsabs 0
  flags 291
  seed 3386
  mineval 1
  maxeval 1
  nstart 1000000
  nincrease 500000
  nbatch 1000
  gridno 1
  statefile "vegas_last_iter131"

Restoring state from vegas_last_iter131.

Iteration 25:  175000000 integrand evaluations so far
[1] 0.00121726 +- 2.85145e-06  	chisq 20.6723 (24 df)

Saving state to vegas_last_iter131.
Vegas input parameters:
  ndim 11
  ncomp 1
  epsrel 0
  epsabs 0
  flags 291
  seed 3517
  mineval 1
  maxeval 1
  nstart 1000000
  nincrease 500000
  nbatch 1000
  gridno 1
  statefile "vegas_last_iter131"

Restoring state from vegas_last_iter131.

Iteration 26:  188500000 integrand evaluations so far
[1] 0.00121911 +- 2.74403e-06  	chisq 26.3547 (25 df)

Saving state to vegas_last_iter131.
Vegas input parameters:
  ndim 11
  ncomp 1
  epsrel 0
  epsabs 0
  flags 291
  seed 3648
  mineval 1
  maxeval 1
  nstart 1000000
  nincrease 500000
  nbatch 1000
  gridno 1
  statefile "vegas_last_iter131"

Restoring state from vegas_last_iter131.

Iteration 27:  202500000 integrand evaluations so far
[1] 0.00121886 +- 2.64467e-06  	chisq 26.4685 (26 df)

Saving state to vegas_last_iter131.
Thanks for using LHAPDF 6.3.0. Please make sure to cite the paper:
  Eur.Phys.J. C75 (2015) 3, 132  (http://arxiv.org/abs/1412.7420)
 method   =Vegas  
 nregions =           1
 neval    =   202500000
 fail     =           1
  0.121886329596E-02 +-   0.264466761784E-05   p =    0.507
