/var/lib/condor/execute/dir_55537
LHAPDF 6.3.0 loading /home/taebh/2021_Research/share/LHAPDF/NNPDF31_nnlo_as_0118_mc_hessian_pdfas/NNPDF31_nnlo_as_0118_mc_hessian_pdfas_0000.dat
NNPDF31_nnlo_as_0118_mc_hessian_pdfas PDF set, member #0, version 1
Vegas input parameters:
  ndim 11
  ncomp 1
  epsrel 0
  epsabs 0
  flags 291
  seed 198
  mineval 1
  maxeval 1
  nstart 1000000
  nincrease 500000
  nbatch 1000
  gridno 1
  statefile "vegas_last_iter87"

Iteration 1:  1000000 integrand evaluations so far
[1] 0.00286999 +- 1.06031e-05  	chisq 0 (0 df)

Saving state to vegas_last_iter87.
Vegas input parameters:
  ndim 11
  ncomp 1
  epsrel 0
  epsabs 0
  flags 291
  seed 285
  mineval 1
  maxeval 1
  nstart 1000000
  nincrease 500000
  nbatch 1000
  gridno 1
  statefile "vegas_last_iter87"

Restoring state from vegas_last_iter87.

Iteration 2:  2500000 integrand evaluations so far
[1] 0.00285739 +- 4.19267e-06  	chisq 1.67383 (1 df)

Saving state to vegas_last_iter87.
Vegas input parameters:
  ndim 11
  ncomp 1
  epsrel 0
  epsabs 0
  flags 291
  seed 372
  mineval 1
  maxeval 1
  nstart 1000000
  nincrease 500000
  nbatch 1000
  gridno 1
  statefile "vegas_last_iter87"

Restoring state from vegas_last_iter87.

Iteration 3:  4500000 integrand evaluations so far
[1] 0.00285677 +- 2.2986e-06  	chisq 1.70463 (2 df)

Saving state to vegas_last_iter87.
Vegas input parameters:
  ndim 11
  ncomp 1
  epsrel 0
  epsabs 0
  flags 291
  seed 459
  mineval 1
  maxeval 1
  nstart 1000000
  nincrease 500000
  nbatch 1000
  gridno 1
  statefile "vegas_last_iter87"

Restoring state from vegas_last_iter87.

Iteration 4:  7000000 integrand evaluations so far
[1] 0.00285488 +- 1.60862e-06  	chisq 3.03228 (3 df)

Saving state to vegas_last_iter87.
Vegas input parameters:
  ndim 11
  ncomp 1
  epsrel 0
  epsabs 0
  flags 291
  seed 546
  mineval 1
  maxeval 1
  nstart 1000000
  nincrease 500000
  nbatch 1000
  gridno 1
  statefile "vegas_last_iter87"

Restoring state from vegas_last_iter87.

Iteration 5:  10000000 integrand evaluations so far
[1] 0.00285476 +- 1.20095e-06  	chisq 3.04454 (4 df)

Saving state to vegas_last_iter87.
Vegas input parameters:
  ndim 11
  ncomp 1
  epsrel 0
  epsabs 0
  flags 291
  seed 633
  mineval 1
  maxeval 1
  nstart 1000000
  nincrease 500000
  nbatch 1000
  gridno 1
  statefile "vegas_last_iter87"

Restoring state from vegas_last_iter87.

Iteration 6:  13500000 integrand evaluations so far
[1] 0.00285507 +- 9.48331e-07  	chisq 3.21508 (5 df)

Saving state to vegas_last_iter87.
Vegas input parameters:
  ndim 11
  ncomp 1
  epsrel 0
  epsabs 0
  flags 291
  seed 720
  mineval 1
  maxeval 1
  nstart 1000000
  nincrease 500000
  nbatch 1000
  gridno 1
  statefile "vegas_last_iter87"

Restoring state from vegas_last_iter87.

Iteration 7:  17500000 integrand evaluations so far
[1] 0.00285417 +- 7.83963e-07  	chisq 6.04147 (6 df)

Saving state to vegas_last_iter87.
Vegas input parameters:
  ndim 11
  ncomp 1
  epsrel 0
  epsabs 0
  flags 291
  seed 807
  mineval 1
  maxeval 1
  nstart 1000000
  nincrease 500000
  nbatch 1000
  gridno 1
  statefile "vegas_last_iter87"

Restoring state from vegas_last_iter87.

Iteration 8:  22000000 integrand evaluations so far
[1] 0.00285394 +- 6.71579e-07  	chisq 6.35186 (7 df)

Saving state to vegas_last_iter87.
Vegas input parameters:
  ndim 11
  ncomp 1
  epsrel 0
  epsabs 0
  flags 291
  seed 894
  mineval 1
  maxeval 1
  nstart 1000000
  nincrease 500000
  nbatch 1000
  gridno 1
  statefile "vegas_last_iter87"

Restoring state from vegas_last_iter87.

Iteration 9:  27000000 integrand evaluations so far
[1] 0.00285398 +- 5.89121e-07  	chisq 6.3614 (8 df)

Saving state to vegas_last_iter87.
Vegas input parameters:
  ndim 11
  ncomp 1
  epsrel 0
  epsabs 0
  flags 291
  seed 981
  mineval 1
  maxeval 1
  nstart 1000000
  nincrease 500000
  nbatch 1000
  gridno 1
  statefile "vegas_last_iter87"

Restoring state from vegas_last_iter87.

Iteration 10:  32500000 integrand evaluations so far
[1] 0.00285388 +- 5.26414e-07  	chisq 6.48859 (9 df)

Saving state to vegas_last_iter87.
Vegas input parameters:
  ndim 11
  ncomp 1
  epsrel 0
  epsabs 0
  flags 291
  seed 1068
  mineval 1
  maxeval 1
  nstart 1000000
  nincrease 500000
  nbatch 1000
  gridno 1
  statefile "vegas_last_iter87"

Restoring state from vegas_last_iter87.

Iteration 11:  38500000 integrand evaluations so far
[1] 0.00285375 +- 4.75635e-07  	chisq 6.84222 (10 df)

Saving state to vegas_last_iter87.
Vegas input parameters:
  ndim 11
  ncomp 1
  epsrel 0
  epsabs 0
  flags 291
  seed 1155
  mineval 1
  maxeval 1
  nstart 1000000
  nincrease 500000
  nbatch 1000
  gridno 1
  statefile "vegas_last_iter87"

Restoring state from vegas_last_iter87.

Iteration 12:  45000000 integrand evaluations so far
[1] 0.00285383 +- 4.35472e-07  	chisq 7.03107 (11 df)

Saving state to vegas_last_iter87.
Vegas input parameters:
  ndim 11
  ncomp 1
  epsrel 0
  epsabs 0
  flags 291
  seed 1242
  mineval 1
  maxeval 1
  nstart 1000000
  nincrease 500000
  nbatch 1000
  gridno 1
  statefile "vegas_last_iter87"

Restoring state from vegas_last_iter87.

Iteration 13:  52000000 integrand evaluations so far
[1] 0.00285368 +- 4.00982e-07  	chisq 7.82013 (12 df)

Saving state to vegas_last_iter87.
Vegas input parameters:
  ndim 11
  ncomp 1
  epsrel 0
  epsabs 0
  flags 291
  seed 1329
  mineval 1
  maxeval 1
  nstart 1000000
  nincrease 500000
  nbatch 1000
  gridno 1
  statefile "vegas_last_iter87"

Restoring state from vegas_last_iter87.

Iteration 14:  59500000 integrand evaluations so far
[1] 0.00285361 +- 3.72122e-07  	chisq 8.06608 (13 df)

Saving state to vegas_last_iter87.
Vegas input parameters:
  ndim 11
  ncomp 1
  epsrel 0
  epsabs 0
  flags 291
  seed 1416
  mineval 1
  maxeval 1
  nstart 1000000
  nincrease 500000
  nbatch 1000
  gridno 1
  statefile "vegas_last_iter87"

Restoring state from vegas_last_iter87.

Iteration 15:  67500000 integrand evaluations so far
[1] 0.00285355 +- 3.47315e-07  	chisq 8.22836 (14 df)

Saving state to vegas_last_iter87.
Vegas input parameters:
  ndim 11
  ncomp 1
  epsrel 0
  epsabs 0
  flags 291
  seed 1503
  mineval 1
  maxeval 1
  nstart 1000000
  nincrease 500000
  nbatch 1000
  gridno 1
  statefile "vegas_last_iter87"

Restoring state from vegas_last_iter87.

Iteration 16:  76000000 integrand evaluations so far
[1] 0.0028535 +- 3.25281e-07  	chisq 8.37912 (15 df)

Saving state to vegas_last_iter87.
Vegas input parameters:
  ndim 11
  ncomp 1
  epsrel 0
  epsabs 0
  flags 291
  seed 1590
  mineval 1
  maxeval 1
  nstart 1000000
  nincrease 500000
  nbatch 1000
  gridno 1
  statefile "vegas_last_iter87"

Restoring state from vegas_last_iter87.

Iteration 17:  85000000 integrand evaluations so far
[1] 0.00285336 +- 3.05863e-07  	chisq 10.1245 (16 df)

Saving state to vegas_last_iter87.
Vegas input parameters:
  ndim 11
  ncomp 1
  epsrel 0
  epsabs 0
  flags 291
  seed 1677
  mineval 1
  maxeval 1
  nstart 1000000
  nincrease 500000
  nbatch 1000
  gridno 1
  statefile "vegas_last_iter87"

Restoring state from vegas_last_iter87.

Iteration 18:  94500000 integrand evaluations so far
[1] 0.00285349 +- 2.88728e-07  	chisq 11.8428 (17 df)

Saving state to vegas_last_iter87.
Vegas input parameters:
  ndim 11
  ncomp 1
  epsrel 0
  epsabs 0
  flags 291
  seed 1764
  mineval 1
  maxeval 1
  nstart 1000000
  nincrease 500000
  nbatch 1000
  gridno 1
  statefile "vegas_last_iter87"

Restoring state from vegas_last_iter87.

Iteration 19:  104500000 integrand evaluations so far
[1] 0.00285354 +- 2.73606e-07  	chisq 12.1216 (18 df)

Saving state to vegas_last_iter87.
Vegas input parameters:
  ndim 11
  ncomp 1
  epsrel 0
  epsabs 0
  flags 291
  seed 1851
  mineval 1
  maxeval 1
  nstart 1000000
  nincrease 500000
  nbatch 1000
  gridno 1
  statefile "vegas_last_iter87"

Restoring state from vegas_last_iter87.

Iteration 20:  115000000 integrand evaluations so far
[1] 0.00285353 +- 2.59924e-07  	chisq 12.1321 (19 df)

Saving state to vegas_last_iter87.
Vegas input parameters:
  ndim 11
  ncomp 1
  epsrel 0
  epsabs 0
  flags 291
  seed 1938
  mineval 1
  maxeval 1
  nstart 1000000
  nincrease 500000
  nbatch 1000
  gridno 1
  statefile "vegas_last_iter87"

Restoring state from vegas_last_iter87.

Iteration 21:  126000000 integrand evaluations so far
[1] 0.00285356 +- 2.47604e-07  	chisq 12.2531 (20 df)

Saving state to vegas_last_iter87.
Vegas input parameters:
  ndim 11
  ncomp 1
  epsrel 0
  epsabs 0
  flags 291
  seed 2025
  mineval 1
  maxeval 1
  nstart 1000000
  nincrease 500000
  nbatch 1000
  gridno 1
  statefile "vegas_last_iter87"

Restoring state from vegas_last_iter87.

Iteration 22:  137500000 integrand evaluations so far
[1] 0.00285352 +- 2.36669e-07  	chisq 12.5311 (21 df)

Saving state to vegas_last_iter87.
Vegas input parameters:
  ndim 11
  ncomp 1
  epsrel 0
  epsabs 0
  flags 291
  seed 2112
  mineval 1
  maxeval 1
  nstart 1000000
  nincrease 500000
  nbatch 1000
  gridno 1
  statefile "vegas_last_iter87"

Restoring state from vegas_last_iter87.

Iteration 23:  149500000 integrand evaluations so far
[1] 0.0028535 +- 2.26481e-07  	chisq 12.5789 (22 df)

Saving state to vegas_last_iter87.
Vegas input parameters:
  ndim 11
  ncomp 1
  epsrel 0
  epsabs 0
  flags 291
  seed 2199
  mineval 1
  maxeval 1
  nstart 1000000
  nincrease 500000
  nbatch 1000
  gridno 1
  statefile "vegas_last_iter87"

Restoring state from vegas_last_iter87.

Iteration 24:  162000000 integrand evaluations so far
[1] 0.00285362 +- 2.17084e-07  	chisq 15.569 (23 df)

Saving state to vegas_last_iter87.
Vegas input parameters:
  ndim 11
  ncomp 1
  epsrel 0
  epsabs 0
  flags 291
  seed 2286
  mineval 1
  maxeval 1
  nstart 1000000
  nincrease 500000
  nbatch 1000
  gridno 1
  statefile "vegas_last_iter87"

Restoring state from vegas_last_iter87.

Iteration 25:  175000000 integrand evaluations so far
[1] 0.00285361 +- 2.08462e-07  	chisq 15.5791 (24 df)

Saving state to vegas_last_iter87.
Vegas input parameters:
  ndim 11
  ncomp 1
  epsrel 0
  epsabs 0
  flags 291
  seed 2373
  mineval 1
  maxeval 1
  nstart 1000000
  nincrease 500000
  nbatch 1000
  gridno 1
  statefile "vegas_last_iter87"

Restoring state from vegas_last_iter87.

Iteration 26:  188500000 integrand evaluations so far
[1] 0.00285369 +- 2.00528e-07  	chisq 17.5265 (25 df)

Saving state to vegas_last_iter87.
Vegas input parameters:
  ndim 11
  ncomp 1
  epsrel 0
  epsabs 0
  flags 291
  seed 2460
  mineval 1
  maxeval 1
  nstart 1000000
  nincrease 500000
  nbatch 1000
  gridno 1
  statefile "vegas_last_iter87"

Restoring state from vegas_last_iter87.

Iteration 27:  202500000 integrand evaluations so far
[1] 0.00285371 +- 1.93179e-07  	chisq 17.6192 (26 df)

Saving state to vegas_last_iter87.
Thanks for using LHAPDF 6.3.0. Please make sure to cite the paper:
  Eur.Phys.J. C75 (2015) 3, 132  (http://arxiv.org/abs/1412.7420)
 method   =Vegas  
 nregions =           1
 neval    =   202500000
 fail     =           1
  0.285370565221E-02 +-   0.193179284605E-06   p =    0.085
