/var/lib/condor/execute/dir_3358
LHAPDF 6.3.0 loading /home/taebh/2021_Research/share/LHAPDF/NNPDF31_nnlo_as_0118_mc_hessian_pdfas/NNPDF31_nnlo_as_0118_mc_hessian_pdfas_0000.dat
NNPDF31_nnlo_as_0118_mc_hessian_pdfas PDF set, member #0, version 1
Vegas input parameters:
  ndim 11
  ncomp 1
  epsrel 0
  epsabs 0
  flags 291
  seed 260
  mineval 1
  maxeval 1
  nstart 1000000
  nincrease 500000
  nbatch 1000
  gridno 1
  statefile "vegas_last_iter149"

Iteration 1:  1000000 integrand evaluations so far
[1] -0.00454639 +- 0.00211455  	chisq 0 (0 df)

Saving state to vegas_last_iter149.
Vegas input parameters:
  ndim 11
  ncomp 1
  epsrel 0
  epsabs 0
  flags 291
  seed 409
  mineval 1
  maxeval 1
  nstart 1000000
  nincrease 500000
  nbatch 1000
  gridno 1
  statefile "vegas_last_iter149"

Restoring state from vegas_last_iter149.

Iteration 2:  2500000 integrand evaluations so far
[1] -0.00500805 +- 0.00209917  	chisq 3.28831 (1 df)

Saving state to vegas_last_iter149.
Vegas input parameters:
  ndim 11
  ncomp 1
  epsrel 0
  epsabs 0
  flags 291
  seed 558
  mineval 1
  maxeval 1
  nstart 1000000
  nincrease 500000
  nbatch 1000
  gridno 1
  statefile "vegas_last_iter149"

Restoring state from vegas_last_iter149.

Iteration 3:  4500000 integrand evaluations so far
[1] -0.00927497 +- 0.000572633  	chisq 7.75225 (2 df)

Saving state to vegas_last_iter149.
Vegas input parameters:
  ndim 11
  ncomp 1
  epsrel 0
  epsabs 0
  flags 291
  seed 707
  mineval 1
  maxeval 1
  nstart 1000000
  nincrease 500000
  nbatch 1000
  gridno 1
  statefile "vegas_last_iter149"

Restoring state from vegas_last_iter149.

Iteration 4:  7000000 integrand evaluations so far
[1] -0.0095222 +- 0.000161279  	chisq 7.9547 (3 df)

Saving state to vegas_last_iter149.
Vegas input parameters:
  ndim 11
  ncomp 1
  epsrel 0
  epsabs 0
  flags 291
  seed 856
  mineval 1
  maxeval 1
  nstart 1000000
  nincrease 500000
  nbatch 1000
  gridno 1
  statefile "vegas_last_iter149"

Restoring state from vegas_last_iter149.

Iteration 5:  10000000 integrand evaluations so far
[1] -0.00968706 +- 3.92724e-05  	chisq 9.06557 (4 df)

Saving state to vegas_last_iter149.
Vegas input parameters:
  ndim 11
  ncomp 1
  epsrel 0
  epsabs 0
  flags 291
  seed 1005
  mineval 1
  maxeval 1
  nstart 1000000
  nincrease 500000
  nbatch 1000
  gridno 1
  statefile "vegas_last_iter149"

Restoring state from vegas_last_iter149.

Iteration 6:  13500000 integrand evaluations so far
[1] -0.00971339 +- 1.84857e-05  	chisq 9.64298 (5 df)

Saving state to vegas_last_iter149.
Vegas input parameters:
  ndim 11
  ncomp 1
  epsrel 0
  epsabs 0
  flags 291
  seed 1154
  mineval 1
  maxeval 1
  nstart 1000000
  nincrease 500000
  nbatch 1000
  gridno 1
  statefile "vegas_last_iter149"

Restoring state from vegas_last_iter149.

Iteration 7:  17500000 integrand evaluations so far
[1] -0.00972004 +- 1.23414e-05  	chisq 9.87635 (6 df)

Saving state to vegas_last_iter149.
Vegas input parameters:
  ndim 11
  ncomp 1
  epsrel 0
  epsabs 0
  flags 291
  seed 1303
  mineval 1
  maxeval 1
  nstart 1000000
  nincrease 500000
  nbatch 1000
  gridno 1
  statefile "vegas_last_iter149"

Restoring state from vegas_last_iter149.

Iteration 8:  22000000 integrand evaluations so far
[1] -0.00972041 +- 9.4878e-06  	chisq 9.87858 (7 df)

Saving state to vegas_last_iter149.
Vegas input parameters:
  ndim 11
  ncomp 1
  epsrel 0
  epsabs 0
  flags 291
  seed 1452
  mineval 1
  maxeval 1
  nstart 1000000
  nincrease 500000
  nbatch 1000
  gridno 1
  statefile "vegas_last_iter149"

Restoring state from vegas_last_iter149.

Iteration 9:  27000000 integrand evaluations so far
[1] -0.00972562 +- 7.82229e-06  	chisq 10.8166 (8 df)

Saving state to vegas_last_iter149.
Vegas input parameters:
  ndim 11
  ncomp 1
  epsrel 0
  epsabs 0
  flags 291
  seed 1601
  mineval 1
  maxeval 1
  nstart 1000000
  nincrease 500000
  nbatch 1000
  gridno 1
  statefile "vegas_last_iter149"

Restoring state from vegas_last_iter149.

Iteration 10:  32500000 integrand evaluations so far
[1] -0.00972966 +- 6.71565e-06  	chisq 11.8357 (9 df)

Saving state to vegas_last_iter149.
Vegas input parameters:
  ndim 11
  ncomp 1
  epsrel 0
  epsabs 0
  flags 291
  seed 1750
  mineval 1
  maxeval 1
  nstart 1000000
  nincrease 500000
  nbatch 1000
  gridno 1
  statefile "vegas_last_iter149"

Restoring state from vegas_last_iter149.

Iteration 11:  38500000 integrand evaluations so far
[1] -0.00972985 +- 5.91453e-06  	chisq 11.8391 (10 df)

Saving state to vegas_last_iter149.
Vegas input parameters:
  ndim 11
  ncomp 1
  epsrel 0
  epsabs 0
  flags 291
  seed 1899
  mineval 1
  maxeval 1
  nstart 1000000
  nincrease 500000
  nbatch 1000
  gridno 1
  statefile "vegas_last_iter149"

Restoring state from vegas_last_iter149.

Iteration 12:  45000000 integrand evaluations so far
[1] -0.0097248 +- 5.3045e-06  	chisq 15.5609 (11 df)

Saving state to vegas_last_iter149.
Vegas input parameters:
  ndim 11
  ncomp 1
  epsrel 0
  epsabs 0
  flags 291
  seed 2048
  mineval 1
  maxeval 1
  nstart 1000000
  nincrease 500000
  nbatch 1000
  gridno 1
  statefile "vegas_last_iter149"

Restoring state from vegas_last_iter149.

Iteration 13:  52000000 integrand evaluations so far
[1] -0.00972603 +- 4.81937e-06  	chisq 15.8644 (12 df)

Saving state to vegas_last_iter149.
Vegas input parameters:
  ndim 11
  ncomp 1
  epsrel 0
  epsabs 0
  flags 291
  seed 2197
  mineval 1
  maxeval 1
  nstart 1000000
  nincrease 500000
  nbatch 1000
  gridno 1
  statefile "vegas_last_iter149"

Restoring state from vegas_last_iter149.

Iteration 14:  59500000 integrand evaluations so far
[1] -0.00972637 +- 4.42392e-06  	chisq 15.8966 (13 df)

Saving state to vegas_last_iter149.
Vegas input parameters:
  ndim 11
  ncomp 1
  epsrel 0
  epsabs 0
  flags 291
  seed 2346
  mineval 1
  maxeval 1
  nstart 1000000
  nincrease 500000
  nbatch 1000
  gridno 1
  statefile "vegas_last_iter149"

Restoring state from vegas_last_iter149.

Iteration 15:  67500000 integrand evaluations so far
[1] -0.00972626 +- 4.09393e-06  	chisq 15.9006 (14 df)

Saving state to vegas_last_iter149.
Vegas input parameters:
  ndim 11
  ncomp 1
  epsrel 0
  epsabs 0
  flags 291
  seed 2495
  mineval 1
  maxeval 1
  nstart 1000000
  nincrease 500000
  nbatch 1000
  gridno 1
  statefile "vegas_last_iter149"

Restoring state from vegas_last_iter149.

Iteration 16:  76000000 integrand evaluations so far
[1] -0.00972799 +- 3.81346e-06  	chisq 17.2408 (15 df)

Saving state to vegas_last_iter149.
Vegas input parameters:
  ndim 11
  ncomp 1
  epsrel 0
  epsabs 0
  flags 291
  seed 2644
  mineval 1
  maxeval 1
  nstart 1000000
  nincrease 500000
  nbatch 1000
  gridno 1
  statefile "vegas_last_iter149"

Restoring state from vegas_last_iter149.

Iteration 17:  85000000 integrand evaluations so far
[1] -0.00972778 +- 3.57069e-06  	chisq 17.2657 (16 df)

Saving state to vegas_last_iter149.
Vegas input parameters:
  ndim 11
  ncomp 1
  epsrel 0
  epsabs 0
  flags 291
  seed 2793
  mineval 1
  maxeval 1
  nstart 1000000
  nincrease 500000
  nbatch 1000
  gridno 1
  statefile "vegas_last_iter149"

Restoring state from vegas_last_iter149.

Iteration 18:  94500000 integrand evaluations so far
[1] -0.00972653 +- 3.35886e-06  	chisq 18.3244 (17 df)

Saving state to vegas_last_iter149.
Vegas input parameters:
  ndim 11
  ncomp 1
  epsrel 0
  epsabs 0
  flags 291
  seed 2942
  mineval 1
  maxeval 1
  nstart 1000000
  nincrease 500000
  nbatch 1000
  gridno 1
  statefile "vegas_last_iter149"

Restoring state from vegas_last_iter149.

Iteration 19:  104500000 integrand evaluations so far
[1] -0.00972977 +- 3.17122e-06  	chisq 26.8825 (18 df)

Saving state to vegas_last_iter149.
Vegas input parameters:
  ndim 11
  ncomp 1
  epsrel 0
  epsabs 0
  flags 291
  seed 3091
  mineval 1
  maxeval 1
  nstart 1000000
  nincrease 500000
  nbatch 1000
  gridno 1
  statefile "vegas_last_iter149"

Restoring state from vegas_last_iter149.

Iteration 20:  115000000 integrand evaluations so far
[1] -0.00972955 +- 3.00434e-06  	chisq 26.9292 (19 df)

Saving state to vegas_last_iter149.
Vegas input parameters:
  ndim 11
  ncomp 1
  epsrel 0
  epsabs 0
  flags 291
  seed 3240
  mineval 1
  maxeval 1
  nstart 1000000
  nincrease 500000
  nbatch 1000
  gridno 1
  statefile "vegas_last_iter149"

Restoring state from vegas_last_iter149.

Iteration 21:  126000000 integrand evaluations so far
[1] -0.00973082 +- 2.8551e-06  	chisq 28.7862 (20 df)

Saving state to vegas_last_iter149.
Vegas input parameters:
  ndim 11
  ncomp 1
  epsrel 0
  epsabs 0
  flags 291
  seed 3389
  mineval 1
  maxeval 1
  nstart 1000000
  nincrease 500000
  nbatch 1000
  gridno 1
  statefile "vegas_last_iter149"

Restoring state from vegas_last_iter149.

Iteration 22:  137500000 integrand evaluations so far
[1] -0.00973262 +- 2.72065e-06  	chisq 33.0887 (21 df)

Saving state to vegas_last_iter149.
Vegas input parameters:
  ndim 11
  ncomp 1
  epsrel 0
  epsabs 0
  flags 291
  seed 3538
  mineval 1
  maxeval 1
  nstart 1000000
  nincrease 500000
  nbatch 1000
  gridno 1
  statefile "vegas_last_iter149"

Restoring state from vegas_last_iter149.

Iteration 23:  149500000 integrand evaluations so far
[1] -0.00973234 +- 2.59923e-06  	chisq 33.2113 (22 df)

Saving state to vegas_last_iter149.
Vegas input parameters:
  ndim 11
  ncomp 1
  epsrel 0
  epsabs 0
  flags 291
  seed 3687
  mineval 1
  maxeval 1
  nstart 1000000
  nincrease 500000
  nbatch 1000
  gridno 1
  statefile "vegas_last_iter149"

Restoring state from vegas_last_iter149.

Iteration 24:  162000000 integrand evaluations so far
[1] -0.00973099 +- 2.48823e-06  	chisq 36.4156 (23 df)

Saving state to vegas_last_iter149.
Vegas input parameters:
  ndim 11
  ncomp 1
  epsrel 0
  epsabs 0
  flags 291
  seed 3836
  mineval 1
  maxeval 1
  nstart 1000000
  nincrease 500000
  nbatch 1000
  gridno 1
  statefile "vegas_last_iter149"

Restoring state from vegas_last_iter149.

Iteration 25:  175000000 integrand evaluations so far
[1] -0.00973188 +- 2.38672e-06  	chisq 38.0146 (24 df)

Saving state to vegas_last_iter149.
Vegas input parameters:
  ndim 11
  ncomp 1
  epsrel 0
  epsabs 0
  flags 291
  seed 3985
  mineval 1
  maxeval 1
  nstart 1000000
  nincrease 500000
  nbatch 1000
  gridno 1
  statefile "vegas_last_iter149"

Restoring state from vegas_last_iter149.

Iteration 26:  188500000 integrand evaluations so far
[1] -0.00973133 +- 2.29386e-06  	chisq 38.7117 (25 df)

Saving state to vegas_last_iter149.
Vegas input parameters:
  ndim 11
  ncomp 1
  epsrel 0
  epsabs 0
  flags 291
  seed 4134
  mineval 1
  maxeval 1
  nstart 1000000
  nincrease 500000
  nbatch 1000
  gridno 1
  statefile "vegas_last_iter149"

Restoring state from vegas_last_iter149.

Iteration 27:  202500000 integrand evaluations so far
[1] -0.00973169 +- 2.20765e-06  	chisq 39.0512 (26 df)

Saving state to vegas_last_iter149.
Thanks for using LHAPDF 6.3.0. Please make sure to cite the paper:
  Eur.Phys.J. C75 (2015) 3, 132  (http://arxiv.org/abs/1412.7420)
 method   =Vegas  
 nregions =           1
 neval    =   202500000
 fail     =           1
 -0.973169379583E-02 +-   0.220765310160E-05   p =    0.937
