/var/lib/condor/execute/dir_1000
LHAPDF 6.3.0 loading /home/taebh/2021_Research/share/LHAPDF/NNPDF31_nnlo_as_0118_mc_hessian_pdfas/NNPDF31_nnlo_as_0118_mc_hessian_pdfas_0000.dat
NNPDF31_nnlo_as_0118_mc_hessian_pdfas PDF set, member #0, version 1
Vegas input parameters:
  ndim 11
  ncomp 1
  epsrel 0
  epsabs 0
  flags 291
  seed 234
  mineval 1
  maxeval 1
  nstart 1000000
  nincrease 500000
  nbatch 1000
  gridno 1
  statefile "vegas_last_iter123"

Iteration 1:  1000000 integrand evaluations so far
[1] 0.00181276 +- 2.97931e-05  	chisq 0 (0 df)

Saving state to vegas_last_iter123.
Vegas input parameters:
  ndim 11
  ncomp 1
  epsrel 0
  epsabs 0
  flags 291
  seed 357
  mineval 1
  maxeval 1
  nstart 1000000
  nincrease 500000
  nbatch 1000
  gridno 1
  statefile "vegas_last_iter123"

Restoring state from vegas_last_iter123.

Iteration 2:  2500000 integrand evaluations so far
[1] 0.0018192 +- 9.52287e-06  	chisq 0.0519089 (1 df)

Saving state to vegas_last_iter123.
Vegas input parameters:
  ndim 11
  ncomp 1
  epsrel 0
  epsabs 0
  flags 291
  seed 480
  mineval 1
  maxeval 1
  nstart 1000000
  nincrease 500000
  nbatch 1000
  gridno 1
  statefile "vegas_last_iter123"

Restoring state from vegas_last_iter123.

Iteration 3:  4500000 integrand evaluations so far
[1] 0.0018319 +- 4.54688e-06  	chisq 2.35714 (2 df)

Saving state to vegas_last_iter123.
Vegas input parameters:
  ndim 11
  ncomp 1
  epsrel 0
  epsabs 0
  flags 291
  seed 603
  mineval 1
  maxeval 1
  nstart 1000000
  nincrease 500000
  nbatch 1000
  gridno 1
  statefile "vegas_last_iter123"

Restoring state from vegas_last_iter123.

Iteration 4:  7000000 integrand evaluations so far
[1] 0.00182927 +- 2.68793e-06  	chisq 2.87161 (3 df)

Saving state to vegas_last_iter123.
Vegas input parameters:
  ndim 11
  ncomp 1
  epsrel 0
  epsabs 0
  flags 291
  seed 726
  mineval 1
  maxeval 1
  nstart 1000000
  nincrease 500000
  nbatch 1000
  gridno 1
  statefile "vegas_last_iter123"

Restoring state from vegas_last_iter123.

Iteration 5:  10000000 integrand evaluations so far
[1] 0.00183024 +- 1.8423e-06  	chisq 3.11851 (4 df)

Saving state to vegas_last_iter123.
Vegas input parameters:
  ndim 11
  ncomp 1
  epsrel 0
  epsabs 0
  flags 291
  seed 849
  mineval 1
  maxeval 1
  nstart 1000000
  nincrease 500000
  nbatch 1000
  gridno 1
  statefile "vegas_last_iter123"

Restoring state from vegas_last_iter123.

Iteration 6:  13500000 integrand evaluations so far
[1] 0.00183041 +- 1.40744e-06  	chisq 3.13889 (5 df)

Saving state to vegas_last_iter123.
Vegas input parameters:
  ndim 11
  ncomp 1
  epsrel 0
  epsabs 0
  flags 291
  seed 972
  mineval 1
  maxeval 1
  nstart 1000000
  nincrease 500000
  nbatch 1000
  gridno 1
  statefile "vegas_last_iter123"

Restoring state from vegas_last_iter123.

Iteration 7:  17500000 integrand evaluations so far
[1] 0.00183116 +- 1.15019e-06  	chisq 3.99177 (6 df)

Saving state to vegas_last_iter123.
Vegas input parameters:
  ndim 11
  ncomp 1
  epsrel 0
  epsabs 0
  flags 291
  seed 1095
  mineval 1
  maxeval 1
  nstart 1000000
  nincrease 500000
  nbatch 1000
  gridno 1
  statefile "vegas_last_iter123"

Restoring state from vegas_last_iter123.

Iteration 8:  22000000 integrand evaluations so far
[1] 0.00183088 +- 9.76647e-07  	chisq 4.20215 (7 df)

Saving state to vegas_last_iter123.
Vegas input parameters:
  ndim 11
  ncomp 1
  epsrel 0
  epsabs 0
  flags 291
  seed 1218
  mineval 1
  maxeval 1
  nstart 1000000
  nincrease 500000
  nbatch 1000
  gridno 1
  statefile "vegas_last_iter123"

Restoring state from vegas_last_iter123.

Iteration 9:  27000000 integrand evaluations so far
[1] 0.00183148 +- 8.51968e-07  	chisq 5.75712 (8 df)

Saving state to vegas_last_iter123.
Vegas input parameters:
  ndim 11
  ncomp 1
  epsrel 0
  epsabs 0
  flags 291
  seed 1341
  mineval 1
  maxeval 1
  nstart 1000000
  nincrease 500000
  nbatch 1000
  gridno 1
  statefile "vegas_last_iter123"

Restoring state from vegas_last_iter123.

Iteration 10:  32500000 integrand evaluations so far
[1] 0.0018315 +- 7.57634e-07  	chisq 5.76017 (9 df)

Saving state to vegas_last_iter123.
Vegas input parameters:
  ndim 11
  ncomp 1
  epsrel 0
  epsabs 0
  flags 291
  seed 1464
  mineval 1
  maxeval 1
  nstart 1000000
  nincrease 500000
  nbatch 1000
  gridno 1
  statefile "vegas_last_iter123"

Restoring state from vegas_last_iter123.

Iteration 11:  38500000 integrand evaluations so far
[1] 0.00183186 +- 6.83731e-07  	chisq 6.9792 (10 df)

Saving state to vegas_last_iter123.
Vegas input parameters:
  ndim 11
  ncomp 1
  epsrel 0
  epsabs 0
  flags 291
  seed 1587
  mineval 1
  maxeval 1
  nstart 1000000
  nincrease 500000
  nbatch 1000
  gridno 1
  statefile "vegas_last_iter123"

Restoring state from vegas_last_iter123.

Iteration 12:  45000000 integrand evaluations so far
[1] 0.00183173 +- 6.23475e-07  	chisq 7.18557 (11 df)

Saving state to vegas_last_iter123.
Vegas input parameters:
  ndim 11
  ncomp 1
  epsrel 0
  epsabs 0
  flags 291
  seed 1710
  mineval 1
  maxeval 1
  nstart 1000000
  nincrease 500000
  nbatch 1000
  gridno 1
  statefile "vegas_last_iter123"

Restoring state from vegas_last_iter123.

Iteration 13:  52000000 integrand evaluations so far
[1] 0.00183201 +- 5.73547e-07  	chisq 8.42509 (12 df)

Saving state to vegas_last_iter123.
Vegas input parameters:
  ndim 11
  ncomp 1
  epsrel 0
  epsabs 0
  flags 291
  seed 1833
  mineval 1
  maxeval 1
  nstart 1000000
  nincrease 500000
  nbatch 1000
  gridno 1
  statefile "vegas_last_iter123"

Restoring state from vegas_last_iter123.

Iteration 14:  59500000 integrand evaluations so far
[1] 0.00183245 +- 5.31318e-07  	chisq 12.7388 (13 df)

Saving state to vegas_last_iter123.
Vegas input parameters:
  ndim 11
  ncomp 1
  epsrel 0
  epsabs 0
  flags 291
  seed 1956
  mineval 1
  maxeval 1
  nstart 1000000
  nincrease 500000
  nbatch 1000
  gridno 1
  statefile "vegas_last_iter123"

Restoring state from vegas_last_iter123.

Iteration 15:  67500000 integrand evaluations so far
[1] 0.00183272 +- 4.9594e-07  	chisq 14.6193 (14 df)

Saving state to vegas_last_iter123.
Vegas input parameters:
  ndim 11
  ncomp 1
  epsrel 0
  epsabs 0
  flags 291
  seed 2079
  mineval 1
  maxeval 1
  nstart 1000000
  nincrease 500000
  nbatch 1000
  gridno 1
  statefile "vegas_last_iter123"

Restoring state from vegas_last_iter123.

Iteration 16:  76000000 integrand evaluations so far
[1] 0.00183239 +- 4.64635e-07  	chisq 18.0499 (15 df)

Saving state to vegas_last_iter123.
Vegas input parameters:
  ndim 11
  ncomp 1
  epsrel 0
  epsabs 0
  flags 291
  seed 2202
  mineval 1
  maxeval 1
  nstart 1000000
  nincrease 500000
  nbatch 1000
  gridno 1
  statefile "vegas_last_iter123"

Restoring state from vegas_last_iter123.

Iteration 17:  85000000 integrand evaluations so far
[1] 0.00183219 +- 4.3701e-07  	chisq 19.71 (16 df)

Saving state to vegas_last_iter123.
Vegas input parameters:
  ndim 11
  ncomp 1
  epsrel 0
  epsabs 0
  flags 291
  seed 2325
  mineval 1
  maxeval 1
  nstart 1000000
  nincrease 500000
  nbatch 1000
  gridno 1
  statefile "vegas_last_iter123"

Restoring state from vegas_last_iter123.

Iteration 18:  94500000 integrand evaluations so far
[1] 0.00183204 +- 4.12608e-07  	chisq 20.7863 (17 df)

Saving state to vegas_last_iter123.
Vegas input parameters:
  ndim 11
  ncomp 1
  epsrel 0
  epsabs 0
  flags 291
  seed 2448
  mineval 1
  maxeval 1
  nstart 1000000
  nincrease 500000
  nbatch 1000
  gridno 1
  statefile "vegas_last_iter123"

Restoring state from vegas_last_iter123.

Iteration 19:  104500000 integrand evaluations so far
[1] 0.00183193 +- 3.90857e-07  	chisq 21.5344 (18 df)

Saving state to vegas_last_iter123.
Vegas input parameters:
  ndim 11
  ncomp 1
  epsrel 0
  epsabs 0
  flags 291
  seed 2571
  mineval 1
  maxeval 1
  nstart 1000000
  nincrease 500000
  nbatch 1000
  gridno 1
  statefile "vegas_last_iter123"

Restoring state from vegas_last_iter123.

Iteration 20:  115000000 integrand evaluations so far
[1] 0.00183191 +- 3.71339e-07  	chisq 21.5491 (19 df)

Saving state to vegas_last_iter123.
Vegas input parameters:
  ndim 11
  ncomp 1
  epsrel 0
  epsabs 0
  flags 291
  seed 2694
  mineval 1
  maxeval 1
  nstart 1000000
  nincrease 500000
  nbatch 1000
  gridno 1
  statefile "vegas_last_iter123"

Restoring state from vegas_last_iter123.

Iteration 21:  126000000 integrand evaluations so far
[1] 0.00183202 +- 3.53701e-07  	chisq 22.3821 (20 df)

Saving state to vegas_last_iter123.
Vegas input parameters:
  ndim 11
  ncomp 1
  epsrel 0
  epsabs 0
  flags 291
  seed 2817
  mineval 1
  maxeval 1
  nstart 1000000
  nincrease 500000
  nbatch 1000
  gridno 1
  statefile "vegas_last_iter123"

Restoring state from vegas_last_iter123.

Iteration 22:  137500000 integrand evaluations so far
[1] 0.0018321 +- 3.37752e-07  	chisq 23.0357 (21 df)

Saving state to vegas_last_iter123.
Vegas input parameters:
  ndim 11
  ncomp 1
  epsrel 0
  epsabs 0
  flags 291
  seed 2940
  mineval 1
  maxeval 1
  nstart 1000000
  nincrease 500000
  nbatch 1000
  gridno 1
  statefile "vegas_last_iter123"

Restoring state from vegas_last_iter123.

Iteration 23:  149500000 integrand evaluations so far
[1] 0.00183227 +- 3.23152e-07  	chisq 26.0535 (22 df)

Saving state to vegas_last_iter123.
Vegas input parameters:
  ndim 11
  ncomp 1
  epsrel 0
  epsabs 0
  flags 291
  seed 3063
  mineval 1
  maxeval 1
  nstart 1000000
  nincrease 500000
  nbatch 1000
  gridno 1
  statefile "vegas_last_iter123"

Restoring state from vegas_last_iter123.

Iteration 24:  162000000 integrand evaluations so far
[1] 0.00183223 +- 3.09799e-07  	chisq 26.2684 (23 df)

Saving state to vegas_last_iter123.
Vegas input parameters:
  ndim 11
  ncomp 1
  epsrel 0
  epsabs 0
  flags 291
  seed 3186
  mineval 1
  maxeval 1
  nstart 1000000
  nincrease 500000
  nbatch 1000
  gridno 1
  statefile "vegas_last_iter123"

Restoring state from vegas_last_iter123.

Iteration 25:  175000000 integrand evaluations so far
[1] 0.00183231 +- 2.97515e-07  	chisq 27.1529 (24 df)

Saving state to vegas_last_iter123.
Vegas input parameters:
  ndim 11
  ncomp 1
  epsrel 0
  epsabs 0
  flags 291
  seed 3309
  mineval 1
  maxeval 1
  nstart 1000000
  nincrease 500000
  nbatch 1000
  gridno 1
  statefile "vegas_last_iter123"

Restoring state from vegas_last_iter123.

Iteration 26:  188500000 integrand evaluations so far
[1] 0.00183223 +- 2.86199e-07  	chisq 27.9954 (25 df)

Saving state to vegas_last_iter123.
Vegas input parameters:
  ndim 11
  ncomp 1
  epsrel 0
  epsabs 0
  flags 291
  seed 3432
  mineval 1
  maxeval 1
  nstart 1000000
  nincrease 500000
  nbatch 1000
  gridno 1
  statefile "vegas_last_iter123"

Restoring state from vegas_last_iter123.

Iteration 27:  202500000 integrand evaluations so far
[1] 0.00183238 +- 2.75705e-07  	chisq 31.6248 (26 df)

Saving state to vegas_last_iter123.
Thanks for using LHAPDF 6.3.0. Please make sure to cite the paper:
  Eur.Phys.J. C75 (2015) 3, 132  (http://arxiv.org/abs/1412.7420)
 method   =Vegas  
 nregions =           1
 neval    =   202500000
 fail     =           1
  0.183238116592E-02 +-   0.275705203330E-06   p =    0.754
