/var/lib/condor/execute/dir_15383
LHAPDF 6.3.0 loading /home/taebh/2021_Research/share/LHAPDF/NNPDF31_nnlo_as_0118_mc_hessian_pdfas/NNPDF31_nnlo_as_0118_mc_hessian_pdfas_0000.dat
NNPDF31_nnlo_as_0118_mc_hessian_pdfas PDF set, member #0, version 1
Vegas input parameters:
  ndim 11
  ncomp 1
  epsrel 0
  epsabs 0
  flags 291
  seed 126
  mineval 1
  maxeval 1
  nstart 1000000
  nincrease 500000
  nbatch 1000
  gridno 1
  statefile "vegas_last_iter15"

Iteration 1:  1000000 integrand evaluations so far
[1] 0.000544755 +- 1.33858e-05  	chisq 0 (0 df)

Saving state to vegas_last_iter15.
Vegas input parameters:
  ndim 11
  ncomp 1
  epsrel 0
  epsabs 0
  flags 291
  seed 141
  mineval 1
  maxeval 1
  nstart 1000000
  nincrease 500000
  nbatch 1000
  gridno 1
  statefile "vegas_last_iter15"

Restoring state from vegas_last_iter15.

Iteration 2:  2500000 integrand evaluations so far
[1] 0.0005132 +- 4.02978e-06  	chisq 6.11081 (1 df)

Saving state to vegas_last_iter15.
Vegas input parameters:
  ndim 11
  ncomp 1
  epsrel 0
  epsabs 0
  flags 291
  seed 156
  mineval 1
  maxeval 1
  nstart 1000000
  nincrease 500000
  nbatch 1000
  gridno 1
  statefile "vegas_last_iter15"

Restoring state from vegas_last_iter15.

Iteration 3:  4500000 integrand evaluations so far
[1] 0.000518746 +- 2.35448e-06  	chisq 8.98621 (2 df)

Saving state to vegas_last_iter15.
Vegas input parameters:
  ndim 11
  ncomp 1
  epsrel 0
  epsabs 0
  flags 291
  seed 171
  mineval 1
  maxeval 1
  nstart 1000000
  nincrease 500000
  nbatch 1000
  gridno 1
  statefile "vegas_last_iter15"

Restoring state from vegas_last_iter15.

Iteration 4:  7000000 integrand evaluations so far
[1] 0.000519137 +- 1.72318e-06  	chisq 9.0456 (3 df)

Saving state to vegas_last_iter15.
Vegas input parameters:
  ndim 11
  ncomp 1
  epsrel 0
  epsabs 0
  flags 291
  seed 186
  mineval 1
  maxeval 1
  nstart 1000000
  nincrease 500000
  nbatch 1000
  gridno 1
  statefile "vegas_last_iter15"

Restoring state from vegas_last_iter15.

Iteration 5:  10000000 integrand evaluations so far
[1] 0.000520096 +- 1.35331e-06  	chisq 9.85454 (4 df)

Saving state to vegas_last_iter15.
Vegas input parameters:
  ndim 11
  ncomp 1
  epsrel 0
  epsabs 0
  flags 291
  seed 201
  mineval 1
  maxeval 1
  nstart 1000000
  nincrease 500000
  nbatch 1000
  gridno 1
  statefile "vegas_last_iter15"

Restoring state from vegas_last_iter15.

Iteration 6:  13500000 integrand evaluations so far
[1] 0.000519688 +- 1.10029e-06  	chisq 10.1231 (5 df)

Saving state to vegas_last_iter15.
Vegas input parameters:
  ndim 11
  ncomp 1
  epsrel 0
  epsabs 0
  flags 291
  seed 216
  mineval 1
  maxeval 1
  nstart 1000000
  nincrease 500000
  nbatch 1000
  gridno 1
  statefile "vegas_last_iter15"

Restoring state from vegas_last_iter15.

Iteration 7:  17500000 integrand evaluations so far
[1] 0.000520418 +- 9.80945e-07  	chisq 12.2702 (6 df)

Saving state to vegas_last_iter15.
Vegas input parameters:
  ndim 11
  ncomp 1
  epsrel 0
  epsabs 0
  flags 291
  seed 231
  mineval 1
  maxeval 1
  nstart 1000000
  nincrease 500000
  nbatch 1000
  gridno 1
  statefile "vegas_last_iter15"

Restoring state from vegas_last_iter15.

Iteration 8:  22000000 integrand evaluations so far
[1] 0.000520622 +- 8.75563e-07  	chisq 12.4838 (7 df)

Saving state to vegas_last_iter15.
Vegas input parameters:
  ndim 11
  ncomp 1
  epsrel 0
  epsabs 0
  flags 291
  seed 246
  mineval 1
  maxeval 1
  nstart 1000000
  nincrease 500000
  nbatch 1000
  gridno 1
  statefile "vegas_last_iter15"

Restoring state from vegas_last_iter15.

Iteration 9:  27000000 integrand evaluations so far
[1] 0.000519761 +- 7.68542e-07  	chisq 16.7031 (8 df)

Saving state to vegas_last_iter15.
Vegas input parameters:
  ndim 11
  ncomp 1
  epsrel 0
  epsabs 0
  flags 291
  seed 261
  mineval 1
  maxeval 1
  nstart 1000000
  nincrease 500000
  nbatch 1000
  gridno 1
  statefile "vegas_last_iter15"

Restoring state from vegas_last_iter15.

Iteration 10:  32500000 integrand evaluations so far
[1] 0.000520302 +- 6.82516e-07  	chisq 19.0501 (9 df)

Saving state to vegas_last_iter15.
Vegas input parameters:
  ndim 11
  ncomp 1
  epsrel 0
  epsabs 0
  flags 291
  seed 276
  mineval 1
  maxeval 1
  nstart 1000000
  nincrease 500000
  nbatch 1000
  gridno 1
  statefile "vegas_last_iter15"

Restoring state from vegas_last_iter15.

Iteration 11:  38500000 integrand evaluations so far
[1] 0.00051973 +- 6.13134e-07  	chisq 22.6866 (10 df)

Saving state to vegas_last_iter15.
Vegas input parameters:
  ndim 11
  ncomp 1
  epsrel 0
  epsabs 0
  flags 291
  seed 291
  mineval 1
  maxeval 1
  nstart 1000000
  nincrease 500000
  nbatch 1000
  gridno 1
  statefile "vegas_last_iter15"

Restoring state from vegas_last_iter15.

Iteration 12:  45000000 integrand evaluations so far
[1] 0.000519744 +- 5.57249e-07  	chisq 22.6895 (11 df)

Saving state to vegas_last_iter15.
Vegas input parameters:
  ndim 11
  ncomp 1
  epsrel 0
  epsabs 0
  flags 291
  seed 306
  mineval 1
  maxeval 1
  nstart 1000000
  nincrease 500000
  nbatch 1000
  gridno 1
  statefile "vegas_last_iter15"

Restoring state from vegas_last_iter15.

Iteration 13:  52000000 integrand evaluations so far
[1] 0.000519796 +- 5.12127e-07  	chisq 22.7459 (12 df)

Saving state to vegas_last_iter15.
Vegas input parameters:
  ndim 11
  ncomp 1
  epsrel 0
  epsabs 0
  flags 291
  seed 321
  mineval 1
  maxeval 1
  nstart 1000000
  nincrease 500000
  nbatch 1000
  gridno 1
  statefile "vegas_last_iter15"

Restoring state from vegas_last_iter15.

Iteration 14:  59500000 integrand evaluations so far
[1] 0.000520172 +- 4.74328e-07  	chisq 26.524 (13 df)

Saving state to vegas_last_iter15.
Vegas input parameters:
  ndim 11
  ncomp 1
  epsrel 0
  epsabs 0
  flags 291
  seed 336
  mineval 1
  maxeval 1
  nstart 1000000
  nincrease 500000
  nbatch 1000
  gridno 1
  statefile "vegas_last_iter15"

Restoring state from vegas_last_iter15.

Iteration 15:  67500000 integrand evaluations so far
[1] 0.000519931 +- 4.41835e-07  	chisq 28.4677 (14 df)

Saving state to vegas_last_iter15.
Vegas input parameters:
  ndim 11
  ncomp 1
  epsrel 0
  epsabs 0
  flags 291
  seed 351
  mineval 1
  maxeval 1
  nstart 1000000
  nincrease 500000
  nbatch 1000
  gridno 1
  statefile "vegas_last_iter15"

Restoring state from vegas_last_iter15.

Iteration 16:  76000000 integrand evaluations so far
[1] 0.000519715 +- 4.13244e-07  	chisq 30.3857 (15 df)

Saving state to vegas_last_iter15.
Vegas input parameters:
  ndim 11
  ncomp 1
  epsrel 0
  epsabs 0
  flags 291
  seed 366
  mineval 1
  maxeval 1
  nstart 1000000
  nincrease 500000
  nbatch 1000
  gridno 1
  statefile "vegas_last_iter15"

Restoring state from vegas_last_iter15.

Iteration 17:  85000000 integrand evaluations so far
[1] 0.000519892 +- 3.91327e-07  	chisq 32.1664 (16 df)

Saving state to vegas_last_iter15.
Vegas input parameters:
  ndim 11
  ncomp 1
  epsrel 0
  epsabs 0
  flags 291
  seed 381
  mineval 1
  maxeval 1
  nstart 1000000
  nincrease 500000
  nbatch 1000
  gridno 1
  statefile "vegas_last_iter15"

Restoring state from vegas_last_iter15.

Iteration 18:  94500000 integrand evaluations so far
[1] 0.000519952 +- 3.71122e-07  	chisq 32.4029 (17 df)

Saving state to vegas_last_iter15.
Vegas input parameters:
  ndim 11
  ncomp 1
  epsrel 0
  epsabs 0
  flags 291
  seed 396
  mineval 1
  maxeval 1
  nstart 1000000
  nincrease 500000
  nbatch 1000
  gridno 1
  statefile "vegas_last_iter15"

Restoring state from vegas_last_iter15.

Iteration 19:  104500000 integrand evaluations so far
[1] 0.0005198 +- 3.51233e-07  	chisq 34.0204 (18 df)

Saving state to vegas_last_iter15.
Vegas input parameters:
  ndim 11
  ncomp 1
  epsrel 0
  epsabs 0
  flags 291
  seed 411
  mineval 1
  maxeval 1
  nstart 1000000
  nincrease 500000
  nbatch 1000
  gridno 1
  statefile "vegas_last_iter15"

Restoring state from vegas_last_iter15.

Iteration 20:  115000000 integrand evaluations so far
[1] 0.000519942 +- 3.33029e-07  	chisq 35.6481 (19 df)

Saving state to vegas_last_iter15.
Vegas input parameters:
  ndim 11
  ncomp 1
  epsrel 0
  epsabs 0
  flags 291
  seed 426
  mineval 1
  maxeval 1
  nstart 1000000
  nincrease 500000
  nbatch 1000
  gridno 1
  statefile "vegas_last_iter15"

Restoring state from vegas_last_iter15.

Iteration 21:  126000000 integrand evaluations so far
[1] 0.000520171 +- 3.16688e-07  	chisq 40.5834 (20 df)

Saving state to vegas_last_iter15.
Vegas input parameters:
  ndim 11
  ncomp 1
  epsrel 0
  epsabs 0
  flags 291
  seed 441
  mineval 1
  maxeval 1
  nstart 1000000
  nincrease 500000
  nbatch 1000
  gridno 1
  statefile "vegas_last_iter15"

Restoring state from vegas_last_iter15.

Iteration 22:  137500000 integrand evaluations so far
[1] 0.000520001 +- 3.01921e-07  	chisq 43.7596 (21 df)

Saving state to vegas_last_iter15.
Vegas input parameters:
  ndim 11
  ncomp 1
  epsrel 0
  epsabs 0
  flags 291
  seed 456
  mineval 1
  maxeval 1
  nstart 1000000
  nincrease 500000
  nbatch 1000
  gridno 1
  statefile "vegas_last_iter15"

Restoring state from vegas_last_iter15.

Iteration 23:  149500000 integrand evaluations so far
[1] 0.000519996 +- 2.88583e-07  	chisq 43.7625 (22 df)

Saving state to vegas_last_iter15.
Vegas input parameters:
  ndim 11
  ncomp 1
  epsrel 0
  epsabs 0
  flags 291
  seed 471
  mineval 1
  maxeval 1
  nstart 1000000
  nincrease 500000
  nbatch 1000
  gridno 1
  statefile "vegas_last_iter15"

Restoring state from vegas_last_iter15.

Iteration 24:  162000000 integrand evaluations so far
[1] 0.000519959 +- 2.76326e-07  	chisq 43.9625 (23 df)

Saving state to vegas_last_iter15.
Vegas input parameters:
  ndim 11
  ncomp 1
  epsrel 0
  epsabs 0
  flags 291
  seed 486
  mineval 1
  maxeval 1
  nstart 1000000
  nincrease 500000
  nbatch 1000
  gridno 1
  statefile "vegas_last_iter15"

Restoring state from vegas_last_iter15.

Iteration 25:  175000000 integrand evaluations so far
[1] 0.000519955 +- 2.65193e-07  	chisq 43.965 (24 df)

Saving state to vegas_last_iter15.
Vegas input parameters:
  ndim 11
  ncomp 1
  epsrel 0
  epsabs 0
  flags 291
  seed 501
  mineval 1
  maxeval 1
  nstart 1000000
  nincrease 500000
  nbatch 1000
  gridno 1
  statefile "vegas_last_iter15"

Restoring state from vegas_last_iter15.

Iteration 26:  188500000 integrand evaluations so far
[1] 0.00051994 +- 2.54928e-07  	chisq 44.0059 (25 df)

Saving state to vegas_last_iter15.
Vegas input parameters:
  ndim 11
  ncomp 1
  epsrel 0
  epsabs 0
  flags 291
  seed 516
  mineval 1
  maxeval 1
  nstart 1000000
  nincrease 500000
  nbatch 1000
  gridno 1
  statefile "vegas_last_iter15"

Restoring state from vegas_last_iter15.

Iteration 27:  202500000 integrand evaluations so far
[1] 0.000519938 +- 2.45434e-07  	chisq 44.0064 (26 df)

Saving state to vegas_last_iter15.
Thanks for using LHAPDF 6.3.0. Please make sure to cite the paper:
  Eur.Phys.J. C75 (2015) 3, 132  (http://arxiv.org/abs/1412.7420)
 method   =Vegas  
 nregions =           1
 neval    =   202500000
 fail     =           1
  0.519938476404E-03 +-   0.245433848178E-06   p =    0.979
