/var/lib/condor/execute/dir_55347
LHAPDF 6.3.0 loading /home/taebh/2021_Research/share/LHAPDF/NNPDF31_nnlo_as_0118_mc_hessian_pdfas/NNPDF31_nnlo_as_0118_mc_hessian_pdfas_0000.dat
NNPDF31_nnlo_as_0118_mc_hessian_pdfas PDF set, member #0, version 1
Vegas input parameters:
  ndim 11
  ncomp 1
  epsrel 0
  epsabs 0
  flags 291
  seed 195
  mineval 1
  maxeval 1
  nstart 1000000
  nincrease 500000
  nbatch 1000
  gridno 1
  statefile "vegas_last_iter84"

Iteration 1:  1000000 integrand evaluations so far
[1] -0.0018381 +- 8.16963e-06  	chisq 0 (0 df)

Saving state to vegas_last_iter84.
Vegas input parameters:
  ndim 11
  ncomp 1
  epsrel 0
  epsabs 0
  flags 291
  seed 279
  mineval 1
  maxeval 1
  nstart 1000000
  nincrease 500000
  nbatch 1000
  gridno 1
  statefile "vegas_last_iter84"

Restoring state from vegas_last_iter84.

Iteration 2:  2500000 integrand evaluations so far
[1] -0.00182952 +- 3.55516e-06  	chisq 1.36271 (1 df)

Saving state to vegas_last_iter84.
Vegas input parameters:
  ndim 11
  ncomp 1
  epsrel 0
  epsabs 0
  flags 291
  seed 363
  mineval 1
  maxeval 1
  nstart 1000000
  nincrease 500000
  nbatch 1000
  gridno 1
  statefile "vegas_last_iter84"

Restoring state from vegas_last_iter84.

Iteration 3:  4500000 integrand evaluations so far
[1] -0.00182741 +- 2.09517e-06  	chisq 1.89874 (2 df)

Saving state to vegas_last_iter84.
Vegas input parameters:
  ndim 11
  ncomp 1
  epsrel 0
  epsabs 0
  flags 291
  seed 447
  mineval 1
  maxeval 1
  nstart 1000000
  nincrease 500000
  nbatch 1000
  gridno 1
  statefile "vegas_last_iter84"

Restoring state from vegas_last_iter84.

Iteration 4:  7000000 integrand evaluations so far
[1] -0.00182888 +- 1.49795e-06  	chisq 2.89678 (3 df)

Saving state to vegas_last_iter84.
Vegas input parameters:
  ndim 11
  ncomp 1
  epsrel 0
  epsabs 0
  flags 291
  seed 531
  mineval 1
  maxeval 1
  nstart 1000000
  nincrease 500000
  nbatch 1000
  gridno 1
  statefile "vegas_last_iter84"

Restoring state from vegas_last_iter84.

Iteration 5:  10000000 integrand evaluations so far
[1] -0.00182929 +- 1.16423e-06  	chisq 3.08832 (4 df)

Saving state to vegas_last_iter84.
Vegas input parameters:
  ndim 11
  ncomp 1
  epsrel 0
  epsabs 0
  flags 291
  seed 615
  mineval 1
  maxeval 1
  nstart 1000000
  nincrease 500000
  nbatch 1000
  gridno 1
  statefile "vegas_last_iter84"

Restoring state from vegas_last_iter84.

Iteration 6:  13500000 integrand evaluations so far
[1] -0.00182933 +- 9.39728e-07  	chisq 3.09262 (5 df)

Saving state to vegas_last_iter84.
Vegas input parameters:
  ndim 11
  ncomp 1
  epsrel 0
  epsabs 0
  flags 291
  seed 699
  mineval 1
  maxeval 1
  nstart 1000000
  nincrease 500000
  nbatch 1000
  gridno 1
  statefile "vegas_last_iter84"

Restoring state from vegas_last_iter84.

Iteration 7:  17500000 integrand evaluations so far
[1] -0.0018298 +- 7.89915e-07  	chisq 3.91665 (6 df)

Saving state to vegas_last_iter84.
Vegas input parameters:
  ndim 11
  ncomp 1
  epsrel 0
  epsabs 0
  flags 291
  seed 783
  mineval 1
  maxeval 1
  nstart 1000000
  nincrease 500000
  nbatch 1000
  gridno 1
  statefile "vegas_last_iter84"

Restoring state from vegas_last_iter84.

Iteration 8:  22000000 integrand evaluations so far
[1] -0.00182988 +- 6.81013e-07  	chisq 3.96055 (7 df)

Saving state to vegas_last_iter84.
Vegas input parameters:
  ndim 11
  ncomp 1
  epsrel 0
  epsabs 0
  flags 291
  seed 867
  mineval 1
  maxeval 1
  nstart 1000000
  nincrease 500000
  nbatch 1000
  gridno 1
  statefile "vegas_last_iter84"

Restoring state from vegas_last_iter84.

Iteration 9:  27000000 integrand evaluations so far
[1] -0.00182986 +- 5.99763e-07  	chisq 3.96632 (8 df)

Saving state to vegas_last_iter84.
Vegas input parameters:
  ndim 11
  ncomp 1
  epsrel 0
  epsabs 0
  flags 291
  seed 951
  mineval 1
  maxeval 1
  nstart 1000000
  nincrease 500000
  nbatch 1000
  gridno 1
  statefile "vegas_last_iter84"

Restoring state from vegas_last_iter84.

Iteration 10:  32500000 integrand evaluations so far
[1] -0.00183035 +- 5.3711e-07  	chisq 7.34231 (9 df)

Saving state to vegas_last_iter84.
Vegas input parameters:
  ndim 11
  ncomp 1
  epsrel 0
  epsabs 0
  flags 291
  seed 1035
  mineval 1
  maxeval 1
  nstart 1000000
  nincrease 500000
  nbatch 1000
  gridno 1
  statefile "vegas_last_iter84"

Restoring state from vegas_last_iter84.

Iteration 11:  38500000 integrand evaluations so far
[1] -0.00183047 +- 4.86808e-07  	chisq 7.66044 (10 df)

Saving state to vegas_last_iter84.
Vegas input parameters:
  ndim 11
  ncomp 1
  epsrel 0
  epsabs 0
  flags 291
  seed 1119
  mineval 1
  maxeval 1
  nstart 1000000
  nincrease 500000
  nbatch 1000
  gridno 1
  statefile "vegas_last_iter84"

Restoring state from vegas_last_iter84.

Iteration 12:  45000000 integrand evaluations so far
[1] -0.00183039 +- 4.45468e-07  	chisq 7.84402 (11 df)

Saving state to vegas_last_iter84.
Vegas input parameters:
  ndim 11
  ncomp 1
  epsrel 0
  epsabs 0
  flags 291
  seed 1203
  mineval 1
  maxeval 1
  nstart 1000000
  nincrease 500000
  nbatch 1000
  gridno 1
  statefile "vegas_last_iter84"

Restoring state from vegas_last_iter84.

Iteration 13:  52000000 integrand evaluations so far
[1] -0.00183024 +- 4.10981e-07  	chisq 8.62987 (12 df)

Saving state to vegas_last_iter84.
Vegas input parameters:
  ndim 11
  ncomp 1
  epsrel 0
  epsabs 0
  flags 291
  seed 1287
  mineval 1
  maxeval 1
  nstart 1000000
  nincrease 500000
  nbatch 1000
  gridno 1
  statefile "vegas_last_iter84"

Restoring state from vegas_last_iter84.

Iteration 14:  59500000 integrand evaluations so far
[1] -0.00183021 +- 3.81604e-07  	chisq 8.67472 (13 df)

Saving state to vegas_last_iter84.
Vegas input parameters:
  ndim 11
  ncomp 1
  epsrel 0
  epsabs 0
  flags 291
  seed 1371
  mineval 1
  maxeval 1
  nstart 1000000
  nincrease 500000
  nbatch 1000
  gridno 1
  statefile "vegas_last_iter84"

Restoring state from vegas_last_iter84.

Iteration 15:  67500000 integrand evaluations so far
[1] -0.00183011 +- 3.56222e-07  	chisq 9.20485 (14 df)

Saving state to vegas_last_iter84.
Vegas input parameters:
  ndim 11
  ncomp 1
  epsrel 0
  epsabs 0
  flags 291
  seed 1455
  mineval 1
  maxeval 1
  nstart 1000000
  nincrease 500000
  nbatch 1000
  gridno 1
  statefile "vegas_last_iter84"

Restoring state from vegas_last_iter84.

Iteration 16:  76000000 integrand evaluations so far
[1] -0.00183017 +- 3.34196e-07  	chisq 9.49671 (15 df)

Saving state to vegas_last_iter84.
Vegas input parameters:
  ndim 11
  ncomp 1
  epsrel 0
  epsabs 0
  flags 291
  seed 1539
  mineval 1
  maxeval 1
  nstart 1000000
  nincrease 500000
  nbatch 1000
  gridno 1
  statefile "vegas_last_iter84"

Restoring state from vegas_last_iter84.

Iteration 17:  85000000 integrand evaluations so far
[1] -0.00183022 +- 3.14775e-07  	chisq 9.70594 (16 df)

Saving state to vegas_last_iter84.
Vegas input parameters:
  ndim 11
  ncomp 1
  epsrel 0
  epsabs 0
  flags 291
  seed 1623
  mineval 1
  maxeval 1
  nstart 1000000
  nincrease 500000
  nbatch 1000
  gridno 1
  statefile "vegas_last_iter84"

Restoring state from vegas_last_iter84.

Iteration 18:  94500000 integrand evaluations so far
[1] -0.00183017 +- 2.9753e-07  	chisq 9.95626 (17 df)

Saving state to vegas_last_iter84.
Vegas input parameters:
  ndim 11
  ncomp 1
  epsrel 0
  epsabs 0
  flags 291
  seed 1707
  mineval 1
  maxeval 1
  nstart 1000000
  nincrease 500000
  nbatch 1000
  gridno 1
  statefile "vegas_last_iter84"

Restoring state from vegas_last_iter84.

Iteration 19:  104500000 integrand evaluations so far
[1] -0.00183033 +- 2.82103e-07  	chisq 12.7117 (18 df)

Saving state to vegas_last_iter84.
Vegas input parameters:
  ndim 11
  ncomp 1
  epsrel 0
  epsabs 0
  flags 291
  seed 1791
  mineval 1
  maxeval 1
  nstart 1000000
  nincrease 500000
  nbatch 1000
  gridno 1
  statefile "vegas_last_iter84"

Restoring state from vegas_last_iter84.

Iteration 20:  115000000 integrand evaluations so far
[1] -0.00183028 +- 2.68244e-07  	chisq 12.976 (19 df)

Saving state to vegas_last_iter84.
Vegas input parameters:
  ndim 11
  ncomp 1
  epsrel 0
  epsabs 0
  flags 291
  seed 1875
  mineval 1
  maxeval 1
  nstart 1000000
  nincrease 500000
  nbatch 1000
  gridno 1
  statefile "vegas_last_iter84"

Restoring state from vegas_last_iter84.

Iteration 21:  126000000 integrand evaluations so far
[1] -0.00183036 +- 2.55722e-07  	chisq 13.8689 (20 df)

Saving state to vegas_last_iter84.
Vegas input parameters:
  ndim 11
  ncomp 1
  epsrel 0
  epsabs 0
  flags 291
  seed 1959
  mineval 1
  maxeval 1
  nstart 1000000
  nincrease 500000
  nbatch 1000
  gridno 1
  statefile "vegas_last_iter84"

Restoring state from vegas_last_iter84.

Iteration 22:  137500000 integrand evaluations so far
[1] -0.00183033 +- 2.44326e-07  	chisq 14.0146 (21 df)

Saving state to vegas_last_iter84.
Vegas input parameters:
  ndim 11
  ncomp 1
  epsrel 0
  epsabs 0
  flags 291
  seed 2043
  mineval 1
  maxeval 1
  nstart 1000000
  nincrease 500000
  nbatch 1000
  gridno 1
  statefile "vegas_last_iter84"

Restoring state from vegas_last_iter84.

Iteration 23:  149500000 integrand evaluations so far
[1] -0.00183045 +- 2.3389e-07  	chisq 16.9194 (22 df)

Saving state to vegas_last_iter84.
Vegas input parameters:
  ndim 11
  ncomp 1
  epsrel 0
  epsabs 0
  flags 291
  seed 2127
  mineval 1
  maxeval 1
  nstart 1000000
  nincrease 500000
  nbatch 1000
  gridno 1
  statefile "vegas_last_iter84"

Restoring state from vegas_last_iter84.

Iteration 24:  162000000 integrand evaluations so far
[1] -0.0018305 +- 2.24346e-07  	chisq 17.4665 (23 df)

Saving state to vegas_last_iter84.
Vegas input parameters:
  ndim 11
  ncomp 1
  epsrel 0
  epsabs 0
  flags 291
  seed 2211
  mineval 1
  maxeval 1
  nstart 1000000
  nincrease 500000
  nbatch 1000
  gridno 1
  statefile "vegas_last_iter84"

Restoring state from vegas_last_iter84.

Iteration 25:  175000000 integrand evaluations so far
[1] -0.00183045 +- 2.15607e-07  	chisq 18.1769 (24 df)

Saving state to vegas_last_iter84.
Vegas input parameters:
  ndim 11
  ncomp 1
  epsrel 0
  epsabs 0
  flags 291
  seed 2295
  mineval 1
  maxeval 1
  nstart 1000000
  nincrease 500000
  nbatch 1000
  gridno 1
  statefile "vegas_last_iter84"

Restoring state from vegas_last_iter84.

Iteration 26:  188500000 integrand evaluations so far
[1] -0.00183044 +- 2.07476e-07  	chisq 18.2175 (25 df)

Saving state to vegas_last_iter84.
Vegas input parameters:
  ndim 11
  ncomp 1
  epsrel 0
  epsabs 0
  flags 291
  seed 2379
  mineval 1
  maxeval 1
  nstart 1000000
  nincrease 500000
  nbatch 1000
  gridno 1
  statefile "vegas_last_iter84"

Restoring state from vegas_last_iter84.

Iteration 27:  202500000 integrand evaluations so far
[1] -0.00183047 +- 1.99961e-07  	chisq 18.5067 (26 df)

Saving state to vegas_last_iter84.
Thanks for using LHAPDF 6.3.0. Please make sure to cite the paper:
  Eur.Phys.J. C75 (2015) 3, 132  (http://arxiv.org/abs/1412.7420)
 method   =Vegas  
 nregions =           1
 neval    =   202500000
 fail     =           1
 -0.183046750523E-02 +-   0.199961393911E-06   p =    0.113
