/var/lib/condor/execute/dir_1952
LHAPDF 6.3.0 loading /home/taebh/2021_Research/share/LHAPDF/NNPDF31_nnlo_as_0118_mc_hessian_pdfas/NNPDF31_nnlo_as_0118_mc_hessian_pdfas_0000.dat
NNPDF31_nnlo_as_0118_mc_hessian_pdfas PDF set, member #0, version 1
Vegas input parameters:
  ndim 11
  ncomp 1
  epsrel 0
  epsabs 0
  flags 291
  seed 246
  mineval 1
  maxeval 1
  nstart 1000000
  nincrease 500000
  nbatch 1000
  gridno 1
  statefile "vegas_last_iter135"

Iteration 1:  1000000 integrand evaluations so far
[1] 3.65856e-05 +- 1.64137e-06  	chisq 0 (0 df)

Saving state to vegas_last_iter135.
Vegas input parameters:
  ndim 11
  ncomp 1
  epsrel 0
  epsabs 0
  flags 291
  seed 381
  mineval 1
  maxeval 1
  nstart 1000000
  nincrease 500000
  nbatch 1000
  gridno 1
  statefile "vegas_last_iter135"

Restoring state from vegas_last_iter135.

Iteration 2:  2500000 integrand evaluations so far
[1] 3.61017e-05 +- 5.39887e-07  	chisq 0.0974582 (1 df)

Saving state to vegas_last_iter135.
Vegas input parameters:
  ndim 11
  ncomp 1
  epsrel 0
  epsabs 0
  flags 291
  seed 516
  mineval 1
  maxeval 1
  nstart 1000000
  nincrease 500000
  nbatch 1000
  gridno 1
  statefile "vegas_last_iter135"

Restoring state from vegas_last_iter135.

Iteration 3:  4500000 integrand evaluations so far
[1] 3.5722e-05 +- 2.19529e-07  	chisq 0.690067 (2 df)

Saving state to vegas_last_iter135.
Vegas input parameters:
  ndim 11
  ncomp 1
  epsrel 0
  epsabs 0
  flags 291
  seed 651
  mineval 1
  maxeval 1
  nstart 1000000
  nincrease 500000
  nbatch 1000
  gridno 1
  statefile "vegas_last_iter135"

Restoring state from vegas_last_iter135.

Iteration 4:  7000000 integrand evaluations so far
[1] 3.59034e-05 +- 1.17537e-07  	chisq 1.64747 (3 df)

Saving state to vegas_last_iter135.
Vegas input parameters:
  ndim 11
  ncomp 1
  epsrel 0
  epsabs 0
  flags 291
  seed 786
  mineval 1
  maxeval 1
  nstart 1000000
  nincrease 500000
  nbatch 1000
  gridno 1
  statefile "vegas_last_iter135"

Restoring state from vegas_last_iter135.

Iteration 5:  10000000 integrand evaluations so far
[1] 3.5829e-05 +- 7.85578e-08  	chisq 2.37333 (4 df)

Saving state to vegas_last_iter135.
Vegas input parameters:
  ndim 11
  ncomp 1
  epsrel 0
  epsabs 0
  flags 291
  seed 921
  mineval 1
  maxeval 1
  nstart 1000000
  nincrease 500000
  nbatch 1000
  gridno 1
  statefile "vegas_last_iter135"

Restoring state from vegas_last_iter135.

Iteration 6:  13500000 integrand evaluations so far
[1] 3.58083e-05 +- 5.91174e-08  	chisq 2.53289 (5 df)

Saving state to vegas_last_iter135.
Vegas input parameters:
  ndim 11
  ncomp 1
  epsrel 0
  epsabs 0
  flags 291
  seed 1056
  mineval 1
  maxeval 1
  nstart 1000000
  nincrease 500000
  nbatch 1000
  gridno 1
  statefile "vegas_last_iter135"

Restoring state from vegas_last_iter135.

Iteration 7:  17500000 integrand evaluations so far
[1] 3.58275e-05 +- 4.78383e-08  	chisq 2.83977 (6 df)

Saving state to vegas_last_iter135.
Vegas input parameters:
  ndim 11
  ncomp 1
  epsrel 0
  epsabs 0
  flags 291
  seed 1191
  mineval 1
  maxeval 1
  nstart 1000000
  nincrease 500000
  nbatch 1000
  gridno 1
  statefile "vegas_last_iter135"

Restoring state from vegas_last_iter135.

Iteration 8:  22000000 integrand evaluations so far
[1] 3.58605e-05 +- 4.05038e-08  	chisq 4.52144 (7 df)

Saving state to vegas_last_iter135.
Vegas input parameters:
  ndim 11
  ncomp 1
  epsrel 0
  epsabs 0
  flags 291
  seed 1326
  mineval 1
  maxeval 1
  nstart 1000000
  nincrease 500000
  nbatch 1000
  gridno 1
  statefile "vegas_last_iter135"

Restoring state from vegas_last_iter135.

Iteration 9:  27000000 integrand evaluations so far
[1] 3.58638e-05 +- 3.52279e-08  	chisq 4.54817 (8 df)

Saving state to vegas_last_iter135.
Vegas input parameters:
  ndim 11
  ncomp 1
  epsrel 0
  epsabs 0
  flags 291
  seed 1461
  mineval 1
  maxeval 1
  nstart 1000000
  nincrease 500000
  nbatch 1000
  gridno 1
  statefile "vegas_last_iter135"

Restoring state from vegas_last_iter135.

Iteration 10:  32500000 integrand evaluations so far
[1] 3.58664e-05 +- 3.12745e-08  	chisq 4.57439 (9 df)

Saving state to vegas_last_iter135.
Vegas input parameters:
  ndim 11
  ncomp 1
  epsrel 0
  epsabs 0
  flags 291
  seed 1596
  mineval 1
  maxeval 1
  nstart 1000000
  nincrease 500000
  nbatch 1000
  gridno 1
  statefile "vegas_last_iter135"

Restoring state from vegas_last_iter135.

Iteration 11:  38500000 integrand evaluations so far
[1] 3.58731e-05 +- 2.81923e-08  	chisq 4.81483 (10 df)

Saving state to vegas_last_iter135.
Vegas input parameters:
  ndim 11
  ncomp 1
  epsrel 0
  epsabs 0
  flags 291
  seed 1731
  mineval 1
  maxeval 1
  nstart 1000000
  nincrease 500000
  nbatch 1000
  gridno 1
  statefile "vegas_last_iter135"

Restoring state from vegas_last_iter135.

Iteration 12:  45000000 integrand evaluations so far
[1] 3.5871e-05 +- 2.56942e-08  	chisq 4.84534 (11 df)

Saving state to vegas_last_iter135.
Vegas input parameters:
  ndim 11
  ncomp 1
  epsrel 0
  epsabs 0
  flags 291
  seed 1866
  mineval 1
  maxeval 1
  nstart 1000000
  nincrease 500000
  nbatch 1000
  gridno 1
  statefile "vegas_last_iter135"

Restoring state from vegas_last_iter135.

Iteration 13:  52000000 integrand evaluations so far
[1] 3.58573e-05 +- 2.36203e-08  	chisq 6.68702 (12 df)

Saving state to vegas_last_iter135.
Vegas input parameters:
  ndim 11
  ncomp 1
  epsrel 0
  epsabs 0
  flags 291
  seed 2001
  mineval 1
  maxeval 1
  nstart 1000000
  nincrease 500000
  nbatch 1000
  gridno 1
  statefile "vegas_last_iter135"

Restoring state from vegas_last_iter135.

Iteration 14:  59500000 integrand evaluations so far
[1] 3.58531e-05 +- 2.18739e-08  	chisq 6.91659 (13 df)

Saving state to vegas_last_iter135.
Vegas input parameters:
  ndim 11
  ncomp 1
  epsrel 0
  epsabs 0
  flags 291
  seed 2136
  mineval 1
  maxeval 1
  nstart 1000000
  nincrease 500000
  nbatch 1000
  gridno 1
  statefile "vegas_last_iter135"

Restoring state from vegas_last_iter135.

Iteration 15:  67500000 integrand evaluations so far
[1] 3.58508e-05 +- 2.03787e-08  	chisq 6.99386 (14 df)

Saving state to vegas_last_iter135.
Vegas input parameters:
  ndim 11
  ncomp 1
  epsrel 0
  epsabs 0
  flags 291
  seed 2271
  mineval 1
  maxeval 1
  nstart 1000000
  nincrease 500000
  nbatch 1000
  gridno 1
  statefile "vegas_last_iter135"

Restoring state from vegas_last_iter135.

Iteration 16:  76000000 integrand evaluations so far
[1] 3.58533e-05 +- 1.90851e-08  	chisq 7.11688 (15 df)

Saving state to vegas_last_iter135.
Vegas input parameters:
  ndim 11
  ncomp 1
  epsrel 0
  epsabs 0
  flags 291
  seed 2406
  mineval 1
  maxeval 1
  nstart 1000000
  nincrease 500000
  nbatch 1000
  gridno 1
  statefile "vegas_last_iter135"

Restoring state from vegas_last_iter135.

Iteration 17:  85000000 integrand evaluations so far
[1] 3.5851e-05 +- 1.79521e-08  	chisq 7.25302 (16 df)

Saving state to vegas_last_iter135.
Vegas input parameters:
  ndim 11
  ncomp 1
  epsrel 0
  epsabs 0
  flags 291
  seed 2541
  mineval 1
  maxeval 1
  nstart 1000000
  nincrease 500000
  nbatch 1000
  gridno 1
  statefile "vegas_last_iter135"

Restoring state from vegas_last_iter135.

Iteration 18:  94500000 integrand evaluations so far
[1] 3.58487e-05 +- 1.69493e-08  	chisq 7.39806 (17 df)

Saving state to vegas_last_iter135.
Vegas input parameters:
  ndim 11
  ncomp 1
  epsrel 0
  epsabs 0
  flags 291
  seed 2676
  mineval 1
  maxeval 1
  nstart 1000000
  nincrease 500000
  nbatch 1000
  gridno 1
  statefile "vegas_last_iter135"

Restoring state from vegas_last_iter135.

Iteration 19:  104500000 integrand evaluations so far
[1] 3.5839e-05 +- 1.6056e-08  	chisq 10.5627 (18 df)

Saving state to vegas_last_iter135.
Vegas input parameters:
  ndim 11
  ncomp 1
  epsrel 0
  epsabs 0
  flags 291
  seed 2811
  mineval 1
  maxeval 1
  nstart 1000000
  nincrease 500000
  nbatch 1000
  gridno 1
  statefile "vegas_last_iter135"

Restoring state from vegas_last_iter135.

Iteration 20:  115000000 integrand evaluations so far
[1] 3.58354e-05 +- 1.52581e-08  	chisq 11.1045 (19 df)

Saving state to vegas_last_iter135.
Vegas input parameters:
  ndim 11
  ncomp 1
  epsrel 0
  epsabs 0
  flags 291
  seed 2946
  mineval 1
  maxeval 1
  nstart 1000000
  nincrease 500000
  nbatch 1000
  gridno 1
  statefile "vegas_last_iter135"

Restoring state from vegas_last_iter135.

Iteration 21:  126000000 integrand evaluations so far
[1] 3.58433e-05 +- 1.4537e-08  	chisq 14.0554 (20 df)

Saving state to vegas_last_iter135.
Vegas input parameters:
  ndim 11
  ncomp 1
  epsrel 0
  epsabs 0
  flags 291
  seed 3081
  mineval 1
  maxeval 1
  nstart 1000000
  nincrease 500000
  nbatch 1000
  gridno 1
  statefile "vegas_last_iter135"

Restoring state from vegas_last_iter135.

Iteration 22:  137500000 integrand evaluations so far
[1] 3.58486e-05 +- 1.38792e-08  	chisq 15.5656 (21 df)

Saving state to vegas_last_iter135.
Vegas input parameters:
  ndim 11
  ncomp 1
  epsrel 0
  epsabs 0
  flags 291
  seed 3216
  mineval 1
  maxeval 1
  nstart 1000000
  nincrease 500000
  nbatch 1000
  gridno 1
  statefile "vegas_last_iter135"

Restoring state from vegas_last_iter135.

Iteration 23:  149500000 integrand evaluations so far
[1] 3.58474e-05 +- 1.32802e-08  	chisq 15.6581 (22 df)

Saving state to vegas_last_iter135.
Vegas input parameters:
  ndim 11
  ncomp 1
  epsrel 0
  epsabs 0
  flags 291
  seed 3351
  mineval 1
  maxeval 1
  nstart 1000000
  nincrease 500000
  nbatch 1000
  gridno 1
  statefile "vegas_last_iter135"

Restoring state from vegas_last_iter135.

Iteration 24:  162000000 integrand evaluations so far
[1] 3.58436e-05 +- 1.27317e-08  	chisq 16.6569 (23 df)

Saving state to vegas_last_iter135.
Vegas input parameters:
  ndim 11
  ncomp 1
  epsrel 0
  epsabs 0
  flags 291
  seed 3486
  mineval 1
  maxeval 1
  nstart 1000000
  nincrease 500000
  nbatch 1000
  gridno 1
  statefile "vegas_last_iter135"

Restoring state from vegas_last_iter135.

Iteration 25:  175000000 integrand evaluations so far
[1] 3.58443e-05 +- 1.22283e-08  	chisq 16.6954 (24 df)

Saving state to vegas_last_iter135.
Vegas input parameters:
  ndim 11
  ncomp 1
  epsrel 0
  epsabs 0
  flags 291
  seed 3621
  mineval 1
  maxeval 1
  nstart 1000000
  nincrease 500000
  nbatch 1000
  gridno 1
  statefile "vegas_last_iter135"

Restoring state from vegas_last_iter135.

Iteration 26:  188500000 integrand evaluations so far
[1] 3.58457e-05 +- 1.17647e-08  	chisq 16.8699 (25 df)

Saving state to vegas_last_iter135.
Vegas input parameters:
  ndim 11
  ncomp 1
  epsrel 0
  epsabs 0
  flags 291
  seed 3756
  mineval 1
  maxeval 1
  nstart 1000000
  nincrease 500000
  nbatch 1000
  gridno 1
  statefile "vegas_last_iter135"

Restoring state from vegas_last_iter135.

Iteration 27:  202500000 integrand evaluations so far
[1] 3.58493e-05 +- 1.13346e-08  	chisq 18.1789 (26 df)

Saving state to vegas_last_iter135.
Thanks for using LHAPDF 6.3.0. Please make sure to cite the paper:
  Eur.Phys.J. C75 (2015) 3, 132  (http://arxiv.org/abs/1412.7420)
 method   =Vegas  
 nregions =           1
 neval    =   202500000
 fail     =           1
  0.358493359812E-04 +-   0.113345581263E-07   p =    0.102
