/var/lib/condor/execute/dir_27993
LHAPDF 6.3.0 loading /home/taebh/2021_Research/share/LHAPDF/NNPDF31_nnlo_as_0118_mc_hessian_pdfas/NNPDF31_nnlo_as_0118_mc_hessian_pdfas_0000.dat
NNPDF31_nnlo_as_0118_mc_hessian_pdfas PDF set, member #0, version 1
Vegas input parameters:
  ndim 11
  ncomp 1
  epsrel 0
  epsabs 0
  flags 291
  seed 152
  mineval 1
  maxeval 1
  nstart 1000000
  nincrease 500000
  nbatch 1000
  gridno 1
  statefile "vegas_last_iter41"

Iteration 1:  1000000 integrand evaluations so far
[1] 2.80557e-05 +- 2.24161e-05  	chisq 0 (0 df)

Saving state to vegas_last_iter41.
Vegas input parameters:
  ndim 11
  ncomp 1
  epsrel 0
  epsabs 0
  flags 291
  seed 193
  mineval 1
  maxeval 1
  nstart 1000000
  nincrease 500000
  nbatch 1000
  gridno 1
  statefile "vegas_last_iter41"

Restoring state from vegas_last_iter41.

Iteration 2:  2500000 integrand evaluations so far
[1] 1.89393e-06 +- 8.88233e-06  	chisq 1.61581 (1 df)

Saving state to vegas_last_iter41.
Vegas input parameters:
  ndim 11
  ncomp 1
  epsrel 0
  epsabs 0
  flags 291
  seed 234
  mineval 1
  maxeval 1
  nstart 1000000
  nincrease 500000
  nbatch 1000
  gridno 1
  statefile "vegas_last_iter41"

Restoring state from vegas_last_iter41.

Iteration 3:  4500000 integrand evaluations so far
[1] 6.98801e-06 +- 3.77149e-06  	chisq 2.01706 (2 df)

Saving state to vegas_last_iter41.
Vegas input parameters:
  ndim 11
  ncomp 1
  epsrel 0
  epsabs 0
  flags 291
  seed 275
  mineval 1
  maxeval 1
  nstart 1000000
  nincrease 500000
  nbatch 1000
  gridno 1
  statefile "vegas_last_iter41"

Restoring state from vegas_last_iter41.

Iteration 4:  7000000 integrand evaluations so far
[1] 3.49665e-06 +- 7.55856e-07  	chisq 2.90989 (3 df)

Saving state to vegas_last_iter41.
Vegas input parameters:
  ndim 11
  ncomp 1
  epsrel 0
  epsabs 0
  flags 291
  seed 316
  mineval 1
  maxeval 1
  nstart 1000000
  nincrease 500000
  nbatch 1000
  gridno 1
  statefile "vegas_last_iter41"

Restoring state from vegas_last_iter41.

Iteration 5:  10000000 integrand evaluations so far
[1] 3.34912e-06 +- 1.97581e-07  	chisq 2.95078 (4 df)

Saving state to vegas_last_iter41.
Vegas input parameters:
  ndim 11
  ncomp 1
  epsrel 0
  epsabs 0
  flags 291
  seed 357
  mineval 1
  maxeval 1
  nstart 1000000
  nincrease 500000
  nbatch 1000
  gridno 1
  statefile "vegas_last_iter41"

Restoring state from vegas_last_iter41.

Iteration 6:  13500000 integrand evaluations so far
[1] 3.32825e-06 +- 1.03284e-07  	chisq 2.96613 (5 df)

Saving state to vegas_last_iter41.
Vegas input parameters:
  ndim 11
  ncomp 1
  epsrel 0
  epsabs 0
  flags 291
  seed 398
  mineval 1
  maxeval 1
  nstart 1000000
  nincrease 500000
  nbatch 1000
  gridno 1
  statefile "vegas_last_iter41"

Restoring state from vegas_last_iter41.

Iteration 7:  17500000 integrand evaluations so far
[1] 3.32809e-06 +- 7.14975e-08  	chisq 2.96613 (6 df)

Saving state to vegas_last_iter41.
Vegas input parameters:
  ndim 11
  ncomp 1
  epsrel 0
  epsabs 0
  flags 291
  seed 439
  mineval 1
  maxeval 1
  nstart 1000000
  nincrease 500000
  nbatch 1000
  gridno 1
  statefile "vegas_last_iter41"

Restoring state from vegas_last_iter41.

Iteration 8:  22000000 integrand evaluations so far
[1] 3.26668e-06 +- 5.59126e-08  	chisq 4.86542 (7 df)

Saving state to vegas_last_iter41.
Vegas input parameters:
  ndim 11
  ncomp 1
  epsrel 0
  epsabs 0
  flags 291
  seed 480
  mineval 1
  maxeval 1
  nstart 1000000
  nincrease 500000
  nbatch 1000
  gridno 1
  statefile "vegas_last_iter41"

Restoring state from vegas_last_iter41.

Iteration 9:  27000000 integrand evaluations so far
[1] 3.22889e-06 +- 4.65125e-08  	chisq 6.34824 (8 df)

Saving state to vegas_last_iter41.
Vegas input parameters:
  ndim 11
  ncomp 1
  epsrel 0
  epsabs 0
  flags 291
  seed 521
  mineval 1
  maxeval 1
  nstart 1000000
  nincrease 500000
  nbatch 1000
  gridno 1
  statefile "vegas_last_iter41"

Restoring state from vegas_last_iter41.

Iteration 10:  32500000 integrand evaluations so far
[1] 3.19314e-06 +- 4.02151e-08  	chisq 8.68928 (9 df)

Saving state to vegas_last_iter41.
Vegas input parameters:
  ndim 11
  ncomp 1
  epsrel 0
  epsabs 0
  flags 291
  seed 562
  mineval 1
  maxeval 1
  nstart 1000000
  nincrease 500000
  nbatch 1000
  gridno 1
  statefile "vegas_last_iter41"

Restoring state from vegas_last_iter41.

Iteration 11:  38500000 integrand evaluations so far
[1] 3.17757e-06 +- 3.55606e-08  	chisq 9.37665 (10 df)

Saving state to vegas_last_iter41.
Vegas input parameters:
  ndim 11
  ncomp 1
  epsrel 0
  epsabs 0
  flags 291
  seed 603
  mineval 1
  maxeval 1
  nstart 1000000
  nincrease 500000
  nbatch 1000
  gridno 1
  statefile "vegas_last_iter41"

Restoring state from vegas_last_iter41.

Iteration 12:  45000000 integrand evaluations so far
[1] 3.19269e-06 +- 3.19674e-08  	chisq 10.3188 (11 df)

Saving state to vegas_last_iter41.
Vegas input parameters:
  ndim 11
  ncomp 1
  epsrel 0
  epsabs 0
  flags 291
  seed 644
  mineval 1
  maxeval 1
  nstart 1000000
  nincrease 500000
  nbatch 1000
  gridno 1
  statefile "vegas_last_iter41"

Restoring state from vegas_last_iter41.

Iteration 13:  52000000 integrand evaluations so far
[1] 3.19489e-06 +- 2.91063e-08  	chisq 10.3467 (12 df)

Saving state to vegas_last_iter41.
Vegas input parameters:
  ndim 11
  ncomp 1
  epsrel 0
  epsabs 0
  flags 291
  seed 685
  mineval 1
  maxeval 1
  nstart 1000000
  nincrease 500000
  nbatch 1000
  gridno 1
  statefile "vegas_last_iter41"

Restoring state from vegas_last_iter41.

Iteration 14:  59500000 integrand evaluations so far
[1] 3.17791e-06 +- 2.67475e-08  	chisq 12.5347 (13 df)

Saving state to vegas_last_iter41.
Vegas input parameters:
  ndim 11
  ncomp 1
  epsrel 0
  epsabs 0
  flags 291
  seed 726
  mineval 1
  maxeval 1
  nstart 1000000
  nincrease 500000
  nbatch 1000
  gridno 1
  statefile "vegas_last_iter41"

Restoring state from vegas_last_iter41.

Iteration 15:  67500000 integrand evaluations so far
[1] 3.18185e-06 +- 2.47704e-08  	chisq 12.6869 (14 df)

Saving state to vegas_last_iter41.
Vegas input parameters:
  ndim 11
  ncomp 1
  epsrel 0
  epsabs 0
  flags 291
  seed 767
  mineval 1
  maxeval 1
  nstart 1000000
  nincrease 500000
  nbatch 1000
  gridno 1
  statefile "vegas_last_iter41"

Restoring state from vegas_last_iter41.

Iteration 16:  76000000 integrand evaluations so far
[1] 3.18629e-06 +- 2.30863e-08  	chisq 12.9312 (15 df)

Saving state to vegas_last_iter41.
Vegas input parameters:
  ndim 11
  ncomp 1
  epsrel 0
  epsabs 0
  flags 291
  seed 808
  mineval 1
  maxeval 1
  nstart 1000000
  nincrease 500000
  nbatch 1000
  gridno 1
  statefile "vegas_last_iter41"

Restoring state from vegas_last_iter41.

Iteration 17:  85000000 integrand evaluations so far
[1] 3.19888e-06 +- 2.16305e-08  	chisq 15.3671 (16 df)

Saving state to vegas_last_iter41.
Vegas input parameters:
  ndim 11
  ncomp 1
  epsrel 0
  epsabs 0
  flags 291
  seed 849
  mineval 1
  maxeval 1
  nstart 1000000
  nincrease 500000
  nbatch 1000
  gridno 1
  statefile "vegas_last_iter41"

Restoring state from vegas_last_iter41.

Iteration 18:  94500000 integrand evaluations so far
[1] 3.20227e-06 +- 2.03548e-08  	chisq 15.5812 (17 df)

Saving state to vegas_last_iter41.
Vegas input parameters:
  ndim 11
  ncomp 1
  epsrel 0
  epsabs 0
  flags 291
  seed 890
  mineval 1
  maxeval 1
  nstart 1000000
  nincrease 500000
  nbatch 1000
  gridno 1
  statefile "vegas_last_iter41"

Restoring state from vegas_last_iter41.

Iteration 19:  104500000 integrand evaluations so far
[1] 3.1914e-06 +- 1.9232e-08  	chisq 18.2383 (18 df)

Saving state to vegas_last_iter41.
Vegas input parameters:
  ndim 11
  ncomp 1
  epsrel 0
  epsabs 0
  flags 291
  seed 931
  mineval 1
  maxeval 1
  nstart 1000000
  nincrease 500000
  nbatch 1000
  gridno 1
  statefile "vegas_last_iter41"

Restoring state from vegas_last_iter41.

Iteration 20:  115000000 integrand evaluations so far
[1] 3.19127e-06 +- 1.82317e-08  	chisq 18.2388 (19 df)

Saving state to vegas_last_iter41.
Vegas input parameters:
  ndim 11
  ncomp 1
  epsrel 0
  epsabs 0
  flags 291
  seed 972
  mineval 1
  maxeval 1
  nstart 1000000
  nincrease 500000
  nbatch 1000
  gridno 1
  statefile "vegas_last_iter41"

Restoring state from vegas_last_iter41.

Iteration 21:  126000000 integrand evaluations so far
[1] 3.18648e-06 +- 1.73346e-08  	chisq 18.9591 (20 df)

Saving state to vegas_last_iter41.
Vegas input parameters:
  ndim 11
  ncomp 1
  epsrel 0
  epsabs 0
  flags 291
  seed 1013
  mineval 1
  maxeval 1
  nstart 1000000
  nincrease 500000
  nbatch 1000
  gridno 1
  statefile "vegas_last_iter41"

Restoring state from vegas_last_iter41.

Iteration 22:  137500000 integrand evaluations so far
[1] 3.18798e-06 +- 1.65249e-08  	chisq 19.0416 (21 df)

Saving state to vegas_last_iter41.
Vegas input parameters:
  ndim 11
  ncomp 1
  epsrel 0
  epsabs 0
  flags 291
  seed 1054
  mineval 1
  maxeval 1
  nstart 1000000
  nincrease 500000
  nbatch 1000
  gridno 1
  statefile "vegas_last_iter41"

Restoring state from vegas_last_iter41.

Iteration 23:  149500000 integrand evaluations so far
[1] 3.19785e-06 +- 1.57909e-08  	chisq 23.1475 (22 df)

Saving state to vegas_last_iter41.
Vegas input parameters:
  ndim 11
  ncomp 1
  epsrel 0
  epsabs 0
  flags 291
  seed 1095
  mineval 1
  maxeval 1
  nstart 1000000
  nincrease 500000
  nbatch 1000
  gridno 1
  statefile "vegas_last_iter41"

Restoring state from vegas_last_iter41.

Iteration 24:  162000000 integrand evaluations so far
[1] 3.19191e-06 +- 1.51214e-08  	chisq 24.851 (23 df)

Saving state to vegas_last_iter41.
Vegas input parameters:
  ndim 11
  ncomp 1
  epsrel 0
  epsabs 0
  flags 291
  seed 1136
  mineval 1
  maxeval 1
  nstart 1000000
  nincrease 500000
  nbatch 1000
  gridno 1
  statefile "vegas_last_iter41"

Restoring state from vegas_last_iter41.

Iteration 25:  175000000 integrand evaluations so far
[1] 3.18738e-06 +- 1.45068e-08  	chisq 25.98 (24 df)

Saving state to vegas_last_iter41.
Vegas input parameters:
  ndim 11
  ncomp 1
  epsrel 0
  epsabs 0
  flags 291
  seed 1177
  mineval 1
  maxeval 1
  nstart 1000000
  nincrease 500000
  nbatch 1000
  gridno 1
  statefile "vegas_last_iter41"

Restoring state from vegas_last_iter41.

Iteration 26:  188500000 integrand evaluations so far
[1] 3.18076e-06 +- 1.39424e-08  	chisq 28.7054 (25 df)

Saving state to vegas_last_iter41.
Vegas input parameters:
  ndim 11
  ncomp 1
  epsrel 0
  epsabs 0
  flags 291
  seed 1218
  mineval 1
  maxeval 1
  nstart 1000000
  nincrease 500000
  nbatch 1000
  gridno 1
  statefile "vegas_last_iter41"

Restoring state from vegas_last_iter41.

Iteration 27:  202500000 integrand evaluations so far
[1] 3.18255e-06 +- 1.34214e-08  	chisq 28.9296 (26 df)

Saving state to vegas_last_iter41.
Thanks for using LHAPDF 6.3.0. Please make sure to cite the paper:
  Eur.Phys.J. C75 (2015) 3, 132  (http://arxiv.org/abs/1412.7420)
 method   =Vegas  
 nregions =           1
 neval    =   202500000
 fail     =           1
  0.318254957887E-05 +-   0.134214036271E-07   p =    0.636
