/var/lib/condor/execute/dir_16217
LHAPDF 6.3.0 loading /home/taebh/2021_Research/share/LHAPDF/NNPDF31_nnlo_as_0118_mc_hessian_pdfas/NNPDF31_nnlo_as_0118_mc_hessian_pdfas_0000.dat
NNPDF31_nnlo_as_0118_mc_hessian_pdfas PDF set, member #0, version 1
Vegas input parameters:
  ndim 11
  ncomp 1
  epsrel 0
  epsabs 0
  flags 291
  seed 137
  mineval 1
  maxeval 1
  nstart 1000000
  nincrease 500000
  nbatch 1000
  gridno 1
  statefile "vegas_last_iter26"

Iteration 1:  1000000 integrand evaluations so far
[1] 0.000138879 +- 6.67989e-06  	chisq 0 (0 df)

Saving state to vegas_last_iter26.
Vegas input parameters:
  ndim 11
  ncomp 1
  epsrel 0
  epsabs 0
  flags 291
  seed 163
  mineval 1
  maxeval 1
  nstart 1000000
  nincrease 500000
  nbatch 1000
  gridno 1
  statefile "vegas_last_iter26"

Restoring state from vegas_last_iter26.

Iteration 2:  2500000 integrand evaluations so far
[1] 0.000140754 +- 2.32231e-06  	chisq 0.0895675 (1 df)

Saving state to vegas_last_iter26.
Vegas input parameters:
  ndim 11
  ncomp 1
  epsrel 0
  epsabs 0
  flags 291
  seed 189
  mineval 1
  maxeval 1
  nstart 1000000
  nincrease 500000
  nbatch 1000
  gridno 1
  statefile "vegas_last_iter26"

Restoring state from vegas_last_iter26.

Iteration 3:  4500000 integrand evaluations so far
[1] 0.000140839 +- 1.22104e-06  	chisq 0.0914198 (2 df)

Saving state to vegas_last_iter26.
Vegas input parameters:
  ndim 11
  ncomp 1
  epsrel 0
  epsabs 0
  flags 291
  seed 215
  mineval 1
  maxeval 1
  nstart 1000000
  nincrease 500000
  nbatch 1000
  gridno 1
  statefile "vegas_last_iter26"

Restoring state from vegas_last_iter26.

Iteration 4:  7000000 integrand evaluations so far
[1] 0.000140811 +- 7.81374e-07  	chisq 0.0923033 (3 df)

Saving state to vegas_last_iter26.
Vegas input parameters:
  ndim 11
  ncomp 1
  epsrel 0
  epsabs 0
  flags 291
  seed 241
  mineval 1
  maxeval 1
  nstart 1000000
  nincrease 500000
  nbatch 1000
  gridno 1
  statefile "vegas_last_iter26"

Restoring state from vegas_last_iter26.

Iteration 5:  10000000 integrand evaluations so far
[1] 0.00013989 +- 5.65892e-07  	chisq 3.01661 (4 df)

Saving state to vegas_last_iter26.
Vegas input parameters:
  ndim 11
  ncomp 1
  epsrel 0
  epsabs 0
  flags 291
  seed 267
  mineval 1
  maxeval 1
  nstart 1000000
  nincrease 500000
  nbatch 1000
  gridno 1
  statefile "vegas_last_iter26"

Restoring state from vegas_last_iter26.

Iteration 6:  13500000 integrand evaluations so far
[1] 0.000140219 +- 4.46608e-07  	chisq 3.91639 (5 df)

Saving state to vegas_last_iter26.
Vegas input parameters:
  ndim 11
  ncomp 1
  epsrel 0
  epsabs 0
  flags 291
  seed 293
  mineval 1
  maxeval 1
  nstart 1000000
  nincrease 500000
  nbatch 1000
  gridno 1
  statefile "vegas_last_iter26"

Restoring state from vegas_last_iter26.

Iteration 7:  17500000 integrand evaluations so far
[1] 0.000139919 +- 3.70226e-07  	chisq 5.36363 (6 df)

Saving state to vegas_last_iter26.
Vegas input parameters:
  ndim 11
  ncomp 1
  epsrel 0
  epsabs 0
  flags 291
  seed 319
  mineval 1
  maxeval 1
  nstart 1000000
  nincrease 500000
  nbatch 1000
  gridno 1
  statefile "vegas_last_iter26"

Restoring state from vegas_last_iter26.

Iteration 8:  22000000 integrand evaluations so far
[1] 0.000140298 +- 3.19648e-07  	chisq 9.4815 (7 df)

Saving state to vegas_last_iter26.
Vegas input parameters:
  ndim 11
  ncomp 1
  epsrel 0
  epsabs 0
  flags 291
  seed 345
  mineval 1
  maxeval 1
  nstart 1000000
  nincrease 500000
  nbatch 1000
  gridno 1
  statefile "vegas_last_iter26"

Restoring state from vegas_last_iter26.

Iteration 9:  27000000 integrand evaluations so far
[1] 0.000140282 +- 2.814e-07  	chisq 9.49226 (8 df)

Saving state to vegas_last_iter26.
Vegas input parameters:
  ndim 11
  ncomp 1
  epsrel 0
  epsabs 0
  flags 291
  seed 371
  mineval 1
  maxeval 1
  nstart 1000000
  nincrease 500000
  nbatch 1000
  gridno 1
  statefile "vegas_last_iter26"

Restoring state from vegas_last_iter26.

Iteration 10:  32500000 integrand evaluations so far
[1] 0.000140143 +- 2.51121e-07  	chisq 10.6886 (9 df)

Saving state to vegas_last_iter26.
Vegas input parameters:
  ndim 11
  ncomp 1
  epsrel 0
  epsabs 0
  flags 291
  seed 397
  mineval 1
  maxeval 1
  nstart 1000000
  nincrease 500000
  nbatch 1000
  gridno 1
  statefile "vegas_last_iter26"

Restoring state from vegas_last_iter26.

Iteration 11:  38500000 integrand evaluations so far
[1] 0.000140085 +- 2.27654e-07  	chisq 10.9895 (10 df)

Saving state to vegas_last_iter26.
Vegas input parameters:
  ndim 11
  ncomp 1
  epsrel 0
  epsabs 0
  flags 291
  seed 423
  mineval 1
  maxeval 1
  nstart 1000000
  nincrease 500000
  nbatch 1000
  gridno 1
  statefile "vegas_last_iter26"

Restoring state from vegas_last_iter26.

Iteration 12:  45000000 integrand evaluations so far
[1] 0.000140105 +- 2.08108e-07  	chisq 11.0372 (11 df)

Saving state to vegas_last_iter26.
Vegas input parameters:
  ndim 11
  ncomp 1
  epsrel 0
  epsabs 0
  flags 291
  seed 449
  mineval 1
  maxeval 1
  nstart 1000000
  nincrease 500000
  nbatch 1000
  gridno 1
  statefile "vegas_last_iter26"

Restoring state from vegas_last_iter26.

Iteration 13:  52000000 integrand evaluations so far
[1] 0.000140023 +- 1.9295e-07  	chisq 12.1438 (12 df)

Saving state to vegas_last_iter26.
Vegas input parameters:
  ndim 11
  ncomp 1
  epsrel 0
  epsabs 0
  flags 291
  seed 475
  mineval 1
  maxeval 1
  nstart 1000000
  nincrease 500000
  nbatch 1000
  gridno 1
  statefile "vegas_last_iter26"

Restoring state from vegas_last_iter26.

Iteration 14:  59500000 integrand evaluations so far
[1] 0.000139961 +- 1.79655e-07  	chisq 12.926 (13 df)

Saving state to vegas_last_iter26.
Vegas input parameters:
  ndim 11
  ncomp 1
  epsrel 0
  epsabs 0
  flags 291
  seed 501
  mineval 1
  maxeval 1
  nstart 1000000
  nincrease 500000
  nbatch 1000
  gridno 1
  statefile "vegas_last_iter26"

Restoring state from vegas_last_iter26.

Iteration 15:  67500000 integrand evaluations so far
[1] 0.000139938 +- 1.67495e-07  	chisq 13.0542 (14 df)

Saving state to vegas_last_iter26.
Vegas input parameters:
  ndim 11
  ncomp 1
  epsrel 0
  epsabs 0
  flags 291
  seed 527
  mineval 1
  maxeval 1
  nstart 1000000
  nincrease 500000
  nbatch 1000
  gridno 1
  statefile "vegas_last_iter26"

Restoring state from vegas_last_iter26.

Iteration 16:  76000000 integrand evaluations so far
[1] 0.000139936 +- 1.56823e-07  	chisq 13.0556 (15 df)

Saving state to vegas_last_iter26.
Vegas input parameters:
  ndim 11
  ncomp 1
  epsrel 0
  epsabs 0
  flags 291
  seed 553
  mineval 1
  maxeval 1
  nstart 1000000
  nincrease 500000
  nbatch 1000
  gridno 1
  statefile "vegas_last_iter26"

Restoring state from vegas_last_iter26.

Iteration 17:  85000000 integrand evaluations so far
[1] 0.00013999 +- 1.47432e-07  	chisq 14.1045 (16 df)

Saving state to vegas_last_iter26.
Vegas input parameters:
  ndim 11
  ncomp 1
  epsrel 0
  epsabs 0
  flags 291
  seed 579
  mineval 1
  maxeval 1
  nstart 1000000
  nincrease 500000
  nbatch 1000
  gridno 1
  statefile "vegas_last_iter26"

Restoring state from vegas_last_iter26.

Iteration 18:  94500000 integrand evaluations so far
[1] 0.000140026 +- 1.39126e-07  	chisq 14.6438 (17 df)

Saving state to vegas_last_iter26.
Vegas input parameters:
  ndim 11
  ncomp 1
  epsrel 0
  epsabs 0
  flags 291
  seed 605
  mineval 1
  maxeval 1
  nstart 1000000
  nincrease 500000
  nbatch 1000
  gridno 1
  statefile "vegas_last_iter26"

Restoring state from vegas_last_iter26.

Iteration 19:  104500000 integrand evaluations so far
[1] 0.000140033 +- 1.31719e-07  	chisq 14.6655 (18 df)

Saving state to vegas_last_iter26.
Vegas input parameters:
  ndim 11
  ncomp 1
  epsrel 0
  epsabs 0
  flags 291
  seed 631
  mineval 1
  maxeval 1
  nstart 1000000
  nincrease 500000
  nbatch 1000
  gridno 1
  statefile "vegas_last_iter26"

Restoring state from vegas_last_iter26.

Iteration 20:  115000000 integrand evaluations so far
[1] 0.000140024 +- 1.25074e-07  	chisq 14.712 (19 df)

Saving state to vegas_last_iter26.
Vegas input parameters:
  ndim 11
  ncomp 1
  epsrel 0
  epsabs 0
  flags 291
  seed 657
  mineval 1
  maxeval 1
  nstart 1000000
  nincrease 500000
  nbatch 1000
  gridno 1
  statefile "vegas_last_iter26"

Restoring state from vegas_last_iter26.

Iteration 21:  126000000 integrand evaluations so far
[1] 0.000140058 +- 1.1909e-07  	chisq 15.5078 (20 df)

Saving state to vegas_last_iter26.
Vegas input parameters:
  ndim 11
  ncomp 1
  epsrel 0
  epsabs 0
  flags 291
  seed 683
  mineval 1
  maxeval 1
  nstart 1000000
  nincrease 500000
  nbatch 1000
  gridno 1
  statefile "vegas_last_iter26"

Restoring state from vegas_last_iter26.

Iteration 22:  137500000 integrand evaluations so far
[1] 0.000140051 +- 1.13806e-07  	chisq 15.5412 (21 df)

Saving state to vegas_last_iter26.
Vegas input parameters:
  ndim 11
  ncomp 1
  epsrel 0
  epsabs 0
  flags 291
  seed 709
  mineval 1
  maxeval 1
  nstart 1000000
  nincrease 500000
  nbatch 1000
  gridno 1
  statefile "vegas_last_iter26"

Restoring state from vegas_last_iter26.

Iteration 23:  149500000 integrand evaluations so far
[1] 0.00014007 +- 1.0892e-07  	chisq 15.8631 (22 df)

Saving state to vegas_last_iter26.
Vegas input parameters:
  ndim 11
  ncomp 1
  epsrel 0
  epsabs 0
  flags 291
  seed 735
  mineval 1
  maxeval 1
  nstart 1000000
  nincrease 500000
  nbatch 1000
  gridno 1
  statefile "vegas_last_iter26"

Restoring state from vegas_last_iter26.

Iteration 24:  162000000 integrand evaluations so far
[1] 0.000140118 +- 1.04386e-07  	chisq 18.2632 (23 df)

Saving state to vegas_last_iter26.
Vegas input parameters:
  ndim 11
  ncomp 1
  epsrel 0
  epsabs 0
  flags 291
  seed 761
  mineval 1
  maxeval 1
  nstart 1000000
  nincrease 500000
  nbatch 1000
  gridno 1
  statefile "vegas_last_iter26"

Restoring state from vegas_last_iter26.

Iteration 25:  175000000 integrand evaluations so far
[1] 0.000140062 +- 1.00302e-07  	chisq 22.0295 (24 df)

Saving state to vegas_last_iter26.
Vegas input parameters:
  ndim 11
  ncomp 1
  epsrel 0
  epsabs 0
  flags 291
  seed 787
  mineval 1
  maxeval 1
  nstart 1000000
  nincrease 500000
  nbatch 1000
  gridno 1
  statefile "vegas_last_iter26"

Restoring state from vegas_last_iter26.

Iteration 26:  188500000 integrand evaluations so far
[1] 0.000140024 +- 9.64683e-08  	chisq 23.9453 (25 df)

Saving state to vegas_last_iter26.
Vegas input parameters:
  ndim 11
  ncomp 1
  epsrel 0
  epsabs 0
  flags 291
  seed 813
  mineval 1
  maxeval 1
  nstart 1000000
  nincrease 500000
  nbatch 1000
  gridno 1
  statefile "vegas_last_iter26"

Restoring state from vegas_last_iter26.

Iteration 27:  202500000 integrand evaluations so far
[1] 0.00014006 +- 9.29574e-08  	chisq 25.8516 (26 df)

Saving state to vegas_last_iter26.
Thanks for using LHAPDF 6.3.0. Please make sure to cite the paper:
  Eur.Phys.J. C75 (2015) 3, 132  (http://arxiv.org/abs/1412.7420)
 method   =Vegas  
 nregions =           1
 neval    =   202500000
 fail     =           1
  0.140059862544E-03 +-   0.929573575455E-07   p =    0.473
