/var/lib/condor/execute/dir_55467
LHAPDF 6.3.0 loading /home/taebh/2021_Research/share/LHAPDF/NNPDF31_nnlo_as_0118_mc_hessian_pdfas/NNPDF31_nnlo_as_0118_mc_hessian_pdfas_0000.dat
NNPDF31_nnlo_as_0118_mc_hessian_pdfas PDF set, member #0, version 1
Vegas input parameters:
  ndim 11
  ncomp 1
  epsrel 0
  epsabs 0
  flags 291
  seed 197
  mineval 1
  maxeval 1
  nstart 1000000
  nincrease 500000
  nbatch 1000
  gridno 1
  statefile "vegas_last_iter86"

Iteration 1:  1000000 integrand evaluations so far
[1] 4.94027e-06 +- 7.4785e-06  	chisq 0 (0 df)

Saving state to vegas_last_iter86.
Vegas input parameters:
  ndim 11
  ncomp 1
  epsrel 0
  epsabs 0
  flags 291
  seed 283
  mineval 1
  maxeval 1
  nstart 1000000
  nincrease 500000
  nbatch 1000
  gridno 1
  statefile "vegas_last_iter86"

Restoring state from vegas_last_iter86.

Iteration 2:  2500000 integrand evaluations so far
[1] 5.40565e-07 +- 3.25046e-06  	chisq 0.426727 (1 df)

Saving state to vegas_last_iter86.
Vegas input parameters:
  ndim 11
  ncomp 1
  epsrel 0
  epsabs 0
  flags 291
  seed 369
  mineval 1
  maxeval 1
  nstart 1000000
  nincrease 500000
  nbatch 1000
  gridno 1
  statefile "vegas_last_iter86"

Restoring state from vegas_last_iter86.

Iteration 3:  4500000 integrand evaluations so far
[1] -4.26661e-07 +- 2.09607e-06  	chisq 0.578303 (2 df)

Saving state to vegas_last_iter86.
Vegas input parameters:
  ndim 11
  ncomp 1
  epsrel 0
  epsabs 0
  flags 291
  seed 455
  mineval 1
  maxeval 1
  nstart 1000000
  nincrease 500000
  nbatch 1000
  gridno 1
  statefile "vegas_last_iter86"

Restoring state from vegas_last_iter86.

Iteration 4:  7000000 integrand evaluations so far
[1] 4.45907e-07 +- 1.53782e-06  	chisq 0.953618 (3 df)

Saving state to vegas_last_iter86.
Vegas input parameters:
  ndim 11
  ncomp 1
  epsrel 0
  epsabs 0
  flags 291
  seed 541
  mineval 1
  maxeval 1
  nstart 1000000
  nincrease 500000
  nbatch 1000
  gridno 1
  statefile "vegas_last_iter86"

Restoring state from vegas_last_iter86.

Iteration 5:  10000000 integrand evaluations so far
[1] 1.27643e-06 +- 1.19442e-06  	chisq 1.68879 (4 df)

Saving state to vegas_last_iter86.
Vegas input parameters:
  ndim 11
  ncomp 1
  epsrel 0
  epsabs 0
  flags 291
  seed 627
  mineval 1
  maxeval 1
  nstart 1000000
  nincrease 500000
  nbatch 1000
  gridno 1
  statefile "vegas_last_iter86"

Restoring state from vegas_last_iter86.

Iteration 6:  13500000 integrand evaluations so far
[1] 1.29911e-06 +- 9.75445e-07  	chisq 1.68987 (5 df)

Saving state to vegas_last_iter86.
Vegas input parameters:
  ndim 11
  ncomp 1
  epsrel 0
  epsabs 0
  flags 291
  seed 713
  mineval 1
  maxeval 1
  nstart 1000000
  nincrease 500000
  nbatch 1000
  gridno 1
  statefile "vegas_last_iter86"

Restoring state from vegas_last_iter86.

Iteration 7:  17500000 integrand evaluations so far
[1] 1.3659e-06 +- 8.26983e-07  	chisq 1.70654 (6 df)

Saving state to vegas_last_iter86.
Vegas input parameters:
  ndim 11
  ncomp 1
  epsrel 0
  epsabs 0
  flags 291
  seed 799
  mineval 1
  maxeval 1
  nstart 1000000
  nincrease 500000
  nbatch 1000
  gridno 1
  statefile "vegas_last_iter86"

Restoring state from vegas_last_iter86.

Iteration 8:  22000000 integrand evaluations so far
[1] 9.05854e-07 +- 7.20689e-07  	chisq 2.99308 (7 df)

Saving state to vegas_last_iter86.
Vegas input parameters:
  ndim 11
  ncomp 1
  epsrel 0
  epsabs 0
  flags 291
  seed 885
  mineval 1
  maxeval 1
  nstart 1000000
  nincrease 500000
  nbatch 1000
  gridno 1
  statefile "vegas_last_iter86"

Restoring state from vegas_last_iter86.

Iteration 9:  27000000 integrand evaluations so far
[1] 4.08054e-07 +- 6.39627e-07  	chisq 5.24033 (8 df)

Saving state to vegas_last_iter86.
Vegas input parameters:
  ndim 11
  ncomp 1
  epsrel 0
  epsabs 0
  flags 291
  seed 971
  mineval 1
  maxeval 1
  nstart 1000000
  nincrease 500000
  nbatch 1000
  gridno 1
  statefile "vegas_last_iter86"

Restoring state from vegas_last_iter86.

Iteration 10:  32500000 integrand evaluations so far
[1] 2.14787e-07 +- 5.76107e-07  	chisq 5.72402 (9 df)

Saving state to vegas_last_iter86.
Vegas input parameters:
  ndim 11
  ncomp 1
  epsrel 0
  epsabs 0
  flags 291
  seed 1057
  mineval 1
  maxeval 1
  nstart 1000000
  nincrease 500000
  nbatch 1000
  gridno 1
  statefile "vegas_last_iter86"

Restoring state from vegas_last_iter86.

Iteration 11:  38500000 integrand evaluations so far
[1] 1.17595e-07 +- 5.23841e-07  	chisq 5.88833 (10 df)

Saving state to vegas_last_iter86.
Vegas input parameters:
  ndim 11
  ncomp 1
  epsrel 0
  epsabs 0
  flags 291
  seed 1143
  mineval 1
  maxeval 1
  nstart 1000000
  nincrease 500000
  nbatch 1000
  gridno 1
  statefile "vegas_last_iter86"

Restoring state from vegas_last_iter86.

Iteration 12:  45000000 integrand evaluations so far
[1] 1.2547e-07 +- 4.8092e-07  	chisq 5.88977 (11 df)

Saving state to vegas_last_iter86.
Vegas input parameters:
  ndim 11
  ncomp 1
  epsrel 0
  epsabs 0
  flags 291
  seed 1229
  mineval 1
  maxeval 1
  nstart 1000000
  nincrease 500000
  nbatch 1000
  gridno 1
  statefile "vegas_last_iter86"

Restoring state from vegas_last_iter86.

Iteration 13:  52000000 integrand evaluations so far
[1] 5.29921e-08 +- 4.44532e-07  	chisq 6.04576 (12 df)

Saving state to vegas_last_iter86.
Vegas input parameters:
  ndim 11
  ncomp 1
  epsrel 0
  epsabs 0
  flags 291
  seed 1315
  mineval 1
  maxeval 1
  nstart 1000000
  nincrease 500000
  nbatch 1000
  gridno 1
  statefile "vegas_last_iter86"

Restoring state from vegas_last_iter86.

Iteration 14:  59500000 integrand evaluations so far
[1] 2.19682e-07 +- 4.13407e-07  	chisq 7.0863 (13 df)

Saving state to vegas_last_iter86.
Vegas input parameters:
  ndim 11
  ncomp 1
  epsrel 0
  epsabs 0
  flags 291
  seed 1401
  mineval 1
  maxeval 1
  nstart 1000000
  nincrease 500000
  nbatch 1000
  gridno 1
  statefile "vegas_last_iter86"

Restoring state from vegas_last_iter86.

Iteration 15:  67500000 integrand evaluations so far
[1] 3.06064e-07 +- 3.86552e-07  	chisq 7.43363 (14 df)

Saving state to vegas_last_iter86.
Vegas input parameters:
  ndim 11
  ncomp 1
  epsrel 0
  epsabs 0
  flags 291
  seed 1487
  mineval 1
  maxeval 1
  nstart 1000000
  nincrease 500000
  nbatch 1000
  gridno 1
  statefile "vegas_last_iter86"

Restoring state from vegas_last_iter86.

Iteration 16:  76000000 integrand evaluations so far
[1] 2.15837e-07 +- 3.62991e-07  	chisq 7.89461 (15 df)

Saving state to vegas_last_iter86.
Vegas input parameters:
  ndim 11
  ncomp 1
  epsrel 0
  epsabs 0
  flags 291
  seed 1573
  mineval 1
  maxeval 1
  nstart 1000000
  nincrease 500000
  nbatch 1000
  gridno 1
  statefile "vegas_last_iter86"

Restoring state from vegas_last_iter86.

Iteration 17:  85000000 integrand evaluations so far
[1] 2.84189e-07 +- 3.42257e-07  	chisq 8.21412 (16 df)

Saving state to vegas_last_iter86.
Vegas input parameters:
  ndim 11
  ncomp 1
  epsrel 0
  epsabs 0
  flags 291
  seed 1659
  mineval 1
  maxeval 1
  nstart 1000000
  nincrease 500000
  nbatch 1000
  gridno 1
  statefile "vegas_last_iter86"

Restoring state from vegas_last_iter86.

Iteration 18:  94500000 integrand evaluations so far
[1] 2.4034e-07 +- 3.23742e-07  	chisq 8.37005 (17 df)

Saving state to vegas_last_iter86.
Vegas input parameters:
  ndim 11
  ncomp 1
  epsrel 0
  epsabs 0
  flags 291
  seed 1745
  mineval 1
  maxeval 1
  nstart 1000000
  nincrease 500000
  nbatch 1000
  gridno 1
  statefile "vegas_last_iter86"

Restoring state from vegas_last_iter86.

Iteration 19:  104500000 integrand evaluations so far
[1] 1.81535e-07 +- 3.07267e-07  	chisq 8.70269 (18 df)

Saving state to vegas_last_iter86.
Vegas input parameters:
  ndim 11
  ncomp 1
  epsrel 0
  epsabs 0
  flags 291
  seed 1831
  mineval 1
  maxeval 1
  nstart 1000000
  nincrease 500000
  nbatch 1000
  gridno 1
  statefile "vegas_last_iter86"

Restoring state from vegas_last_iter86.

Iteration 20:  115000000 integrand evaluations so far
[1] 1.76449e-07 +- 2.92319e-07  	chisq 8.70558 (19 df)

Saving state to vegas_last_iter86.
Vegas input parameters:
  ndim 11
  ncomp 1
  epsrel 0
  epsabs 0
  flags 291
  seed 1917
  mineval 1
  maxeval 1
  nstart 1000000
  nincrease 500000
  nbatch 1000
  gridno 1
  statefile "vegas_last_iter86"

Restoring state from vegas_last_iter86.

Iteration 21:  126000000 integrand evaluations so far
[1] 1.58176e-07 +- 2.78813e-07  	chisq 8.74887 (20 df)

Saving state to vegas_last_iter86.
Vegas input parameters:
  ndim 11
  ncomp 1
  epsrel 0
  epsabs 0
  flags 291
  seed 2003
  mineval 1
  maxeval 1
  nstart 1000000
  nincrease 500000
  nbatch 1000
  gridno 1
  statefile "vegas_last_iter86"

Restoring state from vegas_last_iter86.

Iteration 22:  137500000 integrand evaluations so far
[1] 8.55308e-08 +- 2.6648e-07  	chisq 9.53358 (21 df)

Saving state to vegas_last_iter86.
Vegas input parameters:
  ndim 11
  ncomp 1
  epsrel 0
  epsabs 0
  flags 291
  seed 2089
  mineval 1
  maxeval 1
  nstart 1000000
  nincrease 500000
  nbatch 1000
  gridno 1
  statefile "vegas_last_iter86"

Restoring state from vegas_last_iter86.

Iteration 23:  149500000 integrand evaluations so far
[1] 3.15593e-07 +- 2.5521e-07  	chisq 18.5353 (22 df)

Saving state to vegas_last_iter86.
Vegas input parameters:
  ndim 11
  ncomp 1
  epsrel 0
  epsabs 0
  flags 291
  seed 2175
  mineval 1
  maxeval 1
  nstart 1000000
  nincrease 500000
  nbatch 1000
  gridno 1
  statefile "vegas_last_iter86"

Restoring state from vegas_last_iter86.

Iteration 24:  162000000 integrand evaluations so far
[1] 2.64044e-07 +- 2.44846e-07  	chisq 19.0481 (23 df)

Saving state to vegas_last_iter86.
Vegas input parameters:
  ndim 11
  ncomp 1
  epsrel 0
  epsabs 0
  flags 291
  seed 2261
  mineval 1
  maxeval 1
  nstart 1000000
  nincrease 500000
  nbatch 1000
  gridno 1
  statefile "vegas_last_iter86"

Restoring state from vegas_last_iter86.

Iteration 25:  175000000 integrand evaluations so far
[1] 2.44098e-07 +- 2.35333e-07  	chisq 19.1352 (24 df)

Saving state to vegas_last_iter86.
Vegas input parameters:
  ndim 11
  ncomp 1
  epsrel 0
  epsabs 0
  flags 291
  seed 2347
  mineval 1
  maxeval 1
  nstart 1000000
  nincrease 500000
  nbatch 1000
  gridno 1
  statefile "vegas_last_iter86"

Restoring state from vegas_last_iter86.

Iteration 26:  188500000 integrand evaluations so far
[1] 2.69415e-07 +- 2.26544e-07  	chisq 19.2931 (25 df)

Saving state to vegas_last_iter86.
Vegas input parameters:
  ndim 11
  ncomp 1
  epsrel 0
  epsabs 0
  flags 291
  seed 2433
  mineval 1
  maxeval 1
  nstart 1000000
  nincrease 500000
  nbatch 1000
  gridno 1
  statefile "vegas_last_iter86"

Restoring state from vegas_last_iter86.

Iteration 27:  202500000 integrand evaluations so far
[1] 1.64065e-07 +- 2.18368e-07  	chisq 22.3441 (26 df)

Saving state to vegas_last_iter86.
Thanks for using LHAPDF 6.3.0. Please make sure to cite the paper:
  Eur.Phys.J. C75 (2015) 3, 132  (http://arxiv.org/abs/1412.7420)
 method   =Vegas  
 nregions =           1
 neval    =   202500000
 fail     =           1
  0.164064522708E-06 +-   0.218368067225E-06   p =    0.280
