/var/lib/condor/execute/dir_375
LHAPDF 6.3.0 loading /home/taebh/2021_Research/share/LHAPDF/NNPDF31_nnlo_as_0118_mc_hessian_pdfas/NNPDF31_nnlo_as_0118_mc_hessian_pdfas_0000.dat
NNPDF31_nnlo_as_0118_mc_hessian_pdfas PDF set, member #0, version 1
Vegas input parameters:
  ndim 11
  ncomp 1
  epsrel 0
  epsabs 0
  flags 291
  seed 186
  mineval 1
  maxeval 1
  nstart 1000000
  nincrease 500000
  nbatch 1000
  gridno 1
  statefile "vegas_last_iter75"

Iteration 1:  1000000 integrand evaluations so far
[1] -0.0035023 +- 3.10616e-05  	chisq 0 (0 df)

Saving state to vegas_last_iter75.
Vegas input parameters:
  ndim 11
  ncomp 1
  epsrel 0
  epsabs 0
  flags 291
  seed 261
  mineval 1
  maxeval 1
  nstart 1000000
  nincrease 500000
  nbatch 1000
  gridno 1
  statefile "vegas_last_iter75"

Restoring state from vegas_last_iter75.

Iteration 2:  2500000 integrand evaluations so far
[1] -0.00348741 +- 1.16809e-05  	chisq 0.267398 (1 df)

Saving state to vegas_last_iter75.
Vegas input parameters:
  ndim 11
  ncomp 1
  epsrel 0
  epsabs 0
  flags 291
  seed 336
  mineval 1
  maxeval 1
  nstart 1000000
  nincrease 500000
  nbatch 1000
  gridno 1
  statefile "vegas_last_iter75"

Restoring state from vegas_last_iter75.

Iteration 3:  4500000 integrand evaluations so far
[1] -0.00348188 +- 6.65949e-06  	chisq 0.599988 (2 df)

Saving state to vegas_last_iter75.
Vegas input parameters:
  ndim 11
  ncomp 1
  epsrel 0
  epsabs 0
  flags 291
  seed 411
  mineval 1
  maxeval 1
  nstart 1000000
  nincrease 500000
  nbatch 1000
  gridno 1
  statefile "vegas_last_iter75"

Restoring state from vegas_last_iter75.

Iteration 4:  7000000 integrand evaluations so far
[1] -0.0034854 +- 4.90749e-06  	chisq 1.21347 (3 df)

Saving state to vegas_last_iter75.
Vegas input parameters:
  ndim 11
  ncomp 1
  epsrel 0
  epsabs 0
  flags 291
  seed 486
  mineval 1
  maxeval 1
  nstart 1000000
  nincrease 500000
  nbatch 1000
  gridno 1
  statefile "vegas_last_iter75"

Restoring state from vegas_last_iter75.

Iteration 5:  10000000 integrand evaluations so far
[1] -0.00348435 +- 3.8565e-06  	chisq 1.33351 (4 df)

Saving state to vegas_last_iter75.
Vegas input parameters:
  ndim 11
  ncomp 1
  epsrel 0
  epsabs 0
  flags 291
  seed 561
  mineval 1
  maxeval 1
  nstart 1000000
  nincrease 500000
  nbatch 1000
  gridno 1
  statefile "vegas_last_iter75"

Restoring state from vegas_last_iter75.

Iteration 6:  13500000 integrand evaluations so far
[1] -0.00348331 +- 3.10951e-06  	chisq 1.54083 (5 df)

Saving state to vegas_last_iter75.
Vegas input parameters:
  ndim 11
  ncomp 1
  epsrel 0
  epsabs 0
  flags 291
  seed 636
  mineval 1
  maxeval 1
  nstart 1000000
  nincrease 500000
  nbatch 1000
  gridno 1
  statefile "vegas_last_iter75"

Restoring state from vegas_last_iter75.

Iteration 7:  17500000 integrand evaluations so far
[1] -0.00348043 +- 2.60023e-06  	chisq 4.40531 (6 df)

Saving state to vegas_last_iter75.
Vegas input parameters:
  ndim 11
  ncomp 1
  epsrel 0
  epsabs 0
  flags 291
  seed 711
  mineval 1
  maxeval 1
  nstart 1000000
  nincrease 500000
  nbatch 1000
  gridno 1
  statefile "vegas_last_iter75"

Restoring state from vegas_last_iter75.

Iteration 8:  22000000 integrand evaluations so far
[1] -0.00348009 +- 2.23629e-06  	chisq 4.46908 (7 df)

Saving state to vegas_last_iter75.
Vegas input parameters:
  ndim 11
  ncomp 1
  epsrel 0
  epsabs 0
  flags 291
  seed 786
  mineval 1
  maxeval 1
  nstart 1000000
  nincrease 500000
  nbatch 1000
  gridno 1
  statefile "vegas_last_iter75"

Restoring state from vegas_last_iter75.

Iteration 9:  27000000 integrand evaluations so far
[1] -0.00348114 +- 1.98045e-06  	chisq 5.48478 (8 df)

Saving state to vegas_last_iter75.
Vegas input parameters:
  ndim 11
  ncomp 1
  epsrel 0
  epsabs 0
  flags 291
  seed 861
  mineval 1
  maxeval 1
  nstart 1000000
  nincrease 500000
  nbatch 1000
  gridno 1
  statefile "vegas_last_iter75"

Restoring state from vegas_last_iter75.

Iteration 10:  32500000 integrand evaluations so far
[1] -0.0034817 +- 1.77416e-06  	chisq 5.88858 (9 df)

Saving state to vegas_last_iter75.
Vegas input parameters:
  ndim 11
  ncomp 1
  epsrel 0
  epsabs 0
  flags 291
  seed 936
  mineval 1
  maxeval 1
  nstart 1000000
  nincrease 500000
  nbatch 1000
  gridno 1
  statefile "vegas_last_iter75"

Restoring state from vegas_last_iter75.

Iteration 11:  38500000 integrand evaluations so far
[1] -0.00348081 +- 1.606e-06  	chisq 7.26248 (10 df)

Saving state to vegas_last_iter75.
Vegas input parameters:
  ndim 11
  ncomp 1
  epsrel 0
  epsabs 0
  flags 291
  seed 1011
  mineval 1
  maxeval 1
  nstart 1000000
  nincrease 500000
  nbatch 1000
  gridno 1
  statefile "vegas_last_iter75"

Restoring state from vegas_last_iter75.

Iteration 12:  45000000 integrand evaluations so far
[1] -0.00348048 +- 1.46845e-06  	chisq 7.52804 (11 df)

Saving state to vegas_last_iter75.
Vegas input parameters:
  ndim 11
  ncomp 1
  epsrel 0
  epsabs 0
  flags 291
  seed 1086
  mineval 1
  maxeval 1
  nstart 1000000
  nincrease 500000
  nbatch 1000
  gridno 1
  statefile "vegas_last_iter75"

Restoring state from vegas_last_iter75.

Iteration 13:  52000000 integrand evaluations so far
[1] -0.00348049 +- 1.35452e-06  	chisq 7.52851 (12 df)

Saving state to vegas_last_iter75.
Vegas input parameters:
  ndim 11
  ncomp 1
  epsrel 0
  epsabs 0
  flags 291
  seed 1161
  mineval 1
  maxeval 1
  nstart 1000000
  nincrease 500000
  nbatch 1000
  gridno 1
  statefile "vegas_last_iter75"

Restoring state from vegas_last_iter75.

Iteration 14:  59500000 integrand evaluations so far
[1] -0.00348158 +- 1.25701e-06  	chisq 12.1499 (13 df)

Saving state to vegas_last_iter75.
Vegas input parameters:
  ndim 11
  ncomp 1
  epsrel 0
  epsabs 0
  flags 291
  seed 1236
  mineval 1
  maxeval 1
  nstart 1000000
  nincrease 500000
  nbatch 1000
  gridno 1
  statefile "vegas_last_iter75"

Restoring state from vegas_last_iter75.

Iteration 15:  67500000 integrand evaluations so far
[1] -0.00348164 +- 1.17322e-06  	chisq 12.1707 (14 df)

Saving state to vegas_last_iter75.
Vegas input parameters:
  ndim 11
  ncomp 1
  epsrel 0
  epsabs 0
  flags 291
  seed 1311
  mineval 1
  maxeval 1
  nstart 1000000
  nincrease 500000
  nbatch 1000
  gridno 1
  statefile "vegas_last_iter75"

Restoring state from vegas_last_iter75.

Iteration 16:  76000000 integrand evaluations so far
[1] -0.00348156 +- 1.10052e-06  	chisq 12.2117 (15 df)

Saving state to vegas_last_iter75.
Vegas input parameters:
  ndim 11
  ncomp 1
  epsrel 0
  epsabs 0
  flags 291
  seed 1386
  mineval 1
  maxeval 1
  nstart 1000000
  nincrease 500000
  nbatch 1000
  gridno 1
  statefile "vegas_last_iter75"

Restoring state from vegas_last_iter75.

Iteration 17:  85000000 integrand evaluations so far
[1] -0.00348216 +- 1.03634e-06  	chisq 14.8471 (16 df)

Saving state to vegas_last_iter75.
Vegas input parameters:
  ndim 11
  ncomp 1
  epsrel 0
  epsabs 0
  flags 291
  seed 1461
  mineval 1
  maxeval 1
  nstart 1000000
  nincrease 500000
  nbatch 1000
  gridno 1
  statefile "vegas_last_iter75"

Restoring state from vegas_last_iter75.

Iteration 18:  94500000 integrand evaluations so far
[1] -0.00348264 +- 9.79931e-07  	chisq 16.8858 (17 df)

Saving state to vegas_last_iter75.
Vegas input parameters:
  ndim 11
  ncomp 1
  epsrel 0
  epsabs 0
  flags 291
  seed 1536
  mineval 1
  maxeval 1
  nstart 1000000
  nincrease 500000
  nbatch 1000
  gridno 1
  statefile "vegas_last_iter75"

Restoring state from vegas_last_iter75.

Iteration 19:  104500000 integrand evaluations so far
[1] -0.00348275 +- 9.29169e-07  	chisq 17.0011 (18 df)

Saving state to vegas_last_iter75.
Vegas input parameters:
  ndim 11
  ncomp 1
  epsrel 0
  epsabs 0
  flags 291
  seed 1611
  mineval 1
  maxeval 1
  nstart 1000000
  nincrease 500000
  nbatch 1000
  gridno 1
  statefile "vegas_last_iter75"

Restoring state from vegas_last_iter75.

Iteration 20:  115000000 integrand evaluations so far
[1] -0.00348274 +- 8.83476e-07  	chisq 17.0018 (19 df)

Saving state to vegas_last_iter75.
Vegas input parameters:
  ndim 11
  ncomp 1
  epsrel 0
  epsabs 0
  flags 291
  seed 1686
  mineval 1
  maxeval 1
  nstart 1000000
  nincrease 500000
  nbatch 1000
  gridno 1
  statefile "vegas_last_iter75"

Restoring state from vegas_last_iter75.

Iteration 21:  126000000 integrand evaluations so far
[1] -0.00348243 +- 8.42288e-07  	chisq 18.3472 (20 df)

Saving state to vegas_last_iter75.
Vegas input parameters:
  ndim 11
  ncomp 1
  epsrel 0
  epsabs 0
  flags 291
  seed 1761
  mineval 1
  maxeval 1
  nstart 1000000
  nincrease 500000
  nbatch 1000
  gridno 1
  statefile "vegas_last_iter75"

Restoring state from vegas_last_iter75.

Iteration 22:  137500000 integrand evaluations so far
[1] -0.00348224 +- 8.04896e-07  	chisq 18.9695 (21 df)

Saving state to vegas_last_iter75.
Vegas input parameters:
  ndim 11
  ncomp 1
  epsrel 0
  epsabs 0
  flags 291
  seed 1836
  mineval 1
  maxeval 1
  nstart 1000000
  nincrease 500000
  nbatch 1000
  gridno 1
  statefile "vegas_last_iter75"

Restoring state from vegas_last_iter75.

Iteration 23:  149500000 integrand evaluations so far
[1] -0.00348235 +- 7.70517e-07  	chisq 19.2334 (22 df)

Saving state to vegas_last_iter75.
Vegas input parameters:
  ndim 11
  ncomp 1
  epsrel 0
  epsabs 0
  flags 291
  seed 1911
  mineval 1
  maxeval 1
  nstart 1000000
  nincrease 500000
  nbatch 1000
  gridno 1
  statefile "vegas_last_iter75"

Restoring state from vegas_last_iter75.

Iteration 24:  162000000 integrand evaluations so far
[1] -0.00348228 +- 7.39093e-07  	chisq 19.3664 (23 df)

Saving state to vegas_last_iter75.
Vegas input parameters:
  ndim 11
  ncomp 1
  epsrel 0
  epsabs 0
  flags 291
  seed 1986
  mineval 1
  maxeval 1
  nstart 1000000
  nincrease 500000
  nbatch 1000
  gridno 1
  statefile "vegas_last_iter75"

Restoring state from vegas_last_iter75.

Iteration 25:  175000000 integrand evaluations so far
[1] -0.00348207 +- 7.10134e-07  	chisq 20.3713 (24 df)

Saving state to vegas_last_iter75.
Vegas input parameters:
  ndim 11
  ncomp 1
  epsrel 0
  epsabs 0
  flags 291
  seed 2061
  mineval 1
  maxeval 1
  nstart 1000000
  nincrease 500000
  nbatch 1000
  gridno 1
  statefile "vegas_last_iter75"

Restoring state from vegas_last_iter75.

Iteration 26:  188500000 integrand evaluations so far
[1] -0.00348207 +- 6.83739e-07  	chisq 20.3715 (25 df)

Saving state to vegas_last_iter75.
Vegas input parameters:
  ndim 11
  ncomp 1
  epsrel 0
  epsabs 0
  flags 291
  seed 2136
  mineval 1
  maxeval 1
  nstart 1000000
  nincrease 500000
  nbatch 1000
  gridno 1
  statefile "vegas_last_iter75"

Restoring state from vegas_last_iter75.

Iteration 27:  202500000 integrand evaluations so far
[1] -0.00348196 +- 6.58915e-07  	chisq 20.7392 (26 df)

Saving state to vegas_last_iter75.
Thanks for using LHAPDF 6.3.0. Please make sure to cite the paper:
  Eur.Phys.J. C75 (2015) 3, 132  (http://arxiv.org/abs/1412.7420)
 method   =Vegas  
 nregions =           1
 neval    =   202500000
 fail     =           1
 -0.348196161329E-02 +-   0.658915426257E-06   p =    0.202
