/var/lib/condor/execute/dir_15495
LHAPDF 6.3.0 loading /home/taebh/2021_Research/share/LHAPDF/NNPDF31_nnlo_as_0118_mc_hessian_pdfas/NNPDF31_nnlo_as_0118_mc_hessian_pdfas_0000.dat
NNPDF31_nnlo_as_0118_mc_hessian_pdfas PDF set, member #0, version 1
Vegas input parameters:
  ndim 11
  ncomp 1
  epsrel 0
  epsabs 0
  flags 291
  seed 130
  mineval 1
  maxeval 1
  nstart 1000000
  nincrease 500000
  nbatch 1000
  gridno 1
  statefile "vegas_last_iter19"

Iteration 1:  1000000 integrand evaluations so far
[1] -3.66215e-05 +- 4.60401e-07  	chisq 0 (0 df)

Saving state to vegas_last_iter19.
Vegas input parameters:
  ndim 11
  ncomp 1
  epsrel 0
  epsabs 0
  flags 291
  seed 149
  mineval 1
  maxeval 1
  nstart 1000000
  nincrease 500000
  nbatch 1000
  gridno 1
  statefile "vegas_last_iter19"

Restoring state from vegas_last_iter19.

Iteration 2:  2500000 integrand evaluations so far
[1] -3.67842e-05 +- 1.57546e-07  	chisq 0.141479 (1 df)

Saving state to vegas_last_iter19.
Vegas input parameters:
  ndim 11
  ncomp 1
  epsrel 0
  epsabs 0
  flags 291
  seed 168
  mineval 1
  maxeval 1
  nstart 1000000
  nincrease 500000
  nbatch 1000
  gridno 1
  statefile "vegas_last_iter19"

Restoring state from vegas_last_iter19.

Iteration 3:  4500000 integrand evaluations so far
[1] -3.69102e-05 +- 7.47316e-08  	chisq 0.965892 (2 df)

Saving state to vegas_last_iter19.
Vegas input parameters:
  ndim 11
  ncomp 1
  epsrel 0
  epsabs 0
  flags 291
  seed 187
  mineval 1
  maxeval 1
  nstart 1000000
  nincrease 500000
  nbatch 1000
  gridno 1
  statefile "vegas_last_iter19"

Restoring state from vegas_last_iter19.

Iteration 4:  7000000 integrand evaluations so far
[1] -3.68982e-05 +- 4.22741e-08  	chisq 1.00351 (3 df)

Saving state to vegas_last_iter19.
Vegas input parameters:
  ndim 11
  ncomp 1
  epsrel 0
  epsabs 0
  flags 291
  seed 206
  mineval 1
  maxeval 1
  nstart 1000000
  nincrease 500000
  nbatch 1000
  gridno 1
  statefile "vegas_last_iter19"

Restoring state from vegas_last_iter19.

Iteration 5:  10000000 integrand evaluations so far
[1] -3.69276e-05 +- 2.70776e-08  	chisq 1.82114 (4 df)

Saving state to vegas_last_iter19.
Vegas input parameters:
  ndim 11
  ncomp 1
  epsrel 0
  epsabs 0
  flags 291
  seed 225
  mineval 1
  maxeval 1
  nstart 1000000
  nincrease 500000
  nbatch 1000
  gridno 1
  statefile "vegas_last_iter19"

Restoring state from vegas_last_iter19.

Iteration 6:  13500000 integrand evaluations so far
[1] -3.69445e-05 +- 1.98961e-08  	chisq 2.67132 (5 df)

Saving state to vegas_last_iter19.
Vegas input parameters:
  ndim 11
  ncomp 1
  epsrel 0
  epsabs 0
  flags 291
  seed 244
  mineval 1
  maxeval 1
  nstart 1000000
  nincrease 500000
  nbatch 1000
  gridno 1
  statefile "vegas_last_iter19"

Restoring state from vegas_last_iter19.

Iteration 7:  17500000 integrand evaluations so far
[1] -3.69612e-05 +- 1.58305e-08  	chisq 4.59345 (6 df)

Saving state to vegas_last_iter19.
Vegas input parameters:
  ndim 11
  ncomp 1
  epsrel 0
  epsabs 0
  flags 291
  seed 263
  mineval 1
  maxeval 1
  nstart 1000000
  nincrease 500000
  nbatch 1000
  gridno 1
  statefile "vegas_last_iter19"

Restoring state from vegas_last_iter19.

Iteration 8:  22000000 integrand evaluations so far
[1] -3.69715e-05 +- 1.32439e-08  	chisq 5.98961 (7 df)

Saving state to vegas_last_iter19.
Vegas input parameters:
  ndim 11
  ncomp 1
  epsrel 0
  epsabs 0
  flags 291
  seed 282
  mineval 1
  maxeval 1
  nstart 1000000
  nincrease 500000
  nbatch 1000
  gridno 1
  statefile "vegas_last_iter19"

Restoring state from vegas_last_iter19.

Iteration 9:  27000000 integrand evaluations so far
[1] -3.69791e-05 +- 1.14315e-08  	chisq 7.28663 (8 df)

Saving state to vegas_last_iter19.
Vegas input parameters:
  ndim 11
  ncomp 1
  epsrel 0
  epsabs 0
  flags 291
  seed 301
  mineval 1
  maxeval 1
  nstart 1000000
  nincrease 500000
  nbatch 1000
  gridno 1
  statefile "vegas_last_iter19"

Restoring state from vegas_last_iter19.

Iteration 10:  32500000 integrand evaluations so far
[1] -3.69753e-05 +- 1.00871e-08  	chisq 7.78853 (9 df)

Saving state to vegas_last_iter19.
Vegas input parameters:
  ndim 11
  ncomp 1
  epsrel 0
  epsabs 0
  flags 291
  seed 320
  mineval 1
  maxeval 1
  nstart 1000000
  nincrease 500000
  nbatch 1000
  gridno 1
  statefile "vegas_last_iter19"

Restoring state from vegas_last_iter19.

Iteration 11:  38500000 integrand evaluations so far
[1] -3.698e-05 +- 9.04608e-09  	chisq 8.92662 (10 df)

Saving state to vegas_last_iter19.
Vegas input parameters:
  ndim 11
  ncomp 1
  epsrel 0
  epsabs 0
  flags 291
  seed 339
  mineval 1
  maxeval 1
  nstart 1000000
  nincrease 500000
  nbatch 1000
  gridno 1
  statefile "vegas_last_iter19"

Restoring state from vegas_last_iter19.

Iteration 12:  45000000 integrand evaluations so far
[1] -3.69764e-05 +- 8.21569e-09  	chisq 9.8194 (11 df)

Saving state to vegas_last_iter19.
Vegas input parameters:
  ndim 11
  ncomp 1
  epsrel 0
  epsabs 0
  flags 291
  seed 358
  mineval 1
  maxeval 1
  nstart 1000000
  nincrease 500000
  nbatch 1000
  gridno 1
  statefile "vegas_last_iter19"

Restoring state from vegas_last_iter19.

Iteration 13:  52000000 integrand evaluations so far
[1] -3.69755e-05 +- 7.5359e-09  	chisq 9.90663 (12 df)

Saving state to vegas_last_iter19.
Vegas input parameters:
  ndim 11
  ncomp 1
  epsrel 0
  epsabs 0
  flags 291
  seed 377
  mineval 1
  maxeval 1
  nstart 1000000
  nincrease 500000
  nbatch 1000
  gridno 1
  statefile "vegas_last_iter19"

Restoring state from vegas_last_iter19.

Iteration 14:  59500000 integrand evaluations so far
[1] -3.69811e-05 +- 6.96477e-09  	chisq 13.7617 (13 df)

Saving state to vegas_last_iter19.
Vegas input parameters:
  ndim 11
  ncomp 1
  epsrel 0
  epsabs 0
  flags 291
  seed 396
  mineval 1
  maxeval 1
  nstart 1000000
  nincrease 500000
  nbatch 1000
  gridno 1
  statefile "vegas_last_iter19"

Restoring state from vegas_last_iter19.

Iteration 15:  67500000 integrand evaluations so far
[1] -3.69806e-05 +- 6.47874e-09  	chisq 13.8034 (14 df)

Saving state to vegas_last_iter19.
Vegas input parameters:
  ndim 11
  ncomp 1
  epsrel 0
  epsabs 0
  flags 291
  seed 415
  mineval 1
  maxeval 1
  nstart 1000000
  nincrease 500000
  nbatch 1000
  gridno 1
  statefile "vegas_last_iter19"

Restoring state from vegas_last_iter19.

Iteration 16:  76000000 integrand evaluations so far
[1] -3.69811e-05 +- 6.05953e-09  	chisq 13.8431 (15 df)

Saving state to vegas_last_iter19.
Vegas input parameters:
  ndim 11
  ncomp 1
  epsrel 0
  epsabs 0
  flags 291
  seed 434
  mineval 1
  maxeval 1
  nstart 1000000
  nincrease 500000
  nbatch 1000
  gridno 1
  statefile "vegas_last_iter19"

Restoring state from vegas_last_iter19.

Iteration 17:  85000000 integrand evaluations so far
[1] -3.69816e-05 +- 5.69269e-09  	chisq 13.9079 (16 df)

Saving state to vegas_last_iter19.
Vegas input parameters:
  ndim 11
  ncomp 1
  epsrel 0
  epsabs 0
  flags 291
  seed 453
  mineval 1
  maxeval 1
  nstart 1000000
  nincrease 500000
  nbatch 1000
  gridno 1
  statefile "vegas_last_iter19"

Restoring state from vegas_last_iter19.

Iteration 18:  94500000 integrand evaluations so far
[1] -3.69821e-05 +- 5.36986e-09  	chisq 13.9948 (17 df)

Saving state to vegas_last_iter19.
Vegas input parameters:
  ndim 11
  ncomp 1
  epsrel 0
  epsabs 0
  flags 291
  seed 472
  mineval 1
  maxeval 1
  nstart 1000000
  nincrease 500000
  nbatch 1000
  gridno 1
  statefile "vegas_last_iter19"

Restoring state from vegas_last_iter19.

Iteration 19:  104500000 integrand evaluations so far
[1] -3.69871e-05 +- 5.08352e-09  	chisq 22.2131 (18 df)

Saving state to vegas_last_iter19.
Vegas input parameters:
  ndim 11
  ncomp 1
  epsrel 0
  epsabs 0
  flags 291
  seed 491
  mineval 1
  maxeval 1
  nstart 1000000
  nincrease 500000
  nbatch 1000
  gridno 1
  statefile "vegas_last_iter19"

Restoring state from vegas_last_iter19.

Iteration 20:  115000000 integrand evaluations so far
[1] -3.69909e-05 +- 4.82757e-09  	chisq 27.8743 (19 df)

Saving state to vegas_last_iter19.
Vegas input parameters:
  ndim 11
  ncomp 1
  epsrel 0
  epsabs 0
  flags 291
  seed 510
  mineval 1
  maxeval 1
  nstart 1000000
  nincrease 500000
  nbatch 1000
  gridno 1
  statefile "vegas_last_iter19"

Restoring state from vegas_last_iter19.

Iteration 21:  126000000 integrand evaluations so far
[1] -3.69917e-05 +- 4.59638e-09  	chisq 28.1966 (20 df)

Saving state to vegas_last_iter19.
Vegas input parameters:
  ndim 11
  ncomp 1
  epsrel 0
  epsabs 0
  flags 291
  seed 529
  mineval 1
  maxeval 1
  nstart 1000000
  nincrease 500000
  nbatch 1000
  gridno 1
  statefile "vegas_last_iter19"

Restoring state from vegas_last_iter19.

Iteration 22:  137500000 integrand evaluations so far
[1] -3.69918e-05 +- 4.38791e-09  	chisq 28.2037 (21 df)

Saving state to vegas_last_iter19.
Vegas input parameters:
  ndim 11
  ncomp 1
  epsrel 0
  epsabs 0
  flags 291
  seed 548
  mineval 1
  maxeval 1
  nstart 1000000
  nincrease 500000
  nbatch 1000
  gridno 1
  statefile "vegas_last_iter19"

Restoring state from vegas_last_iter19.

Iteration 23:  149500000 integrand evaluations so far
[1] -3.69933e-05 +- 4.19763e-09  	chisq 29.5367 (22 df)

Saving state to vegas_last_iter19.
Vegas input parameters:
  ndim 11
  ncomp 1
  epsrel 0
  epsabs 0
  flags 291
  seed 567
  mineval 1
  maxeval 1
  nstart 1000000
  nincrease 500000
  nbatch 1000
  gridno 1
  statefile "vegas_last_iter19"

Restoring state from vegas_last_iter19.

Iteration 24:  162000000 integrand evaluations so far
[1] -3.69939e-05 +- 4.02288e-09  	chisq 29.7664 (23 df)

Saving state to vegas_last_iter19.
Vegas input parameters:
  ndim 11
  ncomp 1
  epsrel 0
  epsabs 0
  flags 291
  seed 586
  mineval 1
  maxeval 1
  nstart 1000000
  nincrease 500000
  nbatch 1000
  gridno 1
  statefile "vegas_last_iter19"

Restoring state from vegas_last_iter19.

Iteration 25:  175000000 integrand evaluations so far
[1] -3.69941e-05 +- 3.86295e-09  	chisq 29.8105 (24 df)

Saving state to vegas_last_iter19.
Vegas input parameters:
  ndim 11
  ncomp 1
  epsrel 0
  epsabs 0
  flags 291
  seed 605
  mineval 1
  maxeval 1
  nstart 1000000
  nincrease 500000
  nbatch 1000
  gridno 1
  statefile "vegas_last_iter19"

Restoring state from vegas_last_iter19.

Iteration 26:  188500000 integrand evaluations so far
[1] -3.69927e-05 +- 3.71537e-09  	chisq 31.6852 (25 df)

Saving state to vegas_last_iter19.
Vegas input parameters:
  ndim 11
  ncomp 1
  epsrel 0
  epsabs 0
  flags 291
  seed 624
  mineval 1
  maxeval 1
  nstart 1000000
  nincrease 500000
  nbatch 1000
  gridno 1
  statefile "vegas_last_iter19"

Restoring state from vegas_last_iter19.

Iteration 27:  202500000 integrand evaluations so far
[1] -3.69928e-05 +- 3.57895e-09  	chisq 31.6958 (26 df)

Saving state to vegas_last_iter19.
Thanks for using LHAPDF 6.3.0. Please make sure to cite the paper:
  Eur.Phys.J. C75 (2015) 3, 132  (http://arxiv.org/abs/1412.7420)
 method   =Vegas  
 nregions =           1
 neval    =   202500000
 fail     =           1
 -0.369927901711E-04 +-   0.357894835017E-08   p =    0.756
