/var/lib/condor/execute/dir_56039
LHAPDF 6.3.0 loading /home/taebh/2021_Research/share/LHAPDF/NNPDF31_nnlo_as_0118_mc_hessian_pdfas/NNPDF31_nnlo_as_0118_mc_hessian_pdfas_0000.dat
NNPDF31_nnlo_as_0118_mc_hessian_pdfas PDF set, member #0, version 1
Vegas input parameters:
  ndim 11
  ncomp 1
  epsrel 0
  epsabs 0
  flags 291
  seed 205
  mineval 1
  maxeval 1
  nstart 1000000
  nincrease 500000
  nbatch 1000
  gridno 1
  statefile "vegas_last_iter94"

Iteration 1:  1000000 integrand evaluations so far
[1] -0.0581651 +- 0.000432558  	chisq 0 (0 df)

Saving state to vegas_last_iter94.
Vegas input parameters:
  ndim 11
  ncomp 1
  epsrel 0
  epsabs 0
  flags 291
  seed 299
  mineval 1
  maxeval 1
  nstart 1000000
  nincrease 500000
  nbatch 1000
  gridno 1
  statefile "vegas_last_iter94"

Restoring state from vegas_last_iter94.

Iteration 2:  2500000 integrand evaluations so far
[1] -0.0582488 +- 0.000158417  	chisq 0.0432508 (1 df)

Saving state to vegas_last_iter94.
Vegas input parameters:
  ndim 11
  ncomp 1
  epsrel 0
  epsabs 0
  flags 291
  seed 393
  mineval 1
  maxeval 1
  nstart 1000000
  nincrease 500000
  nbatch 1000
  gridno 1
  statefile "vegas_last_iter94"

Restoring state from vegas_last_iter94.

Iteration 3:  4500000 integrand evaluations so far
[1] -0.0582831 +- 9.19638e-05  	chisq 0.113855 (2 df)

Saving state to vegas_last_iter94.
Vegas input parameters:
  ndim 11
  ncomp 1
  epsrel 0
  epsabs 0
  flags 291
  seed 487
  mineval 1
  maxeval 1
  nstart 1000000
  nincrease 500000
  nbatch 1000
  gridno 1
  statefile "vegas_last_iter94"

Restoring state from vegas_last_iter94.

Iteration 4:  7000000 integrand evaluations so far
[1] -0.058301 +- 6.12202e-05  	chisq 0.181611 (3 df)

Saving state to vegas_last_iter94.
Vegas input parameters:
  ndim 11
  ncomp 1
  epsrel 0
  epsabs 0
  flags 291
  seed 581
  mineval 1
  maxeval 1
  nstart 1000000
  nincrease 500000
  nbatch 1000
  gridno 1
  statefile "vegas_last_iter94"

Restoring state from vegas_last_iter94.

Iteration 5:  10000000 integrand evaluations so far
[1] -0.0583715 +- 4.45494e-05  	chisq 3.00712 (4 df)

Saving state to vegas_last_iter94.
Vegas input parameters:
  ndim 11
  ncomp 1
  epsrel 0
  epsabs 0
  flags 291
  seed 675
  mineval 1
  maxeval 1
  nstart 1000000
  nincrease 500000
  nbatch 1000
  gridno 1
  statefile "vegas_last_iter94"

Restoring state from vegas_last_iter94.

Iteration 6:  13500000 integrand evaluations so far
[1] -0.0583685 +- 3.50815e-05  	chisq 3.01913 (5 df)

Saving state to vegas_last_iter94.
Vegas input parameters:
  ndim 11
  ncomp 1
  epsrel 0
  epsabs 0
  flags 291
  seed 769
  mineval 1
  maxeval 1
  nstart 1000000
  nincrease 500000
  nbatch 1000
  gridno 1
  statefile "vegas_last_iter94"

Restoring state from vegas_last_iter94.

Iteration 7:  17500000 integrand evaluations so far
[1] -0.0583524 +- 2.91083e-05  	chisq 3.69556 (6 df)

Saving state to vegas_last_iter94.
Vegas input parameters:
  ndim 11
  ncomp 1
  epsrel 0
  epsabs 0
  flags 291
  seed 863
  mineval 1
  maxeval 1
  nstart 1000000
  nincrease 500000
  nbatch 1000
  gridno 1
  statefile "vegas_last_iter94"

Restoring state from vegas_last_iter94.

Iteration 8:  22000000 integrand evaluations so far
[1] -0.058361 +- 2.50393e-05  	chisq 4.02808 (7 df)

Saving state to vegas_last_iter94.
Vegas input parameters:
  ndim 11
  ncomp 1
  epsrel 0
  epsabs 0
  flags 291
  seed 957
  mineval 1
  maxeval 1
  nstart 1000000
  nincrease 500000
  nbatch 1000
  gridno 1
  statefile "vegas_last_iter94"

Restoring state from vegas_last_iter94.

Iteration 9:  27000000 integrand evaluations so far
[1] -0.0583527 +- 2.20535e-05  	chisq 4.51579 (8 df)

Saving state to vegas_last_iter94.
Vegas input parameters:
  ndim 11
  ncomp 1
  epsrel 0
  epsabs 0
  flags 291
  seed 1051
  mineval 1
  maxeval 1
  nstart 1000000
  nincrease 500000
  nbatch 1000
  gridno 1
  statefile "vegas_last_iter94"

Restoring state from vegas_last_iter94.

Iteration 10:  32500000 integrand evaluations so far
[1] -0.0583394 +- 1.97385e-05  	chisq 6.35462 (9 df)

Saving state to vegas_last_iter94.
Vegas input parameters:
  ndim 11
  ncomp 1
  epsrel 0
  epsabs 0
  flags 291
  seed 1145
  mineval 1
  maxeval 1
  nstart 1000000
  nincrease 500000
  nbatch 1000
  gridno 1
  statefile "vegas_last_iter94"

Restoring state from vegas_last_iter94.

Iteration 11:  38500000 integrand evaluations so far
[1] -0.0583356 +- 1.78919e-05  	chisq 6.56266 (10 df)

Saving state to vegas_last_iter94.
Vegas input parameters:
  ndim 11
  ncomp 1
  epsrel 0
  epsabs 0
  flags 291
  seed 1239
  mineval 1
  maxeval 1
  nstart 1000000
  nincrease 500000
  nbatch 1000
  gridno 1
  statefile "vegas_last_iter94"

Restoring state from vegas_last_iter94.

Iteration 12:  45000000 integrand evaluations so far
[1] -0.058322 +- 1.63741e-05  	chisq 10.1133 (11 df)

Saving state to vegas_last_iter94.
Vegas input parameters:
  ndim 11
  ncomp 1
  epsrel 0
  epsabs 0
  flags 291
  seed 1333
  mineval 1
  maxeval 1
  nstart 1000000
  nincrease 500000
  nbatch 1000
  gridno 1
  statefile "vegas_last_iter94"

Restoring state from vegas_last_iter94.

Iteration 13:  52000000 integrand evaluations so far
[1] -0.0583261 +- 1.51166e-05  	chisq 10.5456 (12 df)

Saving state to vegas_last_iter94.
Vegas input parameters:
  ndim 11
  ncomp 1
  epsrel 0
  epsabs 0
  flags 291
  seed 1427
  mineval 1
  maxeval 1
  nstart 1000000
  nincrease 500000
  nbatch 1000
  gridno 1
  statefile "vegas_last_iter94"

Restoring state from vegas_last_iter94.

Iteration 14:  59500000 integrand evaluations so far
[1] -0.0583238 +- 1.40393e-05  	chisq 10.7086 (13 df)

Saving state to vegas_last_iter94.
Vegas input parameters:
  ndim 11
  ncomp 1
  epsrel 0
  epsabs 0
  flags 291
  seed 1521
  mineval 1
  maxeval 1
  nstart 1000000
  nincrease 500000
  nbatch 1000
  gridno 1
  statefile "vegas_last_iter94"

Restoring state from vegas_last_iter94.

Iteration 15:  67500000 integrand evaluations so far
[1] -0.0583169 +- 1.31055e-05  	chisq 12.6089 (14 df)

Saving state to vegas_last_iter94.
Vegas input parameters:
  ndim 11
  ncomp 1
  epsrel 0
  epsabs 0
  flags 291
  seed 1615
  mineval 1
  maxeval 1
  nstart 1000000
  nincrease 500000
  nbatch 1000
  gridno 1
  statefile "vegas_last_iter94"

Restoring state from vegas_last_iter94.

Iteration 16:  76000000 integrand evaluations so far
[1] -0.0583167 +- 1.22908e-05  	chisq 12.6106 (15 df)

Saving state to vegas_last_iter94.
Vegas input parameters:
  ndim 11
  ncomp 1
  epsrel 0
  epsabs 0
  flags 291
  seed 1709
  mineval 1
  maxeval 1
  nstart 1000000
  nincrease 500000
  nbatch 1000
  gridno 1
  statefile "vegas_last_iter94"

Restoring state from vegas_last_iter94.

Iteration 17:  85000000 integrand evaluations so far
[1] -0.0583186 +- 1.15789e-05  	chisq 12.8186 (16 df)

Saving state to vegas_last_iter94.
Vegas input parameters:
  ndim 11
  ncomp 1
  epsrel 0
  epsabs 0
  flags 291
  seed 1803
  mineval 1
  maxeval 1
  nstart 1000000
  nincrease 500000
  nbatch 1000
  gridno 1
  statefile "vegas_last_iter94"

Restoring state from vegas_last_iter94.

Iteration 18:  94500000 integrand evaluations so far
[1] -0.0583224 +- 1.09447e-05  	chisq 13.8478 (17 df)

Saving state to vegas_last_iter94.
Vegas input parameters:
  ndim 11
  ncomp 1
  epsrel 0
  epsabs 0
  flags 291
  seed 1897
  mineval 1
  maxeval 1
  nstart 1000000
  nincrease 500000
  nbatch 1000
  gridno 1
  statefile "vegas_last_iter94"

Restoring state from vegas_last_iter94.

Iteration 19:  104500000 integrand evaluations so far
[1] -0.0583246 +- 1.03784e-05  	chisq 14.2533 (18 df)

Saving state to vegas_last_iter94.
Vegas input parameters:
  ndim 11
  ncomp 1
  epsrel 0
  epsabs 0
  flags 291
  seed 1991
  mineval 1
  maxeval 1
  nstart 1000000
  nincrease 500000
  nbatch 1000
  gridno 1
  statefile "vegas_last_iter94"

Restoring state from vegas_last_iter94.

Iteration 20:  115000000 integrand evaluations so far
[1] -0.058322 +- 9.8678e-06  	chisq 14.9403 (19 df)

Saving state to vegas_last_iter94.
Vegas input parameters:
  ndim 11
  ncomp 1
  epsrel 0
  epsabs 0
  flags 291
  seed 2085
  mineval 1
  maxeval 1
  nstart 1000000
  nincrease 500000
  nbatch 1000
  gridno 1
  statefile "vegas_last_iter94"

Restoring state from vegas_last_iter94.

Iteration 21:  126000000 integrand evaluations so far
[1] -0.0583307 +- 9.40627e-06  	chisq 23.53 (20 df)

Saving state to vegas_last_iter94.
Vegas input parameters:
  ndim 11
  ncomp 1
  epsrel 0
  epsabs 0
  flags 291
  seed 2179
  mineval 1
  maxeval 1
  nstart 1000000
  nincrease 500000
  nbatch 1000
  gridno 1
  statefile "vegas_last_iter94"

Restoring state from vegas_last_iter94.

Iteration 22:  137500000 integrand evaluations so far
[1] -0.0583283 +- 8.9869e-06  	chisq 24.2701 (21 df)

Saving state to vegas_last_iter94.
Vegas input parameters:
  ndim 11
  ncomp 1
  epsrel 0
  epsabs 0
  flags 291
  seed 2273
  mineval 1
  maxeval 1
  nstart 1000000
  nincrease 500000
  nbatch 1000
  gridno 1
  statefile "vegas_last_iter94"

Restoring state from vegas_last_iter94.

Iteration 23:  149500000 integrand evaluations so far
[1] -0.0583268 +- 8.6033e-06  	chisq 24.5987 (22 df)

Saving state to vegas_last_iter94.
Vegas input parameters:
  ndim 11
  ncomp 1
  epsrel 0
  epsabs 0
  flags 291
  seed 2367
  mineval 1
  maxeval 1
  nstart 1000000
  nincrease 500000
  nbatch 1000
  gridno 1
  statefile "vegas_last_iter94"

Restoring state from vegas_last_iter94.

Iteration 24:  162000000 integrand evaluations so far
[1] -0.0583292 +- 8.25184e-06  	chisq 25.5355 (23 df)

Saving state to vegas_last_iter94.
Vegas input parameters:
  ndim 11
  ncomp 1
  epsrel 0
  epsabs 0
  flags 291
  seed 2461
  mineval 1
  maxeval 1
  nstart 1000000
  nincrease 500000
  nbatch 1000
  gridno 1
  statefile "vegas_last_iter94"

Restoring state from vegas_last_iter94.

Iteration 25:  175000000 integrand evaluations so far
[1] -0.05833 +- 7.92987e-06  	chisq 25.6728 (24 df)

Saving state to vegas_last_iter94.
Vegas input parameters:
  ndim 11
  ncomp 1
  epsrel 0
  epsabs 0
  flags 291
  seed 2555
  mineval 1
  maxeval 1
  nstart 1000000
  nincrease 500000
  nbatch 1000
  gridno 1
  statefile "vegas_last_iter94"

Restoring state from vegas_last_iter94.

Iteration 26:  188500000 integrand evaluations so far
[1] -0.0583296 +- 7.63142e-06  	chisq 25.7166 (25 df)

Saving state to vegas_last_iter94.
Vegas input parameters:
  ndim 11
  ncomp 1
  epsrel 0
  epsabs 0
  flags 291
  seed 2649
  mineval 1
  maxeval 1
  nstart 1000000
  nincrease 500000
  nbatch 1000
  gridno 1
  statefile "vegas_last_iter94"

Restoring state from vegas_last_iter94.

Iteration 27:  202500000 integrand evaluations so far
[1] -0.0583234 +- 7.35477e-06  	chisq 34.8498 (26 df)

Saving state to vegas_last_iter94.
Thanks for using LHAPDF 6.3.0. Please make sure to cite the paper:
  Eur.Phys.J. C75 (2015) 3, 132  (http://arxiv.org/abs/1412.7420)
 method   =Vegas  
 nregions =           1
 neval    =   202500000
 fail     =           1
 -0.583234373063E-01 +-   0.735476569286E-05   p =    0.857
