/var/lib/condor/execute/dir_3416
LHAPDF 6.3.0 loading /home/taebh/2021_Research/share/LHAPDF/NNPDF31_nnlo_as_0118_mc_hessian_pdfas/NNPDF31_nnlo_as_0118_mc_hessian_pdfas_0000.dat
NNPDF31_nnlo_as_0118_mc_hessian_pdfas PDF set, member #0, version 1
Vegas input parameters:
  ndim 11
  ncomp 1
  epsrel 0
  epsabs 0
  flags 291
  seed 261
  mineval 1
  maxeval 1
  nstart 1000000
  nincrease 500000
  nbatch 1000
  gridno 1
  statefile "vegas_last_iter150"

Iteration 1:  1000000 integrand evaluations so far
[1] 0.00111695 +- 7.08285e-05  	chisq 0 (0 df)

Saving state to vegas_last_iter150.
Vegas input parameters:
  ndim 11
  ncomp 1
  epsrel 0
  epsabs 0
  flags 291
  seed 411
  mineval 1
  maxeval 1
  nstart 1000000
  nincrease 500000
  nbatch 1000
  gridno 1
  statefile "vegas_last_iter150"

Restoring state from vegas_last_iter150.

Iteration 2:  2500000 integrand evaluations so far
[1] 0.0011246 +- 5.08526e-05  	chisq 0.0240633 (1 df)

Saving state to vegas_last_iter150.
Vegas input parameters:
  ndim 11
  ncomp 1
  epsrel 0
  epsabs 0
  flags 291
  seed 561
  mineval 1
  maxeval 1
  nstart 1000000
  nincrease 500000
  nbatch 1000
  gridno 1
  statefile "vegas_last_iter150"

Restoring state from vegas_last_iter150.

Iteration 3:  4500000 integrand evaluations so far
[1] 0.00105524 +- 1.92318e-05  	chisq 2.19477 (2 df)

Saving state to vegas_last_iter150.
Vegas input parameters:
  ndim 11
  ncomp 1
  epsrel 0
  epsabs 0
  flags 291
  seed 711
  mineval 1
  maxeval 1
  nstart 1000000
  nincrease 500000
  nbatch 1000
  gridno 1
  statefile "vegas_last_iter150"

Restoring state from vegas_last_iter150.

Iteration 4:  7000000 integrand evaluations so far
[1] 0.00102207 +- 6.26742e-06  	chisq 5.5232 (3 df)

Saving state to vegas_last_iter150.
Vegas input parameters:
  ndim 11
  ncomp 1
  epsrel 0
  epsabs 0
  flags 291
  seed 861
  mineval 1
  maxeval 1
  nstart 1000000
  nincrease 500000
  nbatch 1000
  gridno 1
  statefile "vegas_last_iter150"

Restoring state from vegas_last_iter150.

Iteration 5:  10000000 integrand evaluations so far
[1] 0.00102128 +- 3.20749e-06  	chisq 5.54467 (4 df)

Saving state to vegas_last_iter150.
Vegas input parameters:
  ndim 11
  ncomp 1
  epsrel 0
  epsabs 0
  flags 291
  seed 1011
  mineval 1
  maxeval 1
  nstart 1000000
  nincrease 500000
  nbatch 1000
  gridno 1
  statefile "vegas_last_iter150"

Restoring state from vegas_last_iter150.

Iteration 6:  13500000 integrand evaluations so far
[1] 0.00101907 +- 2.11964e-06  	chisq 6.38505 (5 df)

Saving state to vegas_last_iter150.
Vegas input parameters:
  ndim 11
  ncomp 1
  epsrel 0
  epsabs 0
  flags 291
  seed 1161
  mineval 1
  maxeval 1
  nstart 1000000
  nincrease 500000
  nbatch 1000
  gridno 1
  statefile "vegas_last_iter150"

Restoring state from vegas_last_iter150.

Iteration 7:  17500000 integrand evaluations so far
[1] 0.00101925 +- 1.59784e-06  	chisq 6.4007 (6 df)

Saving state to vegas_last_iter150.
Vegas input parameters:
  ndim 11
  ncomp 1
  epsrel 0
  epsabs 0
  flags 291
  seed 1311
  mineval 1
  maxeval 1
  nstart 1000000
  nincrease 500000
  nbatch 1000
  gridno 1
  statefile "vegas_last_iter150"

Restoring state from vegas_last_iter150.

Iteration 8:  22000000 integrand evaluations so far
[1] 0.00101784 +- 1.2962e-06  	chisq 8.66476 (7 df)

Saving state to vegas_last_iter150.
Vegas input parameters:
  ndim 11
  ncomp 1
  epsrel 0
  epsabs 0
  flags 291
  seed 1461
  mineval 1
  maxeval 1
  nstart 1000000
  nincrease 500000
  nbatch 1000
  gridno 1
  statefile "vegas_last_iter150"

Restoring state from vegas_last_iter150.

Iteration 9:  27000000 integrand evaluations so far
[1] 0.00101939 +- 1.10135e-06  	chisq 13.7765 (8 df)

Saving state to vegas_last_iter150.
Vegas input parameters:
  ndim 11
  ncomp 1
  epsrel 0
  epsabs 0
  flags 291
  seed 1611
  mineval 1
  maxeval 1
  nstart 1000000
  nincrease 500000
  nbatch 1000
  gridno 1
  statefile "vegas_last_iter150"

Restoring state from vegas_last_iter150.

Iteration 10:  32500000 integrand evaluations so far
[1] 0.00101937 +- 9.62038e-07  	chisq 13.7777 (9 df)

Saving state to vegas_last_iter150.
Vegas input parameters:
  ndim 11
  ncomp 1
  epsrel 0
  epsabs 0
  flags 291
  seed 1761
  mineval 1
  maxeval 1
  nstart 1000000
  nincrease 500000
  nbatch 1000
  gridno 1
  statefile "vegas_last_iter150"

Restoring state from vegas_last_iter150.

Iteration 11:  38500000 integrand evaluations so far
[1] 0.00101943 +- 8.66756e-07  	chisq 13.7989 (10 df)

Saving state to vegas_last_iter150.
Vegas input parameters:
  ndim 11
  ncomp 1
  epsrel 0
  epsabs 0
  flags 291
  seed 1911
  mineval 1
  maxeval 1
  nstart 1000000
  nincrease 500000
  nbatch 1000
  gridno 1
  statefile "vegas_last_iter150"

Restoring state from vegas_last_iter150.

Iteration 12:  45000000 integrand evaluations so far
[1] 0.00101942 +- 7.88509e-07  	chisq 13.7993 (11 df)

Saving state to vegas_last_iter150.
Vegas input parameters:
  ndim 11
  ncomp 1
  epsrel 0
  epsabs 0
  flags 291
  seed 2061
  mineval 1
  maxeval 1
  nstart 1000000
  nincrease 500000
  nbatch 1000
  gridno 1
  statefile "vegas_last_iter150"

Restoring state from vegas_last_iter150.

Iteration 13:  52000000 integrand evaluations so far
[1] 0.00101956 +- 7.19643e-07  	chisq 13.9779 (12 df)

Saving state to vegas_last_iter150.
Vegas input parameters:
  ndim 11
  ncomp 1
  epsrel 0
  epsabs 0
  flags 291
  seed 2211
  mineval 1
  maxeval 1
  nstart 1000000
  nincrease 500000
  nbatch 1000
  gridno 1
  statefile "vegas_last_iter150"

Restoring state from vegas_last_iter150.

Iteration 14:  59500000 integrand evaluations so far
[1] 0.00101974 +- 6.62302e-07  	chisq 14.3884 (13 df)

Saving state to vegas_last_iter150.
Vegas input parameters:
  ndim 11
  ncomp 1
  epsrel 0
  epsabs 0
  flags 291
  seed 2361
  mineval 1
  maxeval 1
  nstart 1000000
  nincrease 500000
  nbatch 1000
  gridno 1
  statefile "vegas_last_iter150"

Restoring state from vegas_last_iter150.

Iteration 15:  67500000 integrand evaluations so far
[1] 0.00101969 +- 6.17961e-07  	chisq 14.4308 (14 df)

Saving state to vegas_last_iter150.
Vegas input parameters:
  ndim 11
  ncomp 1
  epsrel 0
  epsabs 0
  flags 291
  seed 2511
  mineval 1
  maxeval 1
  nstart 1000000
  nincrease 500000
  nbatch 1000
  gridno 1
  statefile "vegas_last_iter150"

Restoring state from vegas_last_iter150.

Iteration 16:  76000000 integrand evaluations so far
[1] 0.0010201 +- 5.78131e-07  	chisq 18.037 (15 df)

Saving state to vegas_last_iter150.
Vegas input parameters:
  ndim 11
  ncomp 1
  epsrel 0
  epsabs 0
  flags 291
  seed 2661
  mineval 1
  maxeval 1
  nstart 1000000
  nincrease 500000
  nbatch 1000
  gridno 1
  statefile "vegas_last_iter150"

Restoring state from vegas_last_iter150.

Iteration 17:  85000000 integrand evaluations so far
[1] 0.00102046 +- 5.41865e-07  	chisq 21.1979 (16 df)

Saving state to vegas_last_iter150.
Vegas input parameters:
  ndim 11
  ncomp 1
  epsrel 0
  epsabs 0
  flags 291
  seed 2811
  mineval 1
  maxeval 1
  nstart 1000000
  nincrease 500000
  nbatch 1000
  gridno 1
  statefile "vegas_last_iter150"

Restoring state from vegas_last_iter150.

Iteration 18:  94500000 integrand evaluations so far
[1] 0.0010206 +- 5.12508e-07  	chisq 21.7838 (17 df)

Saving state to vegas_last_iter150.
Vegas input parameters:
  ndim 11
  ncomp 1
  epsrel 0
  epsabs 0
  flags 291
  seed 2961
  mineval 1
  maxeval 1
  nstart 1000000
  nincrease 500000
  nbatch 1000
  gridno 1
  statefile "vegas_last_iter150"

Restoring state from vegas_last_iter150.

Iteration 19:  104500000 integrand evaluations so far
[1] 0.00102074 +- 4.85568e-07  	chisq 22.5808 (18 df)

Saving state to vegas_last_iter150.
Vegas input parameters:
  ndim 11
  ncomp 1
  epsrel 0
  epsabs 0
  flags 291
  seed 3111
  mineval 1
  maxeval 1
  nstart 1000000
  nincrease 500000
  nbatch 1000
  gridno 1
  statefile "vegas_last_iter150"

Restoring state from vegas_last_iter150.

Iteration 20:  115000000 integrand evaluations so far
[1] 0.0010206 +- 4.60196e-07  	chisq 23.4636 (19 df)

Saving state to vegas_last_iter150.
Vegas input parameters:
  ndim 11
  ncomp 1
  epsrel 0
  epsabs 0
  flags 291
  seed 3261
  mineval 1
  maxeval 1
  nstart 1000000
  nincrease 500000
  nbatch 1000
  gridno 1
  statefile "vegas_last_iter150"

Restoring state from vegas_last_iter150.

Iteration 21:  126000000 integrand evaluations so far
[1] 0.0010205 +- 4.37038e-07  	chisq 23.97 (20 df)

Saving state to vegas_last_iter150.
Vegas input parameters:
  ndim 11
  ncomp 1
  epsrel 0
  epsabs 0
  flags 291
  seed 3411
  mineval 1
  maxeval 1
  nstart 1000000
  nincrease 500000
  nbatch 1000
  gridno 1
  statefile "vegas_last_iter150"

Restoring state from vegas_last_iter150.

Iteration 22:  137500000 integrand evaluations so far
[1] 0.00102041 +- 4.16069e-07  	chisq 24.4136 (21 df)

Saving state to vegas_last_iter150.
Vegas input parameters:
  ndim 11
  ncomp 1
  epsrel 0
  epsabs 0
  flags 291
  seed 3561
  mineval 1
  maxeval 1
  nstart 1000000
  nincrease 500000
  nbatch 1000
  gridno 1
  statefile "vegas_last_iter150"

Restoring state from vegas_last_iter150.

Iteration 23:  149500000 integrand evaluations so far
[1] 0.00102025 +- 3.97197e-07  	chisq 26.0857 (22 df)

Saving state to vegas_last_iter150.
Vegas input parameters:
  ndim 11
  ncomp 1
  epsrel 0
  epsabs 0
  flags 291
  seed 3711
  mineval 1
  maxeval 1
  nstart 1000000
  nincrease 500000
  nbatch 1000
  gridno 1
  statefile "vegas_last_iter150"

Restoring state from vegas_last_iter150.

Iteration 24:  162000000 integrand evaluations so far
[1] 0.00102038 +- 3.80207e-07  	chisq 27.4144 (23 df)

Saving state to vegas_last_iter150.
Vegas input parameters:
  ndim 11
  ncomp 1
  epsrel 0
  epsabs 0
  flags 291
  seed 3861
  mineval 1
  maxeval 1
  nstart 1000000
  nincrease 500000
  nbatch 1000
  gridno 1
  statefile "vegas_last_iter150"

Restoring state from vegas_last_iter150.

Iteration 25:  175000000 integrand evaluations so far
[1] 0.00102024 +- 3.64445e-07  	chisq 28.9802 (24 df)

Saving state to vegas_last_iter150.
Vegas input parameters:
  ndim 11
  ncomp 1
  epsrel 0
  epsabs 0
  flags 291
  seed 4011
  mineval 1
  maxeval 1
  nstart 1000000
  nincrease 500000
  nbatch 1000
  gridno 1
  statefile "vegas_last_iter150"

Restoring state from vegas_last_iter150.

Iteration 26:  188500000 integrand evaluations so far
[1] 0.00102021 +- 3.50241e-07  	chisq 29.0941 (25 df)

Saving state to vegas_last_iter150.
Vegas input parameters:
  ndim 11
  ncomp 1
  epsrel 0
  epsabs 0
  flags 291
  seed 4161
  mineval 1
  maxeval 1
  nstart 1000000
  nincrease 500000
  nbatch 1000
  gridno 1
  statefile "vegas_last_iter150"

Restoring state from vegas_last_iter150.

Iteration 27:  202500000 integrand evaluations so far
[1] 0.00102006 +- 3.36978e-07  	chisq 31.5951 (26 df)

Saving state to vegas_last_iter150.
Thanks for using LHAPDF 6.3.0. Please make sure to cite the paper:
  Eur.Phys.J. C75 (2015) 3, 132  (http://arxiv.org/abs/1412.7420)
 method   =Vegas  
 nregions =           1
 neval    =   202500000
 fail     =           1
  0.102005835139E-02 +-   0.336978393042E-06   p =    0.753
