/var/lib/condor/execute/dir_56733
LHAPDF 6.3.0 loading /home/taebh/2021_Research/share/LHAPDF/NNPDF31_nnlo_as_0118_mc_hessian_pdfas/NNPDF31_nnlo_as_0118_mc_hessian_pdfas_0000.dat
NNPDF31_nnlo_as_0118_mc_hessian_pdfas PDF set, member #0, version 1
Vegas input parameters:
  ndim 11
  ncomp 1
  epsrel 0
  epsabs 0
  flags 291
  seed 215
  mineval 1
  maxeval 1
  nstart 1000000
  nincrease 500000
  nbatch 1000
  gridno 1
  statefile "vegas_last_iter104"

Iteration 1:  1000000 integrand evaluations so far
[1] 0.00154116 +- 0.000115571  	chisq 0 (0 df)

Saving state to vegas_last_iter104.
Vegas input parameters:
  ndim 11
  ncomp 1
  epsrel 0
  epsabs 0
  flags 291
  seed 319
  mineval 1
  maxeval 1
  nstart 1000000
  nincrease 500000
  nbatch 1000
  gridno 1
  statefile "vegas_last_iter104"

Restoring state from vegas_last_iter104.

Iteration 2:  2500000 integrand evaluations so far
[1] 0.001573 +- 0.000109605  	chisq 0.75428 (1 df)

Saving state to vegas_last_iter104.
Vegas input parameters:
  ndim 11
  ncomp 1
  epsrel 0
  epsabs 0
  flags 291
  seed 423
  mineval 1
  maxeval 1
  nstart 1000000
  nincrease 500000
  nbatch 1000
  gridno 1
  statefile "vegas_last_iter104"

Restoring state from vegas_last_iter104.

Iteration 3:  4500000 integrand evaluations so far
[1] 0.00160271 +- 2.75954e-05  	chisq 0.83275 (2 df)

Saving state to vegas_last_iter104.
Vegas input parameters:
  ndim 11
  ncomp 1
  epsrel 0
  epsabs 0
  flags 291
  seed 527
  mineval 1
  maxeval 1
  nstart 1000000
  nincrease 500000
  nbatch 1000
  gridno 1
  statefile "vegas_last_iter104"

Restoring state from vegas_last_iter104.

Iteration 4:  7000000 integrand evaluations so far
[1] 0.00159028 +- 5.24055e-06  	chisq 1.04322 (3 df)

Saving state to vegas_last_iter104.
Vegas input parameters:
  ndim 11
  ncomp 1
  epsrel 0
  epsabs 0
  flags 291
  seed 631
  mineval 1
  maxeval 1
  nstart 1000000
  nincrease 500000
  nbatch 1000
  gridno 1
  statefile "vegas_last_iter104"

Restoring state from vegas_last_iter104.

Iteration 5:  10000000 integrand evaluations so far
[1] 0.00158806 +- 1.77801e-06  	chisq 1.24527 (4 df)

Saving state to vegas_last_iter104.
Vegas input parameters:
  ndim 11
  ncomp 1
  epsrel 0
  epsabs 0
  flags 291
  seed 735
  mineval 1
  maxeval 1
  nstart 1000000
  nincrease 500000
  nbatch 1000
  gridno 1
  statefile "vegas_last_iter104"

Restoring state from vegas_last_iter104.

Iteration 6:  13500000 integrand evaluations so far
[1] 0.00158754 +- 1.01129e-06  	chisq 1.37317 (5 df)

Saving state to vegas_last_iter104.
Vegas input parameters:
  ndim 11
  ncomp 1
  epsrel 0
  epsabs 0
  flags 291
  seed 839
  mineval 1
  maxeval 1
  nstart 1000000
  nincrease 500000
  nbatch 1000
  gridno 1
  statefile "vegas_last_iter104"

Restoring state from vegas_last_iter104.

Iteration 7:  17500000 integrand evaluations so far
[1] 0.00158818 +- 7.18827e-07  	chisq 2.18294 (6 df)

Saving state to vegas_last_iter104.
Vegas input parameters:
  ndim 11
  ncomp 1
  epsrel 0
  epsabs 0
  flags 291
  seed 943
  mineval 1
  maxeval 1
  nstart 1000000
  nincrease 500000
  nbatch 1000
  gridno 1
  statefile "vegas_last_iter104"

Restoring state from vegas_last_iter104.

Iteration 8:  22000000 integrand evaluations so far
[1] 0.00158828 +- 5.68371e-07  	chisq 2.23237 (7 df)

Saving state to vegas_last_iter104.
Vegas input parameters:
  ndim 11
  ncomp 1
  epsrel 0
  epsabs 0
  flags 291
  seed 1047
  mineval 1
  maxeval 1
  nstart 1000000
  nincrease 500000
  nbatch 1000
  gridno 1
  statefile "vegas_last_iter104"

Restoring state from vegas_last_iter104.

Iteration 9:  27000000 integrand evaluations so far
[1] 0.00158836 +- 4.75769e-07  	chisq 2.29567 (8 df)

Saving state to vegas_last_iter104.
Vegas input parameters:
  ndim 11
  ncomp 1
  epsrel 0
  epsabs 0
  flags 291
  seed 1151
  mineval 1
  maxeval 1
  nstart 1000000
  nincrease 500000
  nbatch 1000
  gridno 1
  statefile "vegas_last_iter104"

Restoring state from vegas_last_iter104.

Iteration 10:  32500000 integrand evaluations so far
[1] 0.00158818 +- 4.12224e-07  	chisq 2.8325 (9 df)

Saving state to vegas_last_iter104.
Vegas input parameters:
  ndim 11
  ncomp 1
  epsrel 0
  epsabs 0
  flags 291
  seed 1255
  mineval 1
  maxeval 1
  nstart 1000000
  nincrease 500000
  nbatch 1000
  gridno 1
  statefile "vegas_last_iter104"

Restoring state from vegas_last_iter104.

Iteration 11:  38500000 integrand evaluations so far
[1] 0.00158812 +- 3.65443e-07  	chisq 2.93488 (10 df)

Saving state to vegas_last_iter104.
Vegas input parameters:
  ndim 11
  ncomp 1
  epsrel 0
  epsabs 0
  flags 291
  seed 1359
  mineval 1
  maxeval 1
  nstart 1000000
  nincrease 500000
  nbatch 1000
  gridno 1
  statefile "vegas_last_iter104"

Restoring state from vegas_last_iter104.

Iteration 12:  45000000 integrand evaluations so far
[1] 0.00158818 +- 3.29065e-07  	chisq 3.08674 (11 df)

Saving state to vegas_last_iter104.
Vegas input parameters:
  ndim 11
  ncomp 1
  epsrel 0
  epsabs 0
  flags 291
  seed 1463
  mineval 1
  maxeval 1
  nstart 1000000
  nincrease 500000
  nbatch 1000
  gridno 1
  statefile "vegas_last_iter104"

Restoring state from vegas_last_iter104.

Iteration 13:  52000000 integrand evaluations so far
[1] 0.00158815 +- 2.9997e-07  	chisq 3.14138 (12 df)

Saving state to vegas_last_iter104.
Vegas input parameters:
  ndim 11
  ncomp 1
  epsrel 0
  epsabs 0
  flags 291
  seed 1567
  mineval 1
  maxeval 1
  nstart 1000000
  nincrease 500000
  nbatch 1000
  gridno 1
  statefile "vegas_last_iter104"

Restoring state from vegas_last_iter104.

Iteration 14:  59500000 integrand evaluations so far
[1] 0.00158822 +- 2.75964e-07  	chisq 3.46874 (13 df)

Saving state to vegas_last_iter104.
Vegas input parameters:
  ndim 11
  ncomp 1
  epsrel 0
  epsabs 0
  flags 291
  seed 1671
  mineval 1
  maxeval 1
  nstart 1000000
  nincrease 500000
  nbatch 1000
  gridno 1
  statefile "vegas_last_iter104"

Restoring state from vegas_last_iter104.

Iteration 15:  67500000 integrand evaluations so far
[1] 0.001588 +- 2.55772e-07  	chisq 7.92024 (14 df)

Saving state to vegas_last_iter104.
Vegas input parameters:
  ndim 11
  ncomp 1
  epsrel 0
  epsabs 0
  flags 291
  seed 1775
  mineval 1
  maxeval 1
  nstart 1000000
  nincrease 500000
  nbatch 1000
  gridno 1
  statefile "vegas_last_iter104"

Restoring state from vegas_last_iter104.

Iteration 16:  76000000 integrand evaluations so far
[1] 0.00158805 +- 2.38481e-07  	chisq 8.19015 (15 df)

Saving state to vegas_last_iter104.
Vegas input parameters:
  ndim 11
  ncomp 1
  epsrel 0
  epsabs 0
  flags 291
  seed 1879
  mineval 1
  maxeval 1
  nstart 1000000
  nincrease 500000
  nbatch 1000
  gridno 1
  statefile "vegas_last_iter104"

Restoring state from vegas_last_iter104.

Iteration 17:  85000000 integrand evaluations so far
[1] 0.0015881 +- 2.23523e-07  	chisq 8.5283 (16 df)

Saving state to vegas_last_iter104.
Vegas input parameters:
  ndim 11
  ncomp 1
  epsrel 0
  epsabs 0
  flags 291
  seed 1983
  mineval 1
  maxeval 1
  nstart 1000000
  nincrease 500000
  nbatch 1000
  gridno 1
  statefile "vegas_last_iter104"

Restoring state from vegas_last_iter104.

Iteration 18:  94500000 integrand evaluations so far
[1] 0.00158807 +- 2.10416e-07  	chisq 8.61568 (17 df)

Saving state to vegas_last_iter104.
Vegas input parameters:
  ndim 11
  ncomp 1
  epsrel 0
  epsabs 0
  flags 291
  seed 2087
  mineval 1
  maxeval 1
  nstart 1000000
  nincrease 500000
  nbatch 1000
  gridno 1
  statefile "vegas_last_iter104"

Restoring state from vegas_last_iter104.

Iteration 19:  104500000 integrand evaluations so far
[1] 0.00158794 +- 1.98836e-07  	chisq 12.1866 (18 df)

Saving state to vegas_last_iter104.
Vegas input parameters:
  ndim 11
  ncomp 1
  epsrel 0
  epsabs 0
  flags 291
  seed 2191
  mineval 1
  maxeval 1
  nstart 1000000
  nincrease 500000
  nbatch 1000
  gridno 1
  statefile "vegas_last_iter104"

Restoring state from vegas_last_iter104.

Iteration 20:  115000000 integrand evaluations so far
[1] 0.00158798 +- 1.88506e-07  	chisq 12.4634 (19 df)

Saving state to vegas_last_iter104.
Vegas input parameters:
  ndim 11
  ncomp 1
  epsrel 0
  epsabs 0
  flags 291
  seed 2295
  mineval 1
  maxeval 1
  nstart 1000000
  nincrease 500000
  nbatch 1000
  gridno 1
  statefile "vegas_last_iter104"

Restoring state from vegas_last_iter104.

Iteration 21:  126000000 integrand evaluations so far
[1] 0.00158796 +- 1.79248e-07  	chisq 12.5466 (20 df)

Saving state to vegas_last_iter104.
Vegas input parameters:
  ndim 11
  ncomp 1
  epsrel 0
  epsabs 0
  flags 291
  seed 2399
  mineval 1
  maxeval 1
  nstart 1000000
  nincrease 500000
  nbatch 1000
  gridno 1
  statefile "vegas_last_iter104"

Restoring state from vegas_last_iter104.

Iteration 22:  137500000 integrand evaluations so far
[1] 0.00158802 +- 1.70885e-07  	chisq 13.7567 (21 df)

Saving state to vegas_last_iter104.
Vegas input parameters:
  ndim 11
  ncomp 1
  epsrel 0
  epsabs 0
  flags 291
  seed 2503
  mineval 1
  maxeval 1
  nstart 1000000
  nincrease 500000
  nbatch 1000
  gridno 1
  statefile "vegas_last_iter104"

Restoring state from vegas_last_iter104.

Iteration 23:  149500000 integrand evaluations so far
[1] 0.00158804 +- 1.63288e-07  	chisq 13.8601 (22 df)

Saving state to vegas_last_iter104.
Vegas input parameters:
  ndim 11
  ncomp 1
  epsrel 0
  epsabs 0
  flags 291
  seed 2607
  mineval 1
  maxeval 1
  nstart 1000000
  nincrease 500000
  nbatch 1000
  gridno 1
  statefile "vegas_last_iter104"

Restoring state from vegas_last_iter104.

Iteration 24:  162000000 integrand evaluations so far
[1] 0.00158803 +- 1.56356e-07  	chisq 13.8838 (23 df)

Saving state to vegas_last_iter104.
Vegas input parameters:
  ndim 11
  ncomp 1
  epsrel 0
  epsabs 0
  flags 291
  seed 2711
  mineval 1
  maxeval 1
  nstart 1000000
  nincrease 500000
  nbatch 1000
  gridno 1
  statefile "vegas_last_iter104"

Restoring state from vegas_last_iter104.

Iteration 25:  175000000 integrand evaluations so far
[1] 0.00158805 +- 1.50002e-07  	chisq 14.0178 (24 df)

Saving state to vegas_last_iter104.
Vegas input parameters:
  ndim 11
  ncomp 1
  epsrel 0
  epsabs 0
  flags 291
  seed 2815
  mineval 1
  maxeval 1
  nstart 1000000
  nincrease 500000
  nbatch 1000
  gridno 1
  statefile "vegas_last_iter104"

Restoring state from vegas_last_iter104.

Iteration 26:  188500000 integrand evaluations so far
[1] 0.00158805 +- 1.44154e-07  	chisq 14.0329 (25 df)

Saving state to vegas_last_iter104.
Vegas input parameters:
  ndim 11
  ncomp 1
  epsrel 0
  epsabs 0
  flags 291
  seed 2919
  mineval 1
  maxeval 1
  nstart 1000000
  nincrease 500000
  nbatch 1000
  gridno 1
  statefile "vegas_last_iter104"

Restoring state from vegas_last_iter104.

Iteration 27:  202500000 integrand evaluations so far
[1] 0.00158803 +- 1.38762e-07  	chisq 14.3541 (26 df)

Saving state to vegas_last_iter104.
Thanks for using LHAPDF 6.3.0. Please make sure to cite the paper:
  Eur.Phys.J. C75 (2015) 3, 132  (http://arxiv.org/abs/1412.7420)
 method   =Vegas  
 nregions =           1
 neval    =   202500000
 fail     =           1
  0.158802864332E-02 +-   0.138761525919E-06   p =    0.022
