/var/lib/condor/execute/dir_29609
LHAPDF 6.3.0 loading /home/taebh/2021_Research/share/LHAPDF/NNPDF31_nnlo_as_0118_mc_hessian_pdfas/NNPDF31_nnlo_as_0118_mc_hessian_pdfas_0000.dat
NNPDF31_nnlo_as_0118_mc_hessian_pdfas PDF set, member #0, version 1
Vegas input parameters:
  ndim 11
  ncomp 1
  epsrel 0
  epsabs 0
  flags 291
  seed 168
  mineval 1
  maxeval 1
  nstart 1000000
  nincrease 500000
  nbatch 1000
  gridno 1
  statefile "vegas_last_iter57"

Iteration 1:  1000000 integrand evaluations so far
[1] 0.000651943 +- 6.01716e-05  	chisq 0 (0 df)

Saving state to vegas_last_iter57.
Vegas input parameters:
  ndim 11
  ncomp 1
  epsrel 0
  epsabs 0
  flags 291
  seed 225
  mineval 1
  maxeval 1
  nstart 1000000
  nincrease 500000
  nbatch 1000
  gridno 1
  statefile "vegas_last_iter57"

Restoring state from vegas_last_iter57.

Iteration 2:  2500000 integrand evaluations so far
[1] 0.000581302 +- 2.20655e-05  	chisq 1.59239 (1 df)

Saving state to vegas_last_iter57.
Vegas input parameters:
  ndim 11
  ncomp 1
  epsrel 0
  epsabs 0
  flags 291
  seed 282
  mineval 1
  maxeval 1
  nstart 1000000
  nincrease 500000
  nbatch 1000
  gridno 1
  statefile "vegas_last_iter57"

Restoring state from vegas_last_iter57.

Iteration 3:  4500000 integrand evaluations so far
[1] 0.000529201 +- 9.77396e-06  	chisq 8.52852 (2 df)

Saving state to vegas_last_iter57.
Vegas input parameters:
  ndim 11
  ncomp 1
  epsrel 0
  epsabs 0
  flags 291
  seed 339
  mineval 1
  maxeval 1
  nstart 1000000
  nincrease 500000
  nbatch 1000
  gridno 1
  statefile "vegas_last_iter57"

Restoring state from vegas_last_iter57.

Iteration 4:  7000000 integrand evaluations so far
[1] 0.000540213 +- 5.27387e-06  	chisq 10.3191 (3 df)

Saving state to vegas_last_iter57.
Vegas input parameters:
  ndim 11
  ncomp 1
  epsrel 0
  epsabs 0
  flags 291
  seed 396
  mineval 1
  maxeval 1
  nstart 1000000
  nincrease 500000
  nbatch 1000
  gridno 1
  statefile "vegas_last_iter57"

Restoring state from vegas_last_iter57.

Iteration 5:  10000000 integrand evaluations so far
[1] 0.000538601 +- 3.6712e-06  	chisq 10.5003 (4 df)

Saving state to vegas_last_iter57.
Vegas input parameters:
  ndim 11
  ncomp 1
  epsrel 0
  epsabs 0
  flags 291
  seed 453
  mineval 1
  maxeval 1
  nstart 1000000
  nincrease 500000
  nbatch 1000
  gridno 1
  statefile "vegas_last_iter57"

Restoring state from vegas_last_iter57.

Iteration 6:  13500000 integrand evaluations so far
[1] 0.000536187 +- 2.89474e-06  	chisq 11.6436 (5 df)

Saving state to vegas_last_iter57.
Vegas input parameters:
  ndim 11
  ncomp 1
  epsrel 0
  epsabs 0
  flags 291
  seed 510
  mineval 1
  maxeval 1
  nstart 1000000
  nincrease 500000
  nbatch 1000
  gridno 1
  statefile "vegas_last_iter57"

Restoring state from vegas_last_iter57.

Iteration 7:  17500000 integrand evaluations so far
[1] 0.000537414 +- 2.38856e-06  	chisq 12.2064 (6 df)

Saving state to vegas_last_iter57.
Vegas input parameters:
  ndim 11
  ncomp 1
  epsrel 0
  epsabs 0
  flags 291
  seed 567
  mineval 1
  maxeval 1
  nstart 1000000
  nincrease 500000
  nbatch 1000
  gridno 1
  statefile "vegas_last_iter57"

Restoring state from vegas_last_iter57.

Iteration 8:  22000000 integrand evaluations so far
[1] 0.000534536 +- 2.04622e-06  	chisq 17.6612 (7 df)

Saving state to vegas_last_iter57.
Vegas input parameters:
  ndim 11
  ncomp 1
  epsrel 0
  epsabs 0
  flags 291
  seed 624
  mineval 1
  maxeval 1
  nstart 1000000
  nincrease 500000
  nbatch 1000
  gridno 1
  statefile "vegas_last_iter57"

Restoring state from vegas_last_iter57.

Iteration 9:  27000000 integrand evaluations so far
[1] 0.000533523 +- 1.7899e-06  	chisq 18.7054 (8 df)

Saving state to vegas_last_iter57.
Vegas input parameters:
  ndim 11
  ncomp 1
  epsrel 0
  epsabs 0
  flags 291
  seed 681
  mineval 1
  maxeval 1
  nstart 1000000
  nincrease 500000
  nbatch 1000
  gridno 1
  statefile "vegas_last_iter57"

Restoring state from vegas_last_iter57.

Iteration 10:  32500000 integrand evaluations so far
[1] 0.000532337 +- 1.59588e-06  	chisq 20.8447 (9 df)

Saving state to vegas_last_iter57.
Vegas input parameters:
  ndim 11
  ncomp 1
  epsrel 0
  epsabs 0
  flags 291
  seed 738
  mineval 1
  maxeval 1
  nstart 1000000
  nincrease 500000
  nbatch 1000
  gridno 1
  statefile "vegas_last_iter57"

Restoring state from vegas_last_iter57.

Iteration 11:  38500000 integrand evaluations so far
[1] 0.000532369 +- 1.44516e-06  	chisq 20.847 (10 df)

Saving state to vegas_last_iter57.
Vegas input parameters:
  ndim 11
  ncomp 1
  epsrel 0
  epsabs 0
  flags 291
  seed 795
  mineval 1
  maxeval 1
  nstart 1000000
  nincrease 500000
  nbatch 1000
  gridno 1
  statefile "vegas_last_iter57"

Restoring state from vegas_last_iter57.

Iteration 12:  45000000 integrand evaluations so far
[1] 0.000531552 +- 1.31929e-06  	chisq 22.7637 (11 df)

Saving state to vegas_last_iter57.
Vegas input parameters:
  ndim 11
  ncomp 1
  epsrel 0
  epsabs 0
  flags 291
  seed 852
  mineval 1
  maxeval 1
  nstart 1000000
  nincrease 500000
  nbatch 1000
  gridno 1
  statefile "vegas_last_iter57"

Restoring state from vegas_last_iter57.

Iteration 13:  52000000 integrand evaluations so far
[1] 0.000531605 +- 1.21331e-06  	chisq 22.7738 (12 df)

Saving state to vegas_last_iter57.
Vegas input parameters:
  ndim 11
  ncomp 1
  epsrel 0
  epsabs 0
  flags 291
  seed 909
  mineval 1
  maxeval 1
  nstart 1000000
  nincrease 500000
  nbatch 1000
  gridno 1
  statefile "vegas_last_iter57"

Restoring state from vegas_last_iter57.

Iteration 14:  59500000 integrand evaluations so far
[1] 0.000531277 +- 1.12375e-06  	chisq 23.2869 (13 df)

Saving state to vegas_last_iter57.
Vegas input parameters:
  ndim 11
  ncomp 1
  epsrel 0
  epsabs 0
  flags 291
  seed 966
  mineval 1
  maxeval 1
  nstart 1000000
  nincrease 500000
  nbatch 1000
  gridno 1
  statefile "vegas_last_iter57"

Restoring state from vegas_last_iter57.

Iteration 15:  67500000 integrand evaluations so far
[1] 0.000532388 +- 1.04715e-06  	chisq 30.7123 (14 df)

Saving state to vegas_last_iter57.
Vegas input parameters:
  ndim 11
  ncomp 1
  epsrel 0
  epsabs 0
  flags 291
  seed 1023
  mineval 1
  maxeval 1
  nstart 1000000
  nincrease 500000
  nbatch 1000
  gridno 1
  statefile "vegas_last_iter57"

Restoring state from vegas_last_iter57.

Iteration 16:  76000000 integrand evaluations so far
[1] 0.000532774 +- 9.84573e-07  	chisq 31.8838 (15 df)

Saving state to vegas_last_iter57.
Vegas input parameters:
  ndim 11
  ncomp 1
  epsrel 0
  epsabs 0
  flags 291
  seed 1080
  mineval 1
  maxeval 1
  nstart 1000000
  nincrease 500000
  nbatch 1000
  gridno 1
  statefile "vegas_last_iter57"

Restoring state from vegas_last_iter57.

Iteration 17:  85000000 integrand evaluations so far
[1] 0.000532484 +- 9.29951e-07  	chisq 32.6878 (16 df)

Saving state to vegas_last_iter57.
Vegas input parameters:
  ndim 11
  ncomp 1
  epsrel 0
  epsabs 0
  flags 291
  seed 1137
  mineval 1
  maxeval 1
  nstart 1000000
  nincrease 500000
  nbatch 1000
  gridno 1
  statefile "vegas_last_iter57"

Restoring state from vegas_last_iter57.

Iteration 18:  94500000 integrand evaluations so far
[1] 0.000532545 +- 8.7905e-07  	chisq 32.7281 (17 df)

Saving state to vegas_last_iter57.
Vegas input parameters:
  ndim 11
  ncomp 1
  epsrel 0
  epsabs 0
  flags 291
  seed 1194
  mineval 1
  maxeval 1
  nstart 1000000
  nincrease 500000
  nbatch 1000
  gridno 1
  statefile "vegas_last_iter57"

Restoring state from vegas_last_iter57.

Iteration 19:  104500000 integrand evaluations so far
[1] 0.000532299 +- 8.31962e-07  	chisq 33.478 (18 df)

Saving state to vegas_last_iter57.
Vegas input parameters:
  ndim 11
  ncomp 1
  epsrel 0
  epsabs 0
  flags 291
  seed 1251
  mineval 1
  maxeval 1
  nstart 1000000
  nincrease 500000
  nbatch 1000
  gridno 1
  statefile "vegas_last_iter57"

Restoring state from vegas_last_iter57.

Iteration 20:  115000000 integrand evaluations so far
[1] 0.000532234 +- 7.89682e-07  	chisq 33.539 (19 df)

Saving state to vegas_last_iter57.
Vegas input parameters:
  ndim 11
  ncomp 1
  epsrel 0
  epsabs 0
  flags 291
  seed 1308
  mineval 1
  maxeval 1
  nstart 1000000
  nincrease 500000
  nbatch 1000
  gridno 1
  statefile "vegas_last_iter57"

Restoring state from vegas_last_iter57.

Iteration 21:  126000000 integrand evaluations so far
[1] 0.000532432 +- 7.5156e-07  	chisq 34.2049 (20 df)

Saving state to vegas_last_iter57.
Vegas input parameters:
  ndim 11
  ncomp 1
  epsrel 0
  epsabs 0
  flags 291
  seed 1365
  mineval 1
  maxeval 1
  nstart 1000000
  nincrease 500000
  nbatch 1000
  gridno 1
  statefile "vegas_last_iter57"

Restoring state from vegas_last_iter57.

Iteration 22:  137500000 integrand evaluations so far
[1] 0.000532227 +- 7.17125e-07  	chisq 35.037 (21 df)

Saving state to vegas_last_iter57.
Vegas input parameters:
  ndim 11
  ncomp 1
  epsrel 0
  epsabs 0
  flags 291
  seed 1422
  mineval 1
  maxeval 1
  nstart 1000000
  nincrease 500000
  nbatch 1000
  gridno 1
  statefile "vegas_last_iter57"

Restoring state from vegas_last_iter57.

Iteration 23:  149500000 integrand evaluations so far
[1] 0.000531988 +- 6.8619e-07  	chisq 36.3505 (22 df)

Saving state to vegas_last_iter57.
Vegas input parameters:
  ndim 11
  ncomp 1
  epsrel 0
  epsabs 0
  flags 291
  seed 1479
  mineval 1
  maxeval 1
  nstart 1000000
  nincrease 500000
  nbatch 1000
  gridno 1
  statefile "vegas_last_iter57"

Restoring state from vegas_last_iter57.

Iteration 24:  162000000 integrand evaluations so far
[1] 0.000531907 +- 6.57487e-07  	chisq 36.5231 (23 df)

Saving state to vegas_last_iter57.
Vegas input parameters:
  ndim 11
  ncomp 1
  epsrel 0
  epsabs 0
  flags 291
  seed 1536
  mineval 1
  maxeval 1
  nstart 1000000
  nincrease 500000
  nbatch 1000
  gridno 1
  statefile "vegas_last_iter57"

Restoring state from vegas_last_iter57.

Iteration 25:  175000000 integrand evaluations so far
[1] 0.000531786 +- 6.31173e-07  	chisq 36.9503 (24 df)

Saving state to vegas_last_iter57.
Vegas input parameters:
  ndim 11
  ncomp 1
  epsrel 0
  epsabs 0
  flags 291
  seed 1593
  mineval 1
  maxeval 1
  nstart 1000000
  nincrease 500000
  nbatch 1000
  gridno 1
  statefile "vegas_last_iter57"

Restoring state from vegas_last_iter57.

Iteration 26:  188500000 integrand evaluations so far
[1] 0.000531825 +- 6.0685e-07  	chisq 36.9999 (25 df)

Saving state to vegas_last_iter57.
Vegas input parameters:
  ndim 11
  ncomp 1
  epsrel 0
  epsabs 0
  flags 291
  seed 1650
  mineval 1
  maxeval 1
  nstart 1000000
  nincrease 500000
  nbatch 1000
  gridno 1
  statefile "vegas_last_iter57"

Restoring state from vegas_last_iter57.

Iteration 27:  202500000 integrand evaluations so far
[1] 0.00053174 +- 5.85218e-07  	chisq 37.2821 (26 df)

Saving state to vegas_last_iter57.
Thanks for using LHAPDF 6.3.0. Please make sure to cite the paper:
  Eur.Phys.J. C75 (2015) 3, 132  (http://arxiv.org/abs/1412.7420)
 method   =Vegas  
 nregions =           1
 neval    =   202500000
 fail     =           1
  0.531739673202E-03 +-   0.585218460370E-06   p =    0.910
