/var/lib/condor/execute/dir_10017
LHAPDF 6.3.0 loading /home/taebh/2021_Research/share/LHAPDF/NNPDF31_nnlo_as_0118_mc_hessian_pdfas/NNPDF31_nnlo_as_0118_mc_hessian_pdfas_0000.dat
NNPDF31_nnlo_as_0118_mc_hessian_pdfas PDF set, member #0, version 1
Vegas input parameters:
  ndim 11
  ncomp 1
  epsrel 0
  epsabs 0
  flags 291
  seed 264
  mineval 1
  maxeval 1
  nstart 1000000
  nincrease 500000
  nbatch 1000
  gridno 1
  statefile "vegas_last_iter153"

Iteration 1:  1000000 integrand evaluations so far
[1] -2.43854e-05 +- 2.03792e-06  	chisq 0 (0 df)

Saving state to vegas_last_iter153.
Vegas input parameters:
  ndim 11
  ncomp 1
  epsrel 0
  epsabs 0
  flags 291
  seed 417
  mineval 1
  maxeval 1
  nstart 1000000
  nincrease 500000
  nbatch 1000
  gridno 1
  statefile "vegas_last_iter153"

Restoring state from vegas_last_iter153.

Iteration 2:  2500000 integrand evaluations so far
[1] -2.54949e-05 +- 7.67737e-07  	chisq 0.345457 (1 df)

Saving state to vegas_last_iter153.
Vegas input parameters:
  ndim 11
  ncomp 1
  epsrel 0
  epsabs 0
  flags 291
  seed 570
  mineval 1
  maxeval 1
  nstart 1000000
  nincrease 500000
  nbatch 1000
  gridno 1
  statefile "vegas_last_iter153"

Restoring state from vegas_last_iter153.

Iteration 3:  4500000 integrand evaluations so far
[1] -2.61555e-05 +- 5.12949e-07  	chisq 1.68251 (2 df)

Saving state to vegas_last_iter153.
Vegas input parameters:
  ndim 11
  ncomp 1
  epsrel 0
  epsabs 0
  flags 291
  seed 723
  mineval 1
  maxeval 1
  nstart 1000000
  nincrease 500000
  nbatch 1000
  gridno 1
  statefile "vegas_last_iter153"

Restoring state from vegas_last_iter153.

Iteration 4:  7000000 integrand evaluations so far
[1] -2.70963e-05 +- 1.1735e-07  	chisq 5.23259 (3 df)

Saving state to vegas_last_iter153.
Vegas input parameters:
  ndim 11
  ncomp 1
  epsrel 0
  epsabs 0
  flags 291
  seed 876
  mineval 1
  maxeval 1
  nstart 1000000
  nincrease 500000
  nbatch 1000
  gridno 1
  statefile "vegas_last_iter153"

Restoring state from vegas_last_iter153.

Iteration 5:  10000000 integrand evaluations so far
[1] -2.72435e-05 +- 3.49465e-08  	chisq 6.95793 (4 df)

Saving state to vegas_last_iter153.
Vegas input parameters:
  ndim 11
  ncomp 1
  epsrel 0
  epsabs 0
  flags 291
  seed 1029
  mineval 1
  maxeval 1
  nstart 1000000
  nincrease 500000
  nbatch 1000
  gridno 1
  statefile "vegas_last_iter153"

Restoring state from vegas_last_iter153.

Iteration 6:  13500000 integrand evaluations so far
[1] -2.72339e-05 +- 1.76867e-08  	chisq 7.05789 (5 df)

Saving state to vegas_last_iter153.
Vegas input parameters:
  ndim 11
  ncomp 1
  epsrel 0
  epsabs 0
  flags 291
  seed 1182
  mineval 1
  maxeval 1
  nstart 1000000
  nincrease 500000
  nbatch 1000
  gridno 1
  statefile "vegas_last_iter153"

Restoring state from vegas_last_iter153.

Iteration 7:  17500000 integrand evaluations so far
[1] -2.72372e-05 +- 1.19089e-08  	chisq 7.11906 (6 df)

Saving state to vegas_last_iter153.
Vegas input parameters:
  ndim 11
  ncomp 1
  epsrel 0
  epsabs 0
  flags 291
  seed 1335
  mineval 1
  maxeval 1
  nstart 1000000
  nincrease 500000
  nbatch 1000
  gridno 1
  statefile "vegas_last_iter153"

Restoring state from vegas_last_iter153.

Iteration 8:  22000000 integrand evaluations so far
[1] -2.72246e-05 +- 9.14963e-09  	chisq 9.82831 (7 df)

Saving state to vegas_last_iter153.
Vegas input parameters:
  ndim 11
  ncomp 1
  epsrel 0
  epsabs 0
  flags 291
  seed 1488
  mineval 1
  maxeval 1
  nstart 1000000
  nincrease 500000
  nbatch 1000
  gridno 1
  statefile "vegas_last_iter153"

Restoring state from vegas_last_iter153.

Iteration 9:  27000000 integrand evaluations so far
[1] -2.72212e-05 +- 7.53782e-09  	chisq 10.2616 (8 df)

Saving state to vegas_last_iter153.
Vegas input parameters:
  ndim 11
  ncomp 1
  epsrel 0
  epsabs 0
  flags 291
  seed 1641
  mineval 1
  maxeval 1
  nstart 1000000
  nincrease 500000
  nbatch 1000
  gridno 1
  statefile "vegas_last_iter153"

Restoring state from vegas_last_iter153.

Iteration 10:  32500000 integrand evaluations so far
[1] -2.72215e-05 +- 6.46431e-09  	chisq 10.269 (9 df)

Saving state to vegas_last_iter153.
Vegas input parameters:
  ndim 11
  ncomp 1
  epsrel 0
  epsabs 0
  flags 291
  seed 1794
  mineval 1
  maxeval 1
  nstart 1000000
  nincrease 500000
  nbatch 1000
  gridno 1
  statefile "vegas_last_iter153"

Restoring state from vegas_last_iter153.

Iteration 11:  38500000 integrand evaluations so far
[1] -2.72177e-05 +- 5.68962e-09  	chisq 11.8059 (10 df)

Saving state to vegas_last_iter153.
Vegas input parameters:
  ndim 11
  ncomp 1
  epsrel 0
  epsabs 0
  flags 291
  seed 1947
  mineval 1
  maxeval 1
  nstart 1000000
  nincrease 500000
  nbatch 1000
  gridno 1
  statefile "vegas_last_iter153"

Restoring state from vegas_last_iter153.

Iteration 12:  45000000 integrand evaluations so far
[1] -2.72147e-05 +- 5.09944e-09  	chisq 13.2579 (11 df)

Saving state to vegas_last_iter153.
Vegas input parameters:
  ndim 11
  ncomp 1
  epsrel 0
  epsabs 0
  flags 291
  seed 2100
  mineval 1
  maxeval 1
  nstart 1000000
  nincrease 500000
  nbatch 1000
  gridno 1
  statefile "vegas_last_iter153"

Restoring state from vegas_last_iter153.

Iteration 13:  52000000 integrand evaluations so far
[1] -2.72167e-05 +- 4.63237e-09  	chisq 14.1264 (12 df)

Saving state to vegas_last_iter153.
Vegas input parameters:
  ndim 11
  ncomp 1
  epsrel 0
  epsabs 0
  flags 291
  seed 2253
  mineval 1
  maxeval 1
  nstart 1000000
  nincrease 500000
  nbatch 1000
  gridno 1
  statefile "vegas_last_iter153"

Restoring state from vegas_last_iter153.

Iteration 14:  59500000 integrand evaluations so far
[1] -2.7218e-05 +- 4.25093e-09  	chisq 14.6124 (13 df)

Saving state to vegas_last_iter153.
Vegas input parameters:
  ndim 11
  ncomp 1
  epsrel 0
  epsabs 0
  flags 291
  seed 2406
  mineval 1
  maxeval 1
  nstart 1000000
  nincrease 500000
  nbatch 1000
  gridno 1
  statefile "vegas_last_iter153"

Restoring state from vegas_last_iter153.

Iteration 15:  67500000 integrand evaluations so far
[1] -2.72161e-05 +- 3.93068e-09  	chisq 15.9228 (14 df)

Saving state to vegas_last_iter153.
Vegas input parameters:
  ndim 11
  ncomp 1
  epsrel 0
  epsabs 0
  flags 291
  seed 2559
  mineval 1
  maxeval 1
  nstart 1000000
  nincrease 500000
  nbatch 1000
  gridno 1
  statefile "vegas_last_iter153"

Restoring state from vegas_last_iter153.

Iteration 16:  76000000 integrand evaluations so far
[1] -2.72162e-05 +- 3.65889e-09  	chisq 15.9321 (15 df)

Saving state to vegas_last_iter153.
Vegas input parameters:
  ndim 11
  ncomp 1
  epsrel 0
  epsabs 0
  flags 291
  seed 2712
  mineval 1
  maxeval 1
  nstart 1000000
  nincrease 500000
  nbatch 1000
  gridno 1
  statefile "vegas_last_iter153"

Restoring state from vegas_last_iter153.

Iteration 17:  85000000 integrand evaluations so far
[1] -2.72133e-05 +- 3.42502e-09  	chisq 21.2708 (16 df)

Saving state to vegas_last_iter153.
Vegas input parameters:
  ndim 11
  ncomp 1
  epsrel 0
  epsabs 0
  flags 291
  seed 2865
  mineval 1
  maxeval 1
  nstart 1000000
  nincrease 500000
  nbatch 1000
  gridno 1
  statefile "vegas_last_iter153"

Restoring state from vegas_last_iter153.

Iteration 18:  94500000 integrand evaluations so far
[1] -2.72119e-05 +- 3.22096e-09  	chisq 22.5827 (17 df)

Saving state to vegas_last_iter153.
Vegas input parameters:
  ndim 11
  ncomp 1
  epsrel 0
  epsabs 0
  flags 291
  seed 3018
  mineval 1
  maxeval 1
  nstart 1000000
  nincrease 500000
  nbatch 1000
  gridno 1
  statefile "vegas_last_iter153"

Restoring state from vegas_last_iter153.

Iteration 19:  104500000 integrand evaluations so far
[1] -2.7211e-05 +- 3.04132e-09  	chisq 23.3457 (18 df)

Saving state to vegas_last_iter153.
Vegas input parameters:
  ndim 11
  ncomp 1
  epsrel 0
  epsabs 0
  flags 291
  seed 3171
  mineval 1
  maxeval 1
  nstart 1000000
  nincrease 500000
  nbatch 1000
  gridno 1
  statefile "vegas_last_iter153"

Restoring state from vegas_last_iter153.

Iteration 20:  115000000 integrand evaluations so far
[1] -2.72105e-05 +- 2.88161e-09  	chisq 23.6544 (19 df)

Saving state to vegas_last_iter153.
Vegas input parameters:
  ndim 11
  ncomp 1
  epsrel 0
  epsabs 0
  flags 291
  seed 3324
  mineval 1
  maxeval 1
  nstart 1000000
  nincrease 500000
  nbatch 1000
  gridno 1
  statefile "vegas_last_iter153"

Restoring state from vegas_last_iter153.

Iteration 21:  126000000 integrand evaluations so far
[1] -2.72093e-05 +- 2.73909e-09  	chisq 25.2949 (20 df)

Saving state to vegas_last_iter153.
Vegas input parameters:
  ndim 11
  ncomp 1
  epsrel 0
  epsabs 0
  flags 291
  seed 3477
  mineval 1
  maxeval 1
  nstart 1000000
  nincrease 500000
  nbatch 1000
  gridno 1
  statefile "vegas_last_iter153"

Restoring state from vegas_last_iter153.

Iteration 22:  137500000 integrand evaluations so far
[1] -2.72085e-05 +- 2.61002e-09  	chisq 26.3761 (21 df)

Saving state to vegas_last_iter153.
Vegas input parameters:
  ndim 11
  ncomp 1
  epsrel 0
  epsabs 0
  flags 291
  seed 3630
  mineval 1
  maxeval 1
  nstart 1000000
  nincrease 500000
  nbatch 1000
  gridno 1
  statefile "vegas_last_iter153"

Restoring state from vegas_last_iter153.

Iteration 23:  149500000 integrand evaluations so far
[1] -2.72071e-05 +- 2.49321e-09  	chisq 29.5916 (22 df)

Saving state to vegas_last_iter153.
Vegas input parameters:
  ndim 11
  ncomp 1
  epsrel 0
  epsabs 0
  flags 291
  seed 3783
  mineval 1
  maxeval 1
  nstart 1000000
  nincrease 500000
  nbatch 1000
  gridno 1
  statefile "vegas_last_iter153"

Restoring state from vegas_last_iter153.

Iteration 24:  162000000 integrand evaluations so far
[1] -2.72066e-05 +- 2.38619e-09  	chisq 30.0696 (23 df)

Saving state to vegas_last_iter153.
Vegas input parameters:
  ndim 11
  ncomp 1
  epsrel 0
  epsabs 0
  flags 291
  seed 3936
  mineval 1
  maxeval 1
  nstart 1000000
  nincrease 500000
  nbatch 1000
  gridno 1
  statefile "vegas_last_iter153"

Restoring state from vegas_last_iter153.

Iteration 25:  175000000 integrand evaluations so far
[1] -2.72063e-05 +- 2.28849e-09  	chisq 30.1866 (24 df)

Saving state to vegas_last_iter153.
Vegas input parameters:
  ndim 11
  ncomp 1
  epsrel 0
  epsabs 0
  flags 291
  seed 4089
  mineval 1
  maxeval 1
  nstart 1000000
  nincrease 500000
  nbatch 1000
  gridno 1
  statefile "vegas_last_iter153"

Restoring state from vegas_last_iter153.

Iteration 26:  188500000 integrand evaluations so far
[1] -2.72062e-05 +- 2.19865e-09  	chisq 30.2648 (25 df)

Saving state to vegas_last_iter153.
Vegas input parameters:
  ndim 11
  ncomp 1
  epsrel 0
  epsabs 0
  flags 291
  seed 4242
  mineval 1
  maxeval 1
  nstart 1000000
  nincrease 500000
  nbatch 1000
  gridno 1
  statefile "vegas_last_iter153"

Restoring state from vegas_last_iter153.

Iteration 27:  202500000 integrand evaluations so far
[1] -2.72064e-05 +- 2.11577e-09  	chisq 30.3744 (26 df)

Saving state to vegas_last_iter153.
Thanks for using LHAPDF 6.3.0. Please make sure to cite the paper:
  Eur.Phys.J. C75 (2015) 3, 132  (http://arxiv.org/abs/1412.7420)
 method   =Vegas  
 nregions =           1
 neval    =   202500000
 fail     =           1
 -0.272063627843E-04 +-   0.211577052624E-08   p =    0.702
