/var/lib/condor/execute/dir_1220
LHAPDF 6.3.0 loading /home/taebh/2021_Research/share/LHAPDF/NNPDF31_nnlo_as_0118_mc_hessian_pdfas/NNPDF31_nnlo_as_0118_mc_hessian_pdfas_0000.dat
NNPDF31_nnlo_as_0118_mc_hessian_pdfas PDF set, member #0, version 1
Vegas input parameters:
  ndim 11
  ncomp 1
  epsrel 0
  epsabs 0
  flags 291
  seed 237
  mineval 1
  maxeval 1
  nstart 1000000
  nincrease 500000
  nbatch 1000
  gridno 1
  statefile "vegas_last_iter126"

Iteration 1:  1000000 integrand evaluations so far
[1] 1.40772e-05 +- 2.0899e-06  	chisq 0 (0 df)

Saving state to vegas_last_iter126.
Vegas input parameters:
  ndim 11
  ncomp 1
  epsrel 0
  epsabs 0
  flags 291
  seed 363
  mineval 1
  maxeval 1
  nstart 1000000
  nincrease 500000
  nbatch 1000
  gridno 1
  statefile "vegas_last_iter126"

Restoring state from vegas_last_iter126.

Iteration 2:  2500000 integrand evaluations so far
[1] 1.12454e-05 +- 2.45538e-07  	chisq 1.86175 (1 df)

Saving state to vegas_last_iter126.
Vegas input parameters:
  ndim 11
  ncomp 1
  epsrel 0
  epsabs 0
  flags 291
  seed 489
  mineval 1
  maxeval 1
  nstart 1000000
  nincrease 500000
  nbatch 1000
  gridno 1
  statefile "vegas_last_iter126"

Restoring state from vegas_last_iter126.

Iteration 3:  4500000 integrand evaluations so far
[1] 1.14968e-05 +- 5.81828e-08  	chisq 2.97207 (2 df)

Saving state to vegas_last_iter126.
Vegas input parameters:
  ndim 11
  ncomp 1
  epsrel 0
  epsabs 0
  flags 291
  seed 615
  mineval 1
  maxeval 1
  nstart 1000000
  nincrease 500000
  nbatch 1000
  gridno 1
  statefile "vegas_last_iter126"

Restoring state from vegas_last_iter126.

Iteration 4:  7000000 integrand evaluations so far
[1] 1.1516e-05 +- 1.97027e-08  	chisq 3.09547 (3 df)

Saving state to vegas_last_iter126.
Vegas input parameters:
  ndim 11
  ncomp 1
  epsrel 0
  epsabs 0
  flags 291
  seed 741
  mineval 1
  maxeval 1
  nstart 1000000
  nincrease 500000
  nbatch 1000
  gridno 1
  statefile "vegas_last_iter126"

Restoring state from vegas_last_iter126.

Iteration 5:  10000000 integrand evaluations so far
[1] 1.15334e-05 +- 8.77077e-09  	chisq 4.07388 (4 df)

Saving state to vegas_last_iter126.
Vegas input parameters:
  ndim 11
  ncomp 1
  epsrel 0
  epsabs 0
  flags 291
  seed 867
  mineval 1
  maxeval 1
  nstart 1000000
  nincrease 500000
  nbatch 1000
  gridno 1
  statefile "vegas_last_iter126"

Restoring state from vegas_last_iter126.

Iteration 6:  13500000 integrand evaluations so far
[1] 1.15306e-05 +- 5.14584e-09  	chisq 4.23202 (5 df)

Saving state to vegas_last_iter126.
Vegas input parameters:
  ndim 11
  ncomp 1
  epsrel 0
  epsabs 0
  flags 291
  seed 993
  mineval 1
  maxeval 1
  nstart 1000000
  nincrease 500000
  nbatch 1000
  gridno 1
  statefile "vegas_last_iter126"

Restoring state from vegas_last_iter126.

Iteration 7:  17500000 integrand evaluations so far
[1] 1.15306e-05 +- 3.63068e-09  	chisq 4.23232 (6 df)

Saving state to vegas_last_iter126.
Vegas input parameters:
  ndim 11
  ncomp 1
  epsrel 0
  epsabs 0
  flags 291
  seed 1119
  mineval 1
  maxeval 1
  nstart 1000000
  nincrease 500000
  nbatch 1000
  gridno 1
  statefile "vegas_last_iter126"

Restoring state from vegas_last_iter126.

Iteration 8:  22000000 integrand evaluations so far
[1] 1.1531e-05 +- 2.83652e-09  	chisq 4.26602 (7 df)

Saving state to vegas_last_iter126.
Vegas input parameters:
  ndim 11
  ncomp 1
  epsrel 0
  epsabs 0
  flags 291
  seed 1245
  mineval 1
  maxeval 1
  nstart 1000000
  nincrease 500000
  nbatch 1000
  gridno 1
  statefile "vegas_last_iter126"

Restoring state from vegas_last_iter126.

Iteration 9:  27000000 integrand evaluations so far
[1] 1.15313e-05 +- 2.35828e-09  	chisq 4.30768 (8 df)

Saving state to vegas_last_iter126.
Vegas input parameters:
  ndim 11
  ncomp 1
  epsrel 0
  epsabs 0
  flags 291
  seed 1371
  mineval 1
  maxeval 1
  nstart 1000000
  nincrease 500000
  nbatch 1000
  gridno 1
  statefile "vegas_last_iter126"

Restoring state from vegas_last_iter126.

Iteration 10:  32500000 integrand evaluations so far
[1] 1.15335e-05 +- 2.02947e-09  	chisq 7.69593 (9 df)

Saving state to vegas_last_iter126.
Vegas input parameters:
  ndim 11
  ncomp 1
  epsrel 0
  epsabs 0
  flags 291
  seed 1497
  mineval 1
  maxeval 1
  nstart 1000000
  nincrease 500000
  nbatch 1000
  gridno 1
  statefile "vegas_last_iter126"

Restoring state from vegas_last_iter126.

Iteration 11:  38500000 integrand evaluations so far
[1] 1.15342e-05 +- 1.78992e-09  	chisq 8.22873 (10 df)

Saving state to vegas_last_iter126.
Vegas input parameters:
  ndim 11
  ncomp 1
  epsrel 0
  epsabs 0
  flags 291
  seed 1623
  mineval 1
  maxeval 1
  nstart 1000000
  nincrease 500000
  nbatch 1000
  gridno 1
  statefile "vegas_last_iter126"

Restoring state from vegas_last_iter126.

Iteration 12:  45000000 integrand evaluations so far
[1] 1.15348e-05 +- 1.60759e-09  	chisq 8.74936 (11 df)

Saving state to vegas_last_iter126.
Vegas input parameters:
  ndim 11
  ncomp 1
  epsrel 0
  epsabs 0
  flags 291
  seed 1749
  mineval 1
  maxeval 1
  nstart 1000000
  nincrease 500000
  nbatch 1000
  gridno 1
  statefile "vegas_last_iter126"

Restoring state from vegas_last_iter126.

Iteration 13:  52000000 integrand evaluations so far
[1] 1.15352e-05 +- 1.46081e-09  	chisq 9.17351 (12 df)

Saving state to vegas_last_iter126.
Vegas input parameters:
  ndim 11
  ncomp 1
  epsrel 0
  epsabs 0
  flags 291
  seed 1875
  mineval 1
  maxeval 1
  nstart 1000000
  nincrease 500000
  nbatch 1000
  gridno 1
  statefile "vegas_last_iter126"

Restoring state from vegas_last_iter126.

Iteration 14:  59500000 integrand evaluations so far
[1] 1.15351e-05 +- 1.34089e-09  	chisq 9.22506 (13 df)

Saving state to vegas_last_iter126.
Vegas input parameters:
  ndim 11
  ncomp 1
  epsrel 0
  epsabs 0
  flags 291
  seed 2001
  mineval 1
  maxeval 1
  nstart 1000000
  nincrease 500000
  nbatch 1000
  gridno 1
  statefile "vegas_last_iter126"

Restoring state from vegas_last_iter126.

Iteration 15:  67500000 integrand evaluations so far
[1] 1.1535e-05 +- 1.2404e-09  	chisq 9.23663 (14 df)

Saving state to vegas_last_iter126.
Vegas input parameters:
  ndim 11
  ncomp 1
  epsrel 0
  epsabs 0
  flags 291
  seed 2127
  mineval 1
  maxeval 1
  nstart 1000000
  nincrease 500000
  nbatch 1000
  gridno 1
  statefile "vegas_last_iter126"

Restoring state from vegas_last_iter126.

Iteration 16:  76000000 integrand evaluations so far
[1] 1.15347e-05 +- 1.15493e-09  	chisq 9.85385 (15 df)

Saving state to vegas_last_iter126.
Vegas input parameters:
  ndim 11
  ncomp 1
  epsrel 0
  epsabs 0
  flags 291
  seed 2253
  mineval 1
  maxeval 1
  nstart 1000000
  nincrease 500000
  nbatch 1000
  gridno 1
  statefile "vegas_last_iter126"

Restoring state from vegas_last_iter126.

Iteration 17:  85000000 integrand evaluations so far
[1] 1.15345e-05 +- 1.08125e-09  	chisq 10.0016 (16 df)

Saving state to vegas_last_iter126.
Vegas input parameters:
  ndim 11
  ncomp 1
  epsrel 0
  epsabs 0
  flags 291
  seed 2379
  mineval 1
  maxeval 1
  nstart 1000000
  nincrease 500000
  nbatch 1000
  gridno 1
  statefile "vegas_last_iter126"

Restoring state from vegas_last_iter126.

Iteration 18:  94500000 integrand evaluations so far
[1] 1.15346e-05 +- 1.01692e-09  	chisq 10.0522 (17 df)

Saving state to vegas_last_iter126.
Vegas input parameters:
  ndim 11
  ncomp 1
  epsrel 0
  epsabs 0
  flags 291
  seed 2505
  mineval 1
  maxeval 1
  nstart 1000000
  nincrease 500000
  nbatch 1000
  gridno 1
  statefile "vegas_last_iter126"

Restoring state from vegas_last_iter126.

Iteration 19:  104500000 integrand evaluations so far
[1] 1.15347e-05 +- 9.60799e-10  	chisq 10.2521 (18 df)

Saving state to vegas_last_iter126.
Vegas input parameters:
  ndim 11
  ncomp 1
  epsrel 0
  epsabs 0
  flags 291
  seed 2631
  mineval 1
  maxeval 1
  nstart 1000000
  nincrease 500000
  nbatch 1000
  gridno 1
  statefile "vegas_last_iter126"

Restoring state from vegas_last_iter126.

Iteration 20:  115000000 integrand evaluations so far
[1] 1.1535e-05 +- 9.1038e-10  	chisq 11.0284 (19 df)

Saving state to vegas_last_iter126.
Vegas input parameters:
  ndim 11
  ncomp 1
  epsrel 0
  epsabs 0
  flags 291
  seed 2757
  mineval 1
  maxeval 1
  nstart 1000000
  nincrease 500000
  nbatch 1000
  gridno 1
  statefile "vegas_last_iter126"

Restoring state from vegas_last_iter126.

Iteration 21:  126000000 integrand evaluations so far
[1] 1.15351e-05 +- 8.65204e-10  	chisq 11.0505 (20 df)

Saving state to vegas_last_iter126.
Vegas input parameters:
  ndim 11
  ncomp 1
  epsrel 0
  epsabs 0
  flags 291
  seed 2883
  mineval 1
  maxeval 1
  nstart 1000000
  nincrease 500000
  nbatch 1000
  gridno 1
  statefile "vegas_last_iter126"

Restoring state from vegas_last_iter126.

Iteration 22:  137500000 integrand evaluations so far
[1] 1.15352e-05 +- 8.24439e-10  	chisq 11.3314 (21 df)

Saving state to vegas_last_iter126.
Vegas input parameters:
  ndim 11
  ncomp 1
  epsrel 0
  epsabs 0
  flags 291
  seed 3009
  mineval 1
  maxeval 1
  nstart 1000000
  nincrease 500000
  nbatch 1000
  gridno 1
  statefile "vegas_last_iter126"

Restoring state from vegas_last_iter126.

Iteration 23:  149500000 integrand evaluations so far
[1] 1.15356e-05 +- 7.87547e-10  	chisq 13.5321 (22 df)

Saving state to vegas_last_iter126.
Vegas input parameters:
  ndim 11
  ncomp 1
  epsrel 0
  epsabs 0
  flags 291
  seed 3135
  mineval 1
  maxeval 1
  nstart 1000000
  nincrease 500000
  nbatch 1000
  gridno 1
  statefile "vegas_last_iter126"

Restoring state from vegas_last_iter126.

Iteration 24:  162000000 integrand evaluations so far
[1] 1.15356e-05 +- 7.53934e-10  	chisq 13.5819 (23 df)

Saving state to vegas_last_iter126.
Vegas input parameters:
  ndim 11
  ncomp 1
  epsrel 0
  epsabs 0
  flags 291
  seed 3261
  mineval 1
  maxeval 1
  nstart 1000000
  nincrease 500000
  nbatch 1000
  gridno 1
  statefile "vegas_last_iter126"

Restoring state from vegas_last_iter126.

Iteration 25:  175000000 integrand evaluations so far
[1] 1.1536e-05 +- 7.23204e-10  	chisq 16.7041 (24 df)

Saving state to vegas_last_iter126.
Vegas input parameters:
  ndim 11
  ncomp 1
  epsrel 0
  epsabs 0
  flags 291
  seed 3387
  mineval 1
  maxeval 1
  nstart 1000000
  nincrease 500000
  nbatch 1000
  gridno 1
  statefile "vegas_last_iter126"

Restoring state from vegas_last_iter126.

Iteration 26:  188500000 integrand evaluations so far
[1] 1.15359e-05 +- 6.94769e-10  	chisq 16.93 (25 df)

Saving state to vegas_last_iter126.
Vegas input parameters:
  ndim 11
  ncomp 1
  epsrel 0
  epsabs 0
  flags 291
  seed 3513
  mineval 1
  maxeval 1
  nstart 1000000
  nincrease 500000
  nbatch 1000
  gridno 1
  statefile "vegas_last_iter126"

Restoring state from vegas_last_iter126.

Iteration 27:  202500000 integrand evaluations so far
[1] 1.15359e-05 +- 6.68695e-10  	chisq 16.9497 (26 df)

Saving state to vegas_last_iter126.
Thanks for using LHAPDF 6.3.0. Please make sure to cite the paper:
  Eur.Phys.J. C75 (2015) 3, 132  (http://arxiv.org/abs/1412.7420)
 method   =Vegas  
 nregions =           1
 neval    =   202500000
 fail     =           1
  0.115359153904E-04 +-   0.668694874679E-09   p =    0.068
