/var/lib/condor/execute/dir_12559
LHAPDF 6.3.0 loading /home/taebh/2021_Research/share/LHAPDF/NNPDF31_nnlo_as_0118_mc_hessian_pdfas/NNPDF31_nnlo_as_0118_mc_hessian_pdfas_0000.dat
NNPDF31_nnlo_as_0118_mc_hessian_pdfas PDF set, member #0, version 1
Vegas input parameters:
  ndim 11
  ncomp 1
  epsrel 0
  epsabs 0
  flags 291
  seed 265
  mineval 1
  maxeval 1
  nstart 1000000
  nincrease 500000
  nbatch 1000
  gridno 1
  statefile "vegas_last_iter154"

Iteration 1:  1000000 integrand evaluations so far
[1] 0.00190143 +- 0.000434212  	chisq 0 (0 df)

Saving state to vegas_last_iter154.
Vegas input parameters:
  ndim 11
  ncomp 1
  epsrel 0
  epsabs 0
  flags 291
  seed 419
  mineval 1
  maxeval 1
  nstart 1000000
  nincrease 500000
  nbatch 1000
  gridno 1
  statefile "vegas_last_iter154"

Restoring state from vegas_last_iter154.

Iteration 2:  2500000 integrand evaluations so far
[1] 0.00179907 +- 0.000157168  	chisq 0.063952 (1 df)

Saving state to vegas_last_iter154.
Vegas input parameters:
  ndim 11
  ncomp 1
  epsrel 0
  epsabs 0
  flags 291
  seed 573
  mineval 1
  maxeval 1
  nstart 1000000
  nincrease 500000
  nbatch 1000
  gridno 1
  statefile "vegas_last_iter154"

Restoring state from vegas_last_iter154.

Iteration 3:  4500000 integrand evaluations so far
[1] 0.00205521 +- 9.19397e-05  	chisq 4.10176 (2 df)

Saving state to vegas_last_iter154.
Vegas input parameters:
  ndim 11
  ncomp 1
  epsrel 0
  epsabs 0
  flags 291
  seed 727
  mineval 1
  maxeval 1
  nstart 1000000
  nincrease 500000
  nbatch 1000
  gridno 1
  statefile "vegas_last_iter154"

Restoring state from vegas_last_iter154.

Iteration 4:  7000000 integrand evaluations so far
[1] 0.0021614 +- 2.291e-05  	chisq 5.52401 (3 df)

Saving state to vegas_last_iter154.
Vegas input parameters:
  ndim 11
  ncomp 1
  epsrel 0
  epsabs 0
  flags 291
  seed 881
  mineval 1
  maxeval 1
  nstart 1000000
  nincrease 500000
  nbatch 1000
  gridno 1
  statefile "vegas_last_iter154"

Restoring state from vegas_last_iter154.

Iteration 5:  10000000 integrand evaluations so far
[1] 0.0021767 +- 6.11181e-06  	chisq 6.00388 (4 df)

Saving state to vegas_last_iter154.
Vegas input parameters:
  ndim 11
  ncomp 1
  epsrel 0
  epsabs 0
  flags 291
  seed 1035
  mineval 1
  maxeval 1
  nstart 1000000
  nincrease 500000
  nbatch 1000
  gridno 1
  statefile "vegas_last_iter154"

Restoring state from vegas_last_iter154.

Iteration 6:  13500000 integrand evaluations so far
[1] 0.00217054 +- 2.89436e-06  	chisq 7.31073 (5 df)

Saving state to vegas_last_iter154.
Vegas input parameters:
  ndim 11
  ncomp 1
  epsrel 0
  epsabs 0
  flags 291
  seed 1189
  mineval 1
  maxeval 1
  nstart 1000000
  nincrease 500000
  nbatch 1000
  gridno 1
  statefile "vegas_last_iter154"

Restoring state from vegas_last_iter154.

Iteration 7:  17500000 integrand evaluations so far
[1] 0.00217262 +- 1.93064e-06  	chisq 8.237 (6 df)

Saving state to vegas_last_iter154.
Vegas input parameters:
  ndim 11
  ncomp 1
  epsrel 0
  epsabs 0
  flags 291
  seed 1343
  mineval 1
  maxeval 1
  nstart 1000000
  nincrease 500000
  nbatch 1000
  gridno 1
  statefile "vegas_last_iter154"

Restoring state from vegas_last_iter154.

Iteration 8:  22000000 integrand evaluations so far
[1] 0.00217225 +- 1.4827e-06  	chisq 8.32354 (7 df)

Saving state to vegas_last_iter154.
Vegas input parameters:
  ndim 11
  ncomp 1
  epsrel 0
  epsabs 0
  flags 291
  seed 1497
  mineval 1
  maxeval 1
  nstart 1000000
  nincrease 500000
  nbatch 1000
  gridno 1
  statefile "vegas_last_iter154"

Restoring state from vegas_last_iter154.

Iteration 9:  27000000 integrand evaluations so far
[1] 0.002172 +- 1.22206e-06  	chisq 8.41574 (8 df)

Saving state to vegas_last_iter154.
Vegas input parameters:
  ndim 11
  ncomp 1
  epsrel 0
  epsabs 0
  flags 291
  seed 1651
  mineval 1
  maxeval 1
  nstart 1000000
  nincrease 500000
  nbatch 1000
  gridno 1
  statefile "vegas_last_iter154"

Restoring state from vegas_last_iter154.

Iteration 10:  32500000 integrand evaluations so far
[1] 0.00217231 +- 1.04854e-06  	chisq 8.66634 (9 df)

Saving state to vegas_last_iter154.
Vegas input parameters:
  ndim 11
  ncomp 1
  epsrel 0
  epsabs 0
  flags 291
  seed 1805
  mineval 1
  maxeval 1
  nstart 1000000
  nincrease 500000
  nbatch 1000
  gridno 1
  statefile "vegas_last_iter154"

Restoring state from vegas_last_iter154.

Iteration 11:  38500000 integrand evaluations so far
[1] 0.0021722 +- 9.23384e-07  	chisq 8.7186 (10 df)

Saving state to vegas_last_iter154.
Vegas input parameters:
  ndim 11
  ncomp 1
  epsrel 0
  epsabs 0
  flags 291
  seed 1959
  mineval 1
  maxeval 1
  nstart 1000000
  nincrease 500000
  nbatch 1000
  gridno 1
  statefile "vegas_last_iter154"

Restoring state from vegas_last_iter154.

Iteration 12:  45000000 integrand evaluations so far
[1] 0.00217295 +- 8.27898e-07  	chisq 12.1009 (11 df)

Saving state to vegas_last_iter154.
Vegas input parameters:
  ndim 11
  ncomp 1
  epsrel 0
  epsabs 0
  flags 291
  seed 2113
  mineval 1
  maxeval 1
  nstart 1000000
  nincrease 500000
  nbatch 1000
  gridno 1
  statefile "vegas_last_iter154"

Restoring state from vegas_last_iter154.

Iteration 13:  52000000 integrand evaluations so far
[1] 0.00217317 +- 7.52216e-07  	chisq 12.52 (12 df)

Saving state to vegas_last_iter154.
Vegas input parameters:
  ndim 11
  ncomp 1
  epsrel 0
  epsabs 0
  flags 291
  seed 2267
  mineval 1
  maxeval 1
  nstart 1000000
  nincrease 500000
  nbatch 1000
  gridno 1
  statefile "vegas_last_iter154"

Restoring state from vegas_last_iter154.

Iteration 14:  59500000 integrand evaluations so far
[1] 0.00217348 +- 6.90351e-07  	chisq 13.581 (13 df)

Saving state to vegas_last_iter154.
Vegas input parameters:
  ndim 11
  ncomp 1
  epsrel 0
  epsabs 0
  flags 291
  seed 2421
  mineval 1
  maxeval 1
  nstart 1000000
  nincrease 500000
  nbatch 1000
  gridno 1
  statefile "vegas_last_iter154"

Restoring state from vegas_last_iter154.

Iteration 15:  67500000 integrand evaluations so far
[1] 0.00217362 +- 6.38681e-07  	chisq 13.8586 (14 df)

Saving state to vegas_last_iter154.
Vegas input parameters:
  ndim 11
  ncomp 1
  epsrel 0
  epsabs 0
  flags 291
  seed 2575
  mineval 1
  maxeval 1
  nstart 1000000
  nincrease 500000
  nbatch 1000
  gridno 1
  statefile "vegas_last_iter154"

Restoring state from vegas_last_iter154.

Iteration 16:  76000000 integrand evaluations so far
[1] 0.00217376 +- 5.9477e-07  	chisq 14.2164 (15 df)

Saving state to vegas_last_iter154.
Vegas input parameters:
  ndim 11
  ncomp 1
  epsrel 0
  epsabs 0
  flags 291
  seed 2729
  mineval 1
  maxeval 1
  nstart 1000000
  nincrease 500000
  nbatch 1000
  gridno 1
  statefile "vegas_last_iter154"

Restoring state from vegas_last_iter154.

Iteration 17:  85000000 integrand evaluations so far
[1] 0.00217333 +- 5.56842e-07  	chisq 18.5054 (16 df)

Saving state to vegas_last_iter154.
Vegas input parameters:
  ndim 11
  ncomp 1
  epsrel 0
  epsabs 0
  flags 291
  seed 2883
  mineval 1
  maxeval 1
  nstart 1000000
  nincrease 500000
  nbatch 1000
  gridno 1
  statefile "vegas_last_iter154"

Restoring state from vegas_last_iter154.

Iteration 18:  94500000 integrand evaluations so far
[1] 0.0021732 +- 5.23771e-07  	chisq 18.9422 (17 df)

Saving state to vegas_last_iter154.
Vegas input parameters:
  ndim 11
  ncomp 1
  epsrel 0
  epsabs 0
  flags 291
  seed 3037
  mineval 1
  maxeval 1
  nstart 1000000
  nincrease 500000
  nbatch 1000
  gridno 1
  statefile "vegas_last_iter154"

Restoring state from vegas_last_iter154.

Iteration 19:  104500000 integrand evaluations so far
[1] 0.0021736 +- 4.94585e-07  	chisq 24.2087 (18 df)

Saving state to vegas_last_iter154.
Vegas input parameters:
  ndim 11
  ncomp 1
  epsrel 0
  epsabs 0
  flags 291
  seed 3191
  mineval 1
  maxeval 1
  nstart 1000000
  nincrease 500000
  nbatch 1000
  gridno 1
  statefile "vegas_last_iter154"

Restoring state from vegas_last_iter154.

Iteration 20:  115000000 integrand evaluations so far
[1] 0.00217376 +- 4.68638e-07  	chisq 25.2739 (19 df)

Saving state to vegas_last_iter154.
Vegas input parameters:
  ndim 11
  ncomp 1
  epsrel 0
  epsabs 0
  flags 291
  seed 3345
  mineval 1
  maxeval 1
  nstart 1000000
  nincrease 500000
  nbatch 1000
  gridno 1
  statefile "vegas_last_iter154"

Restoring state from vegas_last_iter154.

Iteration 21:  126000000 integrand evaluations so far
[1] 0.00217383 +- 4.4538e-07  	chisq 25.4968 (20 df)

Saving state to vegas_last_iter154.
Vegas input parameters:
  ndim 11
  ncomp 1
  epsrel 0
  epsabs 0
  flags 291
  seed 3499
  mineval 1
  maxeval 1
  nstart 1000000
  nincrease 500000
  nbatch 1000
  gridno 1
  statefile "vegas_last_iter154"

Restoring state from vegas_last_iter154.

Iteration 22:  137500000 integrand evaluations so far
[1] 0.00217375 +- 4.24426e-07  	chisq 25.8017 (21 df)

Saving state to vegas_last_iter154.
Vegas input parameters:
  ndim 11
  ncomp 1
  epsrel 0
  epsabs 0
  flags 291
  seed 3653
  mineval 1
  maxeval 1
  nstart 1000000
  nincrease 500000
  nbatch 1000
  gridno 1
  statefile "vegas_last_iter154"

Restoring state from vegas_last_iter154.

Iteration 23:  149500000 integrand evaluations so far
[1] 0.00217379 +- 4.05444e-07  	chisq 25.8799 (22 df)

Saving state to vegas_last_iter154.
Vegas input parameters:
  ndim 11
  ncomp 1
  epsrel 0
  epsabs 0
  flags 291
  seed 3807
  mineval 1
  maxeval 1
  nstart 1000000
  nincrease 500000
  nbatch 1000
  gridno 1
  statefile "vegas_last_iter154"

Restoring state from vegas_last_iter154.

Iteration 24:  162000000 integrand evaluations so far
[1] 0.00217366 +- 3.88145e-07  	chisq 27.1576 (23 df)

Saving state to vegas_last_iter154.
Vegas input parameters:
  ndim 11
  ncomp 1
  epsrel 0
  epsabs 0
  flags 291
  seed 3961
  mineval 1
  maxeval 1
  nstart 1000000
  nincrease 500000
  nbatch 1000
  gridno 1
  statefile "vegas_last_iter154"

Restoring state from vegas_last_iter154.

Iteration 25:  175000000 integrand evaluations so far
[1] 0.00217368 +- 3.72294e-07  	chisq 27.1991 (24 df)

Saving state to vegas_last_iter154.
Vegas input parameters:
  ndim 11
  ncomp 1
  epsrel 0
  epsabs 0
  flags 291
  seed 4115
  mineval 1
  maxeval 1
  nstart 1000000
  nincrease 500000
  nbatch 1000
  gridno 1
  statefile "vegas_last_iter154"

Restoring state from vegas_last_iter154.

Iteration 26:  188500000 integrand evaluations so far
[1] 0.0021738 +- 3.57735e-07  	chisq 28.5564 (25 df)

Saving state to vegas_last_iter154.
Vegas input parameters:
  ndim 11
  ncomp 1
  epsrel 0
  epsabs 0
  flags 291
  seed 4269
  mineval 1
  maxeval 1
  nstart 1000000
  nincrease 500000
  nbatch 1000
  gridno 1
  statefile "vegas_last_iter154"

Restoring state from vegas_last_iter154.

Iteration 27:  202500000 integrand evaluations so far
[1] 0.00217388 +- 3.44287e-07  	chisq 29.1536 (26 df)

Saving state to vegas_last_iter154.
Thanks for using LHAPDF 6.3.0. Please make sure to cite the paper:
  Eur.Phys.J. C75 (2015) 3, 132  (http://arxiv.org/abs/1412.7420)
 method   =Vegas  
 nregions =           1
 neval    =   202500000
 fail     =           1
  0.217387515694E-02 +-   0.344286842182E-06   p =    0.647
