/var/lib/condor/execute/dir_56394
LHAPDF 6.3.0 loading /home/taebh/2021_Research/share/LHAPDF/NNPDF31_nnlo_as_0118_mc_hessian_pdfas/NNPDF31_nnlo_as_0118_mc_hessian_pdfas_0000.dat
NNPDF31_nnlo_as_0118_mc_hessian_pdfas PDF set, member #0, version 1
Vegas input parameters:
  ndim 11
  ncomp 1
  epsrel 0
  epsabs 0
  flags 291
  seed 211
  mineval 1
  maxeval 1
  nstart 1000000
  nincrease 500000
  nbatch 1000
  gridno 1
  statefile "vegas_last_iter100"

Iteration 1:  1000000 integrand evaluations so far
[1] -0.000103262 +- 0.00053614  	chisq 0 (0 df)

Saving state to vegas_last_iter100.
Vegas input parameters:
  ndim 11
  ncomp 1
  epsrel 0
  epsabs 0
  flags 291
  seed 311
  mineval 1
  maxeval 1
  nstart 1000000
  nincrease 500000
  nbatch 1000
  gridno 1
  statefile "vegas_last_iter100"

Restoring state from vegas_last_iter100.

Iteration 2:  2500000 integrand evaluations so far
[1] 0.000224972 +- 0.000219682  	chisq 0.450433 (1 df)

Saving state to vegas_last_iter100.
Vegas input parameters:
  ndim 11
  ncomp 1
  epsrel 0
  epsabs 0
  flags 291
  seed 411
  mineval 1
  maxeval 1
  nstart 1000000
  nincrease 500000
  nbatch 1000
  gridno 1
  statefile "vegas_last_iter100"

Restoring state from vegas_last_iter100.

Iteration 3:  4500000 integrand evaluations so far
[1] 0.000456875 +- 6.23538e-05  	chisq 1.66243 (2 df)

Saving state to vegas_last_iter100.
Vegas input parameters:
  ndim 11
  ncomp 1
  epsrel 0
  epsabs 0
  flags 291
  seed 511
  mineval 1
  maxeval 1
  nstart 1000000
  nincrease 500000
  nbatch 1000
  gridno 1
  statefile "vegas_last_iter100"

Restoring state from vegas_last_iter100.

Iteration 4:  7000000 integrand evaluations so far
[1] 0.000431856 +- 1.56572e-05  	chisq 1.83426 (3 df)

Saving state to vegas_last_iter100.
Vegas input parameters:
  ndim 11
  ncomp 1
  epsrel 0
  epsabs 0
  flags 291
  seed 611
  mineval 1
  maxeval 1
  nstart 1000000
  nincrease 500000
  nbatch 1000
  gridno 1
  statefile "vegas_last_iter100"

Restoring state from vegas_last_iter100.

Iteration 5:  10000000 integrand evaluations so far
[1] 0.000442845 +- 4.40134e-06  	chisq 2.36921 (4 df)

Saving state to vegas_last_iter100.
Vegas input parameters:
  ndim 11
  ncomp 1
  epsrel 0
  epsabs 0
  flags 291
  seed 711
  mineval 1
  maxeval 1
  nstart 1000000
  nincrease 500000
  nbatch 1000
  gridno 1
  statefile "vegas_last_iter100"

Restoring state from vegas_last_iter100.

Iteration 6:  13500000 integrand evaluations so far
[1] 0.000441547 +- 2.46473e-06  	chisq 2.49591 (5 df)

Saving state to vegas_last_iter100.
Vegas input parameters:
  ndim 11
  ncomp 1
  epsrel 0
  epsabs 0
  flags 291
  seed 811
  mineval 1
  maxeval 1
  nstart 1000000
  nincrease 500000
  nbatch 1000
  gridno 1
  statefile "vegas_last_iter100"

Restoring state from vegas_last_iter100.

Iteration 7:  17500000 integrand evaluations so far
[1] 0.000439068 +- 1.76113e-06  	chisq 4.56296 (6 df)

Saving state to vegas_last_iter100.
Vegas input parameters:
  ndim 11
  ncomp 1
  epsrel 0
  epsabs 0
  flags 291
  seed 911
  mineval 1
  maxeval 1
  nstart 1000000
  nincrease 500000
  nbatch 1000
  gridno 1
  statefile "vegas_last_iter100"

Restoring state from vegas_last_iter100.

Iteration 8:  22000000 integrand evaluations so far
[1] 0.000439114 +- 1.3996e-06  	chisq 4.56482 (7 df)

Saving state to vegas_last_iter100.
Vegas input parameters:
  ndim 11
  ncomp 1
  epsrel 0
  epsabs 0
  flags 291
  seed 1011
  mineval 1
  maxeval 1
  nstart 1000000
  nincrease 500000
  nbatch 1000
  gridno 1
  statefile "vegas_last_iter100"

Restoring state from vegas_last_iter100.

Iteration 9:  27000000 integrand evaluations so far
[1] 0.000438126 +- 1.17629e-06  	chisq 6.26488 (8 df)

Saving state to vegas_last_iter100.
Vegas input parameters:
  ndim 11
  ncomp 1
  epsrel 0
  epsabs 0
  flags 291
  seed 1111
  mineval 1
  maxeval 1
  nstart 1000000
  nincrease 500000
  nbatch 1000
  gridno 1
  statefile "vegas_last_iter100"

Restoring state from vegas_last_iter100.

Iteration 10:  32500000 integrand evaluations so far
[1] 0.000438645 +- 1.02154e-06  	chisq 7.05704 (9 df)

Saving state to vegas_last_iter100.
Vegas input parameters:
  ndim 11
  ncomp 1
  epsrel 0
  epsabs 0
  flags 291
  seed 1211
  mineval 1
  maxeval 1
  nstart 1000000
  nincrease 500000
  nbatch 1000
  gridno 1
  statefile "vegas_last_iter100"

Restoring state from vegas_last_iter100.

Iteration 11:  38500000 integrand evaluations so far
[1] 0.000438908 +- 9.06686e-07  	chisq 7.36946 (10 df)

Saving state to vegas_last_iter100.
Vegas input parameters:
  ndim 11
  ncomp 1
  epsrel 0
  epsabs 0
  flags 291
  seed 1311
  mineval 1
  maxeval 1
  nstart 1000000
  nincrease 500000
  nbatch 1000
  gridno 1
  statefile "vegas_last_iter100"

Restoring state from vegas_last_iter100.

Iteration 12:  45000000 integrand evaluations so far
[1] 0.000439249 +- 8.17494e-07  	chisq 8.12785 (11 df)

Saving state to vegas_last_iter100.
Vegas input parameters:
  ndim 11
  ncomp 1
  epsrel 0
  epsabs 0
  flags 291
  seed 1411
  mineval 1
  maxeval 1
  nstart 1000000
  nincrease 500000
  nbatch 1000
  gridno 1
  statefile "vegas_last_iter100"

Restoring state from vegas_last_iter100.

Iteration 13:  52000000 integrand evaluations so far
[1] 0.000439313 +- 7.45783e-07  	chisq 8.164 (12 df)

Saving state to vegas_last_iter100.
Vegas input parameters:
  ndim 11
  ncomp 1
  epsrel 0
  epsabs 0
  flags 291
  seed 1511
  mineval 1
  maxeval 1
  nstart 1000000
  nincrease 500000
  nbatch 1000
  gridno 1
  statefile "vegas_last_iter100"

Restoring state from vegas_last_iter100.

Iteration 14:  59500000 integrand evaluations so far
[1] 0.000439092 +- 6.86614e-07  	chisq 8.74189 (13 df)

Saving state to vegas_last_iter100.
Vegas input parameters:
  ndim 11
  ncomp 1
  epsrel 0
  epsabs 0
  flags 291
  seed 1611
  mineval 1
  maxeval 1
  nstart 1000000
  nincrease 500000
  nbatch 1000
  gridno 1
  statefile "vegas_last_iter100"

Restoring state from vegas_last_iter100.

Iteration 15:  67500000 integrand evaluations so far
[1] 0.000439264 +- 6.3675e-07  	chisq 9.19356 (14 df)

Saving state to vegas_last_iter100.
Vegas input parameters:
  ndim 11
  ncomp 1
  epsrel 0
  epsabs 0
  flags 291
  seed 1711
  mineval 1
  maxeval 1
  nstart 1000000
  nincrease 500000
  nbatch 1000
  gridno 1
  statefile "vegas_last_iter100"

Restoring state from vegas_last_iter100.

Iteration 16:  76000000 integrand evaluations so far
[1] 0.000439324 +- 5.94069e-07  	chisq 9.26063 (15 df)

Saving state to vegas_last_iter100.
Vegas input parameters:
  ndim 11
  ncomp 1
  epsrel 0
  epsabs 0
  flags 291
  seed 1811
  mineval 1
  maxeval 1
  nstart 1000000
  nincrease 500000
  nbatch 1000
  gridno 1
  statefile "vegas_last_iter100"

Restoring state from vegas_last_iter100.

Iteration 17:  85000000 integrand evaluations so far
[1] 0.000439104 +- 5.57083e-07  	chisq 10.3918 (16 df)

Saving state to vegas_last_iter100.
Vegas input parameters:
  ndim 11
  ncomp 1
  epsrel 0
  epsabs 0
  flags 291
  seed 1911
  mineval 1
  maxeval 1
  nstart 1000000
  nincrease 500000
  nbatch 1000
  gridno 1
  statefile "vegas_last_iter100"

Restoring state from vegas_last_iter100.

Iteration 18:  94500000 integrand evaluations so far
[1] 0.000439034 +- 5.24618e-07  	chisq 10.5331 (17 df)

Saving state to vegas_last_iter100.
Vegas input parameters:
  ndim 11
  ncomp 1
  epsrel 0
  epsabs 0
  flags 291
  seed 2011
  mineval 1
  maxeval 1
  nstart 1000000
  nincrease 500000
  nbatch 1000
  gridno 1
  statefile "vegas_last_iter100"

Restoring state from vegas_last_iter100.

Iteration 19:  104500000 integrand evaluations so far
[1] 0.000438782 +- 4.95914e-07  	chisq 12.6999 (18 df)

Saving state to vegas_last_iter100.
Vegas input parameters:
  ndim 11
  ncomp 1
  epsrel 0
  epsabs 0
  flags 291
  seed 2111
  mineval 1
  maxeval 1
  nstart 1000000
  nincrease 500000
  nbatch 1000
  gridno 1
  statefile "vegas_last_iter100"

Restoring state from vegas_last_iter100.

Iteration 20:  115000000 integrand evaluations so far
[1] 0.000438666 +- 4.70323e-07  	chisq 13.2396 (19 df)

Saving state to vegas_last_iter100.
Vegas input parameters:
  ndim 11
  ncomp 1
  epsrel 0
  epsabs 0
  flags 291
  seed 2211
  mineval 1
  maxeval 1
  nstart 1000000
  nincrease 500000
  nbatch 1000
  gridno 1
  statefile "vegas_last_iter100"

Restoring state from vegas_last_iter100.

Iteration 21:  126000000 integrand evaluations so far
[1] 0.000438532 +- 4.47354e-07  	chisq 14.0992 (20 df)

Saving state to vegas_last_iter100.
Vegas input parameters:
  ndim 11
  ncomp 1
  epsrel 0
  epsabs 0
  flags 291
  seed 2311
  mineval 1
  maxeval 1
  nstart 1000000
  nincrease 500000
  nbatch 1000
  gridno 1
  statefile "vegas_last_iter100"

Restoring state from vegas_last_iter100.

Iteration 22:  137500000 integrand evaluations so far
[1] 0.000438458 +- 4.266e-07  	chisq 14.3978 (21 df)

Saving state to vegas_last_iter100.
Vegas input parameters:
  ndim 11
  ncomp 1
  epsrel 0
  epsabs 0
  flags 291
  seed 2411
  mineval 1
  maxeval 1
  nstart 1000000
  nincrease 500000
  nbatch 1000
  gridno 1
  statefile "vegas_last_iter100"

Restoring state from vegas_last_iter100.

Iteration 23:  149500000 integrand evaluations so far
[1] 0.000438224 +- 4.07767e-07  	chisq 17.8753 (22 df)

Saving state to vegas_last_iter100.
Vegas input parameters:
  ndim 11
  ncomp 1
  epsrel 0
  epsabs 0
  flags 291
  seed 2511
  mineval 1
  maxeval 1
  nstart 1000000
  nincrease 500000
  nbatch 1000
  gridno 1
  statefile "vegas_last_iter100"

Restoring state from vegas_last_iter100.

Iteration 24:  162000000 integrand evaluations so far
[1] 0.000438253 +- 3.9056e-07  	chisq 17.9367 (23 df)

Saving state to vegas_last_iter100.
Vegas input parameters:
  ndim 11
  ncomp 1
  epsrel 0
  epsabs 0
  flags 291
  seed 2611
  mineval 1
  maxeval 1
  nstart 1000000
  nincrease 500000
  nbatch 1000
  gridno 1
  statefile "vegas_last_iter100"

Restoring state from vegas_last_iter100.

Iteration 25:  175000000 integrand evaluations so far
[1] 0.000438399 +- 3.74779e-07  	chisq 19.6907 (24 df)

Saving state to vegas_last_iter100.
Vegas input parameters:
  ndim 11
  ncomp 1
  epsrel 0
  epsabs 0
  flags 291
  seed 2711
  mineval 1
  maxeval 1
  nstart 1000000
  nincrease 500000
  nbatch 1000
  gridno 1
  statefile "vegas_last_iter100"

Restoring state from vegas_last_iter100.

Iteration 26:  188500000 integrand evaluations so far
[1] 0.00043854 +- 3.60261e-07  	chisq 21.5553 (25 df)

Saving state to vegas_last_iter100.
Vegas input parameters:
  ndim 11
  ncomp 1
  epsrel 0
  epsabs 0
  flags 291
  seed 2811
  mineval 1
  maxeval 1
  nstart 1000000
  nincrease 500000
  nbatch 1000
  gridno 1
  statefile "vegas_last_iter100"

Restoring state from vegas_last_iter100.

Iteration 27:  202500000 integrand evaluations so far
[1] 0.000438634 +- 3.46855e-07  	chisq 22.488 (26 df)

Saving state to vegas_last_iter100.
Thanks for using LHAPDF 6.3.0. Please make sure to cite the paper:
  Eur.Phys.J. C75 (2015) 3, 132  (http://arxiv.org/abs/1412.7420)
 method   =Vegas  
 nregions =           1
 neval    =   202500000
 fail     =           1
  0.438633948732E-03 +-   0.346854595387E-06   p =    0.288
