/var/lib/condor/execute/dir_1546
LHAPDF 6.3.0 loading /home/taebh/2021_Research/share/LHAPDF/NNPDF31_nnlo_as_0118_mc_hessian_pdfas/NNPDF31_nnlo_as_0118_mc_hessian_pdfas_0000.dat
NNPDF31_nnlo_as_0118_mc_hessian_pdfas PDF set, member #0, version 1
Vegas input parameters:
  ndim 11
  ncomp 1
  epsrel 0
  epsabs 0
  flags 291
  seed 241
  mineval 1
  maxeval 1
  nstart 1000000
  nincrease 500000
  nbatch 1000
  gridno 1
  statefile "vegas_last_iter130"

Iteration 1:  1000000 integrand evaluations so far
[1] 1.59219e-05 +- 3.8338e-06  	chisq 0 (0 df)

Saving state to vegas_last_iter130.
Vegas input parameters:
  ndim 11
  ncomp 1
  epsrel 0
  epsabs 0
  flags 291
  seed 371
  mineval 1
  maxeval 1
  nstart 1000000
  nincrease 500000
  nbatch 1000
  gridno 1
  statefile "vegas_last_iter130"

Restoring state from vegas_last_iter130.

Iteration 2:  2500000 integrand evaluations so far
[1] 1.57196e-05 +- 1.22385e-06  	chisq 0.00310057 (1 df)

Saving state to vegas_last_iter130.
Vegas input parameters:
  ndim 11
  ncomp 1
  epsrel 0
  epsabs 0
  flags 291
  seed 501
  mineval 1
  maxeval 1
  nstart 1000000
  nincrease 500000
  nbatch 1000
  gridno 1
  statefile "vegas_last_iter130"

Restoring state from vegas_last_iter130.

Iteration 3:  4500000 integrand evaluations so far
[1] 1.63406e-05 +- 4.89003e-07  	chisq 0.309534 (2 df)

Saving state to vegas_last_iter130.
Vegas input parameters:
  ndim 11
  ncomp 1
  epsrel 0
  epsabs 0
  flags 291
  seed 631
  mineval 1
  maxeval 1
  nstart 1000000
  nincrease 500000
  nbatch 1000
  gridno 1
  statefile "vegas_last_iter130"

Restoring state from vegas_last_iter130.

Iteration 4:  7000000 integrand evaluations so far
[1] 1.5716e-05 +- 2.47061e-07  	chisq 2.50025 (3 df)

Saving state to vegas_last_iter130.
Vegas input parameters:
  ndim 11
  ncomp 1
  epsrel 0
  epsabs 0
  flags 291
  seed 761
  mineval 1
  maxeval 1
  nstart 1000000
  nincrease 500000
  nbatch 1000
  gridno 1
  statefile "vegas_last_iter130"

Restoring state from vegas_last_iter130.

Iteration 5:  10000000 integrand evaluations so far
[1] 1.59007e-05 +- 1.57977e-07  	chisq 3.4455 (4 df)

Saving state to vegas_last_iter130.
Vegas input parameters:
  ndim 11
  ncomp 1
  epsrel 0
  epsabs 0
  flags 291
  seed 891
  mineval 1
  maxeval 1
  nstart 1000000
  nincrease 500000
  nbatch 1000
  gridno 1
  statefile "vegas_last_iter130"

Restoring state from vegas_last_iter130.

Iteration 6:  13500000 integrand evaluations so far
[1] 1.57835e-05 +- 1.14943e-07  	chisq 4.61446 (5 df)

Saving state to vegas_last_iter130.
Vegas input parameters:
  ndim 11
  ncomp 1
  epsrel 0
  epsabs 0
  flags 291
  seed 1021
  mineval 1
  maxeval 1
  nstart 1000000
  nincrease 500000
  nbatch 1000
  gridno 1
  statefile "vegas_last_iter130"

Restoring state from vegas_last_iter130.

Iteration 7:  17500000 integrand evaluations so far
[1] 1.57766e-05 +- 8.96921e-08  	chisq 4.6238 (6 df)

Saving state to vegas_last_iter130.
Vegas input parameters:
  ndim 11
  ncomp 1
  epsrel 0
  epsabs 0
  flags 291
  seed 1151
  mineval 1
  maxeval 1
  nstart 1000000
  nincrease 500000
  nbatch 1000
  gridno 1
  statefile "vegas_last_iter130"

Restoring state from vegas_last_iter130.

Iteration 8:  22000000 integrand evaluations so far
[1] 1.5734e-05 +- 7.41736e-08  	chisq 5.33551 (7 df)

Saving state to vegas_last_iter130.
Vegas input parameters:
  ndim 11
  ncomp 1
  epsrel 0
  epsabs 0
  flags 291
  seed 1281
  mineval 1
  maxeval 1
  nstart 1000000
  nincrease 500000
  nbatch 1000
  gridno 1
  statefile "vegas_last_iter130"

Restoring state from vegas_last_iter130.

Iteration 9:  27000000 integrand evaluations so far
[1] 1.57554e-05 +- 6.36597e-08  	chisq 5.65083 (8 df)

Saving state to vegas_last_iter130.
Vegas input parameters:
  ndim 11
  ncomp 1
  epsrel 0
  epsabs 0
  flags 291
  seed 1411
  mineval 1
  maxeval 1
  nstart 1000000
  nincrease 500000
  nbatch 1000
  gridno 1
  statefile "vegas_last_iter130"

Restoring state from vegas_last_iter130.

Iteration 10:  32500000 integrand evaluations so far
[1] 1.57565e-05 +- 5.60112e-08  	chisq 5.65228 (9 df)

Saving state to vegas_last_iter130.
Vegas input parameters:
  ndim 11
  ncomp 1
  epsrel 0
  epsabs 0
  flags 291
  seed 1541
  mineval 1
  maxeval 1
  nstart 1000000
  nincrease 500000
  nbatch 1000
  gridno 1
  statefile "vegas_last_iter130"

Restoring state from vegas_last_iter130.

Iteration 11:  38500000 integrand evaluations so far
[1] 1.57794e-05 +- 5.01589e-08  	chisq 6.49493 (10 df)

Saving state to vegas_last_iter130.
Vegas input parameters:
  ndim 11
  ncomp 1
  epsrel 0
  epsabs 0
  flags 291
  seed 1671
  mineval 1
  maxeval 1
  nstart 1000000
  nincrease 500000
  nbatch 1000
  gridno 1
  statefile "vegas_last_iter130"

Restoring state from vegas_last_iter130.

Iteration 12:  45000000 integrand evaluations so far
[1] 1.57917e-05 +- 4.54959e-08  	chisq 6.83162 (11 df)

Saving state to vegas_last_iter130.
Vegas input parameters:
  ndim 11
  ncomp 1
  epsrel 0
  epsabs 0
  flags 291
  seed 1801
  mineval 1
  maxeval 1
  nstart 1000000
  nincrease 500000
  nbatch 1000
  gridno 1
  statefile "vegas_last_iter130"

Restoring state from vegas_last_iter130.

Iteration 13:  52000000 integrand evaluations so far
[1] 1.57964e-05 +- 4.17196e-08  	chisq 6.89954 (12 df)

Saving state to vegas_last_iter130.
Vegas input parameters:
  ndim 11
  ncomp 1
  epsrel 0
  epsabs 0
  flags 291
  seed 1931
  mineval 1
  maxeval 1
  nstart 1000000
  nincrease 500000
  nbatch 1000
  gridno 1
  statefile "vegas_last_iter130"

Restoring state from vegas_last_iter130.

Iteration 14:  59500000 integrand evaluations so far
[1] 1.57931e-05 +- 3.85369e-08  	chisq 6.94138 (13 df)

Saving state to vegas_last_iter130.
Vegas input parameters:
  ndim 11
  ncomp 1
  epsrel 0
  epsabs 0
  flags 291
  seed 2061
  mineval 1
  maxeval 1
  nstart 1000000
  nincrease 500000
  nbatch 1000
  gridno 1
  statefile "vegas_last_iter130"

Restoring state from vegas_last_iter130.

Iteration 15:  67500000 integrand evaluations so far
[1] 1.5787e-05 +- 3.58286e-08  	chisq 7.13053 (14 df)

Saving state to vegas_last_iter130.
Vegas input parameters:
  ndim 11
  ncomp 1
  epsrel 0
  epsabs 0
  flags 291
  seed 2191
  mineval 1
  maxeval 1
  nstart 1000000
  nincrease 500000
  nbatch 1000
  gridno 1
  statefile "vegas_last_iter130"

Restoring state from vegas_last_iter130.

Iteration 16:  76000000 integrand evaluations so far
[1] 1.5772e-05 +- 3.34992e-08  	chisq 8.51852 (15 df)

Saving state to vegas_last_iter130.
Vegas input parameters:
  ndim 11
  ncomp 1
  epsrel 0
  epsabs 0
  flags 291
  seed 2321
  mineval 1
  maxeval 1
  nstart 1000000
  nincrease 500000
  nbatch 1000
  gridno 1
  statefile "vegas_last_iter130"

Restoring state from vegas_last_iter130.

Iteration 17:  85000000 integrand evaluations so far
[1] 1.57734e-05 +- 3.14626e-08  	chisq 8.53298 (16 df)

Saving state to vegas_last_iter130.
Vegas input parameters:
  ndim 11
  ncomp 1
  epsrel 0
  epsabs 0
  flags 291
  seed 2451
  mineval 1
  maxeval 1
  nstart 1000000
  nincrease 500000
  nbatch 1000
  gridno 1
  statefile "vegas_last_iter130"

Restoring state from vegas_last_iter130.

Iteration 18:  94500000 integrand evaluations so far
[1] 1.57619e-05 +- 2.96769e-08  	chisq 9.74474 (17 df)

Saving state to vegas_last_iter130.
Vegas input parameters:
  ndim 11
  ncomp 1
  epsrel 0
  epsabs 0
  flags 291
  seed 2581
  mineval 1
  maxeval 1
  nstart 1000000
  nincrease 500000
  nbatch 1000
  gridno 1
  statefile "vegas_last_iter130"

Restoring state from vegas_last_iter130.

Iteration 19:  104500000 integrand evaluations so far
[1] 1.576e-05 +- 2.80929e-08  	chisq 9.78272 (18 df)

Saving state to vegas_last_iter130.
Vegas input parameters:
  ndim 11
  ncomp 1
  epsrel 0
  epsabs 0
  flags 291
  seed 2711
  mineval 1
  maxeval 1
  nstart 1000000
  nincrease 500000
  nbatch 1000
  gridno 1
  statefile "vegas_last_iter130"

Restoring state from vegas_last_iter130.

Iteration 20:  115000000 integrand evaluations so far
[1] 1.57648e-05 +- 2.66715e-08  	chisq 10.076 (19 df)

Saving state to vegas_last_iter130.
Vegas input parameters:
  ndim 11
  ncomp 1
  epsrel 0
  epsabs 0
  flags 291
  seed 2841
  mineval 1
  maxeval 1
  nstart 1000000
  nincrease 500000
  nbatch 1000
  gridno 1
  statefile "vegas_last_iter130"

Restoring state from vegas_last_iter130.

Iteration 21:  126000000 integrand evaluations so far
[1] 1.57645e-05 +- 2.53946e-08  	chisq 10.0774 (20 df)

Saving state to vegas_last_iter130.
Vegas input parameters:
  ndim 11
  ncomp 1
  epsrel 0
  epsabs 0
  flags 291
  seed 2971
  mineval 1
  maxeval 1
  nstart 1000000
  nincrease 500000
  nbatch 1000
  gridno 1
  statefile "vegas_last_iter130"

Restoring state from vegas_last_iter130.

Iteration 22:  137500000 integrand evaluations so far
[1] 1.57704e-05 +- 2.4244e-08  	chisq 10.687 (21 df)

Saving state to vegas_last_iter130.
Vegas input parameters:
  ndim 11
  ncomp 1
  epsrel 0
  epsabs 0
  flags 291
  seed 3101
  mineval 1
  maxeval 1
  nstart 1000000
  nincrease 500000
  nbatch 1000
  gridno 1
  statefile "vegas_last_iter130"

Restoring state from vegas_last_iter130.

Iteration 23:  149500000 integrand evaluations so far
[1] 1.57823e-05 +- 2.31894e-08  	chisq 13.5139 (22 df)

Saving state to vegas_last_iter130.
Vegas input parameters:
  ndim 11
  ncomp 1
  epsrel 0
  epsabs 0
  flags 291
  seed 3231
  mineval 1
  maxeval 1
  nstart 1000000
  nincrease 500000
  nbatch 1000
  gridno 1
  statefile "vegas_last_iter130"

Restoring state from vegas_last_iter130.

Iteration 24:  162000000 integrand evaluations so far
[1] 1.57946e-05 +- 2.22206e-08  	chisq 16.9363 (23 df)

Saving state to vegas_last_iter130.
Vegas input parameters:
  ndim 11
  ncomp 1
  epsrel 0
  epsabs 0
  flags 291
  seed 3361
  mineval 1
  maxeval 1
  nstart 1000000
  nincrease 500000
  nbatch 1000
  gridno 1
  statefile "vegas_last_iter130"

Restoring state from vegas_last_iter130.

Iteration 25:  175000000 integrand evaluations so far
[1] 1.58021e-05 +- 2.13298e-08  	chisq 18.3933 (24 df)

Saving state to vegas_last_iter130.
Vegas input parameters:
  ndim 11
  ncomp 1
  epsrel 0
  epsabs 0
  flags 291
  seed 3491
  mineval 1
  maxeval 1
  nstart 1000000
  nincrease 500000
  nbatch 1000
  gridno 1
  statefile "vegas_last_iter130"

Restoring state from vegas_last_iter130.

Iteration 26:  188500000 integrand evaluations so far
[1] 1.57964e-05 +- 2.0513e-08  	chisq 19.3262 (25 df)

Saving state to vegas_last_iter130.
Vegas input parameters:
  ndim 11
  ncomp 1
  epsrel 0
  epsabs 0
  flags 291
  seed 3621
  mineval 1
  maxeval 1
  nstart 1000000
  nincrease 500000
  nbatch 1000
  gridno 1
  statefile "vegas_last_iter130"

Restoring state from vegas_last_iter130.

Iteration 27:  202500000 integrand evaluations so far
[1] 1.57911e-05 +- 1.97556e-08  	chisq 20.2497 (26 df)

Saving state to vegas_last_iter130.
Thanks for using LHAPDF 6.3.0. Please make sure to cite the paper:
  Eur.Phys.J. C75 (2015) 3, 132  (http://arxiv.org/abs/1412.7420)
 method   =Vegas  
 nregions =           1
 neval    =   202500000
 fail     =           1
  0.157911222999E-04 +-   0.197556282055E-07   p =    0.180
