/var/lib/condor/execute/dir_57131
LHAPDF 6.3.0 loading /home/taebh/2021_Research/share/LHAPDF/NNPDF31_nnlo_as_0118_mc_hessian_pdfas/NNPDF31_nnlo_as_0118_mc_hessian_pdfas_0000.dat
NNPDF31_nnlo_as_0118_mc_hessian_pdfas PDF set, member #0, version 1
Vegas input parameters:
  ndim 11
  ncomp 1
  epsrel 0
  epsabs 0
  flags 291
  seed 221
  mineval 1
  maxeval 1
  nstart 1000000
  nincrease 500000
  nbatch 1000
  gridno 1
  statefile "vegas_last_iter110"

Iteration 1:  1000000 integrand evaluations so far
[1] 0.00156347 +- 1.17589e-05  	chisq 0 (0 df)

Saving state to vegas_last_iter110.
Vegas input parameters:
  ndim 11
  ncomp 1
  epsrel 0
  epsabs 0
  flags 291
  seed 331
  mineval 1
  maxeval 1
  nstart 1000000
  nincrease 500000
  nbatch 1000
  gridno 1
  statefile "vegas_last_iter110"

Restoring state from vegas_last_iter110.

Iteration 2:  2500000 integrand evaluations so far
[1] 0.00156121 +- 5.04032e-06  	chisq 0.0453136 (1 df)

Saving state to vegas_last_iter110.
Vegas input parameters:
  ndim 11
  ncomp 1
  epsrel 0
  epsabs 0
  flags 291
  seed 441
  mineval 1
  maxeval 1
  nstart 1000000
  nincrease 500000
  nbatch 1000
  gridno 1
  statefile "vegas_last_iter110"

Restoring state from vegas_last_iter110.

Iteration 3:  4500000 integrand evaluations so far
[1] 0.00156314 +- 2.243e-06  	chisq 0.228764 (2 df)

Saving state to vegas_last_iter110.
Vegas input parameters:
  ndim 11
  ncomp 1
  epsrel 0
  epsabs 0
  flags 291
  seed 551
  mineval 1
  maxeval 1
  nstart 1000000
  nincrease 500000
  nbatch 1000
  gridno 1
  statefile "vegas_last_iter110"

Restoring state from vegas_last_iter110.

Iteration 4:  7000000 integrand evaluations so far
[1] 0.00156356 +- 1.21255e-06  	chisq 0.278292 (3 df)

Saving state to vegas_last_iter110.
Vegas input parameters:
  ndim 11
  ncomp 1
  epsrel 0
  epsabs 0
  flags 291
  seed 661
  mineval 1
  maxeval 1
  nstart 1000000
  nincrease 500000
  nbatch 1000
  gridno 1
  statefile "vegas_last_iter110"

Restoring state from vegas_last_iter110.

Iteration 5:  10000000 integrand evaluations so far
[1] 0.00156459 +- 8.256e-07  	chisq 1.61211 (4 df)

Saving state to vegas_last_iter110.
Vegas input parameters:
  ndim 11
  ncomp 1
  epsrel 0
  epsabs 0
  flags 291
  seed 771
  mineval 1
  maxeval 1
  nstart 1000000
  nincrease 500000
  nbatch 1000
  gridno 1
  statefile "vegas_last_iter110"

Restoring state from vegas_last_iter110.

Iteration 6:  13500000 integrand evaluations so far
[1] 0.00156497 +- 6.11791e-07  	chisq 2.08855 (5 df)

Saving state to vegas_last_iter110.
Vegas input parameters:
  ndim 11
  ncomp 1
  epsrel 0
  epsabs 0
  flags 291
  seed 881
  mineval 1
  maxeval 1
  nstart 1000000
  nincrease 500000
  nbatch 1000
  gridno 1
  statefile "vegas_last_iter110"

Restoring state from vegas_last_iter110.

Iteration 7:  17500000 integrand evaluations so far
[1] 0.00156471 +- 4.82433e-07  	chisq 2.54646 (6 df)

Saving state to vegas_last_iter110.
Vegas input parameters:
  ndim 11
  ncomp 1
  epsrel 0
  epsabs 0
  flags 291
  seed 991
  mineval 1
  maxeval 1
  nstart 1000000
  nincrease 500000
  nbatch 1000
  gridno 1
  statefile "vegas_last_iter110"

Restoring state from vegas_last_iter110.

Iteration 8:  22000000 integrand evaluations so far
[1] 0.00156484 +- 4.03551e-07  	chisq 2.78266 (7 df)

Saving state to vegas_last_iter110.
Vegas input parameters:
  ndim 11
  ncomp 1
  epsrel 0
  epsabs 0
  flags 291
  seed 1101
  mineval 1
  maxeval 1
  nstart 1000000
  nincrease 500000
  nbatch 1000
  gridno 1
  statefile "vegas_last_iter110"

Restoring state from vegas_last_iter110.

Iteration 9:  27000000 integrand evaluations so far
[1] 0.00156467 +- 3.46407e-07  	chisq 3.47882 (8 df)

Saving state to vegas_last_iter110.
Vegas input parameters:
  ndim 11
  ncomp 1
  epsrel 0
  epsabs 0
  flags 291
  seed 1211
  mineval 1
  maxeval 1
  nstart 1000000
  nincrease 500000
  nbatch 1000
  gridno 1
  statefile "vegas_last_iter110"

Restoring state from vegas_last_iter110.

Iteration 10:  32500000 integrand evaluations so far
[1] 0.00156485 +- 3.04624e-07  	chisq 4.64364 (9 df)

Saving state to vegas_last_iter110.
Vegas input parameters:
  ndim 11
  ncomp 1
  epsrel 0
  epsabs 0
  flags 291
  seed 1321
  mineval 1
  maxeval 1
  nstart 1000000
  nincrease 500000
  nbatch 1000
  gridno 1
  statefile "vegas_last_iter110"

Restoring state from vegas_last_iter110.

Iteration 11:  38500000 integrand evaluations so far
[1] 0.00156481 +- 2.72196e-07  	chisq 4.71218 (10 df)

Saving state to vegas_last_iter110.
Vegas input parameters:
  ndim 11
  ncomp 1
  epsrel 0
  epsabs 0
  flags 291
  seed 1431
  mineval 1
  maxeval 1
  nstart 1000000
  nincrease 500000
  nbatch 1000
  gridno 1
  statefile "vegas_last_iter110"

Restoring state from vegas_last_iter110.

Iteration 12:  45000000 integrand evaluations so far
[1] 0.00156468 +- 2.46699e-07  	chisq 6.02902 (11 df)

Saving state to vegas_last_iter110.
Vegas input parameters:
  ndim 11
  ncomp 1
  epsrel 0
  epsabs 0
  flags 291
  seed 1541
  mineval 1
  maxeval 1
  nstart 1000000
  nincrease 500000
  nbatch 1000
  gridno 1
  statefile "vegas_last_iter110"

Restoring state from vegas_last_iter110.

Iteration 13:  52000000 integrand evaluations so far
[1] 0.00156476 +- 2.25855e-07  	chisq 6.68485 (12 df)

Saving state to vegas_last_iter110.
Vegas input parameters:
  ndim 11
  ncomp 1
  epsrel 0
  epsabs 0
  flags 291
  seed 1651
  mineval 1
  maxeval 1
  nstart 1000000
  nincrease 500000
  nbatch 1000
  gridno 1
  statefile "vegas_last_iter110"

Restoring state from vegas_last_iter110.

Iteration 14:  59500000 integrand evaluations so far
[1] 0.00156485 +- 2.08372e-07  	chisq 7.79002 (13 df)

Saving state to vegas_last_iter110.
Vegas input parameters:
  ndim 11
  ncomp 1
  epsrel 0
  epsabs 0
  flags 291
  seed 1761
  mineval 1
  maxeval 1
  nstart 1000000
  nincrease 500000
  nbatch 1000
  gridno 1
  statefile "vegas_last_iter110"

Restoring state from vegas_last_iter110.

Iteration 15:  67500000 integrand evaluations so far
[1] 0.00156488 +- 1.93599e-07  	chisq 7.94745 (14 df)

Saving state to vegas_last_iter110.
Vegas input parameters:
  ndim 11
  ncomp 1
  epsrel 0
  epsabs 0
  flags 291
  seed 1871
  mineval 1
  maxeval 1
  nstart 1000000
  nincrease 500000
  nbatch 1000
  gridno 1
  statefile "vegas_last_iter110"

Restoring state from vegas_last_iter110.

Iteration 16:  76000000 integrand evaluations so far
[1] 0.00156489 +- 1.81037e-07  	chisq 7.95225 (15 df)

Saving state to vegas_last_iter110.
Vegas input parameters:
  ndim 11
  ncomp 1
  epsrel 0
  epsabs 0
  flags 291
  seed 1981
  mineval 1
  maxeval 1
  nstart 1000000
  nincrease 500000
  nbatch 1000
  gridno 1
  statefile "vegas_last_iter110"

Restoring state from vegas_last_iter110.

Iteration 17:  85000000 integrand evaluations so far
[1] 0.0015649 +- 1.69965e-07  	chisq 7.99118 (16 df)

Saving state to vegas_last_iter110.
Vegas input parameters:
  ndim 11
  ncomp 1
  epsrel 0
  epsabs 0
  flags 291
  seed 2091
  mineval 1
  maxeval 1
  nstart 1000000
  nincrease 500000
  nbatch 1000
  gridno 1
  statefile "vegas_last_iter110"

Restoring state from vegas_last_iter110.

Iteration 18:  94500000 integrand evaluations so far
[1] 0.00156501 +- 1.60252e-07  	chisq 11.6603 (17 df)

Saving state to vegas_last_iter110.
Vegas input parameters:
  ndim 11
  ncomp 1
  epsrel 0
  epsabs 0
  flags 291
  seed 2201
  mineval 1
  maxeval 1
  nstart 1000000
  nincrease 500000
  nbatch 1000
  gridno 1
  statefile "vegas_last_iter110"

Restoring state from vegas_last_iter110.

Iteration 19:  104500000 integrand evaluations so far
[1] 0.00156501 +- 1.51611e-07  	chisq 11.6637 (18 df)

Saving state to vegas_last_iter110.
Vegas input parameters:
  ndim 11
  ncomp 1
  epsrel 0
  epsabs 0
  flags 291
  seed 2311
  mineval 1
  maxeval 1
  nstart 1000000
  nincrease 500000
  nbatch 1000
  gridno 1
  statefile "vegas_last_iter110"

Restoring state from vegas_last_iter110.

Iteration 20:  115000000 integrand evaluations so far
[1] 0.00156506 +- 1.43918e-07  	chisq 12.9118 (19 df)

Saving state to vegas_last_iter110.
Vegas input parameters:
  ndim 11
  ncomp 1
  epsrel 0
  epsabs 0
  flags 291
  seed 2421
  mineval 1
  maxeval 1
  nstart 1000000
  nincrease 500000
  nbatch 1000
  gridno 1
  statefile "vegas_last_iter110"

Restoring state from vegas_last_iter110.

Iteration 21:  126000000 integrand evaluations so far
[1] 0.00156511 +- 1.37033e-07  	chisq 14.3428 (20 df)

Saving state to vegas_last_iter110.
Vegas input parameters:
  ndim 11
  ncomp 1
  epsrel 0
  epsabs 0
  flags 291
  seed 2531
  mineval 1
  maxeval 1
  nstart 1000000
  nincrease 500000
  nbatch 1000
  gridno 1
  statefile "vegas_last_iter110"

Restoring state from vegas_last_iter110.

Iteration 22:  137500000 integrand evaluations so far
[1] 0.0015651 +- 1.30703e-07  	chisq 14.4704 (21 df)

Saving state to vegas_last_iter110.
Vegas input parameters:
  ndim 11
  ncomp 1
  epsrel 0
  epsabs 0
  flags 291
  seed 2641
  mineval 1
  maxeval 1
  nstart 1000000
  nincrease 500000
  nbatch 1000
  gridno 1
  statefile "vegas_last_iter110"

Restoring state from vegas_last_iter110.

Iteration 23:  149500000 integrand evaluations so far
[1] 0.00156514 +- 1.24893e-07  	chisq 15.5153 (22 df)

Saving state to vegas_last_iter110.
Vegas input parameters:
  ndim 11
  ncomp 1
  epsrel 0
  epsabs 0
  flags 291
  seed 2751
  mineval 1
  maxeval 1
  nstart 1000000
  nincrease 500000
  nbatch 1000
  gridno 1
  statefile "vegas_last_iter110"

Restoring state from vegas_last_iter110.

Iteration 24:  162000000 integrand evaluations so far
[1] 0.00156515 +- 1.1959e-07  	chisq 15.6961 (23 df)

Saving state to vegas_last_iter110.
Vegas input parameters:
  ndim 11
  ncomp 1
  epsrel 0
  epsabs 0
  flags 291
  seed 2861
  mineval 1
  maxeval 1
  nstart 1000000
  nincrease 500000
  nbatch 1000
  gridno 1
  statefile "vegas_last_iter110"

Restoring state from vegas_last_iter110.

Iteration 25:  175000000 integrand evaluations so far
[1] 0.00156514 +- 1.15367e-07  	chisq 15.7629 (24 df)

Saving state to vegas_last_iter110.
Vegas input parameters:
  ndim 11
  ncomp 1
  epsrel 0
  epsabs 0
  flags 291
  seed 2971
  mineval 1
  maxeval 1
  nstart 1000000
  nincrease 500000
  nbatch 1000
  gridno 1
  statefile "vegas_last_iter110"

Restoring state from vegas_last_iter110.

Iteration 26:  188500000 integrand evaluations so far
[1] 0.00156513 +- 1.11206e-07  	chisq 15.9071 (25 df)

Saving state to vegas_last_iter110.
Vegas input parameters:
  ndim 11
  ncomp 1
  epsrel 0
  epsabs 0
  flags 291
  seed 3081
  mineval 1
  maxeval 1
  nstart 1000000
  nincrease 500000
  nbatch 1000
  gridno 1
  statefile "vegas_last_iter110"

Restoring state from vegas_last_iter110.

Iteration 27:  202500000 integrand evaluations so far
[1] 0.00156511 +- 1.07166e-07  	chisq 16.5241 (26 df)

Saving state to vegas_last_iter110.
Thanks for using LHAPDF 6.3.0. Please make sure to cite the paper:
  Eur.Phys.J. C75 (2015) 3, 132  (http://arxiv.org/abs/1412.7420)
 method   =Vegas  
 nregions =           1
 neval    =   202500000
 fail     =           1
  0.156510801268E-02 +-   0.107165908998E-06   p =    0.058
