/var/lib/condor/execute/dir_1708
LHAPDF 6.3.0 loading /home/taebh/2021_Research/share/LHAPDF/NNPDF31_nnlo_as_0118_mc_hessian_pdfas/NNPDF31_nnlo_as_0118_mc_hessian_pdfas_0000.dat
NNPDF31_nnlo_as_0118_mc_hessian_pdfas PDF set, member #0, version 1
Vegas input parameters:
  ndim 11
  ncomp 1
  epsrel 0
  epsabs 0
  flags 291
  seed 243
  mineval 1
  maxeval 1
  nstart 1000000
  nincrease 500000
  nbatch 1000
  gridno 1
  statefile "vegas_last_iter132"

Iteration 1:  1000000 integrand evaluations so far
[1] -0.00830685 +- 0.000600247  	chisq 0 (0 df)

Saving state to vegas_last_iter132.
Vegas input parameters:
  ndim 11
  ncomp 1
  epsrel 0
  epsabs 0
  flags 291
  seed 375
  mineval 1
  maxeval 1
  nstart 1000000
  nincrease 500000
  nbatch 1000
  gridno 1
  statefile "vegas_last_iter132"

Restoring state from vegas_last_iter132.

Iteration 2:  2500000 integrand evaluations so far
[1] -0.00829807 +- 0.000231911  	chisq 0.000251534 (1 df)

Saving state to vegas_last_iter132.
Vegas input parameters:
  ndim 11
  ncomp 1
  epsrel 0
  epsabs 0
  flags 291
  seed 507
  mineval 1
  maxeval 1
  nstart 1000000
  nincrease 500000
  nbatch 1000
  gridno 1
  statefile "vegas_last_iter132"

Restoring state from vegas_last_iter132.

Iteration 3:  4500000 integrand evaluations so far
[1] -0.00809331 +- 8.09832e-05  	chisq 0.888081 (2 df)

Saving state to vegas_last_iter132.
Vegas input parameters:
  ndim 11
  ncomp 1
  epsrel 0
  epsabs 0
  flags 291
  seed 639
  mineval 1
  maxeval 1
  nstart 1000000
  nincrease 500000
  nbatch 1000
  gridno 1
  statefile "vegas_last_iter132"

Restoring state from vegas_last_iter132.

Iteration 4:  7000000 integrand evaluations so far
[1] -0.00804253 +- 4.5395e-05  	chisq 1.46144 (3 df)

Saving state to vegas_last_iter132.
Vegas input parameters:
  ndim 11
  ncomp 1
  epsrel 0
  epsabs 0
  flags 291
  seed 771
  mineval 1
  maxeval 1
  nstart 1000000
  nincrease 500000
  nbatch 1000
  gridno 1
  statefile "vegas_last_iter132"

Restoring state from vegas_last_iter132.

Iteration 5:  10000000 integrand evaluations so far
[1] -0.0080557 +- 3.10577e-05  	chisq 1.61984 (4 df)

Saving state to vegas_last_iter132.
Vegas input parameters:
  ndim 11
  ncomp 1
  epsrel 0
  epsabs 0
  flags 291
  seed 903
  mineval 1
  maxeval 1
  nstart 1000000
  nincrease 500000
  nbatch 1000
  gridno 1
  statefile "vegas_last_iter132"

Restoring state from vegas_last_iter132.

Iteration 6:  13500000 integrand evaluations so far
[1] -0.00806691 +- 2.37394e-05  	chisq 1.93313 (5 df)

Saving state to vegas_last_iter132.
Vegas input parameters:
  ndim 11
  ncomp 1
  epsrel 0
  epsabs 0
  flags 291
  seed 1035
  mineval 1
  maxeval 1
  nstart 1000000
  nincrease 500000
  nbatch 1000
  gridno 1
  statefile "vegas_last_iter132"

Restoring state from vegas_last_iter132.

Iteration 7:  17500000 integrand evaluations so far
[1] -0.00804892 +- 1.93828e-05  	chisq 3.65626 (6 df)

Saving state to vegas_last_iter132.
Vegas input parameters:
  ndim 11
  ncomp 1
  epsrel 0
  epsabs 0
  flags 291
  seed 1167
  mineval 1
  maxeval 1
  nstart 1000000
  nincrease 500000
  nbatch 1000
  gridno 1
  statefile "vegas_last_iter132"

Restoring state from vegas_last_iter132.

Iteration 8:  22000000 integrand evaluations so far
[1] -0.00803674 +- 1.64745e-05  	chisq 5.07904 (7 df)

Saving state to vegas_last_iter132.
Vegas input parameters:
  ndim 11
  ncomp 1
  epsrel 0
  epsabs 0
  flags 291
  seed 1299
  mineval 1
  maxeval 1
  nstart 1000000
  nincrease 500000
  nbatch 1000
  gridno 1
  statefile "vegas_last_iter132"

Restoring state from vegas_last_iter132.

Iteration 9:  27000000 integrand evaluations so far
[1] -0.00804429 +- 1.43921e-05  	chisq 5.9673 (8 df)

Saving state to vegas_last_iter132.
Vegas input parameters:
  ndim 11
  ncomp 1
  epsrel 0
  epsabs 0
  flags 291
  seed 1431
  mineval 1
  maxeval 1
  nstart 1000000
  nincrease 500000
  nbatch 1000
  gridno 1
  statefile "vegas_last_iter132"

Restoring state from vegas_last_iter132.

Iteration 10:  32500000 integrand evaluations so far
[1] -0.00804971 +- 1.28331e-05  	chisq 6.65775 (9 df)

Saving state to vegas_last_iter132.
Vegas input parameters:
  ndim 11
  ncomp 1
  epsrel 0
  epsabs 0
  flags 291
  seed 1563
  mineval 1
  maxeval 1
  nstart 1000000
  nincrease 500000
  nbatch 1000
  gridno 1
  statefile "vegas_last_iter132"

Restoring state from vegas_last_iter132.

Iteration 11:  38500000 integrand evaluations so far
[1] -0.00804944 +- 1.15851e-05  	chisq 6.6601 (10 df)

Saving state to vegas_last_iter132.
Vegas input parameters:
  ndim 11
  ncomp 1
  epsrel 0
  epsabs 0
  flags 291
  seed 1695
  mineval 1
  maxeval 1
  nstart 1000000
  nincrease 500000
  nbatch 1000
  gridno 1
  statefile "vegas_last_iter132"

Restoring state from vegas_last_iter132.

Iteration 12:  45000000 integrand evaluations so far
[1] -0.00804197 +- 1.05659e-05  	chisq 9.13062 (11 df)

Saving state to vegas_last_iter132.
Vegas input parameters:
  ndim 11
  ncomp 1
  epsrel 0
  epsabs 0
  flags 291
  seed 1827
  mineval 1
  maxeval 1
  nstart 1000000
  nincrease 500000
  nbatch 1000
  gridno 1
  statefile "vegas_last_iter132"

Restoring state from vegas_last_iter132.

Iteration 13:  52000000 integrand evaluations so far
[1] -0.00803951 +- 9.72519e-06  	chisq 9.48494 (12 df)

Saving state to vegas_last_iter132.
Vegas input parameters:
  ndim 11
  ncomp 1
  epsrel 0
  epsabs 0
  flags 291
  seed 1959
  mineval 1
  maxeval 1
  nstart 1000000
  nincrease 500000
  nbatch 1000
  gridno 1
  statefile "vegas_last_iter132"

Restoring state from vegas_last_iter132.

Iteration 14:  59500000 integrand evaluations so far
[1] -0.00803985 +- 9.0115e-06  	chisq 9.49317 (13 df)

Saving state to vegas_last_iter132.
Vegas input parameters:
  ndim 11
  ncomp 1
  epsrel 0
  epsabs 0
  flags 291
  seed 2091
  mineval 1
  maxeval 1
  nstart 1000000
  nincrease 500000
  nbatch 1000
  gridno 1
  statefile "vegas_last_iter132"

Restoring state from vegas_last_iter132.

Iteration 15:  67500000 integrand evaluations so far
[1] -0.00803872 +- 8.40335e-06  	chisq 9.61299 (14 df)

Saving state to vegas_last_iter132.
Vegas input parameters:
  ndim 11
  ncomp 1
  epsrel 0
  epsabs 0
  flags 291
  seed 2223
  mineval 1
  maxeval 1
  nstart 1000000
  nincrease 500000
  nbatch 1000
  gridno 1
  statefile "vegas_last_iter132"

Restoring state from vegas_last_iter132.

Iteration 16:  76000000 integrand evaluations so far
[1] -0.00803959 +- 7.87227e-06  	chisq 9.70057 (15 df)

Saving state to vegas_last_iter132.
Vegas input parameters:
  ndim 11
  ncomp 1
  epsrel 0
  epsabs 0
  flags 291
  seed 2355
  mineval 1
  maxeval 1
  nstart 1000000
  nincrease 500000
  nbatch 1000
  gridno 1
  statefile "vegas_last_iter132"

Restoring state from vegas_last_iter132.

Iteration 17:  85000000 integrand evaluations so far
[1] -0.00804139 +- 7.4059e-06  	chisq 10.1542 (16 df)

Saving state to vegas_last_iter132.
Vegas input parameters:
  ndim 11
  ncomp 1
  epsrel 0
  epsabs 0
  flags 291
  seed 2487
  mineval 1
  maxeval 1
  nstart 1000000
  nincrease 500000
  nbatch 1000
  gridno 1
  statefile "vegas_last_iter132"

Restoring state from vegas_last_iter132.

Iteration 18:  94500000 integrand evaluations so far
[1] -0.00803907 +- 6.99415e-06  	chisq 11.0574 (17 df)

Saving state to vegas_last_iter132.
Vegas input parameters:
  ndim 11
  ncomp 1
  epsrel 0
  epsabs 0
  flags 291
  seed 2619
  mineval 1
  maxeval 1
  nstart 1000000
  nincrease 500000
  nbatch 1000
  gridno 1
  statefile "vegas_last_iter132"

Restoring state from vegas_last_iter132.

Iteration 19:  104500000 integrand evaluations so far
[1] -0.00803582 +- 6.62727e-06  	chisq 13.17 (18 df)

Saving state to vegas_last_iter132.
Vegas input parameters:
  ndim 11
  ncomp 1
  epsrel 0
  epsabs 0
  flags 291
  seed 2751
  mineval 1
  maxeval 1
  nstart 1000000
  nincrease 500000
  nbatch 1000
  gridno 1
  statefile "vegas_last_iter132"

Restoring state from vegas_last_iter132.

Iteration 20:  115000000 integrand evaluations so far
[1] -0.00803515 +- 6.29796e-06  	chisq 13.2756 (19 df)

Saving state to vegas_last_iter132.
Vegas input parameters:
  ndim 11
  ncomp 1
  epsrel 0
  epsabs 0
  flags 291
  seed 2883
  mineval 1
  maxeval 1
  nstart 1000000
  nincrease 500000
  nbatch 1000
  gridno 1
  statefile "vegas_last_iter132"

Restoring state from vegas_last_iter132.

Iteration 21:  126000000 integrand evaluations so far
[1] -0.00803373 +- 6.00073e-06  	chisq 13.8301 (20 df)

Saving state to vegas_last_iter132.
Vegas input parameters:
  ndim 11
  ncomp 1
  epsrel 0
  epsabs 0
  flags 291
  seed 3015
  mineval 1
  maxeval 1
  nstart 1000000
  nincrease 500000
  nbatch 1000
  gridno 1
  statefile "vegas_last_iter132"

Restoring state from vegas_last_iter132.

Iteration 22:  137500000 integrand evaluations so far
[1] -0.00803224 +- 5.73047e-06  	chisq 14.5329 (21 df)

Saving state to vegas_last_iter132.
Vegas input parameters:
  ndim 11
  ncomp 1
  epsrel 0
  epsabs 0
  flags 291
  seed 3147
  mineval 1
  maxeval 1
  nstart 1000000
  nincrease 500000
  nbatch 1000
  gridno 1
  statefile "vegas_last_iter132"

Restoring state from vegas_last_iter132.

Iteration 23:  149500000 integrand evaluations so far
[1] -0.00803351 +- 5.48532e-06  	chisq 15.1234 (22 df)

Saving state to vegas_last_iter132.
Vegas input parameters:
  ndim 11
  ncomp 1
  epsrel 0
  epsabs 0
  flags 291
  seed 3279
  mineval 1
  maxeval 1
  nstart 1000000
  nincrease 500000
  nbatch 1000
  gridno 1
  statefile "vegas_last_iter132"

Restoring state from vegas_last_iter132.

Iteration 24:  162000000 integrand evaluations so far
[1] -0.00803261 +- 5.26013e-06  	chisq 15.4572 (23 df)

Saving state to vegas_last_iter132.
Vegas input parameters:
  ndim 11
  ncomp 1
  epsrel 0
  epsabs 0
  flags 291
  seed 3411
  mineval 1
  maxeval 1
  nstart 1000000
  nincrease 500000
  nbatch 1000
  gridno 1
  statefile "vegas_last_iter132"

Restoring state from vegas_last_iter132.

Iteration 25:  175000000 integrand evaluations so far
[1] -0.00803171 +- 5.05382e-06  	chisq 15.8358 (24 df)

Saving state to vegas_last_iter132.
Vegas input parameters:
  ndim 11
  ncomp 1
  epsrel 0
  epsabs 0
  flags 291
  seed 3543
  mineval 1
  maxeval 1
  nstart 1000000
  nincrease 500000
  nbatch 1000
  gridno 1
  statefile "vegas_last_iter132"

Restoring state from vegas_last_iter132.

Iteration 26:  188500000 integrand evaluations so far
[1] -0.0080331 +- 4.86224e-06  	chisq 16.8404 (25 df)

Saving state to vegas_last_iter132.
Vegas input parameters:
  ndim 11
  ncomp 1
  epsrel 0
  epsabs 0
  flags 291
  seed 3675
  mineval 1
  maxeval 1
  nstart 1000000
  nincrease 500000
  nbatch 1000
  gridno 1
  statefile "vegas_last_iter132"

Restoring state from vegas_last_iter132.

Iteration 27:  202500000 integrand evaluations so far
[1] -0.00803423 +- 4.68508e-06  	chisq 17.5985 (26 df)

Saving state to vegas_last_iter132.
Thanks for using LHAPDF 6.3.0. Please make sure to cite the paper:
  Eur.Phys.J. C75 (2015) 3, 132  (http://arxiv.org/abs/1412.7420)
 method   =Vegas  
 nregions =           1
 neval    =   202500000
 fail     =           1
 -0.803422819958E-02 +-   0.468508468917E-05   p =    0.085
