/var/lib/condor/execute/dir_27946
LHAPDF 6.3.0 loading /home/taebh/2021_Research/share/LHAPDF/NNPDF31_nnlo_as_0118_mc_hessian_pdfas/NNPDF31_nnlo_as_0118_mc_hessian_pdfas_0000.dat
NNPDF31_nnlo_as_0118_mc_hessian_pdfas PDF set, member #0, version 1
Vegas input parameters:
  ndim 11
  ncomp 1
  epsrel 0
  epsabs 0
  flags 291
  seed 148
  mineval 1
  maxeval 1
  nstart 1000000
  nincrease 500000
  nbatch 1000
  gridno 1
  statefile "vegas_last_iter37"

Iteration 1:  1000000 integrand evaluations so far
[1] 6.86448e-05 +- 1.7307e-05  	chisq 0 (0 df)

Saving state to vegas_last_iter37.
Vegas input parameters:
  ndim 11
  ncomp 1
  epsrel 0
  epsabs 0
  flags 291
  seed 185
  mineval 1
  maxeval 1
  nstart 1000000
  nincrease 500000
  nbatch 1000
  gridno 1
  statefile "vegas_last_iter37"

Restoring state from vegas_last_iter37.

Iteration 2:  2500000 integrand evaluations so far
[1] 7.58079e-05 +- 8.4036e-06  	chisq 0.224145 (1 df)

Saving state to vegas_last_iter37.
Vegas input parameters:
  ndim 11
  ncomp 1
  epsrel 0
  epsabs 0
  flags 291
  seed 222
  mineval 1
  maxeval 1
  nstart 1000000
  nincrease 500000
  nbatch 1000
  gridno 1
  statefile "vegas_last_iter37"

Restoring state from vegas_last_iter37.

Iteration 3:  4500000 integrand evaluations so far
[1] 8.89174e-05 +- 3.84139e-06  	chisq 3.30054 (2 df)

Saving state to vegas_last_iter37.
Vegas input parameters:
  ndim 11
  ncomp 1
  epsrel 0
  epsabs 0
  flags 291
  seed 259
  mineval 1
  maxeval 1
  nstart 1000000
  nincrease 500000
  nbatch 1000
  gridno 1
  statefile "vegas_last_iter37"

Restoring state from vegas_last_iter37.

Iteration 4:  7000000 integrand evaluations so far
[1] 9.14703e-05 +- 6.01055e-07  	chisq 3.75327 (3 df)

Saving state to vegas_last_iter37.
Vegas input parameters:
  ndim 11
  ncomp 1
  epsrel 0
  epsabs 0
  flags 291
  seed 296
  mineval 1
  maxeval 1
  nstart 1000000
  nincrease 500000
  nbatch 1000
  gridno 1
  statefile "vegas_last_iter37"

Restoring state from vegas_last_iter37.

Iteration 5:  10000000 integrand evaluations so far
[1] 9.17285e-05 +- 1.40209e-07  	chisq 3.94839 (4 df)

Saving state to vegas_last_iter37.
Vegas input parameters:
  ndim 11
  ncomp 1
  epsrel 0
  epsabs 0
  flags 291
  seed 333
  mineval 1
  maxeval 1
  nstart 1000000
  nincrease 500000
  nbatch 1000
  gridno 1
  statefile "vegas_last_iter37"

Restoring state from vegas_last_iter37.

Iteration 6:  13500000 integrand evaluations so far
[1] 9.16779e-05 +- 6.64905e-08  	chisq 4.11616 (5 df)

Saving state to vegas_last_iter37.
Vegas input parameters:
  ndim 11
  ncomp 1
  epsrel 0
  epsabs 0
  flags 291
  seed 370
  mineval 1
  maxeval 1
  nstart 1000000
  nincrease 500000
  nbatch 1000
  gridno 1
  statefile "vegas_last_iter37"

Restoring state from vegas_last_iter37.

Iteration 7:  17500000 integrand evaluations so far
[1] 9.16409e-05 +- 4.39957e-08  	chisq 4.66724 (6 df)

Saving state to vegas_last_iter37.
Vegas input parameters:
  ndim 11
  ncomp 1
  epsrel 0
  epsabs 0
  flags 291
  seed 407
  mineval 1
  maxeval 1
  nstart 1000000
  nincrease 500000
  nbatch 1000
  gridno 1
  statefile "vegas_last_iter37"

Restoring state from vegas_last_iter37.

Iteration 8:  22000000 integrand evaluations so far
[1] 9.15457e-05 +- 3.35414e-08  	chisq 15.8386 (7 df)

Saving state to vegas_last_iter37.
Vegas input parameters:
  ndim 11
  ncomp 1
  epsrel 0
  epsabs 0
  flags 291
  seed 444
  mineval 1
  maxeval 1
  nstart 1000000
  nincrease 500000
  nbatch 1000
  gridno 1
  statefile "vegas_last_iter37"

Restoring state from vegas_last_iter37.

Iteration 9:  27000000 integrand evaluations so far
[1] 9.15514e-05 +- 2.75028e-08  	chisq 15.9251 (8 df)

Saving state to vegas_last_iter37.
Vegas input parameters:
  ndim 11
  ncomp 1
  epsrel 0
  epsabs 0
  flags 291
  seed 481
  mineval 1
  maxeval 1
  nstart 1000000
  nincrease 500000
  nbatch 1000
  gridno 1
  statefile "vegas_last_iter37"

Restoring state from vegas_last_iter37.

Iteration 10:  32500000 integrand evaluations so far
[1] 9.15755e-05 +- 2.3532e-08  	chisq 18.8001 (9 df)

Saving state to vegas_last_iter37.
Vegas input parameters:
  ndim 11
  ncomp 1
  epsrel 0
  epsabs 0
  flags 291
  seed 518
  mineval 1
  maxeval 1
  nstart 1000000
  nincrease 500000
  nbatch 1000
  gridno 1
  statefile "vegas_last_iter37"

Restoring state from vegas_last_iter37.

Iteration 11:  38500000 integrand evaluations so far
[1] 9.15846e-05 +- 2.0686e-08  	chisq 19.46 (10 df)

Saving state to vegas_last_iter37.
Vegas input parameters:
  ndim 11
  ncomp 1
  epsrel 0
  epsabs 0
  flags 291
  seed 555
  mineval 1
  maxeval 1
  nstart 1000000
  nincrease 500000
  nbatch 1000
  gridno 1
  statefile "vegas_last_iter37"

Restoring state from vegas_last_iter37.

Iteration 12:  45000000 integrand evaluations so far
[1] 9.15825e-05 +- 1.85219e-08  	chisq 19.515 (11 df)

Saving state to vegas_last_iter37.
Vegas input parameters:
  ndim 11
  ncomp 1
  epsrel 0
  epsabs 0
  flags 291
  seed 592
  mineval 1
  maxeval 1
  nstart 1000000
  nincrease 500000
  nbatch 1000
  gridno 1
  statefile "vegas_last_iter37"

Restoring state from vegas_last_iter37.

Iteration 13:  52000000 integrand evaluations so far
[1] 9.15715e-05 +- 1.68138e-08  	chisq 21.5004 (12 df)

Saving state to vegas_last_iter37.
Vegas input parameters:
  ndim 11
  ncomp 1
  epsrel 0
  epsabs 0
  flags 291
  seed 629
  mineval 1
  maxeval 1
  nstart 1000000
  nincrease 500000
  nbatch 1000
  gridno 1
  statefile "vegas_last_iter37"

Restoring state from vegas_last_iter37.

Iteration 14:  59500000 integrand evaluations so far
[1] 9.1564e-05 +- 1.54222e-08  	chisq 22.762 (13 df)

Saving state to vegas_last_iter37.
Vegas input parameters:
  ndim 11
  ncomp 1
  epsrel 0
  epsabs 0
  flags 291
  seed 666
  mineval 1
  maxeval 1
  nstart 1000000
  nincrease 500000
  nbatch 1000
  gridno 1
  statefile "vegas_last_iter37"

Restoring state from vegas_last_iter37.

Iteration 15:  67500000 integrand evaluations so far
[1] 9.15628e-05 +- 1.42594e-08  	chisq 22.8065 (14 df)

Saving state to vegas_last_iter37.
Vegas input parameters:
  ndim 11
  ncomp 1
  epsrel 0
  epsabs 0
  flags 291
  seed 703
  mineval 1
  maxeval 1
  nstart 1000000
  nincrease 500000
  nbatch 1000
  gridno 1
  statefile "vegas_last_iter37"

Restoring state from vegas_last_iter37.

Iteration 16:  76000000 integrand evaluations so far
[1] 9.15732e-05 +- 1.32704e-08  	chisq 26.8149 (15 df)

Saving state to vegas_last_iter37.
Vegas input parameters:
  ndim 11
  ncomp 1
  epsrel 0
  epsabs 0
  flags 291
  seed 740
  mineval 1
  maxeval 1
  nstart 1000000
  nincrease 500000
  nbatch 1000
  gridno 1
  statefile "vegas_last_iter37"

Restoring state from vegas_last_iter37.

Iteration 17:  85000000 integrand evaluations so far
[1] 9.15748e-05 +- 1.24187e-08  	chisq 26.9374 (16 df)

Saving state to vegas_last_iter37.
Vegas input parameters:
  ndim 11
  ncomp 1
  epsrel 0
  epsabs 0
  flags 291
  seed 777
  mineval 1
  maxeval 1
  nstart 1000000
  nincrease 500000
  nbatch 1000
  gridno 1
  statefile "vegas_last_iter37"

Restoring state from vegas_last_iter37.

Iteration 18:  94500000 integrand evaluations so far
[1] 9.15738e-05 +- 1.16767e-08  	chisq 26.9969 (17 df)

Saving state to vegas_last_iter37.
Vegas input parameters:
  ndim 11
  ncomp 1
  epsrel 0
  epsabs 0
  flags 291
  seed 814
  mineval 1
  maxeval 1
  nstart 1000000
  nincrease 500000
  nbatch 1000
  gridno 1
  statefile "vegas_last_iter37"

Restoring state from vegas_last_iter37.

Iteration 19:  104500000 integrand evaluations so far
[1] 9.15676e-05 +- 1.10224e-08  	chisq 29.5869 (18 df)

Saving state to vegas_last_iter37.
Vegas input parameters:
  ndim 11
  ncomp 1
  epsrel 0
  epsabs 0
  flags 291
  seed 851
  mineval 1
  maxeval 1
  nstart 1000000
  nincrease 500000
  nbatch 1000
  gridno 1
  statefile "vegas_last_iter37"

Restoring state from vegas_last_iter37.

Iteration 20:  115000000 integrand evaluations so far
[1] 9.15665e-05 +- 1.04405e-08  	chisq 29.678 (19 df)

Saving state to vegas_last_iter37.
Vegas input parameters:
  ndim 11
  ncomp 1
  epsrel 0
  epsabs 0
  flags 291
  seed 888
  mineval 1
  maxeval 1
  nstart 1000000
  nincrease 500000
  nbatch 1000
  gridno 1
  statefile "vegas_last_iter37"

Restoring state from vegas_last_iter37.

Iteration 21:  126000000 integrand evaluations so far
[1] 9.15669e-05 +- 9.92013e-09  	chisq 29.6935 (20 df)

Saving state to vegas_last_iter37.
Vegas input parameters:
  ndim 11
  ncomp 1
  epsrel 0
  epsabs 0
  flags 291
  seed 925
  mineval 1
  maxeval 1
  nstart 1000000
  nincrease 500000
  nbatch 1000
  gridno 1
  statefile "vegas_last_iter37"

Restoring state from vegas_last_iter37.

Iteration 22:  137500000 integrand evaluations so far
[1] 9.15675e-05 +- 9.45071e-09  	chisq 29.7276 (21 df)

Saving state to vegas_last_iter37.
Vegas input parameters:
  ndim 11
  ncomp 1
  epsrel 0
  epsabs 0
  flags 291
  seed 962
  mineval 1
  maxeval 1
  nstart 1000000
  nincrease 500000
  nbatch 1000
  gridno 1
  statefile "vegas_last_iter37"

Restoring state from vegas_last_iter37.

Iteration 23:  149500000 integrand evaluations so far
[1] 9.15654e-05 +- 9.02562e-09  	chisq 30.2834 (22 df)

Saving state to vegas_last_iter37.
Vegas input parameters:
  ndim 11
  ncomp 1
  epsrel 0
  epsabs 0
  flags 291
  seed 999
  mineval 1
  maxeval 1
  nstart 1000000
  nincrease 500000
  nbatch 1000
  gridno 1
  statefile "vegas_last_iter37"

Restoring state from vegas_last_iter37.

Iteration 24:  162000000 integrand evaluations so far
[1] 9.15635e-05 +- 8.63838e-09  	chisq 30.8144 (23 df)

Saving state to vegas_last_iter37.
Vegas input parameters:
  ndim 11
  ncomp 1
  epsrel 0
  epsabs 0
  flags 291
  seed 1036
  mineval 1
  maxeval 1
  nstart 1000000
  nincrease 500000
  nbatch 1000
  gridno 1
  statefile "vegas_last_iter37"

Restoring state from vegas_last_iter37.

Iteration 25:  175000000 integrand evaluations so far
[1] 9.15646e-05 +- 8.28436e-09  	chisq 31.0103 (24 df)

Saving state to vegas_last_iter37.
Vegas input parameters:
  ndim 11
  ncomp 1
  epsrel 0
  epsabs 0
  flags 291
  seed 1073
  mineval 1
  maxeval 1
  nstart 1000000
  nincrease 500000
  nbatch 1000
  gridno 1
  statefile "vegas_last_iter37"

Restoring state from vegas_last_iter37.

Iteration 26:  188500000 integrand evaluations so far
[1] 9.15636e-05 +- 7.95922e-09  	chisq 31.2101 (25 df)

Saving state to vegas_last_iter37.
Vegas input parameters:
  ndim 11
  ncomp 1
  epsrel 0
  epsabs 0
  flags 291
  seed 1110
  mineval 1
  maxeval 1
  nstart 1000000
  nincrease 500000
  nbatch 1000
  gridno 1
  statefile "vegas_last_iter37"

Restoring state from vegas_last_iter37.

Iteration 27:  202500000 integrand evaluations so far
[1] 9.15659e-05 +- 7.65876e-09  	chisq 32.3475 (26 df)

Saving state to vegas_last_iter37.
Thanks for using LHAPDF 6.3.0. Please make sure to cite the paper:
  Eur.Phys.J. C75 (2015) 3, 132  (http://arxiv.org/abs/1412.7420)
 method   =Vegas  
 nregions =           1
 neval    =   202500000
 fail     =           1
  0.915658726995E-04 +-   0.765876275962E-08   p =    0.781
