/var/lib/condor/execute/dir_27972
LHAPDF 6.3.0 loading /home/taebh/2021_Research/share/LHAPDF/NNPDF31_nnlo_as_0118_mc_hessian_pdfas/NNPDF31_nnlo_as_0118_mc_hessian_pdfas_0000.dat
NNPDF31_nnlo_as_0118_mc_hessian_pdfas PDF set, member #0, version 1
Vegas input parameters:
  ndim 11
  ncomp 1
  epsrel 0
  epsabs 0
  flags 291
  seed 150
  mineval 1
  maxeval 1
  nstart 1000000
  nincrease 500000
  nbatch 1000
  gridno 1
  statefile "vegas_last_iter39"

Iteration 1:  1000000 integrand evaluations so far
[1] 3.93239e-05 +- 3.75359e-05  	chisq 0 (0 df)

Saving state to vegas_last_iter39.
Vegas input parameters:
  ndim 11
  ncomp 1
  epsrel 0
  epsabs 0
  flags 291
  seed 189
  mineval 1
  maxeval 1
  nstart 1000000
  nincrease 500000
  nbatch 1000
  gridno 1
  statefile "vegas_last_iter39"

Restoring state from vegas_last_iter39.

Iteration 2:  2500000 integrand evaluations so far
[1] -1.31579e-06 +- 7.0645e-06  	chisq 1.21526 (1 df)

Saving state to vegas_last_iter39.
Vegas input parameters:
  ndim 11
  ncomp 1
  epsrel 0
  epsabs 0
  flags 291
  seed 228
  mineval 1
  maxeval 1
  nstart 1000000
  nincrease 500000
  nbatch 1000
  gridno 1
  statefile "vegas_last_iter39"

Restoring state from vegas_last_iter39.

Iteration 3:  4500000 integrand evaluations so far
[1] 2.63131e-06 +- 2.07304e-06  	chisq 1.55685 (2 df)

Saving state to vegas_last_iter39.
Vegas input parameters:
  ndim 11
  ncomp 1
  epsrel 0
  epsabs 0
  flags 291
  seed 267
  mineval 1
  maxeval 1
  nstart 1000000
  nincrease 500000
  nbatch 1000
  gridno 1
  statefile "vegas_last_iter39"

Restoring state from vegas_last_iter39.

Iteration 4:  7000000 integrand evaluations so far
[1] 6.21635e-07 +- 5.79672e-07  	chisq 2.57637 (3 df)

Saving state to vegas_last_iter39.
Vegas input parameters:
  ndim 11
  ncomp 1
  epsrel 0
  epsabs 0
  flags 291
  seed 306
  mineval 1
  maxeval 1
  nstart 1000000
  nincrease 500000
  nbatch 1000
  gridno 1
  statefile "vegas_last_iter39"

Restoring state from vegas_last_iter39.

Iteration 5:  10000000 integrand evaluations so far
[1] 1.03306e-06 +- 2.02655e-07  	chisq 3.15027 (4 df)

Saving state to vegas_last_iter39.
Vegas input parameters:
  ndim 11
  ncomp 1
  epsrel 0
  epsabs 0
  flags 291
  seed 345
  mineval 1
  maxeval 1
  nstart 1000000
  nincrease 500000
  nbatch 1000
  gridno 1
  statefile "vegas_last_iter39"

Restoring state from vegas_last_iter39.

Iteration 6:  13500000 integrand evaluations so far
[1] 1.1177e-06 +- 1.11367e-07  	chisq 3.40014 (5 df)

Saving state to vegas_last_iter39.
Vegas input parameters:
  ndim 11
  ncomp 1
  epsrel 0
  epsabs 0
  flags 291
  seed 384
  mineval 1
  maxeval 1
  nstart 1000000
  nincrease 500000
  nbatch 1000
  gridno 1
  statefile "vegas_last_iter39"

Restoring state from vegas_last_iter39.

Iteration 7:  17500000 integrand evaluations so far
[1] 1.1174e-06 +- 7.80708e-08  	chisq 3.40016 (6 df)

Saving state to vegas_last_iter39.
Vegas input parameters:
  ndim 11
  ncomp 1
  epsrel 0
  epsabs 0
  flags 291
  seed 423
  mineval 1
  maxeval 1
  nstart 1000000
  nincrease 500000
  nbatch 1000
  gridno 1
  statefile "vegas_last_iter39"

Restoring state from vegas_last_iter39.

Iteration 8:  22000000 integrand evaluations so far
[1] 1.15857e-06 +- 6.15925e-08  	chisq 4.1364 (7 df)

Saving state to vegas_last_iter39.
Vegas input parameters:
  ndim 11
  ncomp 1
  epsrel 0
  epsabs 0
  flags 291
  seed 462
  mineval 1
  maxeval 1
  nstart 1000000
  nincrease 500000
  nbatch 1000
  gridno 1
  statefile "vegas_last_iter39"

Restoring state from vegas_last_iter39.

Iteration 9:  27000000 integrand evaluations so far
[1] 1.18558e-06 +- 5.13856e-08  	chisq 4.76945 (8 df)

Saving state to vegas_last_iter39.
Vegas input parameters:
  ndim 11
  ncomp 1
  epsrel 0
  epsabs 0
  flags 291
  seed 501
  mineval 1
  maxeval 1
  nstart 1000000
  nincrease 500000
  nbatch 1000
  gridno 1
  statefile "vegas_last_iter39"

Restoring state from vegas_last_iter39.

Iteration 10:  32500000 integrand evaluations so far
[1] 1.22542e-06 +- 4.44002e-08  	chisq 7.14097 (9 df)

Saving state to vegas_last_iter39.
Vegas input parameters:
  ndim 11
  ncomp 1
  epsrel 0
  epsabs 0
  flags 291
  seed 540
  mineval 1
  maxeval 1
  nstart 1000000
  nincrease 500000
  nbatch 1000
  gridno 1
  statefile "vegas_last_iter39"

Restoring state from vegas_last_iter39.

Iteration 11:  38500000 integrand evaluations so far
[1] 1.20627e-06 +- 3.931e-08  	chisq 8.00161 (10 df)

Saving state to vegas_last_iter39.
Vegas input parameters:
  ndim 11
  ncomp 1
  epsrel 0
  epsabs 0
  flags 291
  seed 579
  mineval 1
  maxeval 1
  nstart 1000000
  nincrease 500000
  nbatch 1000
  gridno 1
  statefile "vegas_last_iter39"

Restoring state from vegas_last_iter39.

Iteration 12:  45000000 integrand evaluations so far
[1] 1.21889e-06 +- 3.5365e-08  	chisq 8.54192 (11 df)

Saving state to vegas_last_iter39.
Vegas input parameters:
  ndim 11
  ncomp 1
  epsrel 0
  epsabs 0
  flags 291
  seed 618
  mineval 1
  maxeval 1
  nstart 1000000
  nincrease 500000
  nbatch 1000
  gridno 1
  statefile "vegas_last_iter39"

Restoring state from vegas_last_iter39.

Iteration 13:  52000000 integrand evaluations so far
[1] 1.201e-06 +- 3.22132e-08  	chisq 10.0432 (12 df)

Saving state to vegas_last_iter39.
Vegas input parameters:
  ndim 11
  ncomp 1
  epsrel 0
  epsabs 0
  flags 291
  seed 657
  mineval 1
  maxeval 1
  nstart 1000000
  nincrease 500000
  nbatch 1000
  gridno 1
  statefile "vegas_last_iter39"

Restoring state from vegas_last_iter39.

Iteration 14:  59500000 integrand evaluations so far
[1] 1.22053e-06 +- 2.96174e-08  	chisq 12.4179 (13 df)

Saving state to vegas_last_iter39.
Vegas input parameters:
  ndim 11
  ncomp 1
  epsrel 0
  epsabs 0
  flags 291
  seed 696
  mineval 1
  maxeval 1
  nstart 1000000
  nincrease 500000
  nbatch 1000
  gridno 1
  statefile "vegas_last_iter39"

Restoring state from vegas_last_iter39.

Iteration 15:  67500000 integrand evaluations so far
[1] 1.23926e-06 +- 2.74398e-08  	chisq 15.2415 (14 df)

Saving state to vegas_last_iter39.
Vegas input parameters:
  ndim 11
  ncomp 1
  epsrel 0
  epsabs 0
  flags 291
  seed 735
  mineval 1
  maxeval 1
  nstart 1000000
  nincrease 500000
  nbatch 1000
  gridno 1
  statefile "vegas_last_iter39"

Restoring state from vegas_last_iter39.

Iteration 16:  76000000 integrand evaluations so far
[1] 1.24626e-06 +- 2.55891e-08  	chisq 15.7411 (15 df)

Saving state to vegas_last_iter39.
Vegas input parameters:
  ndim 11
  ncomp 1
  epsrel 0
  epsabs 0
  flags 291
  seed 774
  mineval 1
  maxeval 1
  nstart 1000000
  nincrease 500000
  nbatch 1000
  gridno 1
  statefile "vegas_last_iter39"

Restoring state from vegas_last_iter39.

Iteration 17:  85000000 integrand evaluations so far
[1] 1.23466e-06 +- 2.39787e-08  	chisq 17.4265 (16 df)

Saving state to vegas_last_iter39.
Vegas input parameters:
  ndim 11
  ncomp 1
  epsrel 0
  epsabs 0
  flags 291
  seed 813
  mineval 1
  maxeval 1
  nstart 1000000
  nincrease 500000
  nbatch 1000
  gridno 1
  statefile "vegas_last_iter39"

Restoring state from vegas_last_iter39.

Iteration 18:  94500000 integrand evaluations so far
[1] 1.2263e-06 +- 2.25719e-08  	chisq 18.4938 (17 df)

Saving state to vegas_last_iter39.
Vegas input parameters:
  ndim 11
  ncomp 1
  epsrel 0
  epsabs 0
  flags 291
  seed 852
  mineval 1
  maxeval 1
  nstart 1000000
  nincrease 500000
  nbatch 1000
  gridno 1
  statefile "vegas_last_iter39"

Restoring state from vegas_last_iter39.

Iteration 19:  104500000 integrand evaluations so far
[1] 1.21862e-06 +- 2.13332e-08  	chisq 19.5786 (18 df)

Saving state to vegas_last_iter39.
Vegas input parameters:
  ndim 11
  ncomp 1
  epsrel 0
  epsabs 0
  flags 291
  seed 891
  mineval 1
  maxeval 1
  nstart 1000000
  nincrease 500000
  nbatch 1000
  gridno 1
  statefile "vegas_last_iter39"

Restoring state from vegas_last_iter39.

Iteration 20:  115000000 integrand evaluations so far
[1] 1.22077e-06 +- 2.02268e-08  	chisq 19.679 (19 df)

Saving state to vegas_last_iter39.
Vegas input parameters:
  ndim 11
  ncomp 1
  epsrel 0
  epsabs 0
  flags 291
  seed 930
  mineval 1
  maxeval 1
  nstart 1000000
  nincrease 500000
  nbatch 1000
  gridno 1
  statefile "vegas_last_iter39"

Restoring state from vegas_last_iter39.

Iteration 21:  126000000 integrand evaluations so far
[1] 1.2208e-06 +- 1.92347e-08  	chisq 19.6791 (20 df)

Saving state to vegas_last_iter39.
Vegas input parameters:
  ndim 11
  ncomp 1
  epsrel 0
  epsabs 0
  flags 291
  seed 969
  mineval 1
  maxeval 1
  nstart 1000000
  nincrease 500000
  nbatch 1000
  gridno 1
  statefile "vegas_last_iter39"

Restoring state from vegas_last_iter39.

Iteration 22:  137500000 integrand evaluations so far
[1] 1.21913e-06 +- 1.8344e-08  	chisq 19.7631 (21 df)

Saving state to vegas_last_iter39.
Vegas input parameters:
  ndim 11
  ncomp 1
  epsrel 0
  epsabs 0
  flags 291
  seed 1008
  mineval 1
  maxeval 1
  nstart 1000000
  nincrease 500000
  nbatch 1000
  gridno 1
  statefile "vegas_last_iter39"

Restoring state from vegas_last_iter39.

Iteration 23:  149500000 integrand evaluations so far
[1] 1.20574e-06 +- 1.7531e-08  	chisq 25.9061 (22 df)

Saving state to vegas_last_iter39.
Vegas input parameters:
  ndim 11
  ncomp 1
  epsrel 0
  epsabs 0
  flags 291
  seed 1047
  mineval 1
  maxeval 1
  nstart 1000000
  nincrease 500000
  nbatch 1000
  gridno 1
  statefile "vegas_last_iter39"

Restoring state from vegas_last_iter39.

Iteration 24:  162000000 integrand evaluations so far
[1] 1.2101e-06 +- 1.67871e-08  	chisq 26.6516 (23 df)

Saving state to vegas_last_iter39.
Vegas input parameters:
  ndim 11
  ncomp 1
  epsrel 0
  epsabs 0
  flags 291
  seed 1086
  mineval 1
  maxeval 1
  nstart 1000000
  nincrease 500000
  nbatch 1000
  gridno 1
  statefile "vegas_last_iter39"

Restoring state from vegas_last_iter39.

Iteration 25:  175000000 integrand evaluations so far
[1] 1.2033e-06 +- 1.61066e-08  	chisq 28.7168 (24 df)

Saving state to vegas_last_iter39.
Vegas input parameters:
  ndim 11
  ncomp 1
  epsrel 0
  epsabs 0
  flags 291
  seed 1125
  mineval 1
  maxeval 1
  nstart 1000000
  nincrease 500000
  nbatch 1000
  gridno 1
  statefile "vegas_last_iter39"

Restoring state from vegas_last_iter39.

Iteration 26:  188500000 integrand evaluations so far
[1] 1.20362e-06 +- 1.54811e-08  	chisq 28.7218 (25 df)

Saving state to vegas_last_iter39.
Vegas input parameters:
  ndim 11
  ncomp 1
  epsrel 0
  epsabs 0
  flags 291
  seed 1164
  mineval 1
  maxeval 1
  nstart 1000000
  nincrease 500000
  nbatch 1000
  gridno 1
  statefile "vegas_last_iter39"

Restoring state from vegas_last_iter39.

Iteration 27:  202500000 integrand evaluations so far
[1] 1.19866e-06 +- 1.49024e-08  	chisq 30.1206 (26 df)

Saving state to vegas_last_iter39.
Thanks for using LHAPDF 6.3.0. Please make sure to cite the paper:
  Eur.Phys.J. C75 (2015) 3, 132  (http://arxiv.org/abs/1412.7420)
 method   =Vegas  
 nregions =           1
 neval    =   202500000
 fail     =           1
  0.119865868588E-05 +-   0.149023744218E-07   p =    0.691
