/var/lib/condor/execute/dir_56495
LHAPDF 6.3.0 loading /home/taebh/2021_Research/share/LHAPDF/NNPDF31_nnlo_as_0118_mc_hessian_pdfas/NNPDF31_nnlo_as_0118_mc_hessian_pdfas_0000.dat
NNPDF31_nnlo_as_0118_mc_hessian_pdfas PDF set, member #0, version 1
Vegas input parameters:
  ndim 11
  ncomp 1
  epsrel 0
  epsabs 0
  flags 291
  seed 212
  mineval 1
  maxeval 1
  nstart 1000000
  nincrease 500000
  nbatch 1000
  gridno 1
  statefile "vegas_last_iter101"

Iteration 1:  1000000 integrand evaluations so far
[1] -0.00374636 +- 0.000482632  	chisq 0 (0 df)

Saving state to vegas_last_iter101.
Vegas input parameters:
  ndim 11
  ncomp 1
  epsrel 0
  epsabs 0
  flags 291
  seed 313
  mineval 1
  maxeval 1
  nstart 1000000
  nincrease 500000
  nbatch 1000
  gridno 1
  statefile "vegas_last_iter101"

Restoring state from vegas_last_iter101.

Iteration 2:  2500000 integrand evaluations so far
[1] -0.00407706 +- 0.000134966  	chisq 0.509328 (1 df)

Saving state to vegas_last_iter101.
Vegas input parameters:
  ndim 11
  ncomp 1
  epsrel 0
  epsabs 0
  flags 291
  seed 414
  mineval 1
  maxeval 1
  nstart 1000000
  nincrease 500000
  nbatch 1000
  gridno 1
  statefile "vegas_last_iter101"

Restoring state from vegas_last_iter101.

Iteration 3:  4500000 integrand evaluations so far
[1] -0.00402645 +- 4.87218e-05  	chisq 0.671 (2 df)

Saving state to vegas_last_iter101.
Vegas input parameters:
  ndim 11
  ncomp 1
  epsrel 0
  epsabs 0
  flags 291
  seed 515
  mineval 1
  maxeval 1
  nstart 1000000
  nincrease 500000
  nbatch 1000
  gridno 1
  statefile "vegas_last_iter101"

Restoring state from vegas_last_iter101.

Iteration 4:  7000000 integrand evaluations so far
[1] -0.00401397 +- 1.39795e-05  	chisq 0.742535 (3 df)

Saving state to vegas_last_iter101.
Vegas input parameters:
  ndim 11
  ncomp 1
  epsrel 0
  epsabs 0
  flags 291
  seed 616
  mineval 1
  maxeval 1
  nstart 1000000
  nincrease 500000
  nbatch 1000
  gridno 1
  statefile "vegas_last_iter101"

Restoring state from vegas_last_iter101.

Iteration 5:  10000000 integrand evaluations so far
[1] -0.00403434 +- 6.27244e-06  	chisq 3.40141 (4 df)

Saving state to vegas_last_iter101.
Vegas input parameters:
  ndim 11
  ncomp 1
  epsrel 0
  epsabs 0
  flags 291
  seed 717
  mineval 1
  maxeval 1
  nstart 1000000
  nincrease 500000
  nbatch 1000
  gridno 1
  statefile "vegas_last_iter101"

Restoring state from vegas_last_iter101.

Iteration 6:  13500000 integrand evaluations so far
[1] -0.00402555 +- 3.90845e-06  	chisq 6.61472 (5 df)

Saving state to vegas_last_iter101.
Vegas input parameters:
  ndim 11
  ncomp 1
  epsrel 0
  epsabs 0
  flags 291
  seed 818
  mineval 1
  maxeval 1
  nstart 1000000
  nincrease 500000
  nbatch 1000
  gridno 1
  statefile "vegas_last_iter101"

Restoring state from vegas_last_iter101.

Iteration 7:  17500000 integrand evaluations so far
[1] -0.0040271 +- 2.89929e-06  	chisq 6.96735 (6 df)

Saving state to vegas_last_iter101.
Vegas input parameters:
  ndim 11
  ncomp 1
  epsrel 0
  epsabs 0
  flags 291
  seed 919
  mineval 1
  maxeval 1
  nstart 1000000
  nincrease 500000
  nbatch 1000
  gridno 1
  statefile "vegas_last_iter101"

Restoring state from vegas_last_iter101.

Iteration 8:  22000000 integrand evaluations so far
[1] -0.00402801 +- 2.33859e-06  	chisq 7.24646 (7 df)

Saving state to vegas_last_iter101.
Vegas input parameters:
  ndim 11
  ncomp 1
  epsrel 0
  epsabs 0
  flags 291
  seed 1020
  mineval 1
  maxeval 1
  nstart 1000000
  nincrease 500000
  nbatch 1000
  gridno 1
  statefile "vegas_last_iter101"

Restoring state from vegas_last_iter101.

Iteration 9:  27000000 integrand evaluations so far
[1] -0.00402916 +- 1.98264e-06  	chisq 8.10568 (8 df)

Saving state to vegas_last_iter101.
Vegas input parameters:
  ndim 11
  ncomp 1
  epsrel 0
  epsabs 0
  flags 291
  seed 1121
  mineval 1
  maxeval 1
  nstart 1000000
  nincrease 500000
  nbatch 1000
  gridno 1
  statefile "vegas_last_iter101"

Restoring state from vegas_last_iter101.

Iteration 10:  32500000 integrand evaluations so far
[1] -0.00402875 +- 1.73009e-06  	chisq 8.27919 (9 df)

Saving state to vegas_last_iter101.
Vegas input parameters:
  ndim 11
  ncomp 1
  epsrel 0
  epsabs 0
  flags 291
  seed 1222
  mineval 1
  maxeval 1
  nstart 1000000
  nincrease 500000
  nbatch 1000
  gridno 1
  statefile "vegas_last_iter101"

Restoring state from vegas_last_iter101.

Iteration 11:  38500000 integrand evaluations so far
[1] -0.00402902 +- 1.54128e-06  	chisq 8.39392 (10 df)

Saving state to vegas_last_iter101.
Vegas input parameters:
  ndim 11
  ncomp 1
  epsrel 0
  epsabs 0
  flags 291
  seed 1323
  mineval 1
  maxeval 1
  nstart 1000000
  nincrease 500000
  nbatch 1000
  gridno 1
  statefile "vegas_last_iter101"

Restoring state from vegas_last_iter101.

Iteration 12:  45000000 integrand evaluations so far
[1] -0.0040271 +- 1.39319e-06  	chisq 16.8951 (11 df)

Saving state to vegas_last_iter101.
Vegas input parameters:
  ndim 11
  ncomp 1
  epsrel 0
  epsabs 0
  flags 291
  seed 1424
  mineval 1
  maxeval 1
  nstart 1000000
  nincrease 500000
  nbatch 1000
  gridno 1
  statefile "vegas_last_iter101"

Restoring state from vegas_last_iter101.

Iteration 13:  52000000 integrand evaluations so far
[1] -0.00402707 +- 1.27318e-06  	chisq 16.8977 (12 df)

Saving state to vegas_last_iter101.
Vegas input parameters:
  ndim 11
  ncomp 1
  epsrel 0
  epsabs 0
  flags 291
  seed 1525
  mineval 1
  maxeval 1
  nstart 1000000
  nincrease 500000
  nbatch 1000
  gridno 1
  statefile "vegas_last_iter101"

Restoring state from vegas_last_iter101.

Iteration 14:  59500000 integrand evaluations so far
[1] -0.0040272 +- 1.17348e-06  	chisq 16.9692 (13 df)

Saving state to vegas_last_iter101.
Vegas input parameters:
  ndim 11
  ncomp 1
  epsrel 0
  epsabs 0
  flags 291
  seed 1626
  mineval 1
  maxeval 1
  nstart 1000000
  nincrease 500000
  nbatch 1000
  gridno 1
  statefile "vegas_last_iter101"

Restoring state from vegas_last_iter101.

Iteration 15:  67500000 integrand evaluations so far
[1] -0.00402767 +- 1.08946e-06  	chisq 18.1317 (14 df)

Saving state to vegas_last_iter101.
Vegas input parameters:
  ndim 11
  ncomp 1
  epsrel 0
  epsabs 0
  flags 291
  seed 1727
  mineval 1
  maxeval 1
  nstart 1000000
  nincrease 500000
  nbatch 1000
  gridno 1
  statefile "vegas_last_iter101"

Restoring state from vegas_last_iter101.

Iteration 16:  76000000 integrand evaluations so far
[1] -0.00402714 +- 1.01715e-06  	chisq 19.9791 (15 df)

Saving state to vegas_last_iter101.
Vegas input parameters:
  ndim 11
  ncomp 1
  epsrel 0
  epsabs 0
  flags 291
  seed 1828
  mineval 1
  maxeval 1
  nstart 1000000
  nincrease 500000
  nbatch 1000
  gridno 1
  statefile "vegas_last_iter101"

Restoring state from vegas_last_iter101.

Iteration 17:  85000000 integrand evaluations so far
[1] -0.00402663 +- 9.5457e-07  	chisq 22.1349 (16 df)

Saving state to vegas_last_iter101.
Vegas input parameters:
  ndim 11
  ncomp 1
  epsrel 0
  epsabs 0
  flags 291
  seed 1929
  mineval 1
  maxeval 1
  nstart 1000000
  nincrease 500000
  nbatch 1000
  gridno 1
  statefile "vegas_last_iter101"

Restoring state from vegas_last_iter101.

Iteration 18:  94500000 integrand evaluations so far
[1] -0.00402675 +- 8.99477e-07  	chisq 22.2853 (17 df)

Saving state to vegas_last_iter101.
Vegas input parameters:
  ndim 11
  ncomp 1
  epsrel 0
  epsabs 0
  flags 291
  seed 2030
  mineval 1
  maxeval 1
  nstart 1000000
  nincrease 500000
  nbatch 1000
  gridno 1
  statefile "vegas_last_iter101"

Restoring state from vegas_last_iter101.

Iteration 19:  104500000 integrand evaluations so far
[1] -0.00402682 +- 8.50694e-07  	chisq 22.3441 (18 df)

Saving state to vegas_last_iter101.
Vegas input parameters:
  ndim 11
  ncomp 1
  epsrel 0
  epsabs 0
  flags 291
  seed 2131
  mineval 1
  maxeval 1
  nstart 1000000
  nincrease 500000
  nbatch 1000
  gridno 1
  statefile "vegas_last_iter101"

Restoring state from vegas_last_iter101.

Iteration 20:  115000000 integrand evaluations so far
[1] -0.00402651 +- 8.07108e-07  	chisq 23.6972 (19 df)

Saving state to vegas_last_iter101.
Vegas input parameters:
  ndim 11
  ncomp 1
  epsrel 0
  epsabs 0
  flags 291
  seed 2232
  mineval 1
  maxeval 1
  nstart 1000000
  nincrease 500000
  nbatch 1000
  gridno 1
  statefile "vegas_last_iter101"

Restoring state from vegas_last_iter101.

Iteration 21:  126000000 integrand evaluations so far
[1] -0.00402655 +- 7.67902e-07  	chisq 23.7335 (20 df)

Saving state to vegas_last_iter101.
Vegas input parameters:
  ndim 11
  ncomp 1
  epsrel 0
  epsabs 0
  flags 291
  seed 2333
  mineval 1
  maxeval 1
  nstart 1000000
  nincrease 500000
  nbatch 1000
  gridno 1
  statefile "vegas_last_iter101"

Restoring state from vegas_last_iter101.

Iteration 22:  137500000 integrand evaluations so far
[1] -0.00402635 +- 7.32498e-07  	chisq 24.4969 (21 df)

Saving state to vegas_last_iter101.
Vegas input parameters:
  ndim 11
  ncomp 1
  epsrel 0
  epsabs 0
  flags 291
  seed 2434
  mineval 1
  maxeval 1
  nstart 1000000
  nincrease 500000
  nbatch 1000
  gridno 1
  statefile "vegas_last_iter101"

Restoring state from vegas_last_iter101.

Iteration 23:  149500000 integrand evaluations so far
[1] -0.0040264 +- 7.00301e-07  	chisq 24.5442 (22 df)

Saving state to vegas_last_iter101.
Vegas input parameters:
  ndim 11
  ncomp 1
  epsrel 0
  epsabs 0
  flags 291
  seed 2535
  mineval 1
  maxeval 1
  nstart 1000000
  nincrease 500000
  nbatch 1000
  gridno 1
  statefile "vegas_last_iter101"

Restoring state from vegas_last_iter101.

Iteration 24:  162000000 integrand evaluations so far
[1] -0.00402635 +- 6.70891e-07  	chisq 24.6095 (23 df)

Saving state to vegas_last_iter101.
Vegas input parameters:
  ndim 11
  ncomp 1
  epsrel 0
  epsabs 0
  flags 291
  seed 2636
  mineval 1
  maxeval 1
  nstart 1000000
  nincrease 500000
  nbatch 1000
  gridno 1
  statefile "vegas_last_iter101"

Restoring state from vegas_last_iter101.

Iteration 25:  175000000 integrand evaluations so far
[1] -0.00402664 +- 6.43873e-07  	chisq 27.0266 (24 df)

Saving state to vegas_last_iter101.
Vegas input parameters:
  ndim 11
  ncomp 1
  epsrel 0
  epsabs 0
  flags 291
  seed 2737
  mineval 1
  maxeval 1
  nstart 1000000
  nincrease 500000
  nbatch 1000
  gridno 1
  statefile "vegas_last_iter101"

Restoring state from vegas_last_iter101.

Iteration 26:  188500000 integrand evaluations so far
[1] -0.00402661 +- 6.18995e-07  	chisq 27.0565 (25 df)

Saving state to vegas_last_iter101.
Vegas input parameters:
  ndim 11
  ncomp 1
  epsrel 0
  epsabs 0
  flags 291
  seed 2838
  mineval 1
  maxeval 1
  nstart 1000000
  nincrease 500000
  nbatch 1000
  gridno 1
  statefile "vegas_last_iter101"

Restoring state from vegas_last_iter101.

Iteration 27:  202500000 integrand evaluations so far
[1] -0.00402656 +- 5.96107e-07  	chisq 27.1527 (26 df)

Saving state to vegas_last_iter101.
Thanks for using LHAPDF 6.3.0. Please make sure to cite the paper:
  Eur.Phys.J. C75 (2015) 3, 132  (http://arxiv.org/abs/1412.7420)
 method   =Vegas  
 nregions =           1
 neval    =   202500000
 fail     =           1
 -0.402655947173E-02 +-   0.596106699890E-06   p =    0.544
